1	25.290164	1.302676	0.000000	51.451722	2.267133
2	31.923538	2.364798	0.000000	51.451722	2.302397
3	36.522555	3.047372	0.131234	51.451722	2.326452
4	39.087719	3.268368	0.000000	51.451722	2.311148
5	40.564945	3.343965	0.000000	51.451722	2.291009
6	41.533959	3.506074	0.000000	51.451722	2.324626
7	42.181361	3.575359	0.000000	51.451722	2.323313
8	42.682606	3.714303	0.000000	51.451722	2.319359
9	43.039691	3.870487	0.000000	51.451722	2.326734
10	43.304151	4.074279	0.000000	51.451722	2.320505
11	43.501663	4.060676	0.000000	51.451722	2.328526
12	43.642542	4.132206	0.000000	51.451722	2.301231
13	43.787724	4.161692	0.000000	51.451722	2.311991
14	43.907055	4.149742	0.000000	51.451722	2.318559
15	44.034863	4.147450	0.000000	51.451722	2.323665
16	44.119602	4.044500	0.131234	51.451722	2.339295
17	44.195938	4.048739	0.000000	51.451722	2.320083
18	44.267464	4.080261	0.000000	51.451722	2.327132
19	44.326252	4.115290	0.000000	51.451722	2.303898
20	44.373137	4.111633	0.000000	51.451722	2.337672
21	44.415796	4.151000	0.000000	51.451722	2.347828
22	44.464180	4.185547	0.000000	51.451722	2.322701
23	44.515604	4.270598	0.000000	51.451722	2.314507
24	44.554752	4.360491	0.000000	51.451722	2.326453
25	44.593555	4.352026	0.000000	51.451722	2.329773
26	44.621050	4.279820	0.000000	51.451722	2.322051
27	44.637701	4.279520	0.000000	51.451722	2.326298
28	44.663638	4.304292	0.000000	51.451722	2.322086
29	44.686759	4.381514	0.000000	51.451722	2.307956
30	44.705993	4.274890	0.000000	51.451722	2.341428
31	44.713390	4.290984	0.000000	51.451722	2.340865
32	44.732472	4.234411	0.000000	51.451722	2.333311
33	44.750339	4.309360	0.000000	51.451722	2.311766
34	44.773751	4.319151	0.000000	51.451722	2.346206
35	44.782096	4.311655	0.000000	51.451722	2.324441
36	44.785291	4.362619	0.000000	51.451722	2.325186
37	44.811356	4.268442	0.000000	51.451722	2.329841
38	44.830027	4.297692	0.000000	51.451722	2.337626
39	44.837713	4.273706	0.000000	51.451722	2.340447
40	44.856358	4.255455	0.000000	51.451722	2.342127
41	44.875625	4.253478	0.000000	51.451722	2.307351
42	44.882905	4.241567	0.000000	51.451722	2.338431
43	44.879436	4.225730	0.000000	51.451722	2.350587
44	44.900838	4.272690	0.000000	51.451722	2.323303
45	44.902450	4.276191	0.000000	51.451722	2.316286
46	44.923851	4.250115	0.000000	51.451722	2.338629
47	44.925046	4.234182	0.000000	51.451722	2.335951
48	44.931793	4.188431	0.000000	51.451722	2.335461
49	44.948748	4.177268	0.000000	51.451722	2.335676
50	44.976526	4.220853	0.000000	51.451722	2.356461
51	44.992411	4.125948	0.000000	51.451722	2.326832
52	45.004666	4.212485	0.000000	51.451722	2.345424
53	45.010275	4.193462	0.000000	51.451722	2.338803
54	45.002431	4.218169	0.000000	51.451722	2.330253
55	45.019600	4.176532	0.000000	51.451722	2.340379
56	45.021433	4.180152	0.000000	51.451722	2.353043
57	45.033216	4.153471	0.000000	51.451722	2.334652
58	45.034465	4.141217	0.000000	51.451722	2.339112
59	45.019746	4.076100	0.000000	51.451722	2.333517
60	45.014071	4.078343	0.000000	51.451722	2.335852
61	45.021728	4.147495	0.000000	51.451722	2.339242
62	45.021653	4.127253	0.000000	51.451722	2.343978
63	45.057184	4.182791	0.000000	51.451722	2.336878
64	45.054501	4.177256	0.000000	51.451722	2.315295
65	45.051807	4.127230	0.000000	51.451722	2.336601
66	45.058239	4.106037	0.000000	51.451722	2.357281
67	45.047510	4.038294	0.000000	51.451722	2.320106
68	45.068535	4.088047	0.000000	51.451722	2.335395
69	45.060068	4.113325	0.000000	51.451722	2.370625
70	45.072150	4.068249	0.000000	51.451722	2.326817
71	45.077217	4.110858	0.000000	51.451722	2.365804
72	45.086366	4.185086	0.000000	51.451722	2.330227
73	45.080942	4.188447	0.000000	51.451722	2.321349
74	45.096782	4.157277	0.000000	51.451722	2.365957
75	45.104146	4.150902	0.000000	51.451722	2.329253
76	45.106032	4.199560	0.000000	51.451722	2.325090
77	45.112598	4.080410	0.000000	51.451722	2.338119
78	45.116690	4.155072	0.000000	51.451722	2.333437
79	45.106089	4.114315	0.000000	51.451722	2.332979
80	45.112878	4.124162	0.000000	51.451722	2.343524
81	45.122167	4.122623	0.000000	51.451722	2.334522
82	45.123598	4.011373	0.000000	51.451722	2.334106
83	45.143777	4.094804	0.000000	51.451722	2.340595
84	45.143670	4.062329	0.000000	51.451722	2.340816
85	45.126760	4.030019	0.000000	51.451722	2.342214
86	45.132089	4.082449	0.000000	51.451722	2.326837
87	45.133111	4.120115	0.000000	51.451722	2.341005
88	45.136416	4.152762	0.000000	51.451722	2.352895
89	45.133793	4.122055	0.000000	51.451722	2.331963
90	45.132065	4.161297	0.000000	51.451722	2.341690
91	45.140254	4.176404	0.000000	51.451722	2.352492
92	45.149088	4.176206	0.000000	51.451722	2.320279
93	45.150745	4.182471	0.000000	51.451722	2.355849
94	45.162132	4.136956	0.000000	51.451722	2.348627
95	45.156160	4.097061	0.000000	51.451722	2.328463
96	45.150331	4.172281	0.000000	51.451722	2.349921
97	45.157719	4.087307	0.000000	51.451722	2.340133
98	45.148799	4.132544	0.000000	51.451722	2.331701
99	45.152241	4.222298	0.000000	51.451722	2.351458
100	45.153263	4.116858	0.000000	51.451722	2.318603
101	45.160145	4.037390	0.000000	51.451722	2.317715
102	45.145231	3.972148	0.000000	51.451722	2.340188
103	45.130929	4.016568	0.000000	51.451722	2.357845
104	45.152327	3.997483	0.000000	51.451722	2.318400
105	45.171690	4.015778	0.000000	51.451722	2.346620
106	45.141953	3.925435	0.000000	51.451722	2.349752
107	45.157883	4.035516	0.000000	51.451722	2.323940
108	45.167124	3.985270	0.000000	51.451722	2.343461
109	45.158958	4.095227	0.000000	51.451722	2.332897
110	45.174217	4.113835	0.000000	51.451722	2.340616
111	45.168102	4.153691	0.000000	51.451722	2.346803
112	45.158082	4.075664	0.000000	51.451722	2.348174
113	45.172232	4.107690	0.000000	51.451722	2.326879
114	45.187485	4.122635	0.000000	51.451722	2.330161
115	45.200646	4.129983	0.000000	51.451722	2.338688
116	45.199400	4.073569	0.000000	51.451722	2.350809
117	45.217633	4.143615	0.000000	51.451722	2.332398
118	45.212886	4.101541	0.000000	51.451722	2.343694
119	45.224929	4.100962	0.000000	51.451722	2.348104
120	45.230043	4.092482	0.000000	51.451722	2.353507
121	45.208716	4.147954	0.000000	51.451722	2.339702
122	45.219362	4.176704	0.000000	51.451722	2.338118
123	45.211047	4.136995	0.000000	51.451722	2.340079
124	45.221233	4.088022	0.000000	51.451722	2.334801
125	45.231587	3.974076	0.000000	51.451722	2.333605
126	45.209771	4.046688	0.000000	51.451722	2.340384
127	45.202422	4.044440	0.000000	51.451722	2.351820
128	45.221490	4.016687	0.000000	51.451722	2.307457
129	45.225340	4.031511	0.000000	51.451722	2.322145
130	45.219609	4.056459	0.000000	51.451722	2.339845
131	45.224392	4.036302	0.000000	51.451722	2.341653
132	45.231771	4.073475	0.000000	51.451722	2.317308
133	45.219702	4.044304	0.000000	51.451722	2.327247
134	45.223874	4.017713	0.000000	51.451722	2.369562
135	45.234752	4.049689	0.000000	51.451722	2.330083
136	45.243078	4.053437	0.000000	51.451722	2.340912
137	45.263994	4.042290	0.000000	51.451722	2.351625
138	45.261064	3.996487	0.000000	51.451722	2.331681
139	45.256448	4.059848	0.000000	51.451722	2.359705
140	45.265245	4.182979	0.000000	51.451722	2.334450
141	45.281169	4.133489	0.000000	51.451722	2.336580
142	45.276231	4.038845	0.000000	51.451722	2.361566
143	45.291173	3.955507	0.000000	51.451722	2.331223
144	45.281184	3.971719	0.000000	51.451722	2.331354
145	45.275456	3.922314	0.000000	51.451722	2.353345
146	45.287323	3.984732	0.000000	51.451722	2.336603
147	45.299613	3.991784	0.000000	51.451722	2.336942
148	45.288301	3.924690	0.000000	51.451722	2.361751
149	45.294777	3.925979	0.000000	51.451722	2.328411
150	45.306003	3.906959	0.000000	51.451722	2.377841
151	45.318478	3.892866	0.000000	51.451722	2.325558
152	45.322445	3.964515	0.000000	51.451722	2.329901
153	45.322779	4.018487	0.000000	51.451722	2.350907
154	45.331523	3.976066	0.000000	51.451722	2.326984
155	45.329645	4.065101	0.000000	51.451722	2.335542
156	45.311439	3.985969	0.000000	51.451722	2.344579
157	45.326322	4.009806	0.000000	51.451722	2.349746
158	45.319599	3.951184	0.000000	51.451722	2.325375
159	45.325485	3.900322	0.000000	51.451722	2.327693
160	45.326543	3.872310	0.000000	51.451722	2.356661
161	45.331284	3.938568	0.000000	51.451722	2.330131
162	45.351878	3.944217	0.000000	51.451722	2.323607
163	45.362890	3.871027	0.000000	51.451722	2.370718
164	45.369756	3.888784	0.000000	51.451722	2.334948
165	45.363745	3.809946	0.000000	51.451722	2.352873
166	45.358497	3.915559	0.000000	51.451722	2.342642
167	45.346040	3.863738	0.000000	51.451722	2.329915
168	45.351964	3.902823	0.000000	51.451722	2.344156
169	45.355427	3.864971	0.000000	51.451722	2.337186
170	45.356876	3.845682	0.000000	51.451722	2.313661
171	45.351243	3.789975	0.000000	51.451722	2.350077
172	45.352077	3.825146	0.000000	51.451722	2.344293
173	45.350581	3.751586	0.000000	51.451722	2.317660
174	45.353583	3.857247	0.000000	51.451722	2.325400
175	45.355412	3.828185	0.000000	51.451722	2.342544
176	45.360661	3.933457	0.000000	51.451722	2.336723
177	45.356691	3.851385	0.000000	51.451722	2.325581
178	45.379838	3.878972	0.000000	51.451722	2.349704
179	45.363897	3.894286	0.000000	51.451722	2.346299
180	45.378298	3.902549	0.000000	51.451722	2.328577
181	45.380613	3.893759	0.000000	51.451722	2.338850
182	45.372576	3.848006	0.000000	51.451722	2.344034
183	45.374364	3.894647	0.000000	51.451722	2.328033
184	45.391959	3.876689	0.000000	51.451722	2.338900
185	45.376652	3.896776	0.000000	51.451722	2.336937
186	45.375592	3.859326	0.000000	51.451722	2.347145
187	45.400372	3.853950	0.000000	51.451722	2.339281
188	45.379925	3.947250	0.000000	51.451722	2.356682
189	45.375183	3.884999	0.000000	51.451722	2.330137
190	45.370662	3.888215	0.000000	51.451722	2.322850
191	45.378524	3.871120	0.000000	51.451722	2.355851
192	45.371944	3.934294	0.000000	51.451722	2.339119
193	45.388880	3.898682	0.000000	51.451722	2.327381
194	45.373839	3.763226	0.000000	51.451722	2.365567
195	45.371616	3.822457	0.000000	51.451722	2.309438
196	45.364314	3.743058	0.000000	51.451722	2.316879
197	45.374066	3.672459	0.000000	51.451722	2.341574
198	45.377240	3.752426	0.000000	51.451722	2.342904
199	45.386705	3.769813	0.000000	51.451722	2.323937
200	45.371616	3.718993	0.000000	51.451722	2.336608
201	45.388156	3.745326	0.000000	51.451722	2.368657
202	45.381367	3.875223	0.000000	51.451722	2.327055
203	45.399112	3.817892	0.000000	51.451722	2.363935
204	45.397800	3.892383	0.000000	51.451722	2.327404
205	45.384628	3.836896	0.000000	51.451722	2.328182
206	45.374590	3.774969	0.000000	51.451722	2.374049
207	45.384961	3.786881	0.000000	51.451722	2.328741
208	45.363784	3.749022	0.000000	51.451722	2.357436
209	45.355797	3.775992	0.000000	51.451722	2.345759
210	45.386034	3.753113	0.000000	51.451722	2.324320
211	45.378387	3.719119	0.000000	51.451722	2.341598
212	45.382100	3.775908	0.000000	51.451722	2.344310
213	45.376861	3.715362	0.000000	51.451722	2.319000
214	45.372733	3.766775	0.000000	51.451722	2.343461
215	45.396706	3.788774	0.000000	51.451722	2.352170
216	45.392287	3.782719	0.000000	51.451722	2.331449
217	45.397812	3.785068	0.000000	51.451722	2.323936
218	45.387360	3.836514	0.000000	51.451722	2.332828
219	45.393175	3.747666	0.000000	51.451722	2.357423
220	45.391232	3.627590	0.000000	51.451722	2.322038
221	45.410138	3.708516	0.000000	51.451722	2.334558
222	45.406759	3.673171	0.000000	51.451722	2.353316
223	45.400739	3.715044	0.000000	51.451722	2.330148
224	45.403540	3.653724	0.000000	51.451722	2.335907
225	45.398873	3.685995	0.000000	51.451722	2.361235
226	45.397013	3.664006	0.000000	51.451722	2.309723
227	45.396703	3.658860	0.000000	51.451722	2.336290
228	45.403636	3.692085	0.000000	51.451722	2.364904
229	45.386645	3.682992	0.000000	51.451722	2.324466
230	45.391434	3.729839	0.000000	51.451722	2.368444
231	45.401675	3.777274	0.000000	51.451722	2.324832
232	45.386612	3.781227	0.000000	51.451722	2.320468
233	45.379150	3.755474	0.000000	51.451722	2.360556
234	45.373172	3.742045	0.000000	51.451722	2.330420
235	45.381790	3.821102	0.000000	51.451722	2.318776
236	45.373112	3.757970	0.000000	51.451722	2.321067
237	45.386055	3.671944	0.000000	51.451722	2.373587
238	45.361960	3.682491	0.000000	51.451722	2.328502
239	45.372656	3.670148	0.000000	51.451722	2.333506
240	45.373726	3.776973	0.000000	51.451722	2.347400
241	45.384967	3.773410	0.000000	51.451722	2.333313
242	45.389640	3.727320	0.000000	51.451722	2.341653
243	45.389587	3.699534	0.000000	51.451722	2.343582
244	45.380050	3.659140	0.000000	51.451722	2.328031
245	45.388266	3.669093	0.000000	51.451722	2.337023
246	45.392740	3.679022	0.000000	51.451722	2.342817
247	45.390648	3.677270	0.000000	51.451722	2.336452
248	45.383778	3.710908	0.000000	51.451722	2.327315
249	45.384905	3.639202	0.000000	51.451722	2.322956
250	45.383829	3.692181	0.000000	51.451722	2.369268
251	45.387933	3.756303	0.000000	51.451722	2.340176
252	45.390213	3.809642	0.000000	51.451722	2.354342
253	45.385492	3.763475	0.000000	51.451722	2.331805
254	45.390186	3.694690	0.000000	51.451722	2.320248
255	45.386094	3.761274	0.000000	51.451722	2.336237
256	45.389014	3.736786	0.000000	51.451722	2.336751
257	45.381439	3.770146	0.000000	51.451722	2.335582
258	45.389092	3.821144	0.000000	51.451722	2.343716
259	45.406598	3.784275	0.000000	51.451722	2.345120
260	45.407236	3.761487	0.000000	51.451722	2.338226
261	45.409524	3.782769	0.000000	51.451722	2.329665
262	45.407826	3.749569	0.000000	51.451722	2.331986
263	45.403686	3.820491	0.000000	51.451722	2.342510
264	45.407793	3.814040	0.000000	51.451722	2.333419
265	45.408744	3.828470	0.000000	51.451722	2.327774
266	45.398787	3.925769	0.000000	51.451722	2.372843
267	45.407212	3.833888	0.000000	51.451722	2.326994
268	45.402700	3.800238	0.000000	51.451722	2.355407
269	45.406222	3.772069	0.000000	51.451722	2.338733
270	45.399749	3.757219	0.000000	51.451722	2.318900
271	45.395446	3.721005	0.000000	51.451722	2.350503
272	45.408082	3.710264	0.000000	51.451722	2.352288
273	45.610875	3.710647	0.000000	51.451722	2.320104
274	45.663032	3.721975	0.000000	51.451722	2.365458
275	45.687476	3.712037	0.000000	51.451722	2.321474
276	45.701966	3.715342	0.000000	51.451722	2.316926
277	45.722580	3.779231	0.000000	51.451722	2.338103
278	45.721418	3.754398	0.000000	51.451722	2.351715
279	45.723709	3.819340	0.000000	51.451722	2.316732
280	45.719236	3.817773	0.000000	51.451722	2.333198
281	45.720613	3.810101	0.000000	51.451722	2.375004
282	45.737839	3.776225	0.000000	51.451722	2.320180
283	45.743665	3.803656	0.000000	51.451722	2.360220
284	45.735696	3.846082	0.000000	51.451722	2.343137
285	45.743790	3.820304	0.000000	51.451722	2.329083
286	45.745796	3.835094	0.000000	51.451722	2.345357
287	45.732749	3.856188	0.000000	51.451722	2.337562
288	45.759481	3.867411	0.000000	51.451722	2.336307
289	45.758373	3.887741	0.000000	51.451722	2.362068
290	45.748705	3.881267	0.000000	51.451722	2.329144
291	45.750654	3.893331	0.000000	51.451722	2.331729
292	45.761263	3.859703	0.000000	51.451722	2.334966
293	45.764628	3.836726	0.000000	51.451722	2.351405
294	45.751747	3.875007	0.000000	51.451722	2.341567
295	45.763212	3.822650	0.000000	51.451722	2.342843
296	45.758733	3.800774	0.000000	51.451722	2.344037
297	45.764419	3.847016	0.000000	51.451722	2.327955
298	45.772856	3.835921	0.000000	51.451722	2.332285
299	45.768207	3.912714	0.000000	51.451722	2.340206
300	45.774102	3.964153	0.000000	51.451722	2.330669
301	45.768386	3.961675	0.000000	51.451722	2.327115
302	45.781028	3.931344	0.000000	51.451722	2.369654
303	45.781296	3.993957	0.000000	51.451722	2.337683
304	45.778257	3.954994	0.000000	51.451722	2.352324
305	45.779094	4.000202	0.000000	51.451722	2.333750
306	45.776489	4.007446	0.000000	51.451722	2.304145
307	45.786160	4.005082	0.000000	51.451722	2.326836
308	45.799583	4.052454	0.000000	51.451722	2.357609
309	45.797968	4.103540	0.000000	51.451722	2.335124
310	45.799363	3.996902	0.000000	51.451722	2.326857
311	45.789206	4.072990	0.000000	51.451722	2.340835
312	45.801824	4.056322	0.000000	51.451722	2.343926
313	45.805949	4.025133	0.000000	51.451722	2.330414
314	45.797279	3.984289	0.000000	51.451722	2.360297
315	45.817405	4.066030	0.000000	51.451722	2.332250
316	45.792246	4.100323	0.000000	51.451722	2.326587
317	45.812416	4.079371	0.000000	51.451722	2.358995
318	45.809078	4.056720	0.000000	51.451722	2.335882
319	45.802945	3.995948	0.000000	51.451722	2.324658
320	45.801282	4.022270	0.000000	51.451722	2.334397
321	45.811051	4.094984	0.000000	51.451722	2.343102
322	45.806080	4.052638	0.000000	51.451722	2.336925
323	45.808795	4.050221	0.000000	51.451722	2.346259
324	45.798063	4.054962	0.000000	51.451722	2.351440
325	45.791572	4.100941	0.000000	51.451722	2.341189
326	45.788354	4.094380	0.000000	51.451722	2.333007
327	45.783794	4.131888	0.000000	51.451722	2.334650
328	45.792657	4.062726	0.000000	51.451722	2.329352
329	45.804429	3.985658	0.000000	51.451722	2.323647
330	45.802355	4.021375	0.000000	51.451722	2.360754
331	45.804608	4.047478	0.000000	51.451722	2.328637
332	45.796224	4.008816	0.000000	51.451722	2.321646
333	45.813385	4.111536	0.000000	51.451722	2.373180
334	45.810378	4.108167	0.000000	51.451722	2.317904
335	45.820564	4.070757	0.000000	51.451722	2.318820
336	45.804536	4.099857	0.000000	51.451722	2.363415
337	45.803979	4.163433	0.000000	51.451722	2.333128
338	45.807281	4.137001	0.000000	51.451722	2.322712
339	45.808163	4.112397	0.000000	51.451722	2.358924
340	45.807964	4.032848	0.000000	51.451722	2.340074
341	45.803440	4.138958	0.000000	51.451722	2.326374
342	45.798931	4.147824	0.000000	51.451722	2.359040
343	45.790085	4.180055	0.000000	51.451722	2.324611
344	45.792666	4.206430	0.000000	51.451722	2.333598
345	45.800513	4.178422	0.000000	51.451722	2.346955
346	45.804650	4.189144	0.000000	51.451722	2.342165
347	45.801425	4.171853	0.000000	51.451722	2.333280
348	45.804000	4.317281	0.000000	51.451722	2.357513
349	45.796219	4.335045	0.000000	51.451722	2.321882
350	45.797729	4.331453	0.000000	51.451722	2.331220
351	45.795783	4.261660	0.000000	51.451722	2.331789
352	45.799005	4.297971	0.000000	51.451722	2.347558
353	45.804256	4.281054	0.000000	51.451722	2.337783
354	45.791331	4.279002	0.000000	51.451722	2.353387
355	45.793921	4.226098	0.000000	51.451722	2.338886
356	45.810276	4.328780	0.000000	51.451722	2.334249
357	45.806932	4.365926	0.000000	51.451722	2.321181
358	45.813322	4.309646	0.000000	51.451722	2.365903
359	45.806283	4.212566	0.000000	51.451722	2.336437
360	45.804775	4.276819	0.000000	51.451722	2.339120
361	45.815229	4.284019	0.000000	51.451722	2.351656
362	45.803836	4.263917	0.000000	51.451722	2.334960
363	45.814687	4.227859	0.000000	51.451722	2.355121
364	45.818391	4.223274	0.000000	51.451722	2.338666
365	45.822406	4.233822	0.000000	51.451722	2.325683
366	45.820659	4.271695	0.000000	51.451722	2.368574
367	45.815116	4.292427	0.000000	51.451722	2.332663
368	45.827463	4.291371	0.000000	51.451722	2.337453
369	45.831740	4.299642	0.000000	51.451722	2.349270
370	45.821655	4.238523	0.000000	51.451722	2.317150
371	45.819774	4.302105	0.000000	51.451722	2.323836
372	45.839506	4.222587	0.000000	51.451722	2.355162
373	45.833308	4.226548	0.000000	51.451722	2.328973
374	45.832592	4.167658	0.000000	51.451722	2.321509
375	45.821604	4.227155	0.000000	51.451722	2.340394
376	45.820466	4.309850	0.000000	51.451722	2.353023
377	45.816165	4.290447	0.000000	51.451722	2.328256
378	45.820454	4.285940	0.000000	51.451722	2.347433
379	45.816630	4.290895	0.000000	51.451722	2.340570
380	45.824212	4.264257	0.000000	51.451722	2.324970
381	45.826930	4.267938	0.000000	51.451722	2.368391
382	45.828652	4.259803	0.000000	51.451722	2.323875
383	45.833397	4.228677	0.000000	51.451722	2.330211
384	45.825219	4.239268	0.000000	51.451722	2.355061
385	45.821178	4.231327	0.000000	51.451722	2.339591
386	45.821553	4.249765	0.000000	51.451722	2.330780
387	45.820361	4.167858	0.000000	51.451722	2.335624
388	45.821279	4.220408	0.000000	51.451722	2.348851
389	45.817542	4.217453	0.000000	51.451722	2.337642
390	45.831996	4.282557	0.000000	51.451722	2.355901
391	45.833433	4.218816	0.000000	51.451722	2.339053
392	45.835781	4.276125	0.000000	51.451722	2.332020
393	45.832276	4.273703	0.000000	51.451722	2.340531
394	45.826185	4.314409	0.000000	51.451722	2.343409
395	45.840245	4.323181	0.000000	51.451722	2.336899
396	45.843303	4.355661	0.000000	51.451722	2.350222
397	45.838487	4.324088	0.000000	51.451722	2.334093
398	45.828623	4.284184	0.000000	51.451722	2.341614
399	45.827070	4.235309	0.000000	51.451722	2.351913
400	45.839620	4.261534	0.000000	51.451722	2.334743
401	45.831233	4.258335	0.000000	51.451722	2.324905
402	45.832342	4.294779	0.000000	51.451722	2.344312
403	45.835024	4.325340	0.000000	51.451722	2.347220
404	45.841697	4.338731	0.000000	51.451722	2.324267
405	45.841587	4.349384	0.000000	51.451722	2.373400
406	45.857373	4.357510	0.000000	51.451722	2.339554
407	45.843622	4.326772	0.000000	51.451722	2.353885
408	45.834011	4.264449	0.000000	51.451722	2.332802
409	45.838255	4.249808	0.000000	51.451722	2.308694
410	45.821923	4.225044	0.000000	51.451722	2.323450
411	45.826384	4.205885	0.000000	51.451722	2.376350
412	45.834619	4.146967	0.000000	51.451722	2.312739
413	45.829961	4.226888	0.000000	51.451722	2.340169
414	45.829341	4.190546	0.000000	51.451722	2.347160
415	45.828691	4.257472	0.000000	51.451722	2.325244
416	45.841402	4.238441	0.000000	51.451722	2.327057
417	45.840383	4.139306	0.000000	51.451722	2.346651
418	45.835215	4.189069	0.000000	51.451722	2.345166
419	45.840693	4.200552	0.000000	51.451722	2.324767
420	45.853236	4.215943	0.000000	51.451722	2.380744
421	45.854795	4.231541	0.000000	51.451722	2.321715
422	45.850360	4.226337	0.000000	51.451722	2.339606
423	45.838809	4.186826	0.000000	51.451722	2.330829
424	45.845246	4.286430	0.000000	51.451722	2.342788
425	45.831117	4.222004	0.000000	51.451722	2.345747
426	45.839167	4.215298	0.000000	51.451722	2.337116
427	45.828515	4.192393	0.000000	51.451722	2.338207
428	45.839316	4.138562	0.000000	51.451722	2.366451
429	45.844215	4.167499	0.000000	51.451722	2.340185
430	45.843571	4.208759	0.000000	51.451722	2.336031
431	45.844555	4.223007	0.000000	51.451722	2.342320
432	45.835000	4.156431	0.000000	51.451722	2.342506
433	45.846969	4.185096	0.000000	51.451722	2.345889
434	45.853111	4.167268	0.000000	51.451722	2.338649
435	45.845699	4.132920	0.000000	51.451722	2.339029
436	45.833981	4.162561	0.000000	51.451722	2.331124
437	45.831102	4.184956	0.000000	51.451722	2.344413
438	45.831209	4.191087	0.000000	51.451722	2.341123
439	45.831323	4.282105	0.000000	51.451722	2.329792
440	45.850509	4.258874	0.000000	51.451722	2.337532
441	45.847768	4.255492	0.000000	51.451722	2.350918
442	45.838821	4.306089	0.000000	51.451722	2.337142
443	45.828283	4.327392	0.000000	51.451722	2.357809
444	45.833766	4.295617	0.000000	51.451722	2.337142
445	45.823282	4.292136	0.000000	51.451722	2.326404
446	45.822948	4.257864	0.000000	51.451722	2.355814
447	45.829037	4.221222	0.000000	51.451722	2.340226
448	45.844185	4.196966	0.000000	51.451722	2.339655
449	45.835394	4.251448	0.000000	51.451722	2.348293
450	45.836854	4.269539	0.000000	51.451722	2.312692
451	45.837736	4.279054	0.000000	51.451722	2.317737
452	45.835191	4.170036	0.000000	51.451722	2.364476
453	45.842105	4.158729	0.000000	51.451722	2.327232
454	45.839223	4.267465	0.000000	51.451722	2.321295
455	45.838225	4.236277	0.000000	51.451722	2.343160
456	45.840496	4.293051	0.000000	51.451722	2.349300
457	45.844448	4.240753	0.000000	51.451722	2.325143
458	46.009761	4.247610	0.000000	51.451722	2.342792
459	46.044701	4.234947	0.000000	51.451722	2.333163
460	46.064091	4.236613	0.000000	51.451722	2.341077
461	46.073669	4.261812	0.000000	51.451722	2.363541
462	46.076518	4.259167	0.000000	51.451722	2.340547
463	46.085817	4.246961	0.000000	51.451722	2.336656
464	46.090186	4.239584	0.000000	51.451722	2.372681
465	46.097350	4.310013	0.000000	51.451722	2.325577
466	46.095216	4.292328	0.000000	51.451722	2.350678
467	46.106547	4.313766	0.000000	51.451722	2.345330
468	46.113575	4.296281	0.000000	51.451722	2.329258
469	46.117321	4.252290	0.000000	51.451722	2.349228
470	46.107715	4.276359	0.000000	51.451722	2.334420
471	46.114749	4.316191	0.000000	51.451722	2.330906
472	46.109799	4.279978	0.000000	51.451722	2.376859
473	46.121866	4.240615	0.000000	51.451722	2.322987
474	46.111810	4.217283	0.000000	51.451722	2.356325
475	46.114266	4.188894	0.000000	51.451722	2.340740
476	46.121526	4.177736	0.000000	51.451722	2.330169
477	46.136469	4.216666	0.000000	51.451722	2.355110
478	46.134901	4.260627	0.000000	51.451722	2.339006
479	46.134761	4.266139	0.000000	51.451722	2.332839
480	46.132627	4.300800	0.000000	51.451722	2.333844
481	46.133333	4.254834	0.000000	51.451722	2.340953
482	46.136725	4.263624	0.000000	51.451722	2.340934
483	46.144933	4.201865	0.000000	51.451722	2.358585
484	46.142831	4.198037	0.000000	51.451722	2.338938
485	46.142736	4.204526	0.000000	51.451722	2.350735
486	46.135932	4.201871	0.000000	51.451722	2.345044
487	46.141815	4.247430	0.000000	51.451722	2.336971
488	46.158183	4.228420	0.000000	51.451722	2.355214
489	46.149102	4.254190	0.000000	51.451722	2.330233
490	46.154094	4.230782	0.000000	51.451722	2.336600
491	46.144742	4.266466	0.000000	51.451722	2.355302
492	46.148273	4.250915	0.000000	51.451722	2.334323
493	46.141568	4.316684	0.000000	51.451722	2.343946
494	46.139085	4.232581	0.000000	51.451722	2.341631
495	46.142358	4.209668	0.000000	51.451722	2.343632
496	46.142143	4.237517	0.000000	51.451722	2.341706
497	46.136379	4.237445	0.000000	51.451722	2.346654
498	46.144855	4.238231	0.000000	51.451722	2.331660
499	46.148163	4.152727	0.000000	51.451722	2.339870
500	46.160820	4.261718	0.000000	51.451722	2.348909
501	46.155655	4.167390	0.000000	51.451722	2.337496
502	46.157309	4.134744	0.000000	51.451722	2.326465
503	46.152636	4.209171	0.000000	51.451722	2.363773
504	46.147498	4.217032	0.000000	51.451722	2.329267
505	46.139967	4.275905	0.000000	51.451722	2.337447
506	46.141592	4.233562	0.000000	51.451722	2.344998
507	46.151233	4.255904	0.000000	51.451722	2.340009
508	46.152362	4.274125	0.000000	51.451722	2.353789
509	46.152824	4.279346	0.000000	51.451722	2.335902
510	46.150863	4.290912	0.000000	51.451722	2.310680
511	46.148646	4.260736	0.000000	51.451722	2.337712
512	46.154326	4.185148	0.000000	51.451722	2.368676
513	46.158931	4.237441	0.000000	51.451722	2.324930
514	46.162617	4.312630	0.000000	51.451722	2.372975
515	46.159667	4.242759	0.000000	51.451722	2.334955
516	46.160507	4.200250	0.000000	51.451722	2.329445
517	46.167988	4.231272	0.000000	51.451722	2.373518
518	46.149379	4.261717	0.000000	51.451722	2.317634
519	46.150494	4.288018	0.000000	51.451722	2.333594
520	46.151525	4.264171	0.000000	51.451722	2.363853
521	46.149504	4.257822	0.000000	51.451722	2.316641
522	46.140510	4.227946	0.000000	51.451722	2.344496
523	46.150595	4.263571	0.000000	51.451722	2.340644
524	46.149138	4.237869	0.000000	51.451722	2.328859
525	46.155697	4.195557	0.000000	51.451722	2.335028
526	46.162942	4.227168	0.000000	51.451722	2.366411
527	46.154106	4.194467	0.000000	51.451722	2.329533
528	46.158108	4.290737	0.000000	51.451722	2.373570
529	46.160278	4.187985	0.000000	51.451722	2.320458
530	46.153510	4.201980	0.000000	51.451722	2.323830
531	46.150789	4.251884	0.000000	51.451722	2.353305
532	46.153045	4.242256	0.000000	51.451722	2.341602
533	46.148872	4.237074	0.000000	51.451722	2.331989
534	46.154436	4.239610	0.000000	51.451722	2.368619
535	46.157870	4.229820	0.000000	51.451722	2.317811
536	46.153653	4.220000	0.000000	51.451722	2.325297
537	46.146083	4.243112	0.000000	51.451722	2.382995
538	46.148759	4.212409	0.000000	51.451722	2.322956
539	46.150339	4.176838	0.000000	51.451722	2.350898
540	46.152335	4.148199	0.000000	51.451722	2.345168
541	46.167481	4.156590	0.000000	51.451722	2.332834
542	46.165067	4.169498	0.000000	51.451722	2.367908
543	46.152478	4.223210	0.000000	51.451722	2.328785
544	46.165618	4.235706	0.000000	51.451722	2.345395
545	46.167612	4.259828	0.000000	51.451722	2.352199
546	46.169990	4.268252	0.000000	51.451722	2.327614
547	46.165302	4.268072	0.000000	51.451722	2.359388
548	46.173298	4.236131	0.000000	51.451722	2.342308
549	46.181375	4.233320	0.000000	51.451722	2.333962
550	46.174562	4.208153	0.000000	51.451722	2.348936
551	46.164608	4.236316	0.000000	51.451722	2.337563
552	46.170104	4.203458	0.000000	51.451722	2.336075
553	46.168569	4.249459	0.000000	51.451722	2.353105
554	46.157813	4.230150	0.000000	51.451722	2.328425
555	46.164697	4.230688	0.000000	51.451722	2.340994
556	46.165088	4.291113	0.000000	51.451722	2.332238
557	46.169034	4.252647	0.000000	51.451722	2.337808
558	46.170554	4.190231	0.000000	51.451722	2.339610
559	46.174407	4.239643	0.000000	51.451722	2.361628
560	46.172839	4.234752	0.000000	51.451722	2.333331
561	46.173447	4.207567	0.000000	51.451722	2.337471
562	46.168709	4.230242	0.000000	51.451722	2.350217
563	46.169290	4.210487	0.000000	51.451722	2.340136
564	46.170396	4.201132	0.000000	51.451722	2.357694
565	46.164083	4.253238	0.000000	51.451722	2.336344
566	46.165693	4.249317	0.000000	51.451722	2.339837
567	46.158689	4.185710	0.000000	51.451722	2.343518
568	46.155477	4.191788	0.000000	51.451722	2.343519
569	46.163785	4.150664	0.000000	51.451722	2.338577
570	46.165884	4.194021	0.000000	51.451722	2.360188
571	46.156967	4.199492	0.000000	51.451722	2.334919
572	46.161991	4.205580	0.000000	51.451722	2.359944
573	46.170011	4.209200	0.000000	51.451722	2.329526
574	46.178257	4.179820	0.000000	51.451722	2.348522
575	46.173900	4.242244	0.000000	51.451722	2.347207
576	46.173626	4.259076	0.000000	51.451722	2.330568
577	46.169704	4.245110	0.000000	51.451722	2.341537
578	46.174127	4.214674	0.000000	51.451722	2.339152
579	46.175766	4.230873	0.000000	51.451722	2.343237
580	46.167409	4.246762	0.000000	51.451722	2.352678
581	46.172994	4.244517	0.000000	51.451722	2.351103
582	46.167594	4.237861	0.000000	51.451722	2.353672
583	46.163863	4.219652	0.000000	51.451722	2.340815
584	46.179333	4.180399	0.000000	51.451722	2.339705
585	46.184966	4.164062	0.000000	51.451722	2.362356
586	46.177819	4.202884	0.000000	51.451722	2.340716
587	46.184906	4.214751	0.000000	51.451722	2.364659
588	46.176130	4.242186	0.000000	51.451722	2.343195
589	46.170995	4.271508	0.000000	51.451722	2.339700
590	46.171981	4.281228	0.000000	51.451722	2.335936
591	46.166700	4.253309	0.000000	51.451722	2.333628
592	46.164820	4.327026	0.000000	51.451722	2.335717
593	46.164137	4.207984	0.000000	51.451722	2.343158
594	46.158749	4.255882	0.000000	51.451722	2.349912
595	46.152100	4.256294	0.000000	51.451722	2.354831
596	46.164447	4.257808	0.000000	51.451722	2.336188
597	46.155155	4.207291	0.000000	51.451722	2.335162
598	46.173424	4.297327	0.000000	51.451722	2.334361
599	46.151650	4.304748	0.000000	51.451722	2.338229
600	46.163389	4.369454	0.000000	51.451722	2.335211
601	46.163023	4.402515	0.000000	51.451722	2.340609
602	46.160483	4.357827	0.000000	51.451722	2.354843
603	46.164280	4.346736	0.000000	51.451722	2.333989
604	46.178192	4.328635	0.000000	51.451722	2.321540
605	46.160382	4.331702	0.000000	51.451722	2.355721
606	46.168327	4.307745	0.000000	51.451722	2.346953
607	46.169418	4.335636	0.000000	51.451722	2.346331
608	46.175331	4.291664	0.000000	51.451722	2.355859
609	46.182492	4.254260	0.000000	51.451722	2.328214
610	46.176052	4.312509	0.000000	51.451722	2.357370
611	46.156842	4.288053	0.000000	51.451722	2.342168
612	46.162495	4.328236	0.000000	51.451722	2.321177
613	46.159351	4.332214	0.000000	51.451722	2.361554
614	46.159825	4.348159	0.000000	51.451722	2.343725
615	46.164736	4.325460	0.000000	51.451722	2.346226
616	46.165249	4.311079	0.000000	51.451722	2.341757
617	46.169597	4.361390	0.000000	51.451722	2.337444
618	46.172076	4.316794	0.000000	51.451722	2.354023
619	46.173060	4.264836	0.000000	51.451722	2.344861
620	46.157029	4.326301	0.000000	51.451722	2.329810
621	46.175307	4.291164	0.000000	51.451722	2.369714
622	46.173543	4.227525	0.000000	51.451722	2.339006
623	46.160978	4.227748	0.000000	51.451722	2.352355
624	46.170050	4.242018	0.000000	51.451722	2.342752
625	46.163896	4.235367	0.000000	51.451722	2.352266
626	46.166870	4.267092	0.000000	51.451722	2.351474
627	46.167743	4.324061	0.000000	51.451722	2.327587
628	46.161288	4.316976	0.000000	51.451722	2.342647
629	46.165115	4.370518	0.000000	51.451722	2.339501
630	46.165663	4.394381	0.000000	51.451722	2.343228
631	46.164933	4.429682	0.000000	51.451722	2.355444
632	46.171257	4.343526	0.000000	51.451722	2.337740
633	46.159986	4.340326	0.000000	51.451722	2.340769
634	46.166474	4.337735	0.000000	51.451722	2.347358
635	46.158144	4.291243	0.000000	51.451722	2.332035
636	46.167219	4.240186	0.000000	51.451722	2.346721
637	46.313697	4.307885	0.000000	51.451722	2.348289
638	46.336144	4.317634	0.000000	51.451722	2.342391
639	46.345940	4.320584	0.000000	51.451722	2.360186
640	46.349812	4.329691	0.000000	51.451722	2.338303
641	46.361959	4.304307	0.000000	51.451722	2.339267
642	46.370316	4.293389	0.000000	51.451722	2.345136
643	46.376321	4.300256	0.000000	51.451722	2.338961
644	46.373826	4.254112	0.000000	51.451722	2.340124
645	46.375826	4.239409	0.000000	51.451722	2.355219
646	46.374646	4.262462	0.000000	51.451722	2.334500
647	46.372321	4.282063	0.000000	51.451722	2.353071
648	46.384931	4.276658	0.000000	51.451722	2.339895
649	46.378237	4.281246	0.000000	51.451722	2.338187
650	46.383050	4.305270	0.000000	51.451722	2.360219
651	46.381497	4.299336	0.000000	51.451722	2.330840
652	46.378124	4.253469	0.000000	51.451722	2.347137
653	46.382457	4.290312	0.000000	51.451722	2.351083
654	46.386439	4.305000	0.000000	51.451722	2.366044
655	46.386990	4.303550	0.000000	51.451722	2.348713
656	46.382219	4.290817	0.000000	51.451722	2.358099
657	46.385914	4.268084	0.000000	51.451722	2.344857
658	46.379876	4.304416	0.000000	51.451722	2.348700
659	46.379074	4.318583	0.000000	51.451722	2.347185
660	46.386600	4.346109	0.000000	51.451722	2.337588
661	46.386588	4.271788	0.000000	51.451722	2.382364
662	46.390384	4.288996	0.000000	51.451722	2.335771
663	46.390748	4.300627	0.000000	51.451722	2.342583
664	46.391302	4.277633	0.000000	51.451722	2.339601
665	46.398270	4.291538	0.000000	51.451722	2.330862
666	46.395871	4.320532	0.000000	51.451722	2.370986
667	46.400660	4.295686	0.000000	51.451722	2.321991
668	46.399528	4.280803	0.000000	51.451722	2.336643
669	46.399480	4.313562	0.000000	51.451722	2.367448
670	46.391961	4.274795	0.000000	51.451722	2.324558
671	46.396554	4.306851	0.000000	51.451722	2.348617
672	46.399030	4.292934	0.000000	51.451722	2.344050
673	46.401775	4.287334	0.000000	51.451722	2.324404
674	46.400264	4.276038	0.000000	51.451722	2.355374
675	46.400881	4.299278	0.000000	51.451722	2.342375
676	46.403679	4.309509	0.000000	51.451722	2.332852
677	46.406502	4.277580	0.000000	51.451722	2.381542
678	46.406317	4.301026	0.000000	51.451722	2.332748
679	46.405247	4.274388	0.000000	51.451722	2.348016
680	46.408749	4.284228	0.000000	51.451722	2.340693
681	46.407205	4.286662	0.000000	51.451722	2.332974
682	46.401852	4.311968	0.000000	51.451722	2.366804
683	46.402299	4.298319	0.000000	51.451722	2.330683
684	46.397352	4.279710	0.000000	51.451722	2.341666
685	46.402162	4.253272	0.000000	51.451722	2.348187
686	46.404159	4.244870	0.000000	51.451722	2.320631
687	46.402460	4.290518	0.000000	51.451722	2.352019
688	46.405315	4.289807	0.000000	51.451722	2.352288
689	46.404523	4.305083	0.000000	51.451722	2.332903
690	46.403265	4.265385	0.000000	51.451722	2.381123
691	46.400645	4.319024	0.000000	51.451722	2.326834
692	46.400434	4.324142	0.000000	51.451722	2.368415
693	46.403456	4.278107	0.000000	51.451722	2.325249
694	46.399564	4.322148	0.000000	51.451722	2.332908
695	46.404928	4.327966	0.000000	51.451722	2.344260
696	46.406704	4.324370	0.000000	51.451722	2.343300
697	46.408981	4.319337	0.000000	51.451722	2.330720
698	46.402907	4.314899	0.000000	51.451722	2.368505
699	46.408024	4.320996	0.000000	51.451722	2.321777
700	46.409643	4.304046	0.000000	51.451722	2.332907
701	46.402073	4.303841	0.000000	51.451722	2.352666
702	46.402061	4.271751	0.000000	51.451722	2.326131
703	46.404719	4.275911	0.000000	51.451722	2.346449
704	46.408567	4.264104	0.000000	51.451722	2.358572
705	46.403575	4.316882	0.000000	51.451722	2.339079
706	46.404043	4.330156	0.000000	51.451722	2.383916
707	46.402180	4.289225	0.000000	51.451722	2.329473
708	46.401352	4.271025	0.000000	51.451722	2.364557
709	46.406013	4.282565	0.000000	51.451722	2.322695
710	46.406484	4.293953	0.000000	51.451722	2.330540
711	46.403113	4.298951	0.000000	51.451722	2.348048
712	46.406186	4.306955	0.000000	51.451722	2.340743
713	46.399724	4.320939	0.000000	51.451722	2.332706
714	46.399683	4.288775	0.000000	51.451722	2.351343
715	46.400356	4.305776	0.000000	51.451722	2.330425
716	46.394366	4.336828	0.000000	51.451722	2.338393
717	46.396422	4.325207	0.000000	51.451722	2.343832
718	46.399963	4.288655	0.000000	51.451722	2.337471
719	46.407053	4.296114	0.000000	51.451722	2.348803
720	46.397871	4.289171	0.000000	51.451722	2.356928
721	46.394962	4.291142	0.000000	51.451722	2.327391
722	46.398252	4.315095	0.000000	51.451722	2.342548
723	46.398541	4.313747	0.000000	51.451722	2.344174
724	46.397766	4.330716	0.000000	51.451722	2.341873
725	46.391603	4.324073	0.000000	51.451722	2.347142
726	46.400151	4.331895	0.000000	51.451722	2.337760
727	46.397918	4.321197	0.000000	51.451722	2.342346
728	46.391922	4.304542	0.000000	51.451722	2.355470
729	46.394521	4.311426	0.000000	51.451722	2.330856
730	46.393770	4.294940	0.000000	51.451722	2.332889
731	46.391129	4.307886	0.000000	51.451722	2.355955
732	46.392804	4.296957	0.000000	51.451722	2.341853
733	46.400476	4.291352	0.000000	51.451722	2.360585
734	46.395558	4.302302	0.000000	51.451722	2.346961
735	46.402293	4.308186	0.000000	51.451722	2.363012
736	46.398574	4.331717	0.000000	51.451722	2.342144
737	46.401274	4.329644	0.000000	51.451722	2.339865
738	46.399727	4.331866	0.000000	51.451722	2.362193
739	46.401143	4.361808	0.000000	51.451722	2.334666
740	46.396470	4.378908	0.000000	51.451722	2.375961
741	46.400386	4.341310	0.000000	51.451722	2.328963
742	46.400180	4.315596	0.000000	51.451722	2.372422
743	46.399045	4.311646	0.000000	51.451722	2.327683
744	46.401608	4.312786	0.000000	51.451722	2.327248
745	46.397665	4.318354	0.000000	51.451722	2.373595
746	46.397895	4.340474	0.000000	51.451722	2.326209
747	46.396106	4.319001	0.000000	51.451722	2.367559
748	46.397805	4.325450	0.000000	51.451722	2.335770
749	46.398300	4.334643	0.000000	51.451722	2.326856
750	46.400487	4.362195	0.000000	51.451722	2.341032
751	46.397018	4.365344	0.000000	51.451722	2.134289
752	46.432158	4.352555	0.000000	51.451722	2.131386
753	46.432403	4.351976	0.000000	51.451722	2.154754
754	46.431878	4.349466	0.000000	51.451722	2.132406
755	46.432132	4.352159	0.000000	51.451722	2.141520
756	46.432176	4.352178	0.000000	51.451722	2.182100
757	46.432567	4.350369	0.000000	51.451722	2.122667
758	46.432638	4.351056	0.000000	51.451722	2.147782
759	46.432814	4.350911	0.000000	51.451722	2.122521
760	46.432927	4.350953	0.000000	51.451722	2.159807
761	46.432966	4.351127	0.000000	51.451722	2.192272
762	46.432966	4.351127	0.000000	51.451722	2.161794
763	46.432966	4.351127	0.000000	51.451722	2.156819
764	46.432966	4.351127	0.000000	51.451722	2.182789
765	46.432966	4.351127	0.000000	51.451722	2.134996
766	46.432966	4.351127	0.000000	51.451722	2.129116
767	46.432966	4.351127	0.000000	51.451722	2.149973
768	46.432966	4.351127	0.000000	51.451722	2.121670
769	46.432966	4.351127	0.000000	51.451722	2.201158
770	46.432966	4.351127	0.000000	51.451722	2.161316
771	46.432966	4.351127	0.000000	51.451722	2.151204
772	46.432966	4.351127	0.000000	51.451722	2.169452
773	46.432966	4.351127	0.000000	51.451722	2.137786
774	46.432966	4.351127	0.000000	51.451722	2.114979
775	46.432966	4.351127	0.000000	51.451722	2.177704
776	46.432966	4.351127	0.000000	51.451722	2.139837
777	46.432966	4.351127	0.000000	51.451722	2.190894
778	46.432966	4.351127	0.000000	51.451722	2.134642
779	46.432966	4.351127	0.000000	51.451722	2.154933
780	46.432966	4.351127	0.000000	51.451722	2.131020
781	46.432966	4.351127	0.000000	51.451722	2.137612
782	46.432966	4.351127	0.000000	51.451722	2.131364
783	46.432966	4.351127	0.000000	51.451722	2.136606
784	46.432966	4.351127	0.000000	51.451722	2.118258
785	46.432966	4.351127	0.000000	51.451722	2.168580
786	46.432966	4.351127	0.000000	51.451722	2.150604
787	46.432966	4.351127	0.000000	51.451722	2.165425
788	46.432966	4.351127	0.000000	51.451722	2.149237
789	46.432966	4.351127	0.000000	51.451722	2.201146
790	46.432966	4.351127	0.000000	51.451722	2.154366
791	46.432966	4.351127	0.000000	51.451722	2.137280
792	46.432966	4.351127	0.000000	51.451722	2.116366
793	46.432966	4.351127	0.000000	51.451722	2.178584
794	46.432966	4.351127	0.000000	51.451722	2.134084
795	46.432966	4.351127	0.000000	51.451722	2.192394
796	46.432966	4.351127	0.000000	51.451722	2.126253
797	46.432966	4.351127	0.000000	51.451722	2.195673
798	46.432966	4.351127	0.000000	51.451722	2.150054
799	46.432966	4.351127	0.000000	51.451722	2.137881
800	46.432966	4.351127	0.000000	51.451722	2.131550
801	46.432966	4.351127	0.000000	51.451722	2.168665
802	46.432966	4.351127	0.000000	51.451722	2.146478
803	46.432966	4.351127	0.000000	51.451722	2.167236
804	46.432966	4.351127	0.000000	51.451722	2.147308
805	46.432966	4.351127	0.000000	51.451722	2.197073
806	46.432966	4.351127	0.000000	51.451722	2.149448
807	46.432966	4.351127	0.000000	51.451722	2.143307
808	46.432966	4.351127	0.000000	51.451722	2.123701
809	46.432966	4.351127	0.000000	51.451722	2.162875
810	46.432966	4.351127	0.000000	51.451722	2.159287
