1	27.957183	2.062926	0.000000	51.451722	2.285840
2	34.637427	2.448471	0.000000	51.451722	2.313272
3	38.208464	2.740127	0.000000	51.451722	2.317982
4	40.127558	3.034321	0.000000	51.451722	2.317989
5	41.291952	3.224642	0.000000	51.451722	2.303829
6	42.056641	3.379117	0.000000	51.451722	2.319911
7	42.606133	3.562054	0.000000	51.451722	2.330165
8	42.992306	3.686242	0.000000	51.451722	2.340291
9	43.297699	3.755741	0.000000	51.451722	2.322634
10	43.541849	3.891913	0.000000	51.451722	2.321372
11	43.754518	3.961824	0.000000	51.451722	2.330860
12	43.885732	3.991817	0.000000	51.451722	2.317525
13	44.016427	3.877891	0.000000	51.451722	2.347707
14	44.151643	3.965362	0.000000	51.451722	2.324827
15	44.224083	3.994836	0.000000	51.451722	2.313634
16	44.305617	4.064143	0.000000	51.451722	2.347600
17	44.379160	4.014544	0.000000	51.451722	2.330483
18	44.445816	4.028999	0.000000	51.451722	2.320519
19	44.491798	4.033436	0.000000	51.451722	2.323069
20	44.532424	4.112074	0.000000	51.451722	2.360243
21	44.579911	4.089033	0.000000	51.451722	2.324224
22	44.618374	4.147757	0.000000	51.451722	2.329928
23	44.651362	4.091580	0.000000	51.451722	2.356748
24	44.682562	4.058308	0.000000	51.451722	2.339347
25	44.708917	4.138937	0.000000	51.451722	2.342108
26	44.719592	4.125913	0.000000	51.451722	2.335338
27	44.743633	4.099815	0.000000	51.451722	2.347776
28	44.772804	4.151686	0.000000	51.451722	2.347619
29	44.790685	4.113458	0.000000	51.451722	2.355969
30	44.799563	4.106733	0.000000	51.451722	2.325682
31	44.812655	4.204358	0.000000	51.451722	2.356631
32	44.816947	4.135252	0.000000	51.451722	2.339931
33	44.838572	4.169867	0.000000	51.451722	2.339499
34	44.846398	4.293833	0.000000	51.451722	2.350233
35	44.842255	4.225376	0.000000	51.451722	2.331000
36	44.842303	4.175884	0.000000	51.451722	2.359328
37	44.863617	4.220615	0.000000	51.451722	2.337726
38	44.868943	4.267486	0.000000	51.451722	2.337526
39	44.864601	4.236655	0.000000	51.451722	2.337572
40	44.884464	4.305994	0.000000	51.451722	2.349246
41	44.897878	4.335445	0.000000	51.451722	2.336377
42	44.908872	4.303557	0.000000	51.451722	2.350752
43	44.923553	4.304014	0.000000	51.451722	2.341268
44	44.929433	4.253215	0.000000	51.451722	2.356305
45	44.946226	4.272063	0.000000	51.451722	2.351858
46	44.944605	4.251438	0.000000	51.451722	2.357315
47	44.970530	4.342701	0.000000	51.451722	2.347599
48	44.977230	4.344239	0.000000	51.451722	2.349452
49	44.975424	4.318989	0.000000	51.451722	2.357093
50	44.978410	4.238725	0.000000	51.451722	2.331214
51	44.976696	4.206097	0.000000	51.451722	2.373936
52	44.975156	4.160116	0.000000	51.451722	2.325298
53	44.971317	4.302008	0.000000	51.451722	2.333688
54	44.997084	4.248043	0.000000	51.451722	2.355437
55	45.002508	4.238101	0.000000	51.451722	2.329499
56	45.019400	4.216138	0.000000	51.451722	2.352456
57	45.017320	4.278920	0.000000	51.451722	2.359236
58	45.020628	4.258420	0.000000	51.451722	2.372892
59	45.029330	4.332412	0.000000	51.451722	2.341612
60	45.040512	4.299262	0.000000	51.451722	2.358366
61	45.067376	4.309103	0.000000	51.451722	2.360736
62	45.073020	4.313172	0.000000	51.451722	2.333706
63	45.058617	4.341753	0.000000	51.451722	2.374408
64	45.084602	4.453368	0.000000	51.451722	2.363784
65	45.100921	4.472318	0.000000	51.451722	2.346796
66	45.089394	4.429073	0.000000	51.451722	2.386330
67	45.114031	4.431963	0.000000	51.451722	2.339656
68	45.108682	4.479354	0.000000	51.451722	2.364145
69	45.118523	4.451123	0.000000	51.451722	2.334553
70	45.107096	4.462707	0.000000	51.451722	2.375739
71	45.125067	4.485056	0.000000	51.451722	2.339835
72	45.138696	4.602083	0.000000	51.451722	2.383174
73	45.140660	4.538606	0.000000	51.451722	2.352877
74	45.139831	4.570317	0.000000	51.451722	2.369220
75	45.156658	4.560318	0.000000	51.451722	2.342145
76	45.161688	4.524463	0.000000	51.451722	2.357491
77	45.172292	4.383893	0.000000	51.451722	2.353704
78	45.190001	4.450339	0.000000	51.451722	2.357890
79	45.190728	4.521753	0.000000	51.451722	2.348923
80	45.195037	4.521401	0.000000	51.451722	2.375418
81	45.205903	4.536889	0.000000	51.451722	2.342703
82	45.206308	4.492661	0.000000	51.451722	2.363987
83	45.202088	4.506273	0.000000	51.451722	2.336777
84	45.209235	4.532477	0.000000	51.451722	2.396135
85	45.200205	4.507140	0.000000	51.451722	2.359581
86	45.212576	4.455735	0.000000	51.451722	2.369683
87	45.219779	4.413729	0.000000	51.451722	2.357646
88	45.221883	4.468512	0.000000	51.451722	2.334669
89	45.226952	4.585784	0.000000	51.451722	2.360295
90	45.222393	4.555824	0.000000	51.451722	2.355905
91	45.247835	4.430040	0.000000	51.451722	2.376446
92	45.239699	4.476269	0.000000	51.451722	2.328184
93	45.254105	4.490908	0.000000	51.451722	2.364498
94	45.257092	4.530967	0.000000	51.451722	2.344825
95	45.252183	4.427858	0.000000	51.451722	2.379959
96	45.262265	4.422882	0.000000	51.451722	2.336294
97	45.271081	4.398724	0.000000	51.451722	2.337377
98	45.268300	4.443433	0.000000	51.451722	2.374366
99	45.266080	4.474364	0.000000	51.451722	2.351714
100	45.268619	4.512071	0.000000	51.451722	2.361029
101	45.273015	4.595329	0.000000	51.451722	2.353242
102	45.273957	4.588146	0.000000	51.451722	2.352431
103	45.296466	4.590876	0.000000	51.451722	2.338842
104	45.301116	4.586640	0.000000	51.451722	2.359185
105	45.285684	4.550766	0.000000	51.451722	2.353614
106	45.296371	4.536785	0.000000	51.451722	2.362498
107	45.288110	4.415035	0.000000	51.451722	2.338369
108	45.296490	4.428298	0.000000	51.451722	2.380686
109	45.295069	4.409288	0.000000	51.451722	2.348255
110	45.312476	4.445122	0.000000	51.451722	2.358039
111	45.304567	4.467380	0.000000	51.451722	2.331398
112	45.317563	4.454811	0.000000	51.451722	2.393527
113	45.340514	4.385926	0.000000	51.451722	2.323311
114	45.332387	4.386719	0.000000	51.451722	2.367895
115	45.330399	4.378257	0.000000	51.451722	2.346856
116	45.339477	4.387704	0.000000	51.451722	2.351155
117	45.349348	4.421564	0.000000	51.451722	2.361305
118	45.346731	4.455099	0.000000	51.451722	2.351983
119	45.344841	4.467046	0.000000	51.451722	2.350804
120	45.379719	4.441994	0.000000	51.451722	2.350292
121	45.387685	4.561676	0.000000	51.451722	2.354136
122	45.397976	4.448909	0.000000	51.451722	2.377669
123	45.413119	4.471214	0.000000	51.451722	2.336030
124	45.402530	4.454850	0.000000	51.451722	2.374229
125	45.413685	4.434298	0.000000	51.451722	2.340212
126	45.417553	4.490708	0.000000	51.451722	2.333380
127	45.411175	4.406599	0.000000	51.451722	2.352247
128	45.421627	4.463158	0.000000	51.451722	2.329851
129	45.440081	4.464133	0.000000	51.451722	2.338008
130	45.450199	4.441571	0.000000	51.451722	2.356823
131	45.449185	4.476887	0.000000	51.451722	2.332222
132	45.454204	4.491922	0.000000	51.451722	2.371724
133	45.464709	4.494537	0.131234	51.451722	2.332322
134	45.467520	4.361537	0.000000	51.451722	2.333672
135	45.454144	4.351402	0.000000	51.451722	2.371155
136	45.457393	4.458929	0.000000	51.451722	2.344912
137	45.466495	4.514736	0.000000	51.451722	2.383193
138	45.478347	4.469811	0.000000	51.451722	2.336523
139	45.471072	4.473706	0.000000	51.451722	2.370660
140	45.473248	4.378503	0.000000	51.451722	2.321463
141	45.475289	4.456668	0.000000	51.451722	2.352786
142	45.476148	4.467019	0.131234	51.451722	2.354877
143	45.474997	4.476505	0.000000	51.451722	2.327928
144	45.482659	4.493053	0.000000	51.451722	2.365370
145	45.488781	4.496054	0.000000	51.451722	2.332516
146	45.484328	4.621957	0.000000	51.451722	2.347545
147	45.493877	4.598374	0.000000	51.451722	2.349506
148	45.492464	4.540922	0.000000	51.451722	2.324906
149	45.493120	4.635640	0.000000	51.451722	2.375035
150	45.491761	4.690345	0.000000	51.451722	2.330904
151	45.485902	4.700366	0.000000	51.451722	2.336791
152	45.493367	4.690014	0.000000	51.451722	2.364521
153	45.510158	4.677334	0.000000	51.451722	2.374320
154	45.494556	4.643451	0.131234	51.451722	2.331248
155	45.491096	4.681515	0.131234	51.451722	2.334970
156	45.510674	4.609024	0.000000	51.451722	2.363655
157	45.506668	4.610250	0.000000	51.451722	2.335388
158	45.522112	4.667047	0.000000	51.451722	2.369697
159	45.505440	4.653360	0.000000	51.451722	2.339654
160	45.511040	4.651464	0.000000	51.451722	2.384816
161	45.519948	4.642192	0.000000	51.451722	2.328435
162	45.514500	4.745977	0.000000	51.451722	2.349377
163	45.506793	4.687719	0.000000	51.451722	2.338698
164	45.515984	4.695747	0.000000	51.451722	2.334076
165	45.529014	4.678348	0.000000	51.451722	2.346770
166	45.530832	4.784569	0.000000	51.451722	2.343796
167	45.529920	4.797223	0.000000	51.451722	2.339293
168	45.550263	4.790121	0.131234	51.451722	2.362517
169	45.550746	4.895587	0.131234	51.451722	2.337525
170	45.547932	4.834292	0.131234	51.451722	2.350576
171	45.570540	4.772161	0.131234	51.451722	2.336673
172	45.563793	4.760483	0.000000	51.451722	2.340229
173	45.569178	4.807337	0.131234	51.451722	2.354065
174	45.569628	4.865397	0.000000	51.451722	2.330457
175	45.554116	4.807082	0.131234	51.451722	2.354511
176	45.547718	4.797246	0.131234	51.451722	2.352080
177	45.563990	4.753028	0.131234	51.451722	2.329088
178	45.563984	4.872764	0.131234	51.451722	2.372426
179	45.546532	4.926224	0.131234	51.451722	2.318540
180	45.555735	4.846580	0.131234	51.451722	2.341113
181	45.553571	4.866227	0.131234	51.451722	2.356295
182	45.565864	4.880810	0.000000	51.451722	2.334844
183	45.573115	4.946599	0.131234	51.451722	2.336312
184	45.583206	5.014648	0.000000	51.451722	2.351690
185	45.577532	4.958600	0.000000	51.451722	2.334426
186	45.579284	5.038340	0.000000	51.451722	2.354006
187	45.574224	5.093325	0.000000	51.451722	2.333184
188	45.564330	5.030484	0.262467	51.451722	2.337211
189	45.587516	5.042376	0.131234	51.451722	2.357189
190	45.569825	5.096823	0.000000	51.451722	2.324091
191	45.575863	5.072721	0.131234	51.451722	2.328990
192	45.567241	5.133915	0.131234	51.451722	2.340880
193	45.594737	5.038658	0.000000	51.451722	2.340106
194	45.587653	5.049467	0.131234	51.451722	2.340187
195	45.587963	5.087974	0.131234	51.451722	2.347342
196	45.601845	5.184469	0.000000	51.451722	2.342878
197	45.588517	5.140050	0.000000	51.451722	2.335227
198	45.612949	5.144309	0.131234	51.451722	2.351211
199	45.607078	5.063095	0.000000	51.451722	2.332708
200	45.604908	5.029847	0.000000	51.451722	2.334847
201	45.606172	5.054101	0.000000	51.451722	2.336764
202	45.610920	5.151086	0.000000	51.451722	2.346769
203	45.609057	5.124940	0.131234	51.451722	2.328576
204	45.601791	5.174370	0.131234	51.451722	2.341678
205	45.603076	5.098552	0.000000	51.451722	2.349740
206	45.585597	5.024125	0.000000	51.451722	2.309601
207	45.588127	5.211242	0.000000	51.451722	2.320771
208	45.590320	5.183550	0.131234	51.451722	2.360732
209	45.603001	5.169011	0.131234	51.451722	2.330848
210	45.591247	5.257211	0.131234	51.451722	2.328541
211	45.595670	5.099268	0.131234	51.451722	2.365925
212	45.590717	5.156625	0.131234	51.451722	2.331973
213	45.600212	5.159529	0.131234	51.451722	2.320791
214	45.605043	5.236139	0.131234	51.451722	2.351444
215	45.592809	5.199739	0.131234	51.451722	2.338269
216	45.599240	5.154692	0.131234	51.451722	2.332657
217	45.606899	5.143376	0.131234	51.451722	2.347475
218	45.596057	5.138193	0.131234	51.451722	2.335660
219	45.595437	5.171843	0.131234	51.451722	2.330055
220	45.596945	5.093338	0.131234	51.451722	2.330543
221	45.603350	5.191168	0.131234	51.451722	2.339807
222	45.597801	5.166455	0.131234	51.451722	2.331607
223	45.596525	5.191849	0.131234	51.451722	2.336088
224	45.601946	5.277719	0.131234	51.451722	2.356292
225	45.597142	5.272791	0.131234	51.451722	2.330800
226	45.614904	5.312728	0.131234	51.451722	2.334398
227	45.615262	5.226300	0.131234	51.451722	2.370737
228	45.609307	5.269041	0.000000	51.451722	2.325830
229	45.621485	5.303392	0.000000	51.451722	2.320946
230	45.623505	5.326135	0.000000	51.451722	2.373012
231	45.635521	5.378663	0.000000	51.451722	2.324604
232	45.640245	5.357986	0.000000	51.451722	2.334989
233	45.628995	5.291772	0.000000	51.451722	2.367443
234	45.626086	5.246959	0.131234	51.451722	2.311488
235	45.630112	5.366197	0.131234	51.451722	2.340468
236	45.620424	5.326972	0.131234	51.451722	2.361160
237	45.628005	5.354550	0.000000	51.451722	2.320627
238	45.636183	5.412685	0.000000	51.451722	2.348330
239	45.638394	5.460960	0.000000	51.451722	2.349692
240	45.637515	5.381410	0.000000	51.451722	2.320561
241	45.630598	5.412696	0.000000	51.451722	2.371995
242	45.640868	5.357664	0.000000	51.451722	2.320686
243	45.633203	5.432151	0.000000	51.451722	2.324403
244	45.642555	5.535439	0.131234	51.451722	2.338727
245	45.639211	5.343947	0.131234	51.451722	2.335616
246	45.628440	5.381834	0.131234	51.451722	2.328703
247	45.624185	5.427892	0.262467	51.451722	2.335373
248	45.633769	5.540943	0.131234	51.451722	2.354630
249	45.634678	5.601400	0.131234	51.451722	2.321667
250	45.641977	5.557029	0.000000	51.451722	2.328747
251	45.652574	5.534319	0.131234	51.451722	2.348135
252	45.645547	5.563206	0.131234	51.451722	2.350004
253	45.648059	5.585073	0.131234	51.451722	2.342750
254	45.653808	5.622472	0.131234	51.451722	2.347252
255	45.655239	5.592725	0.131234	51.451722	2.334191
256	45.652205	5.613223	0.131234	51.451722	2.347911
257	45.653757	5.540587	0.131234	51.451722	2.350887
258	45.652756	5.597819	0.131234	51.451722	2.334414
259	45.634863	5.672337	0.131234	51.451722	2.329279
260	45.644227	5.577105	0.131234	51.451722	2.332353
261	45.621914	5.657442	0.131234	51.451722	2.336428
262	45.633790	5.593640	0.131234	51.451722	2.331331
263	45.635539	5.661695	0.000000	51.451722	2.331589
264	45.628864	5.698977	0.131234	51.451722	2.355031
265	45.652521	5.634423	0.131234	51.451722	2.315262
266	45.642239	5.636776	0.131234	51.451722	2.335972
267	45.646176	5.582860	0.131234	51.451722	2.373785
268	45.634103	5.584358	0.131234	51.451722	2.305214
269	45.647317	5.659175	0.000000	51.451722	2.318973
270	45.633033	5.663922	0.000000	51.451722	2.361356
271	45.639831	5.669538	0.000000	51.451722	2.327664
272	45.661753	5.668985	0.000000	51.451722	2.325986
273	45.643476	5.712268	0.131234	51.451722	2.339973
274	45.654869	5.699940	0.000000	51.451722	2.328722
275	45.660120	5.681669	0.000000	51.451722	2.324821
276	45.644057	5.742001	0.131234	51.451722	2.334240
277	45.647168	5.795520	0.131234	51.451722	2.342192
278	45.655295	5.755760	0.131234	51.451722	2.352017
279	45.640728	5.803420	0.131234	51.451722	2.325440
280	45.643401	5.827662	0.131234	51.451722	2.321164
281	45.642632	5.809126	0.000000	51.451722	2.356861
282	45.653445	5.721680	0.131234	51.451722	2.335649
283	45.655844	5.742054	0.131234	51.451722	2.314318
284	45.648506	5.814175	0.131234	51.451722	2.363266
285	45.650825	5.739329	0.131234	51.451722	2.335391
286	45.643049	5.691090	0.131234	51.451722	2.322790
287	45.638484	5.724877	0.131234	51.451722	2.350561
288	45.649070	5.792673	0.131234	51.451722	2.326955
289	45.650190	5.801551	0.131234	51.451722	2.312904
290	45.661208	5.874695	0.131234	51.451722	2.328961
291	45.644236	5.858783	0.131234	51.451722	2.359087
292	45.651111	5.871261	0.131234	51.451722	2.323240
293	45.655367	5.828996	0.131234	51.451722	2.321337
294	45.655334	5.771175	0.131234	51.451722	2.327977
295	45.641813	5.836915	0.131234	51.451722	2.330828
296	45.646277	5.815692	0.131234	51.451722	2.340876
297	45.650610	5.780323	0.000000	51.451722	2.325187
298	45.649448	5.870679	0.000000	51.451722	2.327104
299	45.650530	5.796324	0.000000	51.451722	2.363026
300	45.655149	5.886719	0.131234	51.451722	2.322536
301	45.654619	5.828489	0.262467	51.451722	2.320866
302	45.645630	5.833046	0.000000	51.451722	2.334841
303	45.640260	5.961247	0.000000	51.451722	2.349349
304	45.642757	5.911354	0.000000	51.451722	2.315463
305	45.640633	5.956333	0.000000	51.451722	2.322181
306	45.662251	5.933507	0.131234	51.451722	2.344097
307	45.652950	5.876489	0.000000	51.451722	2.336023
308	45.649484	5.937345	0.000000	51.451722	2.324823
309	45.657980	5.885823	0.131234	51.451722	2.324819
310	45.646730	5.859694	0.131234	51.451722	2.322807
311	45.645505	5.905291	0.131234	51.451722	2.348539
312	45.659989	5.993136	0.131234	51.451722	2.341026
313	45.641026	5.868626	0.131234	51.451722	2.316572
314	45.666063	5.876868	0.131234	51.451722	2.364061
315	45.650184	5.826993	0.131234	51.451722	2.320744
316	45.660466	5.858726	0.131234	51.451722	2.317151
317	45.654589	5.787799	0.131234	51.451722	2.326180
318	45.662647	5.867624	0.131234	51.451722	2.331446
319	45.638877	5.925759	0.131234	51.451722	2.337689
320	45.641762	5.823380	0.131234	51.451722	2.322754
321	45.654905	5.825396	0.131234	51.451722	2.335468
322	45.651358	5.842869	0.131234	51.451722	2.343837
323	45.665401	5.903205	0.262467	51.451722	2.330093
324	45.644438	5.874251	0.131234	51.451722	2.333769
325	45.656163	5.948646	0.131234	51.451722	2.316411
326	45.656544	5.929755	0.131234	51.451722	2.351003
327	45.645070	5.866233	0.131234	51.451722	2.346032
328	45.656627	5.937710	0.131234	51.451722	2.320905
329	45.655286	5.889687	0.131234	51.451722	2.364653
330	45.668373	5.894231	0.131234	51.451722	2.320309
331	45.651543	5.955622	0.131234	51.451722	2.315035
332	45.648292	5.956125	0.131234	51.451722	2.333289
333	45.652086	5.928585	0.131234	51.451722	2.341674
334	45.660859	5.918419	0.131234	51.451722	2.331722
335	45.666885	5.832985	0.131234	51.451722	2.321220
336	45.663098	5.929379	0.131234	51.451722	2.356486
337	45.650196	5.932540	0.131234	51.451722	2.328433
338	45.641229	5.956106	0.131234	51.451722	2.325417
339	45.649868	5.948695	0.131234	51.451722	2.322067
340	45.634964	5.909489	0.131234	51.451722	2.320778
341	45.656073	6.050425	0.131234	51.451722	2.356111
342	45.662922	6.000402	0.131234	51.451722	2.341769
343	45.649344	6.000473	0.131234	51.451722	2.329505
344	45.642683	5.990473	0.262467	51.451722	2.356333
345	45.652005	6.030353	0.131234	51.451722	2.311984
346	45.659745	6.068730	0.131234	51.451722	2.315054
347	45.646682	6.083790	0.131234	51.451722	2.333600
348	45.648369	6.061010	0.131234	51.451722	2.356965
349	45.628616	6.187341	0.131234	51.451722	2.327980
350	45.637050	6.188123	0.000000	51.451722	2.324748
351	45.631146	6.201632	0.131234	51.451722	2.371976
352	45.632640	6.258154	0.131234	51.451722	2.314386
353	45.640624	6.165412	0.131234	51.451722	2.326620
354	45.633721	6.125384	0.000000	51.451722	2.330456
355	45.636475	6.086123	0.000000	51.451722	2.332945
356	45.643494	6.055450	0.000000	51.451722	2.345484
357	45.661491	6.078150	0.000000	51.451722	2.331935
358	45.651764	6.135111	0.000000	51.451722	2.335265
359	45.652139	6.130608	0.000000	51.451722	2.339411
360	45.655146	6.121494	0.000000	51.451722	2.306296
361	45.649546	6.143610	0.131234	51.451722	2.323166
362	45.655692	6.275433	0.131234	51.451722	2.356733
363	45.656291	6.244906	0.131234	51.451722	2.338151
364	45.667988	6.173557	0.262467	51.451722	2.322461
365	45.652103	6.151885	0.131234	51.451722	2.364319
366	45.659810	6.203541	0.000000	51.451722	2.334056
367	45.651329	6.136601	0.131234	51.451722	2.323492
368	45.643044	6.193846	0.131234	51.451722	2.360757
369	45.636684	6.190617	0.131234	51.451722	2.333092
370	45.646778	6.226235	0.131234	51.451722	2.321979
371	45.652425	6.209476	0.131234	51.451722	2.344614
372	45.661086	6.176884	0.262467	51.451722	2.340919
373	45.662713	6.237844	0.131234	51.451722	2.332902
374	45.650417	6.242012	0.131234	51.451722	2.331417
375	45.639819	6.351661	0.131234	51.451722	2.343840
376	45.637622	6.287924	0.131234	51.451722	2.343541
377	45.643348	6.268192	0.131234	51.451722	2.338886
378	45.653546	6.266336	0.131234	51.451722	2.342836
379	45.649797	6.307618	0.131234	51.451722	2.337737
380	45.636603	6.350279	0.131234	51.451722	2.342304
381	45.650387	6.302886	0.131234	51.451722	2.347706
382	45.836359	6.353853	0.131234	51.451722	2.323689
383	45.900261	6.296096	0.131234	51.451722	2.316607
384	45.929962	6.360789	0.131234	51.451722	2.336860
385	45.947471	6.371605	0.131234	51.451722	2.354573
386	45.956665	6.354403	0.131234	51.451722	2.314535
387	45.946485	6.400239	0.131234	51.451722	2.329915
388	45.963490	6.380961	0.131234	51.451722	2.360186
389	45.977896	6.461052	0.131234	51.451722	2.314931
390	45.977518	6.409454	0.131234	51.451722	2.332520
391	45.992339	6.404519	0.131234	51.451722	2.360768
392	45.997024	6.377404	0.131234	51.451722	2.329980
393	46.003580	6.308052	0.131234	51.451722	2.330824
394	45.997375	6.337091	0.000000	51.451722	2.372904
395	46.002978	6.335910	0.131234	51.451722	2.324212
396	46.001220	6.370240	0.131234	51.451722	2.339880
397	45.997444	6.375209	0.131234	51.451722	2.322206
398	45.998174	6.375288	0.131234	51.451722	2.334006
399	45.996615	6.303493	0.131234	51.451722	2.336372
400	46.005368	6.317020	0.131234	51.451722	2.348749
401	46.008572	6.352970	0.131234	51.451722	2.336570
402	46.019208	6.356046	0.131234	51.451722	2.331861
403	46.019638	6.327005	0.131234	51.451722	2.313399
404	46.014452	6.373655	0.131234	51.451722	2.341782
405	46.011725	6.426302	0.131234	51.451722	2.344017
406	46.002603	6.421114	0.131234	51.451722	2.324257
407	46.009862	6.312194	0.131234	51.451722	2.335069
408	46.016791	6.388976	0.131234	51.451722	2.366377
409	46.027881	6.320105	0.131234	51.451722	2.318546
410	46.019810	6.379226	0.131234	51.451722	2.336587
411	46.020389	6.355659	0.131234	51.451722	2.339764
412	46.021912	6.374593	0.131234	51.451722	2.323766
413	46.015704	6.409641	0.131234	51.451722	2.327852
414	46.011281	6.404079	0.131234	51.451722	2.350502
415	46.014315	6.361697	0.131234	51.451722	2.340048
416	45.997792	6.364503	0.131234	51.451722	2.331120
417	46.011493	6.404227	0.131234	51.451722	2.354752
418	46.011806	6.392400	0.131234	51.451722	2.325474
419	46.007675	6.387604	0.131234	51.451722	2.331653
420	46.000051	6.460741	0.131234	51.451722	2.347708
421	46.010393	6.432785	0.131234	51.451722	2.346858
422	46.020454	6.358095	0.131234	51.451722	2.331069
423	46.020755	6.356914	0.131234	51.451722	2.353239
424	46.029472	6.366969	0.131234	51.451722	2.331344
425	46.025413	6.392735	0.131234	51.451722	2.334360
426	46.026376	6.419093	0.131234	51.451722	2.333262
427	46.030489	6.332993	0.131234	51.451722	2.353032
428	46.021628	6.374706	0.000000	51.451722	2.330562
429	46.029180	6.373106	0.000000	51.451722	2.321347
430	46.039718	6.407971	0.131234	51.451722	2.372463
431	46.026984	6.401822	0.131234	51.451722	2.331074
432	46.027231	6.413586	0.131234	51.451722	2.349438
433	46.031046	6.454956	0.000000	51.451722	2.345694
434	46.021789	6.354153	0.131234	51.451722	2.316941
435	46.039590	6.406205	0.131234	51.451722	2.356828
436	46.023375	6.351174	0.131234	51.451722	2.342266
437	46.027708	6.316813	0.131234	51.451722	2.321344
438	46.027568	6.383351	0.131234	51.451722	2.362778
439	46.030027	6.420485	0.131234	51.451722	2.329537
440	46.024054	6.366616	0.131234	51.451722	2.313553
441	46.022874	6.419390	0.131234	51.451722	2.344937
442	46.033350	6.361485	0.131234	51.451722	2.350138
443	46.025473	6.324693	0.000000	51.451722	2.323920
444	46.015167	6.365575	0.000000	51.451722	2.366555
445	46.023047	6.354095	0.131234	51.451722	2.327658
446	46.021953	6.373833	0.131234	51.451722	2.322319
447	46.022192	6.454259	0.131234	51.451722	2.354470
448	46.021193	6.414499	0.131234	51.451722	2.337397
449	46.022245	6.378465	0.000000	51.451722	2.334860
450	46.013540	6.393524	0.000000	51.451722	2.344912
451	46.014911	6.422355	0.131234	51.451722	2.345557
452	46.011546	6.371943	0.131234	51.451722	2.331624
453	46.027181	6.284025	0.131234	51.451722	2.367460
454	46.019316	6.376688	0.131234	51.451722	2.327714
455	46.017322	6.363491	0.000000	51.451722	2.352625
456	46.024567	6.413043	0.000000	51.451722	2.340695
457	46.020627	6.421227	0.000000	51.451722	2.332587
458	46.027163	6.442048	0.000000	51.451722	2.363566
459	46.038565	6.416405	0.000000	51.451722	2.331502
460	46.020544	6.409073	0.000000	51.451722	2.330438
461	46.034145	6.430899	0.000000	51.451722	2.360641
462	46.040171	6.453050	0.131234	51.451722	2.323042
463	46.036440	6.388862	0.131234	51.451722	2.340917
464	46.035177	6.439273	0.000000	51.451722	2.338397
465	46.040145	6.469735	0.000000	51.451722	2.337392
466	46.032804	6.444911	0.131234	51.451722	2.332610
467	46.025327	6.454808	0.131234	51.451722	2.340009
468	46.030343	6.411193	0.131234	51.451722	2.354388
469	46.031240	6.515076	0.131234	51.451722	2.336093
470	46.036977	6.491053	0.131234	51.451722	2.323015
471	46.039450	6.507044	0.000000	51.451722	2.360438
472	46.028048	6.472079	0.131234	51.451722	2.331152
473	46.016955	6.460391	0.131234	51.451722	2.320016
474	46.011519	6.419660	0.131234	51.451722	2.369310
475	46.024585	6.448402	0.000000	51.451722	2.340516
476	46.027398	6.420757	0.131234	51.451722	2.344321
477	46.017349	6.403830	0.131234	51.451722	2.344048
478	46.009058	6.410641	0.131234	51.451722	2.320490
479	46.018666	6.406934	0.000000	51.451722	2.347369
480	46.027389	6.443165	0.131234	51.451722	2.343215
481	46.020138	6.408572	0.262467	51.451722	2.309157
482	46.028909	6.483201	0.131234	51.451722	2.341425
483	46.034172	6.362765	0.131234	51.451722	2.343616
484	46.040532	6.389724	0.131234	51.451722	2.323479
485	46.041507	6.388083	0.131234	51.451722	2.332023
486	46.026266	6.412802	0.131234	51.451722	2.344378
487	46.014261	6.414291	0.131234	51.451722	2.334456
488	46.007609	6.393739	0.131234	51.451722	2.325802
489	46.025759	6.397056	0.131234	51.451722	2.373193
490	46.020761	6.418694	0.131234	51.451722	2.331346
491	46.027869	6.321241	0.131234	51.451722	2.336433
492	46.018755	6.377679	0.131234	51.451722	2.348075
493	46.031669	6.376884	0.000000	51.451722	2.328065
494	46.024930	6.471181	0.131234	51.451722	2.335854
495	46.042246	6.512821	0.000000	51.451722	2.353554
496	46.036971	6.538083	0.131234	51.451722	2.340807
497	46.037424	6.491391	0.131234	51.451722	2.352733
498	46.045974	6.483729	0.131234	51.451722	2.337683
499	46.043178	6.454028	0.131234	51.451722	2.338351
500	46.046555	6.432220	0.131234	51.451722	2.339306
501	46.033815	6.475184	0.131234	51.451722	2.341572
502	46.042326	6.532571	0.131234	51.451722	2.339784
503	46.045089	6.485555	0.131234	51.451722	2.344855
504	46.052140	6.393881	0.131234	51.451722	2.354595
505	46.044412	6.397349	0.131234	51.451722	2.348286
506	46.055037	6.439799	0.131234	51.451722	2.333660
507	46.048459	6.430150	0.131234	51.451722	2.342573
508	46.049255	6.410036	0.131234	51.451722	2.335201
509	46.035016	6.368184	0.131234	51.451722	2.345347
510	46.028572	6.398222	0.131234	51.451722	2.341809
511	46.037769	6.360903	0.131234	51.451722	2.349988
512	46.041298	6.384299	0.131234	51.451722	2.336402
513	46.043909	6.415285	0.131234	51.451722	2.332182
514	46.044123	6.352735	0.131234	51.451722	2.326449
515	46.044058	6.366298	0.131234	51.451722	2.356741
516	46.045017	6.378025	0.131234	51.451722	2.338484
517	46.037054	6.428531	0.000000	51.451722	2.327405
518	46.037203	6.446448	0.131234	51.451722	2.367619
519	46.033460	6.400626	0.000000	51.451722	2.336037
520	46.019137	6.479039	0.000000	51.451722	2.351998
521	46.021190	6.458821	0.000000	51.451722	2.342147
522	46.013606	6.494487	0.000000	51.451722	2.318918
523	46.024883	6.502976	0.000000	51.451722	2.355764
524	46.046165	6.440661	0.131234	51.451722	2.340304
525	46.035531	6.462756	0.131234	51.451722	2.330846
526	46.034515	6.452324	0.262467	51.451722	2.369574
527	46.030101	6.331994	0.131234	51.451722	2.318821
528	46.034414	6.416240	0.131234	51.451722	2.338668
529	46.033269	6.464253	0.131234	51.451722	2.365565
530	46.050754	6.426523	0.262467	51.451722	2.317581
531	46.052521	6.442744	0.262467	51.451722	2.333186
532	46.047163	6.478531	0.262467	51.451722	2.364314
533	46.046883	6.457010	0.131234	51.451722	2.311972
534	46.050674	6.475291	0.131234	51.451722	2.343682
535	46.051282	6.446994	0.131234	51.451722	2.353091
536	46.053058	6.428741	0.131234	51.451722	2.322334
537	46.049488	6.419238	0.131234	51.451722	2.330853
538	46.041927	6.440643	0.131234	51.451722	2.348594
539	46.019244	6.493658	0.131234	51.451722	2.326421
540	46.041149	6.464705	0.131234	51.451722	2.330075
541	46.040982	6.439612	0.131234	51.451722	2.377441
542	46.029013	6.390108	0.131234	51.451722	2.333643
543	46.044546	6.415881	0.131234	51.451722	2.362247
544	46.051812	6.473082	0.262467	51.451722	2.330487
545	46.046245	6.363272	0.131234	51.451722	2.329489
546	46.035743	6.371101	0.131234	51.451722	2.370528
547	46.043390	6.405380	0.131234	51.451722	2.323312
548	46.046150	6.432769	0.131234	51.451722	2.338666
549	46.052048	6.465051	0.262467	51.451722	2.359601
550	46.039969	6.555623	0.000000	51.451722	2.316213
551	46.036977	6.466203	0.131234	51.451722	2.327895
552	46.043274	6.439721	0.000000	51.451722	2.349281
553	46.029806	6.396012	0.000000	51.451722	2.333416
554	46.036017	6.428984	0.131234	51.451722	2.339050
555	46.026331	6.470572	0.131234	51.451722	2.347576
556	46.037558	6.429216	0.131234	51.451722	2.336705
557	46.049148	6.425926	0.131234	51.451722	2.325488
558	46.194077	6.446134	0.131234	51.451722	2.327639
559	46.241030	6.380831	0.131234	51.451722	2.355281
560	46.258581	6.460576	0.131234	51.451722	2.332537
561	46.269053	6.485154	0.131234	51.451722	2.331564
562	46.270961	6.497676	0.131234	51.451722	2.373430
563	46.288490	6.476171	0.262467	51.451722	2.342330
564	46.285397	6.469673	0.131234	51.451722	2.353304
565	46.279976	6.463635	0.131234	51.451722	2.337003
566	46.293962	6.460069	0.131234	51.451722	2.340669
567	46.298012	6.424110	0.262467	51.451722	2.341888
568	46.287882	6.385203	0.262467	51.451722	2.331850
569	46.289665	6.436059	0.262467	51.451722	2.332619
570	46.283549	6.478189	0.262467	51.451722	2.363046
571	46.286857	6.468968	0.262467	51.451722	2.314568
572	46.297094	6.470235	0.262467	51.451722	2.331235
573	46.300447	6.442006	0.131234	51.451722	2.371844
574	46.301731	6.444862	0.131234	51.451722	2.320596
575	46.305496	6.467128	0.262467	51.451722	2.339111
576	46.301877	6.434599	0.131234	51.451722	2.368502
577	46.304065	6.429190	0.131234	51.451722	2.336431
578	46.300694	6.472594	0.131234	51.451722	2.368806
579	46.303424	6.501394	0.131234	51.451722	2.322025
580	46.300209	6.442060	0.131234	51.451722	2.331969
581	46.301669	6.418630	0.131234	51.451722	2.371607
582	46.296966	6.405565	0.131234	51.451722	2.310372
583	46.296632	6.409791	0.131234	51.451722	2.340437
584	46.310598	6.357387	0.131234	51.451722	2.365843
585	46.305877	6.404683	0.131234	51.451722	2.319109
586	46.312737	6.425876	0.131234	51.451722	2.362578
587	46.319932	6.362656	0.131234	51.451722	2.332284
588	46.316582	6.405219	0.131234	51.451722	2.323197
589	46.314323	6.415653	0.000000	51.451722	2.372030
590	46.303976	6.402241	0.131234	51.451722	2.321192
591	46.311936	6.424537	0.131234	51.451722	2.325637
592	46.314037	6.418846	0.262467	51.451722	2.386835
593	46.312994	6.408374	0.131234	51.451722	2.334683
594	46.309274	6.442962	0.131234	51.451722	2.371228
595	46.319047	6.477171	0.131234	51.451722	2.325465
596	46.302450	6.409790	0.000000	51.451722	2.350977
597	46.315759	6.449711	0.000000	51.451722	2.354384
598	46.317625	6.435451	0.131234	51.451722	2.313485
599	46.322632	6.366815	0.131234	51.451722	2.377656
600	46.320677	6.401573	0.131234	51.451722	2.322379
601	46.322024	6.375483	0.000000	51.451722	2.323287
602	46.325070	6.400377	0.000000	51.451722	2.374592
603	46.322376	6.384453	0.000000	51.451722	2.331054
604	46.322137	6.458816	0.000000	51.451722	2.340953
605	46.315402	6.416595	0.000000	51.451722	2.369286
606	46.309179	6.446709	0.000000	51.451722	2.337439
607	46.311611	6.354442	0.000000	51.451722	2.365202
608	46.315616	6.393810	0.000000	51.451722	2.310157
609	46.320391	6.345073	0.000000	51.451722	2.321220
610	46.320313	6.407534	0.000000	51.451722	2.373170
611	46.318483	6.422223	0.131234	51.451722	2.326582
612	46.313292	6.437328	0.131234	51.451722	2.328749
613	46.323061	6.436700	0.131234	51.451722	2.378474
614	46.329632	6.389447	0.131234	51.451722	2.319748
615	46.326670	6.449508	0.131234	51.451722	2.380672
616	46.320003	6.436440	0.131234	51.451722	2.318020
617	46.317393	6.487621	0.131234	51.451722	2.322505
618	46.311784	6.482703	0.131234	51.451722	2.367419
619	46.309650	6.484054	0.131234	51.451722	2.338099
620	46.299350	6.450185	0.131234	51.451722	2.343999
621	46.310163	6.450252	0.131234	51.451722	2.364812
622	46.309787	6.456432	0.000000	51.451722	2.333079
623	46.315944	6.411758	0.131234	51.451722	2.369133
624	46.319389	6.447223	0.000000	51.451722	2.310817
625	46.323794	6.477918	0.131234	51.451722	2.328609
626	46.306479	6.506845	0.000000	51.451722	2.375280
627	46.311009	6.420740	0.000000	51.451722	2.322184
628	46.315107	6.424379	0.000000	51.451722	2.355093
629	46.320802	6.455834	0.000000	51.451722	2.338199
630	46.320751	6.465023	0.000000	51.451722	2.324984
631	46.322364	6.445105	0.000000	51.451722	2.344116
632	46.316245	6.507923	0.131234	51.451722	2.347821
633	46.315742	6.484495	0.000000	51.451722	2.323995
634	46.321324	6.553297	0.131234	51.451722	2.349666
635	46.325412	6.522631	0.131234	51.451722	2.352306
636	46.318978	6.519771	0.131234	51.451722	2.330553
637	46.322519	6.533252	0.131234	51.451722	2.365981
638	46.322948	6.456783	0.131234	51.451722	2.325598
639	46.320784	6.523039	0.131234	51.451722	2.328067
640	46.322447	6.540453	0.000000	51.451722	2.349064
641	46.312863	6.500060	0.131234	51.451722	2.341130
642	46.320194	6.506441	0.131234	51.451722	2.332992
643	46.329519	6.527011	0.131234	51.451722	2.367234
644	46.330339	6.482037	0.131234	51.451722	2.330715
645	46.321166	6.499666	0.131234	51.451722	2.373552
646	46.312100	6.482841	0.131234	51.451722	2.327114
647	46.323222	6.506018	0.131234	51.451722	2.324291
648	46.314955	6.535972	0.131234	51.451722	2.377228
649	46.314669	6.534571	0.131234	51.451722	2.322808
650	46.307924	6.537796	0.131234	51.451722	2.354531
651	46.317130	6.548347	0.131234	51.451722	2.352040
652	46.319121	6.513380	0.131234	51.451722	2.322201
653	46.311915	6.548141	0.131234	51.451722	2.347003
654	46.318483	6.579816	0.131234	51.451722	2.346801
655	46.326214	6.497580	0.131234	51.451722	2.335014
656	46.314976	6.534976	0.131234	51.451722	2.352281
657	46.319234	6.514235	0.131234	51.451722	2.336119
658	46.317887	6.521715	0.131234	51.451722	2.338739
659	46.321929	6.525868	0.131234	51.451722	2.333763
660	46.321559	6.505186	0.131234	51.451722	2.335609
661	46.318597	6.544729	0.131234	51.451722	2.344960
662	46.311998	6.494397	0.131234	51.451722	2.352342
663	46.317601	6.509935	0.131234	51.451722	2.325922
664	46.313232	6.522309	0.131234	51.451722	2.341638
665	46.322078	6.494570	0.131234	51.451722	2.340977
666	46.315894	6.556453	0.131234	51.451722	2.336279
667	46.312961	6.568240	0.131234	51.451722	2.329665
668	46.319836	6.571884	0.131234	51.451722	2.320546
669	46.326041	6.534507	0.131234	51.451722	2.357925
670	46.322471	6.519858	0.131234	51.451722	2.341825
671	46.319002	6.514808	0.131234	51.451722	2.343214
672	46.321857	6.577872	0.131234	51.451722	2.353432
673	46.327254	6.588919	0.000000	51.451722	2.320821
674	46.325284	6.525432	0.131234	51.451722	2.357037
675	46.325162	6.513572	0.131234	51.451722	2.346432
676	46.328658	6.539165	0.131234	51.451722	2.330783
677	46.316952	6.461029	0.131234	51.451722	2.369714
678	46.319041	6.566568	0.131234	51.451722	2.339432
679	46.318161	6.564289	0.131234	51.451722	2.356366
680	46.324503	6.508162	0.131234	51.451722	2.342766
681	46.318340	6.462398	0.131234	51.451722	2.334825
682	46.312809	6.486220	0.131234	51.451722	2.355208
683	46.321729	6.587377	0.000000	51.451722	2.329473
684	46.319056	6.582027	0.131234	51.451722	2.339998
685	46.316624	6.613856	0.131234	51.451722	2.344755
686	46.324107	6.606138	0.131234	51.451722	2.333708
687	46.313876	6.595819	0.131234	51.451722	2.345003
688	46.312654	6.531926	0.131234	51.451722	2.351212
689	46.310845	6.566078	0.131234	51.451722	2.308856
690	46.319580	6.545720	0.131234	51.451722	2.340181
691	46.326488	6.552901	0.131234	51.451722	2.362863
692	46.319202	6.585433	0.131234	51.451722	2.317297
693	46.322051	6.556734	0.000000	51.451722	2.371593
694	46.311072	6.582247	0.131234	51.451722	2.343292
695	46.319428	6.561625	0.131234	51.451722	2.333820
696	46.459129	6.557345	0.131234	51.451722	2.371219
697	46.489078	6.576063	0.131234	51.451722	2.308195
698	46.499214	6.538052	0.131234	51.451722	2.339569
699	46.506134	6.554755	0.131234	51.451722	2.372559
700	46.510792	6.547888	0.131234	51.451722	2.339049
701	46.517232	6.524671	0.131234	51.451722	2.366184
702	46.516609	6.525792	0.131234	51.451722	2.316494
703	46.523461	6.555874	0.131234	51.451722	2.337715
704	46.521437	6.558059	0.131234	51.451722	2.361582
705	46.524912	6.527821	0.131234	51.451722	2.323595
706	46.528137	6.515611	0.131234	51.451722	2.366354
707	46.531549	6.552167	0.131234	51.451722	2.348954
708	46.535650	6.521086	0.131234	51.451722	2.358182
709	46.536094	6.534184	0.131234	51.451722	2.354461
710	46.531987	6.498902	0.131234	51.451722	2.333714
711	46.538076	6.517197	0.131234	51.451722	2.359848
712	46.541560	6.514274	0.131234	51.451722	2.328261
713	46.540201	6.503258	0.131234	51.451722	2.345361
714	46.543583	6.475875	0.131234	51.451722	2.353499
715	46.543151	6.487352	0.131234	51.451722	2.342188
716	46.541351	6.476135	0.131234	51.451722	2.361450
717	46.541214	6.486183	0.131234	51.451722	2.333080
718	46.544445	6.497019	0.131234	51.451722	2.344181
719	46.544814	6.495373	0.131234	51.451722	2.348513
720	46.542394	6.491863	0.131234	51.451722	2.333014
721	46.547940	6.482840	0.131234	51.451722	2.355403
722	46.550331	6.484218	0.131234	51.451722	2.344534
723	46.550593	6.509250	0.131234	51.451722	2.361490
724	46.545702	6.496380	0.131234	51.451722	2.341053
725	46.544629	6.486585	0.131234	51.451722	2.347396
726	46.544439	6.490530	0.131234	51.451722	2.347735
727	46.548596	6.467737	0.131234	51.451722	2.335188
728	46.542025	6.506351	0.131234	51.451722	2.348203
729	46.549308	6.495727	0.131234	51.451722	2.336893
730	46.548125	6.513562	0.131234	51.451722	2.347475
731	46.545845	6.530730	0.131234	51.451722	2.348250
732	46.546915	6.543979	0.131234	51.451722	2.336784
733	46.545553	6.536850	0.131234	51.451722	2.350658
734	46.545261	6.564542	0.131234	51.451722	2.355864
735	46.541840	6.570573	0.131234	51.451722	2.357868
736	46.536756	6.540545	0.131234	51.451722	2.348335
737	46.543199	6.531665	0.131234	51.451722	2.327806
738	46.543497	6.568791	0.131234	51.451722	2.375137
739	46.545118	6.549054	0.131234	51.451722	2.324685
740	46.544033	6.511060	0.131234	51.451722	2.345474
741	46.544218	6.494826	0.131234	51.451722	2.337559
742	46.540883	6.495311	0.131234	51.451722	2.325164
743	46.543366	6.509070	0.131234	51.451722	2.337887
744	46.542662	6.512792	0.131234	51.451722	2.346046
745	46.538228	6.526831	0.131234	51.451722	2.336704
746	46.539140	6.503267	0.131234	51.451722	2.341596
747	46.538305	6.533104	0.131234	51.451722	2.343123
748	46.538198	6.508960	0.131234	51.451722	2.335517
749	46.539623	6.508080	0.131234	51.451722	2.331625
750	46.539629	6.556339	0.131234	51.451722	2.349455
751	46.547005	6.479457	0.131234	51.451722	2.340063
752	46.546513	6.504296	0.131234	51.451722	2.338571
753	46.544105	6.541311	0.131234	51.451722	2.356274
754	46.550018	6.504725	0.131234	51.451722	2.340891
755	46.543637	6.567128	0.131234	51.451722	2.347947
756	46.540612	6.546382	0.131234	51.451722	2.338273
757	46.544304	6.566902	0.131234	51.451722	2.341357
758	46.547279	6.579968	0.131234	51.451722	2.347777
759	46.546516	6.539154	0.131234	51.451722	2.348908
760	46.542066	6.534227	0.131234	51.451722	2.351221
761	46.545702	6.522585	0.131234	51.451722	2.336966
762	46.546239	6.566780	0.131234	51.451722	2.337608
763	46.551976	6.531710	0.131234	51.451722	2.343870
764	46.553472	6.521553	0.131234	51.451722	2.340392
765	46.554279	6.531536	0.131234	51.451722	2.341349
766	46.554977	6.534230	0.131234	51.451722	2.352751
767	46.557578	6.499688	0.131234	51.451722	2.346334
768	46.557325	6.521173	0.131234	51.451722	2.323927
769	46.553153	6.524497	0.131234	51.451722	2.362569
770	46.552899	6.496198	0.131234	51.451722	2.331678
771	46.556121	6.466689	0.131234	51.451722	2.328307
772	46.552610	6.515986	0.131234	51.451722	2.371708
773	46.561089	6.516749	0.131234	51.451722	2.331171
774	46.558210	6.520839	0.131234	51.451722	2.349213
775	46.555108	6.511840	0.131234	51.451722	2.344296
776	46.552229	6.511628	0.131234	51.451722	2.318976
777	46.556079	6.538591	0.131234	51.451722	2.357834
778	46.555063	6.533907	0.131234	51.451722	2.349480
779	46.556288	6.505696	0.262467	51.451722	2.329594
780	46.553236	6.512809	0.131234	51.451722	2.369864
781	46.550846	6.553848	0.131234	51.451722	2.337947
782	46.548223	6.518690	0.131234	51.451722	2.371488
783	46.552855	6.544382	0.131234	51.451722	2.327287
784	46.552378	6.501252	0.131234	51.451722	2.347036
785	46.551532	6.478781	0.131234	51.451722	2.336996
786	46.553254	6.459909	0.131234	51.451722	2.343038
787	46.553579	6.450832	0.262467	51.451722	2.348667
788	46.555483	6.475065	0.131234	51.451722	2.342575
789	46.550608	6.463362	0.131234	51.451722	2.346595
790	46.552616	6.471542	0.131234	51.451722	2.351293
791	46.560070	6.497312	0.262467	51.451722	2.330585
792	46.548814	6.502616	0.131234	51.451722	2.345633
793	46.557507	6.474437	0.131234	51.451722	2.352962
794	46.555710	6.494324	0.131234	51.451722	2.341405
795	46.556258	6.461025	0.131234	51.451722	2.352182
796	46.560690	6.512194	0.131234	51.451722	2.334401
797	46.559352	6.522695	0.131234	51.451722	2.326594
798	46.560138	6.503995	0.131234	51.451722	2.357392
799	46.559700	6.503158	0.131234	51.451722	2.339730
800	46.554777	6.532129	0.131234	51.451722	2.344413
801	46.558696	6.491655	0.131234	51.451722	2.354614
802	46.559143	6.484347	0.131234	51.451722	2.337593
803	46.563005	6.512692	0.131234	51.451722	2.352613
804	46.557570	6.518227	0.131234	51.451722	2.343978
805	46.555233	6.527873	0.131234	51.451722	2.343703
806	46.555662	6.539571	0.131234	51.451722	2.351108
807	46.556848	6.487709	0.131234	51.451722	2.347553
808	46.559596	6.508027	0.131234	51.451722	2.346544
809	46.561816	6.497198	0.131234	51.451722	2.334558
810	46.554267	6.481459	0.131234	51.451722	2.351802
811	46.556610	6.447821	0.131234	51.451722	2.355112
812	46.560359	6.468392	0.131234	51.451722	2.341900
813	46.559256	6.486882	0.131234	51.451722	2.345631
814	46.562093	6.474842	0.131234	51.451722	2.341152
815	46.565115	6.479418	0.131234	51.451722	2.349745
816	46.560472	6.490240	0.131234	51.451722	2.337736
817	46.560046	6.524495	0.131234	51.451722	2.346600
818	46.556190	6.463487	0.262467	51.451722	2.360455
819	46.561223	6.508485	0.131234	51.451722	2.337986
820	46.558380	6.508435	0.131234	51.451722	2.339299
821	46.560675	6.523300	0.131234	51.451722	2.350422
822	46.563244	6.507656	0.131234	51.451722	2.335242
823	46.567154	6.453438	0.131234	51.451722	2.358284
824	46.561784	6.505426	0.131234	51.451722	2.342957
825	46.559951	6.502553	0.131234	51.451722	2.372441
826	46.555108	6.471805	0.131234	51.451722	2.321806
827	46.551251	6.523146	0.131234	51.451722	2.331413
828	46.554768	6.544331	0.131234	51.451722	2.358276
829	46.555626	6.518027	0.131234	51.451722	2.338584
830	46.556330	6.545451	0.131234	51.451722	2.350315
831	46.564728	6.516547	0.131234	51.451722	2.350400
832	46.559417	6.529581	0.131234	51.451722	2.331125
833	46.563217	6.567324	0.131234	51.451722	2.368273
834	46.559876	6.511299	0.131234	51.451722	2.331129
835	46.555904	6.512148	0.131234	51.451722	2.348984
836	46.564239	6.507757	0.131234	51.451722	2.349419
837	46.558309	6.517682	0.131234	51.451722	2.340489
838	46.563959	6.530345	0.131234	51.451722	2.370034
839	46.560735	6.501636	0.131234	51.451722	2.331531
840	46.560228	6.507492	0.131234	51.451722	2.370214
841	46.556801	6.479033	0.131234	51.451722	2.321577
842	46.561924	6.489242	0.131234	51.451722	2.328552
843	46.563423	6.510854	0.131234	51.451722	2.380038
844	46.564406	6.512033	0.131234	51.451722	2.318207
845	46.564913	6.491536	0.131234	51.451722	2.371019
846	46.564108	6.474388	0.131234	51.451722	2.331205
847	46.563125	6.448158	0.131234	51.451722	2.329888
848	46.564838	6.497710	0.131234	51.451722	2.361091
849	46.562773	6.468680	0.131234	51.451722	2.331959
850	46.558711	6.512917	0.131234	51.451722	2.339401
851	46.560824	6.501088	0.131234	51.451722	2.364960
852	46.558803	6.520999	0.131234	51.451722	2.319360
853	46.561557	6.482302	0.131234	51.451722	2.345743
854	46.563816	6.505552	0.131234	51.451722	2.360391
855	46.564430	6.500658	0.131234	51.451722	2.334488
856	46.565020	6.510849	0.131234	51.451722	2.365164
857	46.561408	6.519016	0.131234	51.451722	2.318299
858	46.570587	6.498663	0.131234	51.451722	2.328531
859	46.561009	6.475943	0.131234	51.451722	2.355665
860	46.558410	6.492429	0.131234	51.451722	2.335357
861	46.564463	6.511540	0.131234	51.451722	2.340173
862	46.564570	6.489922	0.131234	51.451722	2.361859
863	46.561581	6.499985	0.131234	51.451722	2.326622
864	46.561378	6.460109	0.131234	51.451722	2.343606
865	46.564806	6.479743	0.131234	51.451722	2.348455
866	46.561801	6.490013	0.131234	51.451722	2.330718
867	46.563452	6.488941	0.131234	51.451722	2.374260
868	46.567827	6.463081	0.131234	51.451722	2.326065
869	46.564090	6.477627	0.131234	51.451722	2.333313
870	46.567208	6.476421	0.131234	51.451722	2.368161
871	46.561444	6.495063	0.131234	51.451722	2.333968
872	46.555209	6.493590	0.131234	51.451722	2.371845
873	46.560812	6.486967	0.131234	51.451722	2.320623
874	46.560234	6.479114	0.131234	51.451722	2.327779
875	46.565992	6.484255	0.131234	51.451722	2.346219
876	46.559560	6.493310	0.131234	51.451722	2.336152
877	46.560872	6.483403	0.131234	51.451722	2.327212
878	46.564424	6.478789	0.131234	51.451722	2.342481
879	46.562082	6.508630	0.131234	51.451722	2.339971
880	46.564436	6.496103	0.131234	51.451722	2.338764
881	46.561378	6.482683	0.131234	51.451722	2.348228
882	46.559355	6.467355	0.131234	51.451722	2.340245
883	46.559027	6.463118	0.131234	51.451722	2.340585
884	46.555504	6.467555	0.131234	51.451722	2.356164
885	46.554154	6.455906	0.131234	51.451722	2.338399
886	46.554255	6.442500	0.131234	51.451722	2.345108
887	46.556693	6.478498	0.131234	51.451722	2.349221
888	46.560127	6.457429	0.131234	51.451722	2.340806
889	46.559250	6.467739	0.131234	51.451722	2.349808
890	46.558869	6.489409	0.131234	51.451722	2.340095
891	46.561944	6.469528	0.131234	51.451722	2.347943
892	46.561277	6.489263	0.131234	51.451722	2.333463
893	46.566516	6.490612	0.131234	51.451722	2.339952
894	46.565092	6.494293	0.131234	51.451722	2.332812
895	46.559054	6.504913	0.131234	51.451722	2.347614
896	46.559185	6.508519	0.131234	51.451722	2.345877
897	46.559751	6.465629	0.131234	51.451722	2.350658
898	46.558374	6.444128	0.131234	51.451722	2.345504
899	46.556270	6.491204	0.131234	51.451722	2.340251
900	46.559125	6.524018	0.131234	51.451722	2.350416
901	46.562117	6.500275	0.131234	51.451722	2.340695
902	46.559626	6.506368	0.131234	51.451722	2.345830
903	46.559000	6.482860	0.000000	51.451722	2.350453
904	46.552035	6.523938	0.131234	51.451722	2.337546
905	46.559921	6.502671	0.131234	51.451722	2.351952
906	46.557331	6.476162	0.131234	51.451722	2.334612
907	46.556002	6.457179	0.131234	51.451722	2.338914
908	46.551657	6.449514	0.131234	51.451722	2.339721
909	46.555388	6.433572	0.131234	51.451722	2.141201
910	46.589562	6.447753	0.131234	51.451722	2.126280
911	46.589220	6.449519	0.131234	51.451722	2.147371
912	46.589196	6.450031	0.131234	51.451722	2.160891
913	46.589336	6.452614	0.131234	51.451722	2.198460
914	46.589100	6.451588	0.131234	51.451722	2.171103
915	46.588814	6.451581	0.131234	51.451722	2.127981
916	46.588767	6.451757	0.131234	51.451722	2.119166
917	46.588793	6.452308	0.131234	51.451722	2.165649
918	46.588737	6.452038	0.131234	51.451722	2.138724
919	46.588773	6.451924	0.131234	51.451722	2.157767
920	46.588770	6.451787	0.131234	51.451722	2.153169
921	46.588770	6.451787	0.131234	51.451722	2.205454
922	46.588770	6.451787	0.131234	51.451722	2.163862
923	46.588770	6.451787	0.131234	51.451722	2.134023
924	46.588770	6.451787	0.131234	51.451722	2.117905
925	46.588770	6.451787	0.131234	51.451722	2.165267
926	46.588770	6.451787	0.131234	51.451722	2.153431
927	46.588770	6.451787	0.131234	51.451722	2.154585
928	46.588770	6.451787	0.131234	51.451722	2.154356
929	46.588770	6.451787	0.131234	51.451722	2.197284
930	46.588770	6.451787	0.131234	51.451722	2.136842
931	46.588770	6.451787	0.131234	51.451722	2.121575
932	46.588770	6.451787	0.131234	51.451722	2.112201
933	46.588770	6.451787	0.131234	51.451722	2.150029
934	46.588770	6.451787	0.131234	51.451722	2.151590
935	46.588770	6.451787	0.131234	51.451722	2.144528
936	46.588770	6.451787	0.131234	51.451722	2.122185
937	46.588770	6.451787	0.131234	51.451722	2.168062
938	46.588770	6.451787	0.131234	51.451722	2.153280
939	46.588770	6.451787	0.131234	51.451722	2.171804
940	46.588770	6.451787	0.131234	51.451722	2.115746
941	46.588770	6.451787	0.131234	51.451722	2.118352
942	46.588770	6.451787	0.131234	51.451722	2.128275
943	46.588770	6.451787	0.131234	51.451722	2.180705
944	46.588770	6.451787	0.131234	51.451722	2.133956
945	46.588770	6.451787	0.131234	51.451722	2.145301
946	46.588770	6.451787	0.131234	51.451722	2.138901
947	46.588770	6.451787	0.131234	51.451722	2.137814
948	46.588770	6.451787	0.131234	51.451722	2.139272
949	46.588770	6.451787	0.131234	51.451722	2.136248
950	46.588770	6.451787	0.131234	51.451722	2.110550
951	46.588770	6.451787	0.131234	51.451722	2.169089
952	46.588770	6.451787	0.131234	51.451722	2.145068
953	46.588770	6.451787	0.131234	51.451722	2.150536
954	46.588770	6.451787	0.131234	51.451722	2.099258
955	46.588770	6.451787	0.131234	51.451722	2.116041
956	46.588770	6.451787	0.131234	51.451722	2.132794
957	46.588770	6.451787	0.131234	51.451722	2.124558
958	46.588770	6.451787	0.131234	51.451722	2.119357
959	46.588770	6.451787	0.131234	51.451722	2.163347
960	46.588770	6.451787	0.131234	51.451722	2.145292
