1	27.957183	2.062926	0.000000	51.451722	2.281894
2	34.637427	2.448471	0.000000	51.451722	2.297250
3	38.208464	2.740127	0.000000	51.451722	2.310232
4	40.127558	3.034321	0.000000	51.451722	2.318933
5	41.291952	3.224642	0.000000	51.451722	2.321931
6	42.056641	3.379117	0.000000	51.451722	2.309709
7	42.606133	3.562054	0.000000	51.451722	2.299043
8	42.992306	3.686242	0.000000	51.451722	2.325563
9	43.297699	3.755741	0.000000	51.451722	2.345486
10	43.541849	3.891913	0.000000	51.451722	2.308194
11	43.754518	3.961824	0.000000	51.451722	2.321371
12	43.885732	3.991817	0.000000	51.451722	2.330273
13	44.016427	3.877891	0.000000	51.451722	2.338780
14	44.151643	3.965362	0.000000	51.451722	2.332401
15	44.224083	3.994836	0.000000	51.451722	2.322689
16	44.305617	4.064143	0.000000	51.451722	2.302599
17	44.379160	4.014544	0.000000	51.451722	2.313070
18	44.445816	4.028999	0.000000	51.451722	2.320390
19	44.491798	4.033436	0.000000	51.451722	2.324735
20	44.532424	4.112074	0.000000	51.451722	2.317842
21	44.579911	4.089033	0.000000	51.451722	2.318448
22	44.618374	4.147757	0.000000	51.451722	2.343450
23	44.651362	4.091580	0.000000	51.451722	2.300873
24	44.682562	4.058308	0.000000	51.451722	2.313116
25	44.708917	4.138937	0.000000	51.451722	2.321406
26	44.719592	4.125913	0.000000	51.451722	2.325354
27	44.743633	4.099815	0.000000	51.451722	2.334771
28	44.772804	4.151686	0.000000	51.451722	2.317396
29	44.790685	4.113458	0.000000	51.451722	2.332857
30	44.799563	4.106733	0.000000	51.451722	2.297867
31	44.812655	4.204358	0.000000	51.451722	2.314112
32	44.816947	4.135252	0.000000	51.451722	2.318329
33	44.838572	4.169867	0.000000	51.451722	2.330567
34	44.846398	4.293833	0.000000	51.451722	2.329564
35	44.842255	4.225376	0.000000	51.451722	2.325137
36	44.842303	4.175884	0.000000	51.451722	2.327328
37	44.863617	4.220615	0.000000	51.451722	2.306351
38	44.868943	4.267486	0.000000	51.451722	2.312972
39	44.864601	4.236655	0.000000	51.451722	2.316285
40	44.884464	4.305994	0.000000	51.451722	2.335175
41	44.897878	4.335445	0.000000	51.451722	2.309814
42	44.908872	4.303557	0.000000	51.451722	2.303445
43	44.923553	4.304014	0.000000	51.451722	2.329436
44	44.929433	4.253215	0.000000	51.451722	2.323698
45	44.946226	4.272063	0.000000	51.451722	2.304376
46	44.944605	4.251438	0.000000	51.451722	2.303001
47	44.970530	4.342701	0.000000	51.451722	2.317908
48	44.977230	4.344239	0.000000	51.451722	2.318920
49	44.975424	4.318989	0.000000	51.451722	2.305070
50	44.978410	4.238725	0.000000	51.451722	2.327317
51	44.976696	4.206097	0.000000	51.451722	2.313695
52	44.975156	4.160116	0.000000	51.451722	2.328672
53	44.971317	4.302008	0.000000	51.451722	2.318194
54	44.997084	4.248043	0.000000	51.451722	2.324508
55	45.002508	4.238101	0.000000	51.451722	2.318938
56	45.019400	4.216138	0.000000	51.451722	2.305332
57	45.017320	4.278920	0.000000	51.451722	2.317827
58	45.020628	4.258420	0.000000	51.451722	2.322576
59	45.029330	4.332412	0.000000	51.451722	2.355132
60	45.040512	4.299262	0.000000	51.451722	2.310149
61	45.067376	4.309103	0.000000	51.451722	2.321297
62	45.073020	4.313172	0.000000	51.451722	2.315297
63	45.058617	4.341753	0.000000	51.451722	2.324329
64	45.084602	4.453368	0.000000	51.451722	2.336630
65	45.100921	4.472318	0.000000	51.451722	2.336325
66	45.089394	4.429073	0.000000	51.451722	2.318709
67	45.114031	4.431963	0.000000	51.451722	2.313193
68	45.108682	4.479354	0.000000	51.451722	2.319001
69	45.118523	4.451123	0.000000	51.451722	2.315479
70	45.107096	4.462707	0.000000	51.451722	2.313227
71	45.125067	4.485056	0.000000	51.451722	2.349917
72	45.138696	4.602083	0.000000	51.451722	2.331499
73	45.140660	4.538606	0.000000	51.451722	2.310146
74	45.139831	4.570317	0.000000	51.451722	2.328258
75	45.156658	4.560318	0.000000	51.451722	2.361417
76	45.161688	4.524463	0.000000	51.451722	2.315412
77	45.172292	4.383893	0.000000	51.451722	2.314084
78	45.190001	4.450339	0.000000	51.451722	2.324146
79	45.190728	4.521753	0.000000	51.451722	2.346281
80	45.195037	4.521401	0.000000	51.451722	2.328583
81	45.205903	4.536889	0.000000	51.451722	2.332313
82	45.206308	4.492661	0.000000	51.451722	2.302350
83	45.202088	4.506273	0.000000	51.451722	2.315309
84	45.209235	4.532477	0.000000	51.451722	2.362536
85	45.200205	4.507140	0.000000	51.451722	2.325565
86	45.212576	4.455735	0.000000	51.451722	2.322807
87	45.219779	4.413729	0.000000	51.451722	2.331915
88	45.221883	4.468512	0.000000	51.451722	2.334247
89	45.226952	4.585784	0.000000	51.451722	2.323751
90	45.222393	4.555824	0.000000	51.451722	2.323772
91	45.247835	4.430040	0.000000	51.451722	2.322486
92	45.239699	4.476269	0.000000	51.451722	2.303825
93	45.254105	4.490908	0.000000	51.451722	2.320560
94	45.257092	4.530967	0.000000	51.451722	2.332655
95	45.252183	4.427858	0.000000	51.451722	2.347541
96	45.262265	4.422882	0.000000	51.451722	2.315155
97	45.271081	4.398724	0.000000	51.451722	2.322771
98	45.268300	4.443433	0.000000	51.451722	2.322161
99	45.266080	4.474364	0.000000	51.451722	2.338629
100	45.268619	4.512071	0.000000	51.451722	2.330752
101	45.273015	4.595329	0.000000	51.451722	2.321111
102	45.273957	4.588146	0.000000	51.451722	2.314380
103	45.296466	4.590876	0.000000	51.451722	2.333701
104	45.301116	4.586640	0.000000	51.451722	2.341970
105	45.285684	4.550766	0.000000	51.451722	2.323335
106	45.296371	4.536785	0.000000	51.451722	2.328500
107	45.288110	4.415035	0.000000	51.451722	2.345524
108	45.296490	4.428298	0.000000	51.451722	2.341698
109	45.295069	4.409288	0.000000	51.451722	2.326152
110	45.312476	4.445122	0.000000	51.451722	2.354273
111	45.304567	4.467380	0.000000	51.451722	2.341743
112	45.317563	4.454811	0.000000	51.451722	2.333177
113	45.340514	4.385926	0.000000	51.451722	2.334953
114	45.332387	4.386719	0.000000	51.451722	2.351367
115	45.330399	4.378257	0.000000	51.451722	2.333415
116	45.339477	4.387704	0.000000	51.451722	2.338500
117	45.349348	4.421564	0.000000	51.451722	2.346985
118	45.346731	4.455099	0.000000	51.451722	2.340048
119	45.344841	4.467046	0.000000	51.451722	2.316630
120	45.379719	4.441994	0.000000	51.451722	2.336623
121	45.387685	4.561676	0.000000	51.451722	2.337306
122	45.397976	4.448909	0.000000	51.451722	2.318413
123	45.413119	4.471214	0.000000	51.451722	2.326645
124	45.402530	4.454850	0.000000	51.451722	2.378268
125	45.413685	4.434298	0.000000	51.451722	2.320244
126	45.417553	4.490708	0.000000	51.451722	2.328745
127	45.411175	4.406599	0.000000	51.451722	2.332307
128	45.421627	4.463158	0.000000	51.451722	2.326950
129	45.440081	4.464133	0.000000	51.451722	2.320996
130	45.450199	4.441571	0.000000	51.451722	2.337552
131	45.449185	4.476887	0.000000	51.451722	2.337759
132	45.454204	4.491922	0.000000	51.451722	2.342371
133	45.464709	4.494537	0.131234	51.451722	2.352972
134	45.467520	4.361537	0.000000	51.451722	2.322472
135	45.454144	4.351402	0.000000	51.451722	2.344342
136	45.457393	4.458929	0.000000	51.451722	2.336879
137	45.466495	4.514736	0.000000	51.451722	2.352119
138	45.478347	4.469811	0.000000	51.451722	2.330673
139	45.471072	4.473706	0.000000	51.451722	2.329453
140	45.473248	4.378503	0.000000	51.451722	2.341303
141	45.475289	4.456668	0.000000	51.451722	2.339512
142	45.476148	4.467019	0.131234	51.451722	2.316708
143	45.474997	4.476505	0.000000	51.451722	2.318560
144	45.482659	4.493053	0.000000	51.451722	2.343881
145	45.488781	4.496054	0.000000	51.451722	2.338660
146	45.484328	4.621957	0.000000	51.451722	2.321274
147	45.493877	4.598374	0.000000	51.451722	2.355871
148	45.492464	4.540922	0.000000	51.451722	2.325558
149	45.493120	4.635640	0.000000	51.451722	2.332840
150	45.491761	4.690345	0.000000	51.451722	2.336667
151	45.485902	4.700366	0.000000	51.451722	2.334963
152	45.493367	4.690014	0.000000	51.451722	2.346442
153	45.510158	4.677334	0.000000	51.451722	2.348975
154	45.494556	4.643451	0.131234	51.451722	2.330162
155	45.491096	4.681515	0.131234	51.451722	2.333132
156	45.510674	4.609024	0.000000	51.451722	2.329849
157	45.506668	4.610250	0.000000	51.451722	2.321552
158	45.522112	4.667047	0.000000	51.451722	2.367115
159	45.505440	4.653360	0.000000	51.451722	2.323257
160	45.511040	4.651464	0.000000	51.451722	2.330260
161	45.519948	4.642192	0.000000	51.451722	2.371021
162	45.514500	4.745977	0.000000	51.451722	2.309014
163	45.506793	4.687719	0.000000	51.451722	2.325955
164	45.515984	4.695747	0.000000	51.451722	2.373233
165	45.529014	4.678348	0.000000	51.451722	2.309577
166	45.530832	4.784569	0.000000	51.451722	2.325547
167	45.529920	4.797223	0.000000	51.451722	2.340456
168	45.550263	4.790121	0.131234	51.451722	2.348475
169	45.550746	4.895587	0.131234	51.451722	2.326111
170	45.547932	4.834292	0.131234	51.451722	2.349272
171	45.570540	4.772161	0.131234	51.451722	2.345803
172	45.563793	4.760483	0.000000	51.451722	2.327708
173	45.569178	4.807337	0.131234	51.451722	2.339714
174	45.569628	4.865397	0.000000	51.451722	2.345901
175	45.554116	4.807082	0.131234	51.451722	2.329041
176	45.547718	4.797246	0.131234	51.451722	2.379739
177	45.563990	4.753028	0.131234	51.451722	2.327181
178	45.563984	4.872764	0.131234	51.451722	2.349220
179	45.546532	4.926224	0.131234	51.451722	2.328510
180	45.555735	4.846580	0.131234	51.451722	2.341954
181	45.553571	4.866227	0.131234	51.451722	2.341136
182	45.565864	4.880810	0.000000	51.451722	2.353240
183	45.573115	4.946599	0.131234	51.451722	2.322611
184	45.583206	5.014648	0.000000	51.451722	2.350493
185	45.577532	4.958600	0.000000	51.451722	2.337050
186	45.579284	5.038340	0.000000	51.451722	2.328219
187	45.574224	5.093325	0.000000	51.451722	2.322830
188	45.564330	5.030484	0.262467	51.451722	2.318175
189	45.587516	5.042376	0.131234	51.451722	2.372017
190	45.569825	5.096823	0.000000	51.451722	2.330545
191	45.575863	5.072721	0.131234	51.451722	2.324315
192	45.567241	5.133915	0.131234	51.451722	2.340263
193	45.594737	5.038658	0.000000	51.451722	2.325970
194	45.587653	5.049467	0.131234	51.451722	2.323611
195	45.587963	5.087974	0.131234	51.451722	2.333353
196	45.601845	5.184469	0.000000	51.451722	2.343167
197	45.588517	5.140050	0.000000	51.451722	2.328843
198	45.612949	5.144309	0.131234	51.451722	2.339880
199	45.607078	5.063095	0.000000	51.451722	2.362773
200	45.604908	5.029847	0.000000	51.451722	2.326272
201	45.606172	5.054101	0.000000	51.451722	2.353580
202	45.610920	5.151086	0.000000	51.451722	2.337567
203	45.609057	5.124940	0.131234	51.451722	2.321448
204	45.601791	5.174370	0.131234	51.451722	2.330246
205	45.603076	5.098552	0.000000	51.451722	2.346714
206	45.585597	5.024125	0.000000	51.451722	2.335941
207	45.588127	5.211242	0.000000	51.451722	2.330608
208	45.590320	5.183550	0.131234	51.451722	2.315693
209	45.603001	5.169011	0.131234	51.451722	2.351379
210	45.591247	5.257211	0.131234	51.451722	2.347021
211	45.595670	5.099268	0.131234	51.451722	2.323051
212	45.590717	5.156625	0.131234	51.451722	2.378521
213	45.600212	5.159529	0.131234	51.451722	2.328931
214	45.605043	5.236139	0.131234	51.451722	2.328916
215	45.592809	5.199739	0.131234	51.451722	2.354631
216	45.599240	5.154692	0.131234	51.451722	2.319781
217	45.606899	5.143376	0.131234	51.451722	2.328810
218	45.596057	5.138193	0.131234	51.451722	2.356788
219	45.595437	5.171843	0.131234	51.451722	2.321108
220	45.596945	5.093338	0.131234	51.451722	2.326865
221	45.603350	5.191168	0.131234	51.451722	2.335632
222	45.597801	5.166455	0.131234	51.451722	2.324968
223	45.596525	5.191849	0.131234	51.451722	2.340538
224	45.601946	5.277719	0.131234	51.451722	2.341148
225	45.597142	5.272791	0.131234	51.451722	2.331093
226	45.614904	5.312728	0.131234	51.451722	2.338032
227	45.615262	5.226300	0.131234	51.451722	2.342596
228	45.609307	5.269041	0.000000	51.451722	2.324934
229	45.621485	5.303392	0.000000	51.451722	2.339588
230	45.623505	5.326135	0.000000	51.451722	2.347980
231	45.635521	5.378663	0.000000	51.451722	2.305529
232	45.640245	5.357986	0.000000	51.451722	2.335865
233	45.628995	5.291772	0.000000	51.451722	2.359938
234	45.626086	5.246959	0.131234	51.451722	2.318764
235	45.630112	5.366197	0.131234	51.451722	2.373770
236	45.620424	5.326972	0.131234	51.451722	2.322387
237	45.628005	5.354550	0.000000	51.451722	2.319625
238	45.636183	5.412685	0.000000	51.451722	2.338678
239	45.638394	5.460960	0.000000	51.451722	2.343039
240	45.637515	5.381410	0.000000	51.451722	2.319796
241	45.630598	5.412696	0.000000	51.451722	2.336090
242	45.640868	5.357664	0.000000	51.451722	2.354209
243	45.633203	5.432151	0.000000	51.451722	2.332891
244	45.642555	5.535439	0.131234	51.451722	2.328539
245	45.639211	5.343947	0.131234	51.451722	2.340767
246	45.628440	5.381834	0.131234	51.451722	2.337140
247	45.624185	5.427892	0.262467	51.451722	2.337275
248	45.633769	5.540943	0.131234	51.451722	2.345374
249	45.634678	5.601400	0.131234	51.451722	2.344592
250	45.641977	5.557029	0.000000	51.451722	2.339062
251	45.652574	5.534319	0.131234	51.451722	2.348238
252	45.645547	5.563206	0.131234	51.451722	2.340119
253	45.648059	5.585073	0.131234	51.451722	2.331696
254	45.653808	5.622472	0.131234	51.451722	2.342711
255	45.655239	5.592725	0.131234	51.451722	2.351881
256	45.652205	5.613223	0.131234	51.451722	2.333030
257	45.653757	5.540587	0.131234	51.451722	2.361816
258	45.652756	5.597819	0.131234	51.451722	2.323704
259	45.634863	5.672337	0.131234	51.451722	2.307918
260	45.644227	5.577105	0.131234	51.451722	2.354946
261	45.621914	5.657442	0.131234	51.451722	2.345626
262	45.633790	5.593640	0.131234	51.451722	2.317015
263	45.635539	5.661695	0.000000	51.451722	2.335562
264	45.628864	5.698977	0.131234	51.451722	2.361345
265	45.652521	5.634423	0.131234	51.451722	2.319746
266	45.642239	5.636776	0.131234	51.451722	2.331856
267	45.646176	5.582860	0.131234	51.451722	2.362532
268	45.634103	5.584358	0.131234	51.451722	2.316744
269	45.647317	5.659175	0.000000	51.451722	2.327919
270	45.633033	5.663922	0.000000	51.451722	2.341546
271	45.639831	5.669538	0.000000	51.451722	2.336834
272	45.661753	5.668985	0.000000	51.451722	2.323651
273	45.643476	5.712268	0.131234	51.451722	2.320379
274	45.654869	5.699940	0.000000	51.451722	2.325655
275	45.660120	5.681669	0.000000	51.451722	2.348341
276	45.644057	5.742001	0.131234	51.451722	2.337267
277	45.647168	5.795520	0.131234	51.451722	2.326115
278	45.655295	5.755760	0.131234	51.451722	2.370808
279	45.640728	5.803420	0.131234	51.451722	2.331771
280	45.643401	5.827662	0.131234	51.451722	2.341666
281	45.642632	5.809126	0.000000	51.451722	2.346391
282	45.653445	5.721680	0.131234	51.451722	2.317039
283	45.655844	5.742054	0.131234	51.451722	2.356200
284	45.648506	5.814175	0.131234	51.451722	2.350333
285	45.650825	5.739329	0.131234	51.451722	2.318034
286	45.643049	5.691090	0.131234	51.451722	2.367872
287	45.638484	5.724877	0.131234	51.451722	2.318092
288	45.649070	5.792673	0.131234	51.451722	2.316540
289	45.650190	5.801551	0.131234	51.451722	2.326729
290	45.661208	5.874695	0.131234	51.451722	2.363129
291	45.644236	5.858783	0.131234	51.451722	2.325618
292	45.651111	5.871261	0.131234	51.451722	2.325492
293	45.655367	5.828996	0.131234	51.451722	2.358606
294	45.655334	5.771175	0.131234	51.451722	2.330459
295	45.641813	5.836915	0.131234	51.451722	2.330954
296	45.646277	5.815692	0.131234	51.451722	2.331523
297	45.650610	5.780323	0.000000	51.451722	2.339262
298	45.649448	5.870679	0.000000	51.451722	2.337525
299	45.650530	5.796324	0.000000	51.451722	2.346465
300	45.655149	5.886719	0.131234	51.451722	2.352510
301	45.654619	5.828489	0.262467	51.451722	2.339758
302	45.645630	5.833046	0.000000	51.451722	2.306918
303	45.640260	5.961247	0.000000	51.451722	2.353639
304	45.642757	5.911354	0.000000	51.451722	2.332000
305	45.640633	5.956333	0.000000	51.451722	2.317683
306	45.662251	5.933507	0.131234	51.451722	2.349554
307	45.652950	5.876489	0.000000	51.451722	2.349619
308	45.649484	5.937345	0.000000	51.451722	2.315327
309	45.657980	5.885823	0.131234	51.451722	2.353796
310	45.646730	5.859694	0.131234	51.451722	2.339525
311	45.645505	5.905291	0.131234	51.451722	2.315855
312	45.659989	5.993136	0.131234	51.451722	2.335506
313	45.641026	5.868626	0.131234	51.451722	2.351501
314	45.666063	5.876868	0.131234	51.451722	2.320350
315	45.650184	5.826993	0.131234	51.451722	2.333354
316	45.660466	5.858726	0.131234	51.451722	2.371929
317	45.654589	5.787799	0.131234	51.451722	2.312994
318	45.662647	5.867624	0.131234	51.451722	2.336353
319	45.638877	5.925759	0.131234	51.451722	2.349736
320	45.641762	5.823380	0.131234	51.451722	2.323346
321	45.654905	5.825396	0.131234	51.451722	2.338046
322	45.651358	5.842869	0.131234	51.451722	2.359256
323	45.665401	5.903205	0.262467	51.451722	2.326217
324	45.644438	5.874251	0.131234	51.451722	2.331500
325	45.656163	5.948646	0.131234	51.451722	2.328758
326	45.656544	5.929755	0.131234	51.451722	2.353886
327	45.645070	5.866233	0.131234	51.451722	2.335513
328	45.656627	5.937710	0.131234	51.451722	2.329137
329	45.655286	5.889687	0.131234	51.451722	2.358116
330	45.668373	5.894231	0.131234	51.451722	2.326194
331	45.651543	5.955622	0.131234	51.451722	2.327430
332	45.648292	5.956125	0.131234	51.451722	2.354076
333	45.652086	5.928585	0.131234	51.451722	2.311144
334	45.660859	5.918419	0.131234	51.451722	2.326448
335	45.666885	5.832985	0.131234	51.451722	2.364114
336	45.663098	5.929379	0.131234	51.451722	2.331961
337	45.650196	5.932540	0.131234	51.451722	2.327260
338	45.641229	5.956106	0.131234	51.451722	2.335539
339	45.649868	5.948695	0.131234	51.451722	2.328028
340	45.634964	5.909489	0.131234	51.451722	2.334958
341	45.656073	6.050425	0.131234	51.451722	2.335380
342	45.662922	6.000402	0.131234	51.451722	2.356593
343	45.649344	6.000473	0.131234	51.451722	2.332882
344	45.642683	5.990473	0.262467	51.451722	2.352267
345	45.652005	6.030353	0.131234	51.451722	2.339633
346	45.659745	6.068730	0.131234	51.451722	2.323193
347	45.646682	6.083790	0.131234	51.451722	2.332968
348	45.648369	6.061010	0.131234	51.451722	2.330691
349	45.628616	6.187341	0.131234	51.451722	2.352088
350	45.637050	6.188123	0.000000	51.451722	2.327923
351	45.631146	6.201632	0.131234	51.451722	2.336306
352	45.632640	6.258154	0.131234	51.451722	2.354902
353	45.640624	6.165412	0.131234	51.451722	2.305652
354	45.633721	6.125384	0.000000	51.451722	2.312156
355	45.636475	6.086123	0.000000	51.451722	2.336617
356	45.643494	6.055450	0.000000	51.451722	2.361510
357	45.661491	6.078150	0.000000	51.451722	2.316097
358	45.651764	6.135111	0.000000	51.451722	2.322916
359	45.652139	6.130608	0.000000	51.451722	2.358627
360	45.655146	6.121494	0.000000	51.451722	2.321698
361	45.649546	6.143610	0.131234	51.451722	2.326761
362	45.655692	6.275433	0.131234	51.451722	2.330787
363	45.656291	6.244906	0.131234	51.451722	2.321494
364	45.667988	6.173557	0.262467	51.451722	2.346416
365	45.652103	6.151885	0.131234	51.451722	2.335201
366	45.659810	6.203541	0.000000	51.451722	2.325298
367	45.651329	6.136601	0.131234	51.451722	2.367279
368	45.643044	6.193846	0.131234	51.451722	2.315245
369	45.636684	6.190617	0.131234	51.451722	2.328568
370	45.646778	6.226235	0.131234	51.451722	2.351086
371	45.652425	6.209476	0.131234	51.451722	2.325746
372	45.661086	6.176884	0.262467	51.451722	2.314856
373	45.662713	6.237844	0.131234	51.451722	2.333018
374	45.650417	6.242012	0.131234	51.451722	2.373706
375	45.639819	6.351661	0.131234	51.451722	2.325593
376	45.637622	6.287924	0.131234	51.451722	2.357485
377	45.643348	6.268192	0.131234	51.451722	2.333910
378	45.653546	6.266336	0.131234	51.451722	2.331372
379	45.649797	6.307618	0.131234	51.451722	2.356688
380	45.636603	6.350279	0.131234	51.451722	2.330719
381	45.650387	6.302886	0.131234	51.451722	2.338328
382	45.836359	6.353853	0.131234	51.451722	2.364454
383	45.900261	6.296096	0.131234	51.451722	2.327259
384	45.929962	6.360789	0.131234	51.451722	2.351922
385	45.947471	6.371605	0.131234	51.451722	2.342589
386	45.956665	6.354403	0.131234	51.451722	2.318748
387	45.946485	6.400239	0.131234	51.451722	2.343860
388	45.963490	6.380961	0.131234	51.451722	2.353390
389	45.977896	6.461052	0.131234	51.451722	2.327186
390	45.977518	6.409454	0.131234	51.451722	2.330609
391	45.992339	6.404519	0.131234	51.451722	2.339349
392	45.997024	6.377404	0.131234	51.451722	2.345627
393	46.003580	6.308052	0.131234	51.451722	2.329442
394	45.997375	6.337091	0.000000	51.451722	2.346395
395	46.002978	6.335910	0.131234	51.451722	2.346389
396	46.001220	6.370240	0.131234	51.451722	2.334944
397	45.997444	6.375209	0.131234	51.451722	2.339567
398	45.998174	6.375288	0.131234	51.451722	2.335727
399	45.996615	6.303493	0.131234	51.451722	2.318889
400	46.005368	6.317020	0.131234	51.451722	2.332688
401	46.008572	6.352970	0.131234	51.451722	2.352972
402	46.019208	6.356046	0.131234	51.451722	2.317081
403	46.019638	6.327005	0.131234	51.451722	2.321092
404	46.014452	6.373655	0.131234	51.451722	2.352667
405	46.011725	6.426302	0.131234	51.451722	2.336896
406	46.002603	6.421114	0.131234	51.451722	2.329949
407	46.009862	6.312194	0.131234	51.451722	2.341593
408	46.016791	6.388976	0.131234	51.451722	2.344671
409	46.027881	6.320105	0.131234	51.451722	2.332260
410	46.019810	6.379226	0.131234	51.451722	2.354998
411	46.020389	6.355659	0.131234	51.451722	2.331035
412	46.021912	6.374593	0.131234	51.451722	2.335008
413	46.015704	6.409641	0.131234	51.451722	2.345951
414	46.011281	6.404079	0.131234	51.451722	2.336215
415	46.014315	6.361697	0.131234	51.451722	2.337927
416	45.997792	6.364503	0.131234	51.451722	2.357089
417	46.011493	6.404227	0.131234	51.451722	2.332012
418	46.011806	6.392400	0.131234	51.451722	2.339232
419	46.007675	6.387604	0.131234	51.451722	2.334389
420	46.000051	6.460741	0.131234	51.451722	2.338279
421	46.010393	6.432785	0.131234	51.451722	2.338793
422	46.020454	6.358095	0.131234	51.451722	2.322783
423	46.020755	6.356914	0.131234	51.451722	2.352968
424	46.029472	6.366969	0.131234	51.451722	2.341303
425	46.025413	6.392735	0.131234	51.451722	2.354712
426	46.026376	6.419093	0.131234	51.451722	2.347361
427	46.030489	6.332993	0.131234	51.451722	2.318480
428	46.021628	6.374706	0.000000	51.451722	2.343058
429	46.029180	6.373106	0.000000	51.451722	2.348639
430	46.039718	6.407971	0.131234	51.451722	2.321958
431	46.026984	6.401822	0.131234	51.451722	2.330966
432	46.027231	6.413586	0.131234	51.451722	2.370337
433	46.031046	6.454956	0.000000	51.451722	2.321313
434	46.021789	6.354153	0.131234	51.451722	2.347167
435	46.039590	6.406205	0.131234	51.451722	2.341041
436	46.023375	6.351174	0.131234	51.451722	2.322209
437	46.027708	6.316813	0.131234	51.451722	2.341027
438	46.027568	6.383351	0.131234	51.451722	2.355669
439	46.030027	6.420485	0.131234	51.451722	2.325353
440	46.024054	6.366616	0.131234	51.451722	2.366928
441	46.022874	6.419390	0.131234	51.451722	2.321553
442	46.033350	6.361485	0.131234	51.451722	2.332072
443	46.025473	6.324693	0.000000	51.451722	2.360499
444	46.015167	6.365575	0.000000	51.451722	2.324462
445	46.023047	6.354095	0.131234	51.451722	2.324850
446	46.021953	6.373833	0.131234	51.451722	2.345563
447	46.022192	6.454259	0.131234	51.451722	2.348323
448	46.021193	6.414499	0.131234	51.451722	2.320482
449	46.022245	6.378465	0.000000	51.451722	2.331011
450	46.013540	6.393524	0.000000	51.451722	2.331592
451	46.014911	6.422355	0.131234	51.451722	2.353981
452	46.011546	6.371943	0.131234	51.451722	2.327769
453	46.027181	6.284025	0.131234	51.451722	2.336844
454	46.019316	6.376688	0.131234	51.451722	2.355912
455	46.017322	6.363491	0.000000	51.451722	2.322608
456	46.024567	6.413043	0.000000	51.451722	2.324764
457	46.020627	6.421227	0.000000	51.451722	2.367665
458	46.027163	6.442048	0.000000	51.451722	2.315577
459	46.038565	6.416405	0.000000	51.451722	2.335041
460	46.020544	6.409073	0.000000	51.451722	2.363177
461	46.034145	6.430899	0.000000	51.451722	2.315306
462	46.040171	6.453050	0.131234	51.451722	2.341668
463	46.036440	6.388862	0.131234	51.451722	2.355508
464	46.035177	6.439273	0.000000	51.451722	2.315589
465	46.040145	6.469735	0.000000	51.451722	2.326675
466	46.032804	6.444911	0.131234	51.451722	2.345501
467	46.025327	6.454808	0.131234	51.451722	2.337739
468	46.030343	6.411193	0.131234	51.451722	2.335841
469	46.031240	6.515076	0.131234	51.451722	2.373533
470	46.036977	6.491053	0.131234	51.451722	2.315642
471	46.039450	6.507044	0.000000	51.451722	2.332973
472	46.028048	6.472079	0.131234	51.451722	2.336916
473	46.016955	6.460391	0.131234	51.451722	2.346994
474	46.011519	6.419660	0.131234	51.451722	2.338583
475	46.024585	6.448402	0.000000	51.451722	2.357536
476	46.027398	6.420757	0.131234	51.451722	2.325361
477	46.017349	6.403830	0.131234	51.451722	2.338645
478	46.009058	6.410641	0.131234	51.451722	2.337740
479	46.018666	6.406934	0.000000	51.451722	2.332988
480	46.027389	6.443165	0.131234	51.451722	2.328343
481	46.020138	6.408572	0.262467	51.451722	2.312707
482	46.028909	6.483201	0.131234	51.451722	2.354218
483	46.034172	6.362765	0.131234	51.451722	2.342855
484	46.040532	6.389724	0.131234	51.451722	2.313194
485	46.041507	6.388083	0.131234	51.451722	2.343786
486	46.026266	6.412802	0.131234	51.451722	2.336866
487	46.014261	6.414291	0.131234	51.451722	2.320968
488	46.007609	6.393739	0.131234	51.451722	2.331912
489	46.025759	6.397056	0.131234	51.451722	2.360054
490	46.020761	6.418694	0.131234	51.451722	2.329476
491	46.027869	6.321241	0.131234	51.451722	2.333791
492	46.018755	6.377679	0.131234	51.451722	2.374191
493	46.031669	6.376884	0.000000	51.451722	2.323279
494	46.024930	6.471181	0.131234	51.451722	2.360436
495	46.042246	6.512821	0.000000	51.451722	2.338846
496	46.036971	6.538083	0.131234	51.451722	2.329642
497	46.037424	6.491391	0.131234	51.451722	2.344024
498	46.045974	6.483729	0.131234	51.451722	2.345233
499	46.043178	6.454028	0.131234	51.451722	2.334274
500	46.046555	6.432220	0.131234	51.451722	2.331864
501	46.033815	6.475184	0.131234	51.451722	2.339664
502	46.042326	6.532571	0.131234	51.451722	2.330041
503	46.045089	6.485555	0.131234	51.451722	2.324894
504	46.052140	6.393881	0.131234	51.451722	2.341056
505	46.044412	6.397349	0.131234	51.451722	2.343497
506	46.055037	6.439799	0.131234	51.451722	2.333521
507	46.048459	6.430150	0.131234	51.451722	2.344379
508	46.049255	6.410036	0.131234	51.451722	2.347569
509	46.035016	6.368184	0.131234	51.451722	2.319572
510	46.028572	6.398222	0.131234	51.451722	2.332534
511	46.037769	6.360903	0.131234	51.451722	2.362802
512	46.041298	6.384299	0.131234	51.451722	2.309622
513	46.043909	6.415285	0.131234	51.451722	2.344489
514	46.044123	6.352735	0.131234	51.451722	2.350752
515	46.044058	6.366298	0.131234	51.451722	2.320949
516	46.045017	6.378025	0.131234	51.451722	2.319530
517	46.037054	6.428531	0.000000	51.451722	2.358321
518	46.037203	6.446448	0.131234	51.451722	2.330003
519	46.033460	6.400626	0.000000	51.451722	2.325194
520	46.019137	6.479039	0.000000	51.451722	2.353816
521	46.021190	6.458821	0.000000	51.451722	2.342662
522	46.013606	6.494487	0.000000	51.451722	2.325425
523	46.024883	6.502976	0.000000	51.451722	2.341223
524	46.046165	6.440661	0.131234	51.451722	2.337533
525	46.035531	6.462756	0.131234	51.451722	2.334359
526	46.034515	6.452324	0.262467	51.451722	2.331769
527	46.030101	6.331994	0.131234	51.451722	2.350797
528	46.034414	6.416240	0.131234	51.451722	2.338676
529	46.033269	6.464253	0.131234	51.451722	2.311933
530	46.050754	6.426523	0.262467	51.451722	2.350840
531	46.052521	6.442744	0.262467	51.451722	2.346910
532	46.047163	6.478531	0.262467	51.451722	2.319608
533	46.046883	6.457010	0.131234	51.451722	2.352623
534	46.050674	6.475291	0.131234	51.451722	2.348653
535	46.051282	6.446994	0.131234	51.451722	2.326265
536	46.053058	6.428741	0.131234	51.451722	2.363231
537	46.049488	6.419238	0.131234	51.451722	2.319150
538	46.041927	6.440643	0.131234	51.451722	2.319228
539	46.019244	6.493658	0.131234	51.451722	2.340177
540	46.041149	6.464705	0.131234	51.451722	2.344808
541	46.040982	6.439612	0.131234	51.451722	2.327530
542	46.029013	6.390108	0.131234	51.451722	2.349644
543	46.044546	6.415881	0.131234	51.451722	2.352215
544	46.051812	6.473082	0.262467	51.451722	2.330224
545	46.046245	6.363272	0.131234	51.451722	2.358527
546	46.035743	6.371101	0.131234	51.451722	2.332429
547	46.043390	6.405380	0.131234	51.451722	2.330151
548	46.046150	6.432769	0.131234	51.451722	2.348271
549	46.052048	6.465051	0.262467	51.451722	2.335890
550	46.039969	6.555623	0.000000	51.451722	2.329067
551	46.036977	6.466203	0.131234	51.451722	2.332691
552	46.043274	6.439721	0.000000	51.451722	2.335318
553	46.029806	6.396012	0.000000	51.451722	2.331909
554	46.036017	6.428984	0.131234	51.451722	2.330265
555	46.026331	6.470572	0.131234	51.451722	2.331935
556	46.037558	6.429216	0.131234	51.451722	2.356056
557	46.049148	6.425926	0.131234	51.451722	2.332933
558	46.194077	6.446134	0.131234	51.451722	2.346869
559	46.241030	6.380831	0.131234	51.451722	2.344116
560	46.258581	6.460576	0.131234	51.451722	2.311926
561	46.269053	6.485154	0.131234	51.451722	2.342209
562	46.270961	6.497676	0.131234	51.451722	2.368679
563	46.288490	6.476171	0.262467	51.451722	2.320351
564	46.285397	6.469673	0.131234	51.451722	2.369184
565	46.279976	6.463635	0.131234	51.451722	2.327162
566	46.293962	6.460069	0.131234	51.451722	2.323088
567	46.298012	6.424110	0.262467	51.451722	2.357384
568	46.287882	6.385203	0.262467	51.451722	2.329613
569	46.289665	6.436059	0.262467	51.451722	2.324831
570	46.283549	6.478189	0.262467	51.451722	2.365899
571	46.286857	6.468968	0.262467	51.451722	2.330661
572	46.297094	6.470235	0.262467	51.451722	2.323984
573	46.300447	6.442006	0.131234	51.451722	2.362669
574	46.301731	6.444862	0.131234	51.451722	2.324404
575	46.305496	6.467128	0.262467	51.451722	2.327925
576	46.301877	6.434599	0.131234	51.451722	2.368726
577	46.304065	6.429190	0.131234	51.451722	2.329037
578	46.300694	6.472594	0.131234	51.451722	2.326652
579	46.303424	6.501394	0.131234	51.451722	2.384574
580	46.300209	6.442060	0.131234	51.451722	2.326579
581	46.301669	6.418630	0.131234	51.451722	2.368184
582	46.296966	6.405565	0.131234	51.451722	2.321727
583	46.296632	6.409791	0.131234	51.451722	2.331771
584	46.310598	6.357387	0.131234	51.451722	2.346547
585	46.305877	6.404683	0.131234	51.451722	2.343875
586	46.312737	6.425876	0.131234	51.451722	2.328601
587	46.319932	6.362656	0.131234	51.451722	2.372651
588	46.316582	6.405219	0.131234	51.451722	2.324852
589	46.314323	6.415653	0.000000	51.451722	2.359792
590	46.303976	6.402241	0.131234	51.451722	2.333531
591	46.311936	6.424537	0.131234	51.451722	2.319947
592	46.314037	6.418846	0.262467	51.451722	2.352095
593	46.312994	6.408374	0.131234	51.451722	2.346034
594	46.309274	6.442962	0.131234	51.451722	2.338602
595	46.319047	6.477171	0.131234	51.451722	2.353552
596	46.302450	6.409790	0.000000	51.451722	2.340708
597	46.315759	6.449711	0.000000	51.451722	2.335286
598	46.317625	6.435451	0.131234	51.451722	2.341428
599	46.322632	6.366815	0.131234	51.451722	2.335286
600	46.320677	6.401573	0.131234	51.451722	2.334657
601	46.322024	6.375483	0.000000	51.451722	2.358594
602	46.325070	6.400377	0.000000	51.451722	2.338809
603	46.322376	6.384453	0.000000	51.451722	2.336135
604	46.322137	6.458816	0.000000	51.451722	2.349922
605	46.315402	6.416595	0.000000	51.451722	2.339093
606	46.309179	6.446709	0.000000	51.451722	2.349169
607	46.311611	6.354442	0.000000	51.451722	2.337543
608	46.315616	6.393810	0.000000	51.451722	2.336296
609	46.320391	6.345073	0.000000	51.451722	2.329007
610	46.320313	6.407534	0.000000	51.451722	2.362809
611	46.318483	6.422223	0.131234	51.451722	2.335713
612	46.313292	6.437328	0.131234	51.451722	2.337938
613	46.323061	6.436700	0.131234	51.451722	2.351037
614	46.329632	6.389447	0.131234	51.451722	2.337307
615	46.326670	6.449508	0.131234	51.451722	2.355525
616	46.320003	6.436440	0.131234	51.451722	2.337451
617	46.317393	6.487621	0.131234	51.451722	2.319247
618	46.311784	6.482703	0.131234	51.451722	2.349768
619	46.309650	6.484054	0.131234	51.451722	2.347394
620	46.299350	6.450185	0.131234	51.451722	2.331702
621	46.310163	6.450252	0.131234	51.451722	2.369740
622	46.309787	6.456432	0.000000	51.451722	2.337514
623	46.315944	6.411758	0.131234	51.451722	2.357689
624	46.319389	6.447223	0.000000	51.451722	2.330439
625	46.323794	6.477918	0.131234	51.451722	2.329366
626	46.306479	6.506845	0.000000	51.451722	2.357956
627	46.311009	6.420740	0.000000	51.451722	2.340785
628	46.315107	6.424379	0.000000	51.451722	2.332089
629	46.320802	6.455834	0.000000	51.451722	2.359967
630	46.320751	6.465023	0.000000	51.451722	2.342080
631	46.322364	6.445105	0.000000	51.451722	2.358475
632	46.316245	6.507923	0.131234	51.451722	2.331063
633	46.315742	6.484495	0.000000	51.451722	2.320597
634	46.321324	6.553297	0.131234	51.451722	2.364295
635	46.325412	6.522631	0.131234	51.451722	2.341243
636	46.318978	6.519771	0.131234	51.451722	2.326160
637	46.322519	6.533252	0.131234	51.451722	2.383993
638	46.322948	6.456783	0.131234	51.451722	2.310287
639	46.320784	6.523039	0.131234	51.451722	2.346251
640	46.322447	6.540453	0.000000	51.451722	2.345798
641	46.312863	6.500060	0.131234	51.451722	2.319666
642	46.320194	6.506441	0.131234	51.451722	2.337084
643	46.329519	6.527011	0.131234	51.451722	2.358938
644	46.330339	6.482037	0.131234	51.451722	2.323841
645	46.321166	6.499666	0.131234	51.451722	2.353059
646	46.312100	6.482841	0.131234	51.451722	2.340440
647	46.323222	6.506018	0.131234	51.451722	2.318972
648	46.314955	6.535972	0.131234	51.451722	2.344985
649	46.314669	6.534571	0.131234	51.451722	2.344764
650	46.307924	6.537796	0.131234	51.451722	2.323910
651	46.317130	6.548347	0.131234	51.451722	2.333090
652	46.319121	6.513380	0.131234	51.451722	2.364374
653	46.311915	6.548141	0.131234	51.451722	2.317584
654	46.318483	6.579816	0.131234	51.451722	2.331308
655	46.326214	6.497580	0.131234	51.451722	2.345932
656	46.314976	6.534976	0.131234	51.451722	2.329993
657	46.319234	6.514235	0.131234	51.451722	2.337957
658	46.317887	6.521715	0.131234	51.451722	2.351306
659	46.321929	6.525868	0.131234	51.451722	2.337881
660	46.321559	6.505186	0.131234	51.451722	2.328045
661	46.318597	6.544729	0.131234	51.451722	2.322802
662	46.311998	6.494397	0.131234	51.451722	2.355528
663	46.317601	6.509935	0.131234	51.451722	2.332969
664	46.313232	6.522309	0.131234	51.451722	2.321601
665	46.322078	6.494570	0.131234	51.451722	2.358260
666	46.315894	6.556453	0.131234	51.451722	2.336339
667	46.312961	6.568240	0.131234	51.451722	2.329721
668	46.319836	6.571884	0.131234	51.451722	2.350923
669	46.326041	6.534507	0.131234	51.451722	2.327885
670	46.322471	6.519858	0.131234	51.451722	2.325302
671	46.319002	6.514808	0.131234	51.451722	2.342280
672	46.321857	6.577872	0.131234	51.451722	2.348850
673	46.327254	6.588919	0.000000	51.451722	2.324696
674	46.325284	6.525432	0.131234	51.451722	2.363329
675	46.325162	6.513572	0.131234	51.451722	2.330981
676	46.328658	6.539165	0.131234	51.451722	2.331209
677	46.316952	6.461029	0.131234	51.451722	2.359713
678	46.319041	6.566568	0.131234	51.451722	2.330260
679	46.318161	6.564289	0.131234	51.451722	2.330229
680	46.324503	6.508162	0.131234	51.451722	2.370278
681	46.318340	6.462398	0.131234	51.451722	2.319367
682	46.312809	6.486220	0.131234	51.451722	2.332380
683	46.321729	6.587377	0.000000	51.451722	2.335212
684	46.319056	6.582027	0.131234	51.451722	2.345540
685	46.316624	6.613856	0.131234	51.451722	2.332591
686	46.324107	6.606138	0.131234	51.451722	2.347675
687	46.313876	6.595819	0.131234	51.451722	2.332587
688	46.312654	6.531926	0.131234	51.451722	2.331798
689	46.310845	6.566078	0.131234	51.451722	2.325809
690	46.319580	6.545720	0.131234	51.451722	2.356460
691	46.326488	6.552901	0.131234	51.451722	2.336639
692	46.319202	6.585433	0.131234	51.451722	2.328311
693	46.322051	6.556734	0.000000	51.451722	2.366873
694	46.311072	6.582247	0.131234	51.451722	2.329630
695	46.319428	6.561625	0.131234	51.451722	2.357734
696	46.459129	6.557345	0.131234	51.451722	2.348883
697	46.489078	6.576063	0.131234	51.451722	2.327585
698	46.499214	6.538052	0.131234	51.451722	2.354529
699	46.506134	6.554755	0.131234	51.451722	2.340852
700	46.510792	6.547888	0.131234	51.451722	2.355127
701	46.517232	6.524671	0.131234	51.451722	2.337218
702	46.516609	6.525792	0.131234	51.451722	2.329377
703	46.523461	6.555874	0.131234	51.451722	2.342043
704	46.521437	6.558059	0.131234	51.451722	2.350448
705	46.524912	6.527821	0.131234	51.451722	2.318747
706	46.528137	6.515611	0.131234	51.451722	2.363320
707	46.531549	6.552167	0.131234	51.451722	2.346592
708	46.535650	6.521086	0.131234	51.451722	2.328857
709	46.536094	6.534184	0.131234	51.451722	2.372003
710	46.531987	6.498902	0.131234	51.451722	2.340882
711	46.538076	6.517197	0.131234	51.451722	2.355007
712	46.541560	6.514274	0.131234	51.451722	2.337829
713	46.540201	6.503258	0.131234	51.451722	2.325499
714	46.543583	6.475875	0.131234	51.451722	2.360934
715	46.543151	6.487352	0.131234	51.451722	2.332810
716	46.541351	6.476135	0.131234	51.451722	2.341624
717	46.541214	6.486183	0.131234	51.451722	2.361862
718	46.544445	6.497019	0.131234	51.451722	2.332379
719	46.544814	6.495373	0.131234	51.451722	2.358902
720	46.542394	6.491863	0.131234	51.451722	2.338537
721	46.547940	6.482840	0.131234	51.451722	2.334075
722	46.550331	6.484218	0.131234	51.451722	2.361030
723	46.550593	6.509250	0.131234	51.451722	2.340008
724	46.545702	6.496380	0.131234	51.451722	2.356649
725	46.544629	6.486585	0.131234	51.451722	2.341881
726	46.544439	6.490530	0.131234	51.451722	2.345680
727	46.548596	6.467737	0.131234	51.451722	2.336037
728	46.542025	6.506351	0.131234	51.451722	2.331996
729	46.549308	6.495727	0.131234	51.451722	2.321204
730	46.548125	6.513562	0.131234	51.451722	2.364776
731	46.545845	6.530730	0.131234	51.451722	2.338786
732	46.546915	6.543979	0.131234	51.451722	2.358091
733	46.545553	6.536850	0.131234	51.451722	2.349216
734	46.545261	6.564542	0.131234	51.451722	2.326330
735	46.541840	6.570573	0.131234	51.451722	2.358123
736	46.536756	6.540545	0.131234	51.451722	2.337850
737	46.543199	6.531665	0.131234	51.451722	2.348041
738	46.543497	6.568791	0.131234	51.451722	2.341719
739	46.545118	6.549054	0.131234	51.451722	2.334596
740	46.544033	6.511060	0.131234	51.451722	2.354212
741	46.544218	6.494826	0.131234	51.451722	2.348162
742	46.540883	6.495311	0.131234	51.451722	2.330669
743	46.543366	6.509070	0.131234	51.451722	2.356072
744	46.542662	6.512792	0.131234	51.451722	2.331599
745	46.538228	6.526831	0.131234	51.451722	2.348294
746	46.539140	6.503267	0.131234	51.451722	2.348846
747	46.538305	6.533104	0.131234	51.451722	2.336975
748	46.538198	6.508960	0.131234	51.451722	2.361686
749	46.539623	6.508080	0.131234	51.451722	2.340043
750	46.539629	6.556339	0.131234	51.451722	2.343862
751	46.547005	6.479457	0.131234	51.451722	2.341660
752	46.546513	6.504296	0.131234	51.451722	2.339918
753	46.544105	6.541311	0.131234	51.451722	2.350394
754	46.550018	6.504725	0.131234	51.451722	2.345746
755	46.543637	6.567128	0.131234	51.451722	2.336069
756	46.540612	6.546382	0.131234	51.451722	2.366482
757	46.544304	6.566902	0.131234	51.451722	2.336477
758	46.547279	6.579968	0.131234	51.451722	2.343688
759	46.546516	6.539154	0.131234	51.451722	2.348421
760	46.542066	6.534227	0.131234	51.451722	2.343690
761	46.545702	6.522585	0.131234	51.451722	2.355820
762	46.546239	6.566780	0.131234	51.451722	2.344510
763	46.551976	6.531710	0.131234	51.451722	2.342725
764	46.553472	6.521553	0.131234	51.451722	2.340735
765	46.554279	6.531536	0.131234	51.451722	2.338641
766	46.554977	6.534230	0.131234	51.451722	2.354055
767	46.557578	6.499688	0.131234	51.451722	2.334278
768	46.557325	6.521173	0.131234	51.451722	2.354866
769	46.553153	6.524497	0.131234	51.451722	2.350564
770	46.552899	6.496198	0.131234	51.451722	2.332204
771	46.556121	6.466689	0.131234	51.451722	2.342947
772	46.552610	6.515986	0.131234	51.451722	2.346906
773	46.561089	6.516749	0.131234	51.451722	2.360049
774	46.558210	6.520839	0.131234	51.451722	2.344644
775	46.555108	6.511840	0.131234	51.451722	2.350334
776	46.552229	6.511628	0.131234	51.451722	2.346683
777	46.556079	6.538591	0.131234	51.451722	2.334523
778	46.555063	6.533907	0.131234	51.451722	2.356552
779	46.556288	6.505696	0.262467	51.451722	2.340787
780	46.553236	6.512809	0.131234	51.451722	2.351306
781	46.550846	6.553848	0.131234	51.451722	2.354299
782	46.548223	6.518690	0.131234	51.451722	2.336249
783	46.552855	6.544382	0.131234	51.451722	2.366561
784	46.552378	6.501252	0.131234	51.451722	2.328853
785	46.551532	6.478781	0.131234	51.451722	2.348773
786	46.553254	6.459909	0.131234	51.451722	2.338036
787	46.553579	6.450832	0.262467	51.451722	2.326953
788	46.555483	6.475065	0.131234	51.451722	2.347222
789	46.550608	6.463362	0.131234	51.451722	2.346014
790	46.552616	6.471542	0.131234	51.451722	2.333809
791	46.560070	6.497312	0.262467	51.451722	2.370300
792	46.548814	6.502616	0.131234	51.451722	2.324748
793	46.557507	6.474437	0.131234	51.451722	2.344667
794	46.555710	6.494324	0.131234	51.451722	2.343756
795	46.556258	6.461025	0.131234	51.451722	2.326058
796	46.560690	6.512194	0.131234	51.451722	2.351154
797	46.559352	6.522695	0.131234	51.451722	2.351017
798	46.560138	6.503995	0.131234	51.451722	2.334554
799	46.559700	6.503158	0.131234	51.451722	2.355969
800	46.554777	6.532129	0.131234	51.451722	2.329359
801	46.558696	6.491655	0.131234	51.451722	2.336133
802	46.559143	6.484347	0.131234	51.451722	2.342567
803	46.563005	6.512692	0.131234	51.451722	2.336460
804	46.557570	6.518227	0.131234	51.451722	2.344126
805	46.555233	6.527873	0.131234	51.451722	2.367364
806	46.555662	6.539571	0.131234	51.451722	2.337678
807	46.556848	6.487709	0.131234	51.451722	2.355683
808	46.559596	6.508027	0.131234	51.451722	2.330266
809	46.561816	6.497198	0.131234	51.451722	2.332982
810	46.554267	6.481459	0.131234	51.451722	2.348817
811	46.556610	6.447821	0.131234	51.451722	2.346501
812	46.560359	6.468392	0.131234	51.451722	2.353664
813	46.559256	6.486882	0.131234	51.451722	2.344058
814	46.562093	6.474842	0.131234	51.451722	2.344698
815	46.565115	6.479418	0.131234	51.451722	2.338484
816	46.560472	6.490240	0.131234	51.451722	2.333188
817	46.560046	6.524495	0.131234	51.451722	2.345268
818	46.556190	6.463487	0.262467	51.451722	2.359099
819	46.561223	6.508485	0.131234	51.451722	2.333154
820	46.558380	6.508435	0.131234	51.451722	2.360117
821	46.560675	6.523300	0.131234	51.451722	2.345542
822	46.563244	6.507656	0.131234	51.451722	2.337281
823	46.567154	6.453438	0.131234	51.451722	2.352067
824	46.561784	6.505426	0.131234	51.451722	2.336861
825	46.559951	6.502553	0.131234	51.451722	2.347463
826	46.555108	6.471805	0.131234	51.451722	2.348054
827	46.551251	6.523146	0.131234	51.451722	2.332933
828	46.554768	6.544331	0.131234	51.451722	2.383891
829	46.555626	6.518027	0.131234	51.451722	2.334494
830	46.556330	6.545451	0.131234	51.451722	2.341890
831	46.564728	6.516547	0.131234	51.451722	2.336528
832	46.559417	6.529581	0.131234	51.451722	2.330739
833	46.563217	6.567324	0.131234	51.451722	2.353796
834	46.559876	6.511299	0.131234	51.451722	2.341925
835	46.555904	6.512148	0.131234	51.451722	2.329757
836	46.564239	6.507757	0.131234	51.451722	2.339174
837	46.558309	6.517682	0.131234	51.451722	2.345624
838	46.563959	6.530345	0.131234	51.451722	2.342290
839	46.560735	6.501636	0.131234	51.451722	2.341524
840	46.560228	6.507492	0.131234	51.451722	2.336840
841	46.556801	6.479033	0.131234	51.451722	2.338294
842	46.561924	6.489242	0.131234	51.451722	2.339005
843	46.563423	6.510854	0.131234	51.451722	2.350435
844	46.564406	6.512033	0.131234	51.451722	2.332689
845	46.564913	6.491536	0.131234	51.451722	2.353914
846	46.564108	6.474388	0.131234	51.451722	2.342376
847	46.563125	6.448158	0.131234	51.451722	2.348562
848	46.564838	6.497710	0.131234	51.451722	2.351841
849	46.562773	6.468680	0.131234	51.451722	2.354087
850	46.558711	6.512917	0.131234	51.451722	2.339427
851	46.560824	6.501088	0.131234	51.451722	2.338628
852	46.558803	6.520999	0.131234	51.451722	2.341934
853	46.561557	6.482302	0.131234	51.451722	2.337554
854	46.563816	6.505552	0.131234	51.451722	2.342613
855	46.564430	6.500658	0.131234	51.451722	2.351321
856	46.565020	6.510849	0.131234	51.451722	2.349361
857	46.561408	6.519016	0.131234	51.451722	2.359527
858	46.570587	6.498663	0.131234	51.451722	2.332983
859	46.561009	6.475943	0.131234	51.451722	2.326448
860	46.558410	6.492429	0.131234	51.451722	2.332462
861	46.564463	6.511540	0.131234	51.451722	2.353790
862	46.564570	6.489922	0.131234	51.451722	2.340053
863	46.561581	6.499985	0.131234	51.451722	2.351002
864	46.561378	6.460109	0.131234	51.451722	2.340887
865	46.564806	6.479743	0.131234	51.451722	2.339477
866	46.561801	6.490013	0.131234	51.451722	2.342286
867	46.563452	6.488941	0.131234	51.451722	2.345651
868	46.567827	6.463081	0.131234	51.451722	2.338050
869	46.564090	6.477627	0.131234	51.451722	2.351487
870	46.567208	6.476421	0.131234	51.451722	2.340240
871	46.561444	6.495063	0.131234	51.451722	2.362058
872	46.555209	6.493590	0.131234	51.451722	2.344405
873	46.560812	6.486967	0.131234	51.451722	2.332586
874	46.560234	6.479114	0.131234	51.451722	2.346322
875	46.565992	6.484255	0.131234	51.451722	2.332194
876	46.559560	6.493310	0.131234	51.451722	2.330111
877	46.560872	6.483403	0.131234	51.451722	2.338694
878	46.564424	6.478789	0.131234	51.451722	2.355082
879	46.562082	6.508630	0.131234	51.451722	2.320569
880	46.564436	6.496103	0.131234	51.451722	2.358756
881	46.561378	6.482683	0.131234	51.451722	2.340488
882	46.559355	6.467355	0.131234	51.451722	2.325024
883	46.559027	6.463118	0.131234	51.451722	2.366377
884	46.555504	6.467555	0.131234	51.451722	2.340337
885	46.554154	6.455906	0.131234	51.451722	2.356517
886	46.554255	6.442500	0.131234	51.451722	2.343541
887	46.556693	6.478498	0.131234	51.451722	2.321337
888	46.560127	6.457429	0.131234	51.451722	2.356149
889	46.559250	6.467739	0.131234	51.451722	2.346207
890	46.558869	6.489409	0.131234	51.451722	2.336823
891	46.561944	6.469528	0.131234	51.451722	2.354447
892	46.561277	6.489263	0.131234	51.451722	2.334982
893	46.566516	6.490612	0.131234	51.451722	2.356978
894	46.565092	6.494293	0.131234	51.451722	2.347077
895	46.559054	6.504913	0.131234	51.451722	2.335583
896	46.559185	6.508519	0.131234	51.451722	2.363780
897	46.559751	6.465629	0.131234	51.451722	2.339036
898	46.558374	6.444128	0.131234	51.451722	2.345045
899	46.556270	6.491204	0.131234	51.451722	2.343651
900	46.559125	6.524018	0.131234	51.451722	2.344837
901	46.562117	6.500275	0.131234	51.451722	2.354360
902	46.559626	6.506368	0.131234	51.451722	2.337427
903	46.559000	6.482860	0.000000	51.451722	2.344689
904	46.552035	6.523938	0.131234	51.451722	2.347289
905	46.559921	6.502671	0.131234	51.451722	2.343692
906	46.557331	6.476162	0.131234	51.451722	2.346537
907	46.556002	6.457179	0.131234	51.451722	2.342748
908	46.551657	6.449514	0.131234	51.451722	2.339665
909	46.555388	6.433572	0.131234	51.451722	2.118370
910	46.589562	6.447753	0.131234	51.451722	2.144785
911	46.589220	6.449519	0.131234	51.451722	2.157032
912	46.589196	6.450031	0.131234	51.451722	2.137619
913	46.589336	6.452614	0.131234	51.451722	2.133975
914	46.589100	6.451588	0.131234	51.451722	2.160653
915	46.588814	6.451581	0.131234	51.451722	2.140363
916	46.588767	6.451757	0.131234	51.451722	2.157997
917	46.588793	6.452308	0.131234	51.451722	2.152001
918	46.588737	6.452038	0.131234	51.451722	2.196441
919	46.588773	6.451924	0.131234	51.451722	2.138495
920	46.588770	6.451787	0.131234	51.451722	2.142640
921	46.588770	6.451787	0.131234	51.451722	2.142171
922	46.588770	6.451787	0.131234	51.451722	2.139415
923	46.588770	6.451787	0.131234	51.451722	2.165226
924	46.588770	6.451787	0.131234	51.451722	2.114610
925	46.588770	6.451787	0.131234	51.451722	2.148217
926	46.588770	6.451787	0.131234	51.451722	2.138016
927	46.588770	6.451787	0.131234	51.451722	2.137006
928	46.588770	6.451787	0.131234	51.451722	2.142839
929	46.588770	6.451787	0.131234	51.451722	2.161492
930	46.588770	6.451787	0.131234	51.451722	2.192962
931	46.588770	6.451787	0.131234	51.451722	2.123513
932	46.588770	6.451787	0.131234	51.451722	2.125098
933	46.588770	6.451787	0.131234	51.451722	2.156590
934	46.588770	6.451787	0.131234	51.451722	2.134010
935	46.588770	6.451787	0.131234	51.451722	2.182729
936	46.588770	6.451787	0.131234	51.451722	2.115650
937	46.588770	6.451787	0.131234	51.451722	2.126438
938	46.588770	6.451787	0.131234	51.451722	2.156443
939	46.588770	6.451787	0.131234	51.451722	2.153475
940	46.588770	6.451787	0.131234	51.451722	2.153741
941	46.588770	6.451787	0.131234	51.451722	2.137561
942	46.588770	6.451787	0.131234	51.451722	2.112919
943	46.588770	6.451787	0.131234	51.451722	2.172559
944	46.588770	6.451787	0.131234	51.451722	2.145460
945	46.588770	6.451787	0.131234	51.451722	2.168291
946	46.588770	6.451787	0.131234	51.451722	2.146534
947	46.588770	6.451787	0.131234	51.451722	2.200755
948	46.588770	6.451787	0.131234	51.451722	2.154391
949	46.588770	6.451787	0.131234	51.451722	2.148115
950	46.588770	6.451787	0.131234	51.451722	2.113436
951	46.588770	6.451787	0.131234	51.451722	2.167614
952	46.588770	6.451787	0.131234	51.451722	2.141947
953	46.588770	6.451787	0.131234	51.451722	2.190034
954	46.588770	6.451787	0.131234	51.451722	2.127481
955	46.588770	6.451787	0.131234	51.451722	2.201369
956	46.588770	6.451787	0.131234	51.451722	2.154345
957	46.588770	6.451787	0.131234	51.451722	2.147791
958	46.588770	6.451787	0.131234	51.451722	2.116290
959	46.588770	6.451787	0.131234	51.451722	2.167930
960	46.588770	6.451787	0.131234	51.451722	2.145844
