1	25.481361	1.438915	0.000000	51.451722	2.284089
2	32.406494	2.832170	0.000000	51.451722	2.316482
3	36.679232	3.317217	0.000000	51.451722	2.319558
4	38.983381	3.413074	0.000000	51.451722	2.313263
5	40.333769	3.483006	0.000000	51.451722	2.313291
6	41.179359	3.531090	0.000000	51.451722	2.347980
7	41.805339	3.591707	0.000000	51.451722	2.320482
8	42.252058	3.637196	0.000000	51.451722	2.310587
9	42.611012	3.731407	0.000000	51.451722	2.327741
10	42.893004	3.726324	0.000000	51.451722	2.324441
11	43.119627	3.790296	0.000000	51.451722	2.305467
12	43.328062	3.766679	0.000000	51.451722	2.350252
13	43.540600	3.868852	0.000000	51.451722	2.333763
14	43.668705	3.931269	0.000000	51.451722	2.309582
15	43.788749	3.980932	0.000000	51.451722	2.331576
16	43.911070	3.972625	0.000000	51.451722	2.332375
17	44.016087	3.932889	0.000000	51.451722	2.333505
18	44.080019	3.899736	0.000000	51.451722	2.326761
19	44.162306	3.870245	0.000000	51.451722	2.327540
20	44.221953	3.979203	0.000000	51.451722	2.339338
21	44.267350	3.881277	0.000000	51.451722	2.344419
22	44.316643	3.914485	0.000000	51.451722	2.321972
23	44.365978	3.953804	0.000000	51.451722	2.315352
24	44.396758	3.864976	0.000000	51.451722	2.340251
25	44.446188	3.808779	0.000000	51.451722	2.350979
26	44.477972	3.847164	0.000000	51.451722	2.315329
27	44.505161	3.945043	0.000000	51.451722	2.330500
28	44.542822	3.917902	0.000000	51.451722	2.375345
29	44.566318	3.920294	0.000000	51.451722	2.312267
30	44.607058	3.957365	0.000000	51.451722	2.345259
31	44.644719	3.899780	0.000000	51.451722	2.349840
32	44.664830	3.857828	0.000000	51.451722	2.321251
33	44.675255	3.850462	0.000000	51.451722	2.323436
34	44.690490	3.823549	0.000000	51.451722	2.365491
35	44.726115	3.864086	0.000000	51.451722	2.314519
36	44.736695	3.913536	0.000000	51.451722	2.330162
37	44.762433	3.964435	0.000000	51.451722	2.328648
38	44.777340	3.948847	0.000000	51.451722	2.306692
39	44.781789	3.990446	0.000000	51.451722	2.347067
40	44.786972	3.998521	0.000000	51.451722	2.337338
41	44.788221	4.029927	0.000000	51.451722	2.319096
42	44.802421	4.049907	0.000000	51.451722	2.351996
43	44.799751	4.058025	0.000000	51.451722	2.330047
44	44.808733	4.026961	0.000000	51.451722	2.311908
45	44.822735	4.086197	0.000000	51.451722	2.317460
46	44.832242	4.008341	0.000000	51.451722	2.337199
47	44.839817	3.957337	0.000000	51.451722	2.321274
48	44.850403	3.975382	0.000000	51.451722	2.333740
49	44.861263	4.028594	0.000000	51.451722	2.328284
50	44.858244	4.077228	0.000000	51.451722	2.328453
51	44.875371	4.039531	0.000000	51.451722	2.335963
52	44.881031	4.075483	0.000000	51.451722	2.345952
53	44.882813	4.009263	0.000000	51.451722	2.310419
54	44.895327	4.069506	0.000000	51.451722	2.318436
55	44.887030	4.063103	0.000000	51.451722	2.352213
56	44.892347	4.130496	0.000000	51.451722	2.339139
57	44.902265	4.075293	0.000000	51.451722	2.316421
58	44.915485	4.115102	0.000000	51.451722	2.329885
59	44.926819	4.200917	0.000000	51.451722	2.341677
60	44.919062	4.208936	0.000000	51.451722	2.338278
61	44.918227	4.218026	0.000000	51.451722	2.332954
62	44.931245	4.239785	0.000000	51.451722	2.338657
63	44.946772	4.231016	0.000000	51.451722	2.342989
64	44.961435	4.344822	0.000000	51.451722	2.329584
65	44.971007	4.338650	0.000000	51.451722	2.321497
66	44.981200	4.321226	0.000000	51.451722	2.346935
67	44.980162	4.246531	0.000000	51.451722	2.341142
68	44.997180	4.292899	0.000000	51.451722	2.309560
69	45.003840	4.223228	0.000000	51.451722	2.325177
70	45.015141	4.280697	0.000000	51.451722	2.369531
71	45.005003	4.330384	0.000000	51.451722	2.309858
72	45.008802	4.365307	0.000000	51.451722	2.323632
73	45.006758	4.324754	0.000000	51.451722	2.351027
74	44.986743	4.351178	0.000000	51.451722	2.337107
75	45.000392	4.388018	0.000000	51.451722	2.320452
76	45.020056	4.493008	0.000000	51.451722	2.344168
77	45.015281	4.416339	0.000000	51.451722	2.326450
78	45.025769	4.450986	0.000000	51.451722	2.343776
79	45.041391	4.357890	0.000000	51.451722	2.337524
80	45.029855	4.407371	0.000000	51.451722	2.313984
81	45.031679	4.340394	0.000000	51.451722	2.346992
82	45.026988	4.426999	0.000000	51.451722	2.340677
83	45.037991	4.428044	0.000000	51.451722	2.326077
84	45.051265	4.365155	0.000000	51.451722	2.367564
85	45.054194	4.296364	0.000000	51.451722	2.328477
86	45.065901	4.230187	0.000000	51.451722	2.330487
87	45.057163	4.262639	0.000000	51.451722	2.359377
88	45.065939	4.250795	0.000000	51.451722	2.309151
89	45.074779	4.308911	0.000000	51.451722	2.318434
90	45.058119	4.296022	0.000000	51.451722	2.332329
91	45.063287	4.410314	0.000000	51.451722	2.359306
92	45.062771	4.448017	0.000000	51.451722	2.323223
93	45.078400	4.430774	0.000000	51.451722	2.337385
94	45.077607	4.363688	0.000000	51.451722	2.362907
95	45.081007	4.346115	0.000000	51.451722	2.318189
96	45.085150	4.355885	0.000000	51.451722	2.358994
97	45.072871	4.462824	0.000000	51.451722	2.333695
98	45.075792	4.443921	0.000000	51.451722	2.322981
99	45.094860	4.455703	0.000000	51.451722	2.341330
100	45.088223	4.475515	0.000000	51.451722	2.352027
101	45.091653	4.434247	0.000000	51.451722	2.332328
102	45.080763	4.515143	0.000000	51.451722	2.357702
103	45.084679	4.440202	0.000000	51.451722	2.338176
104	45.090169	4.424991	0.000000	51.451722	2.330479
105	45.101589	4.434941	0.000000	51.451722	2.328351
106	45.110923	4.509472	0.000000	51.451722	2.335944
107	45.118350	4.500066	0.000000	51.451722	2.341194
108	45.129344	4.461213	0.000000	51.451722	2.324446
109	45.135808	4.474414	0.000000	51.451722	2.337562
110	45.134956	4.447060	0.000000	51.451722	2.345155
111	45.136765	4.419523	0.000000	51.451722	2.309900
112	45.131123	4.432590	0.000000	51.451722	2.317593
113	45.132411	4.439821	0.000000	51.451722	2.328205
114	45.137221	4.434509	0.000000	51.451722	2.342121
115	45.132995	4.433314	0.000000	51.451722	2.330657
116	45.122221	4.427704	0.000000	51.451722	2.325882
117	45.140857	4.403469	0.000000	51.451722	2.340323
118	45.145512	4.380834	0.000000	51.451722	2.327874
119	45.148098	4.394459	0.000000	51.451722	2.338864
120	45.163101	4.500537	0.000000	51.451722	2.335829
121	45.156634	4.401223	0.000000	51.451722	2.354236
122	45.145261	4.473048	0.000000	51.451722	2.331096
123	45.162159	4.484438	0.000000	51.451722	2.339722
124	45.152861	4.406830	0.000000	51.451722	2.336479
125	45.165735	4.432102	0.000000	51.451722	2.339297
126	45.163655	4.504324	0.000000	51.451722	2.310113
127	45.165861	4.556215	0.000000	51.451722	2.338272
128	45.173490	4.572236	0.000000	51.451722	2.349020
129	45.175868	4.511990	0.000000	51.451722	2.321157
130	45.174682	4.433612	0.000000	51.451722	2.328576
131	45.179665	4.477480	0.000000	51.451722	2.358659
132	45.161203	4.378463	0.000000	51.451722	2.327685
133	45.153064	4.440702	0.000000	51.451722	2.322079
134	45.166069	4.463731	0.000000	51.451722	2.356374
135	45.180523	4.524200	0.000000	51.451722	2.340511
136	45.174956	4.480545	0.000000	51.451722	2.331701
137	45.170832	4.532992	0.000000	51.451722	2.373047
138	45.156962	4.454992	0.000000	51.451722	2.319028
139	45.171079	4.421313	0.000000	51.451722	2.327905
140	45.174772	4.474047	0.000000	51.451722	2.329144
141	45.167929	4.456323	0.000000	51.451722	2.318036
142	45.189232	4.507603	0.000000	51.451722	2.354241
143	45.183522	4.476742	0.000000	51.451722	2.335522
144	45.167586	4.462015	0.000000	51.451722	2.332660
145	45.169514	4.393049	0.000000	51.451722	2.349414
146	45.184824	4.442604	0.000000	51.451722	2.314224
147	45.194677	4.456124	0.000000	51.451722	2.341650
148	45.217896	4.424838	0.000000	51.451722	2.365874
149	45.210141	4.409171	0.000000	51.451722	2.316141
150	45.218062	4.493285	0.000000	51.451722	2.347931
151	45.222467	4.436499	0.000000	51.451722	2.349839
152	45.219952	4.430440	0.000000	51.451722	2.322113
153	45.214969	4.479450	0.000000	51.451722	2.370063
154	45.219928	4.396451	0.000000	51.451722	2.318073
155	45.212188	4.505176	0.000000	51.451722	2.316287
156	45.215487	4.432547	0.000000	51.451722	2.331615
157	45.215744	4.547461	0.000000	51.451722	2.369625
158	45.221797	4.623531	0.000000	51.451722	2.328240
159	45.225441	4.618402	0.000000	51.451722	2.344196
160	45.218778	4.666344	0.000000	51.451722	2.347816
161	45.209658	4.602190	0.000000	51.451722	2.330771
162	45.224005	4.597061	0.000000	51.451722	2.359243
163	45.235962	4.665493	0.000000	51.451722	2.333157
164	45.228684	4.560370	0.000000	51.451722	2.324843
165	45.222360	4.498320	0.000000	51.451722	2.346886
166	45.233056	4.505745	0.000000	51.451722	2.332993
167	45.235467	4.586342	0.000000	51.451722	2.324810
168	45.241800	4.567591	0.000000	51.451722	2.348935
169	45.236182	4.535683	0.000000	51.451722	2.346908
170	45.238331	4.644385	0.000000	51.451722	2.325199
171	45.252687	4.673413	0.000000	51.451722	2.328039
172	45.246670	4.675119	0.000000	51.451722	2.330852
173	45.262367	4.601229	0.000000	51.451722	2.346048
174	45.262814	4.533501	0.000000	51.451722	2.324344
175	45.277935	4.593601	0.000000	51.451722	2.358618
176	45.281446	4.629254	0.000000	51.451722	2.345944
177	45.278817	4.673417	0.000000	51.451722	2.318231
178	45.262110	4.746135	0.000000	51.451722	2.331443
179	45.266289	4.760225	0.000000	51.451722	2.345151
180	45.274276	4.759377	0.000000	51.451722	2.320563
181	45.263988	4.799837	0.000000	51.451722	2.322284
182	45.286649	4.731483	0.131234	51.451722	2.361322
183	45.280677	4.764531	0.000000	51.451722	2.330192
184	45.269409	4.762374	0.000000	51.451722	2.320606
185	45.275122	4.648165	0.000000	51.451722	2.336523
186	45.268553	4.752745	0.000000	51.451722	2.343547
187	45.260966	4.810481	0.000000	51.451722	2.337696
188	45.263752	4.768728	0.000000	51.451722	2.342499
189	45.276320	4.785139	0.131234	51.451722	2.350702
190	45.282617	4.744331	0.000000	51.451722	2.325662
191	45.271507	4.827075	0.131234	51.451722	2.331680
192	45.278728	4.731779	0.000000	51.451722	2.343306
193	45.282584	4.703647	0.000000	51.451722	2.331864
194	45.264894	4.726194	0.000000	51.451722	2.322998
195	45.272523	4.743346	0.000000	51.451722	2.310891
196	45.255923	4.733705	0.000000	51.451722	2.357677
197	45.259762	4.758141	0.000000	51.451722	2.334176
198	45.288372	4.803632	0.000000	51.451722	2.317393
199	45.280308	4.715154	0.000000	51.451722	2.327053
200	45.271870	4.800193	0.131234	51.451722	2.359341
201	45.267165	4.862154	0.131234	51.451722	2.324475
202	45.261335	4.894431	0.000000	51.451722	2.326074
203	45.270336	4.827617	0.000000	51.451722	2.373831
204	45.284355	4.849398	0.000000	51.451722	2.314454
205	45.304525	4.860533	0.000000	51.451722	2.335217
206	45.296317	4.848316	0.000000	51.451722	2.330098
207	45.300651	4.842357	0.000000	51.451722	2.343057
208	45.307681	4.758531	0.000000	51.451722	2.330693
209	45.318782	4.821544	0.000000	51.451722	2.337164
210	45.298937	4.725122	0.000000	51.451722	2.326637
211	45.305049	4.721740	0.000000	51.451722	2.344311
212	45.295849	4.649849	0.000000	51.451722	2.309156
213	45.293909	4.584608	0.000000	51.451722	2.315512
214	45.298165	4.650155	0.000000	51.451722	2.339683
215	45.297432	4.689597	0.000000	51.451722	2.353737
216	45.315528	4.681469	0.000000	51.451722	2.317869
217	45.310414	4.707866	0.000000	51.451722	2.342502
218	45.306855	4.646882	0.131234	51.451722	2.356529
219	45.311260	4.650364	0.000000	51.451722	2.319953
220	45.310640	4.709661	0.000000	51.451722	2.342904
221	45.311028	4.680864	0.000000	51.451722	2.323213
222	45.321468	4.707402	0.000000	51.451722	2.340055
223	45.319039	4.649903	0.131234	51.451722	2.330476
224	45.317984	4.689485	0.000000	51.451722	2.339699
225	45.314938	4.683317	0.000000	51.451722	2.334375
226	45.325071	4.723356	0.000000	51.451722	2.329303
227	45.330459	4.771880	0.000000	51.451722	2.312689
228	45.321375	4.762248	0.000000	51.451722	2.332597
229	45.326668	4.723958	0.000000	51.451722	2.372679
230	45.313564	4.827798	0.000000	51.451722	2.313179
231	45.324796	4.725114	0.000000	51.451722	2.344859
232	45.317158	4.734746	0.000000	51.451722	2.352792
233	45.323998	4.722769	0.000000	51.451722	2.312480
234	45.323044	4.704268	0.000000	51.451722	2.325381
235	45.323908	4.843630	0.000000	51.451722	2.342695
236	45.318544	4.781579	0.131234	51.451722	2.338900
237	45.340508	4.866002	0.000000	51.451722	2.327325
238	45.314944	4.983848	0.000000	51.451722	2.340884
239	45.312905	4.982407	0.000000	51.451722	2.334351
240	45.326942	4.989554	0.000000	51.451722	2.324458
241	45.333636	4.970987	0.000000	51.451722	2.341058
242	45.329013	4.888571	0.000000	51.451722	2.326820
243	45.345265	4.885747	0.000000	51.451722	2.360008
244	45.321661	4.899601	0.000000	51.451722	2.325784
245	45.326111	4.864746	0.000000	51.451722	2.322571
246	45.332173	4.823689	0.000000	51.451722	2.351116
247	45.317739	4.827677	0.000000	51.451722	2.332811
248	45.332763	4.835502	0.000000	51.451722	2.324773
249	45.342463	4.905388	0.000000	51.451722	2.343341
250	45.331240	4.894417	0.000000	51.451722	2.334734
251	45.324945	4.874623	0.000000	51.451722	2.318064
252	45.329535	4.838696	0.000000	51.451722	2.340509
253	45.330954	4.823905	0.000000	51.451722	2.345576
254	45.326740	4.943105	0.000000	51.451722	2.323872
255	45.320827	5.010960	0.000000	51.451722	2.338526
256	45.306468	4.934027	0.000000	51.451722	2.340454
257	45.323664	4.923377	0.000000	51.451722	2.329962
258	45.316210	5.017258	0.000000	51.451722	2.341723
259	45.304826	5.007518	0.000000	51.451722	2.351154
260	45.313656	4.994290	0.000000	51.451722	2.326333
261	45.322162	4.934349	0.000000	51.451722	2.334865
262	45.326251	4.959447	0.000000	51.451722	2.340000
263	45.317554	5.021214	0.000000	51.451722	2.353616
264	45.330185	4.984019	0.000000	51.451722	2.324361
265	45.332769	4.978276	0.000000	51.451722	2.319420
266	45.327672	5.013365	0.000000	51.451722	2.348953
267	45.328414	4.963828	0.000000	51.451722	2.337557
268	45.337200	5.023954	0.000000	51.451722	2.323777
269	45.321274	4.981428	0.000000	51.451722	2.362283
270	45.317590	5.051434	0.000000	51.451722	2.321124
271	45.317560	5.125167	0.000000	51.451722	2.317903
272	45.324713	5.226211	0.000000	51.451722	2.325802
273	45.333016	5.170409	0.000000	51.451722	2.355504
274	45.330656	5.131175	0.000000	51.451722	2.322507
275	45.324519	5.058596	0.000000	51.451722	2.322084
276	45.338541	5.119372	0.000000	51.451722	2.347500
277	45.352679	5.107675	0.000000	51.451722	2.327916
278	45.336568	5.047320	0.000000	51.451722	2.331438
279	45.346531	5.162384	0.000000	51.451722	2.325290
280	45.358634	5.176428	0.000000	51.451722	2.330646
281	45.356363	5.093864	0.000000	51.451722	2.341406
282	45.357651	5.077424	0.000000	51.451722	2.343442
283	45.351690	5.099518	0.000000	51.451722	2.328897
284	45.344073	5.077965	0.000000	51.451722	2.361763
285	45.360446	5.191815	0.000000	51.451722	2.316506
286	45.352560	5.123335	0.000000	51.451722	2.323893
287	45.344311	5.110604	0.000000	51.451722	2.339692
288	45.350754	5.163449	0.000000	51.451722	2.345106
289	45.352185	4.986665	0.000000	51.451722	2.328617
290	45.349699	5.042374	0.000000	51.451722	2.341697
291	45.353162	5.018238	0.000000	51.451722	2.342844
292	45.360273	5.014168	0.000000	51.451722	2.326159
293	45.361686	4.996995	0.000000	51.451722	2.333712
294	45.369345	5.034325	0.000000	51.451722	2.337085
295	45.373881	5.109526	0.000000	51.451722	2.332670
296	45.368707	5.060867	0.000000	51.451722	2.327230
297	45.352584	5.002534	0.000000	51.451722	2.328881
298	45.363665	5.050734	0.000000	51.451722	2.340247
299	45.355886	5.031577	0.000000	51.451722	2.337200
300	45.353678	5.001590	0.000000	51.451722	2.313999
301	45.354208	5.082702	0.000000	51.451722	2.328874
302	45.352727	5.030556	0.000000	51.451722	2.377089
303	45.357412	5.083486	0.000000	51.451722	2.311021
304	45.374602	5.018296	0.000000	51.451722	2.317486
305	45.375687	5.038357	0.000000	51.451722	2.374388
306	45.383269	5.118617	0.000000	51.451722	2.325259
307	45.369017	5.145524	0.000000	51.451722	2.324127
308	45.367229	5.109870	0.000000	51.451722	2.337319
309	45.365039	5.114878	0.000000	51.451722	2.343569
310	45.350349	5.041578	0.000000	51.451722	2.332672
311	45.362431	5.166365	0.000000	51.451722	2.338725
312	45.347995	5.154939	0.000000	51.451722	2.334646
313	45.352846	5.132713	0.000000	51.451722	2.323787
314	45.349923	5.085029	0.000000	51.451722	2.341334
315	45.357022	5.123387	0.000000	51.451722	2.326859
316	45.362008	5.071840	0.000000	51.451722	2.358747
317	45.353317	5.053380	0.000000	51.451722	2.331276
318	45.342427	5.138150	0.000000	51.451722	2.352508
319	45.344639	5.113354	0.000000	51.451722	2.333080
320	45.357764	5.136941	0.000000	51.451722	2.329271
321	45.351192	5.178708	0.000000	51.451722	2.339132
322	45.343655	5.157557	0.000000	51.451722	2.352923
323	45.357826	5.216619	0.000000	51.451722	2.304579
324	45.369497	5.231952	0.000000	51.451722	2.328373
325	45.354581	5.173422	0.000000	51.451722	2.356925
326	45.353281	5.162342	0.000000	51.451722	2.330768
327	45.356089	5.263181	0.000000	51.451722	2.314266
328	45.371205	5.200239	0.000000	51.451722	2.358704
329	45.371449	5.204366	0.000000	51.451722	2.338311
330	45.384014	5.206818	0.000000	51.451722	2.321650
331	45.355374	5.115798	0.000000	51.451722	2.337049
332	45.375308	5.135378	0.000000	51.451722	2.360288
333	45.359701	5.129482	0.000000	51.451722	2.326191
334	45.367154	5.121545	0.000000	51.451722	2.374257
335	45.356834	5.156534	0.000000	51.451722	2.327019
336	45.358798	5.260081	0.000000	51.451722	2.337579
337	45.374227	5.230079	0.000000	51.451722	2.334977
338	45.382303	5.224223	0.000000	51.451722	2.345764
339	45.370626	5.223800	0.000000	51.451722	2.331659
340	45.368838	5.155230	0.000000	51.451722	2.354206
341	45.368236	5.218865	0.000000	51.451722	2.326209
342	45.371842	5.177539	0.000000	51.451722	2.338709
343	45.376110	5.156527	0.000000	51.451722	2.337933
344	45.393038	4.971081	0.000000	51.451722	2.346367
345	45.377320	4.985544	0.000000	51.451722	2.322654
346	45.370221	5.020206	0.000000	51.451722	2.341254
347	45.371830	5.048683	0.000000	51.451722	2.346508
348	45.364249	5.135197	0.000000	51.451722	2.334685
349	45.383847	5.142537	0.000000	51.451722	2.336075
350	45.385778	5.049917	0.000000	51.451722	2.362214
351	45.399421	5.080217	0.000000	51.451722	2.322134
352	45.380574	5.108016	0.000000	51.451722	2.330699
353	45.375186	5.103206	0.000000	51.451722	2.341725
354	45.373753	5.183295	0.000000	51.451722	2.320269
355	45.359981	5.151553	0.000000	51.451722	2.321847
356	45.378011	5.131252	0.000000	51.451722	2.329391
357	45.389855	5.113979	0.000000	51.451722	2.355367
358	45.389023	5.082751	0.000000	51.451722	2.328181
359	45.402500	5.076812	0.000000	51.451722	2.328991
360	45.402265	5.088757	0.000000	51.451722	2.347768
361	45.395276	5.103538	0.000000	51.451722	2.329434
362	45.415846	5.094018	0.000000	51.451722	2.339023
363	45.394892	5.233640	0.000000	51.451722	2.354968
364	45.395249	5.145927	0.000000	51.451722	2.328377
365	45.400554	5.295800	0.000000	51.451722	2.333459
366	45.410615	5.290782	0.000000	51.451722	2.330479
367	45.397502	5.229264	0.000000	51.451722	2.353399
368	45.412374	5.222761	0.000000	51.451722	2.333015
369	45.394063	5.222520	0.000000	51.451722	2.319993
370	45.395193	5.222482	0.000000	51.451722	2.370204
371	45.385432	5.324900	0.000000	51.451722	2.323817
372	45.372891	5.330943	0.000000	51.451722	2.360875
373	45.381665	5.332830	0.000000	51.451722	2.335432
374	45.371348	5.310932	0.000000	51.451722	2.309549
375	45.380637	5.209231	0.000000	51.451722	2.339272
376	45.385754	5.191491	0.000000	51.451722	2.351747
377	45.391297	5.101747	0.000000	51.451722	2.324636
378	45.395589	5.206599	0.000000	51.451722	2.319217
379	45.385218	5.260229	0.000000	51.451722	2.385738
380	45.400211	5.159456	0.000000	51.451722	2.322402
381	45.381629	5.155357	0.000000	51.451722	2.339474
382	45.378715	5.231213	0.000000	51.451722	2.342590
383	45.387864	5.142999	0.000000	51.451722	2.328444
384	45.397079	5.248543	0.000000	51.451722	2.335964
385	45.400023	5.209785	0.000000	51.451722	2.366526
386	45.400375	5.218220	0.000000	51.451722	2.333093
387	45.392632	5.247375	0.000000	51.451722	2.384499
388	45.392925	5.220075	0.000000	51.451722	2.322408
389	45.402002	5.174788	0.000000	51.451722	2.338770
390	45.403227	5.249648	0.000000	51.451722	2.345647
391	45.395911	5.270666	0.000000	51.451722	2.324018
392	45.390716	5.267761	0.000000	51.451722	2.332865
393	45.383278	5.161145	0.000000	51.451722	2.346476
394	45.388335	5.058974	0.000000	51.451722	2.321438
395	45.384726	5.180517	0.000000	51.451722	2.332998
396	45.380706	5.245165	0.000000	51.451722	2.345605
397	45.381534	5.262636	0.000000	51.451722	2.347637
398	45.382774	5.192335	0.000000	51.451722	2.333901
399	45.404604	5.219501	0.000000	51.451722	2.360282
400	45.410943	5.290295	0.000000	51.451722	2.331731
401	45.409989	5.288694	0.000000	51.451722	2.350313
402	45.399719	5.301749	0.000000	51.451722	2.340554
403	45.385623	5.205268	0.000000	51.451722	2.334592
404	45.377380	5.393317	0.000000	51.451722	2.336377
405	45.385909	5.305423	0.000000	51.451722	2.331624
406	45.388559	5.275984	0.000000	51.451722	2.343967
407	45.410255	5.254726	0.000000	51.451722	2.336623
408	45.401078	5.273639	0.000000	51.451722	2.350504
409	45.389819	5.313690	0.000000	51.451722	2.334238
410	45.411319	5.345094	0.000000	51.451722	2.317441
411	45.399871	5.399362	0.000000	51.451722	2.356746
412	45.382428	5.394425	0.000000	51.451722	2.342827
413	45.393640	5.372765	0.000000	51.451722	2.331581
414	45.573398	5.350675	0.000000	51.451722	2.360735
415	45.617801	5.324752	0.000000	51.451722	2.331956
416	45.657015	5.336896	0.000000	51.451722	2.332709
417	45.673543	5.457134	0.000000	51.451722	2.370970
418	45.696619	5.363714	0.000000	51.451722	2.323617
419	45.702195	5.316277	0.000000	51.451722	2.339041
420	45.698929	5.311612	0.000000	51.451722	2.349589
421	45.708540	5.341504	0.000000	51.451722	2.322861
422	45.708686	5.343239	0.000000	51.451722	2.364912
423	45.702535	5.306143	0.000000	51.451722	2.346468
424	45.708409	5.286749	0.000000	51.451722	2.330717
425	45.697713	5.288293	0.000000	51.451722	2.355098
426	45.704421	5.339508	0.000000	51.451722	2.322048
427	45.717442	5.301401	0.000000	51.451722	2.324610
428	45.721591	5.197893	0.000000	51.451722	2.358248
429	45.725811	5.266164	0.000000	51.451722	2.327007
430	45.713568	5.320022	0.000000	51.451722	2.323479
431	45.718580	5.294430	0.000000	51.451722	2.366311
432	45.720637	5.278384	0.000000	51.451722	2.330202
433	45.725185	5.254948	0.000000	51.451722	2.325593
434	45.741445	5.298037	0.000000	51.451722	2.351061
435	45.741898	5.360925	0.000000	51.451722	2.340109
436	45.738256	5.313156	0.000000	51.451722	2.326551
437	45.739156	5.339788	0.000000	51.451722	2.361159
438	45.743960	5.326847	0.000000	51.451722	2.328129
439	45.747837	5.331241	0.000000	51.451722	2.329777
440	45.740181	5.301686	0.000000	51.451722	2.344338
441	45.741266	5.293605	0.000000	51.451722	2.352428
442	45.741606	5.368355	0.000000	51.451722	2.344761
443	45.746127	5.315910	0.000000	51.451722	2.359525
444	45.746520	5.230648	0.000000	51.451722	2.328147
445	45.744437	5.255109	0.000000	51.451722	2.384236
446	45.747900	5.187402	0.000000	51.451722	2.329085
447	45.742911	5.198226	0.000000	51.451722	2.349111
448	45.744789	5.305603	0.000000	51.451722	2.340292
449	45.745999	5.303395	0.000000	51.451722	2.334542
450	45.743704	5.272870	0.000000	51.451722	2.366619
451	45.744473	5.282650	0.000000	51.451722	2.320109
452	45.739871	5.193735	0.000000	51.451722	2.331090
453	45.734012	5.228575	0.000000	51.451722	2.356337
454	45.760348	5.325838	0.000000	51.451722	2.323964
455	45.751873	5.380824	0.000000	51.451722	2.328616
456	45.760733	5.256040	0.000000	51.451722	2.354586
457	45.761478	5.225040	0.000000	51.451722	2.351145
458	45.761901	5.228773	0.000000	51.451722	2.342933
459	45.750725	5.254137	0.000000	51.451722	2.348081
460	45.761007	5.282247	0.000000	51.451722	2.323689
461	45.761782	5.303138	0.131234	51.451722	2.323269
462	45.756781	5.276596	0.000000	51.451722	2.321572
463	45.756021	5.303338	0.000000	51.451722	2.345873
464	45.755315	5.262031	0.131234	51.451722	2.339890
465	45.758671	5.201393	0.000000	51.451722	2.325652
466	45.755762	5.225811	0.000000	51.451722	2.373417
467	45.772514	5.232914	0.000000	51.451722	2.330562
468	45.762539	5.218135	0.000000	51.451722	2.329847
469	45.763272	5.318207	0.000000	51.451722	2.364218
470	45.749268	5.234274	0.000000	51.451722	2.309164
471	45.755076	5.253439	0.000000	51.451722	2.323581
472	45.754033	5.256730	0.000000	51.451722	2.360355
473	45.759320	5.196908	0.000000	51.451722	2.325789
474	45.763648	5.224680	0.000000	51.451722	2.315779
475	45.770204	5.218782	0.000000	51.451722	2.347763
476	45.771128	5.173272	0.000000	51.451722	2.324743
477	45.764989	5.219710	0.000000	51.451722	2.346992
478	45.770395	5.202781	0.000000	51.451722	2.352086
479	45.768905	5.226745	0.000000	51.451722	2.340757
480	45.769778	5.229288	0.000000	51.451722	2.325891
481	45.766279	5.238376	0.000000	51.451722	2.349701
482	45.777237	5.277065	0.000000	51.451722	2.344929
483	45.773488	5.290762	0.000000	51.451722	2.331490
484	45.769185	5.207913	0.000000	51.451722	2.339940
485	45.754150	5.242067	0.000000	51.451722	2.338649
486	45.764154	5.124781	0.000000	51.451722	2.335109
487	45.776045	5.197955	0.000000	51.451722	2.346296
488	45.771307	5.156218	0.000000	51.451722	2.348361
489	45.771724	5.158349	0.000000	51.451722	2.339829
490	45.768487	5.205053	0.000000	51.451722	2.334139
491	45.763612	5.174263	0.000000	51.451722	2.339182
492	45.781273	5.168819	0.000000	51.451722	2.325688
493	45.778462	5.230561	0.000000	51.451722	2.329696
494	45.784295	5.108483	0.000000	51.451722	2.352973
495	45.777962	5.184735	0.000000	51.451722	2.337481
496	45.776400	5.111035	0.000000	51.451722	2.323085
497	45.770210	5.196036	0.000000	51.451722	2.377629
498	45.768458	5.305080	0.000000	51.451722	2.322999
499	45.785683	5.169644	0.000000	51.451722	2.327958
500	45.787290	5.253649	0.000000	51.451722	2.349378
501	45.776260	5.258376	0.000000	51.451722	2.324268
502	45.770288	5.299014	0.000000	51.451722	2.337904
503	45.782354	5.276743	0.000000	51.451722	2.375311
504	45.775267	5.205676	0.000000	51.451722	2.325244
505	45.761317	5.205129	0.000000	51.451722	2.373926
506	45.774221	5.251729	0.000000	51.451722	2.321028
507	45.776337	5.268333	0.000000	51.451722	2.342438
508	45.785683	5.146547	0.000000	51.451722	2.361513
509	45.775625	5.283094	0.000000	51.451722	2.367681
510	45.773020	5.293504	0.000000	51.451722	2.344539
511	45.792389	5.370681	0.000000	51.451722	2.360446
512	45.772770	5.291701	0.000000	51.451722	2.333104
513	45.778000	5.297949	0.000000	51.451722	2.338394
514	45.786241	5.321781	0.000000	51.451722	2.334739
515	45.783749	5.334229	0.000000	51.451722	2.333120
516	45.775318	5.316846	0.000000	51.451722	2.329782
517	45.778772	5.265533	0.000000	51.451722	2.364802
518	45.773211	5.290741	0.000000	51.451722	2.335586
519	45.772564	5.305648	0.000000	51.451722	2.328901
520	45.788494	5.332433	0.000000	51.451722	2.336022
521	45.783353	5.298208	0.000000	51.451722	2.337727
522	45.781201	5.307808	0.000000	51.451722	2.323359
523	45.778206	5.272739	0.000000	51.451722	2.367450
524	45.763528	5.225761	0.000000	51.451722	2.338197
525	45.774508	5.243269	0.000000	51.451722	2.360495
526	45.765483	5.210415	0.000000	51.451722	2.338576
527	45.761785	5.181481	0.000000	51.451722	2.305831
528	45.763823	5.191803	0.000000	51.451722	2.336637
529	45.773381	5.203588	0.000000	51.451722	2.360891
530	45.780644	5.175623	0.000000	51.451722	2.312823
531	45.770869	5.209723	0.000000	51.451722	2.344384
532	45.779395	5.253896	0.000000	51.451722	2.364162
533	45.787531	5.329736	0.000000	51.451722	2.332145
534	45.787674	5.310369	0.000000	51.451722	2.365905
535	45.783684	5.337826	0.000000	51.451722	2.323781
536	45.793661	5.345843	0.000000	51.451722	2.334821
537	45.775980	5.306626	0.000000	51.451722	2.361688
538	45.793337	5.252113	0.000000	51.451722	2.320246
539	45.784086	5.313771	0.000000	51.451722	2.345286
540	45.770356	5.286240	0.000000	51.451722	2.364722
541	45.773947	5.389537	0.000000	51.451722	2.318724
542	45.768166	5.355213	0.000000	51.451722	2.356761
543	45.792609	5.339958	0.000000	51.451722	2.337286
544	45.781609	5.386009	0.000000	51.451722	2.317460
545	45.793647	5.342584	0.000000	51.451722	2.331775
546	45.798570	5.329084	0.000000	51.451722	2.352741
547	45.800626	5.325639	0.000000	51.451722	2.331474
548	45.782307	5.375984	0.000000	51.451722	2.334747
549	45.801818	5.450728	0.000000	51.451722	2.334341
550	45.800918	5.438097	0.000000	51.451722	2.328539
551	45.797157	5.415266	0.000000	51.451722	2.333109
552	45.783034	5.350615	0.000000	51.451722	2.331830
553	45.790529	5.343095	0.000000	51.451722	2.317060
554	45.787674	5.366396	0.000000	51.451722	2.361173
555	45.785218	5.342369	0.131234	51.451722	2.334893
556	45.770949	5.345583	0.000000	51.451722	2.356012
557	45.785362	5.358632	0.000000	51.451722	2.336563
558	45.786697	5.337730	0.000000	51.451722	2.320040
559	45.790178	5.310996	0.131234	51.451722	2.365109
560	45.789945	5.346399	0.131234	51.451722	2.330341
561	45.787895	5.355520	0.131234	51.451722	2.331813
562	45.797378	5.372219	0.131234	51.451722	2.367122
563	45.795077	5.390364	0.000000	51.451722	2.318491
564	45.790905	5.345847	0.000000	51.451722	2.322644
565	45.783579	5.294871	0.000000	51.451722	2.342308
566	45.777193	5.300479	0.000000	51.451722	2.338459
567	45.784628	5.309245	0.131234	51.451722	2.329889
568	45.781827	5.332534	0.000000	51.451722	2.361265
569	45.781702	5.264546	0.000000	51.451722	2.334572
570	45.787847	5.188173	0.000000	51.451722	2.315864
571	45.782340	5.216170	0.000000	51.451722	2.341153
572	45.789009	5.191233	0.000000	51.451722	2.339194
573	45.780629	5.273493	0.000000	51.451722	2.330244
574	45.789674	5.286494	0.000000	51.451722	2.333010
575	45.782173	5.292079	0.131234	51.451722	2.337024
576	45.782697	5.284396	0.131234	51.451722	2.331576
577	45.789176	5.283923	0.000000	51.451722	2.337929
578	45.780200	5.320348	0.000000	51.451722	2.321040
579	45.780939	5.207641	0.000000	51.451722	2.346560
580	45.782146	5.223108	0.000000	51.451722	2.344851
581	45.785272	5.264079	0.000000	51.451722	2.334550
582	45.782435	5.263977	0.000000	51.451722	2.352990
583	45.780918	5.263637	0.000000	51.451722	2.333453
584	45.780417	5.284083	0.000000	51.451722	2.327284
585	45.782512	5.307375	0.000000	51.451722	2.372920
586	45.771089	5.351885	0.000000	51.451722	2.308068
587	45.773858	5.301503	0.000000	51.451722	2.320151
588	45.777106	5.372632	0.000000	51.451722	2.365235
589	45.772320	5.375804	0.000000	51.451722	2.326267
590	45.778611	5.390202	0.000000	51.451722	2.325500
591	45.800883	5.366183	0.000000	51.451722	2.378593
592	45.789027	5.291172	0.000000	51.451722	2.316558
593	45.769888	5.366557	0.000000	51.451722	2.322231
594	45.780075	5.340441	0.131234	51.451722	2.341510
595	45.771176	5.442978	0.000000	51.451722	2.328526
596	45.767081	5.486065	0.000000	51.451722	2.337093
597	45.771247	5.387147	0.000000	51.451722	2.333102
598	45.776415	5.365545	0.000000	51.451722	2.339290
599	45.774177	5.306907	0.000000	51.451722	2.338014
600	45.789504	5.335931	0.000000	51.451722	2.332024
601	45.942685	5.332355	0.000000	51.451722	2.317003
602	45.984522	5.399201	0.000000	51.451722	2.359053
603	46.003151	5.427625	0.000000	51.451722	2.339892
604	46.008658	5.413309	0.000000	51.451722	2.345086
605	46.032256	5.364024	0.000000	51.451722	2.355781
606	46.040905	5.352865	0.000000	51.451722	2.342170
607	46.036261	5.387992	0.000000	51.451722	2.361972
608	46.041286	5.363494	0.000000	51.451722	2.326464
609	46.064547	5.301307	0.000000	51.451722	2.331172
610	46.055046	5.349562	0.000000	51.451722	2.352080
611	46.056795	5.342895	0.000000	51.451722	2.339258
612	46.051675	5.409486	0.000000	51.451722	2.345542
613	46.047717	5.365292	0.000000	51.451722	2.344073
614	46.053389	5.386630	0.000000	51.451722	2.316876
615	46.054405	5.324002	0.000000	51.451722	2.359745
616	46.060774	5.314901	0.000000	51.451722	2.346672
617	46.062052	5.363691	0.000000	51.451722	2.314986
618	46.071944	5.349394	0.000000	51.451722	2.359332
619	46.059892	5.392095	0.000000	51.451722	2.355158
620	46.063274	5.350337	0.000000	51.451722	2.354226
621	46.061432	5.307359	0.000000	51.451722	2.354701
622	46.058905	5.277626	0.000000	51.451722	2.328753
623	46.064752	5.268803	0.000000	51.451722	2.367224
624	46.075073	5.314651	0.000000	51.451722	2.331736
625	46.071410	5.301439	0.000000	51.451722	2.319599
626	46.074915	5.274380	0.000000	51.451722	2.344525
627	46.065950	5.283880	0.000000	51.451722	2.339992
628	46.071520	5.242842	0.000000	51.451722	2.333866
629	46.069980	5.285679	0.000000	51.451722	2.349793
630	46.078655	5.255279	0.000000	51.451722	2.324219
631	46.071362	5.234848	0.000000	51.451722	2.323490
632	46.078128	5.262375	0.000000	51.451722	2.354348
633	46.083766	5.288440	0.131234	51.451722	2.342360
634	46.087670	5.307236	0.000000	51.451722	2.319577
635	46.091291	5.306049	0.000000	51.451722	2.342109
636	46.086651	5.352423	0.000000	51.451722	2.351593
637	46.082306	5.347796	0.000000	51.451722	2.324452
638	46.069756	5.334317	0.000000	51.451722	2.338131
639	46.073368	5.318802	0.000000	51.451722	2.349300
640	46.080986	5.301799	0.000000	51.451722	2.327971
641	46.072656	5.267471	0.000000	51.451722	2.350378
642	46.080571	5.290765	0.000000	51.451722	2.338266
643	46.076098	5.196986	0.000000	51.451722	2.326699
644	46.071383	5.266892	0.000000	51.451722	2.323266
645	46.066996	5.315630	0.000000	51.451722	2.331247
646	46.069330	5.303187	0.000000	51.451722	2.338118
647	46.085715	5.277003	0.000000	51.451722	2.335651
648	46.104255	5.320374	0.000000	51.451722	2.318223
649	46.093544	5.292705	0.131234	51.451722	2.365776
650	46.097934	5.255640	0.000000	51.451722	2.335001
651	46.092862	5.220720	0.000000	51.451722	2.312066
652	46.097514	5.285275	0.000000	51.451722	2.318249
653	46.096843	5.339850	0.000000	51.451722	2.326156
654	46.104908	5.354423	0.000000	51.451722	2.322869
655	46.103895	5.272137	0.000000	51.451722	2.335661
656	46.108931	5.294738	0.000000	51.451722	2.328400
657	46.107990	5.295062	0.000000	51.451722	2.333889
658	46.111077	5.324566	0.000000	51.451722	2.341992
659	46.095824	5.287414	0.000000	51.451722	2.331609
660	46.100891	5.310980	0.000000	51.451722	2.306191
661	46.100983	5.304496	0.000000	51.451722	2.323126
662	46.109957	5.287892	0.000000	51.451722	2.361612
663	46.110606	5.286966	0.000000	51.451722	2.324250
664	46.107727	5.306654	0.000000	51.451722	2.317164
665	46.115333	5.344339	0.000000	51.451722	2.333873
666	46.124953	5.339611	0.000000	51.451722	2.331709
667	46.131599	5.304615	0.000000	51.451722	2.340012
668	46.132064	5.243079	0.000000	51.451722	2.326952
669	46.124473	5.285566	0.000000	51.451722	2.331718
670	46.119052	5.320479	0.000000	51.451722	2.340628
671	46.124083	5.287091	0.000000	51.451722	2.341838
672	46.130213	5.284925	0.000000	51.451722	2.322743
673	46.128446	5.287513	0.000000	51.451722	2.308589
674	46.130544	5.291183	0.000000	51.451722	2.347409
675	46.134523	5.265576	0.000000	51.451722	2.331238
676	46.126598	5.259378	0.000000	51.451722	2.314225
677	46.120775	5.267433	0.000000	51.451722	2.355562
678	46.123064	5.264519	0.000000	51.451722	2.344043
679	46.125454	5.274225	0.000000	51.451722	2.319110
680	46.137843	5.247408	0.000000	51.451722	2.326303
681	46.138942	5.294804	0.000000	51.451722	2.329463
682	46.128222	5.249806	0.000000	51.451722	2.336408
683	46.122867	5.315533	0.000000	51.451722	2.327784
684	46.121275	5.266079	0.000000	51.451722	2.326646
685	46.122769	5.263940	0.000000	51.451722	2.332764
686	46.117675	5.290132	0.000000	51.451722	2.347987
687	46.122825	5.285422	0.000000	51.451722	2.313505
688	46.125704	5.266206	0.000000	51.451722	2.311209
689	46.122429	5.267714	0.131234	51.451722	2.329837
690	46.113613	5.154258	0.000000	51.451722	2.342714
691	46.118987	5.231942	0.000000	51.451722	2.341145
692	46.127534	5.207258	0.000000	51.451722	2.324641
693	46.125421	5.248680	0.131234	51.451722	2.348053
694	46.127361	5.314724	0.000000	51.451722	2.339966
695	46.122858	5.259410	0.000000	51.451722	2.335117
696	46.121791	5.228387	0.000000	51.451722	2.327470
697	46.119288	5.227571	0.000000	51.451722	2.357623
698	46.111301	5.279313	0.000000	51.451722	2.327183
699	46.116465	5.344009	0.000000	51.451722	2.345235
700	46.121317	5.259584	0.000000	51.451722	2.347575
701	46.118736	5.288538	0.131234	51.451722	2.333527
702	46.130919	5.333021	0.131234	51.451722	2.317427
703	46.138525	5.343769	0.000000	51.451722	2.345709
704	46.127990	5.355098	0.000000	51.451722	2.338946
705	46.128005	5.361002	0.000000	51.451722	2.327880
706	46.133161	5.332574	0.000000	51.451722	2.354251
707	46.127716	5.324732	0.000000	51.451722	2.345169
708	46.133459	5.347869	0.000000	51.451722	2.325397
709	46.130592	5.324849	0.000000	51.451722	2.376065
710	46.121836	5.271625	0.000000	51.451722	2.307900
711	46.123552	5.311528	0.000000	51.451722	2.315022
712	46.135229	5.310809	0.000000	51.451722	2.333107
713	46.128342	5.316545	0.000000	51.451722	2.343448
714	46.133652	5.309667	0.000000	51.451722	2.327508
715	46.128654	5.307656	0.000000	51.451722	2.334677
716	46.128291	5.300432	0.000000	51.451722	2.354475
717	46.131122	5.331697	0.000000	51.451722	2.333365
718	46.135771	5.353454	0.000000	51.451722	2.330112
719	46.127141	5.342047	0.000000	51.451722	2.351928
720	46.128133	5.291341	0.000000	51.451722	2.335695
721	46.125126	5.280070	0.000000	51.451722	2.333095
722	46.132144	5.326252	0.000000	51.451722	2.342524
723	46.123791	5.299335	0.000000	51.451722	2.334807
724	46.129060	5.333006	0.000000	51.451722	2.334761
725	46.129543	5.335667	0.000000	51.451722	2.321907
726	46.131659	5.270969	0.000000	51.451722	2.346263
727	46.133196	5.284941	0.000000	51.451722	2.333459
728	46.124089	5.336468	0.000000	51.451722	2.320730
729	46.150661	5.271846	0.000000	51.451722	2.366324
730	46.131963	5.295521	0.000000	51.451722	2.343366
731	46.137935	5.326863	0.000000	51.451722	2.335433
732	46.134314	5.277281	0.000000	51.451722	2.353519
733	46.140715	5.285476	0.000000	51.451722	2.317594
734	46.144611	5.334659	0.000000	51.451722	2.337675
735	46.141279	5.387407	0.000000	51.451722	2.376386
736	46.141583	5.341065	0.000000	51.451722	2.318340
737	46.137172	5.287090	0.000000	51.451722	2.343453
738	46.128243	5.301754	0.000000	51.451722	2.355894
739	46.133116	5.267822	0.000000	51.451722	2.335424
740	46.139890	5.226071	0.000000	51.451722	2.366257
741	46.134049	5.257547	0.000000	51.451722	2.314347
742	46.137482	5.234754	0.000000	51.451722	2.323667
743	46.128243	5.307557	0.000000	51.451722	2.381282
744	46.128887	5.306171	0.000000	51.451722	2.309174
745	46.122116	5.322619	0.000000	51.451722	2.329614
746	46.127090	5.353564	0.000000	51.451722	2.362461
747	46.125400	5.314271	0.000000	51.451722	2.325306
748	46.122432	5.337589	0.000000	51.451722	2.326152
749	46.120036	5.349978	0.000000	51.451722	2.370275
750	46.123037	5.272672	0.000000	51.451722	2.330422
751	46.123210	5.270429	0.000000	51.451722	2.358829
752	46.123236	5.233498	0.000000	51.451722	2.342048
753	46.128392	5.226654	0.000000	51.451722	2.322378
754	46.127278	5.268005	0.000000	51.451722	2.338742
755	46.126950	5.309334	0.000000	51.451722	2.324582
756	46.130592	5.281769	0.000000	51.451722	2.330979
757	46.130866	5.259144	0.000000	51.451722	2.345121
758	46.126765	5.265949	0.000000	51.451722	2.340674
759	46.125710	5.296240	0.000000	51.451722	2.337887
760	46.118763	5.279202	0.000000	51.451722	2.339747
761	46.124488	5.277177	0.000000	51.451722	2.348402
762	46.123922	5.261418	0.000000	51.451722	2.332004
763	46.128213	5.281220	0.000000	51.451722	2.330282
764	46.137607	5.228399	0.000000	51.451722	2.325205
765	46.136624	5.217644	0.000000	51.451722	2.357556
766	46.138945	5.269598	0.131234	51.451722	2.340581
767	46.130344	5.294511	0.000000	51.451722	2.329919
768	46.130866	5.183058	0.000000	51.451722	2.359873
769	46.128038	5.220342	0.000000	51.451722	2.318632
770	46.131662	5.171955	0.000000	51.451722	2.333912
771	46.139091	5.118427	0.000000	51.451722	2.355667
772	46.132368	5.155073	0.000000	51.451722	2.330309
773	46.126109	5.238191	0.000000	51.451722	2.342323
774	46.119308	5.215740	0.000000	51.451722	2.359279
775	46.115911	5.178411	0.131234	51.451722	2.319416
776	46.108603	5.220347	0.000000	51.451722	2.371369
777	46.118397	5.188315	0.000000	51.451722	2.327713
778	46.134967	5.132278	0.000000	51.451722	2.328009
779	46.132833	5.135929	0.000000	51.451722	2.381207
780	46.130466	5.167165	0.000000	51.451722	2.320912
781	46.273094	5.158100	0.000000	51.451722	2.383028
782	46.296474	5.140874	0.000000	51.451722	2.339655
783	46.308407	5.128181	0.000000	51.451722	2.352896
784	46.316719	5.146125	0.000000	51.451722	2.347728
785	46.325967	5.161765	0.000000	51.451722	2.332643
786	46.328944	5.170266	0.000000	51.451722	2.354910
787	46.332264	5.164783	0.000000	51.451722	2.340722
788	46.338916	5.129513	0.000000	51.451722	2.352821
789	46.342266	5.131174	0.000000	51.451722	2.346959
790	46.339041	5.173304	0.000000	51.451722	2.334903
791	46.335125	5.106170	0.000000	51.451722	2.369152
792	46.337757	5.155460	0.000000	51.451722	2.331583
793	46.342057	5.116504	0.000000	51.451722	2.359588
794	46.343762	5.119445	0.000000	51.451722	2.340944
795	46.344241	5.152851	0.000000	51.451722	2.359031
796	46.350080	5.145304	0.000000	51.451722	2.345456
797	46.347255	5.139814	0.000000	51.451722	2.392958
798	46.349409	5.161528	0.000000	51.451722	2.334135
799	46.354502	5.168742	0.000000	51.451722	2.374328
800	46.349949	5.164806	0.000000	51.451722	2.330191
801	46.350569	5.167383	0.000000	51.451722	2.391362
802	46.344578	5.237822	0.000000	51.451722	2.323996
803	46.349156	5.207738	0.000000	51.451722	2.368364
804	46.350187	5.168367	0.000000	51.451722	2.323654
805	46.349898	5.145798	0.000000	51.451722	2.320787
806	46.346036	5.152841	0.000000	51.451722	2.373893
807	46.350878	5.111211	0.000000	51.451722	2.326234
808	46.346852	5.135087	0.000000	51.451722	2.323331
809	46.353221	5.107192	0.000000	51.451722	2.395776
810	46.353209	5.134967	0.000000	51.451722	2.312506
811	46.353722	5.156858	0.000000	51.451722	2.377328
812	46.353871	5.161581	0.000000	51.451722	2.322547
813	46.354240	5.144719	0.000000	51.451722	2.327904
814	46.351552	5.146398	0.000000	51.451722	2.378828
815	46.358383	5.180335	0.000000	51.451722	2.328213
816	46.356994	5.171043	0.000000	51.451722	2.367009
817	46.356866	5.156842	0.000000	51.451722	2.346740
818	46.359122	5.149588	0.000000	51.451722	2.357115
819	46.355471	5.165710	0.000000	51.451722	2.348245
820	46.361583	5.164898	0.000000	51.451722	2.332700
821	46.358049	5.172816	0.000000	51.451722	2.359665
822	46.360710	5.142784	0.000000	51.451722	2.331235
823	46.358168	5.165967	0.000000	51.451722	2.344145
824	46.364200	5.155657	0.000000	51.451722	2.357327
825	46.363717	5.136231	0.000000	51.451722	2.358141
826	46.366435	5.165989	0.000000	51.451722	2.353519
827	46.369010	5.200135	0.000000	51.451722	2.336512
828	46.368539	5.187014	0.000000	51.451722	2.349917
829	46.366113	5.179718	0.000000	51.451722	2.337800
830	46.368825	5.202230	0.000000	51.451722	2.361726
831	46.363309	5.203553	0.000000	51.451722	2.347773
832	46.365640	5.212431	0.000000	51.451722	2.373383
833	46.366227	5.179445	0.000000	51.451722	2.334929
834	46.364355	5.233606	0.000000	51.451722	2.360879
835	46.360159	5.188640	0.000000	51.451722	2.347951
836	46.359503	5.168242	0.000000	51.451722	2.334696
837	46.363568	5.220968	0.000000	51.451722	2.356076
838	46.364993	5.231606	0.000000	51.451722	2.332740
839	46.361589	5.228602	0.000000	51.451722	2.345447
840	46.365422	5.243707	0.000000	51.451722	2.358790
841	46.361798	5.233752	0.000000	51.451722	2.336171
842	46.363747	5.243702	0.000000	51.451722	2.366389
843	46.366781	5.195928	0.000000	51.451722	2.324504
844	46.363759	5.198863	0.000000	51.451722	2.351315
845	46.368515	5.204115	0.000000	51.451722	2.357981
846	46.373171	5.171392	0.000000	51.451722	2.321699
847	46.368349	5.208561	0.000000	51.451722	2.387602
848	46.368238	5.228022	0.000000	51.451722	2.324863
849	46.373138	5.239756	0.000000	51.451722	2.372993
850	46.373820	5.225634	0.000000	51.451722	2.330811
851	46.370268	5.210798	0.000000	51.451722	2.335379
852	46.370709	5.228622	0.000000	51.451722	2.368009
853	46.363449	5.207516	0.000000	51.451722	2.318059
854	46.359640	5.185724	0.000000	51.451722	2.364381
855	46.357590	5.152419	0.000000	51.451722	2.343228
856	46.363336	5.197221	0.000000	51.451722	2.332886
857	46.361476	5.219776	0.000000	51.451722	2.376278
858	46.366489	5.213363	0.000000	51.451722	2.317782
859	46.366766	5.214419	0.000000	51.451722	2.374915
860	46.368426	5.217462	0.000000	51.451722	2.344805
861	46.378446	5.260180	0.000000	51.451722	2.376756
862	46.375370	5.235470	0.000000	51.451722	2.349374
863	46.368372	5.255056	0.000000	51.451722	2.333930
864	46.370441	5.236891	0.000000	51.451722	2.341244
865	46.369678	5.283823	0.000000	51.451722	2.335238
866	46.367818	5.233034	0.000000	51.451722	2.347847
867	46.368253	5.234524	0.000000	51.451722	2.347485
868	46.367431	5.238717	0.000000	51.451722	2.363628
869	46.367422	5.260254	0.000000	51.451722	2.343979
870	46.367395	5.245427	0.000000	51.451722	2.334912
871	46.365875	5.271412	0.000000	51.451722	2.334821
872	46.371722	5.247009	0.000000	51.451722	2.338085
873	46.370921	5.230179	0.000000	51.451722	2.336534
874	46.366504	5.214632	0.000000	51.451722	2.348080
875	46.377128	5.224664	0.000000	51.451722	2.346242
876	46.370804	5.253950	0.000000	51.451722	2.337204
877	46.376854	5.244656	0.000000	51.451722	2.369914
878	46.376026	5.240889	0.000000	51.451722	2.335063
879	46.371344	5.248418	0.000000	51.451722	2.332956
880	46.374500	5.196027	0.000000	51.451722	2.340320
881	46.371901	5.246958	0.000000	51.451722	2.336392
882	46.370965	5.240589	0.000000	51.451722	2.356369
883	46.367651	5.281702	0.000000	51.451722	2.348758
884	46.373054	5.251657	0.000000	51.451722	2.357474
885	46.372503	5.305728	0.000000	51.451722	2.353276
886	46.364084	5.273169	0.000000	51.451722	2.345714
887	46.364668	5.292159	0.000000	51.451722	2.351953
888	46.366489	5.292304	0.000000	51.451722	2.340544
889	46.363443	5.252120	0.000000	51.451722	2.348518
890	46.362638	5.268489	0.000000	51.451722	2.342739
891	46.361238	5.264931	0.000000	51.451722	2.386204
892	46.359754	5.280883	0.000000	51.451722	2.330031
893	46.360770	5.253995	0.000000	51.451722	2.374533
894	46.362859	5.263571	0.000000	51.451722	2.321785
895	46.366298	5.260823	0.000000	51.451722	2.328242
896	46.370631	5.279409	0.000000	51.451722	2.371807
897	46.365362	5.294861	0.000000	51.451722	2.325637
898	46.363679	5.305881	0.000000	51.451722	2.355616
899	46.365598	5.286443	0.000000	51.451722	2.346345
900	46.363485	5.265112	0.000000	51.451722	2.330647
901	46.362630	5.288316	0.000000	51.451722	2.350857
902	46.369556	5.257292	0.000000	51.451722	2.340833
903	46.369106	5.286055	0.000000	51.451722	2.330924
904	46.374136	5.240503	0.000000	51.451722	2.349257
905	46.373314	5.300917	0.000000	51.451722	2.342955
906	46.373427	5.284994	0.000000	51.451722	2.340360
907	46.368575	5.276203	0.000000	51.451722	2.336979
908	46.371156	5.285291	0.000000	51.451722	2.340106
909	46.366942	5.301685	0.000000	51.451722	2.342989
910	46.372515	5.271018	0.000000	51.451722	2.354541
911	46.368384	5.263057	0.000000	51.451722	2.327833
912	46.372050	5.303020	0.000000	51.451722	2.111406
913	46.406054	5.276086	0.000000	51.451722	2.134803
914	46.408945	5.266413	0.000000	51.451722	2.149258
915	46.409428	5.268208	0.000000	51.451722	2.123603
916	46.409011	5.267565	0.000000	51.451722	2.114418
917	46.408737	5.268144	0.000000	51.451722	2.147987
918	46.408862	5.268545	0.000000	51.451722	2.153680
919	46.408480	5.266965	0.000000	51.451722	2.174509
920	46.408343	5.266998	0.000000	51.451722	2.148832
921	46.408302	5.266845	0.000000	51.451722	2.203133
922	46.408325	5.266954	0.000000	51.451722	2.167788
923	46.408331	5.267338	0.000000	51.451722	2.132514
924	46.408418	5.267789	0.000000	51.451722	2.111645
925	46.408308	5.266142	0.000000	51.451722	2.135751
926	46.408331	5.267195	0.000000	51.451722	2.165941
927	46.408361	5.266457	0.000000	51.451722	2.167648
928	46.408376	5.266593	0.000000	51.451722	2.160906
929	46.408376	5.266593	0.000000	51.451722	2.179630
930	46.408376	5.266593	0.000000	51.451722	2.117409
931	46.408376	5.266593	0.000000	51.451722	2.143020
932	46.408376	5.266593	0.000000	51.451722	2.138514
933	46.408376	5.266593	0.000000	51.451722	2.156870
934	46.408376	5.266593	0.000000	51.451722	2.147727
935	46.408376	5.266593	0.000000	51.451722	2.138749
936	46.408376	5.266593	0.000000	51.451722	2.126505
937	46.408376	5.266593	0.000000	51.451722	2.145348
938	46.408376	5.266593	0.000000	51.451722	2.144609
939	46.408376	5.266593	0.000000	51.451722	2.164545
940	46.408376	5.266593	0.000000	51.451722	2.132393
941	46.408376	5.266593	0.000000	51.451722	2.127012
942	46.408376	5.266593	0.000000	51.451722	2.138054
943	46.408376	5.266593	0.000000	51.451722	2.177947
944	46.408376	5.266593	0.000000	51.451722	2.176307
945	46.408376	5.266593	0.000000	51.451722	2.143359
946	46.408376	5.266593	0.000000	51.451722	2.142402
947	46.408376	5.266593	0.000000	51.451722	2.152106
948	46.408376	5.266593	0.000000	51.451722	2.121547
949	46.408376	5.266593	0.000000	51.451722	2.140698
950	46.408376	5.266593	0.000000	51.451722	2.136319
951	46.408376	5.266593	0.000000	51.451722	2.133922
952	46.408376	5.266593	0.000000	51.451722	2.154161
953	46.408376	5.266593	0.000000	51.451722	2.137587
954	46.408376	5.266593	0.000000	51.451722	2.116281
955	46.408376	5.266593	0.000000	51.451722	2.137261
956	46.408376	5.266593	0.000000	51.451722	2.146363
957	46.408376	5.266593	0.000000	51.451722	2.141263
958	46.408376	5.266593	0.000000	51.451722	2.139860
959	46.408376	5.266593	0.000000	51.451722	2.164061
960	46.408376	5.266593	0.000000	51.451722	2.200235
961	46.408376	5.266593	0.000000	51.451722	2.132885
962	46.408376	5.266593	0.000000	51.451722	2.144871
963	46.408376	5.266593	0.000000	51.451722	2.141135
964	46.408376	5.266593	0.000000	51.451722	2.167577
965	46.408376	5.266593	0.000000	51.451722	2.137391
