1	25.343812	0.572120	0.000000	51.451722	2.329971
2	32.332101	0.913390	0.000000	51.451722	2.338571
3	36.589482	1.260509	0.000000	51.451722	2.371480
4	38.899469	1.421884	0.000000	51.451722	2.366680
5	40.234697	1.532720	0.131234	51.451722	2.344774
6	41.111916	1.587173	0.131234	51.451722	2.348570
7	41.700649	1.695127	0.131234	51.451722	2.343689
8	42.104188	1.819330	0.131234	51.451722	2.337883
9	42.403486	2.000617	0.131234	51.451722	2.357667
10	42.645121	2.126965	0.000000	51.451722	2.344239
11	42.878801	2.276706	0.131234	51.451722	2.342562
12	43.050331	2.383673	0.131234	51.451722	2.389296
13	43.198457	2.472989	0.131234	51.451722	2.405079
14	43.311197	2.625291	0.131234	51.451722	2.396302
15	43.418521	2.752129	0.131234	51.451722	2.400622
16	43.503267	2.776572	0.131234	51.451722	2.386752
17	43.616846	2.890105	0.000000	51.451722	2.356252
18	43.692553	2.884444	0.000000	51.451722	2.382688
19	43.763867	2.951960	0.000000	51.451722	2.396953
20	43.857270	2.991301	0.000000	51.451722	2.406748
21	43.924299	3.049832	0.000000	51.451722	2.332563
22	43.968335	3.111051	0.000000	51.451722	2.393452
23	44.019628	3.269076	0.000000	51.451722	2.388784
24	44.074401	3.261491	0.000000	51.451722	2.405239
25	44.126445	3.280968	0.000000	51.451722	2.335128
26	44.163883	3.307949	0.000000	51.451722	2.405779
27	44.226587	3.402812	0.000000	51.451722	2.392752
28	44.252583	3.459303	0.000000	51.451722	2.395147
29	44.303682	3.604329	0.000000	51.451722	2.360506
30	44.341826	3.626402	0.000000	51.451722	2.384237
31	44.379437	3.658914	0.000000	51.451722	2.392478
32	44.407937	3.617134	0.000000	51.451722	2.401484
33	44.423679	3.646150	0.000000	51.451722	2.413449
34	44.455934	3.666459	0.000000	51.451722	2.395667
35	44.470066	3.751344	0.000000	51.451722	2.404808
36	44.505864	3.720654	0.000000	51.451722	2.416694
37	44.512957	3.711255	0.000000	51.451722	2.400957
38	44.519073	3.716797	0.000000	51.451722	2.420940
39	44.525701	3.745010	0.000000	51.451722	2.395304
40	44.529995	3.784837	0.000000	51.451722	2.397445
41	44.544685	3.849698	0.000000	51.451722	2.424179
42	44.565779	3.800966	0.000000	51.451722	2.400949
43	44.579241	3.873273	0.000000	51.451722	2.390468
44	44.582945	3.948158	0.000000	51.451722	2.412044
45	44.603455	4.026866	0.000000	51.451722	2.401575
46	44.606912	4.067508	0.000000	51.451722	2.405051
47	44.609773	4.055114	0.000000	51.451722	2.352933
48	44.605201	4.057541	0.000000	51.451722	2.381590
49	44.613934	3.994456	0.000000	51.451722	2.386115
50	44.623128	4.003636	0.000000	51.451722	2.402923
51	44.630510	3.984078	0.000000	51.451722	2.368210
52	44.643497	4.070122	0.000000	51.451722	2.369408
53	44.666076	3.969900	0.000000	51.451722	2.394301
54	44.668156	4.022339	0.000000	51.451722	2.394849
55	44.672298	4.063131	0.000000	51.451722	2.383216
56	44.684219	4.076944	0.000000	51.451722	2.363062
57	44.682279	4.132274	0.000000	51.451722	2.381380
58	44.689336	4.059969	0.000000	51.451722	2.414067
59	44.701734	4.006969	0.000000	51.451722	2.400338
60	44.689539	4.054092	0.000000	51.451722	2.391581
61	44.706509	4.095534	0.000000	51.451722	2.417509
62	44.700894	4.144387	0.000000	51.451722	2.423899
63	44.706523	4.193237	0.000000	51.451722	2.391514
64	44.713563	4.224886	0.000000	51.451722	2.403526
65	44.735056	4.233070	0.000000	51.451722	2.419787
66	44.720864	4.293202	0.000000	51.451722	2.383833
67	44.738162	4.264698	0.000000	51.451722	2.417240
68	44.743764	4.333209	0.000000	51.451722	2.410956
69	44.753426	4.384630	0.000000	51.451722	2.402226
70	44.747549	4.317096	0.000000	51.451722	2.422202
71	44.759089	4.317444	0.000000	51.451722	2.402275
72	44.764858	4.424130	0.000000	51.451722	2.391616
73	44.769716	4.504195	0.000000	51.451722	2.421950
74	44.775778	4.481939	0.000000	51.451722	2.389318
75	44.781256	4.491742	0.000000	51.451722	2.417534
76	44.782472	4.403058	0.000000	51.451722	2.406445
77	44.804603	4.383731	0.000000	51.451722	2.406825
78	44.786894	4.434336	0.000000	51.451722	2.399226
79	44.794750	4.499691	0.000000	51.451722	2.416632
80	44.794339	4.508127	0.000000	51.451722	2.404331
81	44.810969	4.531823	0.000000	51.451722	2.418400
82	44.817364	4.521741	0.000000	51.451722	2.399261
83	44.831324	4.623167	0.000000	51.451722	2.423546
84	44.832137	4.587775	0.000000	51.451722	2.397186
85	44.846851	4.644470	0.000000	51.451722	2.388945
86	44.841620	4.671643	0.000000	51.451722	2.428436
87	44.835877	4.636726	0.000000	51.451722	2.396371
88	44.851586	4.604716	0.000000	51.451722	2.397192
89	44.859982	4.561697	0.000000	51.451722	2.422909
90	44.888705	4.686340	0.000000	51.451722	2.392151
91	44.880295	4.720285	0.000000	51.451722	2.420503
92	44.885188	4.717815	0.000000	51.451722	2.419470
93	44.896555	4.741057	0.000000	51.451722	2.370525
94	44.898790	4.745500	0.000000	51.451722	2.420463
95	44.913813	4.734135	0.000000	51.451722	2.402523
96	44.924238	4.717819	0.000000	51.451722	2.404666
97	44.929454	4.576871	0.000000	51.451722	2.407796
98	44.927454	4.610143	0.000000	51.451722	2.397693
99	44.944528	4.710342	0.000000	51.451722	2.402485
100	44.949657	4.731977	0.000000	51.451722	2.411113
101	44.963935	4.681656	0.000000	51.451722	2.399357
102	44.963634	4.792872	0.000000	51.451722	2.432925
103	44.976258	4.821877	0.000000	51.451722	2.403094
104	44.980580	4.822602	0.000000	51.451722	2.399503
105	45.000017	4.777773	0.000000	51.451722	2.419368
106	44.996589	4.790146	0.000000	51.451722	2.385651
107	44.989794	4.781384	0.000000	51.451722	2.400906
108	45.007020	4.838349	0.000000	51.451722	2.425007
109	45.018333	4.814917	0.000000	51.451722	2.400781
110	45.020199	4.863165	0.000000	51.451722	2.416700
111	45.031792	4.804992	0.000000	51.451722	2.393755
112	45.039046	4.860981	0.000000	51.451722	2.414785
113	45.039433	4.905204	0.000000	51.451722	2.418616
114	45.037812	4.876622	0.000000	51.451722	2.381306
115	45.050263	4.940034	0.000000	51.451722	2.401720
116	45.052955	4.971706	0.000000	51.451722	2.428133
117	45.066273	4.874360	0.000000	51.451722	2.384841
118	45.088255	4.902536	0.000000	51.451722	2.432359
119	45.088923	4.978904	0.000000	51.451722	2.394161
120	45.089635	4.872437	0.000000	51.451722	2.399267
121	45.103887	4.863786	0.000000	51.451722	2.417548
122	45.116997	4.946691	0.000000	51.451722	2.395095
123	45.108187	5.034008	0.000000	51.451722	2.404109
124	45.108947	5.065448	0.000000	51.451722	2.425440
125	45.096254	4.980724	0.000000	51.451722	2.405558
126	45.114928	5.023130	0.000000	51.451722	2.422457
127	45.122737	4.979622	0.000000	51.451722	2.404101
128	45.137435	4.969095	0.000000	51.451722	2.381243
129	45.121729	5.018781	0.000000	51.451722	2.430395
130	45.121479	5.041770	0.000000	51.451722	2.391068
131	45.140630	5.077127	0.000000	51.451722	2.396863
132	45.138025	5.123872	0.000000	51.451722	2.430131
133	45.144236	5.082068	0.000000	51.451722	2.383513
134	45.139879	5.030086	0.000000	51.451722	2.431906
135	45.140243	5.003878	0.000000	51.451722	2.406446
136	45.134783	5.060479	0.000000	51.451722	2.381120
137	45.132726	5.051129	0.000000	51.451722	2.430165
138	45.137572	5.048408	0.000000	51.451722	2.394189
139	45.139050	5.126113	0.000000	51.451722	2.410078
140	45.154497	5.122375	0.000000	51.451722	2.418665
141	45.160073	5.066606	0.000000	51.451722	2.400949
142	45.153540	5.018499	0.000000	51.451722	2.414746
143	45.161480	5.082852	0.000000	51.451722	2.413899
144	45.172760	5.040686	0.000000	51.451722	2.386190
145	45.162085	5.054489	0.000000	51.451722	2.409420
146	45.158562	5.063100	0.000000	51.451722	2.396135
147	45.157683	5.034716	0.000000	51.451722	2.402200
148	45.182583	5.025846	0.000000	51.451722	2.425326
149	45.183519	5.057093	0.000000	51.451722	2.392853
150	45.194310	5.185521	0.000000	51.451722	2.398679
151	45.191109	5.146830	0.000000	51.451722	2.427399
152	45.194107	5.102693	0.000000	51.451722	2.396232
153	45.191589	5.133195	0.000000	51.451722	2.413220
154	45.192236	5.146379	0.000000	51.451722	2.409874
155	45.215094	5.153492	0.000000	51.451722	2.398674
156	45.208842	5.173936	0.000000	51.451722	2.404802
157	45.200622	5.228016	0.000000	51.451722	2.398209
158	45.216137	5.229826	0.000000	51.451722	2.397732
159	45.214051	5.300750	0.000000	51.451722	2.430596
160	45.218942	5.299263	0.000000	51.451722	2.383737
161	45.218751	5.302582	0.000000	51.451722	2.424860
162	45.218551	5.272086	0.000000	51.451722	2.406595
163	45.220065	5.288603	0.000000	51.451722	2.398916
164	45.225933	5.188769	0.000000	51.451722	2.423506
165	45.239103	5.273241	0.000000	51.451722	2.393329
166	45.241266	5.314565	0.000000	51.451722	2.406198
167	45.238015	5.233444	0.000000	51.451722	2.405065
168	45.231980	5.284445	0.000000	51.451722	2.395530
169	45.238757	5.243996	0.000000	51.451722	2.432495
170	45.237803	5.251803	0.000000	51.451722	2.398515
171	45.253822	5.283166	0.000000	51.451722	2.384231
172	45.255464	5.216994	0.000000	51.451722	2.427206
173	45.261520	5.217859	0.000000	51.451722	2.408400
174	45.259106	5.229895	0.000000	51.451722	2.394331
175	45.247823	5.184899	0.000000	51.451722	2.421461
176	45.269114	5.128546	0.000000	51.451722	2.396551
177	45.290953	5.207809	0.000000	51.451722	2.398417
178	45.288855	5.251924	0.000000	51.451722	2.417469
179	45.284548	5.221087	0.000000	51.451722	2.400437
180	45.271519	5.316614	0.000000	51.451722	2.412678
181	45.288998	5.334744	0.000000	51.451722	2.412448
182	45.276099	5.277819	0.000000	51.451722	2.406819
183	45.300370	5.237157	0.000000	51.451722	2.408987
184	45.310402	5.391693	0.000000	51.451722	2.457908
185	45.327735	5.379129	0.000000	51.451722	2.442473
186	45.337564	5.406445	0.000000	51.451722	2.402569
187	45.331174	5.355422	0.000000	51.451722	2.405219
188	45.336109	5.425465	0.000000	51.451722	2.407510
189	45.357913	5.280565	0.000000	51.451722	2.419315
190	45.359653	5.357916	0.000000	51.451722	2.396146
191	45.352921	5.384949	0.000000	51.451722	2.412205
192	45.360202	5.364684	0.000000	51.451722	2.407825
193	45.358238	5.248691	0.000000	51.451722	2.393517
194	45.366862	5.175336	0.000000	51.451722	2.396005
195	45.363206	5.272168	0.000000	51.451722	2.418086
196	45.386341	5.362570	0.000000	51.451722	2.409436
197	45.385504	5.430100	0.000000	51.451722	2.412897
198	45.381910	5.367745	0.000000	51.451722	2.398567
199	45.388916	5.258425	0.000000	51.451722	2.398397
200	45.407110	5.242373	0.000000	51.451722	2.427032
201	45.389742	5.293890	0.000000	51.451722	2.408285
202	45.402691	5.238533	0.000000	51.451722	2.389731
203	45.411140	5.311575	0.000000	51.451722	2.418428
204	45.431095	5.405058	0.000000	51.451722	2.404961
205	45.419094	5.496210	0.000000	51.451722	2.426601
206	45.441860	5.421853	0.000000	51.451722	2.423018
207	45.440978	5.526542	0.000000	51.451722	2.381262
208	45.432746	5.466928	0.000000	51.451722	2.412371
209	45.454568	5.424587	0.000000	51.451722	2.400182
210	45.456582	5.459088	0.000000	51.451722	2.386089
211	45.449185	5.356319	0.000000	51.451722	2.423452
212	45.448083	5.346753	0.000000	51.451722	2.401222
213	45.457149	5.318637	0.000000	51.451722	2.412963
214	45.457849	5.315856	0.000000	51.451722	2.413871
215	45.436689	5.310957	0.000000	51.451722	2.383499
216	45.441961	5.453659	0.000000	51.451722	2.413714
217	45.430344	5.402751	0.000000	51.451722	2.406090
218	45.447630	5.413835	0.000000	51.451722	2.409901
219	45.442376	5.404752	0.000000	51.451722	2.413688
220	45.439911	5.327681	0.000000	51.451722	2.399417
221	45.451975	5.278239	0.000000	51.451722	2.395159
222	45.447537	5.243531	0.000000	51.451722	2.405702
223	45.443049	5.259466	0.000000	51.451722	2.406014
224	45.444605	5.265557	0.000000	51.451722	2.431011
225	45.452034	5.221277	0.000000	51.451722	2.400718
226	45.436019	5.225651	0.000000	51.451722	2.393195
227	45.421433	5.218162	0.000000	51.451722	2.419539
228	45.460153	5.217333	0.000000	51.451722	2.389091
229	45.459244	5.227590	0.000000	51.451722	2.406282
230	45.450148	5.248324	0.000000	51.451722	2.406225
231	45.449561	5.202151	0.000000	51.451722	2.402492
232	45.448107	5.148016	0.000000	51.451722	2.419984
233	45.455366	5.197248	0.000000	51.451722	2.395997
234	45.447788	5.198630	0.000000	51.451722	2.409239
235	45.452577	5.340897	0.000000	51.451722	2.426387
236	45.444468	5.242929	0.000000	51.451722	2.390069
237	45.440066	5.193573	0.000000	51.451722	2.402553
238	45.456055	5.218524	0.000000	51.451722	2.405256
239	45.465791	5.276365	0.000000	51.451722	2.405303
240	45.454520	5.261100	0.000000	51.451722	2.412367
241	45.443493	5.293812	0.000000	51.451722	2.408825
242	45.439911	5.142702	0.000000	51.451722	2.383908
243	45.448709	5.158603	0.000000	51.451722	2.417028
244	45.443693	5.204369	0.000000	51.451722	2.410128
245	45.445675	5.218757	0.000000	51.451722	2.407847
246	45.445886	5.169257	0.000000	51.451722	2.408128
247	45.437515	5.134345	0.000000	51.451722	2.385421
248	45.453316	5.151268	0.000000	51.451722	2.400405
249	45.455062	5.098422	0.000000	51.451722	2.431395
250	45.458746	5.159765	0.000000	51.451722	2.385237
251	45.461839	5.193403	0.000000	51.451722	2.422424
252	45.461315	5.183225	0.000000	51.451722	2.411624
253	45.454621	5.170799	0.000000	51.451722	2.404553
254	45.474356	5.082921	0.000000	51.451722	2.406678
255	45.463854	5.118675	0.000000	51.451722	2.390288
256	45.468700	5.132916	0.000000	51.451722	2.400459
257	45.465347	5.220736	0.000000	51.451722	2.414710
258	45.439759	5.140418	0.000000	51.451722	2.399177
259	45.444083	5.090881	0.000000	51.451722	2.422399
260	45.473075	5.041688	0.000000	51.451722	2.409238
261	45.471367	5.094836	0.000000	51.451722	2.398321
262	45.475751	5.054752	0.000000	51.451722	2.423945
263	45.491317	5.073207	0.000000	51.451722	2.387079
264	45.483923	5.068098	0.000000	51.451722	2.404116
265	45.473775	5.099609	0.000000	51.451722	2.411168
266	45.471582	5.139426	0.000000	51.451722	2.403883
267	45.481196	5.165189	0.000000	51.451722	2.423528
268	45.486510	5.106281	0.000000	51.451722	2.407037
269	45.475435	5.070979	0.000000	51.451722	2.391336
270	45.473066	5.047049	0.000000	51.451722	2.418158
271	45.470992	5.066580	0.000000	51.451722	2.392142
272	45.482016	5.131408	0.000000	51.451722	2.397459
273	45.471561	5.152084	0.000000	51.451722	2.413431
274	45.463395	5.092419	0.000000	51.451722	2.392602
275	45.480198	5.066615	0.000000	51.451722	2.443214
276	45.482129	5.133988	0.000000	51.451722	2.391184
277	45.482737	5.111813	0.000000	51.451722	2.395166
278	45.490089	5.130508	0.000000	51.451722	2.413098
279	45.493716	5.187360	0.000000	51.451722	2.396924
280	45.480454	5.160063	0.000000	51.451722	2.399130
281	45.496115	5.085512	0.000000	51.451722	2.430165
282	45.488846	5.114232	0.000000	51.451722	2.402601
283	45.482057	5.062921	0.000000	51.451722	2.426341
284	45.488548	5.122032	0.000000	51.451722	2.408547
285	45.493543	5.081191	0.000000	51.451722	2.382682
286	45.492718	5.153982	0.000000	51.451722	2.406074
287	45.489204	5.100419	0.000000	51.451722	2.407944
288	45.498815	5.021408	0.000000	51.451722	2.404654
289	45.492381	5.053502	0.000000	51.451722	2.409585
290	45.482457	5.084984	0.000000	51.451722	2.388176
291	45.491278	5.060932	0.000000	51.451722	2.405195
292	45.493156	5.073703	0.000000	51.451722	2.446212
293	45.496279	5.106395	0.000000	51.451722	2.378286
294	45.479357	5.055948	0.000000	51.451722	2.410014
295	45.498168	5.106722	0.000000	51.451722	2.408720
296	45.499033	5.060492	0.000000	51.451722	2.397211
297	45.480442	5.115005	0.000000	51.451722	2.420991
298	45.489040	5.090239	0.000000	51.451722	2.404685
299	45.491439	5.079010	0.000000	51.451722	2.384180
300	45.504928	5.045361	0.000000	51.451722	2.421851
301	45.500544	5.051216	0.000000	51.451722	2.385971
302	45.498013	4.985028	0.000000	51.451722	2.422518
303	45.503592	5.106992	0.000000	51.451722	2.403405
304	45.502758	5.045314	0.000000	51.451722	2.398684
305	45.512325	5.022750	0.000000	51.451722	2.416898
306	45.507067	4.969911	0.000000	51.451722	2.395822
307	45.511889	4.971008	0.000000	51.451722	2.410360
308	45.500135	4.999538	0.000000	51.451722	2.411531
309	45.503998	5.004908	0.000000	51.451722	2.406218
310	45.500720	5.100624	0.000000	51.451722	2.415130
311	45.507050	5.021784	0.000000	51.451722	2.410003
312	45.522678	5.063197	0.000000	51.451722	2.400338
313	45.514107	5.055947	0.000000	51.451722	2.414051
314	45.511386	5.004888	0.000000	51.451722	2.401293
315	45.505232	5.024330	0.000000	51.451722	2.402305
316	45.505130	5.057826	0.000000	51.451722	2.405926
317	45.518476	5.077133	0.000000	51.451722	2.404149
318	45.496392	5.067563	0.000000	51.451722	2.417378
319	45.494148	5.014674	0.000000	51.451722	2.404783
320	45.502514	5.072879	0.000000	51.451722	2.390488
321	45.514095	5.060013	0.000000	51.451722	2.415363
322	45.510986	4.992112	0.000000	51.451722	2.397966
323	45.505416	4.942588	0.000000	51.451722	2.401635
324	45.504302	5.002672	0.000000	51.451722	2.417609
325	45.497456	4.994152	0.000000	51.451722	2.408977
326	45.501131	5.079448	0.000000	51.451722	2.422084
327	45.500344	5.071915	0.000000	51.451722	2.412312
328	45.495895	5.130978	0.000000	51.451722	2.412719
329	45.490116	5.045042	0.000000	51.451722	2.393898
330	45.503438	4.932852	0.000000	51.451722	2.398217
331	45.500606	4.992694	0.000000	51.451722	2.401065
332	45.494106	4.909631	0.000000	51.451722	2.413247
333	45.500678	4.960910	0.000000	51.451722	2.399473
334	45.496124	4.939717	0.000000	51.451722	2.395366
335	45.505959	4.888839	0.000000	51.451722	2.425114
336	45.522672	4.998572	0.000000	51.451722	2.379423
337	45.518523	4.981538	0.000000	51.451722	2.431563
338	45.524377	4.985674	0.000000	51.451722	2.402866
339	45.529252	5.003826	0.000000	51.451722	2.403361
340	45.523250	4.975118	0.000000	51.451722	2.416275
341	45.528418	4.956109	0.000000	51.451722	2.400770
342	45.525378	4.952597	0.000000	51.451722	2.383827
343	45.505759	4.872558	0.000000	51.451722	2.431090
344	45.532584	4.865685	0.000000	51.451722	2.380709
345	45.526159	4.905359	0.000000	51.451722	2.430435
346	45.526150	4.926678	0.000000	51.451722	2.406622
347	45.524761	4.779351	0.000000	51.451722	2.395344
348	45.528126	4.838228	0.000000	51.451722	2.417085
349	45.518816	4.824438	0.000000	51.451722	2.401946
350	45.531154	4.880272	0.000000	51.451722	2.389865
351	45.522100	4.867439	0.000000	51.451722	2.422860
352	45.534220	4.893598	0.000000	51.451722	2.384220
353	45.533234	4.833647	0.000000	51.451722	2.433958
354	45.533037	4.915525	0.000000	51.451722	2.403514
355	45.554116	4.886646	0.000000	51.451722	2.390146
356	45.554417	4.886920	0.000000	51.451722	2.421075
357	45.543680	4.957237	0.000000	51.451722	2.397892
358	45.533001	4.932649	0.000000	51.451722	2.388980
359	45.533097	4.895585	0.000000	51.451722	2.430460
360	45.536062	4.853078	0.000000	51.451722	2.382561
361	45.533681	4.880577	0.000000	51.451722	2.437272
362	45.529616	4.931427	0.000000	51.451722	2.402440
363	45.541331	4.861594	0.000000	51.451722	2.391490
364	45.537427	4.850872	0.000000	51.451722	2.414637
365	45.541859	4.856690	0.000000	51.451722	2.404646
366	45.541167	4.844037	0.000000	51.451722	2.388867
367	45.552754	4.874311	0.000000	51.451722	2.423214
368	45.547724	4.797777	0.000000	51.451722	2.391306
369	45.545998	4.959369	0.000000	51.451722	2.410668
370	45.547342	4.968194	0.000000	51.451722	2.429666
371	45.543700	4.983428	0.000000	51.451722	2.391367
372	45.539957	4.970841	0.000000	51.451722	2.416911
373	45.546371	4.920267	0.000000	51.451722	2.401997
374	45.554489	4.932108	0.000000	51.451722	2.410077
375	45.554993	4.915872	0.000000	51.451722	2.429111
376	45.542398	4.871974	0.000000	51.451722	2.389756
377	45.543432	4.920131	0.000000	51.451722	2.385551
378	45.554790	4.976217	0.000000	51.451722	2.407587
379	45.566157	4.963684	0.000000	51.451722	2.408176
380	45.566386	4.909840	0.000000	51.451722	2.422690
381	45.578927	4.933102	0.000000	51.451722	2.402331
382	45.569289	4.896136	0.000000	51.451722	2.399305
383	45.564413	4.957715	0.000000	51.451722	2.420892
384	45.568103	4.987327	0.000000	51.451722	2.380724
385	45.563811	4.916382	0.000000	51.451722	2.399201
386	45.559829	4.933665	0.000000	51.451722	2.418269
387	45.551103	4.911032	0.000000	51.451722	2.397094
388	45.545566	4.915098	0.000000	51.451722	2.419523
389	45.544568	4.858600	0.000000	51.451722	2.413777
390	45.546824	4.848045	0.000000	51.451722	2.405534
391	45.544803	4.842157	0.000000	51.451722	2.409118
392	45.547104	4.798248	0.000000	51.451722	2.386769
393	45.561910	4.770060	0.000000	51.451722	2.401785
394	45.549119	4.805317	0.000000	51.451722	2.414973
395	45.549995	4.781211	0.000000	51.451722	2.415407
396	45.545083	4.805315	0.000000	51.451722	2.413335
397	45.553312	4.918031	0.000000	51.451722	2.413784
398	45.560741	4.926325	0.000000	51.451722	2.390861
399	45.544690	4.844767	0.000000	51.451722	2.412218
400	45.541459	4.891002	0.000000	51.451722	2.403599
401	45.548475	4.829816	0.000000	51.451722	2.391187
402	45.529354	4.869029	0.000000	51.451722	2.430870
403	45.543146	4.942378	0.000000	51.451722	2.397274
404	45.548368	5.034723	0.000000	51.451722	2.410954
405	45.559913	4.971801	0.000000	51.451722	2.399821
406	45.560271	4.958300	0.000000	51.451722	2.388553
407	45.555088	4.975579	0.000000	51.451722	2.429614
408	45.560867	4.951911	0.000000	51.451722	2.400627
409	45.550650	4.967603	0.000000	51.451722	2.391281
410	45.556825	4.939773	0.000000	51.451722	2.427039
411	45.567468	4.971000	0.000000	51.451722	2.393597
412	45.578745	4.927058	0.000000	51.451722	2.400757
413	45.544124	4.935299	0.000000	51.451722	2.418652
414	45.560110	5.022283	0.000000	51.451722	2.389199
415	45.553234	4.997551	0.000000	51.451722	2.422462
416	45.548099	5.059137	0.000000	51.451722	2.408533
417	45.556229	4.997801	0.000000	51.451722	2.393475
418	45.541322	4.924722	0.000000	51.451722	2.418565
419	45.547950	4.888824	0.000000	51.451722	2.403581
420	45.555776	4.937901	0.000000	51.451722	2.397488
421	45.563269	4.968686	0.000000	51.451722	2.417169
422	45.554864	4.998284	0.000000	51.451722	2.400574
423	45.556784	4.864982	0.000000	51.451722	2.416533
424	45.568925	4.905027	0.000000	51.451722	2.403048
425	45.560655	4.888881	0.000000	51.451722	2.399043
426	45.556134	4.957717	0.000000	51.451722	2.408973
427	45.542943	4.901469	0.000000	51.451722	2.394559
428	45.539019	4.908802	0.000000	51.451722	2.406865
429	45.551246	4.890340	0.000000	51.451722	2.419431
430	45.551407	4.863958	0.000000	51.451722	2.394962
431	45.552734	4.939074	0.000000	51.451722	2.430311
432	45.557314	4.828621	0.000000	51.451722	2.391979
433	45.752835	4.773639	0.000000	51.451722	2.390172
434	45.819002	4.755360	0.000000	51.451722	2.416622
435	45.836812	4.733534	0.000000	51.451722	2.415704
436	45.864573	4.886053	0.000000	51.451722	2.395933
437	45.866799	4.891831	0.000000	51.451722	2.414016
438	45.889544	4.791462	0.000000	51.451722	2.404027
439	45.889443	4.782758	0.000000	51.451722	2.417034
440	45.897794	4.818810	0.000000	51.451722	2.399575
441	45.895937	4.783361	0.000000	51.451722	2.389048
442	45.906299	4.764492	0.000000	51.451722	2.422216
443	45.908815	4.882250	0.000000	51.451722	2.408006
444	45.919022	4.924146	0.000000	51.451722	2.388214
445	45.911795	4.885806	0.000000	51.451722	2.429540
446	45.905441	4.965611	0.000000	51.451722	2.400846
447	45.899865	4.914771	0.000000	51.451722	2.393193
448	45.900139	4.875799	0.000000	51.451722	2.420550
449	45.912251	4.842701	0.000000	51.451722	2.391587
450	45.915020	4.862206	0.000000	51.451722	2.425871
451	45.919329	4.918941	0.000000	51.451722	2.400663
452	45.926452	4.858448	0.000000	51.451722	2.389498
453	45.932469	4.859536	0.000000	51.451722	2.426985
454	45.919853	4.887964	0.000000	51.451722	2.386654
455	45.920619	4.842714	0.000000	51.451722	2.411242
456	45.919132	4.851716	0.000000	51.451722	2.407380
457	45.911664	4.796210	0.000000	51.451722	2.398802
458	45.913082	4.831177	0.000000	51.451722	2.428320
459	45.918024	4.824700	0.000000	51.451722	2.395992
460	45.922452	4.899118	0.000000	51.451722	2.410580
461	45.910922	4.825228	0.000000	51.451722	2.407273
462	45.923617	4.888620	0.000000	51.451722	2.388903
463	45.929262	4.971696	0.000000	51.451722	2.402393
464	45.914906	4.967559	0.000000	51.451722	2.414279
465	45.933101	4.860388	0.000000	51.451722	2.396825
466	45.927948	4.888784	0.000000	51.451722	2.434401
467	45.927352	4.965313	0.000000	51.451722	2.392079
468	45.923048	5.018841	0.000000	51.451722	2.397256
469	45.920959	4.970760	0.000000	51.451722	2.412649
470	45.916432	4.995973	0.000000	51.451722	2.406968
471	45.926091	5.008904	0.000000	51.451722	2.396196
472	45.931888	4.929899	0.000000	51.451722	2.410878
473	45.943472	4.962517	0.000000	51.451722	2.397169
474	45.938241	4.922242	0.000000	51.451722	2.425880
475	45.942283	4.914196	0.000000	51.451722	2.403792
476	45.954740	4.915983	0.000000	51.451722	2.386061
477	45.962450	4.929126	0.000000	51.451722	2.412419
478	45.953637	4.901159	0.000000	51.451722	2.409069
479	45.940328	4.917655	0.000000	51.451722	2.401987
480	45.935875	4.939320	0.000000	51.451722	2.428759
481	45.945427	5.003757	0.000000	51.451722	2.386390
482	45.932657	4.984358	0.000000	51.451722	2.435158
483	45.940167	4.963679	0.000000	51.451722	2.389652
484	45.935839	4.935930	0.000000	51.451722	2.394514
485	45.936623	5.038700	0.000000	51.451722	2.413599
486	45.948485	5.031750	0.000000	51.451722	2.406826
487	45.939490	4.968303	0.000000	51.451722	2.402301
488	45.937806	4.976820	0.000000	51.451722	2.412794
489	45.945245	4.994883	0.000000	51.451722	2.404442
490	45.941025	5.037541	0.000000	51.451722	2.398695
491	45.943004	4.963463	0.000000	51.451722	2.415363
492	45.944223	4.875514	0.000000	51.451722	2.389653
493	45.950407	4.829972	0.000000	51.451722	2.417208
494	45.938954	4.831902	0.000000	51.451722	2.411992
495	45.944309	4.878964	0.000000	51.451722	2.397812
496	45.953053	4.900257	0.000000	51.451722	2.420260
497	45.954955	4.895122	0.000000	51.451722	2.401544
498	45.944643	4.874189	0.000000	51.451722	2.401532
499	45.947337	4.825315	0.000000	51.451722	2.417514
500	45.941895	4.846669	0.000000	51.451722	2.387482
501	45.931149	4.904290	0.000000	51.451722	2.427205
502	45.922801	4.973307	0.000000	51.451722	2.392040
503	45.936376	4.902105	0.000000	51.451722	2.417847
504	45.938188	4.981960	0.000000	51.451722	2.405190
505	45.921594	4.936418	0.000000	51.451722	2.401788
506	45.929572	4.969712	0.000000	51.451722	2.391464
507	45.942280	4.991893	0.000000	51.451722	2.419927
508	45.938325	4.986220	0.000000	51.451722	2.402450
509	45.929322	4.962106	0.000000	51.451722	2.419992
510	45.938638	4.991645	0.000000	51.451722	2.395194
511	45.938724	5.014335	0.000000	51.451722	2.398083
512	45.941049	5.014595	0.000000	51.451722	2.413742
513	45.939857	4.941410	0.000000	51.451722	2.395573
514	45.934564	4.989760	0.000000	51.451722	2.423211
515	45.941323	4.862955	0.000000	51.451722	2.413253
516	45.940936	4.891872	0.000000	51.451722	2.405098
517	45.952094	4.866419	0.000000	51.451722	2.418655
518	45.941982	4.886907	0.000000	51.451722	2.400861
519	45.943573	4.889140	0.000000	51.451722	2.385355
520	45.950466	4.848859	0.000000	51.451722	2.428020
521	45.942694	4.834210	0.000000	51.451722	2.394256
522	45.940882	4.849145	0.000000	51.451722	2.406493
523	45.930767	4.903753	0.000000	51.451722	2.418342
524	45.948184	4.961716	0.000000	51.451722	2.386260
525	45.936111	4.932677	0.000000	51.451722	2.404785
526	45.950815	4.913106	0.000000	51.451722	2.407987
527	45.944992	4.901212	0.000000	51.451722	2.405086
528	45.940894	4.964001	0.000000	51.451722	2.412623
529	46.114796	4.949886	0.000000	51.451722	2.395200
530	46.164820	4.902720	0.000000	51.451722	2.402238
531	46.182233	4.913812	0.000000	51.451722	2.423041
532	46.184707	4.931694	0.000000	51.451722	2.389000
533	46.191746	4.872588	0.000000	51.451722	2.401257
534	46.189791	4.818774	0.000000	51.451722	2.423762
535	46.191972	4.805127	0.000000	51.451722	2.393963
536	46.203020	4.835466	0.000000	51.451722	2.430839
537	46.199906	4.861411	0.000000	51.451722	2.398337
538	46.206141	4.868504	0.000000	51.451722	2.390195
539	46.210754	4.814573	0.000000	51.451722	2.426351
540	46.210524	4.847736	0.000000	51.451722	2.401512
541	46.216202	4.765774	0.000000	51.451722	2.395378
542	46.204072	4.848604	0.000000	51.451722	2.421266
543	46.207717	4.823690	0.000000	51.451722	2.395947
544	46.213186	4.817307	0.000000	51.451722	2.415808
545	46.221930	4.743641	0.000000	51.451722	2.397622
546	46.230114	4.819281	0.000000	51.451722	2.411242
547	46.223745	4.849369	0.000000	51.451722	2.417344
548	46.221679	4.825651	0.000000	51.451722	2.394713
549	46.222118	4.851968	0.000000	51.451722	2.397003
550	46.230239	4.805328	0.000000	51.451722	2.413957
551	46.233779	4.816898	0.000000	51.451722	2.397200
552	46.238852	4.822896	0.000000	51.451722	2.429110
553	46.232998	4.902364	0.000000	51.451722	2.405062
554	46.236479	4.867881	0.000000	51.451722	2.379673
555	46.237078	4.909250	0.000000	51.451722	2.415731
556	46.235225	4.871032	0.000000	51.451722	2.412386
557	46.231705	4.874413	0.000000	51.451722	2.394503
558	46.234435	4.790088	0.000000	51.451722	2.425932
559	46.238148	4.842817	0.000000	51.451722	2.390540
560	46.234775	4.890834	0.000000	51.451722	2.429672
561	46.239433	4.883186	0.000000	51.451722	2.402533
562	46.242893	4.832492	0.000000	51.451722	2.380114
563	46.245003	4.836082	0.000000	51.451722	2.424051
564	46.248212	4.824203	0.000000	51.451722	2.393282
565	46.246502	4.823973	0.000000	51.451722	2.407925
566	46.249619	4.858712	0.000000	51.451722	2.414250
567	46.248859	4.875513	0.000000	51.451722	2.395126
568	46.244189	4.781370	0.000000	51.451722	2.406490
569	46.248126	4.842637	0.000000	51.451722	2.422459
570	46.249196	4.856174	0.000000	51.451722	2.396816
571	46.243107	4.862032	0.000000	51.451722	2.414081
572	46.250230	4.840807	0.000000	51.451722	2.408828
573	46.244225	4.860312	0.000000	51.451722	2.400653
574	46.233463	4.871315	0.000000	51.451722	2.420270
575	46.240655	4.819096	0.000000	51.451722	2.386779
576	46.230215	4.806560	0.000000	51.451722	2.405595
577	46.244052	4.793783	0.000000	51.451722	2.410336
578	46.249223	4.858774	0.000000	51.451722	2.395107
579	46.246970	4.841004	0.000000	51.451722	2.422097
580	46.246910	4.856550	0.000000	51.451722	2.412315
581	46.253586	4.867853	0.000000	51.451722	2.400840
582	46.257162	4.818610	0.000000	51.451722	2.413534
583	46.254510	4.839687	0.000000	51.451722	2.389452
584	46.253362	4.851168	0.000000	51.451722	2.398760
585	46.242875	4.851952	0.000000	51.451722	2.427943
586	46.252123	4.888996	0.000000	51.451722	2.401251
587	46.247923	4.896835	0.000000	51.451722	2.411814
588	46.243596	4.872434	0.000000	51.451722	2.394143
589	46.242267	4.842102	0.000000	51.451722	2.416779
590	46.245760	4.849902	0.000000	51.451722	2.404167
591	46.244466	4.870464	0.000000	51.451722	2.395952
592	46.248755	4.854348	0.000000	51.451722	2.409100
593	46.243760	4.930375	0.000000	51.451722	2.412405
594	46.241194	4.868688	0.000000	51.451722	2.392089
595	46.248871	4.928736	0.000000	51.451722	2.435085
596	46.240813	4.914783	0.000000	51.451722	2.393174
597	46.243119	4.920128	0.000000	51.451722	2.389473
598	46.237952	5.001648	0.000000	51.451722	2.426533
599	46.249801	4.930858	0.000000	51.451722	2.393698
600	46.251723	5.010250	0.000000	51.451722	2.399848
601	46.241093	4.945197	0.000000	51.451722	2.419998
602	46.239513	4.888851	0.000000	51.451722	2.393602
603	46.243706	4.872863	0.000000	51.451722	2.406225
604	46.247560	4.890435	0.000000	51.451722	2.424983
605	46.248269	4.814923	0.000000	51.451722	2.401042
606	46.252167	4.818305	0.000000	51.451722	2.419848
607	46.259445	4.902540	0.000000	51.451722	2.395341
608	46.257237	4.848578	0.000000	51.451722	2.394815
609	46.251860	4.851973	0.000000	51.451722	2.430696
610	46.255612	4.940851	0.000000	51.451722	2.384535
611	46.263939	4.960770	0.000000	51.451722	2.407573
612	46.255898	4.858426	0.000000	51.451722	2.410824
613	46.257555	4.881811	0.000000	51.451722	2.399067
614	46.254659	4.858888	0.000000	51.451722	2.429352
615	46.263891	4.886748	0.000000	51.451722	2.403845
616	46.253568	4.928924	0.000000	51.451722	2.387431
617	46.254098	4.869694	0.000000	51.451722	2.419475
618	46.261537	4.895380	0.000000	51.451722	2.408201
619	46.253631	4.935962	0.000000	51.451722	2.389254
620	46.262562	4.916260	0.000000	51.451722	2.423569
621	46.263224	4.892629	0.000000	51.451722	2.399238
622	46.268633	4.849599	0.000000	51.451722	2.425069
623	46.259212	4.871495	0.000000	51.451722	2.387259
624	46.248394	4.920376	0.000000	51.451722	2.397022
625	46.253204	4.884930	0.000000	51.451722	2.428744
626	46.248871	4.915610	0.000000	51.451722	2.400234
627	46.250319	4.946396	0.000000	51.451722	2.390480
628	46.255690	4.942817	0.000000	51.451722	2.423267
629	46.261883	4.908103	0.000000	51.451722	2.389354
630	46.267939	4.855534	0.000000	51.451722	2.421783
631	46.269950	4.836916	0.000000	51.451722	2.406326
632	46.269363	4.890028	0.000000	51.451722	2.387568
633	46.266860	4.828405	0.000000	51.451722	2.429933
634	46.273136	4.859456	0.000000	51.451722	2.401809
635	46.262339	4.864616	0.000000	51.451722	2.400276
636	46.270767	4.904855	0.000000	51.451722	2.416534
637	46.261781	4.872991	0.000000	51.451722	2.404334
638	46.273321	4.867809	0.000000	51.451722	2.407839
639	46.275303	4.877125	0.000000	51.451722	2.407280
640	46.264184	4.840037	0.000000	51.451722	2.382328
641	46.259874	4.939696	0.000000	51.451722	2.429361
642	46.269250	4.900514	0.000000	51.451722	2.401037
643	46.260718	4.925857	0.000000	51.451722	2.393563
644	46.265030	4.868262	0.000000	51.451722	2.425905
645	46.267593	4.819127	0.000000	51.451722	2.388956
646	46.270353	4.874275	0.000000	51.451722	2.406178
647	46.261716	4.872234	0.000000	51.451722	2.415592
648	46.262789	4.870800	0.000000	51.451722	2.398608
649	46.261108	4.865921	0.000000	51.451722	2.426966
650	46.268427	4.908781	0.000000	51.451722	2.397376
651	46.268034	4.885474	0.000000	51.451722	2.390810
652	46.265757	4.849596	0.000000	51.451722	2.427722
653	46.270603	4.860637	0.000000	51.451722	2.399825
654	46.259558	4.861128	0.000000	51.451722	2.389491
655	46.267217	4.880809	0.000000	51.451722	2.417140
656	46.262360	4.958622	0.000000	51.451722	2.403025
657	46.272570	4.896786	0.000000	51.451722	2.421658
658	46.268165	4.830711	0.000000	51.451722	2.402715
659	46.275014	4.770833	0.000000	51.451722	2.403866
660	46.251911	4.852679	0.000000	51.451722	2.413472
661	46.264637	4.836508	0.000000	51.451722	2.395601
662	46.259233	4.833747	0.000000	51.451722	2.391668
663	46.272913	4.832472	0.000000	51.451722	2.423369
664	46.270603	4.831228	0.000000	51.451722	2.389046
665	46.275586	4.858080	0.000000	51.451722	2.434241
666	46.268207	4.839892	0.000000	51.451722	2.389999
667	46.267337	4.850362	0.000000	51.451722	2.413608
668	46.263570	4.821044	0.000000	51.451722	2.401539
669	46.277082	4.840158	0.000000	51.451722	2.397117
670	46.284136	4.865645	0.000000	51.451722	2.400073
671	46.283799	4.899234	0.000000	51.451722	2.426097
672	46.275726	4.892124	0.000000	51.451722	2.398339
673	46.280819	4.860188	0.000000	51.451722	2.414026
674	46.279478	4.901277	0.000000	51.451722	2.396979
675	46.272913	4.941185	0.000000	51.451722	2.400255
676	46.282923	4.929526	0.000000	51.451722	2.425569
677	46.271133	4.912860	0.000000	51.451722	2.390567
678	46.265274	4.895101	0.000000	51.451722	2.406136
679	46.266139	4.855506	0.000000	51.451722	2.416660
680	46.262348	4.949708	0.000000	51.451722	2.397600
681	46.266541	4.911553	0.000000	51.451722	2.402416
682	46.267992	4.933986	0.000000	51.451722	2.412528
683	46.270737	4.884799	0.000000	51.451722	2.408263
684	46.272412	4.960949	0.000000	51.451722	2.416143
685	46.265495	4.942174	0.000000	51.451722	2.407073
686	46.272412	4.955190	0.000000	51.451722	2.385732
687	46.283245	4.882656	0.000000	51.451722	2.428366
688	46.273032	4.869909	0.000000	51.451722	2.401955
689	46.277696	4.824623	0.000000	51.451722	2.395738
690	46.275708	4.839891	0.000000	51.451722	2.415944
691	46.272135	4.808336	0.000000	51.451722	2.389585
692	46.273214	4.784991	0.000000	51.451722	2.420996
693	46.276298	4.850151	0.000000	51.451722	2.397963
694	46.269006	4.781209	0.000000	51.451722	2.400228
695	46.284762	4.774093	0.000000	51.451722	2.428859
696	46.279722	4.848490	0.000000	51.451722	2.403231
697	46.279985	4.780069	0.000000	51.451722	2.394145
698	46.280295	4.802087	0.000000	51.451722	2.418854
699	46.274668	4.814590	0.000000	51.451722	2.387841
700	46.286666	4.775173	0.000000	51.451722	2.422624
701	46.282130	4.846258	0.000000	51.451722	2.411561
702	46.274620	4.851298	0.000000	51.451722	2.405776
703	46.286902	4.873254	0.000000	51.451722	2.409755
704	46.277440	4.835339	0.000000	51.451722	2.392412
705	46.280301	4.878622	0.000000	51.451722	2.395953
706	46.273735	4.823603	0.000000	51.451722	2.427286
707	46.278244	4.842757	0.000000	51.451722	2.386880
708	46.281290	4.889058	0.000000	51.451722	2.421627
709	46.278644	4.917944	0.000000	51.451722	2.408379
710	46.274009	4.891570	0.000000	51.451722	2.386796
711	46.280971	4.869512	0.000000	51.451722	2.422710
712	46.277061	4.921706	0.000000	51.451722	2.391108
713	46.273011	4.927539	0.000000	51.451722	2.410779
714	46.273354	4.879838	0.000000	51.451722	2.409964
715	46.280706	4.881623	0.000000	51.451722	2.406180
716	46.270308	4.854724	0.000000	51.451722	2.424107
717	46.273774	4.855905	0.000000	51.451722	2.400407
718	46.275431	4.829277	0.000000	51.451722	2.393441
719	46.274728	4.888855	0.000000	51.451722	2.423969
720	46.278378	4.851001	0.000000	51.451722	2.384805
721	46.281266	4.837039	0.000000	51.451722	2.403022
722	46.293706	4.848555	0.000000	51.451722	2.425619
723	46.281630	4.898106	0.000000	51.451722	2.402381
724	46.277544	4.891032	0.000000	51.451722	2.386267
725	46.286702	4.913429	0.000000	51.451722	2.420335
726	46.281153	4.923621	0.000000	51.451722	2.401044
727	46.284527	4.849516	0.000000	51.451722	2.419038
728	46.286064	4.875679	0.000000	51.451722	2.394329
729	46.281511	4.884120	0.000000	51.451722	2.400319
730	46.279278	4.897753	0.000000	51.451722	2.430172
731	46.278715	4.866641	0.000000	51.451722	2.384720
732	46.279261	4.886401	0.000000	51.451722	2.402560
733	46.283445	4.788874	0.000000	51.451722	2.424728
734	46.271151	4.839855	0.000000	51.451722	2.390744
735	46.274057	4.805725	0.000000	51.451722	2.435410
736	46.281123	4.825357	0.000000	51.451722	2.403023
737	46.279341	4.827174	0.000000	51.451722	2.391051
738	46.273428	4.831507	0.000000	51.451722	2.408517
739	46.268469	4.858242	0.000000	51.451722	2.407100
740	46.263281	4.857009	0.000000	51.451722	2.391874
741	46.278602	4.894459	0.000000	51.451722	2.426503
742	46.271312	4.913332	0.000000	51.451722	2.398887
743	46.274042	4.889037	0.000000	51.451722	2.419020
744	46.278909	4.948532	0.000000	51.451722	2.392582
745	46.272305	4.942857	0.000000	51.451722	2.399971
746	46.278432	4.946175	0.000000	51.451722	2.423405
747	46.273160	4.917356	0.000000	51.451722	2.398471
748	46.278831	4.882025	0.000000	51.451722	2.390039
749	46.289003	4.908350	0.000000	51.451722	2.431018
750	46.285760	4.913103	0.000000	51.451722	2.384701
751	46.290445	4.902901	0.000000	51.451722	2.434550
752	46.293628	4.859348	0.000000	51.451722	2.409231
753	46.275252	4.883480	0.000000	51.451722	2.385521
754	46.279860	4.846484	0.000000	51.451722	2.414006
755	46.281630	4.864778	0.000000	51.451722	2.398209
756	46.271259	4.861299	0.000000	51.451722	2.404713
757	46.272087	4.884046	0.000000	51.451722	2.411877
758	46.275115	4.885473	0.000000	51.451722	2.407197
759	46.282816	4.864943	0.000000	51.451722	2.418023
760	46.293056	4.925030	0.000000	51.451722	2.391305
761	46.286392	4.942509	0.000000	51.451722	2.396224
762	46.291405	4.893911	0.000000	51.451722	2.417179
763	46.280658	4.876702	0.000000	51.451722	2.411734
764	46.293223	4.894490	0.000000	51.451722	2.389849
765	46.282357	4.864246	0.000000	51.451722	2.425323
766	46.282542	4.849179	0.000000	51.451722	2.385152
767	46.282780	4.908168	0.000000	51.451722	2.406591
768	46.284544	4.903515	0.000000	51.451722	2.421720
769	46.293384	4.919457	0.000000	51.451722	2.405551
770	46.283942	4.949900	0.000000	51.451722	2.407527
771	46.280360	4.934021	0.000000	51.451722	2.407679
772	46.282679	4.955744	0.000000	51.451722	2.409209
773	46.278927	4.998448	0.000000	51.451722	2.424227
774	46.426862	4.974171	0.000000	51.451722	2.379547
775	46.458462	4.942650	0.000000	51.451722	2.410685
776	46.466589	4.944076	0.000000	51.451722	2.403474
777	46.475732	4.925977	0.000000	51.451722	2.405234
778	46.485525	4.934057	0.000000	51.451722	2.409572
779	46.481988	4.935526	0.000000	51.451722	2.401712
780	46.488839	4.968823	0.000000	51.451722	2.399637
781	46.495157	4.930282	0.000000	51.451722	2.415962
782	46.488768	4.950166	0.000000	51.451722	2.412499
783	46.493310	4.894283	0.000000	51.451722	2.400781
784	46.489912	4.911465	0.000000	51.451722	2.404496
785	46.500081	4.891572	0.000000	51.451722	2.404266
786	46.499985	4.908223	0.000000	51.451722	2.412569
787	46.499562	4.903992	0.000000	51.451722	2.400925
788	46.501482	4.861683	0.000000	51.451722	2.400136
789	46.497577	4.859312	0.000000	51.451722	2.420700
790	46.503121	4.873339	0.000000	51.451722	2.391708
791	46.502149	4.849419	0.000000	51.451722	2.401543
792	46.502426	4.877323	0.000000	51.451722	2.428423
793	46.509364	4.844083	0.000000	51.451722	2.388496
794	46.504301	4.852427	0.000000	51.451722	2.418277
795	46.500421	4.902903	0.000000	51.451722	2.415464
796	46.499571	4.907741	0.000000	51.451722	2.394054
797	46.506855	4.873222	0.000000	51.451722	2.417549
798	46.510410	4.888247	0.000000	51.451722	2.402117
799	46.503910	4.899176	0.000000	51.451722	2.389841
800	46.506000	4.894732	0.000000	51.451722	2.422294
801	46.501738	4.865274	0.000000	51.451722	2.405210
802	46.508634	4.835116	0.000000	51.451722	2.396900
803	46.510601	4.852221	0.000000	51.451722	2.419887
804	46.506995	4.856283	0.000000	51.451722	2.396588
805	46.500897	4.870232	0.000000	51.451722	2.419818
806	46.502969	4.857430	0.000000	51.451722	2.389393
807	46.502167	4.876418	0.000000	51.451722	2.412395
808	46.510386	4.863377	0.000000	51.451722	2.406423
809	46.508092	4.849559	0.000000	51.451722	2.400788
810	46.509704	4.853207	0.000000	51.451722	2.403794
811	46.505666	4.814530	0.000000	51.451722	2.412164
812	46.509326	4.884155	0.000000	51.451722	2.392486
813	46.512926	4.881161	0.000000	51.451722	2.435774
814	46.513626	4.878607	0.000000	51.451722	2.390449
815	46.512675	4.864122	0.000000	51.451722	2.397180
816	46.510971	4.819340	0.000000	51.451722	2.416209
817	46.512926	4.831858	0.000000	51.451722	2.406476
818	46.510583	4.856497	0.000000	51.451722	2.401495
819	46.511692	4.836220	0.000000	51.451722	2.409482
820	46.510267	4.861475	0.000000	51.451722	2.403163
821	46.511948	4.851250	0.000000	51.451722	2.420614
822	46.521816	4.851215	0.000000	51.451722	2.393500
823	46.515891	4.864199	0.000000	51.451722	2.401014
824	46.513337	4.879838	0.000000	51.451722	2.418046
825	46.516323	4.824413	0.000000	51.451722	2.400781
826	46.514845	4.835297	0.000000	51.451722	2.400186
827	46.519566	4.825409	0.000000	51.451722	2.422615
828	46.518898	4.800497	0.000000	51.451722	2.386090
829	46.520293	4.782141	0.000000	51.451722	2.428192
830	46.522045	4.796186	0.000000	51.451722	2.397570
831	46.518508	4.787752	0.000000	51.451722	2.392440
832	46.521825	4.801816	0.000000	51.451722	2.424525
833	46.516556	4.792037	0.000000	51.451722	2.398660
834	46.519968	4.794591	0.000000	51.451722	2.405277
835	46.519580	4.808077	0.000000	51.451722	2.429309
836	46.520150	4.799538	0.000000	51.451722	2.393046
837	46.522361	4.857846	0.000000	51.451722	2.423926
838	46.517414	4.818508	0.000000	51.451722	2.400005
839	46.515644	4.861838	0.000000	51.451722	2.382713
840	46.518898	4.839820	0.000000	51.451722	2.426035
841	46.522593	4.835821	0.000000	51.451722	2.391311
842	46.527606	4.817859	0.000000	51.451722	2.406211
843	46.523315	4.798511	0.000000	51.451722	2.422405
844	46.524876	4.819313	0.000000	51.451722	2.382241
845	46.521151	4.818649	0.000000	51.451722	2.402632
846	46.515718	4.866035	0.000000	51.451722	2.425858
847	46.519661	4.829574	0.000000	51.451722	2.386071
848	46.516770	4.826333	0.000000	51.451722	2.427819
849	46.512130	4.828116	0.000000	51.451722	2.397732
850	46.513125	4.765353	0.000000	51.451722	2.398315
851	46.510491	4.800108	0.000000	51.451722	2.414332
852	46.512035	4.787716	0.000000	51.451722	2.393468
853	46.506825	4.807185	0.000000	51.451722	2.407302
854	46.515793	4.823732	0.000000	51.451722	2.407094
855	46.513662	4.829103	0.000000	51.451722	2.409732
856	46.512213	4.815677	0.000000	51.451722	2.413048
857	46.519542	4.774980	0.000000	51.451722	2.403255
858	46.516111	4.776364	0.000000	51.451722	2.400701
859	46.513706	4.826031	0.000000	51.451722	2.414565
860	46.508819	4.853340	0.000000	51.451722	2.410909
861	46.513894	4.801799	0.000000	51.451722	2.405158
862	46.514979	4.842399	0.000000	51.451722	2.401089
863	46.518448	4.848479	0.000000	51.451722	2.406553
864	46.519852	4.815216	0.000000	51.451722	2.408701
865	46.516237	4.831613	0.000000	51.451722	2.401631
866	46.514082	4.881122	0.000000	51.451722	2.412704
867	46.519405	4.894789	0.000000	51.451722	2.410369
868	46.514571	4.911575	0.000000	51.451722	2.391364
869	46.512949	4.867294	0.000000	51.451722	2.407489
870	46.512708	4.824487	0.000000	51.451722	2.424132
871	46.512154	4.852679	0.000000	51.451722	2.395822
872	46.508497	4.830054	0.000000	51.451722	2.414668
873	46.511972	4.836250	0.000000	51.451722	2.400139
874	46.511513	4.818205	0.000000	51.451722	2.400354
875	46.506476	4.802846	0.000000	51.451722	2.420773
876	46.513426	4.823437	0.000000	51.451722	2.384072
877	46.514177	4.805383	0.000000	51.451722	2.405561
878	46.512651	4.838530	0.000000	51.451722	2.411390
879	46.511802	4.831151	0.000000	51.451722	2.396101
880	46.508551	4.799651	0.000000	51.451722	2.424770
881	46.509689	4.801241	0.000000	51.451722	2.396010
882	46.508074	4.779545	0.000000	51.451722	2.395321
883	46.510386	4.808954	0.000000	51.451722	2.412929
884	46.510994	4.800146	0.000000	51.451722	2.396253
885	46.510693	4.818182	0.000000	51.451722	2.417220
886	46.513516	4.790849	0.000000	51.451722	2.418953
887	46.512496	4.828218	0.000000	51.451722	2.386595
888	46.505463	4.789782	0.000000	51.451722	2.406405
889	46.511942	4.779531	0.000000	51.451722	2.398622
890	46.508476	4.786078	0.000000	51.451722	2.372405
891	46.514684	4.804661	0.000000	51.451722	2.364015
892	46.512476	4.787164	0.000000	51.451722	2.392410
893	46.510306	4.816740	0.000000	51.451722	2.207063
894	46.546960	4.780590	0.000000	51.451722	2.204299
895	46.547621	4.782176	0.000000	51.451722	2.194679
896	46.547252	4.778948	0.000000	51.451722	2.197435
897	46.547198	4.774135	0.000000	51.451722	2.200580
898	46.547085	4.773899	0.000000	51.451722	2.154365
899	46.547201	4.773076	0.000000	51.451722	2.179357
900	46.547145	4.771698	0.000000	51.451722	2.224490
901	46.547017	4.771344	0.000000	51.451722	2.203069
902	46.547025	4.771813	0.000000	51.451722	2.195248
903	46.546987	4.771585	0.000000	51.451722	2.207176
904	46.547058	4.770671	0.000000	51.451722	2.196713
905	46.547058	4.770671	0.000000	51.451722	2.176467
906	46.547058	4.770671	0.000000	51.451722	2.146425
907	46.547058	4.770671	0.000000	51.451722	2.200358
908	46.547058	4.770671	0.000000	51.451722	2.231228
909	46.547058	4.770671	0.000000	51.451722	2.208072
910	46.547058	4.770671	0.000000	51.451722	2.190136
911	46.547058	4.770671	0.000000	51.451722	2.201728
912	46.547058	4.770671	0.000000	51.451722	2.205345
913	46.547058	4.770671	0.000000	51.451722	2.201821
914	46.547058	4.770671	0.000000	51.451722	2.180834
915	46.547058	4.770671	0.000000	51.451722	2.207310
916	46.547058	4.770671	0.000000	51.451722	2.178360
917	46.547058	4.770671	0.000000	51.451722	2.185687
918	46.547058	4.770671	0.000000	51.451722	2.200251
919	46.547058	4.770671	0.000000	51.451722	2.187100
920	46.547058	4.770671	0.000000	51.451722	2.205935
921	46.547058	4.770671	0.000000	51.451722	2.187028
922	46.547058	4.770671	0.000000	51.451722	2.178574
923	46.547058	4.770671	0.000000	51.451722	2.156786
924	46.547058	4.770671	0.000000	51.451722	2.192367
925	46.547058	4.770671	0.000000	51.451722	2.194269
926	46.547058	4.770671	0.000000	51.451722	2.158799
927	46.547058	4.770671	0.000000	51.451722	2.172943
928	46.547058	4.770671	0.000000	51.451722	2.196400
929	46.547058	4.770671	0.000000	51.451722	2.174792
930	46.547058	4.770671	0.000000	51.451722	2.149603
931	46.547058	4.770671	0.000000	51.451722	2.196391
932	46.547058	4.770671	0.000000	51.451722	2.194971
933	46.547058	4.770671	0.000000	51.451722	2.200831
934	46.547058	4.770671	0.000000	51.451722	2.184630
935	46.547058	4.770671	0.000000	51.451722	2.144705
936	46.547058	4.770671	0.000000	51.451722	2.191559
937	46.547058	4.770671	0.000000	51.451722	2.199543
938	46.547058	4.770671	0.000000	51.451722	2.237338
939	46.547058	4.770671	0.000000	51.451722	2.206111
940	46.547058	4.770671	0.000000	51.451722	2.195614
941	46.547058	4.770671	0.000000	51.451722	2.183574
942	46.547058	4.770671	0.000000	51.451722	2.170540
943	46.547058	4.770671	0.000000	51.451722	2.168082
944	46.547058	4.770671	0.000000	51.451722	2.186740
945	46.547058	4.770671	0.000000	51.451722	2.174148
