1	25.343585	1.504507	0.000000	51.451722	2.283582
2	32.206076	2.631384	0.000000	51.451722	2.318894
3	36.795932	3.270609	0.000000	51.451722	2.363645
4	39.161924	3.542615	0.000000	51.451722	2.324306
5	40.468684	3.883740	0.000000	51.451722	2.325558
6	41.292858	4.069355	0.000000	51.451722	2.328751
7	41.861841	4.193199	0.000000	51.451722	2.308336
8	42.261750	4.411158	0.000000	51.451722	2.355583
9	42.600626	4.498084	0.000000	51.451722	2.344942
10	42.871422	4.632242	0.000000	51.451722	2.329067
11	43.107772	4.683965	0.000000	51.451722	2.364032
12	43.304932	4.844284	0.000000	51.451722	2.320660
13	43.466729	4.920424	0.000000	51.451722	2.349783
14	43.590987	4.941640	0.000000	51.451722	2.351837
15	43.703419	5.062104	0.000000	51.451722	2.326116
16	43.788588	5.182373	0.000000	51.451722	2.331753
17	43.850219	5.197697	0.000000	51.451722	2.354674
18	43.900073	5.308358	0.000000	51.451722	2.318367
19	43.966377	5.401664	0.000000	51.451722	2.355673
20	44.021249	5.432538	0.000000	51.451722	2.358629
21	44.070953	5.531996	0.000000	51.451722	2.331785
22	44.131270	5.541459	0.000000	51.451722	2.368847
23	44.163042	5.650345	0.000000	51.451722	2.329070
24	44.207799	5.788196	0.000000	51.451722	2.363148
25	44.243389	5.924211	0.000000	51.451722	2.338342
26	44.284880	5.942853	0.000000	51.451722	2.340470
27	44.318628	6.027080	0.000000	51.451722	2.367872
28	44.370115	6.128633	0.000000	51.451722	2.333161
29	44.405317	6.189810	0.000000	51.451722	2.370518
30	44.435108	6.274152	0.000000	51.451722	2.330646
31	44.468391	6.318955	0.000000	51.451722	2.318863
32	44.487429	6.381957	0.000000	51.451722	2.369130
33	44.518447	6.359613	0.000000	51.451722	2.340325
34	44.518998	6.452913	0.000000	51.451722	2.350420
35	44.552287	6.414293	0.000000	51.451722	2.344276
36	44.560570	6.434044	0.000000	51.451722	2.331954
37	44.578448	6.515140	0.000000	51.451722	2.364686
38	44.609532	6.511203	0.000000	51.451722	2.326909
39	44.616568	6.526769	0.000000	51.451722	2.334159
40	44.648546	6.531049	0.000000	51.451722	2.352351
41	44.651359	6.620855	0.000000	51.451722	2.341601
42	44.670975	6.687281	0.000000	51.451722	2.365346
43	44.689310	6.841586	0.000000	51.451722	2.332324
44	44.700980	6.885297	0.000000	51.451722	2.336709
45	44.722557	6.978558	0.000000	51.451722	2.380249
46	44.731894	7.046994	0.000000	51.451722	2.331171
47	44.758523	7.158608	0.000000	51.451722	2.345663
48	44.773164	7.240352	0.000000	51.451722	2.341922
49	44.784081	7.281278	0.000000	51.451722	2.381217
50	44.786137	7.334004	0.000000	51.451722	2.331549
51	44.799483	7.407711	0.000000	51.451722	2.352463
52	44.805756	7.366548	0.000000	51.451722	2.339404
53	44.819784	7.439224	0.000000	51.451722	2.340065
54	44.826639	7.432311	0.000000	51.451722	2.357472
55	44.828013	7.432913	0.000000	51.451722	2.332703
56	44.855875	7.431299	0.000000	51.451722	2.383403
57	44.870973	7.539086	0.000000	51.451722	2.337779
58	44.877362	7.571585	0.000000	51.451722	2.366121
59	44.882751	7.599837	0.000000	51.451722	2.339922
60	44.873524	7.626334	0.000000	51.451722	2.368902
61	44.884065	7.709018	0.000000	51.451722	2.338753
62	44.890368	7.808038	0.000000	51.451722	2.343635
63	44.895408	7.896632	0.000000	51.451722	2.360768
64	44.907922	7.876428	0.000000	51.451722	2.319494
65	44.893318	7.841021	0.000000	51.451722	2.344794
66	44.919676	7.990995	0.000000	51.451722	2.348459
67	44.925213	7.955830	0.000000	51.451722	2.323559
68	44.931078	8.024023	0.000000	51.451722	2.364319
69	44.942260	8.078454	0.000000	51.451722	2.334900
70	44.954252	8.160352	0.000000	51.451722	2.327312
71	44.967997	8.185374	0.000000	51.451722	2.386739
72	44.973773	8.258402	0.000000	51.451722	2.330609
73	44.983676	8.354270	0.000000	51.451722	2.370056
74	44.984591	8.287213	0.000000	51.451722	2.319203
75	44.986060	8.332657	0.000000	51.451722	2.331952
76	44.974446	8.377995	0.000000	51.451722	2.374636
77	44.992745	8.403902	0.000000	51.451722	2.326368
78	44.996423	8.423178	0.000000	51.451722	2.379958
79	44.989437	8.499200	0.000000	51.451722	2.344970
80	45.002455	8.473516	0.000000	51.451722	2.362045
81	45.007688	8.481037	0.000000	51.451722	2.338428
82	45.005816	8.534542	0.000000	51.451722	2.342293
83	44.996318	8.605309	0.000000	51.451722	2.363643
84	45.002949	8.617291	0.000000	51.451722	2.348342
85	45.009321	8.612848	0.000000	51.451722	2.349255
86	45.010775	8.647604	0.000000	51.451722	2.338617
87	45.011497	8.681490	0.000000	51.451722	2.354012
88	45.019600	8.631791	0.000000	51.451722	2.354963
89	45.023799	8.703627	0.000000	51.451722	2.347363
90	45.027536	8.739555	0.000000	51.451722	2.351812
91	45.015079	8.756428	0.000000	51.451722	2.362212
92	45.019394	8.822136	0.000000	51.451722	2.344044
93	45.003939	8.863060	0.000000	51.451722	2.345581
94	45.021391	8.790141	0.000000	51.451722	2.369908
95	45.029247	8.860439	0.000000	51.451722	2.350492
96	45.026493	8.931591	0.000000	51.451722	2.344700
97	45.026889	8.947093	0.000000	51.451722	2.329290
98	45.055765	9.069526	0.000000	51.451722	2.370243
99	45.039344	9.138648	0.000000	51.451722	2.330862
100	45.035923	9.116664	0.000000	51.451722	2.336742
101	45.050526	9.199618	0.000000	51.451722	2.360746
102	45.060608	9.203263	0.000000	51.451722	2.328346
103	45.061886	9.202530	0.000000	51.451722	2.347362
104	45.084071	9.172036	0.000000	51.451722	2.342060
105	45.066577	9.213614	0.000000	51.451722	2.322286
106	45.055985	9.266099	0.000000	51.451722	2.321512
107	45.065328	9.247941	0.000000	51.451722	2.363564
108	45.072162	9.226510	0.000000	51.451722	2.330979
109	45.072955	9.254405	0.000000	51.451722	2.324514
110	45.064276	9.302054	0.000000	51.451722	2.329310
111	45.081583	9.369390	0.000000	51.451722	2.335471
112	45.088199	9.351187	0.000000	51.451722	2.332975
113	45.081520	9.313304	0.000000	51.451722	2.324455
114	45.058274	9.454559	0.000000	51.451722	2.314785
115	45.075351	9.438457	0.000000	51.451722	2.334423
116	45.077446	9.431443	0.000000	51.451722	2.347073
117	45.082095	9.476641	0.000000	51.451722	2.312810
118	45.091653	9.462337	0.000000	51.451722	2.324492
119	45.103359	9.505959	0.000000	51.451722	2.342225
120	45.103598	9.495342	0.000000	51.451722	2.325169
121	45.120758	9.557540	0.000000	51.451722	2.340614
122	45.113233	9.554562	0.000000	51.451722	2.338577
123	45.111895	9.503116	0.000000	51.451722	2.319551
124	45.124960	9.523382	0.000000	51.451722	2.342082
125	45.127255	9.595511	0.000000	51.451722	2.333862
126	45.125264	9.500642	0.000000	51.451722	2.314801
127	45.110741	9.540018	0.000000	51.451722	2.345082
128	45.120430	9.499830	0.000000	51.451722	2.345938
129	45.124733	9.451196	0.000000	51.451722	2.313544
130	45.113075	9.514887	0.000000	51.451722	2.319666
131	45.135731	9.491212	0.000000	51.451722	2.343659
132	45.126969	9.507695	0.000000	51.451722	2.319740
133	45.137751	9.423517	0.000000	51.451722	2.319520
134	45.149636	9.514845	0.000000	51.451722	2.324533
135	45.144010	9.537433	0.000000	51.451722	2.330350
136	45.129853	9.518869	0.000000	51.451722	2.335675
137	45.122641	9.521048	0.000000	51.451722	2.360644
138	45.127100	9.501472	0.000000	51.451722	2.318395
139	45.132196	9.447912	0.000000	51.451722	2.329516
140	45.139313	9.395152	0.000000	51.451722	2.357385
141	45.150903	9.519827	0.000000	51.451722	2.313866
142	45.160079	9.547346	0.000000	51.451722	2.339633
143	45.154095	9.569788	0.000000	51.451722	2.358570
144	45.156220	9.512647	0.000000	51.451722	2.324817
145	45.149755	9.488721	0.000000	51.451722	2.347374
146	45.137393	9.597378	0.000000	51.451722	2.342184
147	45.151579	9.677122	0.000000	51.451722	2.328789
148	45.162606	9.553923	0.000000	51.451722	2.335253
149	45.144695	9.657557	0.000000	51.451722	2.344162
150	45.154852	9.675273	0.000000	51.451722	2.333757
151	45.152456	9.750055	0.000000	51.451722	2.331161
152	45.155960	9.697859	0.000000	51.451722	2.374682
153	45.148462	9.768853	0.000000	51.451722	2.328441
154	45.131630	9.682295	0.000000	51.451722	2.359304
155	45.138848	9.655490	0.000000	51.451722	2.336156
156	45.143443	9.701329	0.000000	51.451722	2.343652
157	45.145100	9.735162	0.000000	51.451722	2.368214
158	45.147258	9.809705	0.000000	51.451722	2.328747
159	45.151201	9.838677	0.000000	51.451722	2.355289
160	45.170242	9.885400	0.000000	51.451722	2.342133
161	45.162541	9.930385	0.000000	51.451722	2.385465
162	45.155844	9.896892	0.000000	51.451722	2.335142
163	45.156834	9.809090	0.000000	51.451722	2.353343
164	45.153633	9.808044	0.000000	51.451722	2.351366
165	45.150650	9.859528	0.000000	51.451722	2.335024
166	45.169246	9.830271	0.000000	51.451722	2.373083
167	45.162827	9.918890	0.000000	51.451722	2.332388
168	45.163947	9.959912	0.000000	51.451722	2.375744
169	45.155016	9.941172	0.000000	51.451722	2.336796
170	45.172012	9.987098	0.000000	51.451722	2.362838
171	45.166904	9.980393	0.000000	51.451722	2.339453
172	45.171738	9.941102	0.000000	51.451722	2.359647
173	45.172647	10.019815	0.000000	51.451722	2.339380
174	45.157433	9.937547	0.000000	51.451722	2.372997
175	45.169061	9.982616	0.000000	51.451722	2.350907
176	45.193940	10.069279	0.000000	51.451722	2.368675
177	45.180339	10.051037	0.000000	51.451722	2.336508
178	45.166969	10.068675	0.000000	51.451722	2.363369
179	45.178992	10.104228	0.000000	51.451722	2.340700
180	45.174462	10.190606	0.000000	51.451722	2.353811
181	45.180023	10.203110	0.000000	51.451722	2.372617
182	45.170265	10.267468	0.000000	51.451722	2.349325
183	45.172411	10.232593	0.000000	51.451722	2.351374
184	45.195198	10.294050	0.000000	51.451722	2.348085
185	45.188808	10.243885	0.000000	51.451722	2.368068
186	45.175305	10.296840	0.000000	51.451722	2.359012
187	45.188069	10.310619	0.000000	51.451722	2.359637
188	45.193315	10.197574	0.000000	51.451722	2.391198
189	45.187908	10.146376	0.000000	51.451722	2.331689
190	45.193678	10.137596	0.000000	51.451722	2.374118
191	45.199764	10.137087	0.000000	51.451722	2.334838
192	45.186692	10.176647	0.000000	51.451722	2.379966
193	45.194688	10.185186	0.000000	51.451722	2.338197
194	45.185900	10.216056	0.000000	51.451722	2.372639
195	45.205379	10.289049	0.000000	51.451722	2.350584
196	45.196226	10.406845	0.000000	51.451722	2.377271
197	45.189348	10.491672	0.000000	51.451722	2.363031
198	45.188421	10.521292	0.000000	51.451722	2.355016
199	45.195162	10.540594	0.000000	51.451722	2.385265
200	45.216852	10.458701	0.000000	51.451722	2.325511
201	45.218447	10.436139	0.000000	51.451722	2.389265
202	45.209354	10.510051	0.000000	51.451722	2.336663
203	45.224857	10.498246	0.000000	51.451722	2.388024
204	45.221391	10.603640	0.000000	51.451722	2.340322
205	45.227659	10.610025	0.000000	51.451722	2.375666
206	45.226377	10.597659	0.000000	51.451722	2.371250
207	45.207733	10.644589	0.000000	51.451722	2.341846
208	45.193255	10.634401	0.000000	51.451722	2.371965
209	45.198473	10.698860	0.000000	51.451722	2.350383
210	45.208368	10.655827	0.000000	51.451722	2.390890
211	45.224348	10.658047	0.000000	51.451722	2.342608
212	45.222265	10.659409	0.000000	51.451722	2.373697
213	45.242900	10.677735	0.000000	51.451722	2.342959
214	45.246252	10.674239	0.000000	51.451722	2.369155
215	45.251590	10.754473	0.000000	51.451722	2.364081
216	45.255637	10.786850	0.000000	51.451722	2.346666
217	45.250294	10.749347	0.000000	51.451722	2.378104
218	45.246094	10.710305	0.000000	51.451722	2.335678
219	45.245636	10.745476	0.000000	51.451722	2.383636
220	45.261866	10.802734	0.000000	51.451722	2.343877
221	45.270824	10.880780	0.000000	51.451722	2.378467
222	45.274770	10.868575	0.000000	51.451722	2.336601
223	45.270923	10.875309	0.000000	51.451722	2.373129
224	45.272607	10.920638	0.000000	51.451722	2.338569
225	45.280045	10.859314	0.000000	51.451722	2.367445
226	45.266169	10.915034	0.000000	51.451722	2.348485
227	45.274979	10.898518	0.000000	51.451722	2.365689
228	45.274085	10.994395	0.000000	51.451722	2.344609
229	45.254362	10.938878	0.000000	51.451722	2.371637
230	45.268652	10.916534	0.000000	51.451722	2.341825
231	45.278162	10.942432	0.000000	51.451722	2.377697
232	45.274764	11.031821	0.000000	51.451722	2.347038
233	45.275605	11.145027	0.000000	51.451722	2.370568
234	45.271218	11.049941	0.000000	51.451722	2.357349
235	45.273867	11.079520	0.000000	51.451722	2.372825
236	45.282382	11.155606	0.000000	51.451722	2.355261
237	45.270562	11.074685	0.000000	51.451722	2.362540
238	45.279524	11.055238	0.000000	51.451722	2.378913
239	45.270386	11.081002	0.000000	51.451722	2.351596
240	45.259976	11.196644	0.000000	51.451722	2.363418
241	45.262074	11.265578	0.000000	51.451722	2.333930
242	45.276016	11.253511	0.000000	51.451722	2.377691
243	45.278800	11.292980	0.000000	51.451722	2.334622
244	45.264834	11.234112	0.000000	51.451722	2.373644
245	45.270270	11.352613	0.000000	51.451722	2.333824
246	45.275894	11.413411	0.000000	51.451722	2.394728
247	45.281714	11.318521	0.000000	51.451722	2.332628
248	45.281732	11.305111	0.000000	51.451722	2.381188
249	45.291275	11.253284	0.000000	51.451722	2.375177
250	45.279798	11.300191	0.000000	51.451722	2.339713
251	45.272139	11.321569	0.000000	51.451722	2.382803
252	45.290381	11.357911	0.000000	51.451722	2.339535
253	45.287400	11.284612	0.000000	51.451722	2.392290
254	45.280927	11.292354	0.000000	51.451722	2.360350
255	45.279759	11.361967	0.000000	51.451722	2.362321
256	45.299152	11.412888	0.000000	51.451722	2.355222
257	45.319074	11.425426	0.000000	51.451722	2.365126
258	45.305198	11.447716	0.000000	51.451722	2.360365
259	45.308065	11.428539	0.000000	51.451722	2.349936
260	45.304412	11.534784	0.000000	51.451722	2.383750
261	45.290524	11.538990	0.000000	51.451722	2.394726
262	45.303601	11.526452	0.000000	51.451722	2.326948
263	45.293182	11.617072	0.000000	51.451722	2.360414
264	45.308530	11.665009	0.000000	51.451722	2.366348
265	45.323962	11.713565	0.000000	51.451722	2.365059
266	45.338798	11.737762	0.000000	51.451722	2.350999
267	45.323792	11.751143	0.000000	51.451722	2.370628
268	45.315254	11.725840	0.000000	51.451722	2.350545
269	45.317158	11.658336	0.000000	51.451722	2.366906
270	45.305955	11.618058	0.000000	51.451722	2.349398
271	45.316172	11.689160	0.000000	51.451722	2.373775
272	45.294285	11.752294	0.000000	51.451722	2.373250
273	45.307633	11.818059	0.000000	51.451722	2.350808
274	45.297921	11.725238	0.000000	51.451722	2.365299
275	45.297712	11.808300	0.000000	51.451722	2.350492
276	45.305318	11.732079	0.000000	51.451722	2.353873
277	45.313534	11.749944	0.000000	51.451722	2.353922
278	45.307931	11.798827	0.000000	51.451722	2.367495
279	45.304534	11.828006	0.000000	51.451722	2.335879
280	45.313329	11.895759	0.000000	51.451722	2.383487
281	45.301580	11.862292	0.000000	51.451722	2.342048
282	45.308179	11.936847	0.000000	51.451722	2.396590
283	45.315909	11.879249	0.000000	51.451722	2.356288
284	45.326579	11.968714	0.000000	51.451722	2.352884
285	45.318806	12.030381	0.000000	51.451722	2.357247
286	45.309269	12.100301	0.000000	51.451722	2.366960
287	45.319116	12.056201	0.000000	51.451722	2.377291
288	45.319429	12.062898	0.000000	51.451722	2.341707
289	45.314240	12.138858	0.000000	51.451722	2.384012
290	45.320773	12.231801	0.000000	51.451722	2.382621
291	45.317066	12.266156	0.000000	51.451722	2.339355
292	45.326176	12.306717	0.000000	51.451722	2.357955
293	45.330518	12.372139	0.000000	51.451722	2.367586
294	45.330173	12.445734	0.000000	51.451722	2.365537
295	45.326945	12.322678	0.000000	51.451722	2.347362
296	45.331675	12.369758	0.000000	51.451722	2.375082
297	45.345074	12.342243	0.000000	51.451722	2.355854
298	45.332849	12.400154	0.000000	51.451722	2.366692
299	45.336211	12.505152	0.000000	51.451722	2.366613
300	45.343161	12.490098	0.000000	51.451722	2.342641
301	45.357472	12.427103	0.000000	51.451722	2.328371
302	45.344806	12.528058	0.000000	51.451722	2.389322
303	45.350188	12.615785	0.131234	51.451722	2.356444
304	45.352566	12.672660	0.000000	51.451722	2.353645
305	45.343852	12.743599	0.000000	51.451722	2.347286
306	45.347959	12.839406	0.000000	51.451722	2.366484
307	45.364523	12.899537	0.000000	51.451722	2.355453
308	45.368689	13.031119	0.000000	51.451722	2.348741
309	45.382187	13.075628	0.000000	51.451722	2.348478
310	45.383453	13.096664	0.000000	51.451722	2.367843
311	45.394161	13.062672	0.000000	51.451722	2.351103
312	45.394170	13.131879	0.000000	51.451722	2.357884
313	45.388240	13.196759	0.131234	51.451722	2.353439
314	45.408177	13.330736	0.131234	51.451722	2.361932
315	45.403916	13.362604	0.131234	51.451722	2.371225
316	45.400721	13.292550	0.131234	51.451722	2.364461
317	45.403463	13.428812	0.131234	51.451722	2.355203
318	45.411748	13.438417	0.131234	51.451722	2.349924
319	45.419556	13.584861	0.262467	51.451722	2.361681
320	45.415914	13.740384	0.393701	51.451722	2.355777
321	45.425224	13.835575	0.262467	51.451722	2.373552
322	45.423275	13.853681	0.131234	51.451722	2.347780
323	45.418668	13.932392	0.131234	51.451722	2.377659
324	45.422554	13.995496	0.131234	51.451722	2.357945
325	45.436177	14.021456	0.131234	51.451722	2.369708
326	45.441872	14.150984	0.000000	51.451722	2.350005
327	45.439699	14.205787	0.000000	51.451722	2.360297
328	45.434138	14.262509	0.131234	51.451722	2.327923
329	45.454341	14.330359	0.131234	51.451722	2.381764
330	45.460582	14.431351	0.131234	51.451722	2.372897
331	45.465595	14.446441	0.131234	51.451722	2.344453
332	45.461798	14.517470	0.131234	51.451722	2.367491
333	45.469671	14.610212	0.131234	51.451722	2.335737
334	45.466426	14.667332	0.131234	51.451722	2.360590
335	45.482290	14.749904	0.131234	51.451722	2.345114
336	45.481461	14.783316	0.131234	51.451722	2.343699
337	45.474625	14.822784	0.131234	51.451722	2.370885
338	45.480490	14.850081	0.131234	51.451722	2.341100
339	45.495880	15.043082	0.131234	51.451722	2.381096
340	45.510474	15.052736	0.262467	51.451722	2.352749
341	45.494926	15.062950	0.393701	51.451722	2.361881
342	45.509878	15.166438	0.262467	51.451722	2.346038
343	45.526859	15.262525	0.262467	51.451722	2.347385
344	45.538676	15.418551	0.131234	51.451722	2.336689
345	45.547056	15.658809	0.262467	51.451722	2.375277
346	45.541632	15.789832	0.262467	51.451722	2.345662
347	45.559424	15.905676	0.131234	51.451722	2.351505
348	45.585448	16.010818	0.262467	51.451722	2.341530
349	45.603025	16.119744	0.393701	51.451722	2.358786
350	45.600116	16.337617	0.131234	51.451722	2.337050
351	45.615250	16.446506	0.262467	51.451722	2.339344
352	45.641404	16.647136	0.262467	51.451722	2.363470
353	45.674264	16.963819	0.262467	51.451722	2.340246
354	45.712230	17.247856	0.262467	51.451722	2.370270
355	45.772171	17.588710	0.262467	51.451722	2.330720
356	45.824477	17.804382	0.262467	51.451722	2.379360
357	45.886207	18.051256	0.262467	51.451722	2.324503
358	45.927083	18.340110	0.131234	51.451722	2.342974
359	45.990098	18.618826	0.131234	51.451722	2.361541
360	46.049273	18.948549	0.262467	51.451722	2.322531
361	46.098009	19.159199	0.000000	51.451722	2.372405
362	46.158355	19.328241	0.000000	51.451722	2.335499
363	46.227735	19.696768	0.524934	51.451722	2.371090
364	46.287346	19.998205	0.131234	51.451722	2.338274
365	46.371973	20.289721	0.262467	51.451722	2.339670
366	46.465555	20.608793	0.524934	51.451722	2.378836
367	46.558857	20.932854	0.393701	51.451722	2.326872
368	46.665660	21.225219	0.524934	51.451722	2.366825
369	46.798164	21.453869	0.524934	51.451722	2.342314
370	46.973273	21.763468	0.656168	51.451722	2.367844
371	47.142065	22.099907	0.656168	51.451722	2.335875
372	47.318339	22.451021	0.656168	51.451722	2.344509
373	47.501948	22.741308	0.524934	51.451722	2.358439
374	47.682345	23.068622	0.787402	51.451722	2.354867
375	47.818828	23.226773	1.049869	51.451722	2.343728
376	47.901842	23.430424	1.443570	51.451722	2.347167
377	48.013645	23.576784	1.049869	51.451722	2.359948
378	48.073176	23.565746	1.574803	51.451722	2.341315
379	48.121321	23.713877	1.443570	51.451722	2.354924
380	48.191771	23.802969	1.574803	51.451722	2.340713
381	48.232961	23.883587	1.312336	51.451722	2.361919
382	48.282421	23.956791	1.312336	51.451722	2.347563
383	48.343506	23.995958	0.787402	51.451722	2.369365
384	48.386222	24.053431	1.443570	51.451722	2.346333
385	48.421431	24.157822	1.181102	51.451722	2.349613
386	48.440367	24.220031	1.049869	51.451722	2.354033
387	48.459467	24.267306	0.918635	51.451722	2.330374
388	48.467135	24.317975	0.787402	51.451722	2.390197
389	48.483145	24.326711	0.787402	51.451722	2.313136
390	48.499477	24.381418	0.787402	51.451722	2.334840
391	48.506355	24.373933	0.787402	51.451722	2.363773
392	48.516673	24.344236	1.049869	51.451722	2.333798
393	48.529413	24.426858	1.443570	51.451722	2.366136
394	48.556975	24.479866	1.312336	51.451722	2.324500
395	48.592344	24.564406	0.918635	51.451722	2.350155
396	48.620793	24.593337	1.049869	51.451722	2.368233
397	48.623359	24.650384	1.312336	51.451722	2.345164
398	48.620945	24.660374	1.181102	51.451722	2.366486
399	48.635608	24.675140	0.918635	51.451722	2.353497
400	48.643970	24.671254	1.312336	51.451722	2.345321
401	48.664212	24.643469	1.706037	51.451722	2.332941
402	48.689681	24.772792	1.312336	51.451722	2.364341
403	48.706526	24.762938	0.918635	51.451722	2.344965
404	48.705968	24.744268	1.312336	51.451722	2.355204
405	48.725119	24.792734	1.706037	51.451722	2.353467
406	48.745328	24.888828	1.443570	51.451722	2.368149
407	48.776251	24.917949	1.574803	51.451722	2.345552
408	48.835108	24.911021	1.706037	51.451722	2.376312
409	48.870268	24.920657	1.443570	51.451722	2.334177
410	48.877156	24.918555	1.312336	51.451722	2.368640
411	48.886889	24.902450	1.574803	51.451722	2.328476
412	48.885313	24.981605	1.443570	51.451722	2.321769
413	48.886752	24.957880	1.574803	51.451722	2.393862
414	48.897016	25.007303	1.312336	51.451722	2.342784
415	48.891810	25.041674	1.443570	51.451722	2.367983
416	48.900956	24.943061	1.837270	51.451722	2.317180
417	48.919129	25.001202	1.574803	51.451722	2.354626
418	48.960808	25.057909	1.443570	51.451722	2.355666
419	48.967922	25.005741	1.312336	51.451722	2.328677
420	48.959228	24.986631	1.312336	51.451722	2.386524
421	48.970693	24.978908	1.312336	51.451722	2.340589
422	48.979047	25.062554	1.049869	51.451722	2.350637
423	48.995781	25.106969	1.312336	51.451722	2.342412
424	48.997974	25.066797	1.443570	51.451722	2.338225
425	49.023980	25.138429	1.443570	51.451722	2.349964
426	49.028742	25.153681	1.574803	51.451722	2.338047
427	49.031937	25.092530	1.706037	51.451722	2.355467
428	49.030942	25.171205	1.312336	51.451722	2.351035
429	49.038839	25.110365	1.443570	51.451722	2.319224
430	49.028650	25.166607	1.312336	51.451722	2.368590
431	49.041805	25.184759	1.574803	51.451722	2.342338
432	49.038222	25.216308	1.312336	51.451722	2.372889
433	49.032930	25.182683	1.443570	51.451722	2.336665
434	49.054450	25.194802	1.312336	51.451722	2.349464
435	49.069679	25.219601	1.312336	51.451722	2.333119
436	49.066043	25.210751	1.049869	51.451722	2.346989
437	49.047494	25.141618	1.968504	51.451722	2.357269
438	49.048352	25.089071	1.443570	51.451722	2.342780
439	49.049538	25.133996	1.706037	51.451722	2.359821
440	49.053928	25.118599	1.706037	51.451722	2.342355
441	49.045756	25.179898	1.706037	51.451722	2.382350
442	49.052373	25.131601	1.968504	51.451722	2.335968
443	49.051571	25.178743	1.706037	51.451722	2.364812
444	49.064523	25.204988	1.837270	51.451722	2.329540
445	49.078059	25.271293	1.312336	51.451722	2.361457
446	49.078301	25.169917	1.443570	51.451722	2.350466
447	49.081001	25.256230	1.443570	51.451722	2.341031
448	49.086541	25.164442	1.443570	51.451722	2.373458
449	49.085391	25.209689	1.443570	51.451722	2.341770
450	49.075991	25.239073	1.443570	51.451722	2.375121
451	49.067849	25.247525	1.312336	51.451722	2.330382
452	49.088287	25.302290	1.574803	51.451722	2.376402
453	49.089473	25.274787	1.312336	51.451722	2.337499
454	49.081594	25.197892	1.574803	51.451722	2.370595
455	49.077007	25.188869	1.574803	51.451722	2.344866
456	49.066782	25.217644	1.443570	51.451722	2.366256
457	49.070030	25.241436	1.443570	51.451722	2.350828
458	49.071890	25.230569	1.443570	51.451722	2.356068
459	49.064958	25.342143	1.574803	51.451722	2.322198
460	49.066639	25.209541	1.181102	51.451722	2.346654
461	49.071950	25.158681	1.443570	51.451722	2.347729
462	49.068511	25.257301	1.443570	51.451722	2.346449
463	49.058735	25.242310	1.312336	51.451722	2.371137
464	49.064374	25.322810	1.312336	51.451722	2.337306
465	49.047232	25.283471	1.443570	51.451722	2.364702
466	49.047011	25.243403	1.312336	51.451722	2.335628
467	49.048293	25.225702	1.443570	51.451722	2.391426
468	49.055982	25.238790	1.574803	51.451722	2.335910
469	49.057257	25.256377	1.312336	51.451722	2.361619
470	49.058664	25.288701	1.443570	51.451722	2.343526
471	49.046427	25.299222	1.706037	51.451722	2.371679
472	49.052548	25.276344	1.312336	51.451722	2.346362
473	49.057925	25.240383	1.574803	51.451722	2.363398
474	49.054015	25.212195	1.443570	51.451722	2.339674
475	49.054021	25.236910	1.574803	51.451722	2.354928
476	49.072748	25.300960	1.574803	51.451722	2.344819
477	49.076164	25.332234	1.706037	51.451722	2.346954
478	49.077779	25.300550	1.837270	51.451722	2.363359
479	49.083298	25.277443	1.706037	51.451722	2.335454
480	49.079409	25.268519	1.181102	51.451722	2.346363
481	49.073818	25.275269	1.312336	51.451722	2.351210
482	49.078798	25.337924	1.574803	51.451722	2.364091
483	49.077863	25.237414	1.049869	51.451722	2.343147
484	49.063274	25.318854	1.443570	51.451722	2.357435
485	49.064001	25.345437	1.443570	51.451722	2.341632
486	49.053997	25.388212	1.443570	51.451722	2.347458
487	49.071532	25.412248	1.312336	51.451722	2.365815
488	49.066174	25.361616	1.312336	51.451722	2.331044
489	49.079895	25.328320	1.312336	51.451722	2.393694
490	49.065986	25.387587	1.049869	51.451722	2.337587
491	49.078730	25.333149	1.574803	51.451722	2.353585
492	49.098611	25.365270	1.443570	51.451722	2.339569
493	49.124444	25.351999	1.443570	51.451722	2.372569
494	49.138287	25.360036	1.706037	51.451722	2.344220
495	49.167442	25.455322	1.706037	51.451722	2.353523
496	49.185121	25.393529	1.706037	51.451722	2.348224
497	49.205738	25.451384	1.443570	51.451722	2.353537
498	49.200732	25.382004	1.837270	51.451722	2.353359
499	49.209756	25.366874	1.706037	51.451722	2.357943
500	49.202007	25.351085	1.837270	51.451722	2.337085
501	49.218464	25.381399	1.706037	51.451722	2.335239
502	49.227440	25.455005	1.706037	51.451722	2.354424
503	49.242651	25.474319	1.837270	51.451722	2.346477
504	49.253732	25.490095	1.837270	51.451722	2.357878
505	49.275759	25.524531	1.574803	51.451722	2.350237
506	49.282244	25.508300	1.574803	51.451722	2.340037
507	49.275589	25.405770	1.837270	51.451722	2.366260
508	49.286756	25.387282	1.312336	51.451722	2.329521
509	49.273813	25.425878	1.181102	51.451722	2.370072
510	49.289402	25.405533	1.706037	51.451722	2.320089
511	49.306339	25.445975	1.574803	51.451722	2.327526
512	49.301955	25.429306	1.968504	51.451722	2.378803
513	49.300355	25.438228	1.312336	51.451722	2.319993
514	49.314350	25.493767	1.312336	51.451722	2.349868
515	49.319434	25.461207	1.443570	51.451722	2.356700
516	49.311814	25.402449	1.574803	51.451722	2.338822
517	49.318603	25.468487	1.706037	51.451722	2.361210
518	49.330974	25.473305	1.443570	51.451722	2.326607
519	49.341595	25.559531	1.574803	51.451722	2.347711
520	49.358875	25.526504	1.706037	51.451722	2.357625
521	49.358708	25.496714	1.574803	51.451722	2.328743
522	49.347037	25.497403	1.574803	51.451722	2.378985
523	49.346253	25.448554	1.443570	51.451722	2.328233
524	49.341264	25.429762	1.312336	51.451722	2.366049
525	49.348938	25.508994	1.443570	51.451722	2.332613
526	49.361050	25.495207	1.574803	51.451722	2.336325
527	49.349731	25.459041	1.049869	51.451722	2.374011
528	49.335957	25.507283	1.181102	51.451722	2.310900
529	49.352181	25.498524	1.181102	51.451722	2.333178
530	49.367887	25.516820	1.443570	51.451722	2.386545
531	49.353501	25.481640	1.312336	51.451722	2.340630
532	49.358159	25.471863	1.574803	51.451722	2.359222
533	49.374554	25.484318	1.837270	51.451722	2.315600
534	49.398679	25.494340	1.443570	51.451722	2.371718
535	49.401128	25.504275	1.574803	51.451722	2.347153
536	49.409914	25.489647	1.574803	51.451722	2.343107
537	49.398994	25.535962	1.312336	51.451722	2.359961
538	49.402797	25.518756	1.706037	51.451722	2.334084
539	49.397203	25.485632	1.312336	51.451722	2.355568
540	49.386653	25.531852	1.574803	51.451722	2.347212
541	49.397945	25.499901	1.312336	51.451722	2.368412
542	49.387378	25.574969	1.706037	51.451722	2.336961
543	49.398255	25.566103	1.443570	51.451722	2.372097
544	49.387300	25.606326	1.443570	51.451722	2.333356
545	49.399713	25.643577	1.312336	51.451722	2.378811
546	49.383694	25.652390	1.574803	51.451722	2.339749
547	49.380904	25.597324	1.443570	51.451722	2.382059
548	49.392703	25.586006	1.706037	51.451722	2.324182
549	49.389875	25.507646	1.837270	51.451722	2.390199
550	49.379411	25.508156	1.574803	51.451722	2.322626
551	49.406677	25.518259	1.574803	51.451722	2.370587
552	49.399132	25.552861	1.181102	51.451722	2.332160
553	49.394125	25.573753	1.049869	51.451722	2.322296
554	49.403057	25.548209	1.181102	51.451722	2.349051
555	49.400890	25.541509	1.574803	51.451722	2.345010
556	49.401033	25.571030	1.312336	51.451722	2.343332
557	49.386430	25.487918	1.049869	51.451722	2.372282
558	49.404505	25.458621	1.443570	51.451722	2.328005
559	49.388865	25.502782	1.181102	51.451722	2.388991
560	49.416459	25.535958	1.181102	51.451722	2.324322
561	49.412084	25.594215	1.181102	51.451722	2.364977
562	49.409106	25.537379	1.181102	51.451722	2.340083
563	49.413270	25.517499	1.574803	51.451722	2.337874
564	49.418068	25.536873	1.312336	51.451722	2.367544
565	49.418998	25.506407	1.706037	51.451722	2.343490
566	49.432170	25.519623	1.181102	51.451722	2.369447
567	49.449423	25.552521	1.443570	51.451722	2.361800
568	49.443695	25.561028	1.312336	51.451722	2.344316
569	49.455470	25.503456	1.574803	51.451722	2.348749
570	49.463457	25.538974	1.443570	51.451722	2.365021
571	49.456972	25.560178	1.181102	51.451722	2.343255
572	49.475926	25.571095	1.968504	51.451722	2.358231
573	49.470049	25.514073	1.443570	51.451722	2.324998
574	49.457669	25.530768	1.181102	51.451722	2.365220
575	49.458313	25.541456	1.574803	51.451722	2.345572
576	49.448127	25.597196	1.443570	51.451722	2.347151
577	49.458396	25.648755	1.706037	51.451722	2.357131
578	49.468702	25.627060	1.968504	51.451722	2.343853
579	49.458718	25.614617	1.443570	51.451722	2.375101
580	49.455777	25.607123	1.706037	51.451722	2.321902
581	49.464214	25.571918	1.706037	51.451722	2.390509
582	49.451041	25.482313	1.443570	51.451722	2.312298
583	49.443936	25.504680	1.837270	51.451722	2.343871
584	49.433988	25.607747	1.443570	51.451722	2.369865
585	49.446285	25.619851	1.706037	51.451722	2.337840
586	49.453804	25.562174	1.312336	51.451722	2.357930
587	49.448597	25.475187	1.049869	51.451722	2.341365
588	49.446356	25.579546	1.443570	51.451722	2.366371
589	49.439692	25.514613	1.181102	51.451722	2.335921
590	49.452811	25.494905	1.443570	51.451722	2.312767
591	49.459940	25.617278	1.312336	51.451722	2.372252
592	49.448675	25.600769	1.968504	51.451722	2.334157
593	49.464288	25.556782	1.574803	51.451722	2.352010
594	49.463418	25.525929	1.312336	51.451722	2.346658
595	49.458003	25.582087	1.181102	51.451722	2.343482
596	49.459362	25.636113	1.574803	51.451722	2.366679
597	49.480599	25.681353	1.574803	51.451722	2.328531
598	49.468082	25.675646	1.443570	51.451722	2.334641
599	49.463150	25.674651	1.574803	51.451722	2.346298
600	49.467254	25.649919	1.181102	51.451722	2.341772
601	49.466509	25.586623	1.181102	51.451722	2.341429
602	49.447900	25.544394	1.312336	51.451722	2.344606
603	49.449611	25.514042	1.312336	51.451722	2.323376
604	49.442810	25.570885	1.574803	51.451722	2.353146
605	49.459749	25.563683	1.443570	51.451722	2.355833
606	49.456427	25.597751	1.443570	51.451722	2.342427
607	49.461633	25.639629	1.181102	51.451722	2.353394
608	49.471667	25.676368	1.443570	51.451722	2.344751
609	49.457926	25.571794	1.443570	51.451722	2.369454
610	49.461696	25.593728	1.312336	51.451722	2.353244
611	49.471208	25.582600	1.181102	51.451722	2.351483
612	49.479347	25.632051	1.574803	51.451722	2.336549
613	49.471155	25.670774	1.181102	51.451722	2.351468
614	49.484968	25.559611	1.312336	51.451722	2.340343
615	49.456683	25.559044	1.574803	51.451722	2.340683
616	49.451563	25.527414	1.049869	51.451722	2.359454
617	49.452928	25.567374	1.181102	51.451722	2.341648
618	49.434251	25.591095	1.574803	51.451722	2.387165
619	49.440175	25.651673	1.706037	51.451722	2.330725
620	49.433777	25.629885	1.574803	51.451722	2.362616
621	49.442315	25.645143	1.312336	51.451722	2.328453
622	49.445724	25.601219	1.837270	51.451722	2.352542
623	49.466842	25.654230	1.837270	51.451722	2.356120
624	49.474967	25.642132	1.181102	51.451722	2.332579
625	49.466085	25.587006	1.312336	51.451722	2.374558
626	49.476421	25.533285	1.706037	51.451722	2.325917
627	49.469820	25.581136	1.312336	51.451722	2.391044
628	49.458754	25.621535	1.312336	51.451722	2.318466
629	49.461088	25.606665	1.181102	51.451722	2.380029
630	49.469256	25.652194	1.443570	51.451722	2.343021
631	49.471617	25.612963	1.574803	51.451722	2.364358
632	49.468029	25.583433	1.574803	51.451722	2.340693
633	49.460757	25.552667	1.181102	51.451722	2.353406
634	49.470001	25.612909	1.574803	51.451722	2.351740
635	49.458539	25.528129	1.443570	51.451722	2.342885
636	49.462026	25.524911	1.443570	51.451722	2.362059
637	49.472192	25.532582	1.443570	51.451722	2.357874
638	49.458823	25.545250	1.574803	51.451722	2.352751
639	49.457017	25.612451	1.706037	51.451722	2.334729
640	49.456018	25.539201	1.312336	51.451722	2.373875
641	49.470961	25.552663	1.312336	51.451722	2.334838
642	49.464035	25.613856	1.443570	51.451722	2.351882
643	49.461597	25.571993	1.574803	51.451722	2.338573
644	49.482745	25.445409	1.443570	51.451722	2.345036
645	49.469614	25.530913	1.443570	51.451722	2.365036
646	49.459338	25.604309	1.837270	51.451722	2.351801
647	49.457207	25.517197	1.706037	51.451722	2.347317
648	49.466708	25.585925	1.443570	51.451722	2.319014
649	49.459004	25.585620	1.181102	51.451722	2.343049
650	49.468517	25.601741	1.574803	51.451722	2.368731
651	49.453926	25.567037	1.443570	51.451722	2.343539
652	49.446481	25.552214	1.312336	51.451722	2.362437
653	49.462622	25.569072	1.312336	51.451722	2.324152
654	49.471775	25.601351	1.443570	51.451722	2.359275
655	49.470195	25.635342	1.574803	51.451722	2.342815
656	49.469340	25.611291	1.443570	51.451722	2.338185
657	49.462470	25.644646	1.574803	51.451722	2.362129
658	49.466729	25.554078	1.443570	51.451722	2.323848
659	49.455392	25.572050	1.443570	51.451722	2.338165
660	49.469119	25.682219	1.706037	51.451722	2.376282
661	49.459171	25.683767	1.312336	51.451722	2.339384
662	49.462399	25.626668	1.049869	51.451722	2.362619
663	49.460262	25.664704	1.443570	51.451722	2.314396
664	49.455166	25.544148	1.443570	51.451722	2.325109
665	49.456027	25.567182	1.443570	51.451722	2.375252
666	49.704224	25.635980	1.443570	51.451722	2.321422
667	49.763012	25.689983	1.968504	51.451722	2.370362
668	49.792805	25.672192	1.706037	51.451722	2.360130
669	49.799928	25.682371	1.706037	51.451722	2.370539
670	49.820548	25.772927	1.837270	51.451722	2.342137
671	49.827313	25.755450	1.574803	51.451722	2.341567
672	49.820670	25.739799	1.837270	51.451722	2.346826
673	49.819839	25.742650	1.968504	51.451722	2.343433
674	49.821490	25.720983	1.837270	51.451722	2.362255
675	49.825126	25.711033	1.574803	51.451722	2.337961
676	49.831897	25.698211	1.574803	51.451722	2.349198
677	49.819410	25.693351	1.443570	51.451722	2.338475
678	49.828964	25.730221	1.706037	51.451722	2.343672
679	49.840683	25.761314	1.574803	51.451722	2.368812
680	49.834025	25.711747	1.443570	51.451722	2.343764
681	49.835408	25.751538	1.837270	51.451722	2.367122
682	49.832395	25.773795	1.574803	51.451722	2.358999
683	49.837714	25.731517	1.574803	51.451722	2.353148
684	49.841553	25.712220	1.706037	51.451722	2.344732
685	49.843252	25.792119	1.706037	51.451722	2.358662
686	49.838668	25.823644	2.230971	51.451722	2.333649
687	49.838269	25.843551	2.362205	51.451722	2.388693
688	49.829495	25.775064	1.574803	51.451722	2.335918
689	49.830431	25.772910	1.574803	51.451722	2.387653
690	49.825907	25.738524	1.968504	51.451722	2.367910
691	49.833649	25.757111	1.574803	51.451722	2.352337
692	49.832010	25.722846	1.574803	51.451722	2.352041
693	49.843663	25.744767	1.706037	51.451722	2.336974
694	49.843967	25.758694	1.574803	51.451722	2.343505
695	49.836791	25.780337	1.574803	51.451722	2.349729
696	49.838436	25.759819	2.099738	51.451722	2.346689
697	49.842238	25.765900	1.837270	51.451722	2.389248
698	49.850580	25.766425	1.706037	51.451722	2.353687
699	49.841744	25.764083	1.312336	51.451722	2.350332
700	49.845234	25.754927	1.443570	51.451722	2.327779
701	49.835819	25.717132	1.312336	51.451722	2.389437
702	49.855939	25.694491	1.574803	51.451722	2.329489
703	49.852875	25.675037	2.099738	51.451722	2.369224
704	49.857974	25.768703	2.099738	51.451722	2.351202
705	49.839556	25.732521	1.706037	51.451722	2.369537
706	49.844813	25.756601	2.230971	51.451722	2.339468
707	49.839911	25.724676	1.837270	51.451722	2.342549
708	49.842656	25.767274	1.706037	51.451722	2.346980
709	49.839354	25.756125	2.230971	51.451722	2.341565
710	49.853653	25.691130	2.099738	51.451722	2.353018
711	49.860519	25.761356	1.443570	51.451722	2.341282
712	49.856603	25.734148	1.837270	51.451722	2.356960
713	49.847642	25.730777	1.574803	51.451722	2.352078
714	49.842805	25.769462	1.706037	51.451722	2.370544
715	49.834907	25.709767	1.837270	51.451722	2.334750
716	49.845403	25.739244	2.362205	51.451722	2.388754
717	49.848074	25.701169	1.837270	51.451722	2.336479
718	49.833411	25.741161	2.362205	51.451722	2.373705
719	49.839270	25.704975	2.230971	51.451722	2.319181
720	49.842244	25.705968	1.968504	51.451722	2.325846
721	49.828365	25.693114	1.574803	51.451722	2.349134
722	49.837744	25.735231	1.837270	51.451722	2.348556
723	49.831039	25.711153	1.574803	51.451722	2.347837
724	49.833339	25.760154	1.837270	51.451722	2.366724
725	49.826604	25.758162	1.574803	51.451722	2.344037
726	49.834093	25.724081	2.099738	51.451722	2.371280
727	49.837616	25.701857	1.837270	51.451722	2.345720
728	49.838635	25.795090	1.968504	51.451722	2.367863
729	49.840313	25.720979	1.574803	51.451722	2.334530
730	49.830067	25.723370	1.837270	51.451722	2.368390
731	49.833468	25.740697	1.837270	51.451722	2.340800
732	49.842006	25.669020	1.706037	51.451722	2.371389
733	49.836889	25.727979	1.706037	51.451722	2.344246
734	49.839866	25.719001	1.706037	51.451722	2.357588
735	49.838710	25.711243	1.968504	51.451722	2.329421
736	49.854296	25.712157	1.443570	51.451722	2.366198
737	49.851355	25.734330	1.443570	51.451722	2.351958
738	49.848098	25.772194	1.443570	51.451722	2.379067
739	49.837691	25.726324	1.574803	51.451722	2.330997
740	49.840257	25.743782	1.574803	51.451722	2.377358
741	49.837542	25.748508	1.574803	51.451722	2.329043
742	49.840647	25.801945	1.968504	51.451722	2.345849
743	49.838808	25.781781	1.443570	51.451722	2.358377
744	49.839085	25.728460	1.706037	51.451722	2.338519
745	49.831823	25.774183	1.706037	51.451722	2.385584
746	49.836814	25.696291	1.706037	51.451722	2.336696
747	49.851817	25.764133	1.837270	51.451722	2.368000
748	49.843583	25.779300	1.574803	51.451722	2.341453
749	49.837270	25.840416	1.706037	51.451722	2.356643
750	49.833757	25.797126	2.099738	51.451722	2.331107
751	49.848539	25.816786	1.443570	51.451722	2.332320
752	49.846023	25.770815	1.706037	51.451722	2.359835
753	49.842605	25.780455	1.706037	51.451722	2.344464
754	49.835062	25.774408	1.968504	51.451722	2.362431
755	49.835542	25.733247	1.837270	51.451722	2.340996
756	49.847227	25.755983	1.706037	51.451722	2.354870
757	49.840412	25.805806	1.968504	51.451722	2.342039
758	49.846971	25.786192	1.706037	51.451722	2.343990
759	49.837506	25.734770	1.181102	51.451722	2.347129
760	49.834180	25.763050	1.837270	51.451722	2.338174
761	49.842808	25.696119	1.049869	51.451722	2.364191
762	49.842453	25.673229	1.443570	51.451722	2.338047
763	50.051039	25.841736	1.574803	51.451722	2.392828
764	50.078762	25.849077	1.837270	51.451722	2.330512
765	50.090563	25.870980	2.099738	51.451722	2.376524
766	50.123757	25.881527	2.099738	51.451722	2.329435
767	50.136650	25.877447	2.099738	51.451722	2.371008
768	50.136495	25.887576	1.968504	51.451722	2.339759
769	50.131273	25.896785	1.706037	51.451722	2.346231
770	50.129473	25.910211	1.968504	51.451722	2.363471
771	50.124609	25.907397	1.837270	51.451722	2.347286
772	50.136238	25.911550	2.493438	51.451722	2.360616
773	50.141704	25.893415	2.099738	51.451722	2.322839
774	50.131941	25.899760	2.099738	51.451722	2.370116
775	50.142723	25.846421	1.837270	51.451722	2.349486
776	50.133741	25.928904	1.968504	51.451722	2.356886
777	50.133336	25.931883	2.362205	51.451722	2.348944
778	50.124645	25.907234	2.230971	51.451722	2.353356
779	50.130302	25.917538	1.968504	51.451722	2.340933
780	50.136822	25.928538	1.968504	51.451722	2.342945
781	50.138712	25.921493	1.968504	51.451722	2.370861
782	50.133008	25.928484	2.099738	51.451722	2.360346
783	50.129819	25.956392	1.968504	51.451722	2.352439
784	50.133026	25.919521	2.099738	51.451722	2.366454
785	50.141251	25.894548	1.968504	51.451722	2.343640
786	50.140059	25.910909	2.230971	51.451722	2.330842
787	50.139791	25.967458	1.968504	51.451722	2.366510
788	50.137359	25.946907	1.574803	51.451722	2.332583
789	50.152826	25.942403	2.099738	51.451722	2.385514
790	50.136024	25.910949	2.099738	51.451722	2.335829
791	50.140864	25.888483	1.837270	51.451722	2.385239
792	50.146610	25.880542	2.230971	51.451722	2.346755
793	50.147396	25.915698	2.099738	51.451722	2.359995
794	50.144726	25.925695	2.099738	51.451722	2.342896
795	50.146008	25.879799	1.706037	51.451722	2.363270
796	50.150716	25.920252	1.968504	51.451722	2.340232
797	50.152773	25.930705	1.968504	51.451722	2.351010
798	50.154930	25.906443	1.706037	51.451722	2.343630
799	50.156593	25.886395	1.968504	51.451722	2.355542
800	50.166899	25.882244	1.968504	51.451722	2.342124
801	50.173825	25.910977	1.968504	51.451722	2.342058
802	50.165409	25.949582	2.099738	51.451722	2.364779
803	50.157100	25.954005	2.230971	51.451722	2.340235
804	50.164366	25.932484	1.837270	51.451722	2.359356
805	50.152779	25.919161	1.706037	51.451722	2.341067
806	50.151086	25.898135	1.837270	51.451722	2.352371
807	50.164944	25.900170	1.837270	51.451722	2.363288
808	50.158709	25.913828	2.099738	51.451722	2.363145
809	50.149512	25.859178	2.230971	51.451722	2.348369
810	50.139844	25.883457	1.706037	51.451722	2.340454
811	50.153881	25.928183	1.837270	51.451722	2.372293
812	50.144029	25.840008	1.837270	51.451722	2.327636
813	50.159508	25.841453	1.574803	51.451722	2.380627
814	50.154185	25.894437	1.837270	51.451722	2.314815
815	50.148368	25.941218	2.099738	51.451722	2.360647
816	50.146079	25.886362	1.706037	51.451722	2.349178
817	50.160044	25.951024	1.968504	51.451722	2.329540
818	50.149906	25.948321	1.837270	51.451722	2.370006
819	50.156796	26.002039	2.099738	51.451722	2.355566
820	50.156224	25.947927	1.837270	51.451722	2.370994
821	50.157267	25.890939	2.362205	51.451722	2.389490
822	50.156325	25.915288	2.230971	51.451722	2.329817
823	50.158465	25.857096	1.837270	51.451722	2.356422
824	50.155509	25.877879	1.968504	51.451722	2.345367
825	50.154591	25.943497	1.837270	51.451722	2.332809
826	50.151831	25.910947	1.706037	51.451722	2.381166
827	50.156963	25.961450	2.099738	51.451722	2.340720
828	50.157481	25.890794	2.099738	51.451722	2.382460
829	50.164843	25.860726	1.837270	51.451722	2.353132
830	50.162441	25.902380	1.706037	51.451722	2.348366
831	50.160599	25.895036	1.837270	51.451722	2.327235
832	50.156260	25.895443	2.099738	51.451722	2.382577
833	50.159740	25.995867	2.099738	51.451722	2.341684
834	50.160241	25.927820	1.574803	51.451722	2.361910
835	50.163150	25.948547	1.968504	51.451722	2.342394
836	50.156581	25.918496	2.099738	51.451722	2.370100
837	50.169784	25.865931	2.493438	51.451722	2.349448
838	50.162208	25.895367	1.837270	51.451722	2.362470
839	50.158364	25.928108	1.837270	51.451722	2.342162
840	50.166523	25.928867	2.099738	51.451722	2.375002
841	50.165838	25.870693	1.968504	51.451722	2.336117
842	50.160205	25.902991	1.968504	51.451722	2.383304
843	50.159681	25.881234	1.837270	51.451722	2.329170
844	50.155985	25.952355	1.837270	51.451722	2.383597
845	50.164998	25.901587	2.230971	51.451722	2.314366
846	50.156051	25.927448	2.099738	51.451722	2.371813
847	50.154424	25.906290	2.230971	51.451722	2.356035
848	50.155932	25.944224	2.099738	51.451722	2.371797
849	50.170529	26.000899	1.837270	51.451722	2.348926
850	50.164640	25.994158	2.230971	51.451722	2.356915
851	50.165826	25.933413	1.968504	51.451722	2.340513
852	50.145739	25.954638	1.837270	51.451722	2.354702
853	50.335538	25.969448	2.099738	51.451722	2.350410
854	50.368923	25.981331	2.362205	51.451722	2.388067
855	50.382501	25.987218	2.230971	51.451722	2.338991
856	50.384599	25.978898	2.493438	51.451722	2.393991
857	50.391459	25.961610	2.362205	51.451722	2.356971
858	50.394213	25.981979	2.624672	51.451722	2.359588
859	50.400174	25.966061	2.099738	51.451722	2.358906
860	50.409782	26.026815	2.099738	51.451722	2.348363
861	50.401193	26.002042	2.230971	51.451722	2.364146
862	50.406390	26.006519	1.968504	51.451722	2.358530
863	50.402761	26.004088	2.099738	51.451722	2.384740
864	50.410318	25.971400	1.968504	51.451722	2.353653
865	50.412101	25.980123	1.706037	51.451722	2.353305
866	50.407326	25.981547	1.706037	51.451722	2.329215
867	50.415164	25.966821	1.968504	51.451722	2.390750
868	50.411880	25.962464	2.099738	51.451722	2.329135
869	50.410318	25.998781	1.968504	51.451722	2.383608
870	50.415641	25.959969	1.968504	51.451722	2.354119
871	50.415123	25.989706	2.099738	51.451722	2.347937
872	50.417322	25.993466	1.968504	51.451722	2.360633
873	50.415289	25.964337	1.968504	51.451722	2.364945
874	50.423002	25.988603	1.968504	51.451722	2.375085
875	50.422186	26.004243	2.099738	51.451722	2.330684
876	50.418758	25.988983	2.099738	51.451722	2.356258
877	50.416964	25.996595	2.230971	51.451722	2.363022
878	50.417137	26.000205	2.230971	51.451722	2.351019
879	50.413692	26.001520	2.230971	51.451722	2.377755
880	50.417650	26.007830	1.837270	51.451722	2.377151
881	50.415301	25.998020	1.968504	51.451722	2.348662
882	50.412661	25.966249	2.099738	51.451722	2.376033
883	50.420171	25.951375	1.968504	51.451722	2.380336
884	50.415170	25.950316	2.230971	51.451722	2.347676
885	50.419444	25.986664	1.968504	51.451722	2.396172
886	50.416613	25.984709	1.837270	51.451722	2.397587
887	50.418520	25.958583	1.968504	51.451722	2.358270
888	50.421214	25.975046	1.837270	51.451722	2.357476
889	50.416857	25.960303	1.968504	51.451722	2.359427
890	50.417441	25.980846	1.968504	51.451722	2.351108
891	50.421983	25.977726	1.968504	51.451722	2.354877
892	50.417304	25.958567	1.968504	51.451722	2.354921
893	50.419337	25.961325	1.968504	51.451722	2.348938
894	50.418109	25.968635	2.099738	51.451722	2.365234
895	50.420535	25.988319	1.968504	51.451722	2.336935
896	50.419122	26.009982	1.837270	51.451722	2.378195
897	50.422585	25.964385	1.968504	51.451722	2.328558
898	50.420499	25.980007	1.837270	51.451722	2.377718
899	50.421369	25.964384	1.968504	51.451722	2.346251
900	50.424284	25.956586	1.968504	51.451722	2.373647
901	50.421262	25.973932	1.837270	51.451722	2.360233
902	50.422710	25.998217	2.230971	51.451722	2.338359
903	50.418425	25.976459	2.099738	51.451722	2.337030
904	50.423485	26.004314	1.837270	51.451722	2.362840
905	50.417089	25.987416	1.706037	51.451722	2.349378
906	50.424665	25.952731	1.837270	51.451722	2.386020
907	50.421977	25.951732	1.968504	51.451722	2.349376
908	50.420749	25.975582	1.837270	51.451722	2.375733
909	50.424087	25.973207	1.968504	51.451722	2.343785
910	50.422138	25.984601	1.968504	51.451722	2.374922
911	50.418979	25.995210	1.968504	51.451722	2.331074
912	50.423431	25.957782	1.968504	51.451722	2.360995
913	50.420940	25.965567	2.099738	51.451722	2.337694
914	50.426173	25.961106	1.837270	51.451722	2.361538
915	50.419986	25.988598	2.099738	51.451722	2.340647
916	50.428760	25.987736	2.099738	51.451722	2.331455
917	50.427675	25.977362	2.099738	51.451722	2.378093
918	50.423431	25.996594	2.099738	51.451722	2.357669
919	50.421888	26.010850	2.230971	51.451722	2.352812
920	50.425231	26.005230	1.968504	51.451722	2.386520
921	50.431168	26.018276	1.968504	51.451722	2.335186
922	50.424945	26.020533	1.968504	51.451722	2.383856
923	50.428063	26.012480	2.099738	51.451722	2.332823
924	50.423419	26.007679	1.968504	51.451722	2.382529
925	50.428081	26.003831	2.099738	51.451722	2.325295
926	50.430954	26.000713	1.837270	51.451722	2.366719
927	50.428873	26.020226	2.099738	51.451722	2.340594
928	50.431907	26.038612	2.099738	51.451722	2.353037
929	50.436997	26.007194	2.362205	51.451722	2.367768
930	50.429916	26.005576	2.230971	51.451722	2.382101
931	50.428545	25.989490	2.230971	51.451722	2.353824
932	50.425774	25.994934	2.230971	51.451722	2.352374
933	50.420505	26.026585	2.230971	51.451722	2.339454
934	50.420523	26.005153	2.099738	51.451722	2.370178
935	50.419420	26.015320	2.099738	51.451722	2.331671
936	50.427246	26.020096	1.968504	51.451722	2.393609
937	50.430590	26.007131	2.099738	51.451722	2.335986
938	50.428891	25.986145	2.099738	51.451722	2.383566
939	50.428593	25.964693	2.230971	51.451722	2.342662
940	50.424695	25.984828	2.230971	51.451722	2.370673
941	50.432235	25.966196	2.099738	51.451722	2.360909
942	50.430274	25.952664	2.230971	51.451722	2.356818
943	50.432706	25.985286	1.968504	51.451722	2.387086
944	50.429803	25.963510	2.230971	51.451722	2.346112
945	50.431752	26.007516	2.230971	51.451722	2.366547
946	50.428909	25.981565	2.230971	51.451722	2.340135
947	50.434148	26.005695	2.230971	51.451722	2.375830
948	50.429487	25.998212	2.099738	51.451722	2.317298
949	50.433350	25.966215	2.362205	51.451722	2.373038
950	50.432521	26.007297	2.362205	51.451722	2.343984
951	50.431460	26.030177	1.968504	51.451722	2.350791
952	50.432026	26.022450	2.230971	51.451722	2.353258
953	50.431073	26.000768	2.493438	51.451722	2.340416
954	50.430977	26.001740	2.362205	51.451722	2.373350
955	50.424802	26.016468	2.362205	51.451722	2.349361
956	50.431210	26.024551	2.362205	51.451722	2.345301
957	50.432092	26.011804	2.230971	51.451722	2.339621
958	50.424778	25.984873	2.493438	51.451722	2.372498
959	50.430369	26.003281	2.362205	51.451722	2.336148
960	50.426549	25.991921	2.493438	51.451722	2.356772
961	50.426948	26.028143	2.230971	51.451722	2.348864
962	50.428379	25.999426	2.624672	51.451722	2.383257
963	50.430334	25.989992	2.362205	51.451722	2.321196
964	50.429136	25.997665	2.362205	51.451722	2.368112
965	50.425142	26.025600	2.362205	51.451722	2.344685
966	50.424075	26.021079	2.362205	51.451722	2.328447
967	50.432837	26.014197	2.362205	51.451722	2.329305
968	50.422394	26.060720	2.230971	51.451722	2.325962
969	50.432181	26.006964	2.230971	51.451722	2.338109
970	50.431156	25.990758	2.493438	51.451722	2.336900
971	50.427479	26.016136	2.362205	51.451722	2.336101
972	50.429010	26.028356	2.755906	51.451722	2.345569
973	50.425041	26.007944	2.493438	51.451722	2.341483
974	50.425380	26.045458	2.493438	51.451722	2.330766
975	50.423837	26.051728	2.493438	51.451722	2.335552
976	50.426090	26.066976	2.230971	51.451722	2.329394
977	50.425798	26.043572	2.230971	51.451722	2.315707
978	50.425714	26.043505	2.493438	51.451722	2.345936
979	50.423831	26.050337	2.230971	51.451722	2.347502
980	50.423038	26.068589	2.230971	51.451722	2.114504
981	50.473970	26.055582	2.493438	51.451722	2.141837
982	50.476491	26.051821	2.624672	51.451722	2.118952
983	50.478232	26.051702	2.493438	51.451722	2.111176
984	50.479919	26.048968	2.493438	51.451722	2.158743
985	50.482178	26.047862	2.624672	51.451722	2.187209
986	50.485647	26.046797	2.624672	51.451722	2.123694
987	50.488961	26.044730	2.624672	51.451722	2.141624
988	50.489640	26.045442	2.624672	51.451722	2.143341
989	50.489402	26.045618	2.624672	51.451722	2.130492
990	50.489426	26.046281	2.624672	51.451722	2.150354
991	50.489402	26.046813	2.624672	51.451722	2.134468
992	50.489402	26.045712	2.624672	51.451722	2.115561
993	50.489438	26.045267	2.624672	51.451722	2.126555
994	50.489438	26.045264	2.624672	51.451722	2.132971
995	50.489455	26.045339	2.624672	51.451722	2.086112
996	50.489473	26.045513	2.624672	51.451722	2.108540
997	50.489485	26.045804	2.624672	51.451722	2.134100
998	50.489485	26.045459	2.624672	51.451722	2.103946
999	50.489461	26.045295	2.624672	51.451722	2.114579
1000	50.489461	26.045295	2.624672	51.451722	2.118862
1001	50.489461	26.045295	2.624672	51.451722	2.130928
1002	50.489461	26.045295	2.624672	51.451722	2.122533
1003	50.489461	26.045295	2.624672	51.451722	2.128929
1004	50.489461	26.045295	2.624672	51.451722	2.127721
1005	50.489461	26.045295	2.624672	51.451722	2.144216
1006	50.489461	26.045295	2.624672	51.451722	2.131786
1007	50.489461	26.045295	2.624672	51.451722	2.096064
1008	50.489461	26.045295	2.624672	51.451722	2.111687
1009	50.489461	26.045295	2.624672	51.451722	2.119958
1010	50.489461	26.045295	2.624672	51.451722	2.127033
1011	50.489461	26.045295	2.624672	51.451722	2.142368
1012	50.489461	26.045295	2.624672	51.451722	2.125567
1013	50.489461	26.045295	2.624672	51.451722	2.131175
1014	50.489461	26.045295	2.624672	51.451722	2.099462
1015	50.489461	26.045295	2.624672	51.451722	2.109461
1016	50.489461	26.045295	2.624672	51.451722	2.101353
1017	50.489461	26.045295	2.624672	51.451722	2.129809
1018	50.489461	26.045295	2.624672	51.451722	2.138941
1019	50.489461	26.045295	2.624672	51.451722	2.109267
1020	50.489461	26.045295	2.624672	51.451722	2.130601
1021	50.489461	26.045295	2.624672	51.451722	2.156637
1022	50.489461	26.045295	2.624672	51.451722	2.123010
1023	50.489461	26.045295	2.624672	51.451722	2.112680
1024	50.489461	26.045295	2.624672	51.451722	2.122632
1025	50.489461	26.045295	2.624672	51.451722	2.127099
1026	50.489461	26.045295	2.624672	51.451722	2.124796
1027	50.489461	26.045295	2.624672	51.451722	2.143381
1028	50.489461	26.045295	2.624672	51.451722	2.125129
1029	50.489461	26.045295	2.624672	51.451722	2.131379
1030	50.489461	26.045295	2.624672	51.451722	2.101609
1031	50.489461	26.045295	2.624672	51.451722	2.130488
1032	50.489461	26.045295	2.624672	51.451722	2.139141
1033	50.489461	26.045295	2.624672	51.451722	2.111724
1034	50.489461	26.045295	2.624672	51.451722	2.125465
1035	50.489461	26.045295	2.624672	51.451722	2.143337
1036	50.489461	26.045295	2.624672	51.451722	2.131696
1037	50.489461	26.045295	2.624672	51.451722	2.122102
1038	50.489461	26.045295	2.624672	51.451722	2.170101
