1	25.530857	1.208459	0.000000	51.451722	2.278193
2	32.289919	2.454511	0.000000	51.451722	2.333151
3	36.457312	3.107166	0.131234	51.451722	2.335252
4	38.829395	3.536842	0.131234	51.451722	2.324852
5	40.249985	3.866325	0.131234	51.451722	2.303292
6	41.238064	4.185150	0.131234	51.451722	2.313534
7	41.945237	4.332481	0.000000	51.451722	2.312025
8	42.423296	4.526676	0.000000	51.451722	2.327271
9	42.784083	4.714338	0.000000	51.451722	2.315724
10	43.054646	4.859062	0.000000	51.451722	2.318371
11	43.247890	4.991697	0.000000	51.451722	2.345847
12	43.438551	4.996765	0.000000	51.451722	2.311534
13	43.560392	5.126004	0.000000	51.451722	2.304977
14	43.640339	5.285173	0.000000	51.451722	2.318095
15	43.745279	5.496093	0.000000	51.451722	2.336181
16	43.833211	5.494223	0.000000	51.451722	2.337214
17	43.912047	5.596107	0.000000	51.451722	2.331442
18	43.974614	5.555831	0.000000	51.451722	2.327953
19	44.032842	5.584847	0.000000	51.451722	2.312709
20	44.102141	5.605330	0.000000	51.451722	2.344806
21	44.157398	5.559066	0.000000	51.451722	2.340142
22	44.162822	5.611627	0.000000	51.451722	2.304003
23	44.203505	5.630992	0.000000	51.451722	2.311214
24	44.223690	5.562502	0.000000	51.451722	2.334688
25	44.251835	5.538607	0.000000	51.451722	2.358628
26	44.284210	5.577265	0.000000	51.451722	2.313414
27	44.309071	5.615675	0.000000	51.451722	2.329778
28	44.324219	5.646349	0.000000	51.451722	2.329623
29	44.345686	5.558397	0.000000	51.451722	2.323852
30	44.385669	5.677655	0.000000	51.451722	2.333971
31	44.410104	5.765286	0.000000	51.451722	2.330263
32	44.426209	5.721697	0.000000	51.451722	2.321808
33	44.430125	5.649076	0.000000	51.451722	2.361098
34	44.467458	5.696791	0.000000	51.451722	2.317513
35	44.479668	5.720848	0.000000	51.451722	2.317755
36	44.489041	5.583932	0.000000	51.451722	2.336048
37	44.494146	5.620751	0.000000	51.451722	2.341023
38	44.512448	5.626429	0.000000	51.451722	2.332534
39	44.523042	5.695249	0.000000	51.451722	2.333708
40	44.554827	5.635002	0.000000	51.451722	2.353305
41	44.561717	5.662367	0.000000	51.451722	2.324538
42	44.579595	5.563194	0.000000	51.451722	2.329161
43	44.596091	5.541352	0.000000	51.451722	2.329594
44	44.602105	5.603023	0.000000	51.451722	2.337020
45	44.612461	5.612528	0.000000	51.451722	2.337061
46	44.630420	5.575276	0.000000	51.451722	2.336354
47	44.641680	5.569758	0.000000	51.451722	2.322220
48	44.667256	5.618235	0.000000	51.451722	2.356363
49	44.668180	5.691784	0.000000	51.451722	2.319937
50	44.696185	5.630253	0.000000	51.451722	2.336348
51	44.701508	5.684662	0.000000	51.451722	2.351021
52	44.720703	5.519843	0.000000	51.451722	2.315793
53	44.734478	5.509430	0.000000	51.451722	2.319531
54	44.738829	5.570667	0.000000	51.451722	2.338027
55	44.752923	5.607806	0.000000	51.451722	2.352845
56	44.754887	5.663590	0.000000	51.451722	2.317418
57	44.766128	5.727698	0.000000	51.451722	2.333115
58	44.778848	5.746755	0.000000	51.451722	2.350364
59	44.777590	5.697191	0.000000	51.451722	2.332286
60	44.789857	5.747552	0.000000	51.451722	2.329420
61	44.821739	5.792583	0.000000	51.451722	2.355342
62	44.805527	5.878640	0.000000	51.451722	2.342677
63	44.809490	5.878192	0.000000	51.451722	2.352879
64	44.834092	5.862659	0.000000	51.451722	2.335757
65	44.813240	5.834030	0.000000	51.451722	2.336617
66	44.826582	5.871789	0.000000	51.451722	2.329331
67	44.813043	5.842847	0.000000	51.451722	2.330389
68	44.817385	5.802789	0.000000	51.451722	2.339648
69	44.806594	5.846103	0.000000	51.451722	2.335653
70	44.806701	5.779989	0.000000	51.451722	2.342368
71	44.821018	5.849140	0.000000	51.451722	2.351394
72	44.835037	5.896756	0.000000	51.451722	2.314893
73	44.826207	5.800790	0.000000	51.451722	2.350713
74	44.829607	5.801735	0.000000	51.451722	2.347404
75	44.838476	5.825304	0.000000	51.451722	2.312482
76	44.865632	5.738475	0.000000	51.451722	2.319813
77	44.835740	5.857072	0.000000	51.451722	2.379328
78	44.858217	5.839027	0.000000	51.451722	2.324134
79	44.858730	5.746892	0.000000	51.451722	2.325267
80	44.852397	5.781136	0.000000	51.451722	2.374065
81	44.857109	5.793490	0.000000	51.451722	2.316495
82	44.851616	5.778388	0.000000	51.451722	2.332738
83	44.863442	5.863878	0.000000	51.451722	2.345960
84	44.867203	5.827846	0.000000	51.451722	2.338092
85	44.878283	5.887743	0.000000	51.451722	2.338495
86	44.897801	5.842793	0.000000	51.451722	2.335404
87	44.886798	5.924694	0.000000	51.451722	2.337368
88	44.885576	5.888946	0.000000	51.451722	2.335404
89	44.888103	5.865102	0.000000	51.451722	2.348657
90	44.894817	5.852443	0.000000	51.451722	2.347698
91	44.909424	5.793034	0.000000	51.451722	2.352556
92	44.899660	5.821331	0.000000	51.451722	2.347684
93	44.910336	5.807979	0.000000	51.451722	2.331767
94	44.922566	5.759459	0.000000	51.451722	2.348109
95	44.911617	5.745316	0.000000	51.451722	2.347491
96	44.931871	5.848220	0.000000	51.451722	2.357322
97	44.926301	5.848882	0.000000	51.451722	2.340582
98	44.929749	5.898388	0.000000	51.451722	2.336185
99	44.914126	5.886548	0.000000	51.451722	2.357554
100	44.923791	5.893918	0.000000	51.451722	2.325111
101	44.947544	5.905402	0.000000	51.451722	2.331459
102	44.949466	5.996550	0.000000	51.451722	2.357817
103	44.962457	6.019406	0.000000	51.451722	2.332350
104	44.948977	5.983281	0.000000	51.451722	2.331351
105	44.951314	5.997577	0.000000	51.451722	2.348543
106	44.955856	5.990692	0.000000	51.451722	2.337710
107	44.942307	5.957147	0.000000	51.451722	2.326487
108	44.955224	6.039247	0.000000	51.451722	2.338204
109	44.944453	6.035188	0.000000	51.451722	2.341660
110	44.963697	6.073489	0.000000	51.451722	2.338867
111	44.971797	6.062956	0.000000	51.451722	2.329439
112	44.968146	5.994590	0.000000	51.451722	2.371925
113	44.977707	6.086901	0.000000	51.451722	2.326593
114	44.974095	6.084190	0.000000	51.451722	2.327034
115	44.981110	6.019924	0.000000	51.451722	2.363259
116	44.987357	5.997887	0.000000	51.451722	2.323124
117	44.974327	5.929614	0.000000	51.451722	2.335783
118	44.992280	6.044928	0.000000	51.451722	2.347786
119	45.001942	5.911817	0.000000	51.451722	2.317051
120	45.007119	6.001172	0.000000	51.451722	2.321885
121	45.016378	5.945211	0.000000	51.451722	2.339382
122	45.029050	5.875907	0.000000	51.451722	2.328635
123	45.027512	5.943015	0.000000	51.451722	2.327500
124	45.040947	5.913096	0.000000	51.451722	2.340532
125	45.032310	5.895257	0.000000	51.451722	2.353561
126	45.044461	5.935351	0.000000	51.451722	2.335946
127	45.037615	5.982705	0.000000	51.451722	2.361851
128	45.051563	5.931332	0.000000	51.451722	2.336881
129	45.071894	5.968060	0.000000	51.451722	2.329045
130	45.072111	5.994373	0.000000	51.451722	2.330419
131	45.085573	5.974916	0.000000	51.451722	2.360089
132	45.073900	5.924121	0.000000	51.451722	2.332114
133	45.081839	5.949305	0.000000	51.451722	2.349109
134	45.083505	5.994841	0.000000	51.451722	2.349452
135	45.085323	5.989379	0.000000	51.451722	2.357825
136	45.081478	5.932214	0.000000	51.451722	2.336029
137	45.080709	5.993602	0.000000	51.451722	2.326884
138	45.079827	5.943932	0.000000	51.451722	2.327501
139	45.087570	5.988673	0.000000	51.451722	2.349256
140	45.064998	5.967012	0.000000	51.451722	2.349615
141	45.077813	6.021134	0.000000	51.451722	2.335289
142	45.081580	6.041921	0.000000	51.451722	2.341274
143	45.093793	6.057545	0.000000	51.451722	2.332481
144	45.099020	6.143153	0.000000	51.451722	2.315333
145	45.097759	6.093570	0.000000	51.451722	2.338764
146	45.082784	6.020952	0.000000	51.451722	2.365549
147	45.091224	5.955724	0.000000	51.451722	2.319667
148	45.097300	5.936224	0.000000	51.451722	2.366964
149	45.088422	5.951007	0.000000	51.451722	2.340074
150	45.099619	5.905905	0.000000	51.451722	2.343195
151	45.106786	5.938098	0.000000	51.451722	2.356730
152	45.117354	5.975601	0.000000	51.451722	2.307881
153	45.124394	5.920579	0.000000	51.451722	2.341024
154	45.114309	5.897628	0.000000	51.451722	2.346233
155	45.129707	5.864352	0.000000	51.451722	2.330171
156	45.142132	5.862149	0.000000	51.451722	2.324139
157	45.119584	5.837186	0.000000	51.451722	2.353832
158	45.115945	5.855962	0.000000	51.451722	2.338737
159	45.130473	5.948054	0.000000	51.451722	2.328720
160	45.114636	5.956915	0.000000	51.451722	2.348948
161	45.120293	5.924373	0.000000	51.451722	2.335846
162	45.115772	5.947465	0.000000	51.451722	2.334549
163	45.119971	5.932335	0.000000	51.451722	2.374150
164	45.129699	5.894250	0.000000	51.451722	2.319696
165	45.129251	5.888359	0.000000	51.451722	2.348894
166	45.128506	5.860173	0.000000	51.451722	2.321304
167	45.127529	5.861324	0.000000	51.451722	2.344510
168	45.114717	5.941271	0.000000	51.451722	2.329672
169	45.115644	5.883338	0.000000	51.451722	2.337958
170	45.127803	5.874164	0.000000	51.451722	2.336380
171	45.111793	5.856784	0.000000	51.451722	2.342582
172	45.122558	5.882707	0.000000	51.451722	2.342079
173	45.116708	5.918131	0.000000	51.451722	2.337247
174	45.108330	5.859713	0.000000	51.451722	2.326902
175	45.130092	5.836383	0.000000	51.451722	2.330049
176	45.132342	5.929722	0.000000	51.451722	2.352583
177	45.112824	5.850219	0.000000	51.451722	2.334915
178	45.116696	5.826452	0.000000	51.451722	2.337407
179	45.128769	5.937388	0.000000	51.451722	2.363827
180	45.130002	5.943792	0.000000	51.451722	2.315500
181	45.117655	5.799495	0.000000	51.451722	2.325608
182	45.105654	5.788267	0.000000	51.451722	2.337139
183	45.111972	5.761294	0.000000	51.451722	2.337131
184	45.123780	5.777571	0.000000	51.451722	2.320217
185	45.117074	5.881730	0.000000	51.451722	2.338905
186	45.124438	5.849513	0.000000	51.451722	2.359476
187	45.117593	5.923991	0.000000	51.451722	2.329436
188	45.131391	5.988202	0.000000	51.451722	2.365425
189	45.119795	6.011775	0.000000	51.451722	2.319515
190	45.115539	6.023740	0.000000	51.451722	2.333897
191	45.120475	5.995662	0.000000	51.451722	2.365421
192	45.113838	6.051967	0.000000	51.451722	2.326234
193	45.112997	5.962813	0.000000	51.451722	2.327553
194	45.123911	5.877777	0.000000	51.451722	2.357256
195	45.127869	5.946119	0.000000	51.451722	2.336977
196	45.140982	5.905464	0.000000	51.451722	2.338964
197	45.139378	5.894197	0.000000	51.451722	2.334956
198	45.140371	5.862816	0.000000	51.451722	2.348108
199	45.133471	5.871444	0.000000	51.451722	2.360298
200	45.148903	5.849754	0.000000	51.451722	2.347499
201	45.146078	5.890966	0.000000	51.451722	2.332417
202	45.137459	5.898633	0.000000	51.451722	2.364265
203	45.137691	5.801835	0.000000	51.451722	2.318492
204	45.138773	5.846228	0.000000	51.451722	2.334148
205	45.135844	5.871293	0.000000	51.451722	2.341987
206	45.133907	5.892340	0.000000	51.451722	2.336896
207	45.135891	5.892811	0.000000	51.451722	2.339525
208	45.127690	5.852510	0.000000	51.451722	2.345167
209	45.105910	5.828574	0.000000	51.451722	2.350898
210	45.107973	5.801738	0.000000	51.451722	2.334785
211	45.127320	5.750652	0.000000	51.451722	2.360885
212	45.158935	5.741135	0.000000	51.451722	2.332964
213	45.148915	5.816162	0.000000	51.451722	2.342138
214	45.156854	5.881927	0.000000	51.451722	2.354032
215	45.158750	5.931514	0.000000	51.451722	2.348382
216	45.150012	5.942059	0.000000	51.451722	2.328379
217	45.146990	5.871817	0.000000	51.451722	2.346956
218	45.153677	5.872642	0.000000	51.451722	2.332267
219	45.164600	5.861291	0.000000	51.451722	2.329920
220	45.152062	5.801567	0.000000	51.451722	2.341967
221	45.150957	5.761343	0.000000	51.451722	2.329187
222	45.161456	5.827005	0.000000	51.451722	2.322608
223	45.146644	5.763891	0.000000	51.451722	2.376199
224	45.155701	5.769637	0.000000	51.451722	2.329333
225	45.150024	5.812656	0.000000	51.451722	2.341417
226	45.141500	5.849157	0.000000	51.451722	2.345552
227	45.148373	5.778263	0.000000	51.451722	2.321130
228	45.159912	5.643793	0.000000	51.451722	2.354444
229	45.163453	5.624469	0.000000	51.451722	2.343504
230	45.156801	5.675733	0.000000	51.451722	2.318126
231	45.157209	5.739784	0.000000	51.451722	2.376448
232	45.145828	5.668561	0.000000	51.451722	2.316563
233	45.143613	5.758014	0.000000	51.451722	2.325484
234	45.141876	5.715336	0.000000	51.451722	2.384805
235	45.137131	5.744778	0.000000	51.451722	2.314996
236	45.144302	5.758204	0.000000	51.451722	2.322665
237	45.142198	5.852123	0.000000	51.451722	2.356847
238	45.143616	5.844563	0.000000	51.451722	2.338405
239	45.165336	5.749200	0.000000	51.451722	2.333418
240	45.178705	5.783790	0.000000	51.451722	2.366413
241	45.189655	5.741026	0.000000	51.451722	2.321203
242	45.186538	5.826140	0.000000	51.451722	2.336361
243	45.176739	5.772389	0.000000	51.451722	2.344826
244	45.178199	5.792795	0.000000	51.451722	2.336386
245	45.173216	5.724369	0.000000	51.451722	2.338136
246	45.182639	5.707389	0.000000	51.451722	2.330081
247	45.184833	5.829049	0.000000	51.451722	2.335297
248	45.213199	5.873272	0.000000	51.451722	2.338921
249	45.198026	5.841621	0.000000	51.451722	2.358685
250	45.208013	5.839617	0.000000	51.451722	2.328320
251	45.197982	5.869953	0.000000	51.451722	2.336607
252	45.191211	5.817346	0.000000	51.451722	2.347844
253	45.199639	5.817175	0.000000	51.451722	2.342382
254	45.191884	5.877366	0.000000	51.451722	2.331421
255	45.205891	5.795804	0.000000	51.451722	2.321925
256	45.195982	5.795338	0.000000	51.451722	2.342461
257	45.195523	5.796207	0.000000	51.451722	2.328648
258	45.202208	5.812413	0.000000	51.451722	2.314935
259	45.211130	5.800932	0.000000	51.451722	2.364722
260	45.202613	5.755052	0.000000	51.451722	2.339218
261	45.209587	5.830905	0.000000	51.451722	2.337796
262	45.201030	5.768340	0.000000	51.451722	2.355345
263	45.188880	5.724442	0.000000	51.451722	2.317064
264	45.208871	5.845089	0.000000	51.451722	2.320038
265	45.215708	5.804360	0.000000	51.451722	2.377704
266	45.203841	5.768385	0.000000	51.451722	2.320088
267	45.205975	5.790125	0.000000	51.451722	2.320523
268	45.198447	5.876034	0.000000	51.451722	2.347937
269	45.221353	5.817033	0.000000	51.451722	2.328063
270	45.225978	5.866603	0.000000	51.451722	2.321500
271	45.221844	5.762481	0.000000	51.451722	2.326326
272	45.218724	5.739176	0.000000	51.451722	2.326227
273	45.222551	5.723786	0.000000	51.451722	2.353119
274	45.224503	5.785989	0.000000	51.451722	2.338410
275	45.212173	5.665632	0.000000	51.451722	2.309449
276	45.212141	5.801487	0.000000	51.451722	2.324276
277	45.217606	5.896609	0.000000	51.451722	2.371499
278	45.210913	5.832885	0.000000	51.451722	2.313155
279	45.230585	5.789244	0.000000	51.451722	2.339683
280	45.208961	5.828389	0.000000	51.451722	2.352066
281	45.206466	5.857505	0.000000	51.451722	2.322445
282	45.199704	5.840697	0.000000	51.451722	2.318672
283	45.215645	5.813379	0.000000	51.451722	2.335400
284	45.219785	5.835327	0.000000	51.451722	2.319171
285	45.220175	5.830293	0.000000	51.451722	2.329473
286	45.212805	5.896050	0.000000	51.451722	2.329420
287	45.230064	5.917448	0.000000	51.451722	2.332515
288	45.219252	5.911780	0.000000	51.451722	2.352680
289	45.212090	5.908687	0.000000	51.451722	2.342127
290	45.220032	5.877754	0.000000	51.451722	2.303900
291	45.220304	5.878038	0.000000	51.451722	2.317429
292	45.209110	6.019113	0.000000	51.451722	2.333405
293	45.213616	5.943195	0.000000	51.451722	2.350929
294	45.210034	5.933064	0.000000	51.451722	2.317751
295	45.202637	5.960741	0.000000	51.451722	2.343439
296	45.191413	5.993682	0.000000	51.451722	2.327496
297	45.195413	5.992534	0.000000	51.451722	2.331314
298	45.197919	6.002824	0.000000	51.451722	2.321183
299	45.185366	6.070246	0.000000	51.451722	2.319128
300	45.190984	6.084774	0.000000	51.451722	2.325756
301	45.191997	6.037399	0.000000	51.451722	2.326429
302	45.193899	5.949297	0.000000	51.451722	2.340343
303	45.214465	5.994223	0.000000	51.451722	2.316521
304	45.208979	6.019524	0.000000	51.451722	2.324170
305	45.216167	5.993045	0.000000	51.451722	2.345231
306	45.202366	6.013750	0.000000	51.451722	2.335277
307	45.206177	6.011785	0.000000	51.451722	2.326404
308	45.197725	6.049674	0.000000	51.451722	2.331725
309	45.211795	6.138253	0.000000	51.451722	2.348753
310	45.210841	6.010074	0.000000	51.451722	2.330388
311	45.214987	5.974673	0.000000	51.451722	2.345032
312	45.221514	5.957334	0.000000	51.451722	2.305023
313	45.213735	5.894360	0.000000	51.451722	2.321380
314	45.208669	5.946520	0.000000	51.451722	2.354603
315	45.217749	6.025443	0.000000	51.451722	2.310943
316	45.224351	5.961839	0.000000	51.451722	2.320848
317	45.226520	5.991593	0.000000	51.451722	2.341714
318	45.228794	5.922427	0.000000	51.451722	2.339608
319	45.230806	5.952963	0.000000	51.451722	2.316971
320	45.223150	5.985054	0.000000	51.451722	2.322399
321	45.228997	5.940688	0.000000	51.451722	2.322954
322	45.224357	6.034976	0.000000	51.451722	2.308790
323	45.227927	6.014754	0.000000	51.451722	2.349276
324	45.222765	6.012558	0.000000	51.451722	2.332135
325	45.219570	6.087720	0.000000	51.451722	2.311071
326	45.220119	5.971724	0.000000	51.451722	2.361328
327	45.221800	5.977540	0.000000	51.451722	2.327542
328	45.214343	6.052666	0.000000	51.451722	2.310123
329	45.208496	5.997653	0.000000	51.451722	2.331276
330	45.207390	5.996559	0.000000	51.451722	2.359759
331	45.203283	6.026811	0.000000	51.451722	2.322284
332	45.211667	6.012719	0.000000	51.451722	2.327412
333	45.202160	6.002948	0.000000	51.451722	2.347695
334	45.209026	6.003823	0.000000	51.451722	2.337722
335	45.205757	6.016084	0.000000	51.451722	2.330690
336	45.194989	6.074325	0.000000	51.451722	2.329658
337	45.192796	6.055434	0.000000	51.451722	2.317611
338	45.201191	6.006653	0.000000	51.451722	2.358419
339	45.219979	6.009136	0.000000	51.451722	2.325387
340	45.213068	5.954593	0.000000	51.451722	2.323793
341	45.204747	5.912452	0.000000	51.451722	2.343571
342	45.201820	5.891632	0.000000	51.451722	2.329646
343	45.222393	5.883420	0.000000	51.451722	2.315412
344	45.221436	5.938513	0.000000	51.451722	2.337741
345	45.221969	6.027436	0.000000	51.451722	2.363231
346	45.222041	6.020529	0.000000	51.451722	2.326763
347	45.236081	5.961019	0.000000	51.451722	2.371813
348	45.226961	6.042314	0.000000	51.451722	2.323266
349	45.242894	6.083380	0.000000	51.451722	2.316816
350	45.230448	5.999106	0.000000	51.451722	2.334290
351	45.232582	6.057134	0.000000	51.451722	2.336746
352	45.209160	6.083251	0.000000	51.451722	2.331496
353	45.213574	6.166887	0.000000	51.451722	2.335583
354	45.220014	6.091191	0.000000	51.451722	2.349866
355	45.219767	6.045062	0.000000	51.451722	2.345882
356	45.228082	6.037813	0.000000	51.451722	2.320583
357	45.227554	6.055285	0.000000	51.451722	2.319000
358	45.219374	6.125771	0.000000	51.451722	2.349155
359	45.222008	6.161908	0.000000	51.451722	2.346100
360	45.233452	6.192379	0.000000	51.451722	2.312779
361	45.216075	6.180902	0.000000	51.451722	2.353791
362	45.240003	6.159774	0.000000	51.451722	2.354200
363	45.238140	6.109129	0.000000	51.451722	2.325083
364	45.245051	6.183550	0.000000	51.451722	2.352420
365	45.240536	6.223791	0.000000	51.451722	2.321816
366	45.249677	6.195485	0.000000	51.451722	2.321656
367	45.247078	6.139053	0.000000	51.451722	2.370117
368	45.256072	6.120088	0.000000	51.451722	2.326448
369	45.237845	6.142939	0.000000	51.451722	2.331084
370	45.245081	6.123249	0.000000	51.451722	2.338488
371	45.241487	6.139080	0.000000	51.451722	2.347282
372	45.230514	6.123537	0.000000	51.451722	2.331200
373	45.240051	6.145466	0.000000	51.451722	2.377054
374	45.241880	6.156006	0.000000	51.451722	2.315905
375	45.249325	6.160815	0.000000	51.451722	2.325550
376	45.251238	6.110994	0.000000	51.451722	2.376892
377	45.238256	6.024033	0.000000	51.451722	2.329655
378	45.252058	6.142143	0.000000	51.451722	2.359976
379	45.251670	6.071351	0.000000	51.451722	2.332389
380	45.245820	6.064063	0.000000	51.451722	2.319500
381	45.251518	6.023385	0.000000	51.451722	2.349365
382	45.258382	6.028145	0.000000	51.451722	2.334244
383	45.259833	6.057546	0.000000	51.451722	2.336020
384	45.267820	6.120549	0.000000	51.451722	2.380936
385	45.252520	6.127153	0.000000	51.451722	2.325175
386	45.261031	6.107406	0.000000	51.451722	2.343086
387	45.262319	6.083732	0.000000	51.451722	2.328495
388	45.248497	6.116134	0.000000	51.451722	2.343495
389	45.263207	6.095402	0.000000	51.451722	2.360284
390	45.276102	6.130862	0.000000	51.451722	2.342790
391	45.265567	6.108997	0.000000	51.451722	2.328788
392	45.281154	6.100766	0.000000	51.451722	2.358271
393	45.287561	6.128211	0.000000	51.451722	2.323897
394	45.283550	6.067413	0.000000	51.451722	2.331980
395	45.280755	6.127651	0.000000	51.451722	2.331481
396	45.272124	6.178070	0.000000	51.451722	2.351117
397	45.276007	6.237713	0.000000	51.451722	2.331436
398	45.280045	6.158847	0.000000	51.451722	2.335427
399	45.273548	6.145297	0.000000	51.451722	2.362611
400	45.273837	6.031338	0.000000	51.451722	2.329259
401	45.276684	6.028013	0.000000	51.451722	2.309259
402	45.295393	6.147206	0.000000	51.451722	2.330162
403	45.296213	6.175590	0.000000	51.451722	2.351221
404	45.283052	6.133939	0.000000	51.451722	2.316579
405	45.296001	6.162797	0.000000	51.451722	2.323701
406	45.290315	6.213999	0.000000	51.451722	2.378801
407	45.309347	6.179776	0.000000	51.451722	2.314569
408	45.306343	6.177067	0.000000	51.451722	2.325128
409	45.293075	6.222891	0.000000	51.451722	2.355436
410	45.290262	6.201086	0.000000	51.451722	2.333335
411	45.282364	6.163314	0.000000	51.451722	2.334485
412	45.299941	6.212507	0.000000	51.451722	2.363679
413	45.310438	6.220060	0.000000	51.451722	2.320786
414	45.296353	6.272763	0.000000	51.451722	2.326434
415	45.301366	6.321334	0.000000	51.451722	2.345030
416	45.297426	6.261053	0.000000	51.451722	2.329322
417	45.295835	6.225648	0.000000	51.451722	2.338531
418	45.295525	6.212321	0.000000	51.451722	2.336730
419	45.281947	6.281345	0.000000	51.451722	2.351623
420	45.282948	6.211756	0.000000	51.451722	2.332343
421	45.276380	6.204553	0.000000	51.451722	2.347027
422	45.289636	6.154334	0.000000	51.451722	2.333267
423	45.284891	6.222986	0.000000	51.451722	2.328145
424	45.286047	6.189232	0.000000	51.451722	2.320059
425	45.285007	6.181961	0.000000	51.451722	2.334660
426	45.283085	6.265659	0.000000	51.451722	2.359138
427	45.279396	6.208118	0.000000	51.451722	2.313686
428	45.291069	6.234213	0.000000	51.451722	2.352181
429	45.278829	6.177433	0.000000	51.451722	2.343992
430	45.275202	6.246070	0.000000	51.451722	2.313935
431	45.276684	6.218791	0.000000	51.451722	2.335515
432	45.297807	6.375822	0.000000	51.451722	2.339471
433	45.316571	6.340427	0.000000	51.451722	2.343284
434	45.334455	6.342211	0.000000	51.451722	2.333672
435	45.343441	6.475954	0.000000	51.451722	2.371950
436	45.347351	6.448370	0.000000	51.451722	2.319623
437	45.346677	6.408123	0.000000	51.451722	2.361496
438	45.355508	6.453981	0.000000	51.451722	2.328909
439	45.384204	6.417857	0.000000	51.451722	2.327345
440	45.376924	6.341880	0.000000	51.451722	2.341540
441	45.366329	6.426947	0.000000	51.451722	2.330010
442	45.362675	6.426038	0.000000	51.451722	2.337956
443	45.388132	6.420922	0.000000	51.451722	2.343909
444	45.375478	6.389020	0.000000	51.451722	2.338574
445	45.382693	6.309479	0.000000	51.451722	2.345861
446	45.362359	6.328960	0.000000	51.451722	2.335844
447	45.354629	6.333242	0.000000	51.451722	2.325899
448	45.369595	6.285831	0.000000	51.451722	2.335986
449	45.368993	6.348342	0.000000	51.451722	2.334075
450	45.374101	6.333796	0.000000	51.451722	2.344494
451	45.380098	6.398719	0.000000	51.451722	2.346050
452	45.360699	6.390686	0.000000	51.451722	2.309232
453	45.361954	6.391906	0.000000	51.451722	2.325764
454	45.370126	6.430035	0.000000	51.451722	2.362658
455	45.378268	6.438236	0.000000	51.451722	2.323658
456	45.382935	6.465912	0.000000	51.451722	2.325479
457	45.375082	6.492431	0.000000	51.451722	2.378452
458	45.384952	6.452441	0.000000	51.451722	2.322630
459	45.390958	6.462548	0.000000	51.451722	2.324201
460	45.394266	6.328077	0.000000	51.451722	2.358970
461	45.373577	6.415459	0.000000	51.451722	2.333349
462	45.386088	6.407939	0.000000	51.451722	2.330885
463	45.370078	6.472615	0.000000	51.451722	2.373293
464	45.367581	6.494095	0.000000	51.451722	2.317479
465	45.360619	6.452425	0.000000	51.451722	2.350156
466	45.363727	6.478824	0.000000	51.451722	2.341901
467	45.368361	6.367236	0.000000	51.451722	2.318650
468	45.374686	6.391904	0.000000	51.451722	2.331139
469	45.380783	6.347417	0.000000	51.451722	2.343190
470	45.363522	6.382269	0.000000	51.451722	2.347115
471	45.359972	6.367508	0.000000	51.451722	2.336949
472	45.380741	6.348506	0.000000	51.451722	2.352808
473	45.386422	6.366088	0.000000	51.451722	2.324701
474	45.378894	6.453843	0.000000	51.451722	2.330591
475	45.384568	6.427317	0.000000	51.451722	2.317893
476	45.393181	6.492023	0.000000	51.451722	2.348225
477	45.387319	6.450622	0.000000	51.451722	2.335787
478	45.401770	6.504329	0.000000	51.451722	2.324272
479	45.399323	6.478409	0.000000	51.451722	2.362956
480	45.399156	6.484717	0.000000	51.451722	2.324225
481	45.398885	6.533758	0.000000	51.451722	2.313777
482	45.428440	6.557644	0.000000	51.451722	2.329438
483	45.423204	6.560191	0.000000	51.451722	2.338548
484	45.408845	6.605922	0.000000	51.451722	2.335205
485	45.427892	6.602756	0.000000	51.451722	2.335277
486	45.437348	6.625972	0.000000	51.451722	2.343091
487	45.429391	6.696341	0.000000	51.451722	2.344632
488	45.443159	6.668719	0.000000	51.451722	2.332201
489	45.444980	6.659100	0.000000	51.451722	2.335327
490	45.450366	6.747512	0.000000	51.451722	2.341986
491	45.456752	6.810500	0.000000	51.451722	2.330873
492	45.448643	6.781640	0.000000	51.451722	2.329058
493	45.471191	6.732036	0.000000	51.451722	2.333185
494	45.452598	6.668248	0.000000	51.451722	2.357776
495	45.454061	6.579361	0.000000	51.451722	2.316061
496	45.450348	6.611266	0.000000	51.451722	2.359209
497	45.456499	6.646665	0.000000	51.451722	2.342304
498	45.459521	6.660514	0.000000	51.451722	2.327208
499	45.456547	6.690965	0.000000	51.451722	2.360025
500	45.457596	6.694232	0.000000	51.451722	2.330815
501	45.454416	6.713625	0.000000	51.451722	2.323744
502	45.456910	6.782684	0.000000	51.451722	2.341240
503	45.461214	6.690812	0.000000	51.451722	2.337000
504	45.444849	6.699954	0.000000	51.451722	2.325057
505	45.461357	6.658304	0.000000	51.451722	2.348416
506	45.456418	6.653961	0.000000	51.451722	2.346850
507	45.461005	6.705066	0.000000	51.451722	2.326324
508	45.459417	6.621803	0.000000	51.451722	2.383490
509	45.471579	6.602925	0.000000	51.451722	2.311089
510	45.467883	6.592326	0.000000	51.451722	2.331323
511	45.479745	6.649347	0.000000	51.451722	2.338788
512	45.464104	6.678411	0.000000	51.451722	2.344049
513	45.457572	6.707459	0.000000	51.451722	2.330885
514	45.463666	6.724717	0.000000	51.451722	2.373491
515	45.468435	6.738421	0.000000	51.451722	2.326457
516	45.472571	6.828896	0.000000	51.451722	2.360067
517	45.458838	6.813598	0.000000	51.451722	2.332226
518	45.474571	6.812456	0.000000	51.451722	2.324974
519	45.476767	6.790849	0.000000	51.451722	2.348047
520	45.468423	6.781786	0.000000	51.451722	2.334913
521	45.465404	6.817454	0.000000	51.451722	2.333956
522	45.470852	6.874220	0.000000	51.451722	2.335782
523	45.477182	6.850711	0.000000	51.451722	2.341048
524	45.481995	6.784581	0.000000	51.451722	2.344453
525	45.476690	6.703742	0.000000	51.451722	2.323407
526	45.475173	6.758018	0.000000	51.451722	2.333091
527	45.492563	6.794254	0.000000	51.451722	2.352411
528	45.481062	6.838959	0.000000	51.451722	2.338442
529	45.460314	6.855843	0.000000	51.451722	2.341612
530	45.467806	6.937970	0.000000	51.451722	2.344155
531	45.463151	6.887960	0.000000	51.451722	2.308600
532	45.470995	6.883534	0.000000	51.451722	2.320143
533	45.496875	6.955040	0.000000	51.451722	2.349867
534	45.488784	6.926776	0.000000	51.451722	2.341201
535	45.491779	6.943903	0.000000	51.451722	2.324144
536	45.487177	6.866505	0.000000	51.451722	2.342206
537	45.498377	6.868526	0.000000	51.451722	2.348699
538	45.498323	6.980645	0.000000	51.451722	2.320002
539	45.498484	6.913392	0.000000	51.451722	2.340035
540	45.510721	6.934112	0.000000	51.451722	2.330601
541	45.504391	6.980655	0.000000	51.451722	2.331915
542	45.508263	7.056224	0.000000	51.451722	2.332980
543	45.499796	6.975711	0.000000	51.451722	2.348653
544	45.509651	7.041787	0.000000	51.451722	2.339648
545	45.503905	7.036970	0.000000	51.451722	2.333103
546	45.520017	6.952412	0.000000	51.451722	2.313695
547	45.512807	7.000294	0.000000	51.451722	2.357538
548	45.513260	6.916619	0.000000	51.451722	2.340800
549	45.505965	6.914959	0.000000	51.451722	2.329636
550	45.519385	6.944351	0.000000	51.451722	2.373285
551	45.527402	6.886984	0.000000	51.451722	2.326041
552	45.525134	6.956575	0.000000	51.451722	2.355040
553	45.522606	6.840798	0.000000	51.451722	2.341835
554	45.533484	6.847743	0.000000	51.451722	2.311802
555	45.537925	6.919613	0.000000	51.451722	2.331193
556	45.532465	6.862133	0.000000	51.451722	2.367854
557	45.510861	6.879043	0.000000	51.451722	2.317840
558	45.518738	6.876542	0.000000	51.451722	2.329340
559	45.519021	6.979056	0.000000	51.451722	2.365031
560	45.523304	6.887547	0.000000	51.451722	2.323473
561	45.524728	6.946631	0.000000	51.451722	2.343051
562	45.525098	7.002795	0.000000	51.451722	2.348581
563	45.535368	6.923983	0.000000	51.451722	2.316281
564	45.539790	7.001778	0.000000	51.451722	2.320019
565	45.540637	6.997508	0.000000	51.451722	2.342536
566	45.549554	6.892847	0.000000	51.451722	2.342688
567	45.528680	6.911600	0.000000	51.451722	2.330731
568	45.525444	6.847457	0.000000	51.451722	2.368716
569	45.529747	6.930032	0.000000	51.451722	2.324638
570	45.534486	6.962201	0.000000	51.451722	2.334270
571	45.511639	6.936000	0.000000	51.451722	2.353209
572	45.534599	6.925315	0.000000	51.451722	2.331502
573	45.536041	6.869818	0.000000	51.451722	2.339947
574	45.538247	6.858309	0.000000	51.451722	2.354423
575	45.542350	6.822738	0.000000	51.451722	2.325750
576	45.536649	6.944007	0.000000	51.451722	2.322671
577	45.526475	6.972250	0.000000	51.451722	2.328257
578	45.541772	6.967671	0.000000	51.451722	2.354776
579	45.552218	7.031300	0.000000	51.451722	2.333234
580	45.537388	7.037453	0.000000	51.451722	2.323915
581	45.537627	7.071083	0.000000	51.451722	2.376665
582	45.551813	6.996379	0.000000	51.451722	2.327810
583	45.556694	7.055364	0.000000	51.451722	2.358046
584	45.552441	7.050063	0.000000	51.451722	2.342540
585	45.535535	7.078886	0.000000	51.451722	2.311988
586	45.539820	6.976698	0.000000	51.451722	2.334793
587	45.547462	6.903861	0.000000	51.451722	2.346768
588	45.547876	6.995746	0.000000	51.451722	2.316671
589	45.557660	7.014212	0.000000	51.451722	2.328194
590	45.549458	6.947882	0.000000	51.451722	2.339712
591	45.540243	6.985397	0.000000	51.451722	2.326260
592	45.548809	7.010783	0.000000	51.451722	2.335271
593	45.539379	6.981705	0.000000	51.451722	2.340357
594	45.552877	6.989243	0.000000	51.451722	2.354367
595	45.548952	6.899018	0.000000	51.451722	2.329726
596	45.537060	6.987502	0.000000	51.451722	2.360169
597	45.541972	6.911537	0.000000	51.451722	2.333677
598	45.533574	7.000176	0.000000	51.451722	2.327558
599	45.539618	6.953098	0.000000	51.451722	2.327803
600	45.543301	6.988688	0.000000	51.451722	2.341536
601	45.537770	6.930911	0.000000	51.451722	2.353565
602	45.536363	6.944814	0.000000	51.451722	2.341939
603	45.531696	6.901619	0.000000	51.451722	2.333918
604	45.537934	6.891514	0.000000	51.451722	2.339110
605	45.540872	6.936329	0.000000	51.451722	2.308552
606	45.550352	7.025581	0.000000	51.451722	2.330540
607	45.559102	6.962307	0.000000	51.451722	2.372595
608	45.558825	7.003223	0.000000	51.451722	2.314121
609	45.565361	6.964189	0.000000	51.451722	2.361841
610	45.565408	7.049145	0.000000	51.451722	2.346128
611	45.553902	6.971082	0.000000	51.451722	2.312529
612	45.567811	6.982349	0.000000	51.451722	2.340077
613	45.561215	6.993987	0.000000	51.451722	2.338098
614	45.551765	6.966422	0.000000	51.451722	2.325436
615	45.548671	7.028597	0.000000	51.451722	2.328191
616	45.549935	7.042142	0.000000	51.451722	2.359453
617	45.564324	7.021925	0.000000	51.451722	2.325928
618	45.576811	7.030817	0.000000	51.451722	2.334293
619	45.582151	7.015894	0.000000	51.451722	2.380547
620	45.582986	7.055044	0.131234	51.451722	2.331492
621	45.578462	6.969427	0.000000	51.451722	2.341525
622	45.573217	6.891038	0.000000	51.451722	2.339188
623	45.575148	6.907011	0.000000	51.451722	2.328684
624	45.572573	6.908800	0.000000	51.451722	2.344604
625	45.566368	6.897583	0.000000	51.451722	2.334082
626	45.566994	6.916912	0.000000	51.451722	2.323781
627	45.581639	6.967775	0.000000	51.451722	2.323261
628	45.577294	6.923771	0.000000	51.451722	2.317592
629	45.596290	6.993774	0.000000	51.451722	2.339190
630	45.582628	7.019978	0.000000	51.451722	2.353704
631	45.566913	6.966754	0.000000	51.451722	2.315350
632	45.589912	6.946030	0.000000	51.451722	2.338451
633	45.586503	7.045740	0.000000	51.451722	2.367952
634	45.595753	6.957762	0.000000	51.451722	2.322520
635	45.582587	6.948402	0.000000	51.451722	2.345862
636	45.582068	6.961375	0.000000	51.451722	2.337830
637	45.582509	7.025340	0.000000	51.451722	2.325342
638	45.571211	7.093841	0.000000	51.451722	2.377301
639	45.597339	7.083791	0.000000	51.451722	2.320676
640	45.587707	7.068815	0.000000	51.451722	2.322813
641	45.563975	7.074125	0.131234	51.451722	2.339777
642	45.561385	7.028887	0.000000	51.451722	2.342357
643	45.573249	7.095036	0.000000	51.451722	2.326238
644	45.589119	7.056590	0.000000	51.451722	2.344144
645	45.596933	7.046249	0.000000	51.451722	2.330948
646	45.595253	7.052368	0.000000	51.451722	2.328073
647	45.590743	6.944315	0.000000	51.451722	2.334244
648	45.585173	6.902780	0.000000	51.451722	2.350633
649	45.588860	7.040645	0.000000	51.451722	2.344026
650	45.586541	6.955736	0.000000	51.451722	2.328180
651	45.578432	7.010270	0.000000	51.451722	2.325339
652	45.576888	7.096583	0.000000	51.451722	2.346911
653	45.597410	7.043193	0.000000	51.451722	2.329804
654	45.585424	7.013429	0.000000	51.451722	2.325422
655	45.597684	7.011985	0.000000	51.451722	2.380694
656	45.584869	7.020774	0.000000	51.451722	2.309348
657	45.583528	7.002734	0.000000	51.451722	2.320404
658	45.589948	7.047252	0.000000	51.451722	2.348399
659	45.589769	7.141170	0.000000	51.451722	2.339438
660	45.578840	7.074751	0.000000	51.451722	2.318584
661	45.582539	7.110502	0.000000	51.451722	2.332632
662	45.581490	7.169767	0.000000	51.451722	2.367343
663	45.574147	7.108563	0.000000	51.451722	2.325727
664	45.573696	7.088562	0.000000	51.451722	2.339563
665	45.574218	7.028298	0.000000	51.451722	2.330732
666	45.580515	7.030639	0.000000	51.451722	2.326543
667	45.587558	7.084494	0.000000	51.451722	2.333842
668	45.585081	7.063213	0.000000	51.451722	2.340831
669	45.585537	7.048071	0.000000	51.451722	2.341764
670	45.585865	7.036796	0.000000	51.451722	2.338243
671	45.589536	7.007725	0.000000	51.451722	2.344882
672	45.597380	7.011404	0.000000	51.451722	2.343761
673	45.583269	7.092234	0.000000	51.451722	2.326271
674	45.578444	7.093166	0.000000	51.451722	2.318121
675	45.578662	7.094703	0.000000	51.451722	2.354315
676	45.583153	7.118613	0.000000	51.451722	2.340347
677	45.580691	7.151841	0.000000	51.451722	2.332837
678	45.581150	7.146400	0.000000	51.451722	2.349646
679	45.594227	7.044269	0.000000	51.451722	2.315507
680	45.590100	7.123337	0.000000	51.451722	2.318128
681	45.582625	7.095752	0.000000	51.451722	2.331306
682	45.590812	7.067169	0.000000	51.451722	2.363870
683	45.585647	7.161774	0.000000	51.451722	2.320868
684	45.585108	7.097131	0.000000	51.451722	2.340583
685	45.585364	7.027716	0.000000	51.451722	2.352326
686	45.579606	7.051691	0.000000	51.451722	2.329885
687	45.581031	7.024060	0.000000	51.451722	2.358726
688	45.575556	7.099646	0.000000	51.451722	2.332846
689	45.572898	7.032039	0.000000	51.451722	2.328105
690	45.568436	6.994590	0.000000	51.451722	2.360447
691	45.582038	7.073005	0.000000	51.451722	2.340191
692	45.568863	7.165328	0.000000	51.451722	2.329281
693	45.565975	7.148992	0.000000	51.451722	2.355170
694	45.576194	7.135370	0.000000	51.451722	2.331854
695	45.585412	7.122814	0.000000	51.451722	2.335387
696	45.585823	7.125481	0.000000	51.451722	2.338248
697	45.589966	7.152567	0.000000	51.451722	2.353974
698	45.597726	7.155824	0.000000	51.451722	2.337711
699	45.582479	7.138867	0.000000	51.451722	2.340405
700	45.581084	7.117030	0.000000	51.451722	2.340653
701	45.581305	7.182335	0.000000	51.451722	2.319753
702	45.580935	7.108498	0.000000	51.451722	2.319684
703	45.578173	7.115482	0.000000	51.451722	2.357177
704	45.600051	7.189236	0.000000	51.451722	2.337012
705	45.605379	7.152335	0.000000	51.451722	2.324720
706	45.607662	7.168714	0.000000	51.451722	2.356628
707	45.597205	7.154352	0.000000	51.451722	2.317925
708	45.585683	7.221261	0.000000	51.451722	2.312836
709	45.572329	7.241105	0.000000	51.451722	2.323888
710	45.584282	7.203864	0.000000	51.451722	2.359265
711	45.574662	7.191324	0.000000	51.451722	2.332806
712	45.582700	7.200907	0.000000	51.451722	2.321225
713	45.579523	7.256161	0.000000	51.451722	2.376891
714	45.591080	7.205999	0.000000	51.451722	2.324005
715	45.579135	7.211683	0.000000	51.451722	2.327842
716	45.596188	7.201458	0.000000	51.451722	2.330874
717	45.578092	7.173844	0.000000	51.451722	2.340384
718	45.584333	7.142380	0.000000	51.451722	2.328142
719	45.591804	7.076372	0.000000	51.451722	2.339507
720	45.600021	7.123467	0.000000	51.451722	2.348825
721	45.580760	7.042358	0.000000	51.451722	2.336767
722	45.593572	7.002953	0.000000	51.451722	2.313913
723	45.577860	7.090061	0.000000	51.451722	2.335204
724	45.587415	7.061233	0.000000	51.451722	2.351944
725	45.577800	7.001107	0.000000	51.451722	2.313390
726	45.583344	7.013166	0.000000	51.451722	2.319704
727	45.594117	7.061505	0.000000	51.451722	2.351183
728	45.601791	7.063933	0.000000	51.451722	2.340913
729	45.613229	7.091458	0.000000	51.451722	2.321877
730	45.588326	7.129045	0.000000	51.451722	2.337392
731	45.592082	7.064112	0.000000	51.451722	2.352810
732	45.578939	7.127657	0.000000	51.451722	2.322881
733	45.584106	7.172295	0.000000	51.451722	2.355685
734	45.577973	7.125629	0.000000	51.451722	2.338271
735	45.584279	7.136031	0.000000	51.451722	2.330657
736	45.577359	7.107580	0.000000	51.451722	2.367658
737	45.578820	7.132948	0.000000	51.451722	2.326822
738	45.583174	7.114521	0.000000	51.451722	2.337446
739	45.572424	7.132658	0.000000	51.451722	2.339467
740	45.572031	7.076095	0.000000	51.451722	2.345799
741	45.594102	7.026681	0.000000	51.451722	2.344908
742	45.583326	6.998801	0.000000	51.451722	2.351849
743	45.581794	7.034749	0.000000	51.451722	2.332565
744	45.572424	7.030118	0.000000	51.451722	2.332919
745	45.587233	6.970396	0.000000	51.451722	2.352408
746	45.585275	7.127663	0.000000	51.451722	2.336802
747	45.579496	7.055040	0.000000	51.451722	2.333801
748	45.587546	7.128815	0.000000	51.451722	2.349572
749	45.575374	7.043550	0.000000	51.451722	2.329364
750	45.571768	7.082017	0.000000	51.451722	2.327050
751	45.576376	7.116110	0.000000	51.451722	2.326512
752	45.588362	7.110760	0.000000	51.451722	2.355307
753	45.566255	7.056804	0.000000	51.451722	2.319614
754	45.585072	7.043802	0.000000	51.451722	2.338700
755	45.585579	7.078960	0.000000	51.451722	2.360980
756	45.579866	7.060400	0.000000	51.451722	2.309048
757	45.591623	7.102360	0.000000	51.451722	2.314420
758	45.582339	7.135549	0.000000	51.451722	2.344628
759	45.581907	7.116477	0.000000	51.451722	2.343528
760	45.580065	7.118572	0.000000	51.451722	2.328093
761	45.581108	7.180770	0.000000	51.451722	2.345759
762	45.576125	7.135546	0.000000	51.451722	2.331243
763	45.582634	7.009583	0.000000	51.451722	2.332480
764	45.581615	7.037410	0.000000	51.451722	2.331387
765	45.572227	7.027927	0.000000	51.451722	2.365203
766	45.595154	7.119349	0.000000	51.451722	2.327175
767	45.582229	7.067858	0.000000	51.451722	2.328514
768	45.584315	7.128624	0.000000	51.451722	2.325606
769	45.582718	7.053978	0.000000	51.451722	2.336489
770	45.604146	7.027892	0.000000	51.451722	2.347947
771	45.589358	6.968140	0.000000	51.451722	2.321555
772	45.574969	7.014065	0.000000	51.451722	2.362856
773	45.581850	7.082969	0.000000	51.451722	2.320341
774	45.580792	7.095338	0.000000	51.451722	2.318997
775	45.574903	7.184084	0.000000	51.451722	2.372835
776	45.576540	7.139602	0.000000	51.451722	2.326932
777	45.578274	7.183645	0.000000	51.451722	2.335697
778	45.586592	7.120233	0.000000	51.451722	2.359779
779	45.596150	7.047742	0.000000	51.451722	2.324946
780	45.603710	7.014934	0.000000	51.451722	2.328460
781	45.784509	7.017852	0.000000	51.451722	2.341161
782	45.836997	6.991593	0.000000	51.451722	2.332582
783	45.870021	6.895376	0.000000	51.451722	2.332808
784	45.877808	6.935790	0.000000	51.451722	2.347403
785	45.891696	6.952704	0.000000	51.451722	2.347173
786	45.901793	6.902487	0.000000	51.451722	2.331169
787	45.901108	6.807139	0.000000	51.451722	2.376330
788	45.898953	6.826035	0.000000	51.451722	2.331730
789	45.911208	6.880950	0.000000	51.451722	2.373777
790	45.923769	6.934710	0.000000	51.451722	2.318620
791	45.923424	6.946325	0.000000	51.451722	2.334600
792	45.929921	6.925749	0.000000	51.451722	2.345553
793	45.932364	6.882420	0.000000	51.451722	2.333905
794	45.929557	6.890243	0.000000	51.451722	2.336553
795	45.930809	6.934007	0.000000	51.451722	2.380350
796	45.923924	6.931722	0.000000	51.451722	2.323890
797	45.935211	6.958049	0.000000	51.451722	2.377612
798	45.935816	6.995923	0.000000	51.451722	2.327082
799	45.932472	7.012828	0.000000	51.451722	2.333539
800	45.926178	6.945459	0.000000	51.451722	2.356895
801	45.940328	7.015143	0.000000	51.451722	2.320429
802	45.934853	6.915789	0.000000	51.451722	2.325436
803	45.950115	6.909537	0.000000	51.451722	2.343164
804	45.935547	6.942802	0.000000	51.451722	2.345737
805	45.928520	6.937128	0.000000	51.451722	2.338153
806	45.925868	6.899977	0.000000	51.451722	2.339826
807	45.943666	6.923689	0.000000	51.451722	2.341269
808	45.947334	6.952632	0.000000	51.451722	2.331980
809	45.957208	7.011739	0.000000	51.451722	2.364496
810	45.948792	6.911405	0.000000	51.451722	2.325236
811	45.942545	6.876817	0.000000	51.451722	2.326702
812	45.947933	6.915165	0.000000	51.451722	2.323365
813	45.936596	6.941351	0.000000	51.451722	2.345703
814	45.946097	6.965163	0.000000	51.451722	2.338665
815	45.947987	6.896786	0.000000	51.451722	2.337004
816	45.939398	6.943531	0.000000	51.451722	2.365208
817	45.940253	6.965527	0.000000	51.451722	2.310252
818	45.934924	6.945254	0.000000	51.451722	2.314620
819	45.943820	6.933896	0.000000	51.451722	2.372086
820	45.945138	6.970718	0.000000	51.451722	2.325770
821	45.948482	6.992560	0.000000	51.451722	2.323660
822	45.943385	7.039487	0.000000	51.451722	2.369697
823	45.951849	7.039138	0.000000	51.451722	2.325988
824	45.946613	7.099861	0.000000	51.451722	2.319127
825	45.937783	7.096143	0.000000	51.451722	2.376187
826	45.938790	7.089062	0.000000	51.451722	2.320549
827	45.940357	7.018154	0.000000	51.451722	2.327778
828	45.960641	7.034494	0.000000	51.451722	2.364313
829	45.952535	7.008519	0.000000	51.451722	2.327733
830	45.961431	7.053235	0.000000	51.451722	2.326443
831	45.956635	7.118735	0.000000	51.451722	2.382399
832	45.938668	7.085991	0.000000	51.451722	2.329247
833	45.935342	7.128055	0.000000	51.451722	2.351059
834	45.950013	7.085856	0.000000	51.451722	2.331503
835	45.947140	7.065705	0.000000	51.451722	2.324213
836	45.941073	7.143278	0.000000	51.451722	2.340476
837	45.955923	7.108943	0.000000	51.451722	2.354556
838	45.949811	7.033358	0.000000	51.451722	2.326984
839	45.933670	7.104039	0.000000	51.451722	2.359482
840	45.939618	7.069362	0.000000	51.451722	2.342935
841	45.949101	7.033412	0.000000	51.451722	2.332765
842	45.948249	7.070001	0.000000	51.451722	2.336217
843	45.953348	7.034978	0.000000	51.451722	2.332512
844	45.953369	7.050112	0.000000	51.451722	2.339902
845	45.941073	7.063195	0.000000	51.451722	2.345982
846	45.944327	7.050877	0.000000	51.451722	2.339631
847	45.951396	7.054647	0.000000	51.451722	2.329877
848	45.943624	6.994785	0.000000	51.451722	2.315459
849	45.943311	6.970199	0.000000	51.451722	2.358929
850	45.944840	6.884515	0.000000	51.451722	2.346718
851	45.945823	6.894512	0.000000	51.451722	2.333780
852	45.950717	6.907139	0.000000	51.451722	2.366488
853	45.952609	6.867349	0.000000	51.451722	2.327754
854	45.948964	6.854350	0.000000	51.451722	2.323075
855	45.953086	6.884201	0.000000	51.451722	2.371305
856	45.947093	6.873796	0.000000	51.451722	2.307822
857	45.952094	6.865902	0.000000	51.451722	2.338057
858	45.941803	6.885612	0.000000	51.451722	2.372510
859	45.949328	6.891588	0.000000	51.451722	2.315515
860	45.942941	6.879088	0.000000	51.451722	2.374144
861	45.933336	6.884624	0.000000	51.451722	2.321197
862	45.935112	6.997011	0.000000	51.451722	2.326982
863	45.937735	7.023896	0.000000	51.451722	2.381021
864	45.940804	6.983101	0.000000	51.451722	2.323429
865	45.948800	6.965015	0.000000	51.451722	2.340109
866	45.949757	6.931632	0.000000	51.451722	2.365003
867	45.947602	6.985382	0.000000	51.451722	2.315725
868	45.959109	6.944067	0.000000	51.451722	2.352660
869	45.939827	6.899299	0.000000	51.451722	2.345701
870	45.943558	6.867628	0.000000	51.451722	2.323124
871	45.944184	6.904076	0.000000	51.451722	2.339324
872	45.933357	6.890610	0.000000	51.451722	2.344388
873	45.951569	6.896838	0.000000	51.451722	2.327068
874	45.934930	6.886565	0.000000	51.451722	2.334765
875	45.946759	6.910172	0.000000	51.451722	2.362176
876	45.924538	6.892269	0.000000	51.451722	2.332457
877	45.938170	6.942768	0.000000	51.451722	2.352638
878	45.947158	6.925000	0.000000	51.451722	2.332453
879	45.947880	6.990168	0.000000	51.451722	2.335263
880	45.937335	6.957972	0.000000	51.451722	2.352381
881	45.939091	6.933581	0.000000	51.451722	2.344203
882	46.101868	6.869638	0.000000	51.451722	2.326949
883	46.143532	6.863031	0.000000	51.451722	2.357646
884	46.172202	6.843755	0.000000	51.451722	2.333054
885	46.177131	6.831857	0.000000	51.451722	2.346295
886	46.193886	6.870207	0.000000	51.451722	2.330249
887	46.203521	6.849015	0.000000	51.451722	2.346318
888	46.208736	6.863420	0.000000	51.451722	2.350498
889	46.215308	6.872680	0.000000	51.451722	2.353686
890	46.218050	6.885922	0.000000	51.451722	2.331073
891	46.209705	6.919651	0.000000	51.451722	2.358717
892	46.212047	6.874042	0.000000	51.451722	2.321927
893	46.225262	6.961911	0.000000	51.451722	2.334807
894	46.224219	6.973879	0.000000	51.451722	2.363249
895	46.224868	6.954927	0.000000	51.451722	2.339501
896	46.222880	6.970683	0.000000	51.451722	2.358624
897	46.222019	6.972827	0.000000	51.451722	2.334055
898	46.232706	6.927583	0.000000	51.451722	2.344253
899	46.224204	6.897737	0.000000	51.451722	2.364452
900	46.227631	6.878196	0.000000	51.451722	2.324589
901	46.232900	6.847177	0.000000	51.451722	2.370477
902	46.240544	6.884641	0.000000	51.451722	2.337948
903	46.256536	6.879120	0.000000	51.451722	2.332434
904	46.252975	6.892578	0.000000	51.451722	2.373383
905	46.247095	6.909835	0.000000	51.451722	2.339734
906	46.242118	6.884642	0.000000	51.451722	2.347022
907	46.236420	6.926375	0.000000	51.451722	2.336086
908	46.243972	6.935242	0.131234	51.451722	2.326734
909	46.255529	6.863718	0.000000	51.451722	2.378874
910	46.247894	6.859521	0.000000	51.451722	2.328403
911	46.253151	6.914839	0.000000	51.451722	2.391910
912	46.250969	6.901827	0.000000	51.451722	2.337239
913	46.249059	6.912593	0.000000	51.451722	2.376584
914	46.253926	6.901319	0.000000	51.451722	2.323301
915	46.249938	6.872725	0.000000	51.451722	2.348245
916	46.254790	6.914505	0.000000	51.451722	2.356929
917	46.259815	6.865865	0.000000	51.451722	2.343856
918	46.248400	6.857376	0.000000	51.451722	2.353601
919	46.249762	6.912909	0.000000	51.451722	2.350243
920	46.252626	6.904098	0.000000	51.451722	2.323663
921	46.265441	6.873478	0.000000	51.451722	2.351830
922	46.262819	6.878121	0.000000	51.451722	2.340445
923	46.262646	6.860646	0.000000	51.451722	2.361051
924	46.268016	6.885093	0.000000	51.451722	2.354099
925	46.267793	6.913663	0.131234	51.451722	2.357598
926	46.284142	6.878183	0.131234	51.451722	2.342913
927	46.269709	6.881853	0.131234	51.451722	2.334439
928	46.273893	6.857723	0.131234	51.451722	2.349967
929	46.281993	6.867846	0.131234	51.451722	2.341484
930	46.269158	6.812226	0.000000	51.451722	2.359758
931	46.266580	6.845026	0.000000	51.451722	2.347188
932	46.254960	6.835092	0.000000	51.451722	2.370745
933	46.262378	6.854908	0.131234	51.451722	2.335773
934	46.263689	6.826507	0.000000	51.451722	2.334622
935	46.257767	6.887659	0.000000	51.451722	2.339083
936	46.263939	6.865390	0.131234	51.451722	2.334474
937	46.264142	6.915062	0.000000	51.451722	2.341753
938	46.251890	6.928180	0.131234	51.451722	2.365541
939	46.249497	6.926027	0.000000	51.451722	2.335925
940	46.263167	6.867307	0.000000	51.451722	2.384262
941	46.263415	6.827847	0.000000	51.451722	2.333620
942	46.255004	6.826016	0.000000	51.451722	2.360459
943	46.256369	6.824992	0.000000	51.451722	2.326612
944	46.274102	6.931018	0.000000	51.451722	2.331679
945	46.262634	6.910160	0.000000	51.451722	2.350915
946	46.261996	6.869967	0.000000	51.451722	2.335874
947	46.261370	6.968062	0.000000	51.451722	2.328917
948	46.268737	6.906208	0.000000	51.451722	2.384149
949	46.260607	6.898919	0.000000	51.451722	2.334190
950	46.261784	6.901018	0.000000	51.451722	2.348505
951	46.262169	6.899278	0.000000	51.451722	2.337776
952	46.268389	6.859246	0.000000	51.451722	2.332533
953	46.280572	6.867706	0.000000	51.451722	2.359208
954	46.277052	6.934123	0.000000	51.451722	2.330092
955	46.276850	6.901963	0.000000	51.451722	2.331271
956	46.274465	6.899872	0.000000	51.451722	2.334635
957	46.273887	6.903688	0.131234	51.451722	2.343923
958	46.270937	6.893093	0.000000	51.451722	2.343586
959	46.285298	6.896307	0.000000	51.451722	2.345506
960	46.285003	6.910653	0.131234	51.451722	2.346468
961	46.285382	6.978163	0.000000	51.451722	2.363543
962	46.280643	6.950735	0.000000	51.451722	2.339713
963	46.286553	6.886226	0.000000	51.451722	2.334774
964	46.276754	6.821994	0.000000	51.451722	2.347110
965	46.282285	6.767902	0.000000	51.451722	2.340369
966	46.281469	6.797223	0.000000	51.451722	2.339265
967	46.281296	6.797088	0.000000	51.451722	2.363360
968	46.279958	6.808883	0.000000	51.451722	2.331108
969	46.281803	6.840311	0.000000	51.451722	2.358335
970	46.278816	6.837157	0.131234	51.451722	2.339149
971	46.270874	6.844743	0.131234	51.451722	2.334563
972	46.279302	6.860206	0.000000	51.451722	2.355109
973	46.282530	6.851993	0.000000	51.451722	2.324227
974	46.288556	6.818886	0.000000	51.451722	2.341843
975	46.278128	6.829392	0.131234	51.451722	2.365481
976	46.297216	6.799688	0.131234	51.451722	2.331157
977	46.293181	6.815031	0.131234	51.451722	2.361085
978	46.279454	6.746397	0.000000	51.451722	2.330844
979	46.284527	6.760906	0.000000	51.451722	2.355190
980	46.275550	6.803634	0.000000	51.451722	2.347046
981	46.281096	6.804322	0.131234	51.451722	2.330248
982	46.286720	6.758614	0.000000	51.451722	2.374702
983	46.283227	6.779797	0.000000	51.451722	2.333267
984	46.282434	6.747205	0.000000	51.451722	2.374365
985	46.288419	6.729230	0.131234	51.451722	2.327128
986	46.285346	6.799735	0.000000	51.451722	2.328146
987	46.292508	6.770816	0.000000	51.451722	2.375837
988	46.286798	6.780303	0.000000	51.451722	2.322291
989	46.284550	6.770945	0.000000	51.451722	2.344141
990	46.281779	6.788779	0.000000	51.451722	2.351709
991	46.290943	6.809309	0.000000	51.451722	2.324002
992	46.287441	6.805977	0.000000	51.451722	2.358697
993	46.291554	6.807896	0.000000	51.451722	2.337314
994	46.283096	6.823936	0.000000	51.451722	2.335575
995	46.282819	6.893178	0.000000	51.451722	2.358501
996	46.279067	6.877072	0.000000	51.451722	2.324883
997	46.273339	6.846654	0.000000	51.451722	2.331005
998	46.273738	6.878527	0.000000	51.451722	2.372293
999	46.274185	6.822584	0.000000	51.451722	2.330716
1000	46.277148	6.820816	0.131234	51.451722	2.344359
1001	46.276465	6.806928	0.131234	51.451722	2.353163
1002	46.266851	6.806327	0.131234	51.451722	2.335305
1003	46.279508	6.836375	0.131234	51.451722	2.355261
1004	46.278208	6.792724	0.000000	51.451722	2.337833
1005	46.274343	6.828995	0.000000	51.451722	2.346292
1006	46.281075	6.830121	0.000000	51.451722	2.359532
1007	46.287724	6.825451	0.000000	51.451722	2.329809
1008	46.287838	6.821014	0.000000	51.451722	2.368063
1009	46.291608	6.818629	0.000000	51.451722	2.332711
1010	46.289152	6.772545	0.000000	51.451722	2.370772
1011	46.282572	6.850080	0.000000	51.451722	2.331545
1012	46.276367	6.869296	0.000000	51.451722	2.327828
1013	46.274710	6.871157	0.000000	51.451722	2.386979
1014	46.287999	6.900875	0.000000	51.451722	2.319473
1015	46.280962	6.870320	0.000000	51.451722	2.356755
1016	46.286827	6.898706	0.000000	51.451722	2.334865
1017	46.280003	6.846263	0.000000	51.451722	2.319925
1018	46.287841	6.812165	0.000000	51.451722	2.353589
1019	46.277827	6.862519	0.000000	51.451722	2.348860
1020	46.273896	6.895816	0.000000	51.451722	2.328428
1021	46.285075	6.826279	0.131234	51.451722	2.379218
1022	46.281129	6.835757	0.000000	51.451722	2.319687
1023	46.282911	6.850259	0.000000	51.451722	2.355905
1024	46.279520	6.850688	0.000000	51.451722	2.348552
1025	46.288812	6.836008	0.000000	51.451722	2.330451
1026	46.292061	6.810066	0.131234	51.451722	2.366671
1027	46.283925	6.809620	0.131234	51.451722	2.340593
1028	46.435553	6.769536	0.131234	51.451722	2.370339
1029	46.468151	6.751887	0.131234	51.451722	2.332801
1030	46.480203	6.716201	0.131234	51.451722	2.335863
1031	46.486577	6.749703	0.131234	51.451722	2.376199
1032	46.492410	6.726398	0.131234	51.451722	2.331944
1033	46.492133	6.736294	0.131234	51.451722	2.359147
1034	46.500099	6.747714	0.000000	51.451722	2.344369
1035	46.499598	6.777044	0.000000	51.451722	2.354085
1036	46.498704	6.767498	0.000000	51.451722	2.345435
1037	46.501103	6.770622	0.000000	51.451722	2.319157
1038	46.503556	6.792325	0.000000	51.451722	2.362528
1039	46.512643	6.785560	0.000000	51.451722	2.343935
1040	46.507913	6.806621	0.000000	51.451722	2.345235
1041	46.514958	6.809497	0.000000	51.451722	2.364794
1042	46.526811	6.804835	0.000000	51.451722	2.356035
1043	46.524519	6.802647	0.000000	51.451722	2.342852
1044	46.521461	6.798790	0.000000	51.451722	2.331770
1045	46.518803	6.782184	0.000000	51.451722	2.355962
1046	46.520466	6.802741	0.000000	51.451722	2.331734
1047	46.517903	6.827700	0.000000	51.451722	2.329642
1048	46.520048	6.806872	0.000000	51.451722	2.351429
1049	46.528852	6.786459	0.000000	51.451722	2.357142
1050	46.530604	6.787550	0.000000	51.451722	2.363145
1051	46.528214	6.770981	0.000000	51.451722	2.340461
1052	46.532440	6.771599	0.000000	51.451722	2.350403
1053	46.528238	6.808150	0.000000	51.451722	2.350678
1054	46.529996	6.840216	0.000000	51.451722	2.337314
1055	46.534920	6.752435	0.000000	51.451722	2.362954
1056	46.522987	6.782998	0.000000	51.451722	2.327342
1057	46.521705	6.826959	0.000000	51.451722	2.362537
1058	46.529824	6.818840	0.000000	51.451722	2.331400
1059	46.535322	6.775225	0.000000	51.451722	2.341311
1060	46.532899	6.788564	0.000000	51.451722	2.360302
1061	46.533608	6.814797	0.000000	51.451722	2.334112
1062	46.536440	6.826811	0.000000	51.451722	2.369502
1063	46.539199	6.795462	0.000000	51.451722	2.338006
1064	46.538970	6.803978	0.000000	51.451722	2.326506
1065	46.535009	6.826611	0.000000	51.451722	2.370852
1066	46.534050	6.802771	0.000000	51.451722	2.324718
1067	46.535850	6.826665	0.000000	51.451722	2.372297
1068	46.537137	6.840846	0.000000	51.451722	2.327341
1069	46.541512	6.834691	0.000000	51.451722	2.332352
1070	46.538952	6.831220	0.000000	51.451722	2.379395
1071	46.537063	6.813973	0.000000	51.451722	2.327166
1072	46.534711	6.817331	0.000000	51.451722	2.368789
1073	46.540183	6.808737	0.000000	51.451722	2.329674
1074	46.541011	6.818034	0.000000	51.451722	2.322155
1075	46.543229	6.828270	0.000000	51.451722	2.360925
1076	46.542490	6.831057	0.000000	51.451722	2.335763
1077	46.540239	6.832143	0.000000	51.451722	2.332237
1078	46.542817	6.829776	0.000000	51.451722	2.376960
1079	46.541101	6.799994	0.000000	51.451722	2.333983
1080	46.543565	6.840532	0.000000	51.451722	2.340730
1081	46.545881	6.782392	0.000000	51.451722	2.345902
1082	46.545541	6.816246	0.000000	51.451722	2.324352
1083	46.544793	6.813605	0.000000	51.451722	2.381802
1084	46.541959	6.803037	0.000000	51.451722	2.330143
1085	46.545321	6.822256	0.000000	51.451722	2.373692
1086	46.546680	6.817023	0.000000	51.451722	2.331654
1087	46.539363	6.820555	0.000000	51.451722	2.378630
1088	46.538520	6.815494	0.000000	51.451722	2.322522
1089	46.540552	6.810610	0.000000	51.451722	2.322767
1090	46.544600	6.794800	0.000000	51.451722	2.361145
1091	46.542078	6.810166	0.000000	51.451722	2.339012
1092	46.539664	6.821027	0.000000	51.451722	2.318675
1093	46.540862	6.828641	0.000000	51.451722	2.387771
1094	46.539164	6.787743	0.000000	51.451722	2.328361
1095	46.532583	6.770690	0.000000	51.451722	2.360081
1096	46.535140	6.775589	0.000000	51.451722	2.333565
1097	46.541256	6.783232	0.000000	51.451722	2.335565
1098	46.544322	6.792368	0.000000	51.451722	2.373417
1099	46.542162	6.786396	0.000000	51.451722	2.324091
1100	46.544379	6.798052	0.000000	51.451722	2.381019
1101	46.540099	6.802693	0.000000	51.451722	2.323560
1102	46.547985	6.786607	0.000000	51.451722	2.335690
1103	46.544099	6.795895	0.000000	51.451722	2.375347
1104	46.544576	6.804988	0.000000	51.451722	2.321682
1105	46.545082	6.752258	0.000000	51.451722	2.383852
1106	46.543300	6.807352	0.000000	51.451722	2.329112
1107	46.546805	6.813146	0.000000	51.451722	2.362964
1108	46.552777	6.833189	0.131234	51.451722	2.337849
1109	46.551415	6.841729	0.000000	51.451722	2.331162
1110	46.549866	6.817189	0.000000	51.451722	2.365632
1111	46.549630	6.800592	0.000000	51.451722	2.327523
1112	46.543908	6.833626	0.000000	51.451722	2.349681
1113	46.546638	6.805862	0.000000	51.451722	2.359192
1114	46.550947	6.821456	0.000000	51.451722	2.354415
1115	46.549672	6.856017	0.000000	51.451722	2.351541
1116	46.545529	6.854006	0.000000	51.451722	2.373930
1117	46.547914	6.831187	0.000000	51.451722	2.330483
1118	46.548021	6.790098	0.000000	51.451722	2.334928
1119	46.552262	6.814205	0.000000	51.451722	2.355838
1120	46.549177	6.801839	0.000000	51.451722	2.337308
1121	46.553493	6.816129	0.000000	51.451722	2.364473
1122	46.549857	6.768523	0.000000	51.451722	2.342789
1123	46.557879	6.789953	0.000000	51.451722	2.332140
1124	46.565562	6.778988	0.000000	51.451722	2.338284
1125	46.562868	6.773872	0.000000	51.451722	2.347141
1126	46.561486	6.796257	0.000000	51.451722	2.337554
1127	46.562061	6.750497	0.000000	51.451722	2.341583
1128	46.555030	6.776668	0.000000	51.451722	2.343277
1129	46.557951	6.765635	0.000000	51.451722	2.375410
1130	46.556330	6.796322	0.000000	51.451722	2.328269
1131	46.557659	6.775669	0.000000	51.451722	2.334835
1132	46.557963	6.777267	0.000000	51.451722	2.335898
1133	46.564400	6.816214	0.000000	51.451722	2.340757
1134	46.562451	6.785959	0.000000	51.451722	2.336114
1135	46.559381	6.809172	0.000000	51.451722	2.346782
1136	46.557415	6.821033	0.000000	51.451722	2.338013
1137	46.556115	6.818127	0.000000	51.451722	2.343059
1138	46.555048	6.813480	0.000000	51.451722	2.324293
1139	46.559000	6.797499	0.000000	51.451722	2.357778
1140	46.558893	6.797608	0.131234	51.451722	2.335536
1141	46.559617	6.830566	0.000000	51.451722	2.350733
1142	46.557182	6.810278	0.000000	51.451722	2.334905
1143	46.553937	6.801673	0.000000	51.451722	2.330372
1144	46.555871	6.793810	0.000000	51.451722	2.360819
1145	46.560049	6.879931	0.000000	51.451722	2.344813
1146	46.563751	6.800507	0.000000	51.451722	2.359537
1147	46.557510	6.810347	0.000000	51.451722	2.352357
1148	46.552348	6.817665	0.000000	51.451722	2.358725
1149	46.559054	6.833828	0.000000	51.451722	2.339211
1150	46.561247	6.825220	0.000000	51.451722	2.351240
1151	46.562734	6.843229	0.131234	51.451722	2.348562
1152	46.553025	6.815235	0.000000	51.451722	2.323454
1153	46.552813	6.817555	0.000000	51.451722	2.320048
1154	46.561122	6.827498	0.000000	51.451722	2.319673
1155	46.552789	6.844516	0.000000	51.451722	2.362902
1156	46.552232	6.826237	0.000000	51.451722	2.324477
1157	46.548179	6.840313	0.000000	51.451722	2.310218
1158	46.550560	6.839479	0.000000	51.451722	2.338921
1159	46.554187	6.850299	0.000000	51.451722	2.358847
1160	46.557772	6.809717	0.000000	51.451722	2.313711
1161	46.556401	6.820831	0.000000	51.451722	2.327724
1162	46.557963	6.827881	0.000000	51.451722	2.359510
1163	46.566981	6.809020	0.131234	51.451722	2.316363
1164	46.566099	6.831601	0.000000	51.451722	2.322001
1165	46.564668	6.851619	0.000000	51.451722	2.345905
1166	46.562558	6.836905	0.000000	51.451722	2.346800
1167	46.565115	6.850181	0.000000	51.451722	2.323946
1168	46.565008	6.863072	0.000000	51.451722	2.327633
1169	46.564192	6.862065	0.000000	51.451722	2.331711
1170	46.570000	6.860990	0.000000	51.451722	2.347316
1171	46.571594	6.833115	0.000000	51.451722	2.332947
1172	46.562943	6.833736	0.000000	51.451722	2.338940
1173	46.565193	6.836727	0.000000	51.451722	2.350175
1174	46.569297	6.806865	0.000000	51.451722	2.328629
1175	46.563518	6.821628	0.000000	51.451722	2.331602
1176	46.562928	6.807902	0.000000	51.451722	2.356312
1177	46.569714	6.811472	0.000000	51.451722	2.310980
1178	46.565175	6.840329	0.000000	51.451722	2.316111
1179	46.568146	6.850454	0.000000	51.451722	2.340482
1180	46.565470	6.856153	0.000000	51.451722	2.349097
1181	46.559536	6.814692	0.000000	51.451722	2.322136
1182	46.563250	6.812086	0.000000	51.451722	2.349350
1183	46.563679	6.844404	0.000000	51.451722	2.330662
1184	46.570030	6.828551	0.000000	51.451722	2.321980
1185	46.564960	6.851421	0.000000	51.451722	2.326317
1186	46.565500	6.847345	0.131234	51.451722	2.335737
1187	46.567899	6.866775	0.000000	51.451722	2.356583
1188	46.567994	6.875043	0.000000	51.451722	2.333717
1189	46.567684	6.858161	0.000000	51.451722	2.332654
1190	46.568173	6.818617	0.000000	51.451722	2.340374
1191	46.565026	6.835580	0.000000	51.451722	2.332999
1192	46.566883	6.800391	0.000000	51.451722	2.324540
1193	46.567720	6.846682	0.131234	51.451722	2.363657
1194	46.569765	6.873170	0.131234	51.451722	2.340361
1195	46.573150	6.870258	0.131234	51.451722	2.347441
1196	46.575817	6.838652	0.131234	51.451722	2.348071
1197	46.573722	6.851115	0.000000	51.451722	2.310843
1198	46.565396	6.868920	0.131234	51.451722	2.316319
1199	46.564800	6.853779	0.131234	51.451722	2.343461
1200	46.567813	6.849880	0.000000	51.451722	2.340676
1201	46.562922	6.867259	0.000000	51.451722	2.328203
1202	46.564353	6.895056	0.000000	51.451722	2.362709
1203	46.566242	6.875890	0.131234	51.451722	2.339697
1204	46.565878	6.857665	0.000000	51.451722	2.320298
1205	46.567142	6.850745	0.131234	51.451722	2.346447
1206	46.574491	6.846689	0.000000	51.451722	2.340983
1207	46.570158	6.841926	0.000000	51.451722	2.326990
1208	46.576658	6.844171	0.000000	51.451722	2.361970
1209	46.568561	6.837962	0.000000	51.451722	2.345585
1210	46.564716	6.831957	0.000000	51.451722	2.332479
1211	46.570808	6.840392	0.000000	51.451722	2.374837
1212	46.574301	6.803511	0.000000	51.451722	2.330626
1213	46.572912	6.849146	0.000000	51.451722	2.358153
1214	46.569112	6.852724	0.000000	51.451722	2.332538
1215	46.570396	6.842562	0.000000	51.451722	2.336929
1216	46.565831	6.833807	0.000000	51.451722	2.369008
1217	46.568549	6.831001	0.000000	51.451722	2.325115
1218	46.572566	6.798058	0.000000	51.451722	2.354897
1219	46.576434	6.810350	0.000000	51.451722	2.343843
1220	46.574610	6.823112	0.131234	51.451722	2.330237
1221	46.578628	6.802353	0.131234	51.451722	2.355424
1222	46.572453	6.818429	0.131234	51.451722	2.327055
1223	46.577340	6.813278	0.000000	51.451722	2.336501
1224	46.578339	6.796515	0.000000	51.451722	2.369981
1225	46.579859	6.809808	0.000000	51.451722	2.329960
1226	46.571791	6.788676	0.000000	51.451722	2.343860
1227	46.574670	6.819869	0.000000	51.451722	2.349391
1228	46.571141	6.831587	0.000000	51.451722	2.336438
1229	46.573418	6.845891	0.000000	51.451722	2.355946
1230	46.576732	6.846526	0.000000	51.451722	2.338237
1231	46.576467	6.852251	0.000000	51.451722	2.340863
1232	46.578991	6.808636	0.000000	51.451722	2.367159
1233	46.570414	6.812960	0.000000	51.451722	2.327589
1234	46.574080	6.796139	0.000000	51.451722	2.367591
1235	46.578336	6.847708	0.000000	51.451722	2.323634
1236	46.581632	6.815742	0.000000	51.451722	2.329660
1237	46.580082	6.806901	0.000000	51.451722	2.359002
1238	46.577430	6.775543	0.000000	51.451722	2.335057
1239	46.577191	6.791660	0.000000	51.451722	2.382061
1240	46.571332	6.758884	0.131234	51.451722	2.333839
1241	46.571559	6.798347	0.000000	51.451722	2.377815
1242	46.572059	6.795172	0.000000	51.451722	2.329348
1243	46.576869	6.815045	0.000000	51.451722	2.327925
1244	46.572861	6.791161	0.000000	51.451722	2.374267
1245	46.573877	6.831766	0.131234	51.451722	2.319551
1246	46.574751	6.819904	0.000000	51.451722	2.354700
1247	46.580893	6.791613	0.000000	51.451722	2.363408
1248	46.576273	6.821491	0.000000	51.451722	2.355138
1249	46.584392	6.804571	0.000000	51.451722	2.347931
1250	46.573907	6.834479	0.000000	51.451722	2.314316
1251	46.571547	6.832456	0.000000	51.451722	2.376498
1252	46.576831	6.825038	0.000000	51.451722	2.344692
1253	46.579966	6.804551	0.000000	51.451722	2.343314
1254	46.577477	6.765777	0.000000	51.451722	2.358720
1255	46.574557	6.770736	0.000000	51.451722	2.333595
1256	46.578610	6.777711	0.000000	51.451722	2.356840
1257	46.578610	6.748399	0.000000	51.451722	2.330629
1258	46.576738	6.746958	0.000000	51.451722	2.330613
1259	46.570823	6.755748	0.000000	51.451722	2.377396
1260	46.577692	6.752173	0.000000	51.451722	2.344828
1261	46.576416	6.773948	0.000000	51.451722	2.368711
1262	46.570864	6.761940	0.000000	51.451722	2.360131
1263	46.570283	6.763861	0.000000	51.451722	2.343021
1264	46.577182	6.815127	0.000000	51.451722	2.339168
1265	46.574321	6.772799	0.000000	51.451722	2.342894
1266	46.575403	6.799502	0.000000	51.451722	2.338546
1267	46.575400	6.800504	0.000000	51.451722	2.362158
1268	46.578023	6.783677	0.000000	51.451722	2.347338
1269	46.578899	6.792246	0.000000	51.451722	2.342161
1270	46.579152	6.796620	0.000000	51.451722	2.363799
1271	46.582371	6.798775	0.000000	51.451722	2.339778
1272	46.575147	6.816521	0.000000	51.451722	2.347631
1273	46.580234	6.799550	0.000000	51.451722	2.337219
1274	46.579707	6.753835	0.000000	51.451722	2.334521
1275	46.579337	6.806909	0.000000	51.451722	2.372661
1276	46.580327	6.795295	0.000000	51.451722	2.336757
1277	46.582901	6.766653	0.000000	51.451722	2.373141
1278	46.580642	6.810180	0.000000	51.451722	2.328342
1279	46.582407	6.803766	0.000000	51.451722	2.369170
1280	46.586269	6.789685	0.000000	51.451722	2.327639
1281	46.589124	6.807024	0.000000	51.451722	2.331441
1282	46.589568	6.781360	0.000000	51.451722	2.376710
1283	46.592250	6.817596	0.000000	51.451722	2.330582
1284	46.587229	6.834678	0.000000	51.451722	2.362022
1285	46.586305	6.821790	0.000000	51.451722	2.330716
1286	46.582097	6.799620	0.131234	51.451722	2.325277
1287	46.590701	6.815153	0.131234	51.451722	2.381193
1288	46.588027	6.803083	0.000000	51.451722	2.317032
1289	46.579745	6.804869	0.131234	51.451722	2.356256
1290	46.582544	6.831444	0.000000	51.451722	2.360948
1291	46.583721	6.816171	0.000000	51.451722	2.342111
1292	46.583849	6.815637	0.000000	51.451722	2.362970
1293	46.581811	6.840357	0.000000	51.451722	2.314955
1294	46.583796	6.835853	0.000000	51.451722	2.345232
1295	46.581766	6.838962	0.131234	51.451722	2.367658
1296	46.583799	6.828635	0.000000	51.451722	2.335797
1297	46.589214	6.818828	0.131234	51.451722	2.367818
1298	46.591288	6.822635	0.131234	51.451722	2.344564
1299	46.583682	6.794357	0.000000	51.451722	2.357392
1300	46.581823	6.832820	0.131234	51.451722	2.332024
1301	46.586582	6.820454	0.131234	51.451722	2.333277
1302	46.578607	6.807694	0.000000	51.451722	2.366423
1303	46.584776	6.818812	0.000000	51.451722	2.341874
1304	46.579808	6.800326	0.131234	51.451722	2.352577
1305	46.580446	6.819824	0.000000	51.451722	2.343821
1306	46.579617	6.793360	0.000000	51.451722	2.339012
1307	46.579710	6.809791	0.000000	51.451722	2.350156
1308	46.582210	6.811940	0.131234	51.451722	2.326770
1309	46.586135	6.829211	0.131234	51.451722	2.360312
1310	46.587849	6.778144	0.000000	51.451722	2.347955
1311	46.585220	6.745245	0.000000	51.451722	2.350587
1312	46.582210	6.780135	0.000000	51.451722	2.340593
1313	46.590754	6.783033	0.000000	51.451722	2.345252
1314	46.585205	6.784557	0.000000	51.451722	2.339056
1315	46.588004	6.802779	0.131234	51.451722	2.339447
1316	46.580270	6.813036	0.000000	51.451722	2.332798
1317	46.587074	6.799817	0.000000	51.451722	2.331838
1318	46.586606	6.798463	0.131234	51.451722	2.360895
1319	46.586061	6.832540	0.000000	51.451722	2.358866
1320	46.586972	6.776462	0.000000	51.451722	2.351134
1321	46.585375	6.761203	0.131234	51.451722	2.334503
1322	46.588340	6.790536	0.000000	51.451722	2.343364
1323	46.582568	6.761236	0.131234	51.451722	2.348744
1324	46.582934	6.776688	0.000000	51.451722	2.349801
1325	46.585178	6.768211	0.000000	51.451722	2.344135
1326	46.573287	6.755444	0.000000	51.451722	2.339795
1327	46.581626	6.756829	0.131234	51.451722	2.372504
1328	46.585441	6.765293	0.000000	51.451722	2.331223
1329	46.582109	6.770539	0.000000	51.451722	2.361684
1330	46.587515	6.781474	0.000000	51.451722	2.324790
1331	46.588343	6.739898	0.000000	51.451722	2.345175
1332	46.586272	6.751775	0.000000	51.451722	2.342106
1333	46.584296	6.778878	0.000000	51.451722	2.343466
1334	46.583804	6.746419	0.000000	51.451722	2.129467
1335	46.630812	6.771120	0.000000	51.451722	2.145990
1336	46.633852	6.771689	0.000000	51.451722	2.143346
1337	46.633756	6.778297	0.000000	51.451722	2.172511
1338	46.633920	6.777149	0.000000	51.451722	2.153299
1339	46.634316	6.776299	0.000000	51.451722	2.196512
1340	46.634570	6.775471	0.000000	51.451722	2.143612
1341	46.634531	6.776405	0.000000	51.451722	2.161851
1342	46.634462	6.776383	0.000000	51.451722	2.184685
1343	46.634620	6.776000	0.000000	51.451722	2.128362
1344	46.634632	6.776924	0.000000	51.451722	2.119893
1345	46.634626	6.777960	0.000000	51.451722	2.179570
1346	46.634468	6.778142	0.000000	51.451722	2.132516
1347	46.634457	6.778266	0.000000	51.451722	2.168960
1348	46.634352	6.778973	0.000000	51.451722	2.124750
1349	46.634281	6.778714	0.000000	51.451722	2.177731
1350	46.634245	6.778587	0.000000	51.451722	2.134918
1351	46.634269	6.778731	0.000000	51.451722	2.186518
1352	46.634209	6.779309	0.000000	51.451722	2.124294
1353	46.634209	6.779309	0.000000	51.451722	2.129841
1354	46.634209	6.779309	0.000000	51.451722	2.141899
1355	46.634209	6.779309	0.000000	51.451722	2.144222
1356	46.634209	6.779309	0.000000	51.451722	2.155618
1357	46.634209	6.779309	0.000000	51.451722	2.117233
1358	46.634209	6.779309	0.000000	51.451722	2.166664
1359	46.634209	6.779309	0.000000	51.451722	2.190137
1360	46.634209	6.779309	0.000000	51.451722	2.187791
1361	46.634209	6.779309	0.000000	51.451722	2.117206
1362	46.634209	6.779309	0.000000	51.451722	2.153405
1363	46.634209	6.779309	0.000000	51.451722	2.156113
1364	46.634209	6.779309	0.000000	51.451722	2.156444
1365	46.634209	6.779309	0.000000	51.451722	2.116253
1366	46.634209	6.779309	0.000000	51.451722	2.163689
1367	46.634209	6.779309	0.000000	51.451722	2.200054
1368	46.634209	6.779309	0.000000	51.451722	2.188073
1369	46.634209	6.779309	0.000000	51.451722	2.128382
1370	46.634209	6.779309	0.000000	51.451722	2.149075
1371	46.634209	6.779309	0.000000	51.451722	2.144085
1372	46.634209	6.779309	0.000000	51.451722	2.137458
1373	46.634209	6.779309	0.000000	51.451722	2.134138
1374	46.634209	6.779309	0.000000	51.451722	2.147308
1375	46.634209	6.779309	0.000000	51.451722	2.193628
1376	46.634209	6.779309	0.000000	51.451722	2.174540
1377	46.634209	6.779309	0.000000	51.451722	2.125899
1378	46.634209	6.779309	0.000000	51.451722	2.127975
1379	46.634209	6.779309	0.000000	51.451722	2.189357
1380	46.634209	6.779309	0.000000	51.451722	2.155729
1381	46.634209	6.779309	0.000000	51.451722	2.120683
1382	46.634209	6.779309	0.000000	51.451722	2.156491
1383	46.634209	6.779309	0.000000	51.451722	2.193449
1384	46.634209	6.779309	0.000000	51.451722	2.174747
1385	46.634209	6.779309	0.000000	51.451722	2.125449
1386	46.634209	6.779309	0.000000	51.451722	2.118166
1387	46.634209	6.779309	0.000000	51.451722	2.189413
1388	46.634209	6.779309	0.000000	51.451722	2.126949
1389	46.634209	6.779309	0.000000	51.451722	2.147270
1390	46.634209	6.779309	0.000000	51.451722	2.140042
