1	25.436366	1.343177	0.000000	51.451722	2.321570
2	31.974959	2.685528	0.000000	51.451722	2.317109
3	36.228716	3.363279	0.000000	51.451722	2.359827
4	38.678870	3.939290	0.000000	51.451722	2.329704
5	40.204710	4.327591	0.000000	51.451722	2.327105
6	41.176844	4.637179	0.000000	51.451722	2.356539
7	41.895926	4.922641	0.000000	51.451722	2.340110
8	42.392123	5.149168	0.131234	51.451722	2.327884
9	42.771071	5.258463	0.131234	51.451722	2.371735
10	43.048197	5.538623	0.000000	51.451722	2.316799
11	43.254101	5.637343	0.000000	51.451722	2.330091
12	43.415362	5.710842	0.000000	51.451722	2.346262
13	43.549833	5.733091	0.000000	51.451722	2.343446
14	43.699086	5.784880	0.000000	51.451722	2.330209
15	43.788767	5.816458	0.000000	51.451722	2.360049
16	43.859422	5.839076	0.000000	51.451722	2.334861
17	43.939799	5.841724	0.000000	51.451722	2.354095
18	44.017112	5.905044	0.000000	51.451722	2.356860
19	44.072914	5.919070	0.000000	51.451722	2.342942
20	44.121572	5.886989	0.000000	51.451722	2.371176
21	44.173104	5.933433	0.000000	51.451722	2.339367
22	44.199142	6.090389	0.000000	51.451722	2.383751
23	44.238755	6.072104	0.000000	51.451722	2.354079
24	44.278419	5.988409	0.000000	51.451722	2.358603
25	44.305891	6.089261	0.000000	51.451722	2.337850
26	44.328308	6.121827	0.000000	51.451722	2.360570
27	44.358030	6.338595	0.000000	51.451722	2.354657
28	44.388467	6.313098	0.000000	51.451722	2.363476
29	44.415697	6.376771	0.000000	51.451722	2.374936
30	44.428068	6.371743	0.000000	51.451722	2.337180
31	44.452047	6.351248	0.000000	51.451722	2.388364
32	44.480258	6.417666	0.000000	51.451722	2.329574
33	44.516504	6.406252	0.000000	51.451722	2.373776
34	44.523716	6.460501	0.000000	51.451722	2.333419
35	44.551361	6.486541	0.000000	51.451722	2.354388
36	44.551951	6.435338	0.000000	51.451722	2.356483
37	44.567466	6.499333	0.000000	51.451722	2.336049
38	44.595081	6.513209	0.000000	51.451722	2.378510
39	44.590202	6.518119	0.000000	51.451722	2.319633
40	44.602090	6.664998	0.000000	51.451722	2.356873
41	44.607559	6.647490	0.000000	51.451722	2.342289
42	44.611317	6.567639	0.000000	51.451722	2.333153
43	44.640622	6.566956	0.000000	51.451722	2.365739
44	44.642770	6.694320	0.000000	51.451722	2.341530
45	44.627228	6.702866	0.000000	51.451722	2.346377
46	44.630244	6.742678	0.000000	51.451722	2.355200
47	44.649279	6.759003	0.000000	51.451722	2.342508
48	44.664326	6.817631	0.000000	51.451722	2.350364
49	44.678128	6.862014	0.000000	51.451722	2.345991
50	44.685277	6.901528	0.000000	51.451722	2.352876
51	44.688883	6.805421	0.000000	51.451722	2.334606
52	44.709599	6.858425	0.000000	51.451722	2.359582
53	44.710657	6.881814	0.000000	51.451722	2.342195
54	44.731808	6.905351	0.000000	51.451722	2.331095
55	44.744518	7.008571	0.000000	51.451722	2.339412
56	44.748652	6.975603	0.000000	51.451722	2.353316
57	44.747734	7.016061	0.000000	51.451722	2.338013
58	44.751853	7.100286	0.000000	51.451722	2.359101
59	44.754842	7.074299	0.000000	51.451722	2.340829
60	44.765270	7.115576	0.000000	51.451722	2.363339
61	44.781283	7.237654	0.000000	51.451722	2.337872
62	44.773352	7.235340	0.000000	51.451722	2.353148
63	44.787773	7.188186	0.000000	51.451722	2.337052
64	44.816363	7.170418	0.000000	51.451722	2.337146
65	44.840354	7.184629	0.000000	51.451722	2.366045
66	44.848937	7.197876	0.000000	51.451722	2.335564
67	44.874838	7.147515	0.000000	51.451722	2.365273
68	44.877103	7.322456	0.000000	51.451722	2.331278
69	44.882780	7.314147	0.000000	51.451722	2.340014
70	44.892401	7.281708	0.000000	51.451722	2.348248
71	44.887727	7.331679	0.000000	51.451722	2.325947
72	44.907922	7.354216	0.000000	51.451722	2.341039
73	44.927412	7.344803	0.000000	51.451722	2.343150
74	44.931695	7.452748	0.000000	51.451722	2.333770
75	44.939882	7.447389	0.000000	51.451722	2.344217
76	44.954228	7.551516	0.000000	51.451722	2.330299
77	44.948649	7.459273	0.000000	51.451722	2.342161
78	44.958031	7.485798	0.000000	51.451722	2.325021
79	44.948095	7.395476	0.000000	51.451722	2.323332
80	44.967240	7.487041	0.000000	51.451722	2.361806
81	44.964588	7.586103	0.000000	51.451722	2.331936
82	44.965631	7.513203	0.000000	51.451722	2.333375
83	44.987863	7.538172	0.000000	51.451722	2.372057
84	44.999921	7.547293	0.000000	51.451722	2.319784
85	45.010376	7.570122	0.000000	51.451722	2.359035
86	44.996578	7.620315	0.000000	51.451722	2.339527
87	45.005727	7.637706	0.000000	51.451722	2.314033
88	45.003802	7.523810	0.000000	51.451722	2.335217
89	45.010841	7.485240	0.000000	51.451722	2.368757
90	45.002475	7.559991	0.000000	51.451722	2.321247
91	45.016441	7.525032	0.000000	51.451722	2.329607
92	45.050225	7.569573	0.000000	51.451722	2.347580
93	45.037919	7.636448	0.000000	51.451722	2.315342
94	45.039210	7.540762	0.000000	51.451722	2.323202
95	45.048296	7.590341	0.000000	51.451722	2.366877
96	45.054790	7.593531	0.000000	51.451722	2.327792
97	45.060396	7.619694	0.000000	51.451722	2.324914
98	45.060235	7.691090	0.000000	51.451722	2.325632
99	45.054328	7.687380	0.000000	51.451722	2.345189
100	45.071918	7.697844	0.000000	51.451722	2.327768
101	45.070723	7.821598	0.000000	51.451722	2.324197
102	45.082942	7.779645	0.000000	51.451722	2.316569
103	45.101854	7.754120	0.000000	51.451722	2.351366
104	45.108506	7.707779	0.000000	51.451722	2.341725
105	45.105946	7.734423	0.000000	51.451722	2.307504
106	45.102295	7.748021	0.000000	51.451722	2.324612
107	45.087326	7.685690	0.000000	51.451722	2.352027
108	45.091814	7.688003	0.000000	51.451722	2.334635
109	45.109236	7.740060	0.000000	51.451722	2.321891
110	45.109856	7.799842	0.000000	51.451722	2.354365
111	45.114261	7.790080	0.000000	51.451722	2.335940
112	45.126450	7.739455	0.000000	51.451722	2.317378
113	45.131648	7.808766	0.000000	51.451722	2.316083
114	45.149618	7.870953	0.000000	51.451722	2.308398
115	45.144778	7.938928	0.000000	51.451722	2.314050
116	45.147437	7.974895	0.000000	51.451722	2.314468
117	45.160311	7.964710	0.000000	51.451722	2.350793
118	45.164770	7.978502	0.000000	51.451722	2.306052
119	45.172352	8.013874	0.000000	51.451722	2.312132
120	45.177507	7.976872	0.000000	51.451722	2.331307
121	45.200366	8.049834	0.000000	51.451722	2.310002
122	45.198822	8.060810	0.000000	51.451722	2.333056
123	45.208845	8.061197	0.000000	51.451722	2.324368
124	45.203745	8.045427	0.000000	51.451722	2.342509
125	45.218953	8.013696	0.000000	51.451722	2.316308
126	45.227280	8.129456	0.000000	51.451722	2.329620
127	45.245212	8.066979	0.000000	51.451722	2.320978
128	45.251122	8.169955	0.000000	51.451722	2.336703
129	45.258677	8.105484	0.000000	51.451722	2.333680
130	45.266899	8.153766	0.000000	51.451722	2.324272
131	45.267725	8.130189	0.000000	51.451722	2.307690
132	45.261270	8.176633	0.000000	51.451722	2.318971
133	45.278555	8.167930	0.000000	51.451722	2.318742
134	45.280102	8.091883	0.000000	51.451722	2.327389
135	45.280677	8.176400	0.000000	51.451722	2.320131
136	45.267522	8.157774	0.000000	51.451722	2.329873
137	45.268577	8.130047	0.000000	51.451722	2.321081
138	45.287663	8.172783	0.000000	51.451722	2.327237
139	45.298624	8.188955	0.000000	51.451722	2.331094
140	45.278805	8.201518	0.000000	51.451722	2.336824
141	45.293993	8.300144	0.000000	51.451722	2.307083
142	45.319360	8.365841	0.000000	51.451722	2.320605
143	45.333260	8.354304	0.000000	51.451722	2.321845
144	45.319366	8.360958	0.000000	51.451722	2.315320
145	45.323831	8.367896	0.000000	51.451722	2.327415
146	45.329833	8.386642	0.000000	51.451722	2.337719
147	45.330817	8.383827	0.000000	51.451722	2.328093
148	45.341572	8.335216	0.000000	51.451722	2.334432
149	45.351028	8.334923	0.000000	51.451722	2.335163
150	45.337158	8.361571	0.000000	51.451722	2.330574
151	45.350373	8.395865	0.000000	51.451722	2.315480
152	45.366788	8.440871	0.000000	51.451722	2.329488
153	45.364326	8.405577	0.000000	51.451722	2.352535
154	45.373681	8.391457	0.000000	51.451722	2.327321
155	45.371753	8.410117	0.000000	51.451722	2.319645
156	45.379058	8.538786	0.000000	51.451722	2.352587
157	45.371026	8.545197	0.000000	51.451722	2.334357
158	45.378599	8.566303	0.000000	51.451722	2.332025
159	45.368266	8.530462	0.000000	51.451722	2.324375
160	45.359391	8.524237	0.000000	51.451722	2.321648
161	45.364451	8.554378	0.000000	51.451722	2.339361
162	45.374054	8.531892	0.000000	51.451722	2.344403
163	45.387495	8.495155	0.000000	51.451722	2.320079
164	45.374712	8.479382	0.000000	51.451722	2.331617
165	45.354629	8.563184	0.000000	51.451722	2.336861
166	45.377016	8.479784	0.000000	51.451722	2.327489
167	45.379245	8.465312	0.000000	51.451722	2.320938
168	45.384052	8.499515	0.000000	51.451722	2.374219
169	45.386147	8.547153	0.000000	51.451722	2.316890
170	45.391160	8.589860	0.000000	51.451722	2.324136
171	45.387632	8.566160	0.000000	51.451722	2.326476
172	45.377502	8.534862	0.000000	51.451722	2.323032
173	45.393106	8.554286	0.000000	51.451722	2.343237
174	45.372427	8.632857	0.000000	51.451722	2.336033
175	45.355868	8.655747	0.000000	51.451722	2.341420
176	45.375249	8.711675	0.000000	51.451722	2.354742
177	45.384395	8.720225	0.000000	51.451722	2.330663
178	45.370799	8.647712	0.000000	51.451722	2.344419
179	45.374256	8.616403	0.000000	51.451722	2.351207
180	45.379794	8.658323	0.000000	51.451722	2.318036
181	45.377803	8.546353	0.000000	51.451722	2.360444
182	45.370311	8.559045	0.000000	51.451722	2.346678
183	45.371547	8.704066	0.000000	51.451722	2.329310
184	45.386052	8.767372	0.000000	51.451722	2.369447
185	45.379168	8.695815	0.000000	51.451722	2.314102
186	45.396394	8.708594	0.000000	51.451722	2.342016
187	45.392066	8.674139	0.000000	51.451722	2.360229
188	45.411426	8.741687	0.000000	51.451722	2.324268
189	45.406675	8.825902	0.000000	51.451722	2.364775
190	45.379251	8.786152	0.000000	51.451722	2.349037
191	45.385504	8.792740	0.000000	51.451722	2.348896
192	45.410907	8.793495	0.000000	51.451722	2.349305
193	45.410559	8.762881	0.000000	51.451722	2.318234
194	45.399553	8.829454	0.000000	51.451722	2.332617
195	45.409730	8.885446	0.000000	51.451722	2.362738
196	45.409977	8.947853	0.000000	51.451722	2.314214
197	45.411730	8.936620	0.000000	51.451722	2.337770
198	45.426655	8.936945	0.000000	51.451722	2.378720
199	45.438835	8.952165	0.000000	51.451722	2.347104
200	45.424861	8.993890	0.000000	51.451722	2.351849
201	45.428121	9.039917	0.000000	51.451722	2.322078
202	45.429128	9.030617	0.000000	51.451722	2.359279
203	45.416224	9.047697	0.000000	51.451722	2.348757
204	45.406729	8.913072	0.000000	51.451722	2.333514
205	45.406884	8.928882	0.000000	51.451722	2.369110
206	45.415616	8.897917	0.000000	51.451722	2.340708
207	45.422712	8.876906	0.000000	51.451722	2.366288
208	45.426220	8.838251	0.000000	51.451722	2.332456
209	45.423281	8.908974	0.000000	51.451722	2.337320
210	45.415342	8.928489	0.000000	51.451722	2.355042
211	45.413673	8.835709	0.000000	51.451722	2.343279
212	45.422125	8.896643	0.000000	51.451722	2.364629
213	45.413691	8.964797	0.000000	51.451722	2.353359
214	45.408177	8.965335	0.000000	51.451722	2.350599
215	45.416045	9.037734	0.000000	51.451722	2.341327
216	45.433179	9.077687	0.000000	51.451722	2.354743
217	45.425671	9.020448	0.000000	51.451722	2.343682
218	45.440936	9.057843	0.000000	51.451722	2.350578
219	45.418531	8.999416	0.000000	51.451722	2.348371
220	45.440277	9.061516	0.000000	51.451722	2.332850
221	45.427698	9.152224	0.000000	51.451722	2.378198
222	45.438141	9.174225	0.000000	51.451722	2.327590
223	45.434231	9.180803	0.000000	51.451722	2.366688
224	45.438612	9.169723	0.000000	51.451722	2.326048
225	45.443249	9.084693	0.000000	51.451722	2.344303
226	45.434570	9.103710	0.000000	51.451722	2.367287
227	45.429230	9.161840	0.000000	51.451722	2.327396
228	45.436004	9.159037	0.000000	51.451722	2.362621
229	45.431364	9.161107	0.000000	51.451722	2.337416
230	45.436054	9.148399	0.000000	51.451722	2.376606
231	45.425087	9.101169	0.000000	51.451722	2.333990
232	45.425013	9.047043	0.000000	51.451722	2.333584
233	45.442134	9.149129	0.000000	51.451722	2.376724
234	45.433712	9.159115	0.000000	51.451722	2.326043
235	45.428932	9.177968	0.000000	51.451722	2.371730
236	45.434421	9.240785	0.000000	51.451722	2.325807
237	45.432216	9.259377	0.000000	51.451722	2.344500
238	45.446074	9.261336	0.000000	51.451722	2.365599
239	45.433372	9.202864	0.000000	51.451722	2.322344
240	45.427442	9.197774	0.000000	51.451722	2.377985
241	45.426881	9.150380	0.000000	51.451722	2.340633
242	45.442957	9.167001	0.000000	51.451722	2.371790
243	45.451456	9.255022	0.000000	51.451722	2.339546
244	45.453161	9.140109	0.000000	51.451722	2.350904
245	45.458102	9.092323	0.000000	51.451722	2.347964
246	45.468771	9.171756	0.000000	51.451722	2.367760
247	45.470428	9.183760	0.000000	51.451722	2.329469
248	45.479167	9.223447	0.000000	51.451722	2.345930
249	45.479500	9.187049	0.000000	51.451722	2.359838
250	45.468909	9.222506	0.000000	51.451722	2.333827
251	45.465505	9.233884	0.000000	51.451722	2.354095
252	45.467740	9.265395	0.000000	51.451722	2.333592
253	45.468485	9.294019	0.000000	51.451722	2.342603
254	45.461637	9.340562	0.000000	51.451722	2.349738
255	45.473361	9.413298	0.000000	51.451722	2.335463
256	45.476767	9.366157	0.000000	51.451722	2.354202
257	45.481578	9.408695	0.000000	51.451722	2.346874
258	45.476961	9.366498	0.000000	51.451722	2.337288
259	45.486051	9.359795	0.000000	51.451722	2.347414
260	45.480835	9.398281	0.000000	51.451722	2.343694
261	45.473406	9.457937	0.000000	51.451722	2.359359
262	45.469594	9.479406	0.000000	51.451722	2.352082
263	45.479906	9.479128	0.000000	51.451722	2.354956
264	45.477933	9.495129	0.000000	51.451722	2.353519
265	45.488408	9.486817	0.000000	51.451722	2.334194
266	45.496014	9.491188	0.000000	51.451722	2.349753
267	45.488226	9.538064	0.000000	51.451722	2.334786
268	45.488179	9.498231	0.000000	51.451722	2.342811
269	45.484775	9.503350	0.000000	51.451722	2.365073
270	45.500779	9.492617	0.000000	51.451722	2.325584
271	45.495987	9.503152	0.000000	51.451722	2.366742
272	45.515656	9.620021	0.000000	51.451722	2.342428
273	45.512962	9.554546	0.000000	51.451722	2.369966
274	45.529875	9.500417	0.000000	51.451722	2.334172
275	45.530659	9.481585	0.000000	51.451722	2.345029
276	45.514536	9.453555	0.000000	51.451722	2.364387
277	45.522693	9.507427	0.000000	51.451722	2.329495
278	45.525533	9.531098	0.000000	51.451722	2.361379
279	45.521650	9.545158	0.000000	51.451722	2.348889
280	45.519888	9.527663	0.000000	51.451722	2.348531
281	45.499334	9.534970	0.000000	51.451722	2.354747
282	45.499912	9.472411	0.000000	51.451722	2.350959
283	45.511699	9.535307	0.000000	51.451722	2.347976
284	45.526689	9.567268	0.000000	51.451722	2.335013
285	45.524368	9.655206	0.000000	51.451722	2.356394
286	45.520952	9.547263	0.000000	51.451722	2.346265
287	45.516795	9.584054	0.000000	51.451722	2.341203
288	45.515093	9.709202	0.131234	51.451722	2.349293
289	45.514405	9.722377	0.131234	51.451722	2.336229
290	45.531631	9.626913	0.000000	51.451722	2.333730
291	45.542419	9.759062	0.000000	51.451722	2.355881
292	45.523202	9.747401	0.000000	51.451722	2.340774
293	45.527813	9.697838	0.000000	51.451722	2.348522
294	45.532677	9.644207	0.000000	51.451722	2.341189
295	45.533770	9.777281	0.000000	51.451722	2.334802
296	45.519653	9.769054	0.131234	51.451722	2.366864
297	45.518529	9.757620	0.000000	51.451722	2.337569
298	45.527694	9.736501	0.000000	51.451722	2.339081
299	45.536944	9.764381	0.000000	51.451722	2.347883
300	45.537007	9.811555	0.000000	51.451722	2.375777
301	45.513386	9.868497	0.131234	51.451722	2.328678
302	45.530567	9.755091	0.000000	51.451722	2.341550
303	45.529839	9.815316	0.000000	51.451722	2.361309
304	45.538354	9.765056	0.131234	51.451722	2.339270
305	45.542723	9.684123	0.000000	51.451722	2.364007
306	45.528364	9.709935	0.000000	51.451722	2.329887
307	45.523566	9.717845	0.000000	51.451722	2.378386
308	45.531937	9.825180	0.131234	51.451722	2.335927
309	45.538837	9.853479	0.000000	51.451722	2.371432
310	45.535827	9.847618	0.131234	51.451722	2.328614
311	45.535904	9.900337	0.000000	51.451722	2.337435
312	45.532998	9.887411	0.131234	51.451722	2.352944
313	45.542830	9.918112	0.000000	51.451722	2.339793
314	45.519614	9.935989	0.000000	51.451722	2.348660
315	45.533052	9.900204	0.000000	51.451722	2.354460
316	45.527184	9.948094	0.000000	51.451722	2.355784
317	45.522714	9.892533	0.000000	51.451722	2.347242
318	45.526403	9.863074	0.131234	51.451722	2.324404
319	45.518428	9.923808	0.131234	51.451722	2.382056
320	45.527941	9.864877	0.131234	51.451722	2.322198
321	45.539987	9.919327	0.000000	51.451722	2.349424
322	45.543492	9.928945	0.131234	51.451722	2.375848
323	45.544335	9.959977	0.131234	51.451722	2.361992
324	45.528305	10.033298	0.131234	51.451722	2.352433
325	45.542824	9.989840	0.000000	51.451722	2.323509
326	45.532262	9.910786	0.000000	51.451722	2.350734
327	45.544094	9.957345	0.000000	51.451722	2.349617
328	45.553550	9.997036	0.131234	51.451722	2.334768
329	45.550138	10.073727	0.131234	51.451722	2.356494
330	45.542955	10.016446	0.131234	51.451722	2.339395
331	45.544434	9.945022	0.000000	51.451722	2.346122
332	45.544642	10.103700	0.131234	51.451722	2.355709
333	45.544815	10.149437	0.000000	51.451722	2.349855
334	45.557114	10.157060	0.000000	51.451722	2.338859
335	45.560855	10.159845	0.000000	51.451722	2.339512
336	45.548472	10.125485	0.000000	51.451722	2.344131
337	45.567876	10.104179	0.000000	51.451722	2.343930
338	45.559686	10.039294	0.000000	51.451722	2.317173
339	45.540971	10.026277	0.000000	51.451722	2.335276
340	45.559990	10.203093	0.131234	51.451722	2.350815
341	45.557135	10.266292	0.000000	51.451722	2.319017
342	45.561165	10.189492	0.000000	51.451722	2.344930
343	45.549393	10.230960	0.000000	51.451722	2.370879
344	45.564318	10.113214	0.000000	51.451722	2.319875
345	45.549697	10.205341	0.000000	51.451722	2.384548
346	45.546210	10.206595	0.000000	51.451722	2.319942
347	45.564741	10.176189	0.000000	51.451722	2.354358
348	45.561376	10.193874	0.000000	51.451722	2.358168
349	45.552540	10.219047	0.000000	51.451722	2.319755
350	45.551342	10.254443	0.000000	51.451722	2.353743
351	45.551676	10.275398	0.131234	51.451722	2.351126
352	45.540428	10.318057	0.000000	51.451722	2.333637
353	45.554817	10.329304	0.000000	51.451722	2.361251
354	45.561826	10.334372	0.131234	51.451722	2.318311
355	45.562488	10.393452	0.000000	51.451722	2.330681
356	45.573696	10.347920	0.000000	51.451722	2.358592
357	45.551723	10.391642	0.000000	51.451722	2.318537
358	45.537210	10.367028	0.000000	51.451722	2.354557
359	45.549208	10.281722	0.000000	51.451722	2.364769
360	45.540482	10.316471	0.000000	51.451722	2.356085
361	45.544422	10.281448	0.131234	51.451722	2.354632
362	45.567274	10.232696	0.131234	51.451722	2.340503
363	45.567212	10.327828	0.131234	51.451722	2.348247
364	45.560956	10.277937	0.000000	51.451722	2.338174
365	45.563930	10.317755	0.000000	51.451722	2.343102
366	45.572287	10.335792	0.000000	51.451722	2.361877
367	45.578498	10.329225	0.000000	51.451722	2.332030
368	45.586053	10.367780	0.000000	51.451722	2.339527
369	45.570320	10.320642	0.000000	51.451722	2.349375
370	45.580810	10.283216	0.131234	51.451722	2.317594
371	45.568359	10.385520	0.131234	51.451722	2.354713
372	45.572430	10.463869	0.000000	51.451722	2.345961
373	45.577285	10.480114	0.131234	51.451722	2.335896
374	45.582771	10.490973	0.000000	51.451722	2.362529
375	45.578688	10.470416	0.131234	51.451722	2.309418
376	45.561275	10.478492	0.131234	51.451722	2.326200
377	45.556098	10.425183	0.131234	51.451722	2.379533
378	45.571738	10.398457	0.000000	51.451722	2.316852
379	45.564193	10.358795	0.000000	51.451722	2.333682
380	45.570529	10.395209	0.000000	51.451722	2.363772
381	45.563948	10.410024	0.000000	51.451722	2.316740
382	45.556360	10.434490	0.000000	51.451722	2.335291
383	45.554233	10.370276	0.000000	51.451722	2.370445
384	45.565927	10.407016	0.131234	51.451722	2.319024
385	45.569140	10.355790	0.000000	51.451722	2.380286
386	45.580667	10.438205	0.000000	51.451722	2.327645
387	45.579857	10.462273	0.000000	51.451722	2.353337
388	45.565283	10.434520	0.000000	51.451722	2.356953
389	45.577830	10.467162	0.000000	51.451722	2.322961
390	45.580751	10.655804	0.000000	51.451722	2.348988
391	45.563042	10.609275	0.000000	51.451722	2.334628
392	45.570397	10.692948	0.000000	51.451722	2.319586
393	45.578194	10.730267	0.000000	51.451722	2.330800
394	45.575306	10.831054	0.000000	51.451722	2.349468
395	45.585233	10.766948	0.131234	51.451722	2.329052
396	45.580161	10.817661	0.131234	51.451722	2.344248
397	45.568532	10.893168	0.000000	51.451722	2.357810
398	45.564115	10.941461	0.000000	51.451722	2.326074
399	45.582747	11.001550	0.131234	51.451722	2.342677
400	45.594639	11.113224	0.000000	51.451722	2.357693
401	45.590577	11.072866	0.131234	51.451722	2.338757
402	45.594943	11.084690	0.000000	51.451722	2.354008
403	45.588657	11.169408	0.000000	51.451722	2.330582
404	45.614147	11.178074	0.000000	51.451722	2.341752
405	45.622790	11.247670	0.000000	51.451722	2.359161
406	45.633996	11.321305	0.000000	51.451722	2.335325
407	45.627582	11.333664	0.000000	51.451722	2.352444
408	45.606184	11.446710	0.131234	51.451722	2.336079
409	45.606765	11.426571	0.131234	51.451722	2.339386
410	45.600685	11.398775	0.131234	51.451722	2.375156
411	45.619369	11.430311	0.000000	51.451722	2.325038
412	45.634919	11.470260	0.131234	51.451722	2.349401
413	45.621955	11.463498	0.131234	51.451722	2.344515
414	45.633775	11.489984	0.131234	51.451722	2.326343
415	45.642364	11.536873	0.131234	51.451722	2.363096
416	45.640576	11.531828	0.131234	51.451722	2.330130
417	45.646095	11.604145	0.131234	51.451722	2.329817
418	45.646554	11.430579	0.000000	51.451722	2.359586
419	45.647055	11.467827	0.131234	51.451722	2.321642
420	45.659882	11.533265	0.131234	51.451722	2.331459
421	45.662355	11.565990	0.131234	51.451722	2.354425
422	45.673725	11.519907	0.000000	51.451722	2.349294
423	45.668563	11.540247	0.131234	51.451722	2.363196
424	45.682853	11.576962	0.131234	51.451722	2.343776
425	45.677990	11.594946	0.131234	51.451722	2.350898
426	45.668584	11.603980	0.131234	51.451722	2.330695
427	45.668843	11.555855	0.000000	51.451722	2.328291
428	45.655000	11.615665	0.131234	51.451722	2.335318
429	45.648062	11.684656	0.131234	51.451722	2.350105
430	45.651212	11.689960	0.000000	51.451722	2.336725
431	45.656794	11.717826	0.000000	51.451722	2.342567
432	45.658144	11.678490	0.000000	51.451722	2.341762
433	45.665652	11.666778	0.131234	51.451722	2.331944
434	45.642012	11.695084	0.131234	51.451722	2.327218
435	45.644921	11.714421	0.131234	51.451722	2.337737
436	45.653158	11.651258	0.000000	51.451722	2.350455
437	45.649219	11.682429	0.131234	51.451722	2.326653
438	45.643312	11.731606	0.131234	51.451722	2.328177
439	45.653641	11.674745	0.131234	51.451722	2.366866
440	45.670301	11.647259	0.131234	51.451722	2.313155
441	45.669013	11.747007	0.131234	51.451722	2.325411
442	45.666534	11.674651	0.131234	51.451722	2.345910
443	45.668688	11.721538	0.131234	51.451722	2.339870
444	45.668077	11.727916	0.131234	51.451722	2.332769
445	45.655423	11.668693	0.131234	51.451722	2.374755
446	45.642200	11.716173	0.131234	51.451722	2.326381
447	45.643872	11.788055	0.131234	51.451722	2.362321
448	45.642436	11.882376	0.131234	51.451722	2.336112
449	45.647705	11.838880	0.131234	51.451722	2.318855
450	45.645222	11.793452	0.131234	51.451722	2.341898
451	45.660189	11.773441	0.131234	51.451722	2.353760
452	45.649487	11.841077	0.131234	51.451722	2.325718
453	45.657226	11.852840	0.131234	51.451722	2.375770
454	45.653445	11.850741	0.131234	51.451722	2.332962
455	45.652235	11.846098	0.131234	51.451722	2.340386
456	45.636797	11.885989	0.131234	51.451722	2.350881
457	45.634258	11.827765	0.131234	51.451722	2.317276
458	45.654100	11.826825	0.000000	51.451722	2.339405
459	45.647246	11.853403	0.000000	51.451722	2.364857
460	45.666271	11.787236	0.131234	51.451722	2.331877
461	45.669866	11.912981	0.131234	51.451722	2.374960
462	45.657617	11.866466	0.131234	51.451722	2.329342
463	45.657754	11.852615	0.131234	51.451722	2.339942
464	45.646995	11.844699	0.131234	51.451722	2.344861
465	45.650434	11.841181	0.131234	51.451722	2.329005
466	45.649421	11.880160	0.131234	51.451722	2.356282
467	45.648858	11.722675	0.131234	51.451722	2.344204
468	45.639965	11.760794	0.000000	51.451722	2.320088
469	45.645446	11.785990	0.000000	51.451722	2.368003
470	45.626366	11.766650	0.131234	51.451722	2.330661
471	45.655221	11.851169	0.000000	51.451722	2.329459
472	45.651507	11.800710	0.000000	51.451722	2.378020
473	45.675746	11.807601	0.000000	51.451722	2.332301
474	45.654047	11.904583	0.000000	51.451722	2.377635
475	45.643026	11.894190	0.131234	51.451722	2.319000
476	45.854479	11.918551	0.131234	51.451722	2.346131
477	45.902377	11.921114	0.131234	51.451722	2.345116
478	45.933634	11.964458	0.131234	51.451722	2.319275
479	45.954442	11.887140	0.131234	51.451722	2.332689
480	45.962945	11.907898	0.131234	51.451722	2.380407
481	45.971590	11.898000	0.131234	51.451722	2.325130
482	45.994106	11.896140	0.000000	51.451722	2.363798
483	46.009567	12.018028	0.000000	51.451722	2.340540
484	46.003717	11.976349	0.000000	51.451722	2.324347
485	46.001756	11.939779	0.000000	51.451722	2.341868
486	46.004486	11.922601	0.000000	51.451722	2.345002
487	46.009624	11.985806	0.000000	51.451722	2.329213
488	46.014440	11.996941	0.131234	51.451722	2.377855
489	46.013570	12.013978	0.000000	51.451722	2.330990
490	46.006399	12.000745	0.131234	51.451722	2.377432
491	46.007061	12.047380	0.000000	51.451722	2.319409
492	46.023899	12.009390	0.000000	51.451722	2.329762
493	46.023294	12.051913	0.131234	51.451722	2.361800
494	46.013355	12.111828	0.131234	51.451722	2.323022
495	46.023417	12.035346	0.131234	51.451722	2.332937
496	46.033844	12.049220	0.000000	51.451722	2.377414
497	46.024650	11.974870	0.000000	51.451722	2.322735
498	46.032307	12.010641	0.131234	51.451722	2.367378
499	46.026403	11.959273	0.131234	51.451722	2.336978
500	46.030104	12.012789	0.131234	51.451722	2.337590
501	46.019131	12.088666	0.000000	51.451722	2.353009
502	46.036339	11.986333	0.000000	51.451722	2.322690
503	46.034044	11.969254	0.000000	51.451722	2.332287
504	46.030694	11.992367	0.131234	51.451722	2.374836
505	46.020544	11.934352	0.000000	51.451722	2.324383
506	46.029186	11.953216	0.000000	51.451722	2.342013
507	46.039599	11.961165	0.000000	51.451722	2.347033
508	46.034929	11.969308	0.000000	51.451722	2.321986
509	46.038592	11.974669	0.131234	51.451722	2.332630
510	46.030256	11.968647	0.000000	51.451722	2.364340
511	46.044356	12.002647	0.131234	51.451722	2.335293
512	46.045911	11.957508	0.131234	51.451722	2.386581
513	46.048212	11.917152	0.131234	51.451722	2.334117
514	46.057236	12.049431	0.131234	51.451722	2.346252
515	46.059293	11.979282	0.131234	51.451722	2.331115
516	46.050367	11.978237	0.131234	51.451722	2.323610
517	46.051654	11.934642	0.131234	51.451722	2.337028
518	46.050245	11.919175	0.000000	51.451722	2.347758
519	46.069953	11.960571	0.000000	51.451722	2.324575
520	46.057343	11.906239	0.131234	51.451722	2.345424
521	46.058074	11.912636	0.000000	51.451722	2.342494
522	46.058095	11.954171	0.131234	51.451722	2.341290
523	46.047884	11.912342	0.000000	51.451722	2.335785
524	46.041211	11.993991	0.000000	51.451722	2.337158
525	46.026331	11.936335	0.131234	51.451722	2.338375
526	46.034068	11.965897	0.000000	51.451722	2.336919
527	46.049708	11.977849	0.000000	51.451722	2.350728
528	46.060005	11.977523	0.000000	51.451722	2.334928
529	46.039540	11.972046	0.000000	51.451722	2.307285
530	46.034083	11.983900	0.000000	51.451722	2.320226
531	46.034336	11.999710	0.000000	51.451722	2.359553
532	46.040046	12.020886	0.131234	51.451722	2.332238
533	46.034023	12.073402	0.000000	51.451722	2.318314
534	46.034741	12.036842	0.000000	51.451722	2.387975
535	46.033788	12.016313	0.000000	51.451722	2.313595
536	46.039060	11.973532	0.000000	51.451722	2.324415
537	46.038079	12.025740	0.000000	51.451722	2.344805
538	46.030539	12.071164	0.131234	51.451722	2.346832
539	46.032536	12.082697	0.131234	51.451722	2.326213
540	46.034986	12.139471	0.131234	51.451722	2.351023
541	46.040210	12.143495	0.000000	51.451722	2.340065
542	46.029821	12.144404	0.000000	51.451722	2.343041
543	46.038812	12.130954	0.000000	51.451722	2.332292
544	46.046537	12.114095	0.000000	51.451722	2.348000
545	46.065086	12.101153	0.000000	51.451722	2.328941
546	46.055916	12.068686	0.000000	51.451722	2.343881
547	46.055010	12.074575	0.131234	51.451722	2.343663
548	46.059880	12.046230	0.131234	51.451722	2.331275
549	46.057838	12.063465	0.000000	51.451722	2.343801
550	46.054238	12.131199	0.000000	51.451722	2.340912
551	46.066239	12.129761	0.131234	51.451722	2.327282
552	46.061590	12.140714	0.000000	51.451722	2.315456
553	46.061802	12.123512	0.000000	51.451722	2.357198
554	46.080309	12.116497	0.000000	51.451722	2.339684
555	46.072924	12.156135	0.000000	51.451722	2.329777
556	46.061212	12.081037	0.000000	51.451722	2.365636
557	46.053636	12.097338	0.000000	51.451722	2.310019
558	46.053186	12.058618	0.000000	51.451722	2.318291
559	46.065566	12.129340	0.000000	51.451722	2.340494
560	46.059248	12.125440	0.131234	51.451722	2.341421
561	46.066350	12.160329	0.000000	51.451722	2.324877
562	46.060830	12.137091	0.000000	51.451722	2.324880
563	46.070102	12.087127	0.000000	51.451722	2.361984
564	46.056950	12.088306	0.000000	51.451722	2.330903
565	46.059436	12.062954	0.000000	51.451722	2.329476
566	46.067530	12.104936	0.000000	51.451722	2.333736
567	46.047127	12.119097	0.000000	51.451722	2.337651
568	46.040606	12.070443	0.000000	51.451722	2.332275
569	46.056896	12.083630	0.000000	51.451722	2.334491
570	46.064854	12.039620	0.000000	51.451722	2.366848
571	46.055055	11.992606	0.000000	51.451722	2.341294
572	46.061909	12.000903	0.000000	51.451722	2.312556
573	46.079454	12.105987	0.000000	51.451722	2.349875
574	46.064258	12.226607	0.000000	51.451722	2.336957
575	46.072555	12.192854	0.000000	51.451722	2.326426
576	46.070695	12.124438	0.000000	51.451722	2.374081
577	46.069279	12.153736	0.000000	51.451722	2.332292
578	46.059081	12.107412	0.000000	51.451722	2.361224
579	46.055782	12.109167	0.000000	51.451722	2.340747
580	46.045798	12.096942	0.000000	51.451722	2.332206
581	46.075487	12.177586	0.000000	51.451722	2.345759
582	46.085876	12.138083	0.000000	51.451722	2.336720
583	46.086079	12.179198	0.000000	51.451722	2.324914
584	46.071619	12.189877	0.000000	51.451722	2.350991
585	46.064878	12.240267	0.000000	51.451722	2.339264
586	46.074355	12.282772	0.000000	51.451722	2.312864
587	46.068269	12.253875	0.000000	51.451722	2.358840
588	46.072885	12.248296	0.000000	51.451722	2.331771
589	46.061105	12.261003	0.000000	51.451722	2.324158
590	46.068907	12.279713	0.000000	51.451722	2.345091
591	46.065497	12.266848	0.000000	51.451722	2.338182
592	46.075606	12.248880	0.000000	51.451722	2.322301
593	46.071830	12.273657	0.131234	51.451722	2.339796
594	46.074265	12.259530	0.131234	51.451722	2.363329
595	46.081024	12.194362	0.131234	51.451722	2.326466
596	46.081066	12.221992	0.131234	51.451722	2.379950
597	46.072114	12.211077	0.131234	51.451722	2.316749
598	46.072716	12.207652	0.131234	51.451722	2.338751
599	46.072116	12.217574	0.131234	51.451722	2.364941
600	46.078950	12.175132	0.000000	51.451722	2.330486
601	46.067563	12.149245	0.000000	51.451722	2.345915
602	46.074969	12.192986	0.000000	51.451722	2.350161
603	46.105665	12.217239	0.000000	51.451722	2.325395
604	46.093708	12.237722	0.000000	51.451722	2.379648
605	46.084568	12.167535	0.000000	51.451722	2.327747
606	46.077174	12.155770	0.000000	51.451722	2.357068
607	46.077991	12.186018	0.000000	51.451722	2.334339
608	46.069804	12.193110	0.000000	51.451722	2.335884
609	46.060097	12.178075	0.131234	51.451722	2.361613
610	46.063983	12.196538	0.131234	51.451722	2.327688
611	46.063283	12.143068	0.000000	51.451722	2.331124
612	46.059972	12.249908	0.000000	51.451722	2.372272
613	46.056736	12.250809	0.000000	51.451722	2.322976
614	46.054196	12.192038	0.000000	51.451722	2.342962
615	46.082497	12.157144	0.000000	51.451722	2.354569
616	46.055514	12.237470	0.000000	51.451722	2.329573
617	46.053684	12.253189	0.000000	51.451722	2.335676
618	46.058255	12.232066	0.000000	51.451722	2.349464
619	46.061203	12.246830	0.000000	51.451722	2.331429
620	46.060866	12.260909	0.000000	51.451722	2.374724
621	46.068415	12.225373	0.000000	51.451722	2.329113
622	46.080488	12.234518	0.000000	51.451722	2.374113
623	46.069336	12.241673	0.000000	51.451722	2.333079
624	46.063024	12.215455	0.000000	51.451722	2.325374
625	46.057665	12.234434	0.000000	51.451722	2.357414
626	46.069866	12.256288	0.000000	51.451722	2.334397
627	46.069175	12.179888	0.000000	51.451722	2.331494
628	46.064302	12.285642	0.000000	51.451722	2.351281
629	46.070725	12.353863	0.000000	51.451722	2.324181
630	46.066403	12.337407	0.000000	51.451722	2.331929
631	46.060210	12.356042	0.131234	51.451722	2.341053
632	46.065742	12.293639	0.131234	51.451722	2.349110
633	46.064046	12.304583	0.000000	51.451722	2.335024
634	46.055114	12.272690	0.000000	51.451722	2.336088
635	46.049613	12.265533	0.000000	51.451722	2.338472
636	46.062738	12.298898	0.131234	51.451722	2.338234
637	46.064115	12.255553	0.131234	51.451722	2.358941
638	46.075523	12.247810	0.131234	51.451722	2.348029
639	46.053562	12.205819	0.131234	51.451722	2.333464
640	46.063781	12.223847	0.131234	51.451722	2.361086
641	46.063173	12.248062	0.131234	51.451722	2.330692
642	46.064970	12.232402	0.000000	51.451722	2.357934
643	46.065563	12.248712	0.000000	51.451722	2.343219
644	46.084082	12.310661	0.000000	51.451722	2.339728
645	46.072549	12.319899	0.000000	51.451722	2.335097
646	46.074653	12.291468	0.000000	51.451722	2.334404
647	46.081516	12.312899	0.000000	51.451722	2.327868
648	46.074480	12.254081	0.000000	51.451722	2.346848
649	46.070749	12.298474	0.000000	51.451722	2.337982
650	46.071437	12.285946	0.000000	51.451722	2.336748
651	46.069905	12.259249	0.000000	51.451722	2.334559
652	46.074519	12.276009	0.000000	51.451722	2.356748
653	46.078002	12.279401	0.000000	51.451722	2.309714
654	46.074712	12.302651	0.131234	51.451722	2.335703
655	46.246231	12.271644	0.000000	51.451722	2.370026
656	46.292046	12.329008	0.000000	51.451722	2.324419
657	46.311924	12.329581	0.000000	51.451722	2.353870
658	46.324211	12.311602	0.131234	51.451722	2.356288
659	46.331254	12.361329	0.131234	51.451722	2.335099
660	46.333319	12.449234	0.000000	51.451722	2.370246
661	46.337900	12.413125	0.000000	51.451722	2.318408
662	46.343222	12.405845	0.000000	51.451722	2.342516
663	46.354592	12.404705	0.000000	51.451722	2.357908
664	46.348277	12.424385	0.000000	51.451722	2.326172
665	46.340114	12.425427	0.131234	51.451722	2.375510
666	46.336347	12.399227	0.131234	51.451722	2.334639
667	46.339223	12.445125	0.000000	51.451722	2.353612
668	46.340221	12.424151	0.131234	51.451722	2.347819
669	46.347874	12.467301	0.131234	51.451722	2.342758
670	46.350923	12.480580	0.131234	51.451722	2.360238
671	46.363837	12.473299	0.131234	51.451722	2.340930
672	46.363890	12.499428	0.131234	51.451722	2.351289
673	46.367180	12.541318	0.131234	51.451722	2.334779
674	46.361765	12.448154	0.131234	51.451722	2.349815
675	46.363175	12.490416	0.131234	51.451722	2.340144
676	46.371448	12.512801	0.131234	51.451722	2.329341
677	46.363905	12.514313	0.131234	51.451722	2.323820
678	46.362147	12.564048	0.000000	51.451722	2.371092
679	46.379435	12.587208	0.000000	51.451722	2.341881
680	46.381491	12.553680	0.000000	51.451722	2.369647
681	46.376985	12.493337	0.000000	51.451722	2.345140
682	46.371257	12.534782	0.000000	51.451722	2.330034
683	46.377975	12.448535	0.000000	51.451722	2.352898
684	46.390706	12.429013	0.000000	51.451722	2.334517
685	46.389705	12.432690	0.000000	51.451722	2.347316
686	46.387222	12.511819	0.000000	51.451722	2.331922
687	46.391946	12.526034	0.000000	51.451722	2.336416
688	46.389592	12.502532	0.131234	51.451722	2.346936
689	46.407983	12.523064	0.131234	51.451722	2.343739
690	46.390659	12.486771	0.131234	51.451722	2.333289
691	46.394533	12.534886	0.131234	51.451722	2.358750
692	46.398824	12.536254	0.000000	51.451722	2.336586
693	46.391755	12.571880	0.000000	51.451722	2.330270
694	46.389174	12.550792	0.131234	51.451722	2.360647
695	46.391797	12.564752	0.000000	51.451722	2.331130
696	46.394813	12.602403	0.131234	51.451722	2.330949
697	46.403962	12.610155	0.131234	51.451722	2.354441
698	46.396539	12.613872	0.131234	51.451722	2.324744
699	46.404630	12.561287	0.131234	51.451722	2.334955
700	46.399435	12.551564	0.000000	51.451722	2.361896
701	46.402323	12.563200	0.131234	51.451722	2.314065
702	46.396577	12.545660	0.000000	51.451722	2.360811
703	46.393883	12.654678	0.000000	51.451722	2.342678
704	46.397066	12.624543	0.000000	51.451722	2.322719
705	46.399820	12.607083	0.000000	51.451722	2.360641
706	46.409687	12.666666	0.000000	51.451722	2.335140
707	46.404448	12.656915	0.000000	51.451722	2.324757
708	46.405023	12.630588	0.000000	51.451722	2.378207
709	46.406436	12.591271	0.131234	51.451722	2.317228
710	46.394747	12.574767	0.000000	51.451722	2.325701
711	46.404237	12.680498	0.000000	51.451722	2.346747
712	46.409351	12.710452	0.000000	51.451722	2.344236
713	46.413404	12.709312	0.000000	51.451722	2.328275
714	46.409833	12.730065	0.000000	51.451722	2.380559
715	46.409887	12.696543	0.000000	51.451722	2.327847
716	46.406356	12.725943	0.000000	51.451722	2.360525
717	46.411496	12.732980	0.000000	51.451722	2.333314
718	46.414763	12.725299	0.000000	51.451722	2.327241
719	46.422032	12.677469	0.000000	51.451722	2.370239
720	46.416146	12.637948	0.000000	51.451722	2.321811
721	46.423757	12.686450	0.000000	51.451722	2.326391
722	46.421778	12.690911	0.000000	51.451722	2.361203
723	46.416447	12.702609	0.000000	51.451722	2.335423
724	46.424583	12.710775	0.131234	51.451722	2.338515
725	46.432233	12.723423	0.000000	51.451722	2.362139
726	46.427363	12.723463	0.131234	51.451722	2.324002
727	46.426618	12.701590	0.000000	51.451722	2.355365
728	46.435726	12.724480	0.000000	51.451722	2.341496
729	46.430069	12.681940	0.131234	51.451722	2.326802
730	46.422550	12.726413	0.000000	51.451722	2.382544
731	46.418417	12.816797	0.000000	51.451722	2.328140
732	46.423954	12.770451	0.131234	51.451722	2.362129
733	46.414307	12.775092	0.000000	51.451722	2.331522
734	46.413285	12.729311	0.000000	51.451722	2.333449
735	46.412277	12.738425	0.000000	51.451722	2.346978
736	46.402389	12.713416	0.131234	51.451722	2.346178
737	46.422410	12.737845	0.000000	51.451722	2.331830
738	46.429068	12.816440	0.000000	51.451722	2.374722
739	46.422055	12.785848	0.000000	51.451722	2.327450
740	46.420670	12.760927	0.000000	51.451722	2.380904
741	46.419844	12.721958	0.000000	51.451722	2.325910
742	46.423554	12.757326	0.000000	51.451722	2.355368
743	46.423876	12.744844	0.000000	51.451722	2.338624
744	46.436441	12.762068	0.000000	51.451722	2.328453
745	46.428424	12.774684	0.000000	51.451722	2.373897
746	46.428084	12.779931	0.000000	51.451722	2.334299
747	46.425667	12.722483	0.000000	51.451722	2.356969
748	46.413818	12.740399	0.131234	51.451722	2.344572
749	46.413806	12.817045	0.000000	51.451722	2.325810
750	46.416020	12.769685	0.000000	51.451722	2.349776
751	46.425658	12.756170	0.000000	51.451722	2.335171
752	46.424443	12.749025	0.000000	51.451722	2.328779
753	46.421611	12.781091	0.000000	51.451722	2.366467
754	46.414411	12.763096	0.000000	51.451722	2.339808
755	46.407935	12.719916	0.000000	51.451722	2.351792
756	46.416253	12.744711	0.000000	51.451722	2.344349
757	46.416298	12.762547	0.000000	51.451722	2.319779
758	46.428886	12.750615	0.000000	51.451722	2.335723
759	46.419725	12.757789	0.000000	51.451722	2.366436
760	46.409261	12.768560	0.000000	51.451722	2.332582
761	46.413463	12.746171	0.000000	51.451722	2.373388
762	46.421522	12.770255	0.000000	51.451722	2.325115
763	46.418375	12.729102	0.000000	51.451722	2.347099
764	46.412104	12.782216	0.000000	51.451722	2.354777
765	46.427923	12.813396	0.000000	51.451722	2.316972
766	46.426976	12.816137	0.131234	51.451722	2.381686
767	46.429023	12.799379	0.000000	51.451722	2.320266
768	46.430582	12.816717	0.000000	51.451722	2.326192
769	46.425727	12.796736	0.000000	51.451722	2.361369
770	46.420389	12.817164	0.000000	51.451722	2.331445
771	46.424294	12.800211	0.000000	51.451722	2.327162
772	46.426943	12.758005	0.000000	51.451722	2.357145
773	46.426940	12.720278	0.000000	51.451722	2.333012
774	46.424091	12.796602	0.000000	51.451722	2.331142
775	46.427763	12.784391	0.000000	51.451722	2.373606
776	46.436021	12.817759	0.000000	51.451722	2.328744
777	46.431214	12.747730	0.000000	51.451722	2.366472
778	46.424270	12.743825	0.000000	51.451722	2.332407
779	46.424127	12.807726	0.000000	51.451722	2.328083
780	46.417624	12.782778	0.000000	51.451722	2.356527
781	46.422982	12.816528	0.000000	51.451722	2.329747
782	46.417135	12.800088	0.000000	51.451722	2.337196
783	46.415973	12.832722	0.000000	51.451722	2.372248
784	46.426448	12.871640	0.000000	51.451722	2.333352
785	46.424431	12.810228	0.000000	51.451722	2.360001
786	46.430972	12.796731	0.000000	51.451722	2.324611
787	46.428233	12.796147	0.000000	51.451722	2.327554
788	46.428418	12.815306	0.000000	51.451722	2.380150
789	46.420932	12.788569	0.000000	51.451722	2.323840
790	46.428373	12.801409	0.000000	51.451722	2.333390
791	46.425113	12.785847	0.000000	51.451722	2.349993
792	46.424189	12.740923	0.000000	51.451722	2.326264
793	46.426260	12.808751	0.000000	51.451722	2.337924
794	46.420339	12.803772	0.000000	51.451722	2.363653
795	46.432483	12.791365	0.000000	51.451722	2.332447
796	46.583650	12.843210	0.000000	51.451722	2.362075
797	46.606326	12.839941	0.000000	51.451722	2.330219
798	46.618459	12.858698	0.000000	51.451722	2.337266
799	46.622020	12.854206	0.000000	51.451722	2.347175
800	46.628258	12.892405	0.000000	51.451722	2.345054
801	46.624941	12.876832	0.000000	51.451722	2.357524
802	46.632743	12.859354	0.000000	51.451722	2.340444
803	46.635136	12.866122	0.000000	51.451722	2.337499
804	46.636605	12.930404	0.000000	51.451722	2.377234
805	46.635747	12.941824	0.000000	51.451722	2.332696
806	46.635655	12.902557	0.000000	51.451722	2.355774
807	46.642160	12.918200	0.000000	51.451722	2.330550
808	46.645814	12.914742	0.000000	51.451722	2.330599
809	46.647209	12.890500	0.000000	51.451722	2.364569
810	46.648812	12.906542	0.000000	51.451722	2.330806
811	46.647209	12.925818	0.000000	51.451722	2.366977
812	46.649146	12.888979	0.000000	51.451722	2.338919
813	46.651211	12.927366	0.000000	51.451722	2.324673
814	46.649995	12.907455	0.000000	51.451722	2.373369
815	46.653506	12.888437	0.000000	51.451722	2.319850
816	46.650755	12.917856	0.000000	51.451722	2.350563
817	46.653312	12.871663	0.000000	51.451722	2.345098
818	46.647117	12.926953	0.000000	51.451722	2.326116
819	46.648499	12.924615	0.000000	51.451722	2.354739
820	46.655583	12.935645	0.000000	51.451722	2.347771
821	46.654040	12.926489	0.000000	51.451722	2.324196
822	46.658057	12.948931	0.000000	51.451722	2.380752
823	46.658987	12.969352	0.000000	51.451722	2.320581
824	46.666497	12.986072	0.000000	51.451722	2.336805
825	46.668971	12.992725	0.000000	51.451722	2.363819
826	46.667188	13.004245	0.000000	51.451722	2.325150
827	46.661574	12.999286	0.000000	51.451722	2.341303
828	46.665931	12.976060	0.000000	51.451722	2.334703
829	46.664178	12.967687	0.000000	51.451722	2.336207
830	46.662647	12.978974	0.000000	51.451722	2.374727
831	46.666336	13.019471	0.000000	51.451722	2.323317
832	46.663967	13.005026	0.000000	51.451722	2.327215
833	46.667305	12.989330	0.000000	51.451722	2.380640
834	46.668255	13.024069	0.000000	51.451722	2.321543
835	46.665573	13.029790	0.000000	51.451722	2.350034
836	46.666017	13.022162	0.000000	51.451722	2.362777
837	46.670622	13.035190	0.000000	51.451722	2.337965
838	46.666533	13.021973	0.000000	51.451722	2.366324
839	46.665958	13.025361	0.000000	51.451722	2.323158
840	46.668074	13.023357	0.000000	51.451722	2.360590
841	46.666533	13.004278	0.000000	51.451722	2.331414
842	46.666485	13.002559	0.000000	51.451722	2.322271
843	46.670416	13.018029	0.000000	51.451722	2.342037
844	46.668401	12.982216	0.000000	51.451722	2.354912
845	46.669054	12.975326	0.000000	51.451722	2.334059
846	46.668482	12.957002	0.000000	51.451722	2.358533
847	46.666342	12.990961	0.000000	51.451722	2.327325
848	46.669066	12.987765	0.000000	51.451722	2.333182
849	46.674025	12.997093	0.000000	51.451722	2.378672
850	46.676135	12.989825	0.000000	51.451722	2.328290
851	46.671468	12.975144	0.000000	51.451722	2.370172
852	46.675926	12.996388	0.000000	51.451722	2.328989
853	46.672517	13.000055	0.000000	51.451722	2.338041
854	46.673417	12.995795	0.000000	51.451722	2.352803
855	46.676350	12.991610	0.000000	51.451722	2.325121
856	46.672440	13.010908	0.000000	51.451722	2.335346
857	46.674499	13.005396	0.000000	51.451722	2.349776
858	46.679354	12.993208	0.000000	51.451722	2.332940
859	46.680298	12.990420	0.000000	51.451722	2.331949
860	46.671993	12.980440	0.000000	51.451722	2.364931
861	46.669585	12.978623	0.000000	51.451722	2.340214
862	46.672428	12.992289	0.000000	51.451722	2.379296
863	46.674323	13.000894	0.000000	51.451722	2.333057
864	46.674061	13.008977	0.000000	51.451722	2.379770
865	46.674466	12.965005	0.000000	51.451722	2.319552
866	46.677828	12.957319	0.000000	51.451722	2.379814
867	46.675140	12.977559	0.000000	51.451722	2.323375
868	46.675617	13.015990	0.000000	51.451722	2.331569
869	46.679515	12.976812	0.000000	51.451722	2.378506
870	46.677527	12.939393	0.000000	51.451722	2.327892
871	46.682781	12.956172	0.000000	51.451722	2.352600
872	46.676707	13.012280	0.000000	51.451722	2.339746
873	46.678185	12.990627	0.000000	51.451722	2.321861
874	46.672979	12.982048	0.000000	51.451722	2.385447
875	46.675599	12.936230	0.000000	51.451722	2.316230
876	46.678889	12.970346	0.131234	51.451722	2.342443
877	46.680623	12.949976	0.131234	51.451722	2.369599
878	46.680206	12.950837	0.000000	51.451722	2.317801
879	46.681139	12.930867	0.000000	51.451722	2.360005
880	46.678922	12.928928	0.000000	51.451722	2.338342
881	46.679145	12.941727	0.131234	51.451722	2.326487
882	46.681374	12.993123	0.000000	51.451722	2.384984
883	46.682870	13.003461	0.000000	51.451722	2.315144
884	46.684092	13.028619	0.000000	51.451722	2.365412
885	46.685493	13.028049	0.000000	51.451722	2.352067
886	46.684521	12.992364	0.000000	51.451722	2.352327
887	46.686286	12.969506	0.000000	51.451722	2.353158
888	46.687719	12.953065	0.000000	51.451722	2.318470
889	46.683472	12.974119	0.000000	51.451722	2.364183
890	46.684486	12.964342	0.000000	51.451722	2.342404
891	46.680474	12.993046	0.000000	51.451722	2.337157
892	46.680659	13.001792	0.000000	51.451722	2.365763
893	46.677127	12.968869	0.000000	51.451722	2.315346
894	46.678293	13.028607	0.000000	51.451722	2.330861
895	46.682858	12.977151	0.000000	51.451722	2.366273
896	46.673143	12.960435	0.000000	51.451722	2.317711
897	46.677369	12.992942	0.000000	51.451722	2.337608
898	46.681201	13.006470	0.000000	51.451722	2.365859
899	46.684408	12.999676	0.000000	51.451722	2.316453
900	46.680743	12.975146	0.000000	51.451722	2.376383
901	46.686086	12.995733	0.000000	51.451722	2.325940
902	46.686578	13.000412	0.000000	51.451722	2.321348
903	46.685040	13.028300	0.000000	51.451722	2.377631
904	46.689618	13.016787	0.000000	51.451722	2.329307
905	46.685469	13.018705	0.000000	51.451722	2.343005
906	46.688664	12.987343	0.000000	51.451722	2.375287
907	46.688420	12.991055	0.000000	51.451722	2.330757
908	46.686146	13.000588	0.000000	51.451722	2.358472
909	46.685070	12.976939	0.000000	51.451722	2.326719
910	46.686792	13.012902	0.000000	51.451722	2.358943
911	46.688050	12.998947	0.000000	51.451722	2.351242
912	46.688238	12.995509	0.000000	51.451722	2.336859
913	46.682075	13.032831	0.000000	51.451722	2.363889
914	46.685019	12.982768	0.000000	51.451722	2.333477
915	46.688086	12.999180	0.000000	51.451722	2.357914
916	46.687505	12.976883	0.000000	51.451722	2.347170
917	46.684283	12.971078	0.000000	51.451722	2.329981
918	46.677709	12.986968	0.000000	51.451722	2.361336
919	46.683958	12.966429	0.000000	51.451722	2.332241
920	46.689641	12.985449	0.000000	51.451722	2.359081
921	46.687421	12.959386	0.000000	51.451722	2.346676
922	46.686941	12.966666	0.000000	51.451722	2.319705
923	46.686363	12.965440	0.000000	51.451722	2.359821
924	46.687722	12.973934	0.000000	51.451722	2.336342
925	46.690714	12.972152	0.000000	51.451722	2.345426
926	46.688896	13.019977	0.000000	51.451722	2.363304
927	46.685219	13.039717	0.000000	51.451722	2.353180
928	46.684572	13.047235	0.000000	51.451722	2.344981
929	46.687746	13.044991	0.000000	51.451722	2.346597
930	46.688852	13.038739	0.000000	51.451722	2.338260
931	46.682173	13.029227	0.000000	51.451722	2.338736
932	46.680820	13.014433	0.000000	51.451722	2.332202
933	46.688747	12.995989	0.000000	51.451722	2.347966
934	46.687633	13.038588	0.000000	51.451722	2.353472
935	46.687615	13.009752	0.000000	51.451722	2.366300
936	46.691507	13.031327	0.000000	51.451722	2.338961
937	46.689308	13.014965	0.000000	51.451722	2.347390
938	46.686667	13.036403	0.000000	51.451722	2.357090
939	46.688396	13.035016	0.000000	51.451722	2.350956
940	46.683288	13.037567	0.000000	51.451722	2.341054
941	46.687973	13.054916	0.000000	51.451722	2.326822
942	46.684718	13.064855	0.000000	51.451722	2.359919
943	46.689948	13.045251	0.000000	51.451722	2.349506
944	46.689737	13.025305	0.000000	51.451722	2.350899
945	46.685401	12.962344	0.000000	51.451722	2.340107
946	46.684468	13.022417	0.000000	51.451722	2.333539
947	46.686885	13.024787	0.000000	51.451722	2.360209
948	46.684754	12.995340	0.000000	51.451722	2.340325
949	46.685767	13.001921	0.000000	51.451722	2.331516
950	46.686035	12.987089	0.000000	51.451722	2.362650
951	46.685576	13.032197	0.000000	51.451722	2.322647
952	46.684465	13.043618	0.000000	51.451722	2.342747
953	46.681827	13.037964	0.000000	51.451722	2.340576
954	46.680123	13.038092	0.000000	51.451722	2.346380
955	46.681309	13.038914	0.000000	51.451722	2.349462
956	46.684191	13.038274	0.000000	51.451722	2.338625
957	46.685338	13.047507	0.000000	51.451722	2.337366
958	46.678925	13.061684	0.000000	51.451722	2.364977
959	46.690309	13.010310	0.000000	51.451722	2.339514
960	46.690071	13.038403	0.000000	51.451722	2.344619
961	46.688122	13.033432	0.000000	51.451722	2.356953
962	46.690091	13.006373	0.000000	51.451722	2.328040
963	46.686471	13.005495	0.000000	51.451722	2.373602
964	46.685961	13.015030	0.000000	51.451722	2.329910
965	46.684784	12.999125	0.000000	51.451722	2.355180
966	46.686035	13.034040	0.000000	51.451722	2.349654
967	46.690702	13.022711	0.000000	51.451722	2.330817
968	46.688098	13.010904	0.000000	51.451722	2.370323
969	46.682525	12.997135	0.000000	51.451722	2.327195
970	46.687800	13.058821	0.000000	51.451722	2.384834
971	46.682230	13.036203	0.000000	51.451722	2.320800
972	46.685225	13.025626	0.000000	51.451722	2.352764
973	46.680439	13.043321	0.000000	51.451722	2.348880
974	46.680054	13.008334	0.000000	51.451722	2.333733
975	46.680444	13.023555	0.000000	51.451722	2.367329
976	46.684524	13.005175	0.000000	51.451722	2.328090
977	46.683514	12.968118	0.000000	51.451722	2.346836
978	46.685442	12.996622	0.000000	51.451722	2.365350
979	46.690708	13.026443	0.000000	51.451722	2.327449
980	46.690416	13.050497	0.000000	51.451722	2.374630
981	46.683788	13.028408	0.000000	51.451722	2.315869
982	46.681815	13.036097	0.000000	51.451722	2.348590
983	46.689898	13.027829	0.000000	51.451722	2.370053
984	46.687448	13.009438	0.000000	51.451722	2.320650
985	46.688926	13.012000	0.000000	51.451722	2.372613
986	46.687424	13.009080	0.000000	51.451722	2.342183
987	46.692133	13.017225	0.000000	51.451722	2.110241
988	46.723092	13.000299	0.000000	51.451722	2.181652
989	46.724275	12.985975	0.000000	51.451722	2.134879
990	46.723527	12.983682	0.000000	51.451722	2.135724
991	46.723929	12.981997	0.000000	51.451722	2.146556
992	46.724415	12.978476	0.000000	51.451722	2.122421
993	46.724552	12.978031	0.000000	51.451722	2.185613
994	46.724635	12.977387	0.000000	51.451722	2.155700
995	46.724540	12.976842	0.000000	51.451722	2.161900
996	46.724594	12.976916	0.000000	51.451722	2.191715
997	46.724564	12.976929	0.000000	51.451722	2.113055
998	46.724641	12.977258	0.000000	51.451722	2.125870
999	46.724629	12.977379	0.000000	51.451722	2.151141
1000	46.724629	12.977379	0.000000	51.451722	2.155730
1001	46.724629	12.977379	0.000000	51.451722	2.172744
1002	46.724629	12.977379	0.000000	51.451722	2.141201
1003	46.724629	12.977379	0.000000	51.451722	2.189172
1004	46.724629	12.977379	0.000000	51.451722	2.133548
1005	46.724629	12.977379	0.000000	51.451722	2.123598
1006	46.724629	12.977379	0.000000	51.451722	2.149420
1007	46.724629	12.977379	0.000000	51.451722	2.132065
1008	46.724629	12.977379	0.000000	51.451722	2.162010
1009	46.724629	12.977379	0.000000	51.451722	2.129148
1010	46.724629	12.977379	0.000000	51.451722	2.139606
1011	46.724629	12.977379	0.000000	51.451722	2.140231
1012	46.724629	12.977379	0.000000	51.451722	2.153353
1013	46.724629	12.977379	0.000000	51.451722	2.186841
1014	46.724629	12.977379	0.000000	51.451722	2.176392
1015	46.724629	12.977379	0.000000	51.451722	2.154259
1016	46.724629	12.977379	0.000000	51.451722	2.162491
1017	46.724629	12.977379	0.000000	51.451722	2.127922
1018	46.724629	12.977379	0.000000	51.451722	2.140796
1019	46.724629	12.977379	0.000000	51.451722	2.142640
1020	46.724629	12.977379	0.000000	51.451722	2.142395
1021	46.724629	12.977379	0.000000	51.451722	2.203536
1022	46.724629	12.977379	0.000000	51.451722	2.168479
1023	46.724629	12.977379	0.000000	51.451722	2.161409
1024	46.724629	12.977379	0.000000	51.451722	2.139491
1025	46.724629	12.977379	0.000000	51.451722	2.152744
1026	46.724629	12.977379	0.000000	51.451722	2.178608
1027	46.724629	12.977379	0.000000	51.451722	2.132118
1028	46.724629	12.977379	0.000000	51.451722	2.126056
1029	46.724629	12.977379	0.000000	51.451722	2.188031
1030	46.724629	12.977379	0.000000	51.451722	2.168365
1031	46.724629	12.977379	0.000000	51.451722	2.159114
1032	46.724629	12.977379	0.000000	51.451722	2.168941
1033	46.724629	12.977379	0.000000	51.451722	2.126921
1034	46.724629	12.977379	0.000000	51.451722	2.202149
1035	46.724629	12.977379	0.000000	51.451722	2.183162
1036	46.724629	12.977379	0.000000	51.451722	2.128799
1037	46.724629	12.977379	0.000000	51.451722	2.139573
1038	46.724629	12.977379	0.000000	51.451722	2.158577
1039	46.724629	12.977379	0.000000	51.451722	2.129844
1040	46.724629	12.977379	0.000000	51.451722	2.160371
1041	46.724629	12.977379	0.000000	51.451722	2.135537
1042	46.724629	12.977379	0.000000	51.451722	2.190386
1043	46.724629	12.977379	0.000000	51.451722	2.123547
