1	26.454729	2.576820	0.000000	87.000000	2.344842
2	30.876222	2.659321	0.000000	87.000000	2.397620
3	34.252810	2.206852	0.000000	87.000000	2.410684
4	36.440721	2.031175	0.000000	87.000000	2.389422
5	37.775296	2.079704	0.000000	87.000000	2.365134
6	38.666213	1.993195	0.000000	87.000000	2.366631
7	39.294547	1.999272	0.000000	87.000000	2.386590
8	39.730129	2.134769	0.000000	87.000000	2.363824
9	40.024748	2.215502	0.000000	87.000000	2.358363
10	40.265480	2.361490	0.000000	87.000000	2.389108
11	40.454167	2.513106	0.000000	87.000000	2.407195
12	40.604836	2.630020	0.000000	87.000000	2.355362
13	40.732652	2.657345	0.000000	87.000000	2.384910
14	40.829360	2.686601	0.000000	87.000000	2.359068
15	40.927818	2.743808	0.000000	87.000000	2.355384
16	41.043723	2.799859	0.000000	87.000000	2.372272
17	41.129678	2.813352	0.000000	87.000000	2.414623
18	41.204262	2.751271	0.000000	87.000000	2.406800
19	41.307181	2.773557	0.000000	87.000000	2.372219
20	41.389289	2.847523	0.000000	87.000000	2.355097
21	41.454601	2.917702	0.000000	87.000000	2.416150
22	41.479915	2.895895	0.000000	87.000000	2.382476
23	41.533747	2.940540	0.000000	87.000000	2.407597
24	41.591501	2.949800	0.000000	87.000000	2.387486
25	41.621995	2.963963	0.000000	87.000000	2.415536
26	41.665626	2.928088	0.000000	87.000000	2.396983
27	41.701931	2.917819	0.000000	87.000000	2.375382
28	41.729519	3.002927	0.000000	87.000000	2.384396
29	41.776520	2.987053	0.000000	87.000000	2.366675
30	41.793439	2.979044	0.000000	87.000000	2.378465
31	41.820544	2.933017	0.000000	87.000000	2.381430
32	41.837445	3.009207	0.000000	87.000000	2.385256
33	41.872758	2.988440	0.000000	87.000000	2.404309
34	41.895777	3.068359	0.000000	87.000000	2.378658
35	41.916931	3.125378	0.000000	87.000000	2.368081
36	41.937912	3.098767	0.000000	87.000000	2.366370
37	41.965434	3.084195	0.000000	87.000000	2.415630
38	41.970360	3.053404	0.000000	87.000000	2.376923
39	41.991150	3.104166	0.000000	87.000000	2.400551
40	42.006540	3.145723	0.000000	87.000000	2.378821
41	42.033413	3.127802	0.000000	87.000000	2.397098
42	42.036539	3.150834	0.000000	87.000000	2.382377
43	42.061156	3.208137	0.000000	87.000000	2.392395
44	42.080295	3.224789	0.000000	87.000000	2.417737
45	42.101282	3.215439	0.000000	87.000000	2.356743
46	42.100263	3.145020	0.000000	87.000000	2.385584
47	42.111188	3.186538	0.000000	87.000000	2.384594
48	42.116645	3.080538	0.000000	87.000000	2.400309
49	42.126751	3.201126	0.000000	87.000000	2.361559
50	42.134827	3.300931	0.000000	87.000000	2.368386
51	42.139336	3.293893	0.000000	87.000000	2.375683
52	42.145652	3.356743	0.000000	87.000000	2.415409
53	42.150444	3.334017	0.000000	87.000000	2.406091
54	42.170691	3.322507	0.000000	87.000000	2.379349
55	42.180473	3.189424	0.000000	87.000000	2.407517
56	42.197615	3.175826	0.000000	87.000000	2.386145
57	42.188936	3.245910	0.000000	87.000000	2.398242
58	42.200497	3.273639	0.000000	87.000000	2.429559
59	42.217767	3.201083	0.000000	87.000000	2.400905
60	42.214608	3.212892	0.000000	87.000000	2.404293
61	42.201135	3.189444	0.000000	87.000000	2.420120
62	42.211577	3.222184	0.000000	87.000000	2.374861
63	42.230308	3.262837	0.000000	87.000000	2.412548
64	42.223442	3.215533	0.000000	87.000000	2.394424
65	42.219043	3.180599	0.000000	87.000000	2.403495
66	42.224500	3.241636	0.000000	87.000000	2.403648
67	42.227486	3.262459	0.000000	87.000000	2.409061
68	42.241943	3.225474	0.000000	87.000000	2.417444
69	42.253810	3.311931	0.000000	87.000000	2.398053
70	42.257684	3.314489	0.000000	87.000000	2.371841
71	42.270190	3.366625	0.000000	87.000000	2.386864
72	42.264798	3.405140	0.000000	87.000000	2.384154
73	42.273796	3.427623	0.000000	87.000000	2.412786
74	42.285225	3.338733	0.000000	87.000000	2.379875
75	42.279655	3.362764	0.000000	87.000000	2.396774
76	42.292169	3.381101	0.000000	87.000000	2.414676
77	42.286575	3.294528	0.000000	87.000000	2.412835
78	42.285427	3.233294	0.000000	87.000000	2.406787
79	42.284042	3.298650	0.000000	87.000000	2.421070
80	42.304176	3.260840	0.000000	87.000000	2.390758
81	42.312473	3.366967	0.000000	87.000000	2.439702
82	42.302895	3.392961	0.000000	87.000000	2.405957
83	42.317984	3.352257	0.000000	87.000000	2.400878
84	42.310259	3.438504	0.000000	87.000000	2.413535
85	42.318076	3.389418	0.000000	87.000000	2.389114
86	42.316696	3.402025	0.000000	87.000000	2.414006
87	42.323935	3.400335	0.000000	87.000000	2.386835
88	42.319077	3.389680	0.000000	87.000000	2.401613
89	42.311996	3.364972	0.000000	87.000000	2.422208
90	42.325285	3.336369	0.000000	87.000000	2.404991
91	42.330536	3.371461	0.000000	87.000000	2.401582
92	42.341125	3.315610	0.000000	87.000000	2.414998
93	42.317277	3.312449	0.000000	87.000000	2.414268
94	42.332962	3.316732	0.000000	87.000000	2.406662
95	42.327857	3.276349	0.000000	87.000000	2.401483
96	42.327052	3.288267	0.000000	87.000000	2.401002
97	42.331469	3.366232	0.000000	87.000000	2.430451
98	42.332780	3.367907	0.000000	87.000000	2.390675
99	42.338938	3.313184	0.000000	87.000000	2.384411
100	42.341745	3.291588	0.000000	87.000000	2.432720
101	42.338532	3.332988	0.000000	87.000000	2.411925
102	42.341152	3.290266	0.000000	87.000000	2.432652
103	42.348826	3.314638	0.000000	87.000000	2.414647
104	42.340916	3.300268	0.000000	87.000000	2.389060
105	42.342648	3.337531	0.000000	87.000000	2.394000
106	42.339084	3.319747	0.000000	87.000000	2.372983
107	42.338845	3.345363	0.000000	87.000000	2.401605
108	42.345706	3.261768	0.000000	87.000000	2.429930
109	42.327473	3.282126	0.000000	87.000000	2.379540
110	42.320615	3.233112	0.000000	87.000000	2.437790
111	42.325708	3.326783	0.000000	87.000000	2.435065
112	42.351246	3.273934	0.000000	87.000000	2.404752
113	42.363355	3.239028	0.000000	87.000000	2.441183
114	42.368865	3.317621	0.000000	87.000000	2.427980
115	42.357957	3.263832	0.000000	87.000000	2.436140
116	42.352015	3.238479	0.000000	87.000000	2.411226
117	42.364401	3.262812	0.000000	87.000000	2.418731
118	42.361265	3.259425	0.000000	87.000000	2.403686
119	42.367131	3.240702	0.000000	87.000000	2.466042
120	42.378762	3.245868	0.000000	87.000000	2.406419
121	42.378479	3.158182	0.000000	87.000000	2.427727
122	42.385522	3.107215	0.000000	87.000000	2.398926
123	42.390519	3.116353	0.000000	87.000000	2.441573
124	42.403167	3.175935	0.000000	87.000000	2.419628
125	42.391482	3.213182	0.000000	87.000000	2.444515
126	42.418861	3.288447	0.000000	87.000000	2.420940
127	42.413926	3.308220	0.000000	87.000000	2.439126
128	42.414615	3.329482	0.000000	87.000000	2.396954
129	42.411506	3.371813	0.000000	87.000000	2.406872
130	42.403620	3.304643	0.000000	87.000000	2.412490
131	42.401600	3.250065	0.000000	87.000000	2.387239
132	42.409211	3.323042	0.000000	87.000000	2.457862
133	42.412907	3.303043	0.000000	87.000000	2.433018
134	42.422414	3.335571	0.000000	87.000000	2.436325
135	42.443424	3.288329	0.000000	87.000000	2.390724
136	42.451644	3.238587	0.000000	87.000000	2.429614
137	42.447639	3.257774	0.000000	87.000000	2.401559
138	42.471153	3.261860	0.000000	87.000000	2.383721
139	42.463088	3.230173	0.000000	87.000000	2.432432
140	42.460394	3.203396	0.000000	87.000000	2.407540
141	42.455438	3.243457	0.000000	87.000000	2.452004
142	42.470658	3.282152	0.000000	87.000000	2.419097
143	42.475662	3.249375	0.000000	87.000000	2.440122
144	42.485186	3.223953	0.000000	87.000000	2.414350
145	42.500621	3.252501	0.000000	87.000000	2.474236
146	42.497164	3.263793	0.000000	87.000000	2.413187
147	42.483315	3.310948	0.000000	87.000000	2.404771
148	42.483521	3.302485	0.000000	87.000000	2.390658
149	42.474687	3.283126	0.000000	87.000000	2.428927
150	42.483556	3.367113	0.000000	87.000000	2.407857
151	42.487314	3.426932	0.000000	87.000000	2.400607
152	42.493248	3.380668	0.000000	87.000000	2.436247
153	42.489624	3.364339	0.000000	87.000000	2.413501
154	42.503977	3.457643	0.000000	87.000000	2.459233
155	42.502993	3.444186	0.000000	87.000000	2.407581
156	42.517954	3.381981	0.000000	87.000000	2.438742
157	42.531842	3.439731	0.000000	87.000000	2.387280
158	42.530870	3.439891	0.000000	87.000000	2.430027
159	42.537251	3.391197	0.000000	87.000000	2.435450
160	42.534089	3.363053	0.000000	87.000000	2.456372
161	42.529067	3.372840	0.000000	87.000000	2.413260
162	42.537701	3.352771	0.000000	87.000000	2.468187
163	42.548999	3.362550	0.000000	87.000000	2.437207
164	42.539433	3.335388	0.000000	87.000000	2.425610
165	42.537147	3.308724	0.000000	87.000000	2.439723
166	42.543933	3.360634	0.000000	87.000000	2.438385
167	42.541882	3.366605	0.000000	87.000000	2.442480
168	42.554593	3.392799	0.000000	87.000000	2.416725
169	42.549938	3.448154	0.000000	87.000000	2.466482
170	42.558774	3.453125	0.000000	87.000000	2.413072
171	42.568487	3.397326	0.000000	87.000000	2.461910
172	42.552322	3.348962	0.000000	87.000000	2.450102
173	42.551571	3.445850	0.000000	87.000000	2.395847
174	42.558348	3.259758	0.000000	87.000000	2.424124
175	42.562973	3.254787	0.000000	87.000000	2.432289
176	42.558300	3.253495	0.000000	87.000000	2.402499
177	42.558616	3.290986	0.000000	87.000000	2.461555
178	42.572385	3.285104	0.000000	87.000000	2.442271
179	42.564768	3.344715	0.000000	87.000000	2.478745
180	42.561233	3.382949	0.000000	87.000000	2.437843
181	42.566231	3.206160	0.000000	87.000000	2.431937
182	42.567536	3.208176	0.000000	87.000000	2.452912
183	42.554682	3.224252	0.000000	87.000000	2.445538
184	42.591298	3.231554	0.000000	87.000000	2.419917
185	42.576557	3.256162	0.000000	87.000000	2.447936
186	42.561799	3.314359	0.000000	87.000000	2.431396
187	42.563862	3.333255	0.000000	87.000000	2.450957
188	42.557716	3.317097	0.000000	87.000000	2.455313
189	42.571956	3.402177	0.000000	87.000000	2.418098
190	42.553139	3.311658	0.000000	87.000000	2.469190
191	42.548242	3.355442	0.000000	87.000000	2.424560
192	42.545691	3.306395	0.000000	87.000000	2.415992
193	42.558113	3.296887	0.000000	87.000000	2.403129
194	42.568150	3.290738	0.000000	87.000000	2.459365
195	42.567128	3.337685	0.000000	87.000000	2.457188
196	42.575824	3.245030	0.000000	87.000000	2.432612
197	42.572635	3.247741	0.000000	87.000000	2.410846
198	42.565405	3.220226	0.000000	87.000000	2.433414
199	42.565760	3.249951	0.000000	87.000000	2.440089
200	42.575967	3.194692	0.000000	87.000000	2.424243
201	42.583829	3.215708	0.000000	87.000000	2.427037
202	42.569318	3.229886	0.000000	87.000000	2.439323
203	42.568010	3.344093	0.000000	87.000000	2.450348
204	42.577082	3.306391	0.000000	87.000000	2.412909
205	42.581269	3.243906	0.000000	87.000000	2.481165
206	42.574930	3.264355	0.000000	87.000000	2.421512
207	42.581397	3.347353	0.000000	87.000000	2.468819
208	42.572409	3.348026	0.000000	87.000000	2.457459
209	42.586130	3.340277	0.000000	87.000000	2.426121
210	42.579240	3.299488	0.000000	87.000000	2.472002
211	42.574543	3.260027	0.000000	87.000000	2.434411
212	42.574728	3.384127	0.000000	87.000000	2.419247
213	42.586428	3.292028	0.000000	87.000000	2.464436
214	42.586103	3.366908	0.000000	87.000000	2.404019
215	42.589539	3.339203	0.000000	87.000000	2.460105
216	42.588913	3.370277	0.000000	87.000000	2.446031
217	42.576694	3.306601	0.000000	87.000000	2.416101
218	42.589021	3.239308	0.000000	87.000000	2.404074
219	42.602378	3.375377	0.000000	87.000000	2.466021
220	42.614448	3.418253	0.000000	87.000000	2.440935
221	42.602998	3.363052	0.000000	87.000000	2.411641
222	42.599738	3.400033	0.000000	87.000000	2.429960
223	42.602798	3.348591	0.000000	87.000000	2.461411
224	42.616290	3.371846	0.000000	87.000000	2.466960
225	42.633468	3.307715	0.000000	87.000000	2.445504
226	42.612612	3.338949	0.000000	87.000000	2.420810
227	42.630938	3.414747	0.000000	87.000000	2.431791
228	42.628515	3.370552	0.000000	87.000000	2.422908
229	42.620346	3.310855	0.000000	87.000000	2.475059
230	42.621464	3.340917	0.000000	87.000000	2.426898
231	42.621264	3.261602	0.000000	87.000000	2.472492
232	42.621499	3.212462	0.000000	87.000000	2.406173
233	42.614034	3.181587	0.000000	87.000000	2.442858
234	42.625368	3.335973	0.000000	87.000000	2.409634
235	42.626661	3.261170	0.000000	87.000000	2.468947
236	42.613864	3.222664	0.000000	87.000000	2.447426
237	42.618325	3.190147	0.000000	87.000000	2.456146
238	42.607081	3.238050	0.000000	87.000000	2.454577
239	42.628759	3.177041	0.000000	87.000000	2.424951
240	42.638505	3.228446	0.000000	87.000000	2.448473
241	42.630464	3.188873	0.000000	87.000000	2.450714
242	42.624491	3.263308	0.000000	87.000000	2.459730
243	42.625985	3.218693	0.000000	87.000000	2.459075
244	42.622334	3.303057	0.000000	87.000000	2.440928
245	42.640325	3.287237	0.000000	87.000000	2.427987
246	42.636639	3.210185	0.000000	87.000000	2.444795
247	42.625177	3.217721	0.000000	87.000000	2.457479
248	42.614251	3.242606	0.000000	87.000000	2.422031
249	42.640415	3.336933	0.000000	87.000000	2.446540
250	42.627704	3.214289	0.000000	87.000000	2.461316
251	42.632848	3.251723	0.000000	87.000000	2.471104
252	42.612460	3.284182	0.000000	87.000000	2.451353
253	42.619979	3.360561	0.000000	87.000000	2.439310
254	42.626104	3.267668	0.000000	87.000000	2.439173
255	42.636967	3.291673	0.000000	87.000000	2.425301
256	42.648041	3.319466	0.000000	87.000000	2.422271
257	42.628241	3.278456	0.000000	87.000000	2.400628
258	42.641208	3.268082	0.000000	87.000000	2.462893
259	42.644256	3.281066	0.000000	87.000000	2.457308
260	42.644495	3.321447	0.000000	87.000000	2.435565
261	42.630172	3.310475	0.000000	87.000000	2.446552
262	42.635280	3.296994	0.000000	87.000000	2.420490
263	42.635339	3.305626	0.000000	87.000000	2.444990
264	42.632246	3.303081	0.000000	87.000000	2.442076
265	42.634234	3.242635	0.000000	87.000000	2.435664
266	42.622828	3.190195	0.000000	87.000000	2.417656
267	42.640030	3.228391	0.000000	87.000000	2.497021
268	42.639667	3.192833	0.000000	87.000000	2.444555
269	42.630279	3.162314	0.000000	87.000000	2.472707
270	42.628258	3.246770	0.000000	87.000000	2.424842
271	42.635965	3.164518	0.000000	87.000000	2.419479
272	42.622483	3.214305	0.000000	87.000000	2.434281
273	42.628983	3.173305	0.000000	87.000000	2.441940
274	42.634326	3.109121	0.000000	87.000000	2.403295
275	42.633149	3.095677	0.000000	87.000000	2.408277
276	42.642388	3.089774	0.000000	87.000000	2.424867
277	42.648947	3.144100	0.000000	87.000000	2.401390
278	42.636943	3.124313	0.000000	87.000000	2.475250
279	42.621806	3.127048	0.000000	87.000000	2.450762
280	42.618984	3.180235	0.000000	87.000000	2.445199
281	42.631578	3.111287	0.000000	87.000000	2.440382
282	42.628193	3.177354	0.000000	87.000000	2.397271
283	42.617863	3.148259	0.000000	87.000000	2.445823
284	42.623633	3.097236	0.000000	87.000000	2.425792
285	42.656279	3.132059	0.000000	87.000000	2.456384
286	42.656696	3.146163	0.000000	87.000000	2.428916
287	42.638424	3.122555	0.000000	87.000000	2.477746
288	42.629600	3.140246	0.000000	87.000000	2.448179
289	42.631465	3.213071	0.000000	87.000000	2.412823
290	42.636818	3.172639	0.000000	87.000000	2.455026
291	42.631632	3.180591	0.000000	87.000000	2.421807
292	42.629465	3.137294	0.000000	87.000000	2.441578
293	42.631301	3.138918	0.000000	87.000000	2.398740
294	42.637551	3.155779	0.000000	87.000000	2.461929
295	42.633796	3.130943	0.000000	87.000000	2.417673
296	42.644408	3.085129	0.000000	87.000000	2.424239
297	42.642987	3.078160	0.000000	87.000000	2.407094
298	42.645025	3.117600	0.000000	87.000000	2.451653
299	42.635477	3.086852	0.000000	87.000000	2.442935
300	42.638725	3.123426	0.000000	87.000000	2.410035
301	42.649487	3.137205	0.000000	87.000000	2.443811
302	42.657340	3.084995	0.000000	87.000000	2.452034
303	42.661959	3.127094	0.000000	87.000000	2.460973
304	42.653614	3.068085	0.000000	87.000000	2.460838
305	42.650789	3.075481	0.000000	87.000000	2.426076
306	42.639506	3.114121	0.000000	87.000000	2.405587
307	42.642492	3.127689	0.000000	87.000000	2.428674
308	42.644280	3.159477	0.000000	87.000000	2.468045
309	42.643327	3.281220	0.000000	87.000000	2.432912
310	42.640710	3.188814	0.000000	87.000000	2.449927
311	42.627311	3.148482	0.000000	87.000000	2.438496
312	42.637527	3.046553	0.000000	87.000000	2.417687
313	42.633626	3.173893	0.000000	87.000000	2.392560
314	42.641556	3.133184	0.000000	87.000000	2.441266
315	42.643943	3.208890	0.000000	87.000000	2.484451
316	42.637604	3.124512	0.000000	87.000000	2.437943
317	42.634362	3.148245	0.000000	87.000000	2.390191
318	42.620879	3.167527	0.000000	87.000000	2.457399
319	42.629915	3.273376	0.000000	87.000000	2.443294
320	42.632642	3.236949	0.000000	87.000000	2.434097
321	42.628142	3.186940	0.000000	87.000000	2.471796
322	42.649215	3.097131	0.000000	87.000000	2.427398
323	42.641950	3.080064	0.000000	87.000000	2.459591
324	42.648458	3.088987	0.000000	87.000000	2.450223
325	42.654473	3.172235	0.000000	87.000000	2.473836
326	42.659450	3.110378	0.000000	87.000000	2.445145
327	42.683411	3.080760	0.000000	87.000000	2.429003
328	42.683142	3.078524	0.000000	87.000000	2.443846
329	42.670071	3.162604	0.000000	87.000000	2.451944
330	42.648619	3.156046	0.000000	87.000000	2.435125
331	42.653567	3.091202	0.000000	87.000000	2.451246
332	42.665690	3.034060	0.000000	87.000000	2.421416
333	42.664433	2.986214	0.000000	87.000000	2.444883
334	42.678702	3.117055	0.000000	87.000000	2.445987
335	42.676413	3.163653	0.000000	87.000000	2.405515
336	42.664379	3.048109	0.000000	87.000000	2.448429
337	42.661166	3.017269	0.000000	87.000000	2.429693
338	42.669559	3.037753	0.000000	87.000000	2.455360
339	42.661956	3.015001	0.000000	87.000000	2.390384
340	42.660567	3.098859	0.000000	87.000000	2.431820
341	42.672873	3.106822	0.000000	87.000000	2.415292
342	42.679632	3.111388	0.000000	87.000000	2.423687
343	42.670214	3.158027	0.000000	87.000000	2.439383
344	42.668861	3.149649	0.000000	87.000000	2.432073
345	42.647144	3.046433	0.000000	87.000000	2.398264
346	42.650825	3.048656	0.000000	87.000000	2.408086
347	42.666602	3.082254	0.000000	87.000000	2.418447
348	42.675960	3.073170	0.000000	87.000000	2.404077
349	42.667520	3.086652	0.000000	87.000000	2.455632
350	42.680040	3.106510	0.000000	87.000000	2.448154
351	42.678624	3.137804	0.000000	87.000000	2.413425
352	42.660734	3.119042	0.000000	87.000000	2.395343
353	42.670599	3.158064	0.000000	87.000000	2.451509
354	42.663682	3.088769	0.000000	87.000000	2.443652
355	42.669371	3.149842	0.000000	87.000000	2.418317
356	42.685691	3.211117	0.000000	87.000000	2.413817
357	42.686492	3.185728	0.000000	87.000000	2.442406
358	42.690468	3.147403	0.000000	87.000000	2.469580
359	42.693198	3.125685	0.000000	87.000000	2.449621
360	42.699671	3.138659	0.000000	87.000000	2.470186
361	42.686948	3.163218	0.000000	87.000000	2.422547
362	42.685229	3.177795	0.000000	87.000000	2.446535
363	42.690808	3.142567	0.000000	87.000000	2.459926
364	42.697939	3.133753	0.000000	87.000000	2.448037
365	42.692745	3.036334	0.000000	87.000000	2.429364
366	42.692244	3.044323	0.000000	87.000000	2.423267
367	42.694229	3.094881	0.000000	87.000000	2.426410
368	42.690104	3.071158	0.000000	87.000000	2.391256
369	42.685574	3.104655	0.000000	87.000000	2.456690
370	42.684793	3.035056	0.000000	87.000000	2.443969
371	42.671186	3.016450	0.000000	87.000000	2.418086
372	42.683816	2.964315	0.000000	87.000000	2.410705
373	42.672420	2.989749	0.000000	87.000000	2.448591
374	42.672089	2.999805	0.000000	87.000000	2.437304
375	42.672297	3.048305	0.000000	87.000000	2.425204
376	42.670548	3.052465	0.000000	87.000000	2.418854
377	42.689276	3.091540	0.000000	87.000000	2.449457
378	42.694545	3.130403	0.000000	87.000000	2.447994
379	42.690957	3.097342	0.000000	87.000000	2.420219
380	42.698914	3.236768	0.000000	87.000000	2.401901
381	42.696509	3.217400	0.000000	87.000000	2.426323
382	42.693686	3.252030	0.000000	87.000000	2.394812
383	42.708993	3.197422	0.000000	87.000000	2.482321
384	42.691004	3.262154	0.000000	87.000000	2.447361
385	42.679408	3.236272	0.000000	87.000000	2.436282
386	42.683661	3.271236	0.000000	87.000000	2.461880
387	42.696422	3.189195	0.000000	87.000000	2.401521
388	42.714009	3.203994	0.000000	87.000000	2.452909
389	42.712411	3.206930	0.000000	87.000000	2.448515
390	42.700660	3.128078	0.000000	87.000000	2.412347
391	42.701611	3.186125	0.000000	87.000000	2.420779
392	42.700410	3.211896	0.000000	87.000000	2.423107
393	42.715141	3.149047	0.000000	87.000000	2.428887
394	42.702165	3.144013	0.000000	87.000000	2.453284
395	42.701584	3.089862	0.000000	87.000000	2.405920
396	42.695287	3.083782	0.000000	87.000000	2.445422
397	42.706889	3.063645	0.000000	87.000000	2.404663
398	42.688572	3.087675	0.000000	87.000000	2.474409
399	42.687309	3.092830	0.000000	87.000000	2.430731
400	42.699271	3.021294	0.000000	87.000000	2.410626
401	42.701226	3.109309	0.000000	87.000000	2.431926
402	42.709738	3.192351	0.000000	87.000000	2.433497
403	42.684326	3.176200	0.000000	87.000000	2.443624
404	42.701799	3.186004	0.000000	87.000000	2.444903
405	42.705524	3.158268	0.000000	87.000000	2.444260
406	42.701182	3.140633	0.000000	87.000000	2.427731
407	42.699397	3.235688	0.000000	87.000000	2.485767
408	42.701599	3.265197	0.000000	87.000000	2.452677
409	42.700016	3.282225	0.000000	87.000000	2.426838
410	42.692703	3.273951	0.000000	87.000000	2.441101
411	42.700338	3.289547	0.000000	87.000000	2.430897
412	42.714304	3.209855	0.000000	87.000000	2.463373
413	42.714363	3.239042	0.000000	87.000000	2.456887
414	42.693913	3.194254	0.000000	87.000000	2.432437
415	42.696044	3.253462	0.000000	87.000000	2.442857
416	42.692298	3.240044	0.000000	87.000000	2.421693
417	42.688167	3.274865	0.000000	87.000000	2.454521
418	42.695707	3.304750	0.000000	87.000000	2.450824
419	42.706347	3.246795	0.000000	87.000000	2.414450
420	42.707664	3.188338	0.000000	87.000000	2.456911
421	42.693806	3.200352	0.000000	87.000000	2.449139
422	42.704669	3.253336	0.000000	87.000000	2.427778
423	42.708555	3.232412	0.000000	87.000000	2.406941
424	42.705387	3.185219	0.000000	87.000000	2.446010
425	42.709154	3.187534	0.000000	87.000000	2.438983
426	42.709970	3.269716	0.000000	87.000000	2.421782
427	42.728961	3.259794	0.000000	87.000000	2.416190
428	42.707402	3.280082	0.000000	87.000000	2.472073
429	42.717612	3.190326	0.000000	87.000000	2.460627
430	42.712802	3.121286	0.000000	87.000000	2.434032
431	42.714015	3.098112	0.000000	87.000000	2.436313
432	42.716074	3.207111	0.000000	87.000000	2.415400
433	42.704356	3.156932	0.000000	87.000000	2.435453
434	42.699468	3.217192	0.000000	87.000000	2.409113
435	42.704374	3.191993	0.000000	87.000000	2.450376
436	42.710090	3.183229	0.000000	87.000000	2.428622
437	42.702216	3.161876	0.000000	87.000000	2.435506
438	42.698222	3.231418	0.000000	87.000000	2.393393
439	42.696071	3.158600	0.000000	87.000000	2.445914
440	42.701477	3.073344	0.000000	87.000000	2.442240
441	42.690849	3.118737	0.000000	87.000000	2.408468
442	42.704171	3.187388	0.000000	87.000000	2.420149
443	42.716262	3.154008	0.000000	87.000000	2.458615
444	42.700154	3.204496	0.000000	87.000000	2.437928
445	42.714465	3.205504	0.000000	87.000000	2.411720
446	42.706406	3.147221	0.000000	87.000000	2.406543
447	42.719883	3.148095	0.000000	87.000000	2.459534
448	42.714536	3.216697	0.000000	87.000000	2.450889
449	42.705482	3.284542	0.000000	87.000000	2.429630
450	42.707774	3.259474	0.000000	87.000000	2.459357
451	42.714769	3.220438	0.000000	87.000000	2.426653
452	42.720610	3.153855	0.000000	87.000000	2.421781
453	42.710406	3.173319	0.000000	87.000000	2.394572
454	42.690235	3.263609	0.000000	87.000000	2.425979
455	42.702323	3.168834	0.000000	87.000000	2.403599
456	42.708641	3.174691	0.000000	87.000000	2.418776
457	42.702156	3.197577	0.000000	87.000000	2.439693
458	42.714179	3.130238	0.000000	87.000000	2.440638
459	42.722338	3.151094	0.000000	87.000000	2.406435
460	42.731214	3.094557	0.000000	87.000000	2.428850
461	42.719045	3.197697	0.000000	87.000000	2.472617
462	42.718065	3.257380	0.000000	87.000000	2.453338
463	42.714989	3.225554	0.000000	87.000000	2.427863
464	42.731977	3.265582	0.000000	87.000000	2.448832
465	42.719322	3.238667	0.000000	87.000000	2.435158
466	42.720181	3.249770	0.000000	87.000000	2.431516
467	42.719644	3.324303	0.000000	87.000000	2.441267
468	42.725259	3.339722	0.000000	87.000000	2.405507
469	42.729923	3.275339	0.000000	87.000000	2.431312
470	42.721379	3.298350	0.000000	87.000000	2.408253
471	42.730710	3.299103	0.000000	87.000000	2.416806
472	42.746109	3.299894	0.000000	87.000000	2.469312
473	42.721105	3.267532	0.000000	87.000000	2.431115
474	42.728746	3.292292	0.000000	87.000000	2.400852
475	42.704397	3.391938	0.000000	87.000000	2.426393
476	42.718175	3.490329	0.000000	87.000000	2.461336
477	42.717466	3.441861	0.000000	87.000000	2.450160
478	42.723432	3.379560	0.000000	87.000000	2.422459
479	42.718339	3.378156	0.000000	87.000000	2.468571
480	42.700493	3.332837	0.000000	87.000000	2.417193
481	42.715019	3.344873	0.000000	87.000000	2.458615
482	42.716202	3.295368	0.000000	87.000000	2.430929
483	42.719710	3.250903	0.000000	87.000000	2.429572
484	42.725015	3.279492	0.000000	87.000000	2.434778
485	42.719761	3.251484	0.000000	87.000000	2.429181
486	42.721480	3.223610	0.000000	87.000000	2.446672
487	42.701751	3.311867	0.000000	87.000000	2.414385
488	42.722532	3.319239	0.000000	87.000000	2.449685
489	42.719194	3.265099	0.000000	87.000000	2.436106
490	42.726278	3.232366	0.000000	87.000000	2.428779
491	42.720804	3.277035	0.000000	87.000000	2.435227
492	42.711473	3.312090	0.000000	87.000000	2.465128
493	42.723930	3.278216	0.000000	87.000000	2.431006
494	42.715371	3.273570	0.000000	87.000000	2.419239
495	42.715925	3.283668	0.000000	87.000000	2.401817
496	42.721093	3.347434	0.000000	87.000000	2.410689
497	42.722893	3.326965	0.000000	87.000000	2.403075
498	42.713106	3.283637	0.000000	87.000000	2.492230
499	42.717439	3.267413	0.000000	87.000000	2.399460
500	42.706954	3.283460	0.000000	87.000000	2.415238
501	42.719766	3.318644	0.000000	87.000000	2.397184
502	42.729461	3.423464	0.000000	87.000000	2.437282
503	42.711583	3.321572	0.000000	87.000000	2.410844
504	42.728102	3.205465	0.000000	87.000000	2.434318
505	42.734456	3.332620	0.000000	87.000000	2.439822
506	42.732102	3.360656	0.000000	87.000000	2.450311
507	42.722613	3.358611	0.000000	87.000000	2.406005
508	42.727545	3.307064	0.000000	87.000000	2.467343
509	42.735505	3.423160	0.000000	87.000000	2.432341
510	42.717576	3.449074	0.000000	87.000000	2.453582
511	42.726418	3.420497	0.000000	87.000000	2.442426
512	42.734027	3.398701	0.000000	87.000000	2.411548
513	42.726237	3.384432	0.000000	87.000000	2.425601
514	42.734802	3.442037	0.000000	87.000000	2.443404
515	42.745495	3.409840	0.000000	87.000000	2.458725
516	42.745876	3.433901	0.000000	87.000000	2.394557
517	42.744899	3.378719	0.000000	87.000000	2.477622
518	42.738158	3.333187	0.000000	87.000000	2.440682
519	42.743218	3.374602	0.000000	87.000000	2.466022
520	42.748311	3.461248	0.000000	87.000000	2.448161
521	42.730442	3.474878	0.000000	87.000000	2.398917
522	42.727008	3.489771	0.000000	87.000000	2.463412
523	42.731202	3.489996	0.000000	87.000000	2.447435
524	42.733806	3.468128	0.000000	87.000000	2.431688
525	42.711338	3.455124	0.000000	87.000000	2.465580
526	42.725885	3.569467	0.000000	87.000000	2.418621
527	42.720145	3.507343	0.000000	87.000000	2.434914
528	42.722416	3.512941	0.000000	87.000000	2.405329
529	42.719656	3.452493	0.000000	87.000000	2.445889
530	42.715120	3.476558	0.000000	87.000000	2.455649
531	42.713729	3.348666	0.000000	87.000000	2.465656
532	42.731953	3.445802	0.000000	87.000000	2.457223
533	42.716920	3.504388	0.000000	87.000000	2.420212
534	42.720845	3.398589	0.000000	87.000000	2.436715
535	42.711568	3.408963	0.000000	87.000000	2.442713
536	42.721307	3.420579	0.000000	87.000000	2.456969
537	42.718464	3.444896	0.000000	87.000000	2.447209
538	42.711622	3.371572	0.000000	87.000000	2.407150
539	42.718366	3.379785	0.000000	87.000000	2.429128
540	42.723572	3.399754	0.000000	87.000000	2.410614
541	42.725131	3.425074	0.000000	87.000000	2.443422
542	42.718619	3.489729	0.000000	87.000000	2.431772
543	42.705902	3.414368	0.000000	87.000000	2.436009
544	42.718965	3.427855	0.000000	87.000000	2.412416
545	42.727757	3.451409	0.000000	87.000000	2.414818
546	42.731392	3.506145	0.000000	87.000000	2.439265
547	42.738360	3.478191	0.000000	87.000000	2.443352
548	42.741442	3.366763	0.000000	87.000000	2.401922
549	42.734355	3.373544	0.000000	87.000000	2.416808
550	42.740244	3.304992	0.000000	87.000000	2.431084
551	42.739639	3.346328	0.000000	87.000000	2.394713
552	42.750865	3.460289	0.000000	87.000000	2.478286
553	42.745113	3.453828	0.000000	87.000000	2.434731
554	42.731351	3.491277	0.000000	87.000000	2.436935
555	42.735368	3.509272	0.000000	87.000000	2.457201
556	42.750376	3.520271	0.000000	87.000000	2.425147
557	42.745766	3.565466	0.000000	87.000000	2.465901
558	42.734551	3.438113	0.000000	87.000000	2.448181
559	42.738989	3.568445	0.000000	87.000000	2.428699
560	42.736587	3.505544	0.000000	87.000000	2.446518
561	42.728740	3.537386	0.000000	87.000000	2.420249
562	42.728055	3.539278	0.000000	87.000000	2.444152
563	42.752269	3.598428	0.000000	87.000000	2.446240
564	42.748722	3.525671	0.000000	87.000000	2.439678
565	42.747840	3.544051	0.000000	87.000000	2.416665
566	42.755556	3.538597	0.000000	87.000000	2.443494
567	42.757094	3.635194	0.000000	87.000000	2.436911
568	42.751878	3.618155	0.000000	87.000000	2.419855
569	42.748910	3.511382	0.000000	87.000000	2.425798
570	42.760286	3.540830	0.000000	87.000000	2.451662
571	42.755079	3.664340	0.000000	87.000000	2.472626
572	42.766249	3.612488	0.000000	87.000000	2.385504
573	42.752582	3.717396	0.000000	87.000000	2.489609
574	42.752659	3.543628	0.000000	87.000000	2.440025
575	42.745370	3.562892	0.000000	87.000000	2.465683
576	42.745578	3.559627	0.000000	87.000000	2.424267
577	42.758834	3.626840	0.000000	87.000000	2.406033
578	42.768621	3.579712	0.000000	87.000000	2.443846
579	42.755890	3.540908	0.000000	87.000000	2.413341
580	42.751315	3.610742	0.000000	87.000000	2.441111
581	42.760199	3.637953	0.000000	87.000000	2.423579
582	42.753994	3.627821	0.000000	87.000000	2.457145
583	42.764121	3.679092	0.000000	87.000000	2.456517
584	42.765421	3.674466	0.000000	87.000000	2.398627
585	42.750630	3.650969	0.000000	87.000000	2.439790
586	42.748916	3.588164	0.000000	87.000000	2.448511
587	42.756259	3.538686	0.000000	87.000000	2.444473
588	42.755210	3.502722	0.000000	87.000000	2.426630
589	42.759487	3.585106	0.000000	87.000000	2.473750
590	42.752391	3.516946	0.000000	87.000000	2.428523
591	42.767704	3.571560	0.000000	87.000000	2.411988
592	42.751598	3.608772	0.000000	87.000000	2.390631
593	42.752135	3.584986	0.000000	87.000000	2.455673
594	42.760170	3.672455	0.000000	87.000000	2.458567
595	42.758134	3.675686	0.000000	87.000000	2.413291
596	42.749643	3.643345	0.000000	87.000000	2.412071
597	42.748368	3.655337	0.000000	87.000000	2.459170
598	42.742038	3.699150	0.000000	87.000000	2.453008
599	42.753905	3.673719	0.000000	87.000000	2.421484
600	42.767680	3.615649	0.000000	87.000000	2.430942
601	42.762962	3.686340	0.000000	87.000000	2.440055
602	42.757595	3.672592	0.000000	87.000000	2.440791
603	42.727315	3.658417	0.000000	87.000000	2.398326
604	42.743826	3.634204	0.000000	87.000000	2.450015
605	42.747986	3.636808	0.000000	87.000000	2.439705
606	42.749357	3.607872	0.000000	87.000000	2.426255
607	42.752343	3.557218	0.000000	87.000000	2.395057
608	42.758656	3.514021	0.000000	87.000000	2.431545
609	42.752236	3.515808	0.000000	87.000000	2.416118
610	42.742395	3.669470	0.000000	87.000000	2.412693
611	42.732650	3.638454	0.000000	87.000000	2.457462
612	42.717797	3.726794	0.000000	87.000000	2.457542
613	42.734045	3.700159	0.000000	87.000000	2.415875
614	42.736450	3.726069	0.000000	87.000000	2.465859
615	42.728001	3.740084	0.000000	87.000000	2.434436
616	42.734879	3.690180	0.000000	87.000000	2.451663
617	42.747203	3.705213	0.000000	87.000000	2.463157
618	42.739332	3.751374	0.000000	87.000000	2.446621
619	42.741930	3.702436	0.000000	87.000000	2.450432
620	42.739809	3.638842	0.000000	87.000000	2.447631
621	42.750201	3.683973	0.000000	87.000000	2.444185
622	42.752886	3.640182	0.000000	87.000000	2.427863
623	42.744142	3.688781	0.000000	87.000000	2.397285
624	42.742407	3.695653	0.000000	87.000000	2.464699
625	42.758286	3.665911	0.000000	87.000000	2.444086
626	42.756683	3.796020	0.000000	87.000000	2.406045
627	42.764163	3.758397	0.000000	87.000000	2.406112
628	42.756426	3.732450	0.000000	87.000000	2.457125
629	42.755550	3.758525	0.000000	87.000000	2.453564
630	42.923921	3.778164	0.000000	87.000000	2.408625
631	42.978323	3.685647	0.000000	87.000000	2.406807
632	42.998773	3.599154	0.000000	87.000000	2.443554
633	43.019062	3.631164	0.000000	87.000000	2.422043
634	43.034005	3.681381	0.000000	87.000000	2.429888
635	43.044484	3.743547	0.000000	87.000000	2.433441
636	43.053854	3.712487	0.000000	87.000000	2.445781
637	43.057013	3.733749	0.000000	87.000000	2.463262
638	43.067878	3.705544	0.000000	87.000000	2.417511
639	43.068188	3.697967	0.000000	87.000000	2.465254
640	43.068105	3.667725	0.000000	87.000000	2.432218
641	43.078291	3.668606	0.000000	87.000000	2.438848
642	43.078822	3.747813	0.000000	87.000000	2.415189
643	43.080825	3.667480	0.000000	87.000000	2.467812
644	43.095016	3.674405	0.000000	87.000000	2.478804
645	43.083525	3.765579	0.000000	87.000000	2.449365
646	43.090063	3.719881	0.000000	87.000000	2.466765
647	43.082762	3.759550	0.000000	87.000000	2.452406
648	43.084019	3.742854	0.000000	87.000000	2.384872
649	43.093240	3.739369	0.000000	87.000000	2.455258
650	43.085632	3.753467	0.000000	87.000000	2.451924
651	43.097726	3.742603	0.000000	87.000000	2.420220
652	43.093801	3.704820	0.000000	87.000000	2.418586
653	43.091339	3.703330	0.000000	87.000000	2.454262
654	43.099374	3.696571	0.000000	87.000000	2.436592
655	43.097904	3.714326	0.000000	87.000000	2.415846
656	43.102473	3.733991	0.000000	87.000000	2.416251
657	43.113059	3.752239	0.000000	87.000000	2.413477
658	43.118897	3.671046	0.000000	87.000000	2.399738
659	43.114191	3.654183	0.000000	87.000000	2.492099
660	43.107074	3.657353	0.000000	87.000000	2.429582
661	43.109190	3.629006	0.000000	87.000000	2.438331
662	43.119758	3.652560	0.000000	87.000000	2.477752
663	43.129319	3.665175	0.000000	87.000000	2.434484
664	43.123758	3.637642	0.000000	87.000000	2.434070
665	43.127757	3.701898	0.000000	87.000000	2.426607
666	43.120229	3.628918	0.000000	87.000000	2.405953
667	43.116280	3.601028	0.000000	87.000000	2.406060
668	43.114859	3.714424	0.000000	87.000000	2.444201
669	43.116480	3.729228	0.000000	87.000000	2.424172
670	43.106306	3.774425	0.000000	87.000000	2.427075
671	43.122822	3.785588	0.000000	87.000000	2.417565
672	43.104026	3.730187	0.000000	87.000000	2.432070
673	43.127710	3.721735	0.000000	87.000000	2.434642
674	43.121797	3.799647	0.000000	87.000000	2.472874
675	43.119365	3.844336	0.000000	87.000000	2.475047
676	43.124056	3.839604	0.000000	87.000000	2.436179
677	43.124747	3.836931	0.000000	87.000000	2.449549
678	43.135840	3.793737	0.000000	87.000000	2.445351
679	43.132302	3.819518	0.000000	87.000000	2.436668
680	43.125600	3.836761	0.000000	87.000000	2.467844
681	43.123987	3.817751	0.000000	87.000000	2.446467
682	43.127346	3.790041	0.000000	87.000000	2.432928
683	43.132862	3.743240	0.000000	87.000000	2.444269
684	43.123198	3.731290	0.000000	87.000000	2.426142
685	43.117988	3.766435	0.000000	87.000000	2.478332
686	43.127853	3.767958	0.000000	87.000000	2.445682
687	43.117440	3.855028	0.000000	87.000000	2.428421
688	43.127456	3.852225	0.000000	87.000000	2.466748
689	43.124557	3.818631	0.000000	87.000000	2.405433
690	43.119541	3.716447	0.000000	87.000000	2.465377
691	43.138728	3.783001	0.000000	87.000000	2.450201
692	43.126404	3.740438	0.000000	87.000000	2.445153
693	43.130851	3.730335	0.000000	87.000000	2.460437
694	43.132758	3.744367	0.000000	87.000000	2.419594
695	43.132263	3.732468	0.000000	87.000000	2.453680
696	43.123245	3.794828	0.000000	87.000000	2.447969
697	43.120319	3.797603	0.000000	87.000000	2.432615
698	43.133146	3.774582	0.000000	87.000000	2.444947
699	43.127501	3.749441	0.000000	87.000000	2.432173
700	43.140191	3.828948	0.000000	87.000000	2.440296
701	43.135154	3.816997	0.000000	87.000000	2.393981
702	43.137473	3.754444	0.000000	87.000000	2.451398
703	43.136251	3.797396	0.000000	87.000000	2.439431
704	43.119466	3.746891	0.000000	87.000000	2.432016
705	43.142432	3.713945	0.000000	87.000000	2.394824
706	43.140909	3.697532	0.000000	87.000000	2.472693
707	43.140504	3.768969	0.000000	87.000000	2.447561
708	43.150163	3.767047	0.000000	87.000000	2.402655
709	43.138418	3.807650	0.000000	87.000000	2.423417
710	43.135509	3.724235	0.000000	87.000000	2.442684
711	43.130207	3.800226	0.000000	87.000000	2.486455
712	43.141240	3.787154	0.000000	87.000000	2.446869
713	43.145210	3.880478	0.000000	87.000000	2.426903
714	43.147346	3.889615	0.000000	87.000000	2.415969
715	43.142465	3.863405	0.000000	87.000000	2.416118
716	43.137833	3.860285	0.000000	87.000000	2.399173
717	43.142039	3.807360	0.000000	87.000000	2.417278
718	43.146971	3.809887	0.000000	87.000000	2.410606
719	43.141186	3.767703	0.000000	87.000000	2.386626
720	43.145955	3.739801	0.000000	87.000000	2.459354
721	43.151495	3.767511	0.000000	87.000000	2.453253
722	43.144378	3.734012	0.000000	87.000000	2.429039
723	43.144009	3.807906	0.000000	87.000000	2.438584
724	43.140349	3.749301	0.000000	87.000000	2.431983
725	43.151435	3.707989	0.000000	87.000000	2.435123
726	43.162912	3.715792	0.000000	87.000000	2.409034
727	43.151268	3.735395	0.000000	87.000000	2.422671
728	43.152800	3.746607	0.000000	87.000000	2.432685
729	43.161389	3.758584	0.000000	87.000000	2.430843
730	43.157023	3.793212	0.000000	87.000000	2.410182
731	43.155608	3.742087	0.000000	87.000000	2.416303
732	43.136865	3.865806	0.000000	87.000000	2.439038
733	43.137622	3.810742	0.000000	87.000000	2.402938
734	43.148690	3.797912	0.000000	87.000000	2.485595
735	43.145382	3.746085	0.000000	87.000000	2.478022
736	43.133396	3.771404	0.000000	87.000000	2.451251
737	43.143854	3.787908	0.000000	87.000000	2.467487
738	43.140659	3.872169	0.000000	87.000000	2.472611
739	43.146497	3.797833	0.000000	87.000000	2.432669
740	43.156129	3.832110	0.000000	87.000000	2.424930
741	43.156970	3.757166	0.000000	87.000000	2.450928
742	43.157175	3.757565	0.000000	87.000000	2.463624
743	43.155277	3.793538	0.000000	87.000000	2.438812
744	43.162996	3.781473	0.000000	87.000000	2.427243
745	43.160731	3.735385	0.000000	87.000000	2.438270
746	43.151039	3.736758	0.000000	87.000000	2.433215
747	43.156761	3.788512	0.000000	87.000000	2.424154
748	43.163362	3.841644	0.000000	87.000000	2.429089
749	43.156025	3.840849	0.000000	87.000000	2.448526
750	43.162209	3.804637	0.000000	87.000000	2.442387
751	43.155891	3.818368	0.000000	87.000000	2.422273
752	43.162578	3.788470	0.000000	87.000000	2.457842
753	43.153158	3.864505	0.000000	87.000000	2.425998
754	43.146932	3.836693	0.000000	87.000000	2.416599
755	43.147552	3.903197	0.000000	87.000000	2.407461
756	43.146822	3.866342	0.000000	87.000000	2.449987
757	43.154967	3.857743	0.000000	87.000000	2.464099
758	43.158078	3.865890	0.000000	87.000000	2.479068
759	43.158388	3.834616	0.000000	87.000000	2.431121
760	43.153623	3.826328	0.000000	87.000000	2.394929
761	43.156171	3.907102	0.000000	87.000000	2.451903
762	43.158937	3.863066	0.000000	87.000000	2.465552
763	43.145102	3.943861	0.000000	87.000000	2.432430
764	43.162423	3.943364	0.000000	87.000000	2.447006
765	43.172914	3.921849	0.000000	87.000000	2.435214
766	43.177524	3.883534	0.000000	87.000000	2.455925
767	43.176413	3.873592	0.000000	87.000000	2.471706
768	43.172854	3.817381	0.000000	87.000000	2.439800
769	43.161148	3.841654	0.000000	87.000000	2.440633
770	43.169561	3.872506	0.000000	87.000000	2.435795
771	43.163452	3.865882	0.000000	87.000000	2.457330
772	43.161541	3.879925	0.000000	87.000000	2.453005
773	43.166521	3.896870	0.000000	87.000000	2.418068
774	43.159711	3.837860	0.000000	87.000000	2.486560
775	43.161863	3.827542	0.000000	87.000000	2.418804
776	43.172324	3.835734	0.000000	87.000000	2.473892
777	43.170661	3.897021	0.000000	87.000000	2.445526
778	43.171453	3.904367	0.000000	87.000000	2.404815
779	43.153435	3.935211	0.000000	87.000000	2.470969
780	43.159789	3.843482	0.000000	87.000000	2.421128
781	43.155181	3.841282	0.000000	87.000000	2.450736
782	43.162486	3.885237	0.000000	87.000000	2.442924
783	43.157780	3.826007	0.000000	87.000000	2.473928
784	43.155852	3.815847	0.000000	87.000000	2.455215
785	43.165928	3.872911	0.000000	87.000000	2.434012
786	43.167436	3.887282	0.000000	87.000000	2.464056
787	43.168131	3.807899	0.000000	87.000000	2.450548
788	43.162811	3.861661	0.000000	87.000000	2.410703
789	43.155771	3.850134	0.000000	87.000000	2.446922
790	43.156821	3.833127	0.076628	87.000000	2.451908
791	43.164647	3.886125	0.000000	87.000000	2.441179
792	43.163633	3.873876	0.000000	87.000000	2.448431
793	43.171012	3.926190	0.000000	87.000000	2.416638
794	43.180203	3.881018	0.000000	87.000000	2.443243
795	43.174732	3.903559	0.000000	87.000000	2.411306
796	43.170345	3.937874	0.076628	87.000000	2.457326
797	43.163133	3.801114	0.000000	87.000000	2.417336
798	43.174705	3.811757	0.000000	87.000000	2.436479
799	43.171713	3.851801	0.076628	87.000000	2.405701
800	43.169248	3.747279	0.076628	87.000000	2.422314
801	43.166092	3.799236	0.000000	87.000000	2.453948
802	43.159586	3.828857	0.000000	87.000000	2.439174
803	43.171722	3.877817	0.000000	87.000000	2.378527
804	43.165928	3.859307	0.000000	87.000000	2.441602
805	43.169540	3.819338	0.000000	87.000000	2.412853
806	43.169063	3.783172	0.000000	87.000000	2.425070
807	43.159238	3.837097	0.000000	87.000000	2.427324
808	43.167490	3.807027	0.000000	87.000000	2.441549
809	43.171334	3.844121	0.076628	87.000000	2.395448
810	43.178716	3.936585	0.000000	87.000000	2.399364
811	43.164879	3.860597	0.000000	87.000000	2.433805
812	43.163115	3.883767	0.000000	87.000000	2.401491
813	43.175071	3.837085	0.000000	87.000000	2.499729
814	43.163919	3.835107	0.000000	87.000000	2.481902
815	43.173850	3.880428	0.000000	87.000000	2.437348
816	43.158746	3.818557	0.000000	87.000000	2.475752
817	43.178731	3.835525	0.000000	87.000000	2.454000
818	43.161589	3.843067	0.000000	87.000000	2.444718
819	43.159223	3.909772	0.000000	87.000000	2.469295
820	43.161452	3.919195	0.000000	87.000000	2.473887
821	43.161777	3.923755	0.000000	87.000000	2.474229
822	43.174046	4.008667	0.000000	87.000000	2.437196
823	43.184245	3.886836	0.000000	87.000000	2.480272
824	43.174976	3.876537	0.000000	87.000000	2.462287
825	43.169045	3.845643	0.076628	87.000000	2.401075
826	43.178350	3.859090	0.076628	87.000000	2.478228
827	43.189728	3.863345	0.000000	87.000000	2.513678
828	43.187308	3.861620	0.000000	87.000000	2.509490
829	43.175602	3.789437	0.076628	87.000000	2.476131
830	43.188745	3.917787	0.076628	87.000000	2.443008
831	43.176121	3.919944	0.000000	87.000000	2.469423
832	43.184105	3.990426	0.000000	87.000000	2.448350
833	43.190831	4.038627	0.000000	87.000000	2.399242
834	43.182147	3.916409	0.000000	87.000000	2.502215
835	43.181849	3.905230	0.000000	87.000000	2.467685
836	43.185109	3.920697	0.000000	87.000000	2.439233
837	43.177301	4.022022	0.000000	87.000000	2.444343
838	43.181837	4.002820	0.000000	87.000000	2.444632
839	43.185341	3.936488	0.000000	87.000000	2.442313
840	43.196571	3.974151	0.000000	87.000000	2.474487
841	43.189746	3.921488	0.000000	87.000000	2.439731
842	43.180668	3.977296	0.000000	87.000000	2.435869
843	43.197775	3.996491	0.000000	87.000000	2.450060
844	43.186867	3.935033	0.000000	87.000000	2.399748
845	43.186033	3.945257	0.000000	87.000000	2.424200
846	43.175960	3.997761	0.000000	87.000000	2.416145
847	43.173730	3.964247	0.000000	87.000000	2.415139
848	43.177661	3.967967	0.000000	87.000000	2.424349
849	43.181938	3.949481	0.000000	87.000000	2.397880
850	43.180698	3.962224	0.000000	87.000000	2.415834
851	43.174130	3.934259	0.000000	87.000000	2.413198
852	43.155807	3.984387	0.000000	87.000000	2.404440
853	43.175691	3.959275	0.076628	87.000000	2.438894
854	43.179336	3.981670	0.076628	87.000000	2.419883
855	43.177035	3.903115	0.000000	87.000000	2.393599
856	43.168324	3.915289	0.000000	87.000000	2.413765
857	43.172276	3.879955	0.000000	87.000000	2.438754
858	43.174970	3.954151	0.000000	87.000000	2.384977
859	43.152857	3.947708	0.000000	87.000000	2.418869
860	43.155417	3.927378	0.000000	87.000000	2.405772
861	43.167418	3.928797	0.000000	87.000000	2.383482
862	43.171555	3.915630	0.000000	87.000000	2.437009
863	43.177527	3.956192	0.000000	87.000000	2.417481
864	43.174046	3.883635	0.000000	87.000000	2.382679
865	43.175086	3.969158	0.000000	87.000000	2.408703
866	43.172657	3.970210	0.000000	87.000000	2.397663
867	43.164152	3.954910	0.000000	87.000000	2.414131
868	43.174267	3.943478	0.000000	87.000000	2.415923
869	43.183699	4.039101	0.000000	87.000000	2.397512
870	43.179283	3.949200	0.000000	87.000000	2.410967
871	43.182075	3.997134	0.000000	87.000000	2.395859
872	43.178791	4.000542	0.000000	87.000000	2.379881
873	43.187696	4.038691	0.000000	87.000000	2.414105
874	43.191230	4.012749	0.000000	87.000000	2.396178
875	43.188578	4.067850	0.000000	87.000000	2.437468
876	43.172342	4.044184	0.000000	87.000000	2.419557
877	43.182534	3.939132	0.000000	87.000000	2.391838
878	43.183762	3.874224	0.000000	87.000000	2.396052
879	43.177706	4.038295	0.000000	87.000000	2.423405
880	43.187594	3.939845	0.000000	87.000000	2.402557
881	43.192387	3.986379	0.000000	87.000000	2.426050
882	43.182030	3.982759	0.000000	87.000000	2.388820
883	43.181580	4.015297	0.000000	87.000000	2.387642
884	43.167955	4.006440	0.000000	87.000000	2.433264
885	43.181145	3.961964	0.000000	87.000000	2.425182
886	43.193403	4.018944	0.000000	87.000000	2.392355
887	43.172285	4.024739	0.000000	87.000000	2.388200
888	43.181139	3.965792	0.000000	87.000000	2.397142
889	43.171903	3.964636	0.000000	87.000000	2.404622
890	43.182844	3.953116	0.000000	87.000000	2.385968
891	43.180919	3.895115	0.000000	87.000000	2.405658
892	43.167979	3.999313	0.000000	87.000000	2.437331
893	43.171453	3.997495	0.000000	87.000000	2.393989
894	43.171465	3.989618	0.000000	87.000000	2.390897
895	43.350664	4.060641	0.000000	87.000000	2.418951
896	43.391252	4.002625	0.000000	87.000000	2.392904
897	43.425798	4.013432	0.000000	87.000000	2.425374
898	43.441063	3.999501	0.000000	87.000000	2.420168
899	43.451107	3.997227	0.000000	87.000000	2.397899
900	43.467891	3.914136	0.000000	87.000000	2.413671
901	43.466052	3.975356	0.000000	87.000000	2.378526
902	43.467569	3.994792	0.000000	87.000000	2.431081
903	43.475026	3.978532	0.076628	87.000000	2.413830
904	43.480092	4.037418	0.076628	87.000000	2.373649
905	43.472785	4.056229	0.000000	87.000000	2.438229
906	43.470058	4.023504	0.000000	87.000000	2.396997
907	43.474019	4.068802	0.000000	87.000000	2.412841
908	43.490732	4.066302	0.000000	87.000000	2.416439
909	43.485036	4.002257	0.000000	87.000000	2.410341
910	43.482918	4.015439	0.000000	87.000000	2.384209
911	43.491071	4.034605	0.000000	87.000000	2.409716
912	43.500710	4.130661	0.000000	87.000000	2.384080
913	43.495935	4.065138	0.076628	87.000000	2.409346
914	43.502092	4.081990	0.076628	87.000000	2.429687
915	43.505424	4.159683	0.076628	87.000000	2.386163
916	43.499279	4.143420	0.076628	87.000000	2.399915
917	43.505657	4.135268	0.076628	87.000000	2.393538
918	43.515477	4.183030	0.000000	87.000000	2.416160
919	43.503743	4.161679	0.000000	87.000000	2.407302
920	43.510678	4.095886	0.000000	87.000000	2.389922
921	43.507463	4.063101	0.076628	87.000000	2.417130
922	43.511683	4.003915	0.000000	87.000000	2.426987
923	43.503135	4.034077	0.000000	87.000000	2.400573
924	43.509960	4.104849	0.076628	87.000000	2.407419
925	43.502271	4.093186	0.000000	87.000000	2.409064
926	43.508479	4.064106	0.000000	87.000000	2.403051
927	43.509156	4.039501	0.000000	87.000000	2.443869
928	43.515819	4.143712	0.076628	87.000000	2.394989
929	43.517071	4.108474	0.000000	87.000000	2.393737
930	43.511254	4.084993	0.000000	87.000000	2.408012
931	43.507081	4.058621	0.000000	87.000000	2.385028
932	43.518180	4.051979	0.000000	87.000000	2.416604
933	43.512693	4.012504	0.000000	87.000000	2.391811
934	43.507579	4.007407	0.000000	87.000000	2.407653
935	43.509227	4.025977	0.000000	87.000000	2.403051
936	43.518418	4.052131	0.000000	87.000000	2.369889
937	43.528327	4.044180	0.000000	87.000000	2.385632
938	43.528077	4.064356	0.000000	87.000000	2.363636
939	43.523201	4.048975	0.000000	87.000000	2.419453
940	43.523780	4.091648	0.076628	87.000000	2.407565
941	43.509519	4.060037	0.076628	87.000000	2.407330
942	43.521559	4.069656	0.076628	87.000000	2.412122
943	43.513733	4.087525	0.000000	87.000000	2.384063
944	43.523943	4.057089	0.000000	87.000000	2.397431
945	43.519661	4.121157	0.000000	87.000000	2.424165
946	43.522108	4.057208	0.000000	87.000000	2.360301
947	43.519521	4.021915	0.000000	87.000000	2.383947
948	43.529245	4.057817	0.000000	87.000000	2.412476
949	43.524742	4.022507	0.000000	87.000000	2.401007
950	43.525428	3.986173	0.000000	87.000000	2.377604
951	43.522936	3.987137	0.076628	87.000000	2.399216
952	43.515509	4.004092	0.076628	87.000000	2.422190
953	43.518242	4.084378	0.076628	87.000000	2.396238
954	43.515909	4.083926	0.076628	87.000000	2.435069
955	43.510994	4.070405	0.076628	87.000000	2.392394
956	43.511933	4.114077	0.000000	87.000000	2.414379
957	43.514657	4.108041	0.076628	87.000000	2.410200
958	43.536931	4.026162	0.076628	87.000000	2.376395
959	43.522617	4.163109	0.000000	87.000000	2.398725
960	43.526325	4.074480	0.000000	87.000000	2.439162
961	43.530577	4.091138	0.000000	87.000000	2.388979
962	43.533626	4.134374	0.000000	87.000000	2.419499
963	43.536717	4.168700	0.000000	87.000000	2.421844
964	43.535095	4.184985	0.000000	87.000000	2.387213
965	43.531317	4.179048	0.000000	87.000000	2.405608
966	43.541193	4.178407	0.000000	87.000000	2.398048
967	43.536240	4.168671	0.000000	87.000000	2.397687
968	43.542027	4.216698	0.000000	87.000000	2.420540
969	43.526983	4.247562	0.000000	87.000000	2.390568
970	43.522999	4.111654	0.000000	87.000000	2.421539
971	43.531865	4.146566	0.000000	87.000000	2.414493
972	43.527704	4.152593	0.000000	87.000000	2.403933
973	43.526778	4.146429	0.000000	87.000000	2.402034
974	43.535119	4.141616	0.000000	87.000000	2.378771
975	43.539032	4.130851	0.000000	87.000000	2.383984
976	43.540764	4.105388	0.000000	87.000000	2.371987
977	43.538511	4.176404	0.000000	87.000000	2.415769
978	43.542057	4.205717	0.000000	87.000000	2.393160
979	43.539172	4.172591	0.000000	87.000000	2.405272
980	43.541002	4.136935	0.000000	87.000000	2.436329
981	43.533266	4.149176	0.000000	87.000000	2.398901
982	43.545189	4.131745	0.000000	87.000000	2.375128
983	43.535548	4.198335	0.000000	87.000000	2.415279
984	43.535984	4.131473	0.000000	87.000000	2.402386
985	43.522334	4.158195	0.000000	87.000000	2.396288
986	43.533182	4.167126	0.000000	87.000000	2.410029
987	43.524164	4.105557	0.000000	87.000000	2.374443
988	43.532139	4.133463	0.000000	87.000000	2.426553
989	43.526858	4.106818	0.000000	87.000000	2.422251
990	43.529317	4.085875	0.000000	87.000000	2.396759
991	43.536830	4.094602	0.000000	87.000000	2.417123
992	43.534589	4.085520	0.000000	87.000000	2.390900
993	43.531877	4.097763	0.000000	87.000000	2.401190
994	43.525547	4.143792	0.000000	87.000000	2.428369
995	43.511599	4.171452	0.000000	87.000000	2.437367
996	43.525892	4.135784	0.000000	87.000000	2.419737
997	43.530047	4.218937	0.000000	87.000000	2.372641
998	43.534908	4.153014	0.000000	87.000000	2.391886
999	43.544120	4.171350	0.000000	87.000000	2.426304
1000	43.548697	4.128068	0.000000	87.000000	2.390373
1001	43.533266	4.084987	0.000000	87.000000	2.393400
1002	43.531799	4.128060	0.000000	87.000000	2.426126
1003	43.539774	4.126842	0.000000	87.000000	2.421482
1004	43.540424	4.154867	0.076628	87.000000	2.391394
1005	43.536693	4.172977	0.000000	87.000000	2.403979
1006	43.537864	4.119610	0.000000	87.000000	2.401931
1007	43.527001	4.154176	0.000000	87.000000	2.429644
1008	43.539375	4.180597	0.000000	87.000000	2.383131
1009	43.540084	4.116408	0.000000	87.000000	2.394862
1010	43.533832	4.164547	0.000000	87.000000	2.435647
1011	43.529987	4.147008	0.000000	87.000000	2.385605
1012	43.530297	4.152936	0.000000	87.000000	2.397093
1013	43.538731	4.137980	0.000000	87.000000	2.413703
1014	43.536252	4.221759	0.000000	87.000000	2.402698
1015	43.546683	4.209651	0.000000	87.000000	2.401632
1016	43.548152	4.171084	0.000000	87.000000	2.401022
1017	43.547791	4.152113	0.000000	87.000000	2.416738
1018	43.537930	4.171890	0.000000	87.000000	2.423887
1019	43.536916	4.175500	0.000000	87.000000	2.383534
1020	43.543142	4.183826	0.000000	87.000000	2.404898
1021	43.539977	4.177951	0.000000	87.000000	2.414633
1022	43.548626	4.173859	0.000000	87.000000	2.370337
1023	43.545914	4.171678	0.000000	87.000000	2.426954
1024	43.543494	4.175530	0.000000	87.000000	2.416431
1025	43.543062	4.144599	0.000000	87.000000	2.405314
1026	43.540531	4.150790	0.000000	87.000000	2.416382
1027	43.541402	4.180728	0.000000	87.000000	2.387066
1028	43.529281	4.134733	0.000000	87.000000	2.401817
1029	43.538359	4.140254	0.000000	87.000000	2.432479
1030	43.545341	4.144143	0.000000	87.000000	2.413817
1031	43.537915	4.172937	0.000000	87.000000	2.425771
1032	43.530422	4.111218	0.000000	87.000000	2.399624
1033	43.534485	4.138202	0.000000	87.000000	2.390930
1034	43.529481	4.139084	0.076628	87.000000	2.415606
1035	43.524766	4.140970	0.000000	87.000000	2.393852
1036	43.530393	4.162863	0.000000	87.000000	2.403532
1037	43.535081	4.191735	0.000000	87.000000	2.419861
1038	43.538660	4.151347	0.000000	87.000000	2.374450
1039	43.531784	4.135934	0.000000	87.000000	2.419562
1040	43.529597	4.160777	0.000000	87.000000	2.399296
1041	43.530259	4.150180	0.000000	87.000000	2.403323
1042	43.525517	4.166137	0.000000	87.000000	2.413334
1043	43.531880	4.141833	0.000000	87.000000	2.398444
1044	43.532223	4.096979	0.000000	87.000000	2.407221
1045	43.544424	4.051305	0.000000	87.000000	2.433519
1046	43.535802	4.120049	0.000000	87.000000	2.387587
1047	43.537262	4.113259	0.000000	87.000000	2.408839
1048	43.541563	4.104102	0.000000	87.000000	2.394896
1049	43.531722	4.073549	0.000000	87.000000	2.402795
1050	43.537861	4.156702	0.000000	87.000000	2.416755
1051	43.538344	4.125786	0.000000	87.000000	2.423799
1052	43.714738	4.075539	0.000000	87.000000	2.394726
1053	43.761218	4.091154	0.000000	87.000000	2.428018
1054	43.781573	4.082725	0.000000	87.000000	2.384398
1055	43.783253	4.089328	0.000000	87.000000	2.417247
1056	43.793631	4.075664	0.000000	87.000000	2.418550
1057	43.802094	4.080227	0.000000	87.000000	2.403833
1058	43.808573	4.091751	0.000000	87.000000	2.407273
1059	43.804497	4.115228	0.000000	87.000000	2.387601
1060	43.811977	4.078387	0.000000	87.000000	2.417283
1061	43.814856	4.102729	0.000000	87.000000	2.411128
1062	43.817535	4.119643	0.000000	87.000000	2.382898
1063	43.815210	4.114488	0.000000	87.000000	2.409730
1064	43.819237	4.072771	0.000000	87.000000	2.395191
1065	43.818831	4.075182	0.000000	87.000000	2.370854
1066	43.813100	4.073699	0.000000	87.000000	2.382365
1067	43.812180	4.049077	0.000000	87.000000	2.384855
1068	43.816075	4.101607	0.000000	87.000000	2.403317
1069	43.817025	4.106365	0.000000	87.000000	2.392380
1070	43.824726	4.108114	0.000000	87.000000	2.415252
1071	43.817860	4.091106	0.000000	87.000000	2.429655
1072	43.823540	4.106354	0.000000	87.000000	2.370615
1073	43.822759	4.100434	0.000000	87.000000	2.439865
1074	43.829507	4.110701	0.000000	87.000000	2.397731
1075	43.830356	4.134729	0.000000	87.000000	2.415129
1076	43.827546	4.166812	0.000000	87.000000	2.401658
1077	43.830162	4.141336	0.000000	87.000000	2.383956
1078	43.828106	4.117160	0.000000	87.000000	2.417535
1079	43.828171	4.139635	0.000000	87.000000	2.415588
1080	43.834141	4.147070	0.000000	87.000000	2.369903
1081	43.831807	4.103709	0.000000	87.000000	2.405098
1082	43.830860	4.110871	0.000000	87.000000	2.402490
1083	43.835077	4.062904	0.000000	87.000000	2.392111
1084	43.833897	4.054768	0.000000	87.000000	2.422584
1085	43.830237	4.061147	0.000000	87.000000	2.397942
1086	43.833351	4.085402	0.000000	87.000000	2.406425
1087	43.838608	4.095707	0.000000	87.000000	2.399975
1088	43.835711	4.109847	0.000000	87.000000	2.423082
1089	43.836325	4.113208	0.000000	87.000000	2.382002
1090	43.836093	4.127977	0.000000	87.000000	2.396873
1091	43.831635	4.075620	0.000000	87.000000	2.434767
1092	43.833190	4.093295	0.000000	87.000000	2.405054
1093	43.841577	4.118195	0.000000	87.000000	2.435700
1094	43.840700	4.104207	0.000000	87.000000	2.407707
1095	43.838525	4.114520	0.000000	87.000000	2.436077
1096	43.839732	4.113700	0.000000	87.000000	2.395435
1097	43.846190	4.082041	0.000000	87.000000	2.417452
1098	43.841285	4.112863	0.000000	87.000000	2.409715
1099	43.835884	4.116793	0.000000	87.000000	2.398970
1100	43.835202	4.101446	0.000000	87.000000	2.405663
1101	43.846452	4.105859	0.000000	87.000000	2.390828
1102	43.845919	4.059120	0.000000	87.000000	2.382221
1103	43.846428	4.112541	0.000000	87.000000	2.434144
1104	43.846840	4.070319	0.000000	87.000000	2.408774
1105	43.853548	4.105258	0.000000	87.000000	2.398863
1106	43.854672	4.124557	0.000000	87.000000	2.407404
1107	43.855599	4.112354	0.000000	87.000000	2.409211
1108	43.858770	4.113702	0.000000	87.000000	2.407417
1109	43.854570	4.086233	0.000000	87.000000	2.392936
1110	43.851119	4.074193	0.000000	87.000000	2.397047
1111	43.853545	4.066151	0.000000	87.000000	2.445637
1112	43.850830	4.092666	0.000000	87.000000	2.429050
1113	43.851206	4.150540	0.000000	87.000000	2.457172
1114	43.850595	4.139203	0.000000	87.000000	2.414299
1115	43.858072	4.111739	0.000000	87.000000	2.431009
1116	43.855071	4.111395	0.000000	87.000000	2.402824
1117	43.850875	4.077842	0.000000	87.000000	2.454022
1118	43.856221	4.087212	0.000000	87.000000	2.421651
1119	43.853611	4.073529	0.000000	87.000000	2.430620
1120	43.850362	4.072069	0.000000	87.000000	2.410681
1121	43.848908	4.112721	0.000000	87.000000	2.443263
1122	43.854189	4.087328	0.000000	87.000000	2.401323
1123	43.859011	4.083126	0.000000	87.000000	2.425893
1124	43.847609	4.083861	0.000000	87.000000	2.421532
1125	43.852210	4.080781	0.000000	87.000000	2.438722
1126	43.849337	4.090155	0.000000	87.000000	2.432729
1127	43.852180	4.113180	0.000000	87.000000	2.428174
1128	43.852651	4.070759	0.000000	87.000000	2.440735
1129	43.852732	4.066836	0.000000	87.000000	2.455047
1130	43.848985	4.053760	0.000000	87.000000	2.394222
1131	43.846422	4.070475	0.000000	87.000000	2.414438
1132	43.852174	4.063362	0.000000	87.000000	2.391213
1133	43.855101	4.046724	0.000000	87.000000	2.411192
1134	43.856958	4.078632	0.000000	87.000000	2.398967
1135	43.864840	4.040280	0.000000	87.000000	2.383069
1136	43.864840	4.045493	0.000000	87.000000	2.399247
1137	43.856016	4.020315	0.000000	87.000000	2.423825
1138	43.858021	4.034436	0.000000	87.000000	2.401177
1139	43.852174	4.022784	0.000000	87.000000	2.422591
1140	43.850303	4.021520	0.000000	87.000000	2.416980
1141	43.852818	4.033160	0.000000	87.000000	2.398610
1142	43.857440	4.030373	0.000000	87.000000	2.401551
1143	43.853170	4.061631	0.000000	87.000000	2.390306
1144	43.852812	4.081770	0.000000	87.000000	2.401184
1145	43.852717	4.044377	0.000000	87.000000	2.431027
1146	43.854108	4.091059	0.000000	87.000000	2.393776
1147	43.857515	4.112038	0.000000	87.000000	2.402206
1148	43.856198	4.087446	0.000000	87.000000	2.391281
1149	43.857819	4.072804	0.000000	87.000000	2.430710
1150	43.858987	4.082100	0.000000	87.000000	2.410173
1151	43.858671	4.102790	0.000000	87.000000	2.377349
1152	43.859887	4.049893	0.000000	87.000000	2.398791
1153	43.863791	4.071349	0.000000	87.000000	2.412617
1154	43.863678	4.032166	0.000000	87.000000	2.402504
1155	43.852234	4.051955	0.000000	87.000000	2.425083
1156	43.854916	4.059027	0.000000	87.000000	2.411494
1157	43.857032	4.084803	0.000000	87.000000	2.387931
1158	43.861109	4.113092	0.000000	87.000000	2.413520
1159	43.861830	4.132179	0.000000	87.000000	2.395845
1160	43.855464	4.077899	0.000000	87.000000	2.399688
1161	43.861228	4.081143	0.000000	87.000000	2.387235
1162	43.861198	4.041045	0.000000	87.000000	2.375933
1163	43.859595	4.067294	0.000000	87.000000	2.409490
1164	43.860245	4.064604	0.000000	87.000000	2.371014
1165	43.852806	4.079074	0.000000	87.000000	2.414202
1166	43.857780	4.018943	0.000000	87.000000	2.387201
1167	43.861550	4.099752	0.000000	87.000000	2.395472
1168	43.858594	4.092086	0.000000	87.000000	2.408794
1169	43.854639	4.082359	0.000000	87.000000	2.377716
1170	43.857294	4.056940	0.000000	87.000000	2.385091
1171	43.868172	4.060534	0.000000	87.000000	2.368083
1172	43.870187	4.082923	0.000000	87.000000	2.416860
1173	43.868789	4.074502	0.000000	87.000000	2.401809
1174	43.861380	4.085999	0.000000	87.000000	2.397888
1175	43.865591	4.087263	0.000000	87.000000	2.420812
1176	43.867129	4.071948	0.000000	87.000000	2.394994
1177	43.867838	4.072606	0.000000	87.000000	2.408139
1178	43.864542	4.086103	0.000000	87.000000	2.422723
1179	43.867332	4.098992	0.000000	87.000000	2.387341
1180	43.866295	4.083673	0.000000	87.000000	2.447347
1181	43.866473	4.083518	0.000000	87.000000	2.395147
1182	43.868217	4.102493	0.000000	87.000000	2.390295
1183	43.865761	4.084628	0.000000	87.000000	2.421710
1184	43.863270	4.079686	0.000000	87.000000	2.384926
1185	43.867198	4.043957	0.000000	87.000000	2.403012
1186	43.864870	4.056137	0.000000	87.000000	2.434754
1187	43.864244	4.056637	0.000000	87.000000	2.399561
1188	43.861121	4.040719	0.000000	87.000000	2.426777
1189	43.861938	4.089831	0.000000	87.000000	2.419420
1190	43.858761	4.071187	0.000000	87.000000	2.381959
1191	43.861383	4.087817	0.000000	87.000000	2.417995
1192	43.864489	4.075710	0.000000	87.000000	2.410392
1193	43.870807	4.077597	0.000000	87.000000	2.384792
1194	43.869054	4.067800	0.000000	87.000000	2.394502
1195	43.866950	4.100802	0.000000	87.000000	2.400955
1196	43.855697	4.089146	0.000000	87.000000	2.424252
1197	43.867189	4.089786	0.000000	87.000000	2.412018
1198	43.864155	4.086305	0.000000	87.000000	2.405232
1199	43.862402	4.081436	0.000000	87.000000	2.413030
1200	43.862569	4.086601	0.000000	87.000000	2.373874
1201	43.869102	4.032610	0.000000	87.000000	2.416069
1202	43.873179	4.012712	0.000000	87.000000	2.418441
1203	43.872267	4.077947	0.000000	87.000000	2.392003
1204	43.871671	4.035275	0.000000	87.000000	2.420835
1205	43.871975	4.044589	0.000000	87.000000	2.412579
1206	43.871653	4.045883	0.000000	87.000000	2.393954
1207	43.869504	4.050312	0.000000	87.000000	2.410052
1208	43.873143	4.045572	0.000000	87.000000	2.405305
1209	43.868166	4.019973	0.000000	87.000000	2.388155
1210	43.870112	4.038822	0.000000	87.000000	2.418824
1211	43.868333	4.050594	0.000000	87.000000	2.394457
1212	43.867868	4.047071	0.000000	87.000000	2.437874
1213	43.873623	4.081714	0.000000	87.000000	2.418079
1214	43.876919	4.096685	0.000000	87.000000	2.375173
1215	43.872613	4.091656	0.000000	87.000000	2.431373
1216	43.872076	4.091008	0.000000	87.000000	2.410328
1217	43.872908	4.050579	0.000000	87.000000	2.386104
1218	43.868768	4.059875	0.000000	87.000000	2.415481
1219	43.867952	4.053237	0.000000	87.000000	2.405949
1220	43.867674	4.091151	0.000000	87.000000	2.392688
1221	43.864828	4.063349	0.000000	87.000000	2.420982
1222	43.862724	4.050436	0.000000	87.000000	2.381455
1223	43.863374	4.092876	0.000000	87.000000	2.413515
1224	43.862641	4.091905	0.000000	87.000000	2.388732
1225	43.859801	4.122227	0.000000	87.000000	2.399381
1226	43.864539	4.073656	0.000000	87.000000	2.437212
1227	43.868810	4.092433	0.000000	87.000000	2.426070
1228	43.865815	4.112555	0.000000	87.000000	2.392135
1229	43.873602	4.088166	0.000000	87.000000	2.385205
1230	43.870926	4.068351	0.000000	87.000000	2.391524
1231	43.869245	4.093031	0.000000	87.000000	2.420733
1232	43.873543	4.074257	0.000000	87.000000	2.404933
1233	43.876201	4.080223	0.000000	87.000000	2.395064
1234	43.873048	4.048779	0.000000	87.000000	2.425182
1235	43.871909	4.093940	0.000000	87.000000	2.426360
1236	43.871570	4.092053	0.000000	87.000000	2.374578
1237	43.869209	4.097586	0.000000	87.000000	2.411843
1238	43.870550	4.102468	0.000000	87.000000	2.374434
1239	43.876866	4.056352	0.000000	87.000000	2.398517
1240	43.869445	4.087930	0.000000	87.000000	2.379849
1241	43.875682	4.059878	0.000000	87.000000	2.393480
1242	43.871784	4.086624	0.000000	87.000000	2.421145
1243	43.878651	4.106605	0.000000	87.000000	2.385110
1244	43.865100	4.112736	0.000000	87.000000	2.395723
1245	43.869913	4.117166	0.000000	87.000000	2.396590
1246	43.872344	4.113544	0.000000	87.000000	2.420350
1247	43.873143	4.053470	0.000000	87.000000	2.392397
1248	43.867490	4.050200	0.000000	87.000000	2.432306
1249	43.872717	4.071036	0.000000	87.000000	2.409391
1250	43.872076	4.062491	0.000000	87.000000	2.397989
1251	43.878299	4.087660	0.000000	87.000000	2.409074
1252	43.869644	4.058428	0.000000	87.000000	2.414037
1253	43.872982	4.081916	0.000000	87.000000	2.412732
1254	43.882209	4.089977	0.000000	87.000000	2.437636
1255	43.884277	4.046823	0.000000	87.000000	2.390917
1256	43.880242	4.074418	0.000000	87.000000	2.390268
1257	43.881357	4.093195	0.000000	87.000000	2.443446
1258	43.886322	4.047076	0.000000	87.000000	2.399991
1259	43.877551	4.058672	0.000000	87.000000	2.415988
1260	43.875581	4.106309	0.076628	87.000000	2.407332
1261	43.876290	4.117181	0.000000	87.000000	2.443849
1262	43.875033	4.101109	0.000000	87.000000	2.407450
1263	43.881947	4.110257	0.000000	87.000000	2.408776
1264	43.875983	4.080308	0.000000	87.000000	2.403420
1265	43.883246	4.090772	0.000000	87.000000	2.408262
1266	43.878818	4.116451	0.000000	87.000000	2.408274
1267	43.880105	4.118557	0.000000	87.000000	2.425590
1268	43.875372	4.109552	0.000000	87.000000	2.389628
1269	43.876112	4.122817	0.000000	87.000000	2.427886
1270	43.875581	4.080203	0.000000	87.000000	2.404584
1271	43.874395	4.075187	0.000000	87.000000	2.396645
1272	43.876964	4.126423	0.000000	87.000000	2.418602
1273	43.875092	4.092125	0.000000	87.000000	2.389392
1274	43.880540	4.116080	0.000000	87.000000	2.425303
1275	43.875468	4.113375	0.000000	87.000000	2.404715
1276	43.874198	4.140587	0.000000	87.000000	2.397748
1277	43.880162	4.112267	0.000000	87.000000	2.422059
1278	43.880373	4.071859	0.000000	87.000000	2.409694
1279	43.877500	4.081857	0.000000	87.000000	2.415183
1280	43.883449	4.106779	0.000000	87.000000	2.392848
1281	43.879813	4.071810	0.000000	87.000000	2.414181
1282	43.870237	4.096797	0.000000	87.000000	2.402072
1283	43.873799	4.113901	0.000000	87.000000	2.378737
1284	43.876407	4.112692	0.000000	87.000000	2.399235
1285	43.878919	4.077892	0.000000	87.000000	2.414518
1286	43.881181	4.100545	0.000000	87.000000	2.408237
1287	43.878460	4.114778	0.000000	87.000000	2.393813
1288	43.879291	4.055081	0.000000	87.000000	2.408833
1289	43.881842	4.102629	0.000000	87.000000	2.407681
1290	43.880635	4.079635	0.000000	87.000000	2.411617
1291	43.880242	4.087807	0.000000	87.000000	2.413157
1292	43.879703	4.068668	0.000000	87.000000	2.393755
1293	43.880218	4.085545	0.000000	87.000000	2.428683
1294	43.881100	4.052738	0.000000	87.000000	2.415640
1295	43.879157	4.047503	0.000000	87.000000	2.456795
1296	43.882614	4.016835	0.076628	87.000000	2.420774
1297	43.881094	4.035385	0.076628	87.000000	2.411275
1298	43.874794	4.042480	0.076628	87.000000	2.379551
1299	43.880373	4.038631	0.076628	87.000000	2.387534
1300	43.882129	4.082521	0.000000	87.000000	2.428999
1301	43.881565	4.056303	0.000000	87.000000	2.388996
1302	43.885493	4.068572	0.000000	87.000000	2.430194
1303	43.886906	4.109013	0.000000	87.000000	2.402848
1304	43.884540	4.119500	0.000000	87.000000	2.394337
1305	43.887657	4.098221	0.000000	87.000000	2.410765
1306	43.890339	4.066945	0.000000	87.000000	2.397092
1307	43.882918	4.073998	0.000000	87.000000	2.400145
1308	43.875670	4.084623	0.000000	87.000000	2.443336
1309	43.870246	4.090563	0.000000	87.000000	2.386445
1310	43.871987	4.063818	0.000000	87.000000	2.421867
1311	43.880290	4.064244	0.000000	87.000000	2.411180
1312	43.872392	4.007884	0.000000	87.000000	2.404124
1313	43.875194	4.030345	0.000000	87.000000	2.417366
1314	43.871093	4.067545	0.000000	87.000000	2.395410
1315	43.876696	4.027168	0.000000	87.000000	2.405535
1316	43.876120	4.062452	0.000000	87.000000	2.416409
1317	43.879896	4.057507	0.000000	87.000000	2.391665
1318	43.879950	4.070567	0.000000	87.000000	2.414840
1319	43.884665	4.041717	0.000000	87.000000	2.397560
1320	43.879884	4.042647	0.000000	87.000000	2.366453
1321	43.880904	4.072710	0.000000	87.000000	2.429093
1322	43.882078	4.046582	0.000000	87.000000	2.398093
1323	43.880245	4.046253	0.000000	87.000000	2.434070
1324	43.882352	4.014338	0.000000	87.000000	2.403905
1325	43.879360	4.065250	0.000000	87.000000	2.385564
1326	43.890589	4.047396	0.000000	87.000000	2.413444
1327	43.884885	4.047564	0.000000	87.000000	2.404767
1328	43.887526	4.065426	0.000000	87.000000	2.401489
1329	43.888113	4.046655	0.000000	87.000000	2.405264
1330	43.882370	4.025530	0.000000	87.000000	2.403870
1331	43.882304	4.036312	0.000000	87.000000	2.415164
1332	43.892983	4.038989	0.000000	87.000000	2.442690
1333	43.889445	4.041142	0.000000	87.000000	2.420882
1334	43.890095	4.060423	0.000000	87.000000	2.414497
1335	43.887123	4.072177	0.000000	87.000000	2.403796
1336	43.889952	4.042185	0.000000	87.000000	2.368471
1337	43.888158	4.044796	0.000000	87.000000	2.412173
1338	43.887389	4.039691	0.000000	87.000000	2.386465
1339	43.894154	4.034613	0.000000	87.000000	2.412413
1340	43.887883	4.048087	0.000000	87.000000	2.430296
1341	43.885934	4.069724	0.000000	87.000000	2.403945
1342	43.885157	4.047748	0.000000	87.000000	2.379040
1343	43.880022	4.077471	0.000000	87.000000	2.411116
1344	43.887317	4.097046	0.000000	87.000000	2.381300
1345	43.882728	4.104066	0.076628	87.000000	2.443796
1346	43.886077	4.127187	0.000000	87.000000	2.404830
1347	43.880790	4.091642	0.000000	87.000000	2.388654
1348	43.888885	4.068141	0.000000	87.000000	2.412894
1349	43.890369	4.040689	0.000000	87.000000	2.397315
1350	43.887764	4.036103	0.000000	87.000000	2.411366
1351	43.886268	4.071826	0.000000	87.000000	2.429505
1352	43.894404	4.076054	0.000000	87.000000	2.389318
1353	43.887338	4.058153	0.076628	87.000000	2.408376
1354	43.886289	4.039247	0.000000	87.000000	2.399288
1355	43.880376	4.046727	0.000000	87.000000	2.395761
1356	43.878645	4.040437	0.000000	87.000000	2.427257
1357	43.885946	4.066490	0.000000	87.000000	2.396855
1358	43.883950	4.064632	0.000000	87.000000	2.401343
1359	43.884113	4.057242	0.000000	87.000000	2.444593
1360	43.886310	4.092930	0.000000	87.000000	2.405815
1361	43.885291	4.089597	0.000000	87.000000	2.453310
1362	43.885809	4.069639	0.000000	87.000000	2.419910
1363	43.882647	4.089919	0.000000	87.000000	2.425100
1364	43.884051	4.094722	0.000000	87.000000	2.374097
1365	43.879980	4.088136	0.000000	87.000000	2.437844
1366	43.881738	4.069195	0.000000	87.000000	2.401668
1367	43.884549	4.064637	0.000000	87.000000	2.402401
1368	43.878400	4.095174	0.000000	87.000000	2.406924
1369	43.881238	4.079020	0.000000	87.000000	2.397493
1370	43.880498	4.076485	0.000000	87.000000	2.399493
1371	43.881807	4.065172	0.000000	87.000000	2.413249
1372	43.879104	4.055213	0.000000	87.000000	2.407098
1373	43.882659	4.039970	0.000000	87.000000	2.398863
1374	43.885547	4.039352	0.000000	87.000000	2.404220
1375	43.879068	4.068179	0.000000	87.000000	2.418264
1376	43.881673	4.058986	0.000000	87.000000	2.405945
1377	43.884063	4.068157	0.000000	87.000000	2.397161
1378	43.877000	4.096270	0.000000	87.000000	2.400995
1379	43.883237	4.079807	0.000000	87.000000	2.424879
1380	43.886751	4.036748	0.000000	87.000000	2.372716
1381	43.891016	4.035745	0.000000	87.000000	2.430243
1382	43.888444	4.026977	0.000000	87.000000	2.399952
1383	43.889606	4.013399	0.000000	87.000000	2.401881
1384	43.889016	4.088663	0.000000	87.000000	2.426267
1385	43.892491	4.082137	0.000000	87.000000	2.401283
1386	43.894583	4.033251	0.000000	87.000000	2.404958
1387	43.888700	4.043338	0.000000	87.000000	2.413693
1388	43.887770	4.066796	0.000000	87.000000	2.384208
1389	43.886155	4.033776	0.000000	87.000000	2.400640
1390	43.890145	4.031347	0.000000	87.000000	2.417363
1391	43.891889	4.024997	0.000000	87.000000	2.407228
1392	43.884739	4.006536	0.000000	87.000000	2.427480
1393	43.888578	4.018403	0.000000	87.000000	2.410501
1394	43.885782	4.013220	0.000000	87.000000	2.391991
1395	43.891186	4.023327	0.000000	87.000000	2.431263
1396	43.892804	4.033865	0.076628	87.000000	2.413943
1397	43.889764	4.077011	0.000000	87.000000	2.422418
1398	43.893540	4.061616	0.000000	87.000000	2.395482
1399	43.892756	4.070471	0.076628	87.000000	2.382088
1400	43.894088	4.049605	0.000000	87.000000	2.420482
1401	43.891412	4.054045	0.076628	87.000000	2.413826
1402	43.893397	4.046909	0.076628	87.000000	2.395355
1403	43.891275	4.042685	0.000000	87.000000	2.424556
1404	43.889609	4.054232	0.000000	87.000000	2.394905
1405	43.892223	4.069349	0.000000	87.000000	2.388356
1406	43.893218	4.063638	0.000000	87.000000	2.418747
1407	43.889040	4.075898	0.000000	87.000000	2.396512
1408	43.885863	4.052144	0.000000	87.000000	2.412490
1409	43.886417	4.042618	0.000000	87.000000	2.399833
1410	43.884921	4.044151	0.000000	87.000000	2.406389
1411	43.881613	4.069396	0.000000	87.000000	2.410398
1412	43.891203	4.028834	0.000000	87.000000	2.377342
1413	43.892497	4.033889	0.000000	87.000000	2.409807
1414	43.890870	4.002933	0.000000	87.000000	2.427042
1415	43.886012	3.995300	0.076628	87.000000	2.379499
1416	43.880546	3.997468	0.000000	87.000000	2.412182
1417	43.885183	3.997400	0.000000	87.000000	2.399704
1418	43.886769	3.999962	0.000000	87.000000	2.408090
1419	43.886566	4.042466	0.000000	87.000000	2.412453
1420	43.885446	4.068038	0.000000	87.000000	2.426389
1421	43.892384	4.030443	0.000000	87.000000	2.400151
1422	43.890688	4.043957	0.000000	87.000000	2.414618
1423	43.898064	4.017096	0.076628	87.000000	2.377185
1424	43.891174	4.044213	0.000000	87.000000	2.427047
1425	43.889678	4.014753	0.000000	87.000000	2.426172
1426	43.891332	4.023738	0.000000	87.000000	2.382822
1427	43.886435	4.032334	0.000000	87.000000	2.400571
1428	43.887931	4.037262	0.000000	87.000000	2.403916
1429	43.887699	4.022372	0.000000	87.000000	2.376778
1430	43.888143	4.037163	0.000000	87.000000	2.381489
1431	43.890670	4.025583	0.076628	87.000000	2.412819
1432	43.887007	4.058993	0.000000	87.000000	2.384886
1433	43.888319	4.098703	0.000000	87.000000	2.408871
1434	43.884411	4.065389	0.000000	87.000000	2.411964
1435	43.884879	4.057390	0.000000	87.000000	2.404774
1436	43.887568	4.074459	0.000000	87.000000	2.372868
1437	43.894410	4.119340	0.000000	87.000000	2.417225
1438	43.894881	4.062589	0.000000	87.000000	2.398211
1439	43.889856	4.043451	0.000000	87.000000	2.419836
1440	43.888709	3.991088	0.000000	87.000000	2.423470
1441	43.890047	4.026387	0.000000	87.000000	2.398831
1442	43.887490	4.060918	0.076628	87.000000	2.418490
1443	43.891186	4.037501	0.000000	87.000000	2.403854
1444	43.884709	4.045628	0.000000	87.000000	2.403186
1445	43.887630	4.012939	0.076628	87.000000	2.415655
1446	43.888068	4.016280	0.076628	87.000000	2.405185
1447	43.888202	4.048338	0.076628	87.000000	2.406382
1448	43.885088	4.048880	0.076628	87.000000	2.416641
1449	43.890107	4.077105	0.076628	87.000000	2.375303
1450	43.888122	4.076238	0.076628	87.000000	2.408930
1451	43.884546	4.065162	0.076628	87.000000	2.411198
1452	43.883145	4.058597	0.000000	87.000000	2.383353
1453	43.884605	4.045795	0.076628	87.000000	2.420725
1454	43.881655	4.110281	0.000000	87.000000	2.407796
1455	43.883604	4.082373	0.076628	87.000000	2.383441
1456	43.877059	4.057060	0.076628	87.000000	2.431422
1457	43.881857	4.090989	0.076628	87.000000	2.402103
1458	43.886626	4.083692	0.076628	87.000000	2.396636
1459	43.884200	4.070539	0.076628	87.000000	2.390513
1460	43.887538	4.054225	0.076628	87.000000	2.395308
1461	43.881956	4.041631	0.000000	87.000000	2.435629
1462	43.888640	4.034364	0.076628	87.000000	2.396838
1463	43.882912	4.047815	0.076628	87.000000	2.404253
1464	43.884164	4.076690	0.076628	87.000000	2.420274
1465	43.887499	4.042421	0.076628	87.000000	2.393670
1466	43.883243	4.034096	0.076628	87.000000	2.433277
1467	43.887344	3.995112	0.076628	87.000000	2.399466
1468	43.894798	4.015531	0.076628	87.000000	2.395310
1469	43.894124	4.034044	0.000000	87.000000	2.427508
1470	43.887830	4.055408	0.000000	87.000000	2.398418
1471	43.884900	4.038931	0.076628	87.000000	2.407081
1472	43.892735	4.037463	0.076628	87.000000	2.432534
1473	43.895054	4.029997	0.076628	87.000000	2.384485
1474	43.892875	4.005349	0.000000	87.000000	2.211659
1475	43.950421	4.028229	0.000000	87.000000	2.230300
1476	43.952179	4.014844	0.000000	87.000000	2.193782
1477	43.952388	4.016249	0.000000	87.000000	2.174275
1478	43.952012	4.014013	0.000000	87.000000	2.214922
1479	43.951938	4.010819	0.000000	87.000000	2.209272
1480	43.952051	4.009619	0.000000	87.000000	2.197299
1481	43.952012	4.011194	0.000000	87.000000	2.227062
1482	43.951869	4.011483	0.000000	87.000000	2.196235
1483	43.951911	4.012128	0.000000	87.000000	2.202877
1484	43.951932	4.012732	0.000000	87.000000	2.202152
1485	43.951881	4.011967	0.000000	87.000000	2.206682
1486	43.951914	4.012510	0.000000	87.000000	2.210423
1487	43.951875	4.012046	0.000000	87.000000	2.191903
1488	43.951890	4.011872	0.000000	87.000000	2.188926
1489	43.951845	4.011661	0.000000	87.000000	2.200426
1490	43.951845	4.011661	0.000000	87.000000	2.244932
1491	43.951845	4.011661	0.000000	87.000000	2.213407
1492	43.951845	4.011661	0.000000	87.000000	2.262907
1493	43.951845	4.011661	0.000000	87.000000	2.207342
1494	43.951845	4.011661	0.000000	87.000000	2.208076
1495	43.951845	4.011661	0.000000	87.000000	2.239502
1496	43.951845	4.011661	0.000000	87.000000	2.205785
1497	43.951845	4.011661	0.000000	87.000000	2.198310
1498	43.951845	4.011661	0.000000	87.000000	2.193443
1499	43.951845	4.011661	0.000000	87.000000	2.232460
1500	43.951845	4.011661	0.000000	87.000000	2.240075
1501	43.951845	4.011661	0.000000	87.000000	2.174172
1502	43.951845	4.011661	0.000000	87.000000	2.185236
1503	43.951845	4.011661	0.000000	87.000000	2.214045
1504	43.951845	4.011661	0.000000	87.000000	2.215141
1505	43.951845	4.011661	0.000000	87.000000	2.221255
1506	43.951845	4.011661	0.000000	87.000000	2.171182
1507	43.951845	4.011661	0.000000	87.000000	2.194776
1508	43.951845	4.011661	0.000000	87.000000	2.191054
1509	43.951845	4.011661	0.000000	87.000000	2.187373
1510	43.951845	4.011661	0.000000	87.000000	2.183306
1511	43.951845	4.011661	0.000000	87.000000	2.194579
1512	43.951845	4.011661	0.000000	87.000000	2.190164
1513	43.951845	4.011661	0.000000	87.000000	2.202819
1514	43.951845	4.011661	0.000000	87.000000	2.219672
1515	43.951845	4.011661	0.000000	87.000000	2.268214
1516	43.951845	4.011661	0.000000	87.000000	2.223586
1517	43.951845	4.011661	0.000000	87.000000	2.207013
1518	43.951845	4.011661	0.000000	87.000000	2.190791
1519	43.951845	4.011661	0.000000	87.000000	2.205526
1520	43.951845	4.011661	0.000000	87.000000	2.220959
1521	43.951845	4.011661	0.000000	87.000000	2.235812
1522	43.951845	4.011661	0.000000	87.000000	2.211003
1523	43.951845	4.011661	0.000000	87.000000	2.215861
1524	43.951845	4.011661	0.000000	87.000000	2.180689
1525	43.951845	4.011661	0.000000	87.000000	2.168852
1526	43.951845	4.011661	0.000000	87.000000	2.203826
1527	43.951845	4.011661	0.000000	87.000000	2.247144
