1	28.026891	4.544588	0.000000	91.569568	2.251941
2	32.599097	6.110718	0.224551	91.569568	2.271220
3	35.671121	7.305239	0.074850	91.569568	2.265405
4	37.573147	8.106860	0.000000	91.569568	2.277143
5	38.723111	8.631288	0.074850	91.569568	2.258713
6	39.497074	9.180487	0.074850	91.569568	2.295043
7	40.074068	9.767544	0.000000	91.569568	2.254867
8	40.474457	10.162716	0.000000	91.569568	2.300450
9	40.792269	10.625818	0.000000	91.569568	2.282271
10	41.037261	10.974760	0.074850	91.569568	2.289171
11	41.258872	11.282753	0.074850	91.569568	2.261631
12	41.434935	11.623329	0.149701	91.569568	2.288713
13	41.580027	11.862915	0.149701	91.569568	2.280658
14	41.699222	12.279714	0.149701	91.569568	2.273434
15	41.838410	12.647221	0.149701	91.569568	2.257368
16	41.953051	12.929016	0.374251	91.569568	2.288455
17	42.058340	13.242768	0.149701	91.569568	2.288818
18	42.139545	13.513701	0.224551	91.569568	2.293981
19	42.230403	13.839546	0.299401	91.569568	2.279185
20	42.304242	14.136408	0.374251	91.569568	2.281492
21	42.361379	14.502061	0.299401	91.569568	2.275257
22	42.429769	14.916979	0.673653	91.569568	2.294688
23	42.513281	15.391557	0.748503	91.569568	2.277541
24	42.582631	15.867845	1.122754	91.569568	2.272968
25	42.674261	16.299887	1.197605	91.569568	2.285473
26	42.773324	16.952711	1.422156	91.569568	2.297983
27	42.882508	17.496556	1.796407	91.569568	2.291000
28	43.019044	18.216389	2.544910	91.569568	2.274061
29	43.153465	18.858828	3.293413	91.569568	2.289227
30	43.321085	19.652810	3.742515	91.569568	2.267941
31	43.526977	20.566583	4.715569	91.569568	2.262835
32	43.794981	21.648573	5.838323	91.569568	2.300612
33	44.108838	22.915706	7.335329	91.569568	2.267606
34	44.500875	24.134796	8.832335	91.569568	2.287595
35	44.893590	25.511665	9.880240	91.569568	2.294964
36	45.368880	26.925580	11.377246	91.569568	2.281636
37	45.881850	28.382417	14.221557	91.569568	2.293666
38	46.455634	29.880757	15.943114	91.569568	2.315524
39	47.141835	31.363704	18.113772	91.569568	2.294051
40	47.907650	32.778330	19.610778	91.569568	2.308667
41	48.527759	33.863840	21.706587	91.569568	2.290336
42	49.034387	34.737785	22.529940	91.569568	2.285172
43	49.400723	35.296505	22.979042	91.569568	2.274960
44	49.559915	35.533539	23.428144	91.569568	2.285733
45	49.635959	35.711552	23.428144	91.569568	2.309778
46	49.689227	35.828176	24.401198	91.569568	2.290510
47	49.718273	35.935857	23.802395	91.569568	2.290056
48	49.750578	36.038716	24.326347	91.569568	2.299466
49	49.775177	36.026881	23.502994	91.569568	2.301731
50	49.786502	36.120594	24.550898	91.569568	2.290090
51	49.788949	36.180649	24.176647	91.569568	2.273612
52	49.801332	36.133376	23.952096	91.569568	2.287566
53	49.806225	36.202132	24.550898	91.569568	2.285793
54	49.823546	36.270692	24.625749	91.569568	2.305951
55	49.840632	36.281327	25.224551	91.569568	2.298187
56	49.861306	36.338292	24.850299	91.569568	2.306963
57	49.872911	36.386976	25.374251	91.569568	2.305080
58	49.875307	36.434818	25.598802	91.569568	2.295637
59	49.879980	36.512468	25.673653	91.569568	2.277285
60	49.892056	36.474278	25.299401	91.569568	2.267391
61	49.908274	36.529554	25.299401	91.569568	2.292303
62	49.895483	36.535344	24.925150	91.569568	2.303313
63	49.913567	36.651303	26.047904	91.569568	2.277886
64	49.919310	36.627661	25.973054	91.569568	2.270122
65	49.946776	36.700881	24.775449	91.569568	2.303278
66	49.973768	36.724210	25.823353	91.569568	2.291933
67	49.984476	36.827683	25.973054	91.569568	2.286536
68	49.995071	36.869669	25.449102	91.569568	2.294266
69	50.006551	36.938726	25.598802	91.569568	2.306299
70	50.019556	36.926689	25.748503	91.569568	2.300887
71	50.057983	37.039369	25.748503	91.569568	2.308806
72	50.079960	37.076442	25.299401	91.569568	2.283122
73	50.078201	37.229563	25.449102	91.569568	2.293827
74	50.100505	37.277864	25.449102	91.569568	2.293814
75	50.111866	37.271701	25.449102	91.569568	2.294167
76	50.104797	37.287430	25.299401	91.569568	2.288385
77	50.122523	37.372809	24.775449	91.569568	2.292237
78	50.131065	37.324274	24.925150	91.569568	2.282717
79	50.118059	37.291962	25.074850	91.569568	2.288257
80	50.135750	37.394616	25.000000	91.569568	2.320131
81	50.132662	37.370163	25.523952	91.569568	2.270582
82	50.125015	37.376100	25.000000	91.569568	2.320187
83	50.132465	37.332372	24.700599	91.569568	2.287607
84	50.135899	37.398645	24.925150	91.569568	2.293950
85	50.155687	37.389657	25.523952	91.569568	2.286746
86	50.154346	37.417202	25.449102	91.569568	2.311272
87	50.157928	37.468447	25.598802	91.569568	2.308937
88	50.150484	37.459048	25.823353	91.569568	2.312338
89	50.144917	37.463941	25.598802	91.569568	2.294920
90	50.164318	37.583673	26.571856	91.569568	2.311241
91	50.163352	37.588984	25.748503	91.569568	2.296728
92	50.178283	37.499948	25.299401	91.569568	2.316602
93	50.180680	37.592700	25.523952	91.569568	2.299541
94	50.197482	37.597478	25.973054	91.569568	2.300742
95	50.202096	37.673880	26.646707	91.569568	2.306342
96	50.196993	37.648908	26.197605	91.569568	2.298799
97	50.203007	37.736941	26.347305	91.569568	2.278140
98	50.207472	37.763330	25.748503	91.569568	2.313297
99	50.213230	37.788755	25.748503	91.569568	2.304382
100	50.225472	37.898468	26.871257	91.569568	2.296795
101	50.237483	37.996190	26.497006	91.569568	2.308485
102	50.265920	38.096206	27.170659	91.569568	2.287695
103	50.299221	38.155572	26.646707	91.569568	2.296725
104	50.302541	38.266045	26.497006	91.569568	2.318551
105	50.321919	38.253390	27.095808	91.569568	2.300897
106	50.328022	38.397247	26.497006	91.569568	2.291025
107	50.346375	38.408890	26.571856	91.569568	2.282501
108	50.359154	38.521309	26.796407	91.569568	2.297333
109	50.371313	38.531265	26.646707	91.569568	2.297906
110	50.379783	38.569465	27.694611	91.569568	2.296503
111	50.397205	38.592880	27.020958	91.569568	2.311188
112	50.407678	38.629872	25.898204	91.569568	2.293442
113	50.420785	38.712588	26.721557	91.569568	2.279140
114	50.408411	38.655443	27.544910	91.569568	2.291826
115	50.434291	38.648477	26.422156	91.569568	2.288832
116	50.443453	38.658649	26.946108	91.569568	2.306943
117	50.453132	38.634682	26.497006	91.569568	2.304073
118	50.444013	38.660583	26.497006	91.569568	2.317298
119	50.462449	38.721014	26.946108	91.569568	2.298649
120	50.475258	38.730934	26.946108	91.569568	2.303574
121	50.503159	38.796847	27.470060	91.569568	2.292578
122	50.517148	38.774305	27.470060	91.569568	2.316525
123	50.531459	38.706847	27.095808	91.569568	2.312491
124	50.543714	38.797868	27.020958	91.569568	2.294176
125	50.555110	38.765843	27.320359	91.569568	2.294184
126	50.576466	38.802665	27.170659	91.569568	2.296304
127	50.571311	38.837632	27.320359	91.569568	2.303096
128	50.577664	38.790260	27.020958	91.569568	2.277236
129	50.574875	38.834727	27.020958	91.569568	2.275958
130	50.595915	38.858433	27.320359	91.569568	2.295971
131	50.595373	38.890101	27.395210	91.569568	2.283478
132	50.561774	38.864332	27.919162	91.569568	2.313003
133	50.561184	38.819478	27.095808	91.569568	2.308558
134	50.583756	38.748540	26.871257	91.569568	2.310104
135	50.587153	38.755098	26.721557	91.569568	2.307274
136	50.599134	38.804957	26.946108	91.569568	2.323655
137	50.607538	38.760444	26.871257	91.569568	2.301011
138	50.640345	38.828257	27.470060	91.569568	2.330107
139	50.642765	38.862449	26.497006	91.569568	2.327776
140	50.662625	38.883053	25.973054	91.569568	2.298505
141	50.642949	38.892307	26.946108	91.569568	2.303828
142	50.661546	38.912764	27.020958	91.569568	2.292989
143	50.646180	38.921437	26.796407	91.569568	2.303247
144	50.663692	38.878850	25.898204	91.569568	2.298266
145	50.671482	38.822973	27.544910	91.569568	2.293974
146	50.665897	38.877199	26.571856	91.569568	2.298542
147	50.679028	38.912105	26.796407	91.569568	2.301623
148	50.673550	38.882946	26.197605	91.569568	2.320993
149	50.682551	38.874331	27.020958	91.569568	2.292623
150	50.682342	38.842949	26.946108	91.569568	2.315741
151	50.669342	38.792475	27.619760	91.569568	2.296554
152	50.673425	38.861913	27.395210	91.569568	2.312534
153	50.668889	38.828608	27.320359	91.569568	2.303001
154	50.689089	38.895681	28.368263	91.569568	2.310229
155	50.679022	38.814588	27.320359	91.569568	2.302235
156	50.688303	38.804033	27.170659	91.569568	2.324730
157	50.691503	38.867522	27.619760	91.569568	2.293719
158	50.684988	38.848875	26.796407	91.569568	2.328424
159	50.682640	38.826193	26.946108	91.569568	2.305403
160	50.689757	38.839971	27.544910	91.569568	2.322268
161	50.685149	38.814549	27.020958	91.569568	2.320118
162	50.687814	38.781557	26.422156	91.569568	2.315901
163	50.687039	38.835545	27.844311	91.569568	2.305918
164	50.678098	38.828343	27.320359	91.569568	2.298019
165	50.682104	38.848248	27.470060	91.569568	2.321715
166	50.694448	38.827558	27.544910	91.569568	2.311257
167	50.699198	38.751221	27.844311	91.569568	2.304165
168	50.688285	38.767357	27.095808	91.569568	2.297401
169	50.694978	38.778106	26.796407	91.569568	2.295981
170	50.696397	38.748901	27.095808	91.569568	2.306020
171	50.679743	38.765655	27.170659	91.569568	2.282873
172	50.693882	38.812997	27.245509	91.569568	2.281571
173	50.700152	38.823658	27.020958	91.569568	2.276594
174	50.688601	38.798076	27.095808	91.569568	2.311075
175	50.704718	38.882141	27.245509	91.569568	2.289504
176	50.695181	38.850356	27.395210	91.569568	2.318367
177	50.686598	38.845549	26.122754	91.569568	2.296852
178	50.702554	38.821634	26.571856	91.569568	2.311979
179	50.682849	38.793001	26.796407	91.569568	2.310572
180	50.690782	38.852090	27.020958	91.569568	2.317357
181	50.687861	38.907263	26.646707	91.569568	2.294506
182	50.707614	38.794557	26.571856	91.569568	2.316987
183	50.707924	38.768016	26.497006	91.569568	2.313561
184	50.702566	38.799578	26.571856	91.569568	2.321404
185	50.698161	38.769871	27.395210	91.569568	2.285986
186	50.710994	38.817003	26.497006	91.569568	2.308607
187	50.685686	38.821820	27.320359	91.569568	2.315285
188	50.687993	38.844402	27.245509	91.569568	2.324910
189	50.690842	38.835633	27.095808	91.569568	2.294839
190	50.685292	38.845069	27.020958	91.569568	2.293277
191	50.676912	38.757385	26.571856	91.569568	2.295581
192	50.676262	38.673779	26.721557	91.569568	2.294188
193	50.689352	38.775174	27.320359	91.569568	2.296249
194	50.678527	38.730114	27.320359	91.569568	2.315691
195	50.683033	38.792782	27.544910	91.569568	2.314538
196	50.682253	38.748234	27.095808	91.569568	2.314298
197	50.692558	38.750753	26.946108	91.569568	2.298998
198	50.688165	38.754670	27.395210	91.569568	2.306825
199	50.702000	38.762017	27.170659	91.569568	2.314933
200	50.706375	38.771885	26.272455	91.569568	2.328447
201	50.713587	38.773142	26.422156	91.569568	2.301604
202	50.702214	38.773340	27.470060	91.569568	2.329304
203	50.702155	38.721317	27.245509	91.569568	2.281780
204	50.694174	38.711999	27.020958	91.569568	2.329310
205	50.686455	38.738621	26.422156	91.569568	2.334319
206	50.699216	38.792444	26.122754	91.569568	2.297270
207	50.694871	38.834509	26.946108	91.569568	2.312916
208	50.682020	38.814311	27.470060	91.569568	2.303231
209	50.711137	38.874345	28.218563	91.569568	2.320923
210	50.687438	38.738535	27.320359	91.569568	2.310971
211	50.702405	38.799618	26.721557	91.569568	2.298963
212	50.687885	38.788501	27.395210	91.569568	2.322381
213	50.702870	38.815586	27.619760	91.569568	2.300841
214	50.687748	38.794851	27.095808	91.569568	2.294829
215	50.698137	38.820300	27.395210	91.569568	2.295314
216	50.695181	38.789752	26.422156	91.569568	2.314413
217	50.704443	38.800739	27.544910	91.569568	2.313384
218	50.690949	38.728698	26.796407	91.569568	2.321547
219	50.690103	38.820470	27.020958	91.569568	2.294940
220	50.682592	38.822133	26.946108	91.569568	2.304116
221	50.688666	38.885305	27.470060	91.569568	2.314363
222	50.687283	38.864155	26.422156	91.569568	2.328514
223	50.696844	38.839911	27.095808	91.569568	2.285160
224	50.685591	38.843483	26.721557	91.569568	2.326404
225	50.680655	38.828282	26.497006	91.569568	2.302487
226	50.686121	38.830285	27.095808	91.569568	2.302271
227	50.676870	38.796322	25.748503	91.569568	2.297117
228	50.694299	38.745511	25.973054	91.569568	2.308364
229	50.688756	38.800551	26.946108	91.569568	2.330676
230	50.677443	38.770220	26.796407	91.569568	2.340809
231	50.686675	38.815850	26.721557	91.569568	2.317799
232	50.683486	38.818051	26.646707	91.569568	2.306179
233	50.691611	38.833806	26.721557	91.569568	2.312212
234	50.676215	38.732370	27.020958	91.569568	2.305963
235	50.700068	38.896412	27.470060	91.569568	2.302174
236	50.692105	38.928148	27.245509	91.569568	2.287391
237	50.693083	38.875756	27.619760	91.569568	2.284143
238	50.694698	38.811217	27.844311	91.569568	2.296596
239	50.690597	38.817829	26.796407	91.569568	2.289901
240	50.702298	38.820359	26.796407	91.569568	2.302190
241	50.692099	38.795640	26.646707	91.569568	2.307895
242	50.699788	38.832549	27.170659	91.569568	2.306594
243	50.696945	38.832384	27.395210	91.569568	2.292712
244	50.689596	38.770696	27.320359	91.569568	2.305290
245	50.683689	38.771275	26.946108	91.569568	2.303567
246	50.696146	38.846607	27.395210	91.569568	2.307890
247	50.690997	38.885773	27.470060	91.569568	2.296454
248	50.691772	38.796588	26.946108	91.569568	2.316702
249	50.677013	38.781486	27.619760	91.569568	2.295830
250	50.679803	38.787838	26.871257	91.569568	2.322997
251	50.694996	38.820715	27.095808	91.569568	2.321584
252	50.687772	38.783900	26.796407	91.569568	2.324465
253	50.956666	39.061090	28.143713	91.569568	2.292077
254	51.018625	39.124472	27.769461	91.569568	2.317510
255	51.028943	39.168346	27.320359	91.569568	2.289916
256	51.044554	39.214020	27.470060	91.569568	2.348799
257	51.043200	39.250615	27.470060	91.569568	2.315320
258	51.055467	39.248280	27.395210	91.569568	2.302876
259	51.046181	39.212672	27.694611	91.569568	2.294117
260	51.052856	39.230157	27.095808	91.569568	2.307254
261	51.074719	39.251995	27.395210	91.569568	2.310301
262	51.054454	39.230168	28.443114	91.569568	2.310318
263	51.058966	39.244535	27.919162	91.569568	2.311448
264	51.071090	39.255138	27.619760	91.569568	2.306536
265	51.064599	39.234507	27.395210	91.569568	2.303164
266	51.066786	39.259062	27.095808	91.569568	2.306708
267	51.073313	39.272248	27.245509	91.569568	2.310761
268	51.077867	39.270970	27.245509	91.569568	2.296915
269	51.071280	39.249215	27.470060	91.569568	2.304191
270	51.053786	39.310373	27.095808	91.569568	2.311794
271	51.044041	39.305384	27.320359	91.569568	2.293824
272	51.059651	39.273661	28.068862	91.569568	2.322922
273	51.062340	39.274488	27.320359	91.569568	2.301036
274	51.056969	39.301676	27.320359	91.569568	2.302997
275	51.072818	39.279585	27.245509	91.569568	2.310350
276	51.063639	39.230120	27.619760	91.569568	2.309929
277	51.052189	39.253147	27.919162	91.569568	2.296251
278	51.062381	39.236245	27.020958	91.569568	2.322142
279	51.071048	39.308955	27.544910	91.569568	2.305819
280	51.068175	39.289691	27.320359	91.569568	2.291754
281	51.071644	39.341446	27.994012	91.569568	2.294335
282	51.070011	39.328539	27.994012	91.569568	2.298096
283	51.067358	39.351762	27.919162	91.569568	2.312445
284	51.072359	39.256665	28.143713	91.569568	2.294088
285	51.070195	39.325177	27.919162	91.569568	2.284055
286	51.067114	39.273824	27.844311	91.569568	2.326443
287	51.072586	39.242659	28.068862	91.569568	2.311454
288	51.075697	39.250046	27.919162	91.569568	2.292046
289	51.071107	39.259702	27.769461	91.569568	2.293906
290	51.078057	39.263355	27.994012	91.569568	2.335841
291	51.081109	39.361812	28.068862	91.569568	2.324367
292	51.075691	39.343296	28.143713	91.569568	2.316069
293	51.081592	39.298245	28.068862	91.569568	2.296502
294	51.067406	39.284422	28.068862	91.569568	2.319655
295	51.081622	39.324125	28.068862	91.569568	2.301965
296	51.080108	39.356140	27.769461	91.569568	2.306930
297	51.080072	39.349346	27.395210	91.569568	2.292716
298	51.075006	39.316845	27.919162	91.569568	2.295435
299	51.073527	39.375363	28.068862	91.569568	2.323028
300	51.088679	39.391663	28.293413	91.569568	2.319404
301	51.107150	39.465488	28.742515	91.569568	2.303335
302	51.093996	39.479665	28.967066	91.569568	2.296944
303	51.075029	39.458741	28.218563	91.569568	2.295959
304	51.083612	39.408668	28.143713	91.569568	2.326072
305	51.089722	39.396345	28.143713	91.569568	2.305852
306	51.092207	39.417165	28.592814	91.569568	2.320447
307	51.096416	39.384835	27.619760	91.569568	2.297643
308	51.101059	39.409792	28.368263	91.569568	2.304583
309	51.094544	39.431275	28.443114	91.569568	2.314626
310	51.095486	39.410124	28.293413	91.569568	2.326639
311	51.087666	39.426386	28.368263	91.569568	2.305918
312	51.092672	39.438714	28.368263	91.569568	2.295617
313	51.085162	39.345054	28.293413	91.569568	2.315407
314	51.095372	39.401517	27.694611	91.569568	2.292590
315	51.093185	39.397884	27.994012	91.569568	2.322394
316	51.098138	39.403589	27.769461	91.569568	2.305364
317	51.093769	39.365227	27.919162	91.569568	2.298009
318	51.088405	39.376273	28.068862	91.569568	2.329773
319	51.091099	39.375629	28.368263	91.569568	2.291660
320	51.099646	39.384795	28.368263	91.569568	2.346782
321	51.121068	39.338770	28.293413	91.569568	2.300121
322	51.099610	39.288447	27.994012	91.569568	2.319365
323	51.109856	39.305441	28.368263	91.569568	2.302010
324	51.097286	39.318189	27.470060	91.569568	2.301776
325	51.092875	39.325831	28.742515	91.569568	2.302247
326	51.104188	39.289945	28.817365	91.569568	2.317348
327	51.100719	39.312031	27.320359	91.569568	2.294915
328	51.098096	39.279276	28.368263	91.569568	2.296868
329	51.100373	39.303012	27.919162	91.569568	2.324775
330	51.096267	39.346734	28.068862	91.569568	2.303437
331	51.102877	39.309183	27.769461	91.569568	2.299768
332	51.094490	39.308300	27.994012	91.569568	2.285489
333	51.095319	39.279368	28.443114	91.569568	2.304721
334	51.088583	39.280860	27.395210	91.569568	2.293485
335	51.083875	39.283748	27.694611	91.569568	2.319626
336	51.094973	39.290912	28.293413	91.569568	2.295192
337	51.092517	39.325191	27.619760	91.569568	2.320213
338	51.105022	39.317132	27.769461	91.569568	2.338024
339	51.101625	39.328097	27.769461	91.569568	2.305331
340	51.107270	39.338916	27.769461	91.569568	2.315612
341	51.109982	39.283240	28.892216	91.569568	2.315628
342	51.104766	39.283330	27.619760	91.569568	2.326326
343	51.111400	39.319260	27.470060	91.569568	2.285740
344	51.096720	39.288472	27.470060	91.569568	2.307675
345	51.091796	39.278588	27.769461	91.569568	2.302580
346	51.095814	39.299271	27.844311	91.569568	2.325238
347	51.089203	39.287739	27.544910	91.569568	2.319745
348	51.096582	39.295091	27.470060	91.569568	2.324440
349	51.091248	39.273668	28.068862	91.569568	2.317022
350	51.097000	39.275605	28.517964	91.569568	2.300205
351	51.100928	39.262662	28.218563	91.569568	2.306299
352	51.097685	39.276295	28.742515	91.569568	2.320173
353	51.087856	39.293060	27.470060	91.569568	2.311914
354	51.089221	39.292319	28.068862	91.569568	2.330022
355	51.100600	39.340712	27.544910	91.569568	2.312762
356	51.106608	39.326395	27.694611	91.569568	2.311475
357	51.097047	39.327506	27.544910	91.569568	2.293380
358	51.087940	39.267951	27.245509	91.569568	2.329489
359	51.098752	39.287681	27.844311	91.569568	2.309467
360	51.105177	39.275912	27.694611	91.569568	2.301759
361	51.100814	39.281754	27.245509	91.569568	2.289201
362	51.101267	39.308493	27.619760	91.569568	2.327891
363	51.113623	39.330811	27.095808	91.569568	2.285886
364	51.098025	39.323531	28.368263	91.569568	2.307952
365	51.101345	39.362634	27.994012	91.569568	2.311855
366	51.106572	39.331660	27.694611	91.569568	2.325399
367	51.113307	39.375427	28.218563	91.569568	2.288147
368	51.108074	39.374755	27.994012	91.569568	2.302463
369	51.098382	39.370105	27.994012	91.569568	2.321995
370	51.107693	39.414735	28.143713	91.569568	2.296850
371	51.105201	39.396028	28.143713	91.569568	2.293212
372	51.099741	39.398725	27.769461	91.569568	2.313601
373	51.337397	39.662464	28.068862	91.569568	2.316167
374	51.376253	39.731588	28.443114	91.569568	2.307787
375	51.396918	39.746736	29.116766	91.569568	2.319566
376	51.407945	39.741680	28.967066	91.569568	2.328914
377	51.413524	39.761814	28.517964	91.569568	2.313916
378	51.419306	39.697699	28.592814	91.569568	2.299574
379	51.424408	39.764482	29.341317	91.569568	2.301627
380	51.428264	39.756454	29.416168	91.569568	2.297292
381	51.434743	39.756297	28.667665	91.569568	2.291673
382	51.433033	39.752673	28.892216	91.569568	2.296453
383	51.438308	39.733867	28.967066	91.569568	2.299112
384	51.426899	39.821363	28.667665	91.569568	2.298247
385	51.447546	39.815981	28.293413	91.569568	2.301099
386	51.439786	39.824671	29.041916	91.569568	2.327085
387	51.440901	39.815536	28.817365	91.569568	2.298499
388	51.441205	39.821524	28.667665	91.569568	2.298904
389	51.427728	39.800473	29.416168	91.569568	2.311391
390	51.438224	39.805086	29.191617	91.569568	2.319486
391	51.450318	39.801597	28.817365	91.569568	2.293898
392	51.449096	39.786313	28.892216	91.569568	2.299583
393	51.449287	39.806635	28.892216	91.569568	2.291625
394	51.445001	39.824406	29.041916	91.569568	2.301292
395	51.446664	39.792388	28.368263	91.569568	2.319782
396	51.458859	39.834412	28.667665	91.569568	2.321697
397	51.453197	39.846613	28.817365	91.569568	2.306799
398	51.456797	39.834435	28.817365	91.569568	2.304030
399	51.456738	39.837213	28.817365	91.569568	2.310820
400	51.454997	39.829976	29.041916	91.569568	2.334735
401	51.452094	39.809321	29.191617	91.569568	2.326140
402	51.452613	39.820769	29.416168	91.569568	2.299769
403	51.443386	39.762492	28.742515	91.569568	2.314215
404	51.446569	39.845389	29.416168	91.569568	2.301977
405	51.447988	39.822578	28.892216	91.569568	2.301761
406	51.442206	39.799964	28.293413	91.569568	2.334030
407	51.449442	39.793482	29.041916	91.569568	2.292986
408	51.449615	39.830402	29.266467	91.569568	2.303225
409	51.454592	39.832249	28.967066	91.569568	2.314481
410	51.458526	39.851923	29.191617	91.569568	2.301228
411	51.449656	39.857271	28.967066	91.569568	2.308634
412	51.440692	39.869367	29.341317	91.569568	2.317588
413	51.454639	39.869946	28.817365	91.569568	2.318329
414	51.458758	39.880340	29.041916	91.569568	2.303288
415	51.450706	39.884447	29.266467	91.569568	2.316521
416	51.447690	39.875296	28.592814	91.569568	2.305137
417	51.452971	39.897155	29.116766	91.569568	2.296794
418	51.450646	39.866007	29.116766	91.569568	2.300264
419	51.461220	39.831940	28.293413	91.569568	2.305779
420	51.461661	39.861726	28.817365	91.569568	2.309340
421	51.460409	39.889059	29.116766	91.569568	2.302106
422	51.472735	39.848116	28.892216	91.569568	2.309153
423	51.470351	39.821265	28.967066	91.569568	2.288250
424	51.468146	39.879675	29.191617	91.569568	2.301736
425	51.466942	39.790729	28.667665	91.569568	2.310560
426	51.468807	39.831518	29.416168	91.569568	2.310033
427	51.470459	39.835158	29.191617	91.569568	2.313366
428	51.472878	39.850784	28.742515	91.569568	2.301657
429	51.467168	39.804639	28.892216	91.569568	2.305828
430	51.476377	39.862776	28.667665	91.569568	2.322786
431	51.479632	39.916058	28.967066	91.569568	2.293211
432	51.469523	39.811440	29.565868	91.569568	2.311643
433	51.476490	39.833133	29.640719	91.569568	2.298465
434	51.473475	39.806170	29.416168	91.569568	2.317923
435	51.480305	39.835636	29.491018	91.569568	2.295326
436	51.482940	39.861991	29.191617	91.569568	2.309002
437	51.475322	39.865494	28.892216	91.569568	2.302480
438	51.481128	39.813257	29.266467	91.569568	2.308367
439	51.482630	39.817984	28.967066	91.569568	2.295097
440	51.492292	39.836477	28.742515	91.569568	2.320754
441	51.493245	39.758662	28.517964	91.569568	2.295443
442	51.493037	39.792917	28.143713	91.569568	2.321444
443	51.482815	39.804156	28.368263	91.569568	2.293691
444	51.492918	39.824531	29.116766	91.569568	2.325437
445	51.498568	39.806687	28.368263	91.569568	2.299961
446	51.489919	39.832676	28.667665	91.569568	2.329314
447	51.485854	39.841364	28.368263	91.569568	2.314185
448	51.500690	39.841126	29.191617	91.569568	2.290842
449	51.493287	39.877704	28.592814	91.569568	2.316084
450	51.488549	39.892115	28.967066	91.569568	2.294168
451	51.491344	39.866388	28.742515	91.569568	2.321131
452	51.496089	39.868381	28.592814	91.569568	2.308489
453	51.500022	39.823472	28.592814	91.569568	2.320083
454	51.494837	39.821104	28.967066	91.569568	2.321014
455	51.497328	39.866055	28.892216	91.569568	2.316663
456	51.499355	39.830319	28.967066	91.569568	2.303774
457	51.490796	39.826415	29.341317	91.569568	2.313921
458	51.489204	39.832980	28.817365	91.569568	2.301061
459	51.488912	39.824105	29.041916	91.569568	2.312749
460	51.492655	39.841080	28.667665	91.569568	2.307427
461	51.490331	39.893172	29.191617	91.569568	2.307512
462	51.499748	39.852223	28.967066	91.569568	2.322603
463	51.489723	39.844057	28.742515	91.569568	2.293344
464	51.485908	39.822030	29.416168	91.569568	2.296737
465	51.486516	39.849404	28.592814	91.569568	2.313270
466	51.482379	39.836791	29.191617	91.569568	2.318707
467	51.487923	39.866948	28.667665	91.569568	2.298495
468	51.488793	39.831528	28.817365	91.569568	2.324438
469	51.488239	39.870921	28.443114	91.569568	2.291434
470	51.492524	39.844307	29.191617	91.569568	2.313929
471	51.491183	39.829789	28.892216	91.569568	2.325877
472	51.492912	39.838690	28.817365	91.569568	2.310531
473	51.494670	39.841586	28.967066	91.569568	2.300037
474	51.502627	39.846311	28.667665	91.569568	2.324929
475	51.492405	39.838102	29.491018	91.569568	2.313357
476	51.496816	39.799933	28.817365	91.569568	2.323797
477	51.496220	39.822282	28.967066	91.569568	2.302345
478	51.503301	39.810357	28.742515	91.569568	2.319331
479	51.499832	39.818658	28.517964	91.569568	2.307237
480	51.497799	39.870791	28.293413	91.569568	2.302881
481	51.495981	39.816704	29.191617	91.569568	2.301702
482	51.487136	39.846367	28.143713	91.569568	2.298110
483	51.492715	39.838768	27.844311	91.569568	2.290951
484	51.495826	39.849486	28.592814	91.569568	2.296649
485	51.501650	39.835150	27.919162	91.569568	2.319798
486	51.501924	39.793522	28.592814	91.569568	2.335910
487	51.508391	39.815535	28.967066	91.569568	2.281610
488	51.506472	39.819951	28.218563	91.569568	2.312994
489	51.502031	39.912075	29.041916	91.569568	2.308169
490	51.501292	39.845909	28.817365	91.569568	2.321262
491	51.507378	39.889427	29.416168	91.569568	2.295739
492	51.487941	39.873666	29.416168	91.569568	2.290885
493	51.498312	39.822580	28.892216	91.569568	2.310211
494	51.495111	39.867497	28.892216	91.569568	2.304108
495	51.493406	39.852355	29.341317	91.569568	2.321485
496	51.497149	39.776313	28.517964	91.569568	2.299132
497	51.502824	39.787606	28.667665	91.569568	2.298195
498	51.507849	39.782499	28.967066	91.569568	2.321152
499	51.493078	39.835269	28.667665	91.569568	2.308058
500	51.501584	39.803103	29.116766	91.569568	2.322020
501	51.508021	39.848202	29.041916	91.569568	2.312426
502	51.506454	39.836344	28.592814	91.569568	2.309710
503	51.511908	39.844698	28.368263	91.569568	2.320220
504	51.506871	39.843818	28.817365	91.569568	2.324796
505	51.509541	39.811605	29.416168	91.569568	2.312238
506	51.505768	39.811268	28.742515	91.569568	2.311769
507	51.501316	39.801389	29.191617	91.569568	2.314529
508	51.504743	39.847004	28.967066	91.569568	2.316365
509	51.504129	39.873542	28.892216	91.569568	2.296887
510	51.514673	39.867090	28.892216	91.569568	2.321620
511	51.502526	39.848706	28.592814	91.569568	2.307688
512	51.506901	39.823218	28.517964	91.569568	2.315959
513	51.523161	39.842024	28.817365	91.569568	2.304265
514	51.505399	39.857905	28.517964	91.569568	2.322002
515	51.504290	39.882242	28.667665	91.569568	2.301922
516	51.507902	39.860273	29.191617	91.569568	2.333554
517	51.503909	39.842684	29.116766	91.569568	2.306496
518	51.500070	39.845727	28.293413	91.569568	2.327311
519	51.505488	39.825744	28.742515	91.569568	2.278304
520	51.501846	39.871260	28.967066	91.569568	2.294779
521	51.512051	39.904167	29.266467	91.569568	2.314158
522	51.514864	39.858533	28.443114	91.569568	2.330745
523	51.508033	39.865739	28.143713	91.569568	2.307701
524	51.500046	39.898894	28.368263	91.569568	2.295394
525	51.500952	39.878350	28.218563	91.569568	2.294600
526	51.507270	39.874058	28.293413	91.569568	2.303849
527	51.499140	39.869189	28.443114	91.569568	2.286366
528	51.506639	39.834306	27.769461	91.569568	2.299154
529	51.496780	39.816799	28.443114	91.569568	2.306990
530	51.515019	39.848130	28.218563	91.569568	2.299065
531	51.510394	39.814562	28.143713	91.569568	2.320175
532	51.516813	39.804486	28.517964	91.569568	2.310119
533	51.502359	39.845479	28.517964	91.569568	2.307841
534	51.496202	39.862141	28.293413	91.569568	2.306390
535	51.502872	39.810272	28.667665	91.569568	2.294799
536	51.502872	39.843760	29.191617	91.569568	2.306056
537	51.505601	39.849450	28.667665	91.569568	2.298768
538	51.518226	39.840988	28.667665	91.569568	2.299552
539	51.523376	39.832736	28.817365	91.569568	2.311196
540	51.503730	39.806199	28.443114	91.569568	2.302249
541	51.509309	39.847646	28.892216	91.569568	2.298179
542	51.502705	39.801571	28.368263	91.569568	2.315339
543	51.501930	39.838714	29.116766	91.569568	2.295046
544	51.514995	39.791585	28.667665	91.569568	2.299887
545	51.516223	39.842531	28.742515	91.569568	2.315077
546	51.499838	39.814093	29.266467	91.569568	2.308902
547	51.504922	39.767529	28.742515	91.569568	2.306036
548	51.511091	39.819769	28.817365	91.569568	2.312641
549	51.517618	39.851159	28.817365	91.569568	2.301257
550	51.510096	39.774149	28.517964	91.569568	2.314411
551	51.513630	39.793375	29.041916	91.569568	2.295202
552	51.504111	39.850133	28.517964	91.569568	2.300690
553	51.512861	39.827432	28.517964	91.569568	2.312501
554	51.520121	39.855322	28.592814	91.569568	2.301757
555	51.507473	39.849087	28.817365	91.569568	2.321936
556	51.513124	39.881532	28.817365	91.569568	2.309324
557	51.509756	39.858015	28.817365	91.569568	2.288200
558	51.511037	39.881300	29.191617	91.569568	2.337084
559	51.519591	39.842152	28.592814	91.569568	2.286548
560	51.518095	39.825211	28.967066	91.569568	2.295803
561	51.512229	39.810188	28.368263	91.569568	2.321198
562	51.518869	39.830259	28.443114	91.569568	2.304588
563	51.513743	39.822880	28.742515	91.569568	2.298069
564	51.508439	39.790642	28.967066	91.569568	2.297108
565	51.506859	39.830103	29.041916	91.569568	2.311604
566	51.505721	39.848865	29.191617	91.569568	2.309432
567	51.513958	39.809537	28.817365	91.569568	2.312721
568	51.515919	39.824623	28.368263	91.569568	2.317912
569	51.510465	39.860202	28.817365	91.569568	2.319763
570	51.513875	39.843368	29.266467	91.569568	2.325772
571	51.513886	39.861872	28.967066	91.569568	2.292802
572	51.506197	39.845551	28.443114	91.569568	2.318528
573	51.503479	39.810286	27.994012	91.569568	2.294595
574	51.511395	39.796254	28.667665	91.569568	2.307221
575	51.503623	39.836327	29.191617	91.569568	2.303911
576	51.505864	39.895244	28.817365	91.569568	2.299250
577	51.508939	39.889672	28.817365	91.569568	2.284319
578	51.509184	39.900036	28.967066	91.569568	2.306290
579	51.509929	39.859208	29.041916	91.569568	2.318988
580	51.515436	39.909019	28.817365	91.569568	2.302670
581	51.525962	39.910678	28.517964	91.569568	2.302218
582	51.519692	39.884248	28.592814	91.569568	2.328704
583	51.517600	39.897847	28.667665	91.569568	2.327966
584	51.519227	39.899191	28.517964	91.569568	2.298417
585	51.521945	39.878481	28.443114	91.569568	2.317266
586	51.506853	39.910315	28.592814	91.569568	2.292539
587	51.512331	39.860112	29.191617	91.569568	2.302627
588	51.503247	39.822407	29.266467	91.569568	2.325402
589	51.506603	39.833566	28.517964	91.569568	2.281891
590	51.502806	39.851125	29.491018	91.569568	2.316316
591	51.518315	39.889008	29.116766	91.569568	2.297420
592	51.512003	39.899299	28.592814	91.569568	2.324158
593	51.518333	39.888842	27.919162	91.569568	2.299970
594	51.517606	39.929422	28.817365	91.569568	2.316535
595	51.505011	39.903659	29.416168	91.569568	2.312006
596	51.507258	39.878143	28.592814	91.569568	2.299991
597	51.499641	39.833896	28.592814	91.569568	2.307189
598	51.500607	39.850234	28.742515	91.569568	2.324438
599	51.511049	39.798903	29.341317	91.569568	2.296604
600	51.502931	39.849972	29.341317	91.569568	2.320008
601	51.508784	39.856916	28.817365	91.569568	2.315415
602	51.512021	39.837647	28.443114	91.569568	2.317955
603	51.507503	39.839074	28.368263	91.569568	2.308154
604	51.510894	39.813321	28.967066	91.569568	2.317656
605	51.499498	39.810478	28.892216	91.569568	2.295427
606	51.503599	39.835310	28.667665	91.569568	2.304725
607	51.497442	39.806602	28.218563	91.569568	2.300633
608	51.503289	39.812109	28.817365	91.569568	2.302824
609	51.507300	39.826877	28.443114	91.569568	2.321034
610	51.502103	39.842303	28.068862	91.569568	2.325552
611	51.501936	39.836115	28.443114	91.569568	2.284521
612	51.500827	39.817742	29.041916	91.569568	2.325613
613	51.510072	39.866318	28.218563	91.569568	2.320053
614	51.503038	39.846240	28.742515	91.569568	2.333213
615	51.504838	39.857312	28.667665	91.569568	2.316360
616	51.507151	39.864758	29.041916	91.569568	2.323405
617	51.502675	39.880463	28.667665	91.569568	2.301117
618	51.496857	39.878184	28.817365	91.569568	2.319050
619	51.506758	39.831067	28.517964	91.569568	2.285845
620	51.516831	39.852875	28.068862	91.569568	2.309526
621	51.513058	39.851447	27.994012	91.569568	2.300294
622	51.512802	39.844215	29.116766	91.569568	2.321003
623	51.517081	39.892609	28.742515	91.569568	2.310710
624	51.525444	39.916593	29.041916	91.569568	2.312279
625	51.524127	39.868974	28.592814	91.569568	2.315146
626	51.516449	39.901326	28.817365	91.569568	2.291331
627	51.519030	39.885990	28.742515	91.569568	2.325446
628	51.516259	39.887241	28.592814	91.569568	2.303242
629	51.518595	39.900464	27.769461	91.569568	2.322371
630	51.517373	39.870818	28.592814	91.569568	2.339702
631	51.511818	39.874625	28.742515	91.569568	2.292050
632	51.514804	39.832026	28.368263	91.569568	2.322359
633	51.745474	40.102093	29.565868	91.569568	2.314412
634	51.777923	40.125553	29.640719	91.569568	2.300645
635	51.790380	40.172198	29.266467	91.569568	2.297365
636	51.798189	40.160727	29.416168	91.569568	2.323907
637	51.808250	40.195714	29.341317	91.569568	2.297367
638	51.804245	40.222760	29.940120	91.569568	2.316115
639	51.807320	40.211358	29.491018	91.569568	2.291166
640	51.804626	40.212523	29.565868	91.569568	2.322412
641	51.808614	40.192456	29.041916	91.569568	2.299049
642	51.815712	40.172377	29.491018	91.569568	2.324143
643	51.815498	40.197488	30.089820	91.569568	2.305301
644	51.818264	40.205980	29.041916	91.569568	2.330613
645	51.821554	40.176618	29.191617	91.569568	2.313682
646	51.822650	40.199254	29.191617	91.569568	2.292768
647	51.824439	40.211692	30.014970	91.569568	2.313302
648	51.824164	40.198711	29.640719	91.569568	2.304210
649	51.816273	40.174624	28.967066	91.569568	2.315891
650	51.820564	40.204095	28.967066	91.569568	2.328685
651	51.823926	40.194400	29.341317	91.569568	2.286180
652	51.824331	40.180757	29.341317	91.569568	2.345620
653	51.824892	40.199471	29.565868	91.569568	2.309600
654	51.825446	40.225189	29.940120	91.569568	2.301199
655	51.824546	40.231314	29.790419	91.569568	2.311078
656	51.823270	40.242533	29.116766	91.569568	2.306510
657	51.818913	40.221844	29.341317	91.569568	2.313028
658	51.822805	40.222783	30.089820	91.569568	2.305453
659	51.824951	40.224452	29.715569	91.569568	2.300600
660	51.822323	40.227294	29.565868	91.569568	2.327676
661	51.822543	40.252917	29.266467	91.569568	2.299216
662	51.822132	40.228310	28.967066	91.569568	2.301004
663	51.821327	40.226994	29.865269	91.569568	2.291959
664	51.825178	40.212795	29.790419	91.569568	2.315539
665	51.821506	40.248549	29.640719	91.569568	2.295691
666	51.821566	40.239392	30.239521	91.569568	2.307280
667	51.817822	40.248809	29.715569	91.569568	2.293237
668	51.822853	40.235683	29.416168	91.569568	2.318881
669	51.824313	40.221402	29.790419	91.569568	2.297394
670	51.826167	40.244755	29.041916	91.569568	2.321113
671	51.830024	40.253470	29.491018	91.569568	2.315790
672	51.825178	40.247741	29.565868	91.569568	2.304329
673	51.827037	40.234699	29.565868	91.569568	2.298754
674	51.824260	40.239377	29.865269	91.569568	2.321471
675	51.819330	40.266058	30.014970	91.569568	2.296480
676	51.821196	40.259421	29.940120	91.569568	2.290483
677	51.816618	40.233153	30.014970	91.569568	2.320719
678	51.825851	40.202492	29.640719	91.569568	2.296836
679	51.824510	40.231335	29.491018	91.569568	2.299870
680	51.833099	40.255459	29.715569	91.569568	2.316597
681	51.827919	40.227910	29.715569	91.569568	2.309317
682	51.825815	40.226818	29.191617	91.569568	2.300837
683	51.824915	40.230068	30.314371	91.569568	2.316453
684	51.823246	40.232973	29.790419	91.569568	2.304878
685	51.824170	40.226133	29.491018	91.569568	2.314832
686	51.825380	40.223956	29.790419	91.569568	2.318838
687	51.831144	40.220888	29.565868	91.569568	2.300308
688	51.826036	40.236428	29.790419	91.569568	2.328824
689	51.824093	40.260034	29.416168	91.569568	2.279237
690	51.833379	40.240791	30.089820	91.569568	2.299565
691	51.826382	40.247288	29.416168	91.569568	2.310294
692	51.829910	40.251810	29.491018	91.569568	2.315536
693	51.827991	40.263102	30.164671	91.569568	2.307878
694	51.824683	40.249046	29.715569	91.569568	2.321846
695	51.831651	40.259491	30.014970	91.569568	2.300694
696	51.827556	40.269700	29.715569	91.569568	2.284610
697	51.821744	40.245179	29.266467	91.569568	2.317590
698	51.827246	40.259664	29.640719	91.569568	2.320980
699	51.828420	40.262792	29.790419	91.569568	2.303808
700	51.820421	40.247859	29.491018	91.569568	2.298496
701	51.825482	40.251088	29.865269	91.569568	2.296264
702	51.826763	40.265221	30.014970	91.569568	2.305897
703	51.830232	40.231754	28.892216	91.569568	2.309724
704	51.826924	40.261842	30.089820	91.569568	2.308392
705	51.826340	40.283528	29.790419	91.569568	2.321882
706	51.828510	40.222300	29.640719	91.569568	2.295012
707	51.824677	40.233229	29.715569	91.569568	2.310606
708	51.828277	40.241428	29.565868	91.569568	2.337375
709	51.828736	40.269727	29.715569	91.569568	2.328617
710	51.825207	40.250672	29.116766	91.569568	2.298310
711	51.830721	40.253611	29.565868	91.569568	2.313470
712	51.828682	40.226780	29.116766	91.569568	2.300889
713	51.833391	40.272196	28.742515	91.569568	2.316863
714	51.826006	40.262855	29.341317	91.569568	2.319138
715	51.827294	40.247392	29.341317	91.569568	2.312277
716	51.828384	40.266214	29.640719	91.569568	2.306051
717	51.827526	40.266079	29.416168	91.569568	2.318729
718	51.825786	40.262966	29.266467	91.569568	2.312296
719	51.827049	40.257039	29.191617	91.569568	2.300092
720	51.825899	40.260408	29.940120	91.569568	2.298076
721	51.826292	40.262078	29.565868	91.569568	2.296193
722	51.828396	40.272466	29.491018	91.569568	2.292635
723	51.826930	40.270723	29.565868	91.569568	2.298715
724	51.822615	40.261135	29.266467	91.569568	2.294010
725	51.821500	40.220828	29.790419	91.569568	2.299589
726	51.824319	40.214204	30.014970	91.569568	2.309611
727	51.820862	40.211666	29.565868	91.569568	2.290325
728	51.823068	40.221625	29.491018	91.569568	2.320519
729	51.827377	40.253871	29.491018	91.569568	2.327447
730	51.828325	40.253456	29.191617	91.569568	2.326364
731	51.823759	40.226274	29.116766	91.569568	2.287347
732	51.829511	40.227335	29.041916	91.569568	2.318157
733	51.826751	40.220575	29.266467	91.569568	2.303286
734	51.830101	40.234472	29.341317	91.569568	2.291636
735	51.826549	40.242777	28.592814	91.569568	2.309367
736	51.830208	40.231104	29.491018	91.569568	2.320658
737	51.827055	40.224467	28.892216	91.569568	2.298543
738	51.826274	40.244146	29.491018	91.569568	2.298948
739	51.825619	40.243664	29.116766	91.569568	2.302548
740	51.835161	40.240835	29.341317	91.569568	2.321761
741	51.832497	40.213666	29.565868	91.569568	2.325679
742	51.830554	40.208211	29.640719	91.569568	2.323073
743	51.829875	40.230720	29.491018	91.569568	2.312203
744	51.831377	40.246259	29.416168	91.569568	2.315920
745	51.835597	40.232722	29.940120	91.569568	2.295161
746	51.831532	40.217723	29.491018	91.569568	2.335426
747	51.832128	40.244427	29.491018	91.569568	2.314118
748	51.832765	40.247318	29.865269	91.569568	2.303512
749	51.833677	40.220746	29.416168	91.569568	2.296088
750	51.836932	40.220777	29.116766	91.569568	2.324302
751	51.827943	40.207591	29.191617	91.569568	2.304399
752	51.831192	40.242616	29.341317	91.569568	2.320416
753	51.822972	40.264896	29.640719	91.569568	2.306983
754	51.824659	40.284247	29.491018	91.569568	2.304673
755	51.824808	40.282741	29.565868	91.569568	2.308925
756	51.828682	40.272663	29.266467	91.569568	2.323746
757	51.828718	40.237242	29.715569	91.569568	2.324139
758	51.835281	40.258131	30.014970	91.569568	2.302972
759	51.830482	40.249348	29.715569	91.569568	2.316035
760	51.827675	40.240626	29.790419	91.569568	2.321708
761	51.827037	40.227316	29.491018	91.569568	2.290864
762	51.828408	40.255153	29.940120	91.569568	2.296760
763	51.828325	40.215574	29.790419	91.569568	2.314941
764	51.829338	40.236706	29.491018	91.569568	2.301676
765	51.831639	40.269985	29.416168	91.569568	2.278131
766	51.829916	40.268718	29.715569	91.569568	2.329103
767	51.828122	40.263083	29.640719	91.569568	2.296796
768	51.829571	40.270284	29.565868	91.569568	2.326987
769	51.829302	40.291414	29.565868	91.569568	2.308607
770	51.833534	40.263682	29.865269	91.569568	2.330686
771	51.832306	40.245937	29.341317	91.569568	2.317684
772	51.828706	40.260588	29.491018	91.569568	2.301282
773	51.829851	40.274686	30.164671	91.569568	2.295143
774	51.834410	40.262459	29.640719	91.569568	2.288975
775	51.834202	40.246205	29.640719	91.569568	2.307147
776	51.827884	40.249778	30.164671	91.569568	2.304537
777	51.836658	40.240704	29.266467	91.569568	2.299821
778	51.837802	40.236650	29.341317	91.569568	2.300217
779	51.838636	40.242181	30.239521	91.569568	2.328387
780	51.835197	40.238007	29.640719	91.569568	2.303415
781	51.836109	40.257479	29.565868	91.569568	2.313096
782	51.831639	40.260225	29.341317	91.569568	2.323928
783	51.835942	40.287541	29.341317	91.569568	2.300496
784	51.840764	40.288515	29.266467	91.569568	2.299423
785	51.832426	40.280972	29.266467	91.569568	2.312838
786	51.833558	40.262276	29.416168	91.569568	2.309474
787	51.833248	40.271523	29.491018	91.569568	2.320645
788	51.831222	40.274546	29.940120	91.569568	2.319138
789	51.832128	40.258877	29.865269	91.569568	2.302393
790	51.832211	40.276460	29.940120	91.569568	2.299629
791	51.835477	40.271981	29.565868	91.569568	2.292000
792	51.833546	40.250515	29.640719	91.569568	2.313864
793	51.836646	40.266647	29.491018	91.569568	2.325052
794	51.842189	40.313734	29.565868	91.569568	2.303754
795	51.838255	40.278197	29.940120	91.569568	2.292131
796	51.839757	40.306882	29.116766	91.569568	2.307361
797	51.837230	40.278828	29.565868	91.569568	2.301197
798	51.838028	40.253687	29.191617	91.569568	2.322241
799	51.841438	40.286951	29.790419	91.569568	2.326569
800	51.840603	40.282879	29.491018	91.569568	2.312700
801	51.837939	40.285503	29.640719	91.569568	2.284489
802	51.833820	40.265597	29.491018	91.569568	2.314292
803	51.832134	40.262010	29.565868	91.569568	2.291490
804	51.835483	40.272372	29.565868	91.569568	2.301393
805	51.831359	40.219639	29.940120	91.569568	2.310001
806	51.834291	40.243458	29.865269	91.569568	2.309657
807	51.842976	40.319204	30.164671	91.569568	2.307067
808	51.839077	40.278821	29.565868	91.569568	2.314836
809	51.837224	40.268046	29.790419	91.569568	2.322733
810	51.840639	40.276912	29.940120	91.569568	2.331334
811	51.839221	40.254362	29.266467	91.569568	2.291953
812	51.841342	40.258459	29.416168	91.569568	2.336753
813	51.842630	40.287348	29.715569	91.569568	2.296436
814	51.838416	40.268031	29.790419	91.569568	2.325501
815	51.836360	40.275030	29.341317	91.569568	2.291789
816	51.833415	40.257362	29.640719	91.569568	2.299064
817	51.837379	40.253111	29.640719	91.569568	2.284879
818	51.835573	40.244986	29.565868	91.569568	2.302672
819	51.834464	40.259391	28.967066	91.569568	2.303322
820	51.835847	40.226090	29.041916	91.569568	2.299987
821	51.841187	40.228005	28.967066	91.569568	2.301297
822	51.835573	40.250985	29.416168	91.569568	2.340776
823	51.842743	40.236458	29.940120	91.569568	2.328220
824	51.839268	40.242031	29.565868	91.569568	2.305084
825	51.840502	40.235368	29.865269	91.569568	2.305753
826	51.843101	40.246851	29.640719	91.569568	2.312167
827	51.845556	40.265794	29.715569	91.569568	2.300014
828	51.840281	40.261087	29.491018	91.569568	2.323319
829	51.836526	40.271713	29.491018	91.569568	2.291389
830	51.838112	40.254263	30.014970	91.569568	2.316470
831	51.837748	40.260094	30.014970	91.569568	2.315225
832	51.842010	40.255790	29.715569	91.569568	2.300671
833	51.837862	40.290585	29.715569	91.569568	2.304814
834	51.836175	40.249305	29.491018	91.569568	2.306254
835	51.837766	40.251729	29.416168	91.569568	2.302597
836	51.842594	40.241090	29.491018	91.569568	2.310431
837	51.842630	40.260892	29.865269	91.569568	2.310272
838	51.844215	40.265047	29.565868	91.569568	2.318608
839	51.845539	40.231009	29.116766	91.569568	2.312195
840	51.844406	40.235802	29.640719	91.569568	2.298703
841	51.840824	40.227897	29.940120	91.569568	2.294767
842	51.843488	40.236221	29.416168	91.569568	2.301105
843	51.842415	40.229704	29.191617	91.569568	2.297148
844	51.838970	40.253223	29.715569	91.569568	2.317682
845	51.839149	40.273067	29.640719	91.569568	2.295645
846	51.841474	40.267616	29.865269	91.569568	2.316847
847	51.840889	40.232786	29.416168	91.569568	2.296739
848	51.836944	40.253085	29.565868	91.569568	2.321069
849	51.841187	40.246486	30.089820	91.569568	2.297825
850	51.835382	40.226649	29.640719	91.569568	2.308981
851	51.836097	40.263587	30.014970	91.569568	2.306051
852	51.834083	40.297915	30.014970	91.569568	2.324664
853	51.837730	40.266072	29.790419	91.569568	2.318476
854	51.837754	40.255095	29.416168	91.569568	2.302757
855	51.833808	40.255350	29.191617	91.569568	2.325076
856	51.833004	40.265707	29.715569	91.569568	2.329853
857	51.840037	40.235410	29.191617	91.569568	2.310813
858	51.840067	40.245629	29.491018	91.569568	2.321553
859	51.832896	40.264068	29.041916	91.569568	2.305511
860	51.836056	40.276008	29.640719	91.569568	2.318167
861	51.838899	40.284118	29.116766	91.569568	2.316463
862	51.842058	40.308998	28.817365	91.569568	2.308758
863	51.837343	40.270676	29.191617	91.569568	2.291251
864	51.838422	40.255668	29.266467	91.569568	2.331670
865	51.839179	40.314776	30.089820	91.569568	2.305805
866	51.841956	40.296839	30.014970	91.569568	2.332597
867	51.837242	40.307219	29.266467	91.569568	2.331709
868	51.837850	40.325539	29.865269	91.569568	2.312971
869	51.837361	40.286440	29.640719	91.569568	2.317779
870	51.837790	40.304722	29.191617	91.569568	2.296686
871	51.838630	40.287269	29.416168	91.569568	2.304834
872	51.834834	40.294540	30.089820	91.569568	2.328087
873	51.838678	40.279850	29.865269	91.569568	2.303967
874	51.834089	40.264955	30.164671	91.569568	2.309650
875	51.838517	40.269014	29.565868	91.569568	2.314870
876	51.832557	40.273843	29.565868	91.569568	2.309728
877	51.842642	40.292665	29.266467	91.569568	2.307077
878	51.840132	40.261451	29.565868	91.569568	2.114887
879	51.900911	40.331177	29.940120	91.569568	2.097725
880	51.903093	40.330779	29.940120	91.569568	2.113168
881	51.904094	40.331579	29.715569	91.569568	2.093361
882	51.904511	40.331917	29.865269	91.569568	2.092988
883	51.904488	40.332109	29.940120	91.569568	2.095322
884	51.904356	40.332147	29.790419	91.569568	2.084223
885	51.904464	40.331748	29.865269	91.569568	2.099516
886	51.904422	40.332113	29.940120	91.569568	2.099215
887	51.904434	40.332106	29.790419	91.569568	2.092439
888	51.904440	40.331997	29.940120	91.569568	2.095280
889	51.904440	40.331997	29.940120	91.569568	2.108015
890	51.904440	40.331997	29.940120	91.569568	2.084848
891	51.904440	40.331997	29.940120	91.569568	2.092600
892	51.904440	40.331997	29.940120	91.569568	2.094879
893	51.904440	40.331997	29.940120	91.569568	2.101504
894	51.904440	40.331997	29.940120	91.569568	2.093848
895	51.904440	40.331997	29.940120	91.569568	2.084046
896	51.904440	40.331997	29.940120	91.569568	2.096762
897	51.904440	40.331997	29.940120	91.569568	2.114750
898	51.904440	40.331997	29.940120	91.569568	2.093942
899	51.904440	40.331997	29.940120	91.569568	2.090986
900	51.904440	40.331997	29.940120	91.569568	2.101928
901	51.904440	40.331997	29.940120	91.569568	2.112716
902	51.904440	40.331997	29.940120	91.569568	2.077813
903	51.904440	40.331997	29.940120	91.569568	2.090108
904	51.904440	40.331997	29.940120	91.569568	2.103937
905	51.904440	40.331997	29.940120	91.569568	2.099984
906	51.904440	40.331997	29.940120	91.569568	2.094333
907	51.904440	40.331997	29.940120	91.569568	2.086365
908	51.904440	40.331997	29.940120	91.569568	2.104445
909	51.904440	40.331997	29.940120	91.569568	2.106126
910	51.904440	40.331997	29.940120	91.569568	2.089790
911	51.904440	40.331997	29.940120	91.569568	2.080670
912	51.904440	40.331997	29.940120	91.569568	2.114902
913	51.904440	40.331997	29.940120	91.569568	2.095587
914	51.904440	40.331997	29.940120	91.569568	2.114288
915	51.904440	40.331997	29.940120	91.569568	2.099862
916	51.904440	40.331997	29.940120	91.569568	2.126538
917	51.904440	40.331997	29.940120	91.569568	2.101839
918	51.904440	40.331997	29.940120	91.569568	2.081799
919	51.904440	40.331997	29.940120	91.569568	2.088190
920	51.904440	40.331997	29.940120	91.569568	2.103009
921	51.904440	40.331997	29.940120	91.569568	2.100655
922	51.904440	40.331997	29.940120	91.569568	2.105529
923	51.904440	40.331997	29.940120	91.569568	2.078530
924	51.904440	40.331997	29.940120	91.569568	2.101309
925	51.904440	40.331997	29.940120	91.569568	2.089259
926	51.904440	40.331997	29.940120	91.569568	2.083350
927	51.904440	40.331997	29.940120	91.569568	2.083304
928	51.904440	40.331997	29.940120	91.569568	2.085215
929	51.904440	40.331997	29.940120	91.569568	2.112642
930	51.904440	40.331997	29.940120	91.569568	2.089775
931	51.904440	40.331997	29.940120	91.569568	2.079203
932	51.904440	40.331997	29.940120	91.569568	2.105217
