1	27.841043	3.506945	0.000000	89.000000	2.269004
2	33.467442	4.691440	0.000000	89.000000	2.286882
3	38.053906	4.840220	0.000000	89.000000	2.276971
4	40.835583	4.959361	0.000000	89.000000	2.296132
5	42.453206	5.093202	0.000000	89.000000	2.306667
6	43.466720	5.088403	0.000000	89.000000	2.294419
7	44.125652	5.062958	0.000000	89.000000	2.295077
8	44.618875	5.051341	0.000000	89.000000	2.290455
9	44.969526	5.062428	0.000000	89.000000	2.295241
10	45.212239	5.216895	0.000000	89.000000	2.293987
11	45.413888	5.357918	0.000000	89.000000	2.303195
12	45.559657	5.478888	0.000000	89.000000	2.304331
13	45.692253	5.539761	0.000000	89.000000	2.275828
14	45.789140	5.688082	0.000000	89.000000	2.284413
15	45.889217	5.772220	0.000000	89.000000	2.307362
16	45.972019	5.781158	0.000000	89.000000	2.312605
17	46.028888	5.787449	0.000000	89.000000	2.295431
18	46.058172	5.805668	0.000000	89.000000	2.305274
19	46.122593	5.749386	0.000000	89.000000	2.290772
20	46.149138	5.795961	0.000000	89.000000	2.301620
21	46.184653	5.936969	0.000000	89.000000	2.288436
22	46.199566	5.969005	0.000000	89.000000	2.302512
23	46.248457	6.031114	0.000000	89.000000	2.296698
24	46.270847	6.071596	0.000000	89.000000	2.285997
25	46.301171	5.946530	0.000000	89.000000	2.300094
26	46.322107	5.869809	0.000000	89.000000	2.290891
27	46.350911	5.853022	0.000000	89.000000	2.318794
28	46.369863	5.890728	0.000000	89.000000	2.294191
29	46.404833	5.891753	0.000000	89.000000	2.305585
30	46.435195	5.905052	0.000000	89.000000	2.301050
31	46.443856	5.899705	0.000000	89.000000	2.315017
32	46.458605	5.936261	0.000000	89.000000	2.304051
33	46.494868	5.949252	0.000000	89.000000	2.290673
34	46.529624	5.897508	0.074906	89.000000	2.321117
35	46.554393	5.819340	0.074906	89.000000	2.313118
36	46.579745	5.963020	0.074906	89.000000	2.304953
37	46.612242	5.884970	0.074906	89.000000	2.306369
38	46.627194	5.900686	0.149813	89.000000	2.312634
39	46.647552	5.947993	0.074906	89.000000	2.309897
40	46.661061	5.815043	0.074906	89.000000	2.312232
41	46.645913	5.830358	0.074906	89.000000	2.294615
42	46.651262	5.982228	0.074906	89.000000	2.307391
43	46.684170	5.965137	0.074906	89.000000	2.291618
44	46.689332	5.897261	0.074906	89.000000	2.302279
45	46.701038	5.874836	0.074906	89.000000	2.307803
46	46.705362	5.837000	0.074906	89.000000	2.289170
47	46.724063	5.874570	0.149813	89.000000	2.296722
48	46.726310	5.880462	0.149813	89.000000	2.316815
49	46.735376	5.959382	0.074906	89.000000	2.312415
50	46.734047	5.916844	0.074906	89.000000	2.315282
51	46.739316	5.946988	0.074906	89.000000	2.286845
52	46.736661	6.016448	0.074906	89.000000	2.322196
53	46.747863	5.980740	0.074906	89.000000	2.309241
54	46.747983	6.022331	0.149813	89.000000	2.307527
55	46.760875	6.007009	0.074906	89.000000	2.302054
56	46.774530	5.947287	0.000000	89.000000	2.307567
57	46.762240	6.035559	0.000000	89.000000	2.307912
58	46.782100	5.932505	0.000000	89.000000	2.306138
59	46.803302	5.957027	0.000000	89.000000	2.305102
60	46.805251	6.023989	0.074906	89.000000	2.307414
61	46.822110	6.056936	0.074906	89.000000	2.317821
62	46.831095	5.956833	0.074906	89.000000	2.315106
63	46.830511	5.938562	0.074906	89.000000	2.307156
64	46.837354	6.032818	0.074906	89.000000	2.310122
65	46.845663	6.031913	0.074906	89.000000	2.316291
66	46.853685	6.074398	0.074906	89.000000	2.290299
67	46.876776	6.224969	0.074906	89.000000	2.305605
68	46.891275	6.174034	0.074906	89.000000	2.288290
69	46.902984	6.186178	0.224719	89.000000	2.335078
70	46.898293	6.085822	0.074906	89.000000	2.330574
71	46.917599	6.091210	0.074906	89.000000	2.312482
72	46.935427	6.024884	0.074906	89.000000	2.302145
73	46.935493	6.047828	0.074906	89.000000	2.301560
74	46.942210	6.002811	0.074906	89.000000	2.321868
75	46.968281	6.112696	0.074906	89.000000	2.309126
76	46.963757	6.009068	0.074906	89.000000	2.314165
77	46.961895	6.070627	0.074906	89.000000	2.309057
78	46.965873	6.162235	0.074906	89.000000	2.322584
79	46.984881	6.104280	0.074906	89.000000	2.301638
80	46.984696	6.164893	0.074906	89.000000	2.296886
81	46.986946	6.135734	0.074906	89.000000	2.319527
82	46.992064	6.162409	0.000000	89.000000	2.311496
83	47.000241	6.241936	0.000000	89.000000	2.312137
84	46.990961	6.293427	0.000000	89.000000	2.319032
85	46.997467	6.285238	0.074906	89.000000	2.294562
86	46.980762	6.205936	0.074906	89.000000	2.307268
87	46.983832	6.250070	0.000000	89.000000	2.331241
88	46.994054	6.295146	0.000000	89.000000	2.311954
89	47.000948	6.343013	0.000000	89.000000	2.299773
90	46.990144	6.267287	0.074906	89.000000	2.293387
91	46.993923	6.193230	0.074906	89.000000	2.316571
92	46.990398	6.225664	0.074906	89.000000	2.289935
93	47.009909	6.237708	0.074906	89.000000	2.297569
94	47.018492	6.283800	0.074906	89.000000	2.325367
95	47.013736	6.260670	0.074906	89.000000	2.312962
96	47.033006	6.206592	0.074906	89.000000	2.288486
97	47.020140	6.290919	0.074906	89.000000	2.317862
98	47.025535	6.236048	0.074906	89.000000	2.294442
99	47.031352	6.171173	0.000000	89.000000	2.297010
100	47.017553	6.226218	0.000000	89.000000	2.306618
101	47.020715	6.256357	0.074906	89.000000	2.314936
102	47.026494	6.214144	0.149813	89.000000	2.295336
103	47.045010	6.140468	0.000000	89.000000	2.303901
104	47.037327	6.261574	0.074906	89.000000	2.304577
105	47.034389	6.299348	0.149813	89.000000	2.312600
106	47.029167	6.297574	0.000000	89.000000	2.320610
107	47.018236	6.207555	0.000000	89.000000	2.296456
108	47.026259	6.223801	0.000000	89.000000	2.303061
109	47.030145	6.264361	0.000000	89.000000	2.332640
110	47.030678	6.295110	0.074906	89.000000	2.318053
111	47.020704	6.256420	0.074906	89.000000	2.324714
112	47.027743	6.284432	0.000000	89.000000	2.311619
113	47.013849	6.268527	0.000000	89.000000	2.300637
114	47.023541	6.289195	0.000000	89.000000	2.304434
115	47.045034	6.383779	0.074906	89.000000	2.322727
116	47.044101	6.368370	0.074906	89.000000	2.319952
117	47.057438	6.360924	0.074906	89.000000	2.317193
118	47.051162	6.291994	0.000000	89.000000	2.302813
119	47.045678	6.373316	0.000000	89.000000	2.327018
120	47.045887	6.380608	0.000000	89.000000	2.319987
121	47.053164	6.387674	0.000000	89.000000	2.289067
122	47.046167	6.411856	0.000000	89.000000	2.311896
123	47.044989	6.391934	0.000000	89.000000	2.336741
124	47.058493	6.367068	0.074906	89.000000	2.334257
125	47.053540	6.347993	0.074906	89.000000	2.301150
126	47.064966	6.377152	0.000000	89.000000	2.312831
127	47.044110	6.382503	0.000000	89.000000	2.345176
128	47.055128	6.403958	0.000000	89.000000	2.328999
129	47.062868	6.362710	0.074906	89.000000	2.318156
130	47.071648	6.338198	0.074906	89.000000	2.328421
131	47.079676	6.385647	0.149813	89.000000	2.334373
132	47.055757	6.359995	0.149813	89.000000	2.318465
133	47.050652	6.412443	0.149813	89.000000	2.318965
134	47.072390	6.441142	0.074906	89.000000	2.296788
135	47.066543	6.432966	0.074906	89.000000	2.302922
136	47.073349	6.425207	0.000000	89.000000	2.317196
137	47.073627	6.337736	0.074906	89.000000	2.302992
138	47.079909	6.362057	0.149813	89.000000	2.326320
139	47.071630	6.411617	0.224719	89.000000	2.315118
140	47.059029	6.372956	0.074906	89.000000	2.322543
141	47.067946	6.416341	0.000000	89.000000	2.325211
142	47.075242	6.389784	0.000000	89.000000	2.314116
143	47.082722	6.443580	0.149813	89.000000	2.318861
144	47.073641	6.400006	0.149813	89.000000	2.286811
145	47.072527	6.422699	0.000000	89.000000	2.308388
146	47.052372	6.359928	0.074906	89.000000	2.310005
147	47.058627	6.433027	0.000000	89.000000	2.316480
148	47.061497	6.479956	0.074906	89.000000	2.319407
149	47.070116	6.440368	0.149813	89.000000	2.323734
150	47.079244	6.494276	0.000000	89.000000	2.319450
151	47.077763	6.466032	0.074906	89.000000	2.305892
152	47.084814	6.566203	0.000000	89.000000	2.319844
153	47.078991	6.558046	0.149813	89.000000	2.314654
154	47.058579	6.588087	0.000000	89.000000	2.313316
155	47.078970	6.516616	0.000000	89.000000	2.308672
156	47.071674	6.609706	0.074906	89.000000	2.323527
157	47.086376	6.541250	0.074906	89.000000	2.314772
158	47.072661	6.542747	0.000000	89.000000	2.292810
159	47.074553	6.611121	0.074906	89.000000	2.318228
160	47.068816	6.592275	0.000000	89.000000	2.315399
161	47.063863	6.584448	0.000000	89.000000	2.326156
162	47.063300	6.583403	0.000000	89.000000	2.292698
163	47.062427	6.574286	0.074906	89.000000	2.315571
164	47.076613	6.638584	0.074906	89.000000	2.302139
165	47.080803	6.613755	0.000000	89.000000	2.324617
166	47.082239	6.647865	0.149813	89.000000	2.301250
167	47.082695	6.503610	0.149813	89.000000	2.320040
168	47.088513	6.505312	0.149813	89.000000	2.326976
169	47.079092	6.522937	0.074906	89.000000	2.330408
170	47.081411	6.589598	0.074906	89.000000	2.312083
171	47.090161	6.561973	0.074906	89.000000	2.293835
172	47.103781	6.609689	0.149813	89.000000	2.300045
173	47.098237	6.517690	0.149813	89.000000	2.301951
174	47.097534	6.523044	0.224719	89.000000	2.302639
175	47.081089	6.611135	0.224719	89.000000	2.302864
176	47.095668	6.616590	0.224719	89.000000	2.307945
177	47.092229	6.618623	0.224719	89.000000	2.308438
178	47.092497	6.564998	0.149813	89.000000	2.304396
179	47.086737	6.590861	0.224719	89.000000	2.300824
180	47.100341	6.676669	0.224719	89.000000	2.296611
181	47.089809	6.632383	0.074906	89.000000	2.319414
182	47.088897	6.621202	0.000000	89.000000	2.329614
183	47.113428	6.555737	0.149813	89.000000	2.307219
184	47.104463	6.606217	0.149813	89.000000	2.293798
185	47.096887	6.603534	0.224719	89.000000	2.301841
186	47.098199	6.525477	0.074906	89.000000	2.304288
187	47.109115	6.595971	0.000000	89.000000	2.315179
188	47.115374	6.588838	0.074906	89.000000	2.300745
189	47.116131	6.496865	0.074906	89.000000	2.319227
190	47.106743	6.530932	0.149813	89.000000	2.297930
191	47.102511	6.585231	0.000000	89.000000	2.323359
192	47.104755	6.523532	0.074906	89.000000	2.319914
193	47.109658	6.487616	0.074906	89.000000	2.299864
194	47.109690	6.522964	0.074906	89.000000	2.314986
195	47.112042	6.563699	0.149813	89.000000	2.295352
196	47.111741	6.538732	0.149813	89.000000	2.311563
197	47.112510	6.568886	0.074906	89.000000	2.317883
198	47.099084	6.559522	0.299625	89.000000	2.322236
199	47.092783	6.658440	0.074906	89.000000	2.307325
200	47.100544	6.683915	0.149813	89.000000	2.301758
201	47.097555	6.616456	0.149813	89.000000	2.321622
202	47.095078	6.612423	0.149813	89.000000	2.310188
203	47.093040	6.666242	0.000000	89.000000	2.304710
204	47.094935	6.644009	0.074906	89.000000	2.298413
205	47.094572	6.593436	0.074906	89.000000	2.320470
206	47.080103	6.565209	0.149813	89.000000	2.315260
207	47.092375	6.585684	0.074906	89.000000	2.310541
208	47.108573	6.606147	0.224719	89.000000	2.315244
209	47.098091	6.669045	0.149813	89.000000	2.326458
210	47.103760	6.661288	0.224719	89.000000	2.293418
211	47.092330	6.615641	0.149813	89.000000	2.295453
212	47.086596	6.610173	0.074906	89.000000	2.315211
213	47.084999	6.637212	0.149813	89.000000	2.297312
214	47.093758	6.658510	0.074906	89.000000	2.301731
215	47.098669	6.627439	0.074906	89.000000	2.328593
216	47.095662	6.525589	0.074906	89.000000	2.310270
217	47.089285	6.540975	0.149813	89.000000	2.316043
218	47.088441	6.543292	0.149813	89.000000	2.320727
219	47.098398	6.689848	0.000000	89.000000	2.307496
220	47.103155	6.670387	0.074906	89.000000	2.316084
221	47.099102	6.685418	0.074906	89.000000	2.319318
222	47.097272	6.636718	0.149813	89.000000	2.324623
223	47.098243	6.520532	0.149813	89.000000	2.304833
224	47.103822	6.578760	0.149813	89.000000	2.313385
225	47.114858	6.568456	0.074906	89.000000	2.306785
226	47.104383	6.697159	0.074906	89.000000	2.330564
227	47.111362	6.626151	0.074906	89.000000	2.322347
228	47.112146	6.625309	0.074906	89.000000	2.292554
229	47.107422	6.607947	0.000000	89.000000	2.291102
230	47.096848	6.594148	0.074906	89.000000	2.319657
231	47.102803	6.603501	0.074906	89.000000	2.293684
232	47.118253	6.555369	0.074906	89.000000	2.294508
233	47.113627	6.574805	0.000000	89.000000	2.319516
234	47.109815	6.503224	0.074906	89.000000	2.302222
235	47.112727	6.629690	0.074906	89.000000	2.324401
236	47.103190	6.610323	0.074906	89.000000	2.323809
237	47.111797	6.613514	0.074906	89.000000	2.316340
238	47.100687	6.611878	0.074906	89.000000	2.307420
239	47.092080	6.709704	0.149813	89.000000	2.314503
240	47.101986	6.741427	0.074906	89.000000	2.301956
241	47.105747	6.549110	0.149813	89.000000	2.302603
242	47.110009	6.661801	0.074906	89.000000	2.311219
243	47.106230	6.720013	0.074906	89.000000	2.312799
244	47.105223	6.751473	0.224719	89.000000	2.296914
245	47.103328	6.679607	0.149813	89.000000	2.312876
246	47.107282	6.662586	0.074906	89.000000	2.309200
247	47.089940	6.642241	0.074906	89.000000	2.325340
248	47.111827	6.673447	0.074906	89.000000	2.304652
249	47.117418	6.659227	0.074906	89.000000	2.308930
250	47.128218	6.716492	0.074906	89.000000	2.326920
251	47.117001	6.751120	0.074906	89.000000	2.297147
252	47.104365	6.807801	0.224719	89.000000	2.312063
253	47.104377	6.722084	0.149813	89.000000	2.311823
254	47.114789	6.692015	0.224719	89.000000	2.295371
255	47.119433	6.807101	0.149813	89.000000	2.328432
256	47.110865	6.802835	0.074906	89.000000	2.287631
257	47.102779	6.817565	0.074906	89.000000	2.295887
258	47.119746	6.842202	0.074906	89.000000	2.311486
259	47.123587	6.963513	0.074906	89.000000	2.312784
260	47.121978	6.825802	0.074906	89.000000	2.295889
261	47.124687	6.798475	0.000000	89.000000	2.297519
262	47.116935	6.815842	0.149813	89.000000	2.314291
263	47.117096	6.718553	0.074906	89.000000	2.318272
264	47.123852	6.793582	0.074906	89.000000	2.298654
265	47.133681	6.701517	0.149813	89.000000	2.327663
266	47.133815	6.710167	0.224719	89.000000	2.288520
267	47.114325	6.674024	0.074906	89.000000	2.297028
268	47.105739	6.668799	0.000000	89.000000	2.301388
269	47.127002	6.683538	0.000000	89.000000	2.316245
270	47.116050	6.733549	0.074906	89.000000	2.311516
271	47.120139	6.639172	0.149813	89.000000	2.289459
272	47.128808	6.589980	0.149813	89.000000	2.305066
273	47.124907	6.653675	0.149813	89.000000	2.322026
274	47.121274	6.748053	0.000000	89.000000	2.306144
275	47.119263	6.815294	0.000000	89.000000	2.292901
276	47.113568	6.781377	0.074906	89.000000	2.320272
277	47.109449	6.669531	0.074906	89.000000	2.311910
278	47.123402	6.730806	0.074906	89.000000	2.313298
279	47.112024	6.661308	0.074906	89.000000	2.289532
280	47.121587	6.666684	0.074906	89.000000	2.313650
281	47.120839	6.628499	0.000000	89.000000	2.294649
282	47.124663	6.692449	0.000000	89.000000	2.324577
283	47.141853	6.697388	0.000000	89.000000	2.290194
284	47.132409	6.700299	0.149813	89.000000	2.317416
285	47.134373	6.742112	0.074906	89.000000	2.324661
286	47.120225	6.702342	0.074906	89.000000	2.329210
287	47.106549	6.736580	0.074906	89.000000	2.312330
288	47.115982	6.747342	0.149813	89.000000	2.320688
289	47.115952	6.688611	0.074906	89.000000	2.309514
290	47.137100	6.702556	0.000000	89.000000	2.314150
291	47.126013	6.701412	0.074906	89.000000	2.304646
292	47.130257	6.795523	0.000000	89.000000	2.309793
293	47.117993	6.787260	0.074906	89.000000	2.309893
294	47.139305	6.839039	0.000000	89.000000	2.310967
295	47.126591	6.870601	0.000000	89.000000	2.316618
296	47.116494	6.773753	0.074906	89.000000	2.319773
297	47.123414	6.773326	0.000000	89.000000	2.309319
298	47.128850	6.676954	0.000000	89.000000	2.322220
299	47.126240	6.694003	0.000000	89.000000	2.311592
300	47.141126	6.739261	0.074906	89.000000	2.301446
301	47.135860	6.714871	0.074906	89.000000	2.310196
302	47.131196	6.721642	0.000000	89.000000	2.302673
303	47.115767	6.707380	0.000000	89.000000	2.294834
304	47.137457	6.678940	0.074906	89.000000	2.310415
305	47.138768	6.703586	0.000000	89.000000	2.297335
306	47.117764	6.714485	0.000000	89.000000	2.296171
307	47.115314	6.687675	0.074906	89.000000	2.293525
308	47.116446	6.685103	0.074906	89.000000	2.309227
309	47.105670	6.678966	0.074906	89.000000	2.321714
310	47.111559	6.648031	0.000000	89.000000	2.325735
311	47.100142	6.748291	0.000000	89.000000	2.317117
312	47.106987	6.731812	0.074906	89.000000	2.316595
313	47.109705	6.630271	0.000000	89.000000	2.326589
314	47.125572	6.691287	0.149813	89.000000	2.327430
315	47.113436	6.821005	0.074906	89.000000	2.296564
316	47.108817	6.791545	0.074906	89.000000	2.305232
317	47.110689	6.694059	0.149813	89.000000	2.309116
318	47.113645	6.727127	0.074906	89.000000	2.324679
319	47.115371	6.728075	0.000000	89.000000	2.306328
320	47.115970	6.743012	0.000000	89.000000	2.293209
321	47.124314	6.736620	0.000000	89.000000	2.324278
322	47.128332	6.770908	0.000000	89.000000	2.296573
323	47.132549	6.816736	0.000000	89.000000	2.323679
324	47.143912	6.821969	0.000000	89.000000	2.294309
325	47.134644	6.815101	0.074906	89.000000	2.297322
326	47.123939	6.820913	0.074906	89.000000	2.291973
327	47.123182	6.801821	0.149813	89.000000	2.304226
328	47.120777	6.738246	0.074906	89.000000	2.296696
329	47.114375	6.722329	0.000000	89.000000	2.302947
330	47.120965	6.724625	0.074906	89.000000	2.323319
331	47.135508	6.685790	0.074906	89.000000	2.324751
332	47.138482	6.769212	0.000000	89.000000	2.318467
333	47.132868	6.771101	0.000000	89.000000	2.317190
334	47.135860	6.807994	0.000000	89.000000	2.309467
335	47.122329	6.824817	0.000000	89.000000	2.312596
336	47.137797	6.807656	0.000000	89.000000	2.309848
337	47.126850	6.793044	0.000000	89.000000	2.307044
338	47.109669	6.769558	0.000000	89.000000	2.312776
339	47.121227	6.759703	0.149813	89.000000	2.324933
340	47.118664	6.724185	0.074906	89.000000	2.299778
341	47.124588	6.702186	0.074906	89.000000	2.305947
342	47.138920	6.712442	0.074906	89.000000	2.310511
343	47.128332	6.778653	0.074906	89.000000	2.307256
344	47.118807	6.731351	0.000000	89.000000	2.312829
345	47.137535	6.725031	0.074906	89.000000	2.303619
346	47.139600	6.811142	0.074906	89.000000	2.332159
347	47.112894	6.853829	0.074906	89.000000	2.317467
348	47.116643	6.811326	0.000000	89.000000	2.316009
349	47.110528	6.832559	0.074906	89.000000	2.310448
350	47.128654	6.830655	0.000000	89.000000	2.318290
351	47.126114	6.854962	0.074906	89.000000	2.303271
352	47.125021	6.776472	0.074906	89.000000	2.300836
353	47.126082	6.766918	0.074906	89.000000	2.318319
354	47.124815	6.770072	0.149813	89.000000	2.310146
355	47.118008	6.790588	0.074906	89.000000	2.324915
356	47.126552	6.771802	0.074906	89.000000	2.300982
357	47.133094	6.709595	0.074906	89.000000	2.319955
358	47.141117	6.684575	0.000000	89.000000	2.301961
359	47.134042	6.718746	0.074906	89.000000	2.325039
360	47.140107	6.761878	0.000000	89.000000	2.311813
361	47.140422	6.773279	0.000000	89.000000	2.308990
362	47.142026	6.773619	0.000000	89.000000	2.300777
363	47.121948	6.855528	0.000000	89.000000	2.316684
364	47.130239	6.806209	0.000000	89.000000	2.285323
365	47.144324	6.754591	0.074906	89.000000	2.289876
366	47.146437	6.806046	0.074906	89.000000	2.311409
367	47.146910	6.844553	0.000000	89.000000	2.306493
368	47.133142	6.891293	0.000000	89.000000	2.310670
369	47.141978	6.873195	0.074906	89.000000	2.313607
370	47.163332	6.750085	0.000000	89.000000	2.297984
371	47.151306	6.777842	0.000000	89.000000	2.317996
372	47.160214	6.771334	0.000000	89.000000	2.296583
373	47.152227	6.844558	0.000000	89.000000	2.294586
374	47.157356	6.911431	0.000000	89.000000	2.303960
375	47.138008	6.856467	0.000000	89.000000	2.313454
376	47.140533	6.777013	0.000000	89.000000	2.306983
377	47.132748	6.760950	0.000000	89.000000	2.307304
378	47.129509	6.815588	0.000000	89.000000	2.295186
379	47.149408	6.851622	0.149813	89.000000	2.307160
380	47.139621	6.827879	0.149813	89.000000	2.297472
381	47.140807	6.878937	0.149813	89.000000	2.310875
382	47.142699	6.869678	0.074906	89.000000	2.305143
383	47.151268	6.893190	0.149813	89.000000	2.319724
384	47.149378	6.927249	0.000000	89.000000	2.327042
385	47.145432	6.862890	0.000000	89.000000	2.293298
386	47.145385	6.946350	0.000000	89.000000	2.294332
387	47.133857	6.868868	0.074906	89.000000	2.315464
388	47.137412	6.870527	0.149813	89.000000	2.299689
389	47.142783	6.943386	0.074906	89.000000	2.304980
390	47.143090	6.922230	0.000000	89.000000	2.304980
391	47.149053	6.917478	0.000000	89.000000	2.315938
392	47.159797	6.978169	0.074906	89.000000	2.297142
393	47.157800	6.936462	0.074906	89.000000	2.324194
394	47.139984	7.000064	0.074906	89.000000	2.292719
395	47.136465	6.977521	0.149813	89.000000	2.295901
396	47.152755	7.009413	0.000000	89.000000	2.314459
397	47.152972	7.074213	0.149813	89.000000	2.305253
398	47.155219	7.069681	0.149813	89.000000	2.311266
399	47.159448	7.082558	0.149813	89.000000	2.301192
400	47.135663	7.041488	0.074906	89.000000	2.296985
401	47.145697	6.963145	0.000000	89.000000	2.318666
402	47.146350	6.991721	0.074906	89.000000	2.318065
403	47.138852	7.015616	0.000000	89.000000	2.294510
404	47.136492	7.002811	0.000000	89.000000	2.309336
405	47.123531	6.999747	0.074906	89.000000	2.316199
406	47.128904	6.991847	0.074906	89.000000	2.316054
407	47.121227	7.029885	0.074906	89.000000	2.297559
408	47.145307	7.073138	0.149813	89.000000	2.287996
409	47.143334	7.029720	0.149813	89.000000	2.318092
410	47.154659	7.040131	0.299625	89.000000	2.293464
411	47.148174	7.113605	0.224719	89.000000	2.319432
412	47.167128	7.043107	0.149813	89.000000	2.320694
413	47.148713	7.053292	0.149813	89.000000	2.295454
414	47.152102	7.035186	0.000000	89.000000	2.298589
415	47.148189	7.088426	0.000000	89.000000	2.317109
416	47.145385	7.067538	0.074906	89.000000	2.294859
417	47.145614	6.969831	0.000000	89.000000	2.307763
418	47.143459	7.049744	0.000000	89.000000	2.291520
419	47.138745	7.096206	0.074906	89.000000	2.324277
420	47.147346	7.147922	0.000000	89.000000	2.299906
421	47.145012	7.047558	0.000000	89.000000	2.319598
422	47.145647	7.124809	0.000000	89.000000	2.305529
423	47.145796	7.031484	0.074906	89.000000	2.293555
424	47.156072	7.003861	0.074906	89.000000	2.294890
425	47.151926	7.017724	0.000000	89.000000	2.306287
426	47.153750	6.922436	0.000000	89.000000	2.297070
427	47.151291	6.921685	0.074906	89.000000	2.306974
428	47.143200	6.951974	0.074906	89.000000	2.307312
429	47.163117	6.984227	0.074906	89.000000	2.328693
430	47.165659	7.014090	0.000000	89.000000	2.292661
431	47.155935	6.928363	0.000000	89.000000	2.316786
432	47.155735	6.982489	0.000000	89.000000	2.311409
433	47.160134	6.984545	0.074906	89.000000	2.291183
434	47.151816	7.028222	0.074906	89.000000	2.319337
435	47.146499	7.030291	0.000000	89.000000	2.294916
436	47.135508	6.983692	0.074906	89.000000	2.324264
437	47.145906	6.926819	0.149813	89.000000	2.323532
438	47.152668	6.951140	0.000000	89.000000	2.314328
439	47.137982	6.914154	0.149813	89.000000	2.292121
440	47.137797	6.968759	0.074906	89.000000	2.317815
441	47.139502	6.929692	0.074906	89.000000	2.322351
442	47.132152	6.867142	0.074906	89.000000	2.306712
443	47.133517	6.883258	0.074906	89.000000	2.302641
444	47.146678	6.806005	0.000000	89.000000	2.303208
445	47.158366	6.872931	0.000000	89.000000	2.326055
446	47.164190	6.846861	0.074906	89.000000	2.317462
447	47.162768	6.928766	0.074906	89.000000	2.302641
448	47.150767	7.020939	0.074906	89.000000	2.319170
449	47.153062	6.994513	0.000000	89.000000	2.328737
450	47.158539	7.014311	0.074906	89.000000	2.297817
451	47.136241	7.036186	0.000000	89.000000	2.311842
452	47.148716	6.980039	0.000000	89.000000	2.319859
453	47.159263	6.951119	0.000000	89.000000	2.314829
454	47.162944	6.948123	0.149813	89.000000	2.312680
455	47.158343	6.975895	0.000000	89.000000	2.319692
456	47.163242	6.994492	0.149813	89.000000	2.322469
457	47.173679	6.989246	0.074906	89.000000	2.320669
458	47.173864	6.940251	0.000000	89.000000	2.315369
459	47.145194	6.936470	0.000000	89.000000	2.304614
460	47.139400	6.936207	0.000000	89.000000	2.301516
461	47.140548	6.958869	0.000000	89.000000	2.323611
462	47.142297	6.890281	0.000000	89.000000	2.308260
463	47.173584	6.862604	0.000000	89.000000	2.315051
464	47.148797	6.910609	0.000000	89.000000	2.294292
465	47.150284	6.892092	0.074906	89.000000	2.299042
466	47.154602	6.892063	0.074906	89.000000	2.328946
467	47.143424	6.898465	0.000000	89.000000	2.290998
468	47.154438	6.928977	0.000000	89.000000	2.315976
469	47.153372	6.994568	0.000000	89.000000	2.317087
470	47.142297	7.001362	0.000000	89.000000	2.290541
471	47.151667	6.997056	0.000000	89.000000	2.291706
472	47.143012	6.972759	0.000000	89.000000	2.322964
473	47.134352	7.039560	0.074906	89.000000	2.311788
474	47.133112	6.944862	0.149813	89.000000	2.327146
475	47.135407	6.955970	0.149813	89.000000	2.293092
476	47.142446	6.969664	0.074906	89.000000	2.310522
477	47.161937	6.966782	0.074906	89.000000	2.297934
478	47.136593	7.063393	0.074906	89.000000	2.297997
479	47.143519	7.063147	0.149813	89.000000	2.295480
480	47.135991	6.982088	0.000000	89.000000	2.297102
481	47.136956	6.893088	0.149813	89.000000	2.322587
482	47.149462	6.907807	0.149813	89.000000	2.289759
483	47.131449	6.885985	0.074906	89.000000	2.316308
484	47.130477	6.972654	0.074906	89.000000	2.308482
485	47.127110	7.060253	0.074906	89.000000	2.317082
486	47.133815	7.058497	0.149813	89.000000	2.297952
487	47.138360	7.054021	0.149813	89.000000	2.298646
488	47.124702	6.994760	0.149813	89.000000	2.323262
489	47.122741	6.978888	0.149813	89.000000	2.289133
490	47.131479	6.927287	0.074906	89.000000	2.298650
491	47.132468	6.941214	0.149813	89.000000	2.327154
492	47.155684	6.915792	0.074906	89.000000	2.294419
493	47.144219	6.945199	0.000000	89.000000	2.314947
494	47.149909	6.828695	0.224719	89.000000	2.316679
495	47.133633	6.908637	0.074906	89.000000	2.305383
496	47.126532	7.006226	0.000000	89.000000	2.327295
497	47.156802	6.993436	0.074906	89.000000	2.298073
498	47.158253	7.043144	0.149813	89.000000	2.293584
499	47.144723	7.061728	0.074906	89.000000	2.296015
500	47.142768	7.107665	0.149813	89.000000	2.320534
501	47.137529	7.110769	0.149813	89.000000	2.296327
502	47.142041	7.056390	0.000000	89.000000	2.294852
503	47.156703	6.978262	0.149813	89.000000	2.291523
504	47.135049	6.894924	0.149813	89.000000	2.332102
505	47.128278	6.975460	0.149813	89.000000	2.316305
506	47.134542	6.944601	0.224719	89.000000	2.288042
507	47.149676	6.922448	0.149813	89.000000	2.291098
508	47.161180	6.980794	0.074906	89.000000	2.325341
509	47.152749	6.997068	0.074906	89.000000	2.322907
510	47.328138	7.039343	0.149813	89.000000	2.302279
511	47.405884	7.031772	0.000000	89.000000	2.288151
512	47.430956	7.093875	0.074906	89.000000	2.296799
513	47.434503	7.076315	0.149813	89.000000	2.300839
514	47.453266	7.117105	0.224719	89.000000	2.308015
515	47.450453	7.062829	0.224719	89.000000	2.297673
516	47.467411	7.076373	0.149813	89.000000	2.303452
517	47.466916	7.005805	0.224719	89.000000	2.311243
518	47.465834	7.040565	0.224719	89.000000	2.306778
519	47.481149	7.068136	0.074906	89.000000	2.333636
520	47.467408	7.085506	0.074906	89.000000	2.288815
521	47.463572	6.995234	0.149813	89.000000	2.318972
522	47.466385	7.076552	0.149813	89.000000	2.328329
523	47.477698	7.095580	0.149813	89.000000	2.293503
524	47.484702	7.159911	0.149813	89.000000	2.311555
525	47.481269	7.142731	0.149813	89.000000	2.294639
526	47.488874	7.127387	0.074906	89.000000	2.329260
527	47.491583	7.045215	0.224719	89.000000	2.312732
528	47.500527	7.073745	0.149813	89.000000	2.315277
529	47.499299	7.018556	0.149813	89.000000	2.310214
530	47.514987	6.971967	0.149813	89.000000	2.312500
531	47.508657	6.988112	0.149813	89.000000	2.307162
532	47.496176	6.991276	0.149813	89.000000	2.319701
533	47.491711	7.065378	0.074906	89.000000	2.321862
534	47.482330	7.037084	0.074906	89.000000	2.314704
535	47.495311	6.987909	0.074906	89.000000	2.292774
536	47.491962	6.985849	0.074906	89.000000	2.318630
537	47.495818	7.033074	0.149813	89.000000	2.321567
538	47.504699	7.067201	0.074906	89.000000	2.329296
539	47.501650	7.109168	0.074906	89.000000	2.316763
540	47.501865	7.068633	0.149813	89.000000	2.306916
541	47.517055	7.023222	0.074906	89.000000	2.325025
542	47.514486	7.012775	0.000000	89.000000	2.309244
543	47.509086	7.060264	0.074906	89.000000	2.318060
544	47.510582	7.039040	0.149813	89.000000	2.325838
545	47.518507	7.037206	0.149813	89.000000	2.323135
546	47.505778	7.017864	0.149813	89.000000	2.294150
547	47.502971	7.069717	0.149813	89.000000	2.296721
548	47.490489	7.090177	0.074906	89.000000	2.318437
549	47.495568	7.037227	0.000000	89.000000	2.323127
550	47.494113	7.114190	0.149813	89.000000	2.316980
551	47.490516	7.048243	0.149813	89.000000	2.311865
552	47.488034	7.019402	0.149813	89.000000	2.310713
553	47.507489	6.996133	0.149813	89.000000	2.329944
554	47.499591	7.079231	0.224719	89.000000	2.306119
555	47.494060	7.112944	0.149813	89.000000	2.307272
556	47.495717	7.131522	0.149813	89.000000	2.321207
557	47.500694	7.048644	0.149813	89.000000	2.319220
558	47.506577	7.082283	0.149813	89.000000	2.317008
559	47.499129	7.098015	0.149813	89.000000	2.319192
560	47.507399	7.106372	0.000000	89.000000	2.324317
561	47.513467	7.083992	0.074906	89.000000	2.321956
562	47.524118	7.032836	0.074906	89.000000	2.325985
563	47.514224	7.032675	0.149813	89.000000	2.308388
564	47.504547	7.004654	0.149813	89.000000	2.307324
565	47.506589	7.070639	0.149813	89.000000	2.299790
566	47.490904	6.997687	0.149813	89.000000	2.316331
567	47.491246	7.083847	0.224719	89.000000	2.303880
568	47.505406	7.036451	0.149813	89.000000	2.305388
569	47.494590	7.083707	0.149813	89.000000	2.328005
570	47.500229	7.016355	0.074906	89.000000	2.317652
571	47.506398	7.019394	0.074906	89.000000	2.302686
572	47.495157	7.032935	0.074906	89.000000	2.303164
573	47.501588	7.068324	0.000000	89.000000	2.297101
574	47.506070	7.063832	0.000000	89.000000	2.292851
575	47.507572	7.073632	0.074906	89.000000	2.302013
576	47.508967	7.100949	0.149813	89.000000	2.336027
577	47.497770	7.122296	0.074906	89.000000	2.330188
578	47.502720	7.109080	0.224719	89.000000	2.310377
579	47.500703	7.158312	0.149813	89.000000	2.328723
580	47.510910	7.134953	0.000000	89.000000	2.326906
581	47.515279	7.076940	0.000000	89.000000	2.316933
582	47.510499	7.023259	0.149813	89.000000	2.318920
583	47.496593	7.067429	0.074906	89.000000	2.326673
584	47.511095	7.097786	0.074906	89.000000	2.308538
585	47.511548	7.066960	0.149813	89.000000	2.319108
586	47.514027	7.089106	0.074906	89.000000	2.326705
587	47.521716	7.124478	0.000000	89.000000	2.318015
588	47.515452	7.127800	0.074906	89.000000	2.303037
589	47.499496	7.134245	0.074906	89.000000	2.306343
590	47.501150	7.111674	0.149813	89.000000	2.328783
591	47.497535	7.082794	0.074906	89.000000	2.309564
592	47.506654	7.086762	0.149813	89.000000	2.315823
593	47.501075	7.061889	0.149813	89.000000	2.294029
594	47.497809	7.175540	0.224719	89.000000	2.301019
595	47.487038	7.159793	0.149813	89.000000	2.326918
596	47.491485	7.075887	0.224719	89.000000	2.322812
597	47.489208	7.160175	0.000000	89.000000	2.300044
598	47.500339	7.092424	0.074906	89.000000	2.321587
599	47.495914	7.077001	0.074906	89.000000	2.318584
600	47.518820	7.171291	0.074906	89.000000	2.306625
601	47.520706	7.198715	0.074906	89.000000	2.304261
602	47.519553	7.113484	0.074906	89.000000	2.323346
603	47.506198	7.110566	0.074906	89.000000	2.330894
604	47.501224	7.167053	0.074906	89.000000	2.297838
605	47.512221	7.093108	0.149813	89.000000	2.305107
606	47.509247	7.196749	0.224719	89.000000	2.332160
607	47.503233	7.145995	0.074906	89.000000	2.340925
608	47.509742	7.084459	0.149813	89.000000	2.311497
609	47.523558	7.103120	0.000000	89.000000	2.329444
610	47.517353	7.138335	0.074906	89.000000	2.329347
611	47.522676	7.121120	0.074906	89.000000	2.312331
612	47.531939	7.043789	0.074906	89.000000	2.295661
613	47.528163	6.991478	0.074906	89.000000	2.323577
614	47.525689	6.995493	0.000000	89.000000	2.310737
615	47.532117	7.058988	0.000000	89.000000	2.296876
616	47.524512	7.106128	0.149813	89.000000	2.316769
617	47.512642	7.106347	0.000000	89.000000	2.326515
618	47.515082	7.130460	0.074906	89.000000	2.315606
619	47.529173	7.085017	0.074906	89.000000	2.300684
620	47.521764	7.056990	0.074906	89.000000	2.306364
621	47.528404	6.955607	0.074906	89.000000	2.329220
622	47.518820	7.051671	0.149813	89.000000	2.335979
623	47.521412	7.049768	0.074906	89.000000	2.313136
624	47.531217	7.070875	0.074906	89.000000	2.301854
625	47.535896	7.038815	0.074906	89.000000	2.317351
626	47.520706	7.010170	0.074906	89.000000	2.321064
627	47.528848	6.994268	0.074906	89.000000	2.322261
628	47.527003	7.114369	0.149813	89.000000	2.323506
629	47.515735	7.145997	0.149813	89.000000	2.316852
630	47.521651	7.144561	0.000000	89.000000	2.307290
631	47.517294	7.119800	0.000000	89.000000	2.311214
632	47.513667	7.102241	0.074906	89.000000	2.321338
633	47.516513	7.177771	0.000000	89.000000	2.303857
634	47.534633	7.104154	0.000000	89.000000	2.308244
635	47.525001	7.152101	0.074906	89.000000	2.314746
636	47.530097	7.153167	0.074906	89.000000	2.332989
637	47.523743	7.104679	0.074906	89.000000	2.302438
638	47.518021	7.100782	0.149813	89.000000	2.288704
639	47.533175	7.020581	0.224719	89.000000	2.292984
640	47.519964	7.108095	0.149813	89.000000	2.297126
641	47.510934	7.138762	0.149813	89.000000	2.307914
642	47.525823	7.125366	0.074906	89.000000	2.320225
643	47.542134	7.065293	0.149813	89.000000	2.298230
644	47.539571	7.071663	0.074906	89.000000	2.319747
645	47.545084	7.120371	0.000000	89.000000	2.305706
646	47.544479	7.115260	0.000000	89.000000	2.297489
647	47.524470	7.084996	0.000000	89.000000	2.294148
648	47.528678	7.050808	0.074906	89.000000	2.302586
649	47.529197	7.128832	0.074906	89.000000	2.323499
650	47.538039	7.112282	0.149813	89.000000	2.301583
651	47.545952	7.149582	0.074906	89.000000	2.323215
652	47.536951	7.089449	0.000000	89.000000	2.293470
653	47.537941	7.118373	0.000000	89.000000	2.325227
654	47.522503	7.112782	0.000000	89.000000	2.327348
655	47.525418	7.136016	0.149813	89.000000	2.316853
656	47.522032	7.133808	0.149813	89.000000	2.314080
657	47.516671	7.067130	0.149813	89.000000	2.320353
658	47.519356	7.123629	0.149813	89.000000	2.315832
659	47.528303	7.089667	0.149813	89.000000	2.315517
660	47.539270	7.079130	0.074906	89.000000	2.313832
661	47.541586	7.094009	0.224719	89.000000	2.296953
662	47.543263	7.073623	0.224719	89.000000	2.318708
663	47.530612	7.137281	0.224719	89.000000	2.309831
664	47.533530	7.091303	0.224719	89.000000	2.320352
665	47.532198	7.072535	0.074906	89.000000	2.328487
666	47.523496	7.057608	0.074906	89.000000	2.332083
667	47.522935	7.130466	0.074906	89.000000	2.323277
668	47.530228	7.173420	0.074906	89.000000	2.306131
669	47.537446	7.106403	0.074906	89.000000	2.327681
670	47.542483	7.013355	0.000000	89.000000	2.290093
671	47.535926	7.080047	0.074906	89.000000	2.296607
672	47.526971	7.044472	0.074906	89.000000	2.306602
673	47.525489	7.048033	0.000000	89.000000	2.321445
674	47.544670	7.053819	0.074906	89.000000	2.297995
675	47.532925	7.116745	0.074906	89.000000	2.300443
676	47.527689	7.028477	0.074906	89.000000	2.319816
677	47.535878	7.015700	0.074906	89.000000	2.298761
678	47.523308	7.073659	0.074906	89.000000	2.322487
679	47.540766	6.984227	0.074906	89.000000	2.295892
680	47.539127	6.978143	0.074906	89.000000	2.299729
681	47.539973	7.001971	0.074906	89.000000	2.324560
682	47.536474	6.962591	0.074906	89.000000	2.322034
683	47.546321	7.011353	0.149813	89.000000	2.333349
684	47.537804	7.021156	0.149813	89.000000	2.330378
685	47.541428	6.976459	0.149813	89.000000	2.357702
686	47.538143	7.038815	0.149813	89.000000	2.324583
687	47.535047	7.047172	0.074906	89.000000	2.317527
688	47.521552	7.099019	0.074906	89.000000	2.329621
689	47.540209	7.063519	0.074906	89.000000	2.331784
690	47.541380	7.048187	0.149813	89.000000	2.297661
691	47.525305	7.145638	0.074906	89.000000	2.322333
692	47.538298	7.094017	0.074906	89.000000	2.335353
693	47.532153	7.116760	0.224719	89.000000	2.331333
694	47.527218	7.036253	0.149813	89.000000	2.329024
695	47.533149	7.037699	0.074906	89.000000	2.329232
696	47.531295	7.057313	0.074906	89.000000	2.341660
697	47.527468	6.987622	0.074906	89.000000	2.320909
698	47.543213	6.961769	0.149813	89.000000	2.321450
699	47.540444	7.012684	0.000000	89.000000	2.320662
700	47.530997	6.994386	0.149813	89.000000	2.322583
701	47.523165	6.978715	0.074906	89.000000	2.321237
702	47.519764	7.038363	0.149813	89.000000	2.334569
703	47.526333	7.010570	0.149813	89.000000	2.341412
704	47.524983	7.101568	0.149813	89.000000	2.328984
705	47.526854	7.048121	0.149813	89.000000	2.318511
706	47.531205	7.059448	0.074906	89.000000	2.324534
707	47.516418	7.010579	0.074906	89.000000	2.358745
708	47.520477	7.019227	0.149813	89.000000	2.345811
709	47.525471	7.044643	0.224719	89.000000	2.324533
710	47.534770	7.063695	0.074906	89.000000	2.319462
711	47.524205	7.063150	0.149813	89.000000	2.319559
712	47.526202	7.020751	0.000000	89.000000	2.308321
713	47.544098	6.976092	0.149813	89.000000	2.305850
714	47.533214	6.923120	0.149813	89.000000	2.317799
715	47.546819	6.936595	0.149813	89.000000	2.296110
716	47.548854	7.003234	0.149813	89.000000	2.315525
717	47.546858	7.084372	0.149813	89.000000	2.303900
718	47.546798	7.120402	0.149813	89.000000	2.330309
719	47.550565	6.989743	0.149813	89.000000	2.323174
720	47.533429	7.083097	0.149813	89.000000	2.313358
721	47.523081	7.063679	0.149813	89.000000	2.319756
722	47.535074	7.024553	0.074906	89.000000	2.305956
723	47.535178	6.954884	0.074906	89.000000	2.306227
724	47.542417	7.005880	0.074906	89.000000	2.318718
725	47.551459	7.044481	0.149813	89.000000	2.333542
726	47.546613	7.053172	0.074906	89.000000	2.323027
727	47.535628	7.000459	0.000000	89.000000	2.316103
728	47.544175	6.981363	0.074906	89.000000	2.301778
729	47.555518	7.007445	0.074906	89.000000	2.297003
730	47.551686	7.024031	0.000000	89.000000	2.297736
731	47.557455	7.027315	0.000000	89.000000	2.308028
732	47.551298	6.977780	0.074906	89.000000	2.298076
733	47.541532	7.055711	0.000000	89.000000	2.303507
734	47.539687	7.046580	0.074906	89.000000	2.304074
735	47.532743	7.026104	0.000000	89.000000	2.309949
736	47.537625	7.014414	0.074906	89.000000	2.302377
737	47.539800	7.006702	0.074906	89.000000	2.326717
738	47.519004	6.973367	0.074906	89.000000	2.322382
739	47.528821	7.008437	0.074906	89.000000	2.321104
740	47.529525	7.009392	0.149813	89.000000	2.317531
741	47.538143	7.131109	0.149813	89.000000	2.326126
742	47.527710	7.142153	0.149813	89.000000	2.307231
743	47.523311	7.090100	0.149813	89.000000	2.307051
744	47.537032	7.123819	0.074906	89.000000	2.320776
745	47.548571	7.086934	0.074906	89.000000	2.330059
746	47.541922	7.087768	0.000000	89.000000	2.316992
747	47.538987	7.064594	0.074906	89.000000	2.297580
748	47.537085	7.046137	0.149813	89.000000	2.299232
749	47.524917	7.067019	0.149813	89.000000	2.327970
750	47.522807	7.038429	0.074906	89.000000	2.319200
751	47.526377	7.086812	0.074906	89.000000	2.303115
752	47.527868	7.090986	0.000000	89.000000	2.316173
753	47.537228	7.083240	0.000000	89.000000	2.317337
754	47.532174	7.077946	0.000000	89.000000	2.310258
755	47.531736	7.155872	0.000000	89.000000	2.298745
756	47.542328	7.113038	0.074906	89.000000	2.306432
757	47.536361	7.068988	0.074906	89.000000	2.323969
758	47.536725	7.075524	0.074906	89.000000	2.311385
759	47.539788	7.108109	0.074906	89.000000	2.303560
760	47.536129	7.071300	0.074906	89.000000	2.306631
761	47.537649	7.120232	0.074906	89.000000	2.307832
762	47.546706	7.067961	0.074906	89.000000	2.310873
763	47.545278	7.095873	0.074906	89.000000	2.300739
764	47.553220	7.148732	0.000000	89.000000	2.304979
765	47.547615	7.090326	0.000000	89.000000	2.307954
766	47.543648	7.021677	0.074906	89.000000	2.323496
767	47.540227	7.071331	0.149813	89.000000	2.311342
768	47.541797	6.987996	0.074906	89.000000	2.310330
769	47.548199	7.106702	0.149813	89.000000	2.300610
770	47.547489	7.044239	0.074906	89.000000	2.300319
771	47.541273	7.060464	0.074906	89.000000	2.298414
772	47.536805	6.999228	0.074906	89.000000	2.298449
773	47.532314	7.006514	0.000000	89.000000	2.324155
774	47.543210	7.034115	0.074906	89.000000	2.296642
775	47.543627	7.088054	0.000000	89.000000	2.301374
776	47.540981	7.156048	0.000000	89.000000	2.302249
777	47.548249	7.165335	0.074906	89.000000	2.320026
778	47.539687	7.128803	0.000000	89.000000	2.298217
779	47.533786	7.121105	0.074906	89.000000	2.322509
780	47.522548	7.125423	0.000000	89.000000	2.287404
781	47.521335	7.143834	0.000000	89.000000	2.318311
782	47.526437	7.235280	0.000000	89.000000	2.317562
783	47.695720	7.223223	0.000000	89.000000	2.298320
784	47.735965	7.188311	0.000000	89.000000	2.320221
785	47.769350	7.117827	0.074906	89.000000	2.300251
786	47.776616	7.088683	0.074906	89.000000	2.324029
787	47.797519	7.074283	0.074906	89.000000	2.303397
788	47.788617	7.104544	0.074906	89.000000	2.308893
789	47.793037	7.124810	0.074906	89.000000	2.294829
790	47.802860	7.096406	0.074906	89.000000	2.319054
791	47.801861	7.099326	0.074906	89.000000	2.325050
792	47.809321	7.066861	0.000000	89.000000	2.320770
793	47.817934	7.041725	0.074906	89.000000	2.297737
794	47.812408	7.087591	0.074906	89.000000	2.308837
795	47.819555	7.127233	0.074906	89.000000	2.328149
796	47.823751	7.054882	0.074906	89.000000	2.297154
797	47.826591	7.094876	0.074906	89.000000	2.323568
798	47.831929	7.086140	0.074906	89.000000	2.328392
799	47.827357	7.107574	0.074906	89.000000	2.304056
800	47.826666	7.080708	0.074906	89.000000	2.303292
801	47.822511	7.102844	0.000000	89.000000	2.315931
802	47.818276	7.141779	0.000000	89.000000	2.303041
803	47.818798	7.209826	0.000000	89.000000	2.322561
804	47.822893	7.176925	0.074906	89.000000	2.295425
805	47.817209	7.143151	0.149813	89.000000	2.318100
806	47.813785	7.109090	0.149813	89.000000	2.315947
807	47.810283	7.094215	0.074906	89.000000	2.321553
808	47.819239	7.030473	0.074906	89.000000	2.304686
809	47.826302	7.104180	0.074906	89.000000	2.317368
810	47.809052	7.103414	0.074906	89.000000	2.314601
811	47.813156	7.019477	0.000000	89.000000	2.309820
812	47.817788	7.075447	0.074906	89.000000	2.312709
813	47.823161	7.081711	0.074906	89.000000	2.322061
814	47.825891	7.072764	0.074906	89.000000	2.331678
815	47.825563	7.066631	0.074906	89.000000	2.302458
816	47.835916	7.065357	0.074906	89.000000	2.321856
817	47.835788	7.080585	0.000000	89.000000	2.308728
818	47.833329	7.065678	0.074906	89.000000	2.310388
819	47.832245	7.009782	0.000000	89.000000	2.317225
820	47.845882	7.009542	0.000000	89.000000	2.314959
821	47.846776	7.075912	0.000000	89.000000	2.317358
822	47.839242	7.079416	0.000000	89.000000	2.328260
823	47.841001	7.116544	0.000000	89.000000	2.302769
824	47.839871	7.109891	0.000000	89.000000	2.296569
825	47.837812	7.085326	0.000000	89.000000	2.304402
826	47.833121	7.004552	0.000000	89.000000	2.304474
827	47.838682	7.016702	0.074906	89.000000	2.307428
828	47.838637	7.023187	0.074906	89.000000	2.298930
829	47.836691	7.010163	0.074906	89.000000	2.306650
830	47.841984	7.043026	0.000000	89.000000	2.322496
831	47.847855	7.025726	0.000000	89.000000	2.314523
832	47.851300	7.087672	0.000000	89.000000	2.314091
833	47.852945	7.026651	0.000000	89.000000	2.293152
834	47.852081	7.052011	0.000000	89.000000	2.320461
835	47.844481	7.004133	0.000000	89.000000	2.296267
836	47.838759	7.039353	0.000000	89.000000	2.323475
837	47.848189	7.038300	0.000000	89.000000	2.296590
838	47.851312	7.106475	0.000000	89.000000	2.298750
839	47.850460	7.041991	0.000000	89.000000	2.296011
840	47.843611	7.068212	0.000000	89.000000	2.322334
841	47.850567	7.088952	0.000000	89.000000	2.291179
842	47.843814	7.086058	0.000000	89.000000	2.312275
843	47.846594	7.092237	0.074906	89.000000	2.321052
844	47.840303	7.102074	0.000000	89.000000	2.301172
845	47.848922	7.146653	0.000000	89.000000	2.296820
846	47.857597	7.081128	0.000000	89.000000	2.294563
847	47.855711	7.096783	0.000000	89.000000	2.301662
848	47.852492	7.056575	0.000000	89.000000	2.306363
849	47.850037	7.051481	0.000000	89.000000	2.307477
850	47.850072	7.055225	0.000000	89.000000	2.299809
851	47.854850	7.028855	0.000000	89.000000	2.318115
852	47.851345	7.098863	0.000000	89.000000	2.299735
853	47.852659	7.129137	0.074906	89.000000	2.319776
854	47.846681	7.095426	0.000000	89.000000	2.292608
855	47.854346	7.094004	0.074906	89.000000	2.307506
856	47.851789	7.102180	0.074906	89.000000	2.300424
857	47.847766	7.109236	0.000000	89.000000	2.307312
858	47.840518	7.094858	0.074906	89.000000	2.334035
859	47.845691	7.154996	0.074906	89.000000	2.288417
860	47.851953	7.109755	0.000000	89.000000	2.313863
861	47.854218	7.092624	0.000000	89.000000	2.320581
862	47.844779	7.069516	0.074906	89.000000	2.317765
863	47.849208	7.090574	0.149813	89.000000	2.295529
864	47.845948	7.124717	0.074906	89.000000	2.317811
865	47.840911	7.066554	0.149813	89.000000	2.321975
866	47.837055	7.098691	0.149813	89.000000	2.318456
867	47.833991	7.052076	0.000000	89.000000	2.316155
868	47.835448	7.095134	0.000000	89.000000	2.314677
869	47.825199	7.086010	0.074906	89.000000	2.325257
870	47.838637	7.047194	0.000000	89.000000	2.308214
871	47.838759	7.001802	0.074906	89.000000	2.288418
872	47.830385	7.049724	0.074906	89.000000	2.307677
873	47.839123	7.014708	0.074906	89.000000	2.332348
874	47.843975	7.057012	0.000000	89.000000	2.297524
875	47.848934	7.061903	0.000000	89.000000	2.292874
876	47.841507	7.023578	0.000000	89.000000	2.304659
877	47.835180	7.024714	0.000000	89.000000	2.305290
878	47.841263	7.030317	0.000000	89.000000	2.320387
879	47.840813	7.057525	0.000000	89.000000	2.293022
880	47.832400	7.093149	0.000000	89.000000	2.303751
881	47.837651	7.078431	0.000000	89.000000	2.309158
882	47.845450	7.022646	0.000000	89.000000	2.331535
883	47.840083	7.033742	0.000000	89.000000	2.289171
884	47.837093	6.955858	0.000000	89.000000	2.304905
885	47.842705	6.989459	0.000000	89.000000	2.299723
886	47.845781	7.017028	0.074906	89.000000	2.305547
887	47.839582	7.113450	0.074906	89.000000	2.321926
888	47.833729	7.087691	0.074906	89.000000	2.316933
889	47.835201	7.133587	0.074906	89.000000	2.294813
890	47.839999	7.110709	0.000000	89.000000	2.299711
891	47.850358	7.052716	0.074906	89.000000	2.299077
892	47.845834	7.062158	0.074906	89.000000	2.296458
893	47.856414	7.069453	0.074906	89.000000	2.313390
894	47.842464	7.070843	0.000000	89.000000	2.321420
895	47.845164	7.112192	0.000000	89.000000	2.300403
896	47.830391	7.036637	0.074906	89.000000	2.325573
897	47.840163	7.045792	0.000000	89.000000	2.318427
898	47.994876	7.062234	0.000000	89.000000	2.323669
899	48.027641	7.011822	0.074906	89.000000	2.311326
900	48.039907	7.030037	0.074906	89.000000	2.298388
901	48.050943	7.057686	0.074906	89.000000	2.316193
902	48.061135	7.059217	0.149813	89.000000	2.310886
903	48.071977	7.034641	0.000000	89.000000	2.324902
904	48.077166	7.061544	0.074906	89.000000	2.308690
905	48.081815	7.057878	0.074906	89.000000	2.305563
906	48.077774	7.022799	0.074906	89.000000	2.303604
907	48.080033	7.037489	0.149813	89.000000	2.329371
908	48.083562	7.035133	0.074906	89.000000	2.295424
909	48.088628	7.051889	0.149813	89.000000	2.297189
910	48.084944	7.049294	0.149813	89.000000	2.310925
911	48.081952	7.048930	0.000000	89.000000	2.330433
912	48.088086	7.066190	0.074906	89.000000	2.325708
913	48.082113	7.071111	0.074906	89.000000	2.318817
914	48.088908	7.061793	0.074906	89.000000	2.331164
915	48.090380	7.034061	0.074906	89.000000	2.318758
916	48.084643	7.058434	0.074906	89.000000	2.317338
917	48.085830	7.020299	0.000000	89.000000	2.331208
918	48.088819	7.078111	0.074906	89.000000	2.309751
919	48.089367	7.038047	0.074906	89.000000	2.303326
920	48.092464	7.039864	0.074906	89.000000	2.317414
921	48.095715	7.029419	0.074906	89.000000	2.314223
922	48.092666	7.029691	0.149813	89.000000	2.317453
923	48.090750	7.039157	0.074906	89.000000	2.310861
924	48.089674	7.036019	0.074906	89.000000	2.306589
925	48.094568	7.027726	0.074906	89.000000	2.319928
926	48.090500	6.968405	0.074906	89.000000	2.331672
927	48.097602	6.995976	0.074906	89.000000	2.318422
928	48.097557	6.995945	0.074906	89.000000	2.304202
929	48.100501	7.046590	0.074906	89.000000	2.321980
930	48.101959	7.033349	0.074906	89.000000	2.300221
931	48.099065	7.019387	0.074906	89.000000	2.293392
932	48.099014	7.027995	0.074906	89.000000	2.297438
933	48.097140	6.998089	0.074906	89.000000	2.305244
934	48.100877	7.067181	0.149813	89.000000	2.341305
935	48.107713	7.057381	0.074906	89.000000	2.323020
936	48.105130	7.076637	0.074906	89.000000	2.312015
937	48.102942	7.028794	0.074906	89.000000	2.326234
938	48.103601	7.024319	0.074906	89.000000	2.316715
939	48.108339	7.026047	0.074906	89.000000	2.303249
940	48.103389	7.052772	0.074906	89.000000	2.327056
941	48.106286	7.056280	0.074906	89.000000	2.303269
942	48.106545	7.009383	0.074906	89.000000	2.326316
943	48.117539	7.006929	0.074906	89.000000	2.319490
944	48.117441	7.030060	0.074906	89.000000	2.322802
945	48.116753	7.017166	0.074906	89.000000	2.316637
946	48.114040	7.050962	0.074906	89.000000	2.296583
947	48.112270	7.035970	0.074906	89.000000	2.315550
948	48.104364	7.011475	0.074906	89.000000	2.322932
949	48.107314	7.035764	0.149813	89.000000	2.310020
950	48.113579	7.039073	0.074906	89.000000	2.316037
951	48.108408	7.070963	0.074906	89.000000	2.296939
952	48.103985	7.042178	0.074906	89.000000	2.321283
953	48.112410	7.024266	0.074906	89.000000	2.298374
954	48.108280	7.009230	0.074906	89.000000	2.308207
955	48.101345	7.027226	0.074906	89.000000	2.296997
956	48.108220	7.069458	0.074906	89.000000	2.317974
957	48.105127	7.059196	0.074906	89.000000	2.297056
958	48.104489	7.096458	0.074906	89.000000	2.296726
959	48.108333	7.074200	0.074906	89.000000	2.309462
960	48.109108	7.073859	0.074906	89.000000	2.305714
961	48.107582	7.052820	0.074906	89.000000	2.318681
962	48.113203	7.079753	0.074906	89.000000	2.315063
963	48.111874	7.069820	0.074906	89.000000	2.293893
964	48.116004	7.072860	0.074906	89.000000	2.311360
965	48.119646	7.084169	0.074906	89.000000	2.294501
966	48.115984	7.065126	0.074906	89.000000	2.302214
967	48.119619	7.039167	0.074906	89.000000	2.304013
968	48.123032	7.052476	0.074906	89.000000	2.308973
969	48.114771	7.023055	0.074906	89.000000	2.306006
970	48.128849	7.051818	0.074906	89.000000	2.329160
971	48.128057	7.047043	0.000000	89.000000	2.296720
972	48.127687	7.027333	0.074906	89.000000	2.309081
973	48.122904	6.997762	0.074906	89.000000	2.298647
974	48.121083	7.037901	0.074906	89.000000	2.326191
975	48.124653	7.057992	0.000000	89.000000	2.298394
976	48.124313	7.034530	0.074906	89.000000	2.311596
977	48.129833	7.031055	0.074906	89.000000	2.328509
978	48.131365	7.068117	0.074906	89.000000	2.325106
979	48.138022	7.080324	0.074906	89.000000	2.301644
980	48.141387	7.081851	0.074906	89.000000	2.307558
981	48.132423	7.060531	0.074906	89.000000	2.324760
982	48.136821	7.068781	0.074906	89.000000	2.327523
983	48.132354	7.057845	0.074906	89.000000	2.313730
984	48.142341	7.047443	0.074906	89.000000	2.319424
985	48.137420	7.064410	0.149813	89.000000	2.310144
986	48.138565	7.029768	0.074906	89.000000	2.331820
987	48.136455	7.040059	0.074906	89.000000	2.295342
988	48.134369	7.071348	0.074906	89.000000	2.300769
989	48.141074	7.039495	0.074906	89.000000	2.305019
990	48.141605	7.082581	0.074906	89.000000	2.299639
991	48.138434	7.092451	0.074906	89.000000	2.302951
992	48.138702	7.033358	0.074906	89.000000	2.298010
993	48.141170	7.003697	0.074906	89.000000	2.320955
994	48.142785	7.021262	0.074906	89.000000	2.308436
995	48.148912	7.025831	0.074906	89.000000	2.299846
996	48.141342	7.020069	0.074906	89.000000	2.314565
997	48.145315	7.043815	0.149813	89.000000	2.322916
998	48.141065	7.020024	0.074906	89.000000	2.319548
999	48.141003	7.023196	0.074906	89.000000	2.318618
1000	48.139820	7.051519	0.074906	89.000000	2.323374
1001	48.141453	7.074247	0.074906	89.000000	2.323033
1002	48.133770	7.074933	0.074906	89.000000	2.327103
1003	48.136854	7.035058	0.074906	89.000000	2.315090
1004	48.134577	7.001842	0.074906	89.000000	2.306224
1005	48.139724	6.987768	0.074906	89.000000	2.327217
1006	48.136938	7.016117	0.149813	89.000000	2.318737
1007	48.139679	7.022590	0.149813	89.000000	2.327240
1008	48.141858	7.042820	0.149813	89.000000	2.313260
1009	48.146349	7.073189	0.074906	89.000000	2.324246
1010	48.139450	7.045611	0.074906	89.000000	2.300618
1011	48.146147	7.029682	0.074906	89.000000	2.303317
1012	48.143017	7.022152	0.074906	89.000000	2.313538
1013	48.139197	7.007277	0.149813	89.000000	2.331166
1014	48.138940	7.047828	0.149813	89.000000	2.301164
1015	48.136428	7.069051	0.149813	89.000000	2.325289
1016	48.133284	7.061597	0.149813	89.000000	2.318955
1017	48.128378	7.039407	0.149813	89.000000	2.318304
1018	48.132831	7.043985	0.074906	89.000000	2.319792
1019	48.133972	7.051128	0.074906	89.000000	2.316348
1020	48.133767	7.045257	0.074906	89.000000	2.312321
1021	48.138350	7.046704	0.074906	89.000000	2.315137
1022	48.132581	7.098729	0.074906	89.000000	2.323545
1023	48.130590	7.041838	0.074906	89.000000	2.308317
1024	48.138368	7.091521	0.074906	89.000000	2.306712
1025	48.127860	7.051496	0.074906	89.000000	2.321973
1026	48.135149	7.076781	0.074906	89.000000	2.320241
1027	48.133284	7.062517	0.074906	89.000000	2.335323
1028	48.136044	7.019088	0.074906	89.000000	2.336790
1029	48.137432	7.050083	0.074906	89.000000	2.330740
1030	48.137930	7.045723	0.074906	89.000000	2.332692
1031	48.137257	7.066090	0.074906	89.000000	2.340749
1032	48.138216	7.082353	0.074906	89.000000	2.316725
1033	48.140118	7.090045	0.074906	89.000000	2.334197
1034	48.134154	7.084478	0.074906	89.000000	2.318268
1035	48.132896	7.064898	0.074906	89.000000	2.317341
1036	48.139673	7.066059	0.074906	89.000000	2.327715
1037	48.143947	7.068262	0.149813	89.000000	2.321878
1038	48.136777	7.069381	0.074906	89.000000	2.332645
1039	48.138875	7.022815	0.074906	89.000000	2.322520
1040	48.133248	6.994281	0.074906	89.000000	2.334496
1041	48.132110	7.068384	0.074906	89.000000	2.317990
1042	48.130041	7.108626	0.074906	89.000000	2.305433
1043	48.133069	7.086927	0.074906	89.000000	2.329759
1044	48.130462	7.065998	0.074906	89.000000	2.306127
1045	48.133200	7.050428	0.074906	89.000000	2.305248
1046	48.135096	7.049680	0.074906	89.000000	2.095582
1047	48.184070	7.042784	0.074906	89.000000	2.097275
1048	48.185182	7.046295	0.074906	89.000000	2.090214
1049	48.185635	7.048889	0.074906	89.000000	2.118229
1050	48.185652	7.047928	0.074906	89.000000	2.112730
1051	48.185843	7.048400	0.074906	89.000000	2.102377
1052	48.185775	7.047165	0.074906	89.000000	2.133330
1053	48.185810	7.048481	0.074906	89.000000	2.096760
1054	48.185676	7.047861	0.074906	89.000000	2.097670
1055	48.185676	7.047861	0.074906	89.000000	2.088940
1056	48.185676	7.047861	0.074906	89.000000	2.098404
1057	48.185676	7.047861	0.074906	89.000000	2.110102
1058	48.185676	7.047861	0.074906	89.000000	2.093218
1059	48.185676	7.047861	0.074906	89.000000	2.104695
1060	48.185676	7.047861	0.074906	89.000000	2.101565
1061	48.185676	7.047861	0.074906	89.000000	2.108095
1062	48.185676	7.047861	0.074906	89.000000	2.112792
1063	48.185676	7.047861	0.074906	89.000000	2.092047
1064	48.185676	7.047861	0.074906	89.000000	2.109128
1065	48.185676	7.047861	0.074906	89.000000	2.092953
1066	48.185676	7.047861	0.074906	89.000000	2.100858
1067	48.185676	7.047861	0.074906	89.000000	2.100832
1068	48.185676	7.047861	0.074906	89.000000	2.111539
1069	48.185676	7.047861	0.074906	89.000000	2.105988
1070	48.185676	7.047861	0.074906	89.000000	2.104754
1071	48.185676	7.047861	0.074906	89.000000	2.102577
1072	48.185676	7.047861	0.074906	89.000000	2.102207
1073	48.185676	7.047861	0.074906	89.000000	2.099112
1074	48.185676	7.047861	0.074906	89.000000	2.092549
1075	48.185676	7.047861	0.074906	89.000000	2.098929
1076	48.185676	7.047861	0.074906	89.000000	2.099889
1077	48.185676	7.047861	0.074906	89.000000	2.093073
1078	48.185676	7.047861	0.074906	89.000000	2.087826
1079	48.185676	7.047861	0.074906	89.000000	2.105683
1080	48.185676	7.047861	0.074906	89.000000	2.089226
1081	48.185676	7.047861	0.074906	89.000000	2.102506
1082	48.185676	7.047861	0.074906	89.000000	2.093987
1083	48.185676	7.047861	0.074906	89.000000	2.101228
1084	48.185676	7.047861	0.074906	89.000000	2.108578
1085	48.185676	7.047861	0.074906	89.000000	2.097964
1086	48.185676	7.047861	0.074906	89.000000	2.098492
1087	48.185676	7.047861	0.074906	89.000000	2.094294
1088	48.185676	7.047861	0.074906	89.000000	2.089332
1089	48.185676	7.047861	0.074906	89.000000	2.088342
1090	48.185676	7.047861	0.074906	89.000000	2.084500
1091	48.185676	7.047861	0.074906	89.000000	2.097888
1092	48.185676	7.047861	0.074906	89.000000	2.106142
1093	48.185676	7.047861	0.074906	89.000000	2.094726
1094	48.185676	7.047861	0.074906	89.000000	2.098363
1095	48.185676	7.047861	0.074906	89.000000	2.098849
1096	48.185676	7.047861	0.074906	89.000000	2.092334
1097	48.185676	7.047861	0.074906	89.000000	2.084772
1098	48.185676	7.047861	0.074906	89.000000	2.090739
1099	48.185676	7.047861	0.074906	89.000000	2.092192
1100	48.185676	7.047861	0.074906	89.000000	2.110970
1101	48.185676	7.047861	0.074906	89.000000	2.096252
