1	27.083310	2.594456	0.000000	89.000000	2.372112
2	32.689482	4.209016	0.074906	89.000000	2.394222
3	37.231892	4.728598	0.000000	89.000000	2.409137
4	39.840084	4.534246	0.000000	89.000000	2.408214
5	41.382390	4.268257	0.000000	89.000000	2.413640
6	42.375693	4.210653	0.000000	89.000000	2.436270
7	42.998987	4.140221	0.000000	89.000000	2.451647
8	43.433952	4.218255	0.000000	89.000000	2.418206
9	43.776578	4.266367	0.000000	89.000000	2.409790
10	44.035637	4.371093	0.000000	89.000000	2.421478
11	44.257101	4.440861	0.000000	89.000000	2.401952
12	44.434750	4.438672	0.000000	89.000000	2.428953
13	44.576824	4.424860	0.000000	89.000000	2.470727
14	44.698384	4.479221	0.000000	89.000000	2.418674
15	44.795406	4.653929	0.000000	89.000000	2.399732
16	44.888490	4.603204	0.000000	89.000000	2.426937
17	44.966412	4.626080	0.000000	89.000000	2.463920
18	45.065582	4.717673	0.000000	89.000000	2.425222
19	45.125383	4.906737	0.000000	89.000000	2.421974
20	45.180926	4.786898	0.000000	89.000000	2.473470
21	45.232701	4.925582	0.000000	89.000000	2.433922
22	45.277196	4.938771	0.000000	89.000000	2.450441
23	45.324475	4.844577	0.000000	89.000000	2.446662
24	45.387959	4.823864	0.000000	89.000000	2.430047
25	45.445746	4.902472	0.000000	89.000000	2.452113
26	45.515990	4.876988	0.000000	89.000000	2.447317
27	45.571059	4.885499	0.000000	89.000000	2.415799
28	45.619270	4.937759	0.000000	89.000000	2.404782
29	45.642382	4.938218	0.000000	89.000000	2.459809
30	45.694751	4.962557	0.000000	89.000000	2.448500
31	45.736593	4.908128	0.000000	89.000000	2.415681
32	45.754007	4.977741	0.000000	89.000000	2.464550
33	45.775422	4.946953	0.000000	89.000000	2.450986
34	45.813745	4.876536	0.000000	89.000000	2.486332
35	45.835376	4.963961	0.000000	89.000000	2.433089
36	45.835149	4.880537	0.000000	89.000000	2.459282
37	45.853448	4.912339	0.000000	89.000000	2.420005
38	45.847076	4.933950	0.000000	89.000000	2.435579
39	45.869765	4.877123	0.000000	89.000000	2.476202
40	45.888561	4.865311	0.000000	89.000000	2.429460
41	45.893374	4.945306	0.000000	89.000000	2.453947
42	45.901284	4.891238	0.000000	89.000000	2.457802
43	45.921886	4.975287	0.000000	89.000000	2.431095
44	45.914102	4.960771	0.000000	89.000000	2.479445
45	45.949507	5.043391	0.000000	89.000000	2.473300
46	45.956320	5.006208	0.000000	89.000000	2.443058
47	45.973274	5.014108	0.000000	89.000000	2.466854
48	45.981169	4.982480	0.000000	89.000000	2.438915
49	45.975327	5.067007	0.000000	89.000000	2.469309
50	45.987201	5.041505	0.000000	89.000000	2.467178
51	45.999265	5.125176	0.000000	89.000000	2.481079
52	46.023244	5.093486	0.000000	89.000000	2.436939
53	46.029741	5.101371	0.000000	89.000000	2.451273
54	46.041542	5.022718	0.000000	89.000000	2.447242
55	46.048051	5.071703	0.000000	89.000000	2.472306
56	46.063149	5.184871	0.000000	89.000000	2.456304
57	46.055919	5.215475	0.000000	89.000000	2.476894
58	46.054521	5.131983	0.000000	89.000000	2.440153
59	46.059269	5.189835	0.000000	89.000000	2.458739
60	46.061262	5.134558	0.000000	89.000000	2.434742
61	46.058875	5.185128	0.000000	89.000000	2.482162
62	46.060434	5.221601	0.000000	89.000000	2.447661
63	46.061707	5.201741	0.000000	89.000000	2.475578
64	46.078289	5.203865	0.000000	89.000000	2.423455
65	46.088558	5.255382	0.000000	89.000000	2.452272
66	46.087259	5.209456	0.000000	89.000000	2.451744
67	46.097606	5.238532	0.000000	89.000000	2.467354
68	46.114737	5.286032	0.000000	89.000000	2.451832
69	46.117651	5.357076	0.000000	89.000000	2.494249
70	46.119988	5.336967	0.000000	89.000000	2.443055
71	46.108878	5.252709	0.000000	89.000000	2.461067
72	46.122217	5.312084	0.000000	89.000000	2.435028
73	46.123666	5.279624	0.000000	89.000000	2.474293
74	46.120360	5.304880	0.000000	89.000000	2.446748
75	46.130449	5.219226	0.000000	89.000000	2.481179
76	46.152592	5.300723	0.000000	89.000000	2.452311
77	46.167046	5.271869	0.000000	89.000000	2.451296
78	46.150076	5.342234	0.000000	89.000000	2.432908
79	46.147719	5.287497	0.000000	89.000000	2.468075
80	46.152610	5.309429	0.000000	89.000000	2.438058
81	46.156484	5.356179	0.000000	89.000000	2.464979
82	46.166724	5.332330	0.000000	89.000000	2.429042
83	46.175450	5.282684	0.000000	89.000000	2.465768
84	46.172434	5.322098	0.000000	89.000000	2.454422
85	46.167222	5.367626	0.000000	89.000000	2.476034
86	46.175197	5.286165	0.000000	89.000000	2.446241
87	46.170115	5.297176	0.000000	89.000000	2.461794
88	46.188042	5.342401	0.000000	89.000000	2.428449
89	46.183056	5.330618	0.000000	89.000000	2.438814
90	46.183994	5.344507	0.000000	89.000000	2.488278
91	46.194845	5.286148	0.000000	89.000000	2.474013
92	46.199444	5.334140	0.000000	89.000000	2.442629
93	46.207106	5.315013	0.000000	89.000000	2.415306
94	46.199006	5.272486	0.000000	89.000000	2.474070
95	46.198249	5.311146	0.000000	89.000000	2.461108
96	46.215123	5.393956	0.000000	89.000000	2.478975
97	46.218243	5.379556	0.000000	89.000000	2.491920
98	46.222878	5.370957	0.000000	89.000000	2.435745
99	46.217060	5.347283	0.000000	89.000000	2.471814
100	46.238655	5.355751	0.000000	89.000000	2.412106
101	46.228862	5.363835	0.000000	89.000000	2.456002
102	46.224964	5.350436	0.000000	89.000000	2.485569
103	46.224159	5.309405	0.000000	89.000000	2.481637
104	46.233261	5.294035	0.000000	89.000000	2.466766
105	46.237427	5.276012	0.000000	89.000000	2.443647
106	46.248630	5.255957	0.000000	89.000000	2.413824
107	46.243185	5.162543	0.000000	89.000000	2.452467
108	46.232226	5.151230	0.000000	89.000000	2.472280
109	46.228105	5.154919	0.000000	89.000000	2.485766
110	46.234331	5.200753	0.000000	89.000000	2.448618
111	46.227571	5.153628	0.000000	89.000000	2.457848
112	46.230376	5.213266	0.000000	89.000000	2.412493
113	46.229744	5.261253	0.000000	89.000000	2.451153
114	46.243185	5.197225	0.000000	89.000000	2.475375
115	46.244413	5.311844	0.000000	89.000000	2.483932
116	46.232194	5.370865	0.000000	89.000000	2.428320
117	46.240765	5.423748	0.000000	89.000000	2.474545
118	46.229100	5.411580	0.000000	89.000000	2.441628
119	46.224022	5.423168	0.000000	89.000000	2.485992
120	46.235326	5.373640	0.000000	89.000000	2.445059
121	46.241575	5.338295	0.000000	89.000000	2.479206
122	46.242869	5.389214	0.000000	89.000000	2.476552
123	46.229845	5.417569	0.000000	89.000000	2.435957
124	46.223634	5.392328	0.000000	89.000000	2.464662
125	46.236467	5.391371	0.000000	89.000000	2.461298
126	46.233666	5.416428	0.000000	89.000000	2.475575
127	46.246755	5.442564	0.000000	89.000000	2.443952
128	46.241498	5.475794	0.000000	89.000000	2.484978
129	46.255308	5.449933	0.000000	89.000000	2.480721
130	46.252143	5.422786	0.000000	89.000000	2.438959
131	46.253157	5.346330	0.000000	89.000000	2.466364
132	46.258664	5.386520	0.000000	89.000000	2.456578
133	46.261144	5.431803	0.000000	89.000000	2.479377
134	46.243918	5.434645	0.000000	89.000000	2.453928
135	46.237373	5.400482	0.000000	89.000000	2.478954
136	46.249926	5.429133	0.000000	89.000000	2.490840
137	46.245834	5.360192	0.000000	89.000000	2.446866
138	46.227896	5.260717	0.000000	89.000000	2.461760
139	46.243250	5.349745	0.000000	89.000000	2.448408
140	46.244597	5.366922	0.000000	89.000000	2.465128
141	46.247742	5.311797	0.000000	89.000000	2.454996
142	46.253622	5.289868	0.000000	89.000000	2.476639
143	46.256346	5.349931	0.000000	89.000000	2.482243
144	46.243349	5.369225	0.000000	89.000000	2.433805
145	46.251780	5.448624	0.000000	89.000000	2.466257
146	46.253687	5.445582	0.000000	89.000000	2.439051
147	46.256641	5.457345	0.000000	89.000000	2.473014
148	46.264976	5.521717	0.000000	89.000000	2.447565
149	46.270904	5.496987	0.000000	89.000000	2.482261
150	46.267128	5.402014	0.000000	89.000000	2.431329
151	46.259719	5.569141	0.000000	89.000000	2.466537
152	46.259284	5.598311	0.000000	89.000000	2.439002
153	46.270910	5.576641	0.000000	89.000000	2.481015
154	46.259445	5.557655	0.000000	89.000000	2.435955
155	46.260220	5.596500	0.000000	89.000000	2.474522
156	46.262011	5.507526	0.000000	89.000000	2.440883
157	46.263552	5.545907	0.000000	89.000000	2.438671
158	46.273249	5.678415	0.000000	89.000000	2.465395
159	46.274227	5.630633	0.000000	89.000000	2.473924
160	46.269077	5.576685	0.000000	89.000000	2.455486
161	46.267173	5.528490	0.000000	89.000000	2.476036
162	46.264458	5.628884	0.000000	89.000000	2.431658
163	46.271068	5.634838	0.000000	89.000000	2.461026
164	46.275380	5.617939	0.000000	89.000000	2.456238
165	46.272945	5.612748	0.000000	89.000000	2.478815
166	46.276692	5.582769	0.000000	89.000000	2.461863
167	46.250379	5.609827	0.000000	89.000000	2.472236
168	46.263170	5.760437	0.000000	89.000000	2.474846
169	46.265155	5.752326	0.000000	89.000000	2.434757
170	46.261042	5.603461	0.000000	89.000000	2.417193
171	46.263340	5.667822	0.000000	89.000000	2.477484
172	46.266806	5.702257	0.000000	89.000000	2.455320
173	46.269080	5.697114	0.000000	89.000000	2.476277
174	46.263105	5.673826	0.000000	89.000000	2.477829
175	46.275687	5.699634	0.000000	89.000000	2.437187
176	46.270695	5.637215	0.000000	89.000000	2.418482
177	46.256840	5.715288	0.000000	89.000000	2.471751
178	46.269518	5.735769	0.000000	89.000000	2.448793
179	46.282265	5.675405	0.000000	89.000000	2.470457
180	46.284926	5.695218	0.000000	89.000000	2.421797
181	46.283132	5.770281	0.000000	89.000000	2.472348
182	46.280557	5.733456	0.000000	89.000000	2.444424
183	46.283069	5.685281	0.000000	89.000000	2.484032
184	46.286780	5.702215	0.000000	89.000000	2.441986
185	46.294338	5.767249	0.000000	89.000000	2.473801
186	46.286637	5.802852	0.000000	89.000000	2.420165
187	46.282673	5.772368	0.000000	89.000000	2.470767
188	46.282607	5.802000	0.000000	89.000000	2.468917
189	46.283633	5.771213	0.000000	89.000000	2.462027
190	46.280640	5.803257	0.000000	89.000000	2.435432
191	46.290785	5.778166	0.000000	89.000000	2.470825
192	46.295568	5.748872	0.000000	89.000000	2.425938
193	46.302277	5.766669	0.000000	89.000000	2.454479
194	46.304029	5.746191	0.000000	89.000000	2.483630
195	46.297711	5.746441	0.000000	89.000000	2.465779
196	46.315527	5.763389	0.000000	89.000000	2.437004
197	46.316630	5.803673	0.000000	89.000000	2.472399
198	46.301603	5.726242	0.000000	89.000000	2.424125
199	46.308404	5.784603	0.000000	89.000000	2.475031
200	46.305364	5.882108	0.000000	89.000000	2.479530
201	46.327439	5.818169	0.000000	89.000000	2.481519
202	46.309376	5.950536	0.000000	89.000000	2.472785
203	46.316320	6.006436	0.000000	89.000000	2.439219
204	46.326607	5.861303	0.000000	89.000000	2.473925
205	46.310651	5.937298	0.000000	89.000000	2.424051
206	46.313810	5.989686	0.000000	89.000000	2.470182
207	46.318069	5.996540	0.000000	89.000000	2.474077
208	46.309233	6.094365	0.000000	89.000000	2.479692
209	46.326938	6.084151	0.000000	89.000000	2.471076
210	46.317363	6.045648	0.000000	89.000000	2.453600
211	46.328181	6.212431	0.000000	89.000000	2.471689
212	46.313864	6.150040	0.000000	89.000000	2.419756
213	46.314973	6.129867	0.000000	89.000000	2.477136
214	46.308455	6.131330	0.000000	89.000000	2.477351
215	46.320099	6.301335	0.000000	89.000000	2.483521
216	46.324724	6.396532	0.000000	89.000000	2.479648
217	46.328256	6.570891	0.000000	89.000000	2.438984
218	46.347964	6.670316	0.000000	89.000000	2.474401
219	46.344364	6.658965	0.000000	89.000000	2.414847
220	46.353447	6.618450	0.000000	89.000000	2.448843
221	46.371078	6.721822	0.000000	89.000000	2.482444
222	46.369582	6.740405	0.000000	89.000000	2.488897
223	46.370530	6.758683	0.000000	89.000000	2.455539
224	46.363774	6.861915	0.000000	89.000000	2.462091
225	46.390468	6.860587	0.000000	89.000000	2.421864
226	46.398139	6.938931	0.000000	89.000000	2.469834
227	46.395111	6.916840	0.000000	89.000000	2.446846
228	46.408311	6.857834	0.000000	89.000000	2.493542
229	46.401471	6.861759	0.000000	89.000000	2.495271
230	46.415854	6.876807	0.000000	89.000000	2.436636
231	46.406478	6.926895	0.000000	89.000000	2.471966
232	46.430802	7.055226	0.000000	89.000000	2.419303
233	46.447420	7.041708	0.000000	89.000000	2.468198
234	46.438265	7.093836	0.000000	89.000000	2.476549
235	46.432084	7.025224	0.000000	89.000000	2.483939
236	46.433395	6.881878	0.000000	89.000000	2.502183
237	46.437263	6.926021	0.000000	89.000000	2.480401
238	46.443412	6.978892	0.000000	89.000000	2.447463
239	46.448493	6.938725	0.000000	89.000000	2.474792
240	46.445632	6.973770	0.000000	89.000000	2.418654
241	46.450630	6.993801	0.000000	89.000000	2.475735
242	46.450776	6.901315	0.000000	89.000000	2.481617
243	46.454102	6.922406	0.000000	89.000000	2.480117
244	46.448708	7.003929	0.000000	89.000000	2.467494
245	46.448043	7.069907	0.000000	89.000000	2.441825
246	46.466208	7.084968	0.000000	89.000000	2.482345
247	46.476275	7.042464	0.000000	89.000000	2.416046
248	46.460155	6.950766	0.000000	89.000000	2.473981
249	46.460229	7.055305	0.000000	89.000000	2.479742
250	46.462613	7.020280	0.000000	89.000000	2.484458
251	46.457413	6.974251	0.000000	89.000000	2.466310
252	46.450889	6.979235	0.000000	89.000000	2.445932
253	46.466580	7.041423	0.000000	89.000000	2.478016
254	46.467829	6.970721	0.000000	89.000000	2.419716
255	46.475860	6.979869	0.000000	89.000000	2.476538
256	46.471483	7.039676	0.000000	89.000000	2.464060
257	46.449277	7.074306	0.000000	89.000000	2.487351
258	46.462697	6.990076	0.000000	89.000000	2.477000
259	46.460250	6.946898	0.000000	89.000000	2.447624
260	46.453750	6.907134	0.000000	89.000000	2.470671
261	46.471247	6.940400	0.000000	89.000000	2.419534
262	46.453568	7.014363	0.000000	89.000000	2.474075
263	46.473262	7.039180	0.000000	89.000000	2.475077
264	46.456480	7.078414	0.000000	89.000000	2.481351
265	46.461910	7.061030	0.000000	89.000000	2.480054
266	46.448398	7.101364	0.000000	89.000000	2.444512
267	46.452427	7.022365	0.000000	89.000000	2.478877
268	46.465018	7.118304	0.000000	89.000000	2.428334
269	46.464634	7.078876	0.000000	89.000000	2.478597
270	46.455869	7.094097	0.000000	89.000000	2.467855
271	46.475470	7.073396	0.000000	89.000000	2.484450
272	46.473342	7.079667	0.000000	89.000000	2.463544
273	46.454948	7.016931	0.000000	89.000000	2.443588
274	46.460640	7.009984	0.000000	89.000000	2.479819
275	46.450841	7.068073	0.000000	89.000000	2.421702
276	46.445936	6.963661	0.000000	89.000000	2.468663
277	46.452957	7.134461	0.000000	89.000000	2.457040
278	46.466327	7.057129	0.000000	89.000000	2.488156
279	46.460313	7.033074	0.000000	89.000000	2.470019
280	46.460244	7.122769	0.000000	89.000000	2.449240
281	46.469587	7.059810	0.000000	89.000000	2.460178
282	46.459723	7.027763	0.000000	89.000000	2.426906
283	46.457085	6.979493	0.000000	89.000000	2.456077
284	46.454129	6.994872	0.000000	89.000000	2.479552
285	46.451685	7.001777	0.000000	89.000000	2.513087
286	46.458340	7.037556	0.000000	89.000000	2.477763
287	46.480313	7.050139	0.000000	89.000000	2.442252
288	46.470445	7.090630	0.000000	89.000000	2.482604
289	46.442795	7.062615	0.000000	89.000000	2.425754
290	46.465221	7.096201	0.000000	89.000000	2.471608
291	46.469983	7.040935	0.000000	89.000000	2.438824
292	46.485299	7.070222	0.000000	89.000000	2.494438
293	46.466446	7.109788	0.000000	89.000000	2.461918
294	46.482813	7.037343	0.000000	89.000000	2.451043
295	46.489593	7.082375	0.000000	89.000000	2.420797
296	46.479690	7.039697	0.000000	89.000000	2.469042
297	46.493471	7.013477	0.000000	89.000000	2.443980
298	46.475863	7.091884	0.000000	89.000000	2.494866
299	46.483836	7.122854	0.000000	89.000000	2.496812
300	46.492910	7.167039	0.000000	89.000000	2.457644
301	46.489346	7.130061	0.000000	89.000000	2.451873
302	46.495104	7.081776	0.000000	89.000000	2.416681
303	46.500450	7.121024	0.000000	89.000000	2.472166
304	46.504182	7.037895	0.000000	89.000000	2.452802
305	46.498096	7.049447	0.000000	89.000000	2.497729
306	46.488655	7.112720	0.000000	89.000000	2.486138
307	46.489078	7.133150	0.000000	89.000000	2.437642
308	46.503520	7.177171	0.000000	89.000000	2.478057
309	46.512735	7.130289	0.000000	89.000000	2.412833
310	46.514398	7.086995	0.000000	89.000000	2.458328
311	46.496862	7.187330	0.000000	89.000000	2.475032
312	46.504104	7.215731	0.000000	89.000000	2.498495
313	46.502283	7.234137	0.000000	89.000000	2.492449
314	46.504641	7.247468	0.000000	89.000000	2.452152
315	46.519589	7.289885	0.000000	89.000000	2.463102
316	46.502548	7.250145	0.000000	89.000000	2.421967
317	46.497798	7.214093	0.000000	89.000000	2.475049
318	46.507204	7.180722	0.000000	89.000000	2.438607
319	46.491671	7.170038	0.000000	89.000000	2.503148
320	46.493721	7.207489	0.000000	89.000000	2.493996
321	46.494567	7.164386	0.000000	89.000000	2.462221
322	46.511298	7.086152	0.000000	89.000000	2.453745
323	46.504825	7.137053	0.000000	89.000000	2.416694
324	46.507621	7.189249	0.000000	89.000000	2.474783
325	46.507728	7.167571	0.000000	89.000000	2.458863
326	46.510553	7.164676	0.000000	89.000000	2.480965
327	46.520773	7.281697	0.000000	89.000000	2.481393
328	46.518523	7.249265	0.000000	89.000000	2.443577
329	46.520680	7.235637	0.000000	89.000000	2.474621
330	46.518630	7.294849	0.000000	89.000000	2.424088
331	46.501285	7.163962	0.000000	89.000000	2.470871
332	46.498346	7.110710	0.000000	89.000000	2.457894
333	46.503377	7.115600	0.000000	89.000000	2.482798
334	46.511698	7.209496	0.000000	89.000000	2.439518
335	46.508324	7.192990	0.000000	89.000000	2.470498
336	46.520448	7.150669	0.000000	89.000000	2.412251
337	46.522307	7.118139	0.000000	89.000000	2.454226
338	46.530575	7.133121	0.000000	89.000000	2.480165
339	46.528926	7.020352	0.000000	89.000000	2.482546
340	46.535757	7.076970	0.000000	89.000000	2.447789
341	46.516937	7.030634	0.000000	89.000000	2.457581
342	46.489984	7.078085	0.000000	89.000000	2.412860
343	46.499914	7.166332	0.000000	89.000000	2.455704
344	46.523887	7.161890	0.000000	89.000000	2.474243
345	46.515897	7.149104	0.000000	89.000000	2.487856
346	46.506107	7.147831	0.000000	89.000000	2.431451
347	46.501279	7.153325	0.000000	89.000000	2.470417
348	46.492147	7.195041	0.000000	89.000000	2.438002
349	46.508139	7.172429	0.000000	89.000000	2.470983
350	46.496800	7.259447	0.000000	89.000000	2.442710
351	46.505016	7.219928	0.000000	89.000000	2.496155
352	46.513003	7.188817	0.000000	89.000000	2.473083
353	46.512699	7.189963	0.000000	89.000000	2.434350
354	46.507117	7.157002	0.000000	89.000000	2.465852
355	46.506011	7.228501	0.000000	89.000000	2.462933
356	46.515316	7.298222	0.000000	89.000000	2.472285
357	46.512926	7.282048	0.000000	89.000000	2.448353
358	46.512550	7.238232	0.000000	89.000000	2.480127
359	46.504784	7.333073	0.000000	89.000000	2.447859
360	46.507430	7.288347	0.000000	89.000000	2.463209
361	46.497837	7.227620	0.000000	89.000000	2.444790
362	46.521363	7.196102	0.000000	89.000000	2.468247
363	46.518749	7.126538	0.000000	89.000000	2.449435
364	46.527362	7.093761	0.000000	89.000000	2.470451
365	46.524268	7.070279	0.000000	89.000000	2.477918
366	46.521693	7.118235	0.000000	89.000000	2.436497
367	46.526796	7.188643	0.000000	89.000000	2.461352
368	46.512640	7.238764	0.000000	89.000000	2.456296
369	46.504396	7.178856	0.000000	89.000000	2.481719
370	46.512407	7.255342	0.000000	89.000000	2.438468
371	46.527007	7.206595	0.000000	89.000000	2.478100
372	46.506619	7.194421	0.000000	89.000000	2.432951
373	46.507800	7.153279	0.000000	89.000000	2.464581
374	46.502060	7.207178	0.000000	89.000000	2.449604
375	46.495244	7.231313	0.000000	89.000000	2.477693
376	46.505752	7.176120	0.000000	89.000000	2.445913
377	46.516818	7.146704	0.000000	89.000000	2.478500
378	46.508992	7.079199	0.000000	89.000000	2.444000
379	46.508646	7.150793	0.074906	89.000000	2.471113
380	46.507937	7.224120	0.074906	89.000000	2.446522
381	46.506703	7.230555	0.000000	89.000000	2.470524
382	46.519506	7.169795	0.000000	89.000000	2.488590
383	46.509409	7.149001	0.000000	89.000000	2.453004
384	46.519029	7.120535	0.000000	89.000000	2.476901
385	46.518353	7.140232	0.000000	89.000000	2.446717
386	46.503985	7.181759	0.000000	89.000000	2.461079
387	46.513361	7.249772	0.000000	89.000000	2.434460
388	46.521753	7.132439	0.000000	89.000000	2.468765
389	46.516743	7.189018	0.000000	89.000000	2.468849
390	46.523380	7.112536	0.000000	89.000000	2.464197
391	46.520442	7.079463	0.000000	89.000000	2.477639
392	46.711618	7.069215	0.000000	89.000000	2.438673
393	46.752679	7.176156	0.000000	89.000000	2.420795
394	46.794498	7.198234	0.000000	89.000000	2.472044
395	46.806920	7.261925	0.000000	89.000000	2.463024
396	46.828955	7.268068	0.000000	89.000000	2.473808
397	46.830720	7.291343	0.000000	89.000000	2.487502
398	46.849641	7.279418	0.000000	89.000000	2.441578
399	46.856225	7.214377	0.000000	89.000000	2.464802
400	46.865889	7.227225	0.000000	89.000000	2.439122
401	46.856317	7.261610	0.000000	89.000000	2.474103
402	46.870875	7.250870	0.000000	89.000000	2.465849
403	46.877456	7.267419	0.000000	89.000000	2.471501
404	46.872345	7.223510	0.000000	89.000000	2.487287
405	46.867239	7.130201	0.000000	89.000000	2.430574
406	46.863413	7.194637	0.000000	89.000000	2.468895
407	46.875340	7.190297	0.000000	89.000000	2.469621
408	46.887892	7.211627	0.000000	89.000000	2.469771
409	46.884751	7.195701	0.000000	89.000000	2.479686
410	46.872991	7.287851	0.000000	89.000000	2.458552
411	46.866250	7.315094	0.000000	89.000000	2.483675
412	46.876812	7.293896	0.000000	89.000000	2.482764
413	46.879509	7.274939	0.000000	89.000000	2.431466
414	46.873695	7.220793	0.000000	89.000000	2.478384
415	46.863326	7.250442	0.000000	89.000000	2.439969
416	46.875352	7.211685	0.000000	89.000000	2.488089
417	46.871528	7.226943	0.000000	89.000000	2.473038
418	46.871266	7.220274	0.074906	89.000000	2.453436
419	46.866632	7.146714	0.000000	89.000000	2.485096
420	46.866938	7.207717	0.074906	89.000000	2.433919
421	46.873188	7.157305	0.074906	89.000000	2.443285
422	46.865356	7.240267	0.074906	89.000000	2.469710
423	46.873257	7.261870	0.000000	89.000000	2.481818
424	46.884361	7.274432	0.000000	89.000000	2.470354
425	46.877921	7.284409	0.074906	89.000000	2.476665
426	46.890789	7.231970	0.000000	89.000000	2.480518
427	46.883711	7.204287	0.074906	89.000000	2.457303
428	46.878999	7.114379	0.000000	89.000000	2.460549
429	46.878189	7.215190	0.000000	89.000000	2.462258
430	46.874326	7.209586	0.000000	89.000000	2.471621
431	46.881011	7.268866	0.000000	89.000000	2.472110
432	46.873295	7.233208	0.000000	89.000000	2.441700
433	46.879441	7.183413	0.000000	89.000000	2.488570
434	46.880674	7.321906	0.000000	89.000000	2.485508
435	46.886891	7.329944	0.000000	89.000000	2.437813
436	46.890712	7.316479	0.000000	89.000000	2.476146
437	46.888730	7.298642	0.000000	89.000000	2.440813
438	46.893287	7.298603	0.000000	89.000000	2.480527
439	46.879542	7.243648	0.000000	89.000000	2.449355
440	46.883276	7.276806	0.000000	89.000000	2.478375
441	46.897170	7.297673	0.000000	89.000000	2.482801
442	46.880639	7.356870	0.000000	89.000000	2.441563
443	46.885622	7.325272	0.000000	89.000000	2.448785
444	46.883321	7.296592	0.000000	89.000000	2.470260
445	46.889263	7.289822	0.000000	89.000000	2.470155
446	46.889925	7.282237	0.074906	89.000000	2.447537
447	46.885496	7.312425	0.000000	89.000000	2.479077
448	46.883595	7.386494	0.074906	89.000000	2.482411
449	46.878183	7.399544	0.000000	89.000000	2.445907
450	46.868306	7.347084	0.074906	89.000000	2.461097
451	46.869135	7.468946	0.000000	89.000000	2.473004
452	46.882862	7.356167	0.000000	89.000000	2.471143
453	46.881831	7.337717	0.074906	89.000000	2.477059
454	46.876693	7.415698	0.074906	89.000000	2.463863
455	46.889424	7.365893	0.074906	89.000000	2.478510
456	46.875459	7.378731	0.000000	89.000000	2.482257
457	46.885455	7.354973	0.000000	89.000000	2.442830
458	46.888995	7.408865	0.000000	89.000000	2.476355
459	46.874416	7.396906	0.000000	89.000000	2.464861
460	46.882910	7.355258	0.000000	89.000000	2.450758
461	46.882623	7.359855	0.000000	89.000000	2.466062
462	46.866637	7.367024	0.000000	89.000000	2.479626
463	46.889448	7.368323	0.000000	89.000000	2.486200
464	46.891409	7.410630	0.000000	89.000000	2.484978
465	46.883720	7.376484	0.000000	89.000000	2.442756
466	46.895045	7.299853	0.000000	89.000000	2.477417
467	46.887827	7.365905	0.000000	89.000000	2.416027
468	46.880415	7.427223	0.000000	89.000000	2.463861
469	46.881855	7.341055	0.074906	89.000000	2.480336
470	46.883446	7.347098	0.074906	89.000000	2.486451
471	46.899599	7.327455	0.000000	89.000000	2.498438
472	46.887350	7.311695	0.000000	89.000000	2.462309
473	46.886873	7.315768	0.000000	89.000000	2.453411
474	46.885854	7.314437	0.000000	89.000000	2.412343
475	46.900529	7.335276	0.000000	89.000000	2.481739
476	46.891892	7.428173	0.000000	89.000000	2.441229
477	46.897155	7.419837	0.000000	89.000000	2.488447
478	46.897307	7.337622	0.000000	89.000000	2.462056
479	46.899879	7.374424	0.000000	89.000000	2.456315
480	46.907377	7.433795	0.000000	89.000000	2.473114
481	46.906465	7.478257	0.000000	89.000000	2.431575
482	46.900839	7.438688	0.000000	89.000000	2.461395
483	46.903482	7.416761	0.000000	89.000000	2.472274
484	46.904388	7.397478	0.000000	89.000000	2.493138
485	46.904033	7.484672	0.000000	89.000000	2.486010
486	46.908671	7.455736	0.000000	89.000000	2.439415
487	46.911526	7.432111	0.000000	89.000000	2.478895
488	46.912140	7.440406	0.000000	89.000000	2.422546
489	46.912256	7.439446	0.000000	89.000000	2.467865
490	46.906871	7.394853	0.000000	89.000000	2.469189
491	46.911383	7.418977	0.000000	89.000000	2.483328
492	46.904713	7.493800	0.000000	89.000000	2.501735
493	46.897998	7.493832	0.000000	89.000000	2.465616
494	46.903986	7.523243	0.000000	89.000000	2.455443
495	46.914032	7.497631	0.000000	89.000000	2.444170
496	46.912724	7.490820	0.000000	89.000000	2.447939
497	46.900505	7.521998	0.000000	89.000000	2.460852
498	46.905386	7.593554	0.000000	89.000000	2.486184
499	46.904716	7.514078	0.000000	89.000000	2.487348
500	46.912834	7.459649	0.000000	89.000000	2.488076
501	46.918386	7.381644	0.000000	89.000000	2.441105
502	46.911553	7.377805	0.000000	89.000000	2.472724
503	46.921742	7.450775	0.000000	89.000000	2.419726
504	46.914425	7.433410	0.000000	89.000000	2.475489
505	46.925223	7.422490	0.000000	89.000000	2.460019
506	46.922731	7.494368	0.000000	89.000000	2.489651
507	46.918243	7.499734	0.000000	89.000000	2.486398
508	46.911740	7.465723	0.000000	89.000000	2.437629
509	46.917483	7.541288	0.000000	89.000000	2.458422
510	46.901569	7.523320	0.000000	89.000000	2.431123
511	46.914253	7.547332	0.074906	89.000000	2.462062
512	46.910924	7.467267	0.074906	89.000000	2.479611
513	46.917921	7.434068	0.000000	89.000000	2.486639
514	46.910039	7.360104	0.000000	89.000000	2.466772
515	46.908861	7.419623	0.000000	89.000000	2.446689
516	46.915841	7.398797	0.000000	89.000000	2.420237
517	46.900886	7.474740	0.074906	89.000000	2.485862
518	46.917403	7.415384	0.000000	89.000000	2.463425
519	46.934322	7.451603	0.000000	89.000000	2.475250
520	46.923649	7.474618	0.000000	89.000000	2.486840
521	46.912128	7.466361	0.000000	89.000000	2.474712
522	46.895418	7.474452	0.000000	89.000000	2.447324
523	46.908653	7.481254	0.000000	89.000000	2.421014
524	46.916768	7.415450	0.000000	89.000000	2.474078
525	46.915758	7.403258	0.000000	89.000000	2.466385
526	46.903008	7.458077	0.000000	89.000000	2.476802
527	46.905452	7.467300	0.000000	89.000000	2.489961
528	46.900952	7.451253	0.000000	89.000000	2.496861
529	46.900076	7.428885	0.000000	89.000000	2.454664
530	46.895146	7.376530	0.000000	89.000000	2.469128
531	46.904105	7.459641	0.074906	89.000000	2.419034
532	46.918941	7.507569	0.000000	89.000000	2.464781
533	46.914029	7.420880	0.000000	89.000000	2.458281
534	46.918696	7.491479	0.000000	89.000000	2.483392
535	46.919262	7.428522	0.000000	89.000000	2.487749
536	46.917850	7.513476	0.000000	89.000000	2.441872
537	46.918941	7.497005	0.000000	89.000000	2.471557
538	46.916476	7.556952	0.000000	89.000000	2.419042
539	46.924841	7.536944	0.000000	89.000000	2.476515
540	46.934628	7.598848	0.000000	89.000000	2.462672
541	46.922523	7.538697	0.074906	89.000000	2.486980
542	46.914712	7.498885	0.074906	89.000000	2.497026
543	46.927834	7.452357	0.074906	89.000000	2.454091
544	46.921477	7.518484	0.074906	89.000000	2.461224
545	46.919870	7.457210	0.074906	89.000000	2.422329
546	46.911675	7.412692	0.000000	89.000000	2.474485
547	46.919614	7.495813	0.074906	89.000000	2.466105
548	46.914819	7.475737	0.074906	89.000000	2.482310
549	46.921253	7.455117	0.000000	89.000000	2.486544
550	46.917623	7.456622	0.000000	89.000000	2.460182
551	46.911368	7.436343	0.000000	89.000000	2.454262
552	46.915552	7.377339	0.000000	89.000000	2.428048
553	46.917975	7.453477	0.000000	89.000000	2.462676
554	46.918607	7.505777	0.000000	89.000000	2.456649
555	46.912819	7.463137	0.000000	89.000000	2.483087
556	46.918643	7.455203	0.000000	89.000000	2.487326
557	46.921068	7.451583	0.000000	89.000000	2.443758
558	46.922523	7.469146	0.000000	89.000000	2.484730
559	46.916878	7.469074	0.000000	89.000000	2.423489
560	46.933976	7.462105	0.000000	89.000000	2.481274
561	46.918899	7.529949	0.000000	89.000000	2.457242
562	46.925446	7.576252	0.000000	89.000000	2.480667
563	46.922991	7.496944	0.000000	89.000000	2.499218
564	46.908072	7.584521	0.000000	89.000000	2.471056
565	46.928596	7.566791	0.000000	89.000000	2.442441
566	46.934021	7.609815	0.000000	89.000000	2.455866
567	46.941629	7.541323	0.000000	89.000000	2.436733
568	46.935844	7.640670	0.000000	89.000000	2.471851
569	46.936536	7.571038	0.000000	89.000000	2.478550
570	46.935001	7.553963	0.000000	89.000000	2.483661
571	46.943057	7.552545	0.000000	89.000000	2.498311
572	46.942797	7.597505	0.000000	89.000000	2.464332
573	46.932712	7.602871	0.000000	89.000000	2.454917
574	46.933949	7.521157	0.000000	89.000000	2.439837
575	46.934053	7.612328	0.000000	89.000000	2.454268
576	46.931612	7.616291	0.000000	89.000000	2.473271
577	46.925056	7.588759	0.000000	89.000000	2.477815
578	46.940053	7.585350	0.000000	89.000000	2.465601
579	46.928787	7.483890	0.000000	89.000000	2.442268
580	46.933576	7.525111	0.000000	89.000000	2.488750
581	46.924663	7.531916	0.000000	89.000000	2.427691
582	46.932673	7.611130	0.000000	89.000000	2.467845
583	46.927178	7.616611	0.000000	89.000000	2.465824
584	46.926311	7.548587	0.000000	89.000000	2.483302
585	46.917817	7.583671	0.000000	89.000000	2.471135
586	46.924955	7.539756	0.000000	89.000000	2.439636
587	46.921611	7.465263	0.000000	89.000000	2.473253
588	46.922469	7.523972	0.000000	89.000000	2.428666
589	46.914792	7.525872	0.000000	89.000000	2.473766
590	46.934807	7.530582	0.000000	89.000000	2.474973
591	46.917158	7.588144	0.000000	89.000000	2.455431
592	46.924180	7.554153	0.000000	89.000000	2.443373
593	46.922642	7.578630	0.000000	89.000000	2.478744
594	46.923715	7.567521	0.000000	89.000000	2.423618
595	46.915996	7.573462	0.000000	89.000000	2.474879
596	46.918470	7.541231	0.000000	89.000000	2.459549
597	46.917364	7.611203	0.000000	89.000000	2.480995
598	46.908844	7.594809	0.000000	89.000000	2.478501
599	46.919382	7.554396	0.000000	89.000000	2.440954
600	46.906099	7.548561	0.074906	89.000000	2.490328
601	46.914679	7.495920	0.074906	89.000000	2.426340
602	46.924692	7.499302	0.074906	89.000000	2.467460
603	46.931726	7.543953	0.000000	89.000000	2.459762
604	46.945286	7.489950	0.074906	89.000000	2.482922
605	46.941751	7.510523	0.074906	89.000000	2.478875
606	46.938795	7.457408	0.074906	89.000000	2.442256
607	46.946216	7.482887	0.000000	89.000000	2.482896
608	46.941069	7.517316	0.000000	89.000000	2.416039
609	46.940696	7.537098	0.000000	89.000000	2.477310
610	46.932524	7.497633	0.000000	89.000000	2.457256
611	46.938616	7.465275	0.000000	89.000000	2.486150
612	46.937215	7.556911	0.000000	89.000000	2.477803
613	46.939632	7.503808	0.000000	89.000000	2.440282
614	46.940249	7.581394	0.000000	89.000000	2.462248
615	46.936142	7.581763	0.000000	89.000000	2.433773
616	46.938378	7.552869	0.000000	89.000000	2.463864
617	46.943492	7.511768	0.000000	89.000000	2.482213
618	46.942627	7.480642	0.000000	89.000000	2.478796
619	46.944773	7.485664	0.000000	89.000000	2.473093
620	46.932396	7.539327	0.000000	89.000000	2.453377
621	46.935463	7.585015	0.000000	89.000000	2.472952
622	46.937686	7.535481	0.074906	89.000000	2.423705
623	46.938086	7.556782	0.000000	89.000000	2.463738
624	46.939498	7.559818	0.000000	89.000000	2.487911
625	46.936426	7.546035	0.000000	89.000000	2.481268
626	46.953195	7.604908	0.000000	89.000000	2.473358
627	46.944416	7.554113	0.000000	89.000000	2.437448
628	46.933049	7.523248	0.000000	89.000000	2.442775
629	46.940577	7.494842	0.000000	89.000000	2.446608
630	46.936119	7.508672	0.000000	89.000000	2.444356
631	46.939909	7.593042	0.000000	89.000000	2.484417
632	46.934968	7.585324	0.074906	89.000000	2.487767
633	46.937904	7.561557	0.000000	89.000000	2.443877
634	46.929514	7.534249	0.000000	89.000000	2.484132
635	46.941513	7.556032	0.074906	89.000000	2.426799
636	46.937609	7.527480	0.000000	89.000000	2.472254
637	46.952623	7.509148	0.000000	89.000000	2.453390
638	46.937019	7.462676	0.000000	89.000000	2.482270
639	46.920034	7.562088	0.074906	89.000000	2.487973
640	46.933299	7.535608	0.000000	89.000000	2.446844
641	46.931869	7.577062	0.000000	89.000000	2.476494
642	46.932396	7.610216	0.000000	89.000000	2.419964
643	46.934164	7.598790	0.074906	89.000000	2.487353
644	46.931237	7.633078	0.000000	89.000000	2.466457
645	46.926075	7.586394	0.000000	89.000000	2.480232
646	46.928859	7.668170	0.000000	89.000000	2.486066
647	46.925521	7.602988	0.000000	89.000000	2.462965
648	46.933353	7.481692	0.000000	89.000000	2.449674
649	46.936724	7.526021	0.000000	89.000000	2.423931
650	46.950191	7.524066	0.000000	89.000000	2.466425
651	46.965760	7.505505	0.000000	89.000000	2.461351
652	46.961170	7.434228	0.000000	89.000000	2.488591
653	46.949148	7.454935	0.000000	89.000000	2.491039
654	46.947274	7.550571	0.000000	89.000000	2.474846
655	46.931058	7.552783	0.000000	89.000000	2.451281
656	46.944845	7.540692	0.000000	89.000000	2.472035
657	46.937460	7.603400	0.000000	89.000000	2.423436
658	46.950382	7.549477	0.000000	89.000000	2.477124
659	46.947873	7.537083	0.000000	89.000000	2.474607
660	46.930587	7.559885	0.000000	89.000000	2.480381
661	46.919566	7.531774	0.000000	89.000000	2.482302
662	46.940506	7.545814	0.074906	89.000000	2.447085
663	46.940619	7.599420	0.074906	89.000000	2.477473
664	46.923167	7.476001	0.000000	89.000000	2.423443
665	46.921617	7.447384	0.000000	89.000000	2.474158
666	46.928680	7.489872	0.000000	89.000000	2.461176
667	46.928930	7.432094	0.000000	89.000000	2.485078
668	46.929049	7.596726	0.000000	89.000000	2.474500
669	46.936977	7.523076	0.000000	89.000000	2.442376
670	46.942830	7.515186	0.000000	89.000000	2.475360
671	46.943408	7.433323	0.000000	89.000000	2.420076
672	46.946454	7.460121	0.000000	89.000000	2.480526
673	46.932614	7.462930	0.000000	89.000000	2.455652
674	46.932286	7.522169	0.000000	89.000000	2.486071
675	46.941108	7.530129	0.000000	89.000000	2.477129
676	46.931168	7.495336	0.000000	89.000000	2.448751
677	46.938664	7.515117	0.000000	89.000000	2.475633
678	46.939677	7.495069	0.000000	89.000000	2.420433
679	46.934074	7.608332	0.000000	89.000000	2.476077
680	46.926042	7.604648	0.000000	89.000000	2.464528
681	46.925879	7.606858	0.000000	89.000000	2.480366
682	46.936738	7.537212	0.074906	89.000000	2.472638
683	46.941897	7.467483	0.000000	89.000000	2.444021
684	46.932352	7.534358	0.000000	89.000000	2.431015
685	46.925187	7.541837	0.000000	89.000000	2.459805
686	46.937996	7.543605	0.000000	89.000000	2.457788
687	46.924227	7.553100	0.000000	89.000000	2.485753
688	46.925682	7.527043	0.000000	89.000000	2.490288
689	46.927479	7.558606	0.000000	89.000000	2.460705
690	46.934605	7.528169	0.000000	89.000000	2.450786
691	46.936744	7.549045	0.000000	89.000000	2.423751
692	46.943325	7.634090	0.000000	89.000000	2.472039
693	46.938533	7.616332	0.000000	89.000000	2.445586
694	46.936563	7.539988	0.000000	89.000000	2.490676
695	46.934915	7.640792	0.000000	89.000000	2.488322
696	46.929383	7.608414	0.000000	89.000000	2.448656
697	46.931890	7.686526	0.000000	89.000000	2.478222
698	46.943110	7.640417	0.000000	89.000000	2.425077
699	46.938467	7.580855	0.000000	89.000000	2.480094
700	46.923998	7.576900	0.000000	89.000000	2.476207
701	46.929854	7.516242	0.000000	89.000000	2.474212
702	46.931827	7.523203	0.000000	89.000000	2.483995
703	47.114420	7.582064	0.000000	89.000000	2.474818
704	47.179109	7.573559	0.000000	89.000000	2.451496
705	47.206891	7.491209	0.000000	89.000000	2.489069
706	47.231442	7.523604	0.000000	89.000000	2.435012
707	47.234058	7.520288	0.000000	89.000000	2.459999
708	47.231072	7.546613	0.000000	89.000000	2.480400
709	47.243229	7.624035	0.000000	89.000000	2.480022
710	47.254020	7.666924	0.000000	89.000000	2.460272
711	47.255486	7.636691	0.000000	89.000000	2.441824
712	47.259247	7.679104	0.000000	89.000000	2.479115
713	47.263426	7.647547	0.000000	89.000000	2.418885
714	47.275102	7.617159	0.000000	89.000000	2.478798
715	47.263807	7.521719	0.000000	89.000000	2.467614
716	47.273687	7.631176	0.000000	89.000000	2.482381
717	47.267038	7.630992	0.000000	89.000000	2.480768
718	47.273940	7.635027	0.000000	89.000000	2.453023
719	47.272801	7.687312	0.000000	89.000000	2.474638
720	47.273582	7.659206	0.000000	89.000000	2.447420
721	47.264791	7.649395	0.000000	89.000000	2.453836
722	47.267848	7.655854	0.000000	89.000000	2.478866
723	47.271901	7.572307	0.074906	89.000000	2.474632
724	47.273684	7.551898	0.000000	89.000000	2.464853
725	47.285366	7.633743	0.000000	89.000000	2.449743
726	47.284755	7.577891	0.000000	89.000000	2.476773
727	47.280660	7.580016	0.000000	89.000000	2.429897
728	47.271875	7.635395	0.074906	89.000000	2.467144
729	47.283292	7.688039	0.074906	89.000000	2.453917
730	47.281146	7.691775	0.000000	89.000000	2.484631
731	47.284424	7.671322	0.000000	89.000000	2.482467
732	47.280014	7.636262	0.000000	89.000000	2.444418
733	47.282553	7.659684	0.000000	89.000000	2.469302
734	47.285953	7.671884	0.000000	89.000000	2.421098
735	47.278684	7.712835	0.074906	89.000000	2.472846
736	47.281107	7.643911	0.074906	89.000000	2.476359
737	47.283405	7.650829	0.000000	89.000000	2.480021
738	47.279960	7.652221	0.000000	89.000000	2.481203
739	47.268626	7.619437	0.000000	89.000000	2.448032
740	47.264951	7.599530	0.000000	89.000000	2.475485
741	47.282875	7.675845	0.000000	89.000000	2.423850
742	47.281647	7.646559	0.074906	89.000000	2.477817
743	47.290713	7.589455	0.074906	89.000000	2.447607
744	47.278297	7.628799	0.000000	89.000000	2.491832
745	47.285205	7.652239	0.000000	89.000000	2.471848
746	47.281814	7.644186	0.074906	89.000000	2.446671
747	47.285992	7.715478	0.000000	89.000000	2.490083
748	47.277260	7.742860	0.000000	89.000000	2.426637
749	47.270548	7.749992	0.149813	89.000000	2.474627
750	47.279626	7.795265	0.074906	89.000000	2.454143
751	47.278237	7.742504	0.000000	89.000000	2.479902
752	47.273624	7.757048	0.000000	89.000000	2.480925
753	47.268963	7.703337	0.000000	89.000000	2.445986
754	47.268838	7.728681	0.000000	89.000000	2.476887
755	47.275418	7.677904	0.000000	89.000000	2.418229
756	47.289023	7.674721	0.000000	89.000000	2.474919
757	47.281235	7.683761	0.000000	89.000000	2.460247
758	47.284719	7.731635	0.000000	89.000000	2.465267
759	47.279400	7.716534	0.000000	89.000000	2.438869
760	47.280148	7.754899	0.000000	89.000000	2.480167
761	47.275859	7.772004	0.000000	89.000000	2.413651
762	47.287714	7.725621	0.000000	89.000000	2.466720
763	47.299424	7.767509	0.000000	89.000000	2.465914
764	47.289538	7.732561	0.000000	89.000000	2.496293
765	47.294468	7.680230	0.000000	89.000000	2.470054
766	47.281200	7.810037	0.000000	89.000000	2.445847
767	47.273663	7.714472	0.000000	89.000000	2.449930
768	47.270438	7.674046	0.000000	89.000000	2.438196
769	47.272909	7.630098	0.000000	89.000000	2.441573
770	47.281730	7.713464	0.074906	89.000000	2.489269
771	47.275251	7.773286	0.074906	89.000000	2.484049
772	47.280627	7.697968	0.000000	89.000000	2.434606
773	47.299957	7.729657	0.074906	89.000000	2.433946
774	47.286779	7.698971	0.000000	89.000000	2.450739
775	47.284395	7.745745	0.000000	89.000000	2.443321
776	47.279119	7.684058	0.000000	89.000000	2.475004
777	47.287196	7.685966	0.000000	89.000000	2.428246
778	47.287452	7.696209	0.000000	89.000000	2.458136
779	47.285068	7.654134	0.000000	89.000000	2.431251
780	47.282565	7.671985	0.000000	89.000000	2.433152
781	47.289437	7.739373	0.000000	89.000000	2.466311
782	47.305399	7.716043	0.000000	89.000000	2.428659
783	47.281286	7.748049	0.000000	89.000000	2.433993
784	47.291335	7.795417	0.074906	89.000000	2.459358
785	47.287691	7.764104	0.074906	89.000000	2.449082
786	47.292233	7.757705	0.074906	89.000000	2.476312
787	47.287324	7.767947	0.074906	89.000000	2.418868
788	47.292072	7.735908	0.000000	89.000000	2.413594
789	47.292221	7.697945	0.074906	89.000000	2.454969
790	47.284546	7.688877	0.000000	89.000000	2.442363
791	47.296128	7.720685	0.000000	89.000000	2.414828
792	47.292560	7.726865	0.000000	89.000000	2.471024
793	47.296464	7.641391	0.000000	89.000000	2.423530
794	47.301683	7.716943	0.000000	89.000000	2.432399
795	47.300664	7.738552	0.000000	89.000000	2.416691
796	47.313422	7.725667	0.000000	89.000000	2.459773
797	47.306561	7.653050	0.000000	89.000000	2.445615
798	47.299197	7.726069	0.000000	89.000000	2.475280
799	47.299969	7.758146	0.000000	89.000000	2.433717
800	47.292992	7.703994	0.000000	89.000000	2.456779
801	47.294712	7.722855	0.000000	89.000000	2.432464
802	47.298345	7.708394	0.000000	89.000000	2.449754
803	47.289902	7.706275	0.074906	89.000000	2.474670
804	47.282481	7.715908	0.074906	89.000000	2.430322
805	47.292405	7.803494	0.074906	89.000000	2.445859
806	47.285879	7.711981	0.074906	89.000000	2.450280
807	47.287393	7.709630	0.000000	89.000000	2.467897
808	47.296703	7.685501	0.074906	89.000000	2.443672
809	47.300175	7.677898	0.074906	89.000000	2.429621
810	47.293186	7.641214	0.000000	89.000000	2.443340
811	47.288358	7.665221	0.074906	89.000000	2.431086
812	47.297633	7.662120	0.074906	89.000000	2.442793
813	47.299603	7.706358	0.000000	89.000000	2.473079
814	47.295988	7.666505	0.000000	89.000000	2.411889
815	47.286886	7.661202	0.000000	89.000000	2.411744
816	47.288644	7.635428	0.000000	89.000000	2.417702
817	47.294497	7.620739	0.000000	89.000000	2.405815
818	47.297254	7.613562	0.000000	89.000000	2.436903
819	47.296625	7.657661	0.000000	89.000000	2.460486
820	47.291461	7.669134	0.000000	89.000000	2.423374
821	47.304586	7.747856	0.000000	89.000000	2.423011
822	47.287843	7.729257	0.000000	89.000000	2.443351
823	47.290546	7.683911	0.000000	89.000000	2.438881
824	47.282302	7.725891	0.074906	89.000000	2.428487
825	47.280777	7.705623	0.000000	89.000000	2.405799
826	47.291559	7.727193	0.000000	89.000000	2.459922
827	47.302470	7.697131	0.000000	89.000000	2.440274
828	47.301739	7.638290	0.074906	89.000000	2.467905
829	47.297570	7.694553	0.074906	89.000000	2.428138
830	47.293717	7.668425	0.000000	89.000000	2.418317
831	47.289392	7.665450	0.000000	89.000000	2.426394
832	47.294348	7.740027	0.000000	89.000000	2.459347
833	47.294527	7.765323	0.000000	89.000000	2.415476
834	47.300559	7.753406	0.000000	89.000000	2.446820
835	47.298726	7.694677	0.000000	89.000000	2.458186
836	47.302747	7.657608	0.000000	89.000000	2.427159
837	47.294146	7.724833	0.074906	89.000000	2.406319
838	47.295558	7.649467	0.000000	89.000000	2.432128
839	47.299129	7.688488	0.074906	89.000000	2.474427
840	47.301573	7.728356	0.074906	89.000000	2.429075
841	47.303167	7.751555	0.074906	89.000000	2.455678
842	47.305918	7.775403	0.000000	89.000000	2.439061
843	47.302651	7.771422	0.000000	89.000000	2.432948
844	47.297943	7.690896	0.074906	89.000000	2.468062
845	47.294742	7.700398	0.074906	89.000000	2.427368
846	47.299403	7.645555	0.074906	89.000000	2.448443
847	47.301739	7.622352	0.000000	89.000000	2.454561
848	47.469842	7.706767	0.000000	89.000000	2.434960
849	47.498056	7.743487	0.000000	89.000000	2.473024
850	47.513080	7.731106	0.000000	89.000000	2.427836
851	47.531182	7.776941	0.000000	89.000000	2.444300
852	47.528601	7.712321	0.000000	89.000000	2.448725
853	47.537833	7.761282	0.000000	89.000000	2.437735
854	47.538048	7.760459	0.000000	89.000000	2.473587
855	47.544169	7.778243	0.000000	89.000000	2.416395
856	47.549254	7.743148	0.000000	89.000000	2.459867
857	47.548223	7.751958	0.000000	89.000000	2.445951
858	47.552544	7.772284	0.000000	89.000000	2.438109
859	47.560140	7.748180	0.000000	89.000000	2.471280
860	47.558707	7.779342	0.000000	89.000000	2.412615
861	47.566196	7.820194	0.000000	89.000000	2.465324
862	47.561228	7.833351	0.000000	89.000000	2.468766
863	47.563750	7.828564	0.000000	89.000000	2.458822
864	47.563899	7.854817	0.000000	89.000000	2.442245
865	47.565237	7.866042	0.000000	89.000000	2.419697
866	47.564799	7.844202	0.000000	89.000000	2.468301
867	47.569984	7.837810	0.000000	89.000000	2.447073
868	47.568268	7.824556	0.000000	89.000000	2.471902
869	47.567439	7.840338	0.000000	89.000000	2.437238
870	47.565877	7.858325	0.000000	89.000000	2.473013
871	47.571343	7.854031	0.000000	89.000000	2.415915
872	47.570854	7.865904	0.000000	89.000000	2.439653
873	47.574395	7.879861	0.000000	89.000000	2.490577
874	47.576469	7.855331	0.000000	89.000000	2.476725
875	47.575349	7.867765	0.000000	89.000000	2.436018
876	47.575665	7.866215	0.000000	89.000000	2.463381
877	47.577155	7.892072	0.000000	89.000000	2.456162
878	47.574508	7.866445	0.000000	89.000000	2.470225
879	47.577178	7.864097	0.000000	89.000000	2.442111
880	47.583076	7.888220	0.000000	89.000000	2.484785
881	47.578043	7.870393	0.000000	89.000000	2.438869
882	47.584814	7.884424	0.000000	89.000000	2.443943
883	47.586107	7.840580	0.000000	89.000000	2.454084
884	47.582424	7.874495	0.000000	89.000000	2.474913
885	47.588015	7.860922	0.000000	89.000000	2.443310
886	47.573650	7.841868	0.000000	89.000000	2.474265
887	47.586289	7.813083	0.000000	89.000000	2.446399
888	47.581264	7.778151	0.000000	89.000000	2.472888
889	47.577423	7.816396	0.000000	89.000000	2.447520
890	47.583044	7.830737	0.000000	89.000000	2.472900
891	47.581521	7.824295	0.000000	89.000000	2.472245
892	47.582233	7.850373	0.000000	89.000000	2.475178
893	47.584295	7.863414	0.000000	89.000000	2.481574
894	47.587511	7.842279	0.000000	89.000000	2.484340
895	47.585875	7.841495	0.000000	89.000000	2.434508
896	47.584552	7.857507	0.000000	89.000000	2.472072
897	47.588882	7.873744	0.000000	89.000000	2.439950
898	47.595152	7.836496	0.000000	89.000000	2.485006
899	47.587323	7.849164	0.000000	89.000000	2.441948
900	47.597599	7.878864	0.000000	89.000000	2.486878
901	47.595757	7.850136	0.000000	89.000000	2.483339
902	47.592747	7.860707	0.000000	89.000000	2.439821
903	47.600225	7.868234	0.000000	89.000000	2.475918
904	47.597253	7.855381	0.000000	89.000000	2.442246
905	47.595039	7.780042	0.074906	89.000000	2.476749
906	47.594219	7.766727	0.000000	89.000000	2.465572
907	47.591352	7.771561	0.074906	89.000000	2.473259
908	47.592276	7.802498	0.074906	89.000000	2.484524
909	47.590405	7.773024	0.074906	89.000000	2.447354
910	47.589052	7.802068	0.000000	89.000000	2.472102
911	47.599167	7.809554	0.000000	89.000000	2.472593
912	47.592908	7.799314	0.000000	89.000000	2.460859
913	47.597045	7.820218	0.000000	89.000000	2.475241
914	47.600693	7.800098	0.000000	89.000000	2.456323
915	47.592574	7.852595	0.000000	89.000000	2.485368
916	47.599858	7.816421	0.000000	89.000000	2.487472
917	47.598627	7.807371	0.000000	89.000000	2.461594
918	47.597715	7.827630	0.000000	89.000000	2.460899
919	47.598308	7.826874	0.000000	89.000000	2.484237
920	47.597823	7.825161	0.000000	89.000000	2.419671
921	47.600293	7.805319	0.000000	89.000000	2.470338
922	47.604451	7.773814	0.000000	89.000000	2.488420
923	47.596526	7.751713	0.000000	89.000000	2.479271
924	47.600335	7.771874	0.000000	89.000000	2.499463
925	47.598824	7.778292	0.000000	89.000000	2.492177
926	47.601026	7.786554	0.000000	89.000000	2.473663
927	47.599244	7.822552	0.000000	89.000000	2.454345
928	47.598219	7.845791	0.000000	89.000000	2.449046
929	47.601247	7.811701	0.000000	89.000000	2.442064
930	47.601664	7.818207	0.000000	89.000000	2.478050
931	47.602576	7.846633	0.000000	89.000000	2.477059
932	47.607535	7.787487	0.000000	89.000000	2.487070
933	47.607610	7.775872	0.000000	89.000000	2.482367
934	47.602636	7.792589	0.000000	89.000000	2.454803
935	47.600800	7.748179	0.000000	89.000000	2.467422
936	47.598237	7.779342	0.000000	89.000000	2.432206
937	47.605580	7.799573	0.000000	89.000000	2.477765
938	47.607750	7.791153	0.000000	89.000000	2.486366
939	47.609657	7.768461	0.000000	89.000000	2.495016
940	47.606063	7.801046	0.000000	89.000000	2.453369
941	47.602773	7.834620	0.000000	89.000000	2.480942
942	47.611254	7.802211	0.074906	89.000000	2.454696
943	47.603998	7.779275	0.000000	89.000000	2.475899
944	47.598517	7.805716	0.074906	89.000000	2.425638
945	47.598392	7.836185	0.000000	89.000000	2.477985
946	47.599962	7.824807	0.000000	89.000000	2.470336
947	47.601485	7.815478	0.000000	89.000000	2.451133
948	47.603613	7.842237	0.000000	89.000000	2.477720
949	47.604948	7.810085	0.000000	89.000000	2.452863
950	47.596526	7.790941	0.000000	89.000000	2.488221
951	47.599110	7.796794	0.074906	89.000000	2.442927
952	47.602215	7.786274	0.000000	89.000000	2.461245
953	47.593793	7.837092	0.000000	89.000000	2.458253
954	47.602397	7.851674	0.074906	89.000000	2.466311
955	47.602254	7.824195	0.074906	89.000000	2.480217
956	47.607833	7.789122	0.000000	89.000000	2.446769
957	47.608191	7.819293	0.074906	89.000000	2.488950
958	47.606549	7.818821	0.000000	89.000000	2.449912
959	47.604388	7.808645	0.000000	89.000000	2.456717
960	47.603351	7.798045	0.000000	89.000000	2.489057
961	47.607011	7.787645	0.000000	89.000000	2.435680
962	47.610044	7.793082	0.000000	89.000000	2.492275
963	47.609228	7.804669	0.074906	89.000000	2.458828
964	47.613561	7.838266	0.074906	89.000000	2.463303
965	47.612047	7.849963	0.000000	89.000000	2.449739
966	47.605506	7.798992	0.000000	89.000000	2.456464
967	47.604516	7.785272	0.074906	89.000000	2.481995
968	47.605807	7.781425	0.074906	89.000000	2.445823
969	47.603339	7.809901	0.074906	89.000000	2.471147
970	47.610173	7.818736	0.074906	89.000000	2.459048
971	47.605130	7.798270	0.074906	89.000000	2.477327
972	47.601992	7.833305	0.074906	89.000000	2.435686
973	47.602695	7.796010	0.074906	89.000000	2.466771
974	47.604868	7.803041	0.074906	89.000000	2.486483
975	47.607461	7.824437	0.074906	89.000000	2.449368
976	47.606283	7.819067	0.074906	89.000000	2.485364
977	47.607470	7.765299	0.074906	89.000000	2.451037
978	47.614285	7.803282	0.074906	89.000000	2.475366
979	47.608250	7.748596	0.074906	89.000000	2.438884
980	47.615433	7.791295	0.074906	89.000000	2.460631
981	47.613758	7.787047	0.074906	89.000000	2.458079
982	47.609240	7.804859	0.074906	89.000000	2.489542
983	47.611377	7.813278	0.074906	89.000000	2.467283
984	47.608203	7.778762	0.000000	89.000000	2.456837
985	47.615057	7.802110	0.000000	89.000000	2.476931
986	47.609931	7.831123	0.000000	89.000000	2.452076
987	47.609875	7.813879	0.074906	89.000000	2.452047
988	47.608665	7.817976	0.000000	89.000000	2.479417
989	47.615987	7.806112	0.074906	89.000000	2.469576
990	47.611392	7.802748	0.074906	89.000000	2.464976
991	47.616124	7.846580	0.000000	89.000000	2.457089
992	47.615993	7.818167	0.000000	89.000000	2.469709
993	47.616243	7.810766	0.000000	89.000000	2.456637
994	47.618610	7.836744	0.000000	89.000000	2.448123
995	47.618532	7.784930	0.000000	89.000000	2.484923
996	47.610360	7.835295	0.000000	89.000000	2.464466
997	47.612590	7.836602	0.074906	89.000000	2.468592
998	47.615251	7.811228	0.000000	89.000000	2.470219
999	47.614551	7.855784	0.000000	89.000000	2.462353
1000	47.611812	7.799793	0.000000	89.000000	2.478708
1001	47.618759	7.788147	0.000000	89.000000	2.423921
1002	47.613680	7.788753	0.000000	89.000000	2.473115
1003	47.614622	7.818690	0.074906	89.000000	2.470928
1004	47.603613	7.806163	0.000000	89.000000	2.460484
1005	47.608483	7.788125	0.000000	89.000000	2.452374
1006	47.606546	7.792867	0.074906	89.000000	2.475426
1007	47.606492	7.764206	0.074906	89.000000	2.447238
1008	47.607875	7.779257	0.000000	89.000000	2.456227
1009	47.608447	7.798436	0.000000	89.000000	2.467959
1010	47.610703	7.812027	0.000000	89.000000	2.455961
1011	47.610927	7.837770	0.000000	89.000000	2.485848
1012	47.610664	7.778433	0.074906	89.000000	2.449895
1013	47.604913	7.809446	0.074906	89.000000	2.477623
1014	47.614044	7.842254	0.000000	89.000000	2.432528
1015	47.618544	7.858825	0.074906	89.000000	2.475674
1016	47.618142	7.847531	0.000000	89.000000	2.437628
1017	47.619224	7.849864	0.000000	89.000000	2.467316
1018	47.611278	7.841215	0.074906	89.000000	2.455688
1019	47.614193	7.839263	0.074906	89.000000	2.475305
1020	47.614998	7.840505	0.074906	89.000000	2.453318
1021	47.619727	7.844477	0.074906	89.000000	2.449594
1022	47.611910	7.780813	0.074906	89.000000	2.474481
1023	47.619408	7.817544	0.074906	89.000000	2.454656
1024	47.618783	7.810610	0.074906	89.000000	2.482989
1025	47.610652	7.792309	0.074906	89.000000	2.457603
1026	47.608557	7.764931	0.074906	89.000000	2.473304
1027	47.613272	7.824623	0.074906	89.000000	2.456152
1028	47.611856	7.793337	0.074906	89.000000	2.445513
1029	47.616506	7.789728	0.074906	89.000000	2.457866
1030	47.614998	7.761874	0.074906	89.000000	2.464439
1031	47.617793	7.805273	0.074906	89.000000	2.478992
1032	47.614622	7.819301	0.074906	89.000000	2.453065
1033	47.616768	7.808979	0.074906	89.000000	2.485422
1034	47.617692	7.852444	0.074906	89.000000	2.456234
1035	47.618657	7.818392	0.074906	89.000000	2.447631
1036	47.611678	7.798930	0.074906	89.000000	2.489125
1037	47.614634	7.808499	0.074906	89.000000	2.475130
1038	47.619370	7.795283	0.074906	89.000000	2.458857
1039	47.608086	7.838150	0.074906	89.000000	2.463813
1040	47.615707	7.817830	0.074906	89.000000	2.459398
1041	47.619164	7.828267	0.074906	89.000000	2.459254
1042	47.612286	7.821790	0.149813	89.000000	2.448373
1043	47.616419	7.816647	0.149813	89.000000	2.486230
1044	47.611812	7.827349	0.074906	89.000000	2.443265
1045	47.612983	7.861709	0.149813	89.000000	2.479174
1046	47.613734	7.840738	0.074906	89.000000	2.464043
1047	47.611910	7.841417	0.074906	89.000000	2.468278
1048	47.616917	7.878208	0.074906	89.000000	2.459032
1049	47.611892	7.813033	0.074906	89.000000	2.441272
1050	47.610196	7.853406	0.074906	89.000000	2.487945
1051	47.603723	7.834138	0.074906	89.000000	2.459979
1052	47.603798	7.830685	0.074906	89.000000	2.471448
1053	47.612810	7.897613	0.074906	89.000000	2.469974
1054	47.610036	7.848302	0.074906	89.000000	2.458466
1055	47.614604	7.886150	0.074906	89.000000	2.480527
1056	47.615424	7.854688	0.074906	89.000000	2.426657
1057	47.615153	7.859143	0.074906	89.000000	2.482639
1058	47.612697	7.863960	0.074906	89.000000	2.433009
1059	47.611102	7.848109	0.074906	89.000000	2.483282
1060	47.614428	7.856155	0.074906	89.000000	2.456563
1061	47.613621	7.868460	0.074906	89.000000	2.479394
1062	47.612458	7.892791	0.074906	89.000000	2.455987
1063	47.620445	7.905495	0.074906	89.000000	2.447209
1064	47.610533	7.833798	0.074906	89.000000	2.480168
1065	47.610277	7.837287	0.074906	89.000000	2.445332
1066	47.607699	7.862832	0.074906	89.000000	2.477657
1067	47.608930	7.830950	0.074906	89.000000	2.444929
1068	47.607899	7.849642	0.074906	89.000000	2.488651
1069	47.611153	7.827869	0.074906	89.000000	2.428798
1070	47.618717	7.805624	0.074906	89.000000	2.470583
1071	47.612378	7.844992	0.000000	89.000000	2.458575
1072	47.611403	7.884473	0.074906	89.000000	2.465459
1073	47.614276	7.890968	0.074906	89.000000	2.476174
1074	47.614378	7.876434	0.000000	89.000000	2.462040
1075	47.614780	7.872717	0.074906	89.000000	2.480168
1076	47.616893	7.839590	0.074906	89.000000	2.430393
1077	47.615474	7.804565	0.000000	89.000000	2.482322
1078	47.614378	7.876588	0.074906	89.000000	2.486198
1079	47.610182	7.867452	0.000000	89.000000	2.458110
1080	47.610253	7.899363	0.000000	89.000000	2.466318
1081	47.612053	7.895669	0.000000	89.000000	2.479373
1082	47.612187	7.879276	0.000000	89.000000	2.466548
1083	47.610411	7.855189	0.000000	89.000000	2.492973
1084	47.605452	7.852253	0.000000	89.000000	2.472866
1085	47.607177	7.905261	0.000000	89.000000	2.438828
1086	47.611529	7.904683	0.000000	89.000000	2.461682
1087	47.611707	7.889881	0.000000	89.000000	2.460946
1088	47.610754	7.894867	0.000000	89.000000	2.478698
1089	47.605890	7.868150	0.000000	89.000000	2.461498
1090	47.608346	7.906000	0.000000	89.000000	2.473032
1091	47.605270	7.874001	0.000000	89.000000	2.476905
1092	47.613239	7.873786	0.000000	89.000000	2.439581
1093	47.608903	7.851147	0.000000	89.000000	2.466032
1094	47.610676	7.834478	0.000000	89.000000	2.466165
1095	47.608092	7.862512	0.000000	89.000000	2.469158
1096	47.608837	7.872852	0.000000	89.000000	2.466471
1097	47.612861	7.843563	0.000000	89.000000	2.457566
1098	47.612017	7.845942	0.000000	89.000000	2.469279
1099	47.613966	7.822797	0.000000	89.000000	2.438727
1100	47.611928	7.835427	0.000000	89.000000	2.451487
1101	47.606573	7.874692	0.000000	89.000000	2.464458
1102	47.609603	7.882374	0.074906	89.000000	2.482334
1103	47.601742	7.870234	0.074906	89.000000	2.463332
1104	47.601768	7.895341	0.074906	89.000000	2.472918
1105	47.609901	7.856654	0.000000	89.000000	2.470686
1106	47.610298	7.925862	0.074906	89.000000	2.449190
1107	47.607940	7.907622	0.074906	89.000000	2.472531
1108	47.610313	7.854632	0.000000	89.000000	2.460425
1109	47.610378	7.863572	0.000000	89.000000	2.467997
1110	47.612906	7.854320	0.000000	89.000000	2.475808
1111	47.612256	7.850385	0.000000	89.000000	2.457376
1112	47.611034	7.836248	0.000000	89.000000	2.488049
1113	47.613102	7.856445	0.074906	89.000000	2.463453
1114	47.618568	7.868394	0.000000	89.000000	2.250948
1115	47.661856	7.872340	0.074906	89.000000	2.221196
1116	47.662657	7.880182	0.074906	89.000000	2.214800
1117	47.662848	7.881525	0.074906	89.000000	2.303030
1118	47.662607	7.882255	0.074906	89.000000	2.277937
1119	47.662923	7.881483	0.074906	89.000000	2.227135
1120	47.662902	7.881479	0.074906	89.000000	2.287165
1121	47.663075	7.883610	0.074906	89.000000	2.259098
1122	47.663128	7.884802	0.074906	89.000000	2.258930
1123	47.662979	7.886418	0.074906	89.000000	2.284347
1124	47.663161	7.885380	0.074906	89.000000	2.243525
1125	47.663131	7.885194	0.074906	89.000000	2.304417
1126	47.663146	7.885250	0.074906	89.000000	2.310182
1127	47.663146	7.885250	0.074906	89.000000	2.299294
1128	47.663146	7.885250	0.074906	89.000000	2.285066
1129	47.663146	7.885250	0.074906	89.000000	2.243532
1130	47.663146	7.885250	0.074906	89.000000	2.275325
1131	47.663146	7.885250	0.074906	89.000000	2.255684
1132	47.663146	7.885250	0.074906	89.000000	2.260360
1133	47.663146	7.885250	0.074906	89.000000	2.278470
1134	47.663146	7.885250	0.074906	89.000000	2.249973
1135	47.663146	7.885250	0.074906	89.000000	2.299290
1136	47.663146	7.885250	0.074906	89.000000	2.309081
1137	47.663146	7.885250	0.074906	89.000000	2.243302
1138	47.663146	7.885250	0.074906	89.000000	2.289234
1139	47.663146	7.885250	0.074906	89.000000	2.263891
1140	47.663146	7.885250	0.074906	89.000000	2.225252
1141	47.663146	7.885250	0.074906	89.000000	2.268557
1142	47.663146	7.885250	0.074906	89.000000	2.239097
1143	47.663146	7.885250	0.074906	89.000000	2.275705
1144	47.663146	7.885250	0.074906	89.000000	2.224395
1145	47.663146	7.885250	0.074906	89.000000	2.217578
1146	47.663146	7.885250	0.074906	89.000000	2.242788
1147	47.663146	7.885250	0.074906	89.000000	2.293663
1148	47.663146	7.885250	0.074906	89.000000	2.265263
1149	47.663146	7.885250	0.074906	89.000000	2.259753
1150	47.663146	7.885250	0.074906	89.000000	2.253546
1151	47.663146	7.885250	0.074906	89.000000	2.252409
1152	47.663146	7.885250	0.074906	89.000000	2.261050
1153	47.663146	7.885250	0.074906	89.000000	2.291076
1154	47.663146	7.885250	0.074906	89.000000	2.257955
1155	47.663146	7.885250	0.074906	89.000000	2.280780
1156	47.663146	7.885250	0.074906	89.000000	2.303330
1157	47.663146	7.885250	0.074906	89.000000	2.273467
1158	47.663146	7.885250	0.074906	89.000000	2.315460
1159	47.663146	7.885250	0.074906	89.000000	2.221673
1160	47.663146	7.885250	0.074906	89.000000	2.227728
1161	47.663146	7.885250	0.074906	89.000000	2.276433
1162	47.663146	7.885250	0.074906	89.000000	2.227503
1163	47.663146	7.885250	0.074906	89.000000	2.280950
1164	47.663146	7.885250	0.074906	89.000000	2.231554
1165	47.663146	7.885250	0.074906	89.000000	2.283422
1166	47.663146	7.885250	0.074906	89.000000	2.295488
1167	47.663146	7.885250	0.074906	89.000000	2.245833
1168	47.663146	7.885250	0.074906	89.000000	2.296121
1169	47.663146	7.885250	0.074906	89.000000	2.310776
1170	47.663146	7.885250	0.074906	89.000000	2.307130
1171	47.663146	7.885250	0.074906	89.000000	2.278460
