1	27.061594	2.330271	0.000000	89.000000	2.402253
2	32.382053	3.373333	0.000000	89.000000	2.468407
3	37.063617	3.504758	0.000000	89.000000	2.462225
4	39.832234	3.598308	0.000000	89.000000	2.478386
5	41.423082	3.363723	0.000000	89.000000	2.480502
6	42.404747	3.260301	0.000000	89.000000	2.456820
7	43.059117	3.277996	0.000000	89.000000	2.481906
8	43.534756	3.280323	0.000000	89.000000	2.497627
9	43.870401	3.207235	0.000000	89.000000	2.501965
10	44.142622	3.138638	0.000000	89.000000	2.474731
11	44.372731	3.089270	0.000000	89.000000	2.452274
12	44.579965	3.129710	0.000000	89.000000	2.471154
13	44.755012	3.106610	0.000000	89.000000	2.438561
14	44.872439	2.997899	0.000000	89.000000	2.482329
15	44.988406	2.967657	0.000000	89.000000	2.478050
16	45.128667	2.886718	0.000000	89.000000	2.490847
17	45.215642	2.993650	0.000000	89.000000	2.496653
18	45.282373	2.969726	0.000000	89.000000	2.480708
19	45.353109	2.883996	0.000000	89.000000	2.486411
20	45.398301	2.850753	0.000000	89.000000	2.475313
21	45.459875	2.919039	0.000000	89.000000	2.473873
22	45.511246	2.908172	0.000000	89.000000	2.492368
23	45.548022	2.844097	0.000000	89.000000	2.463599
24	45.567968	2.813393	0.000000	89.000000	2.454020
25	45.587379	2.909777	0.000000	89.000000	2.475077
26	45.604551	2.834628	0.000000	89.000000	2.502309
27	45.633459	2.858945	0.000000	89.000000	2.516680
28	45.657563	2.881182	0.000000	89.000000	2.509132
29	45.684671	2.725236	0.000000	89.000000	2.497659
30	45.708901	2.810718	0.000000	89.000000	2.532466
31	45.741922	2.789557	0.000000	89.000000	2.509949
32	45.770746	2.890828	0.000000	89.000000	2.500057
33	45.777944	2.821992	0.000000	89.000000	2.470807
34	45.813668	2.819263	0.000000	89.000000	2.459255
35	45.819062	2.870029	0.000000	89.000000	2.494310
36	45.850992	2.855211	0.000000	89.000000	2.505331
37	45.869303	2.969643	0.000000	89.000000	2.497585
38	45.882034	2.972432	0.000000	89.000000	2.496732
39	45.890900	2.918176	0.000000	89.000000	2.446810
40	45.911050	2.952211	0.000000	89.000000	2.476823
41	45.937222	2.864014	0.000000	89.000000	2.506988
42	45.951158	2.899077	0.000000	89.000000	2.492678
43	45.955208	2.921957	0.000000	89.000000	2.496778
44	45.973027	2.998685	0.000000	89.000000	2.506500
45	45.988885	2.989410	0.000000	89.000000	2.501107
46	45.996845	2.927434	0.000000	89.000000	2.509605
47	46.008795	2.915645	0.000000	89.000000	2.511376
48	46.016788	2.948717	0.000000	89.000000	2.507221
49	46.008527	2.898750	0.000000	89.000000	2.513142
50	46.020615	2.889043	0.000000	89.000000	2.513438
51	46.045354	2.780127	0.000000	89.000000	2.495708
52	46.067211	2.755516	0.000000	89.000000	2.523135
53	46.071821	2.805283	0.000000	89.000000	2.462873
54	46.077782	2.808289	0.000000	89.000000	2.486866
55	46.086639	2.876124	0.000000	89.000000	2.483476
56	46.097258	2.816004	0.000000	89.000000	2.506825
57	46.102995	2.688766	0.000000	89.000000	2.506054
58	46.097231	2.848590	0.000000	89.000000	2.503948
59	46.095771	2.858816	0.000000	89.000000	2.503751
60	46.092454	2.842152	0.000000	89.000000	2.505756
61	46.113741	2.898875	0.000000	89.000000	2.493273
62	46.130449	2.955793	0.000000	89.000000	2.509161
63	46.135980	2.969881	0.000000	89.000000	2.502863
64	46.133709	2.985259	0.000000	89.000000	2.514360
65	46.135318	2.925724	0.000000	89.000000	2.498005
66	46.150607	2.936169	0.000000	89.000000	2.449975
67	46.137708	2.894468	0.000000	89.000000	2.488981
68	46.156487	2.990335	0.000000	89.000000	2.491121
69	46.149176	2.992689	0.000000	89.000000	2.508234
70	46.149933	2.990493	0.000000	89.000000	2.500712
71	46.162897	2.963618	0.000000	89.000000	2.509725
72	46.164674	3.016793	0.000000	89.000000	2.515635
73	46.160597	3.057434	0.000000	89.000000	2.504454
74	46.159557	3.066865	0.000000	89.000000	2.490469
75	46.183646	3.119353	0.000000	89.000000	2.494490
76	46.186379	3.133346	0.000000	89.000000	2.504186
77	46.160328	3.062671	0.000000	89.000000	2.489379
78	46.181929	3.073066	0.000000	89.000000	2.520375
79	46.175876	3.134037	0.000000	89.000000	2.508890
80	46.193284	3.075182	0.000000	89.000000	2.444710
81	46.183056	3.155463	0.000000	89.000000	2.486645
82	46.195525	3.047201	0.000000	89.000000	2.476334
83	46.191937	3.132634	0.000000	89.000000	2.475151
84	46.177948	3.114059	0.000000	89.000000	2.487076
85	46.190301	3.088893	0.000000	89.000000	2.503760
86	46.204546	3.079453	0.000000	89.000000	2.509582
87	46.207267	3.177373	0.000000	89.000000	2.511220
88	46.186066	3.071498	0.000000	89.000000	2.510064
89	46.196818	3.071335	0.000000	89.000000	2.514956
90	46.208590	3.092680	0.000000	89.000000	2.506962
91	46.195877	3.055466	0.000000	89.000000	2.489985
92	46.208221	3.117598	0.000000	89.000000	2.524881
93	46.197879	3.113152	0.000000	89.000000	2.500637
94	46.185082	3.173305	0.000000	89.000000	2.477887
95	46.212310	3.230545	0.000000	89.000000	2.494680
96	46.213982	3.187989	0.000000	89.000000	2.483060
97	46.209568	3.145736	0.000000	89.000000	2.490713
98	46.207070	3.240557	0.000000	89.000000	2.479016
99	46.213222	3.227123	0.000000	89.000000	2.498343
100	46.222705	3.271858	0.000000	89.000000	2.510344
101	46.211883	3.222458	0.000000	89.000000	2.511212
102	46.234566	3.146614	0.000000	89.000000	2.500422
103	46.239117	3.237841	0.000000	89.000000	2.515526
104	46.243104	3.272242	0.000000	89.000000	2.517327
105	46.232241	3.279934	0.000000	89.000000	2.522630
106	46.233550	3.260690	0.000000	89.000000	2.531751
107	46.250534	3.290280	0.000000	89.000000	2.523686
108	46.243715	3.272271	0.000000	89.000000	2.450687
109	46.240956	3.251116	0.000000	89.000000	2.482127
110	46.254224	3.162570	0.000000	89.000000	2.504879
111	46.259117	3.283089	0.000000	89.000000	2.487600
112	46.265590	3.259577	0.000000	89.000000	2.490273
113	46.254885	3.387317	0.000000	89.000000	2.535861
114	46.270704	3.328123	0.000000	89.000000	2.507496
115	46.277303	3.357017	0.000000	89.000000	2.508715
116	46.282256	3.350622	0.000000	89.000000	2.511455
117	46.271792	3.308472	0.000000	89.000000	2.504106
118	46.266648	3.411608	0.000000	89.000000	2.516078
119	46.280915	3.426755	0.000000	89.000000	2.504017
120	46.285695	3.417083	0.000000	89.000000	2.511257
121	46.285480	3.400738	0.000000	89.000000	2.508916
122	46.279326	3.445992	0.000000	89.000000	2.494689
123	46.287385	3.511795	0.000000	89.000000	2.507211
124	46.285853	3.606252	0.000000	89.000000	2.508675
125	46.293789	3.497514	0.000000	89.000000	2.488907
126	46.288279	3.471857	0.000000	89.000000	2.507205
127	46.288460	3.529621	0.000000	89.000000	2.505742
128	46.285015	3.472430	0.000000	89.000000	2.448844
129	46.283206	3.469901	0.000000	89.000000	2.470569
130	46.301317	3.389641	0.000000	89.000000	2.513056
131	46.310744	3.461436	0.000000	89.000000	2.505277
132	46.296018	3.443234	0.000000	89.000000	2.515026
133	46.289784	3.451280	0.000000	89.000000	2.505289
134	46.283635	3.429879	0.000000	89.000000	2.510130
135	46.288949	3.492859	0.000000	89.000000	2.506328
136	46.298885	3.526601	0.000000	89.000000	2.497279
137	46.299237	3.536009	0.000000	89.000000	2.494007
138	46.300846	3.510902	0.000000	89.000000	2.487965
139	46.316251	3.444070	0.000000	89.000000	2.538419
140	46.293521	3.532861	0.000000	89.000000	2.505223
141	46.294659	3.610004	0.000000	89.000000	2.505964
142	46.298984	3.586051	0.000000	89.000000	2.507738
143	46.299285	3.618642	0.000000	89.000000	2.468656
144	46.312135	3.607990	0.000000	89.000000	2.464679
145	46.314454	3.644495	0.000000	89.000000	2.476545
146	46.319434	3.646967	0.000000	89.000000	2.521739
147	46.314198	3.524115	0.000000	89.000000	2.486853
148	46.314624	3.538618	0.000000	89.000000	2.511302
149	46.327937	3.498265	0.000000	89.000000	2.490874
150	46.318001	3.517970	0.000000	89.000000	2.507301
151	46.338600	3.547094	0.000000	89.000000	2.493047
152	46.332681	3.519350	0.000000	89.000000	2.496372
153	46.324229	3.543887	0.000000	89.000000	2.486557
154	46.324277	3.502994	0.000000	89.000000	2.477740
155	46.314925	3.467824	0.000000	89.000000	2.488405
156	46.330965	3.483325	0.000000	89.000000	2.480718
157	46.319467	3.546015	0.000000	89.000000	2.484823
158	46.326110	3.538890	0.000000	89.000000	2.507144
159	46.322364	3.506116	0.000000	89.000000	2.495488
160	46.331447	3.591910	0.000000	89.000000	2.517501
161	46.330783	3.538644	0.000000	89.000000	2.499184
162	46.315813	3.449781	0.000000	89.000000	2.480814
163	46.311849	3.540965	0.000000	89.000000	2.489178
164	46.319190	3.537227	0.000000	89.000000	2.501054
165	46.326727	3.584664	0.000000	89.000000	2.489356
166	46.337658	3.582948	0.000000	89.000000	2.463817
167	46.324158	3.618056	0.000000	89.000000	2.483651
168	46.323738	3.592339	0.000000	89.000000	2.503732
169	46.320361	3.570741	0.000000	89.000000	2.498742
170	46.330249	3.585968	0.000000	89.000000	2.462105
171	46.332914	3.556696	0.000000	89.000000	2.461013
172	46.327692	3.613429	0.000000	89.000000	2.462973
173	46.332702	3.551804	0.000000	89.000000	2.507741
174	46.323401	3.669428	0.000000	89.000000	2.514473
175	46.328259	3.686906	0.000000	89.000000	2.522822
176	46.327013	3.645816	0.000000	89.000000	2.491331
177	46.322477	3.550775	0.000000	89.000000	2.446204
178	46.315509	3.528472	0.000000	89.000000	2.488958
179	46.319860	3.626920	0.000000	89.000000	2.494492
180	46.314454	3.570909	0.000000	89.000000	2.496441
181	46.320462	3.676042	0.000000	89.000000	2.497543
182	46.317592	3.628898	0.000000	89.000000	2.514853
183	46.325958	3.540225	0.000000	89.000000	2.492428
184	46.329606	3.528225	0.000000	89.000000	2.479098
185	46.320069	3.492504	0.000000	89.000000	2.475335
186	46.308976	3.552064	0.000000	89.000000	2.488878
187	46.314156	3.650845	0.074906	89.000000	2.474709
188	46.310425	3.580769	0.000000	89.000000	2.464703
189	46.319616	3.467982	0.000000	89.000000	2.504541
190	46.297795	3.629816	0.000000	89.000000	2.508278
191	46.312284	3.687736	0.000000	89.000000	2.503734
192	46.306136	3.564055	0.000000	89.000000	2.494568
193	46.313846	3.616815	0.000000	89.000000	2.469097
194	46.318167	3.587793	0.000000	89.000000	2.470310
195	46.321079	3.473048	0.000000	89.000000	2.476054
196	46.330243	3.391578	0.000000	89.000000	2.482825
197	46.331891	3.470846	0.000000	89.000000	2.452744
198	46.331501	3.512407	0.000000	89.000000	2.492859
199	46.332788	3.505123	0.000000	89.000000	2.484208
200	46.314821	3.521676	0.000000	89.000000	2.463628
201	46.319079	3.605059	0.000000	89.000000	2.507528
202	46.319127	3.561238	0.000000	89.000000	2.519537
203	46.499366	3.539871	0.000000	89.000000	2.501372
204	46.558118	3.512069	0.000000	89.000000	2.476909
205	46.568686	3.598825	0.000000	89.000000	2.485528
206	46.593744	3.541020	0.000000	89.000000	2.476484
207	46.612224	3.561113	0.000000	89.000000	2.491738
208	46.614450	3.475562	0.000000	89.000000	2.482872
209	46.628013	3.510380	0.000000	89.000000	2.503163
210	46.631521	3.517867	0.000000	89.000000	2.500627
211	46.629587	3.573765	0.000000	89.000000	2.501931
212	46.639422	3.657137	0.000000	89.000000	2.506642
213	46.647519	3.622148	0.000000	89.000000	2.502244
214	46.648216	3.596602	0.000000	89.000000	2.509918
215	46.649903	3.622153	0.000000	89.000000	2.498276
216	46.663362	3.680282	0.000000	89.000000	2.519281
217	46.661887	3.705571	0.000000	89.000000	2.486159
218	46.663398	3.681925	0.000000	89.000000	2.479075
219	46.662062	3.716189	0.000000	89.000000	2.484407
220	46.660686	3.658849	0.000000	89.000000	2.475420
221	46.666184	3.685898	0.000000	89.000000	2.505113
222	46.670449	3.622946	0.000000	89.000000	2.504013
223	46.676743	3.588289	0.000000	89.000000	2.508974
224	46.675277	3.574525	0.000000	89.000000	2.493265
225	46.680975	3.599807	0.000000	89.000000	2.480511
226	46.680450	3.605075	0.000000	89.000000	2.450334
227	46.690768	3.606264	0.000000	89.000000	2.489196
228	46.686327	3.594773	0.000000	89.000000	2.499218
229	46.680272	3.602587	0.000000	89.000000	2.492150
230	46.678144	3.626947	0.000000	89.000000	2.511796
231	46.677852	3.658325	0.000000	89.000000	2.541993
232	46.682891	3.579870	0.000000	89.000000	2.490282
233	46.694338	3.728277	0.000000	89.000000	2.458577
234	46.678203	3.701065	0.000000	89.000000	2.461721
235	46.691108	3.653919	0.000000	89.000000	2.508986
236	46.694076	3.603797	0.000000	89.000000	2.511023
237	46.699786	3.642273	0.000000	89.000000	2.509290
238	46.705478	3.578310	0.000000	89.000000	2.506332
239	46.701205	3.609300	0.000000	89.000000	2.507134
240	46.714270	3.664742	0.000000	89.000000	2.504228
241	46.725756	3.689464	0.000000	89.000000	2.501897
242	46.732223	3.610825	0.000000	89.000000	2.479442
243	46.717829	3.647721	0.000000	89.000000	2.518831
244	46.721995	3.655181	0.000000	89.000000	2.519990
245	46.711737	3.719417	0.000000	89.000000	2.482988
246	46.706879	3.718749	0.000000	89.000000	2.442472
247	46.714422	3.725069	0.000000	89.000000	2.488847
248	46.711141	3.666847	0.000000	89.000000	2.509804
249	46.705550	3.736267	0.000000	89.000000	2.498570
250	46.723115	3.747022	0.000000	89.000000	2.493002
251	46.722504	3.676026	0.000000	89.000000	2.486130
252	46.710134	3.655644	0.000000	89.000000	2.481637
253	46.725318	3.653878	0.000000	89.000000	2.470520
254	46.721181	3.692086	0.000000	89.000000	2.490049
255	46.730214	3.714005	0.000000	89.000000	2.479037
256	46.739534	3.787147	0.000000	89.000000	2.491912
257	46.734399	3.718118	0.000000	89.000000	2.481360
258	46.752733	3.743260	0.000000	89.000000	2.502265
259	46.752751	3.718097	0.000000	89.000000	2.497199
260	46.765751	3.764202	0.000000	89.000000	2.497274
261	46.767211	3.795633	0.000000	89.000000	2.487366
262	46.773344	3.856745	0.000000	89.000000	2.471211
263	46.772540	3.851989	0.000000	89.000000	2.484607
264	46.774590	3.803313	0.000000	89.000000	2.474898
265	46.771097	3.820434	0.000000	89.000000	2.482555
266	46.786627	3.864610	0.000000	89.000000	2.442125
267	46.792823	3.849024	0.000000	89.000000	2.493493
268	46.790186	3.865926	0.000000	89.000000	2.484201
269	46.779066	3.858471	0.000000	89.000000	2.497801
270	46.792173	3.840463	0.000000	89.000000	2.493904
271	46.796751	3.829405	0.000000	89.000000	2.518782
272	46.799964	3.774645	0.000000	89.000000	2.482223
273	46.796665	3.740372	0.000000	89.000000	2.472364
274	46.808460	3.779049	0.000000	89.000000	2.495649
275	46.796727	3.840814	0.000000	89.000000	2.484478
276	46.801859	3.860460	0.000000	89.000000	2.473590
277	46.790996	3.787320	0.000000	89.000000	2.499224
278	46.801576	3.826090	0.000000	89.000000	2.490413
279	46.807879	3.873729	0.000000	89.000000	2.495347
280	46.802664	3.874929	0.000000	89.000000	2.462771
281	46.807772	3.842193	0.000000	89.000000	2.461774
282	46.793312	3.761898	0.000000	89.000000	2.476416
283	46.800131	3.852644	0.000000	89.000000	2.503514
284	46.814042	3.781142	0.000000	89.000000	2.473628
285	46.797794	3.838607	0.000000	89.000000	2.489105
286	46.794617	3.773784	0.000000	89.000000	2.477373
287	46.799639	3.777495	0.000000	89.000000	2.498080
288	46.798497	3.800920	0.000000	89.000000	2.496932
289	46.801418	3.847953	0.000000	89.000000	2.485840
290	46.800897	3.821352	0.000000	89.000000	2.492839
291	46.818513	3.839860	0.000000	89.000000	2.497211
292	46.815059	3.850996	0.000000	89.000000	2.493439
293	46.817130	3.835689	0.000000	89.000000	2.478781
294	46.831152	3.824709	0.000000	89.000000	2.461133
295	46.811861	3.840941	0.000000	89.000000	2.472048
296	46.806753	3.850774	0.000000	89.000000	2.460478
297	46.800649	3.841365	0.000000	89.000000	2.449469
298	46.802774	3.871754	0.000000	89.000000	2.499361
299	46.802577	3.879792	0.000000	89.000000	2.498309
300	46.814364	3.795563	0.000000	89.000000	2.427591
301	46.816218	3.827466	0.000000	89.000000	2.489002
302	46.817383	3.777570	0.000000	89.000000	2.472628
303	46.802154	3.800728	0.000000	89.000000	2.475528
304	46.809608	3.890321	0.000000	89.000000	2.484719
305	46.819028	3.840492	0.000000	89.000000	2.485156
306	46.810877	3.887662	0.000000	89.000000	2.469857
307	46.811420	3.842404	0.000000	89.000000	2.463900
308	46.805903	3.822899	0.000000	89.000000	2.484511
309	46.808726	3.863496	0.000000	89.000000	2.459035
310	46.815178	3.829270	0.000000	89.000000	2.476876
311	46.816361	3.863053	0.000000	89.000000	2.491797
312	46.816304	3.843812	0.000000	89.000000	2.485311
313	46.827835	3.859106	0.000000	89.000000	2.494314
314	46.821785	3.814402	0.000000	89.000000	2.481995
315	46.815139	3.805999	0.000000	89.000000	2.502436
316	46.819413	3.694765	0.000000	89.000000	2.486928
317	46.822760	3.725146	0.000000	89.000000	2.502974
318	46.829206	3.775381	0.000000	89.000000	2.498111
319	46.824133	3.769634	0.000000	89.000000	2.518405
320	46.827728	3.773928	0.000000	89.000000	2.488587
321	46.833062	3.835905	0.000000	89.000000	2.471914
322	46.838987	3.851223	0.000000	89.000000	2.492530
323	46.831897	3.877020	0.000000	89.000000	2.472534
324	46.817267	3.852744	0.000000	89.000000	2.500259
325	46.809876	3.891016	0.000000	89.000000	2.487036
326	46.798483	3.892813	0.000000	89.000000	2.472323
327	46.799493	3.883646	0.000000	89.000000	2.458744
328	46.792454	3.968455	0.000000	89.000000	2.482230
329	46.804601	3.861398	0.000000	89.000000	2.463333
330	46.800366	3.848536	0.000000	89.000000	2.494481
331	46.808457	3.870773	0.000000	89.000000	2.485263
332	46.815753	3.931284	0.000000	89.000000	2.501156
333	46.818030	3.977270	0.000000	89.000000	2.502693
334	46.823496	3.983537	0.000000	89.000000	2.491406
335	46.826187	3.955399	0.000000	89.000000	2.491547
336	46.818781	3.858403	0.000000	89.000000	2.519332
337	46.818399	3.880044	0.000000	89.000000	2.505726
338	46.810547	3.877845	0.000000	89.000000	2.485095
339	46.808475	3.863299	0.000000	89.000000	2.520834
340	46.814018	3.899701	0.000000	89.000000	2.506619
341	46.806824	3.959140	0.000000	89.000000	2.502852
342	46.795243	3.921853	0.000000	89.000000	2.501398
343	46.806595	3.865776	0.000000	89.000000	2.502873
344	46.796149	3.925932	0.000000	89.000000	2.475040
345	46.813542	3.961338	0.000000	89.000000	2.488409
346	46.808669	3.828528	0.000000	89.000000	2.497025
347	46.802041	3.837813	0.000000	89.000000	2.499557
348	46.805310	3.816629	0.000000	89.000000	2.497229
349	46.798751	3.790010	0.000000	89.000000	2.491326
350	46.789932	3.759817	0.000000	89.000000	2.488710
351	46.799827	3.807476	0.000000	89.000000	2.517763
352	46.808183	3.877286	0.000000	89.000000	2.497320
353	46.809453	3.847819	0.000000	89.000000	2.497096
354	46.812207	3.871430	0.000000	89.000000	2.525259
355	46.804011	3.839973	0.000000	89.000000	2.483728
356	46.807200	3.901299	0.000000	89.000000	2.471442
357	46.810114	3.806993	0.000000	89.000000	2.481832
358	46.790862	3.775554	0.000000	89.000000	2.465194
359	46.804994	3.811896	0.000000	89.000000	2.483997
360	46.791363	3.784317	0.000000	89.000000	2.487200
361	46.791089	3.753614	0.000000	89.000000	2.468689
362	46.805909	3.764773	0.000000	89.000000	2.473996
363	46.810567	3.803493	0.000000	89.000000	2.469752
364	46.806324	3.802325	0.000000	89.000000	2.476537
365	46.818191	3.781649	0.000000	89.000000	2.469803
366	46.809307	3.778897	0.000000	89.000000	2.487873
367	46.820736	3.755100	0.000000	89.000000	2.504586
368	46.806782	3.731273	0.000000	89.000000	2.505023
369	46.799666	3.718480	0.000000	89.000000	2.525070
370	46.813834	3.708179	0.000000	89.000000	2.500181
371	46.834910	3.775223	0.000000	89.000000	2.508319
372	46.826577	3.817764	0.000000	89.000000	2.506674
373	46.823817	3.794350	0.000000	89.000000	2.518242
374	47.001004	3.755059	0.000000	89.000000	2.496050
375	47.043672	3.713480	0.000000	89.000000	2.510267
376	47.071570	3.795647	0.000000	89.000000	2.502285
377	47.086215	3.779657	0.000000	89.000000	2.513690
378	47.087938	3.786360	0.000000	89.000000	2.508491
379	47.095218	3.780249	0.000000	89.000000	2.506339
380	47.108990	3.845786	0.000000	89.000000	2.502973
381	47.112638	3.806168	0.000000	89.000000	2.510561
382	47.116888	3.747167	0.000000	89.000000	2.505666
383	47.115371	3.773914	0.000000	89.000000	2.485487
384	47.124130	3.759953	0.000000	89.000000	2.465336
385	47.120574	3.808159	0.000000	89.000000	2.469770
386	47.124192	3.843598	0.000000	89.000000	2.498886
387	47.126997	3.768850	0.000000	89.000000	2.515441
388	47.134280	3.789163	0.000000	89.000000	2.504232
389	47.133359	3.786779	0.000000	89.000000	2.510807
390	47.141081	3.765533	0.000000	89.000000	2.503316
391	47.147155	3.762981	0.000000	89.000000	2.506266
392	47.152787	3.733108	0.000000	89.000000	2.505635
393	47.151315	3.765298	0.000000	89.000000	2.504178
394	47.152472	3.771563	0.000000	89.000000	2.497556
395	47.149038	3.769061	0.000000	89.000000	2.501132
396	47.144115	3.739859	0.000000	89.000000	2.446417
397	47.140566	3.796546	0.000000	89.000000	2.472231
398	47.140789	3.833727	0.000000	89.000000	2.493952
399	47.145438	3.728751	0.000000	89.000000	2.499902
400	47.149611	3.730121	0.000000	89.000000	2.503997
401	47.149295	3.794245	0.000000	89.000000	2.506779
402	47.158849	3.775928	0.000000	89.000000	2.490027
403	47.165847	3.744130	0.000000	89.000000	2.485986
404	47.150096	3.767287	0.000000	89.000000	2.468479
405	47.154146	3.757944	0.000000	89.000000	2.489952
406	47.163326	3.767898	0.000000	89.000000	2.478302
407	47.165209	3.817859	0.000000	89.000000	2.475041
408	47.156173	3.760258	0.000000	89.000000	2.505051
409	47.157827	3.785569	0.000000	89.000000	2.505183
410	47.166377	3.791652	0.000000	89.000000	2.507688
411	47.168851	3.769551	0.000000	89.000000	2.490610
412	47.167984	3.721713	0.000000	89.000000	2.497084
413	47.157478	3.755182	0.000000	89.000000	2.506040
414	47.166938	3.793043	0.000000	89.000000	2.506621
415	47.160226	3.798083	0.000000	89.000000	2.508698
416	47.152144	3.764776	0.000000	89.000000	2.491194
417	47.146285	3.861925	0.000000	89.000000	2.487047
418	47.150224	3.858053	0.000000	89.000000	2.487617
419	47.156209	3.776782	0.000000	89.000000	2.472241
420	47.152126	3.787285	0.000000	89.000000	2.496788
421	47.146297	3.788023	0.000000	89.000000	2.501587
422	47.147176	3.784618	0.000000	89.000000	2.505252
423	47.161949	3.786502	0.000000	89.000000	2.509518
424	47.155160	3.802813	0.000000	89.000000	2.501526
425	47.150058	3.792047	0.000000	89.000000	2.494687
426	47.163376	3.834706	0.000000	89.000000	2.473447
427	47.155687	3.754405	0.000000	89.000000	2.465096
428	47.159165	3.728259	0.000000	89.000000	2.490324
429	47.161907	3.752208	0.000000	89.000000	2.490458
430	47.155595	3.799127	0.000000	89.000000	2.485142
431	47.172004	3.809845	0.000000	89.000000	2.442795
432	47.166175	3.764533	0.000000	89.000000	2.493209
433	47.157758	3.718324	0.000000	89.000000	2.499534
434	47.171322	3.769700	0.000000	89.000000	2.498552
435	47.157067	3.733149	0.000000	89.000000	2.513234
436	47.154838	3.781379	0.000000	89.000000	2.523170
437	47.158438	3.763415	0.000000	89.000000	2.491241
438	47.164232	3.708528	0.000000	89.000000	2.522337
439	47.160092	3.766537	0.000000	89.000000	2.470165
440	47.158325	3.681694	0.000000	89.000000	2.483193
441	47.152185	3.773225	0.000000	89.000000	2.477718
442	47.147876	3.765883	0.000000	89.000000	2.488559
443	47.154751	3.803530	0.000000	89.000000	2.502147
444	47.157943	3.790400	0.000000	89.000000	2.484977
445	47.154072	3.759504	0.000000	89.000000	2.477221
446	47.164389	3.745895	0.000000	89.000000	2.493553
447	47.159445	3.741888	0.000000	89.000000	2.492591
448	47.168151	3.751583	0.000000	89.000000	2.515016
449	47.160566	3.745592	0.000000	89.000000	2.492129
450	47.150689	3.720033	0.000000	89.000000	2.510661
451	47.149861	3.745448	0.000000	89.000000	2.486412
452	47.156882	3.797065	0.000000	89.000000	2.466184
453	47.158685	3.790436	0.000000	89.000000	2.471619
454	47.161025	3.766652	0.000000	89.000000	2.498045
455	47.168130	3.678483	0.000000	89.000000	2.461717
456	47.164905	3.713518	0.000000	89.000000	2.464970
457	47.167754	3.674594	0.000000	89.000000	2.486917
458	47.165242	3.763883	0.000000	89.000000	2.464428
459	47.156757	3.711078	0.000000	89.000000	2.492265
460	47.150743	3.785206	0.000000	89.000000	2.472155
461	47.154844	3.803785	0.000000	89.000000	2.494897
462	47.163188	3.724567	0.000000	89.000000	2.496281
463	47.158685	3.774465	0.000000	89.000000	2.495344
464	47.171542	3.763363	0.000000	89.000000	2.498615
465	47.166672	3.701222	0.000000	89.000000	2.491821
466	47.163427	3.634520	0.000000	89.000000	2.489926
467	47.161067	3.645437	0.000000	89.000000	2.512194
468	47.185478	3.603543	0.000000	89.000000	2.515593
469	47.184938	3.651325	0.000000	89.000000	2.510038
470	47.182989	3.602456	0.000000	89.000000	2.522993
471	47.178698	3.620472	0.000000	89.000000	2.502887
472	47.168922	3.628922	0.000000	89.000000	2.469100
473	47.165796	3.668650	0.000000	89.000000	2.475527
474	47.178471	3.678869	0.000000	89.000000	2.502980
475	47.166201	3.681917	0.000000	89.000000	2.480138
476	47.184357	3.621361	0.000000	89.000000	2.476344
477	47.183776	3.628169	0.000000	89.000000	2.502311
478	47.187200	3.604158	0.000000	89.000000	2.488933
479	47.193059	3.666249	0.000000	89.000000	2.499586
480	47.180033	3.581800	0.000000	89.000000	2.508961
481	47.178259	3.585129	0.000000	89.000000	2.504267
482	47.174454	3.683579	0.000000	89.000000	2.514044
483	47.179604	3.674846	0.000000	89.000000	2.504263
484	47.179437	3.711775	0.000000	89.000000	2.505568
485	47.191426	3.726191	0.000000	89.000000	2.490806
486	47.183740	3.703465	0.000000	89.000000	2.488461
487	47.182369	3.680638	0.000000	89.000000	2.459200
488	47.189689	3.704201	0.000000	89.000000	2.494026
489	47.168899	3.747109	0.000000	89.000000	2.495179
490	47.174829	3.693960	0.000000	89.000000	2.487075
491	47.173697	3.761990	0.000000	89.000000	2.454762
492	47.180861	3.767323	0.000000	89.000000	2.477944
493	47.182545	3.731272	0.000000	89.000000	2.481580
494	47.176778	3.706124	0.000000	89.000000	2.484699
495	47.174293	3.756888	0.000000	89.000000	2.468506
496	47.181293	3.693769	0.000000	89.000000	2.489181
497	47.188985	3.658500	0.000000	89.000000	2.494152
498	47.193539	3.676568	0.000000	89.000000	2.492239
499	47.185838	3.781668	0.000000	89.000000	2.504650
500	47.186372	3.747961	0.000000	89.000000	2.498714
501	47.179753	3.697831	0.000000	89.000000	2.487866
502	47.180963	3.742591	0.000000	89.000000	2.492368
503	47.177315	3.708429	0.000000	89.000000	2.499200
504	47.178471	3.687102	0.000000	89.000000	2.507794
505	47.183877	3.752873	0.000000	89.000000	2.515096
506	47.178334	3.721903	0.000000	89.000000	2.468985
507	47.173971	3.685398	0.000000	89.000000	2.493184
508	47.180343	3.733870	0.000000	89.000000	2.478328
509	47.177774	3.683988	0.000000	89.000000	2.469744
510	47.189516	3.725063	0.000000	89.000000	2.493124
511	47.186637	3.754059	0.000000	89.000000	2.485754
512	47.195762	3.770394	0.000000	89.000000	2.467841
513	47.203559	3.864022	0.000000	89.000000	2.473968
514	47.200453	3.860142	0.000000	89.000000	2.480610
515	47.198021	3.753273	0.000000	89.000000	2.464843
516	47.213486	3.809839	0.000000	89.000000	2.472423
517	47.188005	3.796078	0.000000	89.000000	2.484716
518	47.198424	3.761269	0.000000	89.000000	2.496040
519	47.202504	3.777079	0.000000	89.000000	2.489094
520	47.203004	3.746778	0.000000	89.000000	2.478816
521	47.196308	3.807370	0.000000	89.000000	2.484270
522	47.216797	3.803292	0.000000	89.000000	2.497495
523	47.200730	3.768888	0.000000	89.000000	2.511779
524	47.200665	3.797697	0.000000	89.000000	2.508775
525	47.209835	3.815882	0.000000	89.000000	2.498781
526	47.194803	3.787900	0.000000	89.000000	2.485801
527	47.198740	3.809092	0.000000	89.000000	2.448891
528	47.196680	3.787163	0.000000	89.000000	2.478126
529	47.178996	3.791593	0.000000	89.000000	2.424200
530	47.202593	3.720247	0.000000	89.000000	2.468023
531	47.197476	3.748053	0.000000	89.000000	2.470655
532	47.205728	3.751403	0.000000	89.000000	2.482998
533	47.207862	3.706749	0.000000	89.000000	2.484321
534	47.199559	3.663679	0.000000	89.000000	2.476914
535	47.204137	3.742718	0.000000	89.000000	2.448508
536	47.198030	3.720482	0.000000	89.000000	2.448855
537	47.211918	3.749041	0.000000	89.000000	2.450994
538	47.213969	3.691492	0.000000	89.000000	2.482659
539	47.209203	3.718810	0.000000	89.000000	2.474679
540	47.199485	3.735441	0.000000	89.000000	2.460893
541	47.204202	3.698425	0.000000	89.000000	2.451101
542	47.193724	3.754238	0.000000	89.000000	2.478151
543	47.213644	3.709500	0.000000	89.000000	2.462798
544	47.212312	3.788508	0.000000	89.000000	2.436864
545	47.215724	3.781381	0.000000	89.000000	2.485940
546	47.220519	3.727290	0.000000	89.000000	2.469542
547	47.215831	3.702417	0.000000	89.000000	2.467890
548	47.215858	3.641189	0.000000	89.000000	2.476446
549	47.212735	3.605938	0.000000	89.000000	2.452930
550	47.204858	3.677117	0.000000	89.000000	2.501698
551	47.214496	3.723745	0.000000	89.000000	2.483840
552	47.224626	3.695073	0.000000	89.000000	2.448484
553	47.220334	3.683366	0.000000	89.000000	2.483901
554	47.213003	3.779333	0.000000	89.000000	2.500278
555	47.208959	3.790606	0.000000	89.000000	2.504825
556	47.223097	3.723858	0.000000	89.000000	2.479520
557	47.212362	3.692126	0.000000	89.000000	2.512433
558	47.218838	3.723581	0.000000	89.000000	2.506573
559	47.211668	3.670973	0.000000	89.000000	2.505695
560	47.214898	3.645987	0.000000	89.000000	2.528818
561	47.213486	3.703553	0.000000	89.000000	2.510102
562	47.215047	3.713883	0.000000	89.000000	2.466886
563	47.227558	3.718737	0.000000	89.000000	2.453534
564	47.225606	3.693681	0.000000	89.000000	2.501030
565	47.213888	3.720123	0.000000	89.000000	2.510055
566	47.226077	3.788948	0.000000	89.000000	2.505980
567	47.210059	3.778093	0.000000	89.000000	2.504775
568	47.219110	3.773833	0.000000	89.000000	2.504537
569	47.220564	3.715317	0.000000	89.000000	2.509840
570	47.223127	3.765299	0.000000	89.000000	2.496659
571	47.234321	3.770739	0.000000	89.000000	2.500097
572	47.224805	3.717780	0.000000	89.000000	2.498100
573	47.216427	3.730075	0.000000	89.000000	2.499977
574	47.219959	3.788541	0.000000	89.000000	2.499571
575	47.227359	3.758612	0.000000	89.000000	2.432173
576	47.223896	3.830524	0.000000	89.000000	2.477214
577	47.225806	3.839441	0.000000	89.000000	2.476092
578	47.213256	3.817110	0.000000	89.000000	2.509168
579	47.222415	3.836331	0.000000	89.000000	2.495275
580	47.224557	3.812451	0.000000	89.000000	2.502331
581	47.230700	3.799332	0.000000	89.000000	2.507818
582	47.231960	3.808050	0.000000	89.000000	2.513242
583	47.231337	3.851824	0.000000	89.000000	2.471455
584	47.221464	3.804741	0.000000	89.000000	2.488257
585	47.230971	3.813479	0.000000	89.000000	2.485448
586	47.224790	3.793746	0.000000	89.000000	2.491677
587	47.224867	3.806399	0.000000	89.000000	2.482339
588	47.229961	3.767168	0.000000	89.000000	2.494923
589	47.227231	3.736544	0.000000	89.000000	2.496979
590	47.221881	3.769501	0.000000	89.000000	2.500919
591	47.221386	3.772487	0.000000	89.000000	2.486137
592	47.237194	3.732537	0.000000	89.000000	2.447631
593	47.229481	3.747580	0.000000	89.000000	2.490713
594	47.223473	3.823432	0.000000	89.000000	2.477637
595	47.206563	3.735904	0.000000	89.000000	2.451009
596	47.212094	3.840917	0.000000	89.000000	2.481298
597	47.215074	3.833297	0.000000	89.000000	2.480693
598	47.225949	3.799693	0.000000	89.000000	2.475132
599	47.228712	3.783608	0.000000	89.000000	2.498231
600	47.217524	3.878127	0.000000	89.000000	2.492798
601	47.226292	3.894747	0.000000	89.000000	2.504987
602	47.234255	3.854039	0.000000	89.000000	2.485763
603	47.237545	3.845771	0.000000	89.000000	2.485408
604	47.236741	3.820646	0.000000	89.000000	2.482207
605	47.224295	3.790332	0.000000	89.000000	2.491301
606	47.236693	3.786003	0.000000	89.000000	2.480349
607	47.228575	3.823347	0.000000	89.000000	2.441561
608	47.223121	3.804959	0.000000	89.000000	2.458567
609	47.222650	3.839482	0.000000	89.000000	2.453674
610	47.223228	3.799781	0.000000	89.000000	2.466672
611	47.222063	3.792855	0.000000	89.000000	2.475991
612	47.217727	3.804578	0.000000	89.000000	2.454897
613	47.220355	3.857356	0.000000	89.000000	2.479393
614	47.216141	3.841655	0.000000	89.000000	2.436155
615	47.232017	3.776840	0.000000	89.000000	2.471830
616	47.219706	3.786303	0.000000	89.000000	2.459820
617	47.227734	3.796369	0.000000	89.000000	2.460466
618	47.224557	3.861770	0.000000	89.000000	2.477435
619	47.230226	3.890949	0.000000	89.000000	2.451287
620	47.216493	3.906583	0.000000	89.000000	2.473032
621	47.221702	3.849427	0.000000	89.000000	2.429375
622	47.225398	3.839689	0.000000	89.000000	2.489383
623	47.220194	3.797142	0.000000	89.000000	2.463995
624	47.227973	3.772149	0.000000	89.000000	2.460669
625	47.212571	3.834197	0.000000	89.000000	2.465667
626	47.203967	3.803763	0.000000	89.000000	2.523107
627	47.215781	3.849348	0.000000	89.000000	2.487401
628	47.202089	3.838451	0.000000	89.000000	2.464454
629	47.211254	3.841332	0.000000	89.000000	2.489433
630	47.219619	3.852637	0.000000	89.000000	2.463754
631	47.213554	3.849334	0.000000	89.000000	2.455663
632	47.212887	3.817190	0.000000	89.000000	2.414599
633	47.208273	3.839800	0.000000	89.000000	2.475117
634	47.222495	3.815186	0.000000	89.000000	2.451494
635	47.206277	3.825890	0.000000	89.000000	2.477769
636	47.211903	3.746440	0.000000	89.000000	2.437644
637	47.215146	3.795412	0.000000	89.000000	2.455120
638	47.209358	3.846330	0.000000	89.000000	2.429639
639	47.218657	3.811234	0.000000	89.000000	2.483974
640	47.208726	3.767531	0.000000	89.000000	2.449928
641	47.213656	3.775193	0.000000	89.000000	2.462020
642	47.225508	3.749587	0.000000	89.000000	2.425925
643	47.227246	3.769957	0.000000	89.000000	2.475790
644	47.220838	3.772972	0.000000	89.000000	2.436852
645	47.215152	3.806997	0.000000	89.000000	2.458347
646	47.212297	3.839931	0.000000	89.000000	2.459439
647	47.207052	3.859129	0.000000	89.000000	2.441079
648	47.220200	3.847567	0.000000	89.000000	2.453029
649	47.226489	3.881455	0.000000	89.000000	2.458048
650	47.220999	3.885568	0.000000	89.000000	2.474660
651	47.210857	3.881727	0.000000	89.000000	2.473867
652	47.210300	3.879673	0.000000	89.000000	2.435466
653	47.211927	3.908214	0.000000	89.000000	2.409379
654	47.209519	3.878729	0.000000	89.000000	2.476966
655	47.374487	3.880800	0.000000	89.000000	2.452547
656	47.407252	3.925023	0.000000	89.000000	2.485942
657	47.427917	3.892612	0.000000	89.000000	2.448892
658	47.441083	3.867607	0.000000	89.000000	2.464321
659	47.448060	3.881376	0.000000	89.000000	2.426808
660	47.459346	3.870463	0.000000	89.000000	2.468563
661	47.460425	3.867099	0.000000	89.000000	2.460302
662	47.470322	3.854697	0.000000	89.000000	2.469597
663	47.466868	3.887913	0.000000	89.000000	2.477446
664	47.469771	3.852880	0.000000	89.000000	2.442073
665	47.475427	3.864042	0.000000	89.000000	2.441748
666	47.471040	3.848419	0.000000	89.000000	2.452973
667	47.474393	3.869711	0.000000	89.000000	2.457474
668	47.472733	3.860435	0.000000	89.000000	2.474327
669	47.473902	3.883524	0.000000	89.000000	2.484390
670	47.470346	3.887223	0.000000	89.000000	2.452033
671	47.474700	3.838275	0.000000	89.000000	2.473859
672	47.480059	3.823921	0.000000	89.000000	2.425202
673	47.478828	3.753494	0.000000	89.000000	2.460824
674	47.482958	3.757263	0.000000	89.000000	2.445903
675	47.477695	3.798312	0.000000	89.000000	2.491768
676	47.485852	3.838864	0.000000	89.000000	2.463197
677	47.482979	3.861960	0.000000	89.000000	2.449607
678	47.491980	3.838381	0.000000	89.000000	2.461708
679	47.483373	3.789739	0.000000	89.000000	2.441453
680	47.496814	3.822606	0.000000	89.000000	2.473531
681	47.498322	3.834681	0.000000	89.000000	2.474118
682	47.499964	3.830446	0.000000	89.000000	2.483235
683	47.494155	3.828268	0.000000	89.000000	2.459853
684	47.497779	3.853485	0.000000	89.000000	2.453304
685	47.499287	3.848369	0.000000	89.000000	2.469086
686	47.503680	3.846352	0.000000	89.000000	2.436228
687	47.501612	3.830490	0.000000	89.000000	2.477397
688	47.498015	3.845164	0.000000	89.000000	2.479866
689	47.493851	3.842277	0.000000	89.000000	2.483520
690	47.494787	3.849910	0.000000	89.000000	2.492538
691	47.497910	3.814652	0.000000	89.000000	2.475158
692	47.499609	3.856810	0.000000	89.000000	2.443949
693	47.496036	3.840314	0.000000	89.000000	2.417165
694	47.493833	3.811359	0.000000	89.000000	2.462664
695	47.496259	3.817268	0.000000	89.000000	2.457066
696	47.493711	3.837077	0.000000	89.000000	2.486351
697	47.497365	3.875738	0.000000	89.000000	2.463315
698	47.500509	3.857890	0.000000	89.000000	2.454487
699	47.506756	3.864139	0.000000	89.000000	2.487337
700	47.501820	3.844583	0.000000	89.000000	2.420701
701	47.505748	3.890039	0.000000	89.000000	2.463924
702	47.505969	3.873832	0.000000	89.000000	2.478076
703	47.504246	3.851005	0.000000	89.000000	2.483621
704	47.503814	3.846191	0.000000	89.000000	2.483089
705	47.497362	3.851598	0.000000	89.000000	2.457947
706	47.501245	3.836760	0.000000	89.000000	2.467655
707	47.497410	3.854478	0.000000	89.000000	2.427912
708	47.499907	3.819883	0.000000	89.000000	2.464716
709	47.499055	3.859716	0.000000	89.000000	2.465970
710	47.500300	3.851419	0.000000	89.000000	2.474026
711	47.498527	3.842193	0.000000	89.000000	2.476161
712	47.502172	3.864684	0.000000	89.000000	2.452823
713	47.500059	3.863768	0.000000	89.000000	2.487169
714	47.496119	3.891475	0.000000	89.000000	2.435422
715	47.502205	3.860317	0.000000	89.000000	2.472699
716	47.505009	3.861161	0.000000	89.000000	2.486239
717	47.506905	3.866273	0.000000	89.000000	2.453404
718	47.507560	3.839998	0.000000	89.000000	2.493898
719	47.499448	3.823068	0.000000	89.000000	2.495320
720	47.499594	3.848329	0.000000	89.000000	2.471226
721	47.506034	3.848630	0.000000	89.000000	2.450114
722	47.502923	3.828812	0.000000	89.000000	2.446280
723	47.508043	3.807932	0.000000	89.000000	2.462210
724	47.509229	3.807454	0.000000	89.000000	2.484488
725	47.513613	3.847815	0.000000	89.000000	2.481817
726	47.509128	3.861839	0.000000	89.000000	2.491557
727	47.506166	3.877768	0.000000	89.000000	2.462747
728	47.506559	3.883347	0.000000	89.000000	2.473251
729	47.505331	3.858252	0.000000	89.000000	2.454545
730	47.507775	3.863170	0.000000	89.000000	2.457216
731	47.512645	3.880197	0.000000	89.000000	2.442933
732	47.512305	3.929455	0.000000	89.000000	2.490676
733	47.515315	3.898089	0.000000	89.000000	2.451722
734	47.514316	3.825261	0.000000	89.000000	2.462749
735	47.516394	3.847963	0.000000	89.000000	2.448359
736	47.513196	3.826749	0.000000	89.000000	2.474597
737	47.511801	3.807589	0.000000	89.000000	2.425101
738	47.513747	3.820896	0.000000	89.000000	2.476276
739	47.512072	3.813166	0.000000	89.000000	2.461443
740	47.514266	3.804914	0.000000	89.000000	2.486040
741	47.518042	3.816018	0.000000	89.000000	2.463611
742	47.510719	3.825983	0.000000	89.000000	2.452090
743	47.512478	3.821895	0.000000	89.000000	2.487998
744	47.510895	3.796454	0.000000	89.000000	2.450475
745	47.511744	3.797774	0.000000	89.000000	2.448782
746	47.518289	3.750019	0.000000	89.000000	2.483553
747	47.518432	3.783446	0.000000	89.000000	2.467112
748	47.515202	3.804986	0.000000	89.000000	2.462130
749	47.517687	3.780316	0.000000	89.000000	2.453606
750	47.513497	3.804588	0.000000	89.000000	2.477746
751	47.519642	3.852945	0.000000	89.000000	2.432320
752	47.519287	3.826033	0.000000	89.000000	2.474119
753	47.516918	3.813104	0.000000	89.000000	2.481703
754	47.519428	3.869708	0.000000	89.000000	2.474573
755	47.523969	3.801926	0.000000	89.000000	2.460656
756	47.518724	3.873929	0.000000	89.000000	2.473089
757	47.523409	3.871609	0.000000	89.000000	2.463502
758	47.520140	3.884997	0.000000	89.000000	2.484927
759	47.514647	3.893556	0.000000	89.000000	2.434782
760	47.512218	3.890453	0.000000	89.000000	2.472690
761	47.517183	3.895966	0.000000	89.000000	2.488765
762	47.510484	3.845704	0.000000	89.000000	2.442945
763	47.509277	3.881434	0.000000	89.000000	2.475507
764	47.516495	3.874550	0.000000	89.000000	2.449773
765	47.517788	3.884848	0.000000	89.000000	2.483056
766	47.518072	3.875705	0.000000	89.000000	2.447416
767	47.524768	3.839272	0.000000	89.000000	2.469363
768	47.518161	3.840679	0.000000	89.000000	2.489867
769	47.515750	3.819340	0.000000	89.000000	2.438699
770	47.516775	3.817201	0.000000	89.000000	2.474780
771	47.522137	3.824998	0.000000	89.000000	2.472500
772	47.525465	3.808173	0.000000	89.000000	2.478099
773	47.527653	3.846460	0.000000	89.000000	2.478689
774	47.520864	3.846280	0.000000	89.000000	2.438975
775	47.522509	3.814913	0.000000	89.000000	2.473788
776	47.515297	3.808791	0.000000	89.000000	2.458908
777	47.524795	3.867871	0.000000	89.000000	2.463793
778	47.512335	3.826473	0.000000	89.000000	2.480524
779	47.519267	3.811810	0.000000	89.000000	2.461588
780	47.516197	3.817473	0.000000	89.000000	2.481132
781	47.519314	3.775453	0.000000	89.000000	2.475201
782	47.518224	3.813134	0.000000	89.000000	2.441744
783	47.522065	3.822952	0.000000	89.000000	2.464839
784	47.522327	3.814097	0.000000	89.000000	2.437319
785	47.522706	3.794655	0.000000	89.000000	2.482619
786	47.526890	3.819619	0.000000	89.000000	2.450658
787	47.521532	3.788602	0.000000	89.000000	2.479169
788	47.525376	3.849918	0.000000	89.000000	2.437411
789	47.518063	3.833813	0.000000	89.000000	2.468281
790	47.523397	3.834940	0.000000	89.000000	2.434987
791	47.522128	3.851955	0.000000	89.000000	2.475174
792	47.526693	3.842498	0.000000	89.000000	2.463132
793	47.525653	3.803287	0.000000	89.000000	2.469190
794	47.521704	3.823592	0.000000	89.000000	2.472120
795	47.519732	3.836487	0.000000	89.000000	2.440686
796	47.521895	3.805371	0.000000	89.000000	2.511955
797	47.527230	3.807064	0.000000	89.000000	2.490502
798	47.523004	3.826129	0.000000	89.000000	2.431406
799	47.527081	3.827665	0.000000	89.000000	2.479895
800	47.524762	3.805538	0.000000	89.000000	2.464516
801	47.526163	3.818493	0.000000	89.000000	2.475311
802	47.519550	3.806905	0.000000	89.000000	2.490396
803	47.523582	3.767420	0.000000	89.000000	2.483459
804	47.527865	3.805360	0.000000	89.000000	2.448793
805	47.525120	3.808722	0.000000	89.000000	2.484510
806	47.515589	3.804759	0.000000	89.000000	2.469634
807	47.521675	3.782285	0.000000	89.000000	2.469519
808	47.527111	3.792773	0.000000	89.000000	2.469952
809	47.527158	3.801307	0.000000	89.000000	2.489421
810	47.525978	3.802922	0.000000	89.000000	2.482665
811	47.529384	3.821699	0.000000	89.000000	2.486884
812	47.528827	3.822283	0.000000	89.000000	2.476903
813	47.527707	3.871411	0.000000	89.000000	2.467175
814	47.526655	3.806965	0.000000	89.000000	2.456092
815	47.525209	3.800461	0.000000	89.000000	2.471181
816	47.527534	3.817869	0.000000	89.000000	2.453049
817	47.528878	3.833977	0.000000	89.000000	2.481686
818	47.528297	3.790455	0.000000	89.000000	2.496999
819	47.528940	3.794494	0.000000	89.000000	2.512435
820	47.526100	3.833763	0.000000	89.000000	2.527942
821	47.532320	3.844786	0.000000	89.000000	2.480139
822	47.529730	3.861135	0.000000	89.000000	2.491613
823	47.534513	3.816731	0.000000	89.000000	2.467296
824	47.532833	3.852639	0.000000	89.000000	2.467436
825	47.533101	3.828238	0.000000	89.000000	2.462548
826	47.530055	3.850534	0.000000	89.000000	2.490048
827	47.536302	3.919507	0.000000	89.000000	2.480572
828	47.534904	3.917970	0.000000	89.000000	2.435302
829	47.529912	3.901617	0.000000	89.000000	2.464028
830	47.527310	3.861862	0.000000	89.000000	2.505213
831	47.536063	3.904127	0.000000	89.000000	2.463930
832	47.529587	3.886702	0.000000	89.000000	2.464222
833	47.530058	3.860486	0.000000	89.000000	2.465173
834	47.532886	3.815241	0.000000	89.000000	2.446321
835	47.532558	3.836036	0.000000	89.000000	2.435782
836	47.534972	3.800427	0.000000	89.000000	2.455150
837	47.530985	3.807439	0.000000	89.000000	2.453794
838	47.532803	3.819668	0.000000	89.000000	2.459584
839	47.537971	3.821631	0.000000	89.000000	2.446061
840	47.536710	3.864958	0.000000	89.000000	2.481796
841	47.541195	3.878085	0.000000	89.000000	2.424592
842	47.532743	3.891326	0.000000	89.000000	2.478235
843	47.528100	3.864276	0.000000	89.000000	2.469321
844	47.530127	3.904531	0.000000	89.000000	2.486618
845	47.525561	3.883011	0.000000	89.000000	2.463576
846	47.528994	3.885933	0.000000	89.000000	2.453717
847	47.528154	3.911142	0.000000	89.000000	2.461066
848	47.529277	3.895126	0.000000	89.000000	2.426612
849	47.537541	3.912380	0.000000	89.000000	2.475935
850	47.533077	3.899578	0.000000	89.000000	2.461822
851	47.527277	3.886863	0.000000	89.000000	2.481562
852	47.532329	3.902102	0.000000	89.000000	2.454979
853	47.537345	3.902646	0.000000	89.000000	2.451711
854	47.535735	3.889534	0.000000	89.000000	2.444906
855	47.538799	3.863577	0.000000	89.000000	2.450052
856	47.531563	3.893708	0.000000	89.000000	2.486127
857	47.541249	3.918038	0.000000	89.000000	2.459261
858	47.530848	3.907880	0.000000	89.000000	2.479390
859	47.530386	3.880177	0.000000	89.000000	2.468558
860	47.529286	3.912920	0.000000	89.000000	2.452368
861	47.535893	3.915662	0.000000	89.000000	2.419036
862	47.539729	3.935308	0.000000	89.000000	2.473942
863	47.535330	3.942430	0.000000	89.000000	2.480456
864	47.546148	3.897438	0.000000	89.000000	2.477267
865	47.537780	3.916562	0.000000	89.000000	2.487146
866	47.543085	3.894113	0.000000	89.000000	2.477665
867	47.542453	3.873894	0.000000	89.000000	2.449268
868	47.544304	3.858843	0.000000	89.000000	2.477347
869	47.542220	3.885597	0.000000	89.000000	2.425513
870	47.542065	3.878217	0.000000	89.000000	2.474798
871	47.541624	3.869963	0.000000	89.000000	2.447339
872	47.536695	3.923125	0.000000	89.000000	2.489531
873	47.537524	3.843949	0.000000	89.000000	2.478176
874	47.537082	3.875248	0.000000	89.000000	2.448353
875	47.539139	3.868082	0.000000	89.000000	2.478852
876	47.535926	3.867698	0.000000	89.000000	2.426683
877	47.542569	3.877703	0.000000	89.000000	2.464702
878	47.544020	3.898971	0.000000	89.000000	2.467308
879	47.542945	3.907133	0.000000	89.000000	2.476174
880	47.542346	3.888190	0.000000	89.000000	2.469335
881	47.538084	3.930292	0.000000	89.000000	2.446434
882	47.540256	3.899001	0.000000	89.000000	2.419913
883	47.534537	3.926258	0.000000	89.000000	2.474891
884	47.538096	3.861991	0.000000	89.000000	2.471487
885	47.543919	3.839181	0.000000	89.000000	2.475430
886	47.538871	3.844366	0.000000	89.000000	2.475032
887	47.536063	3.849692	0.000000	89.000000	2.446321
888	47.540909	3.866596	0.000000	89.000000	2.479080
889	47.534305	3.907758	0.000000	89.000000	2.429152
890	47.542462	3.860667	0.000000	89.000000	2.468922
891	47.540355	3.881857	0.000000	89.000000	2.476633
892	47.544396	3.899014	0.000000	89.000000	2.472528
893	47.544730	3.866664	0.000000	89.000000	2.482041
894	47.557002	3.893264	0.000000	89.000000	2.465774
895	47.546703	3.868881	0.000000	89.000000	2.455129
896	47.551173	3.855548	0.000000	89.000000	2.441474
897	47.542638	3.853182	0.000000	89.000000	2.463917
898	47.543520	3.845044	0.000000	89.000000	2.479559
899	47.541803	3.830588	0.000000	89.000000	2.473629
900	47.548828	3.843899	0.000000	89.000000	2.470478
901	47.542810	3.819444	0.000000	89.000000	2.479037
902	47.541857	3.807347	0.000000	89.000000	2.441741
903	47.544396	3.845347	0.000000	89.000000	2.421633
904	47.547472	3.823781	0.000000	89.000000	2.459929
905	47.547767	3.794139	0.000000	89.000000	2.446226
906	47.543025	3.836656	0.000000	89.000000	2.474809
907	47.545820	3.880920	0.000000	89.000000	2.442643
908	47.548896	3.881797	0.000000	89.000000	2.470432
909	47.545284	3.856125	0.000000	89.000000	2.420728
910	47.543558	3.859774	0.000000	89.000000	2.472196
911	47.539198	3.883475	0.000000	89.000000	2.458321
912	47.541431	3.893266	0.000000	89.000000	2.487435
913	47.547251	3.882767	0.000000	89.000000	2.493792
914	47.545272	3.926107	0.000000	89.000000	2.440879
915	47.546268	3.900511	0.000000	89.000000	2.481018
916	47.542483	3.905889	0.000000	89.000000	2.411438
917	47.549143	3.900839	0.000000	89.000000	2.470307
918	47.533464	3.887895	0.000000	89.000000	2.460835
919	47.542274	3.909764	0.000000	89.000000	2.472152
920	47.542936	3.903681	0.000000	89.000000	2.455226
921	47.539890	3.892921	0.000000	89.000000	2.460291
922	47.545266	3.905422	0.000000	89.000000	2.414988
923	47.548157	3.932312	0.000000	89.000000	2.447273
924	47.543252	3.916308	0.000000	89.000000	2.479834
925	47.543257	3.949113	0.000000	89.000000	2.475872
926	47.541678	3.925267	0.000000	89.000000	2.438548
927	47.543746	3.949578	0.000000	89.000000	2.470911
928	47.543317	3.964084	0.000000	89.000000	2.445574
929	47.539872	3.960847	0.000000	89.000000	2.464391
930	47.540259	3.947356	0.000000	89.000000	2.455490
931	47.538155	3.942302	0.000000	89.000000	2.477778
932	47.541016	3.945598	0.000000	89.000000	2.454501
933	47.539377	3.903231	0.000000	89.000000	2.456104
934	47.544697	3.940761	0.000000	89.000000	2.469901
935	47.544470	3.921002	0.000000	89.000000	2.470529
936	47.540811	3.955466	0.000000	89.000000	2.473222
937	47.544426	3.963762	0.000000	89.000000	2.474371
938	47.546071	3.946071	0.000000	89.000000	2.470696
939	47.544140	3.941138	0.000000	89.000000	2.476413
940	47.545445	3.941750	0.000000	89.000000	2.440145
941	47.546297	3.944065	0.000000	89.000000	2.457555
942	47.546801	3.964047	0.000000	89.000000	2.447206
943	47.551042	3.930405	0.000000	89.000000	2.462807
944	47.543848	3.914990	0.000000	89.000000	2.453406
945	47.545987	3.930936	0.000000	89.000000	2.274502
946	47.594166	3.935727	0.000000	89.000000	2.239705
947	47.596887	3.949856	0.000000	89.000000	2.292856
948	47.596991	3.952097	0.000000	89.000000	2.271854
949	47.597203	3.956049	0.000000	89.000000	2.282069
950	47.597826	3.956114	0.000000	89.000000	2.257379
951	47.597718	3.955023	0.000000	89.000000	2.273972
952	47.597426	3.955293	0.000000	89.000000	2.252265
953	47.597700	3.954834	0.000000	89.000000	2.248508
954	47.597718	3.954735	0.000000	89.000000	2.262886
955	47.597784	3.954942	0.000000	89.000000	2.209137
956	47.597831	3.954914	0.000000	89.000000	2.255290
957	47.597784	3.954965	0.000000	89.000000	2.293472
958	47.597781	3.954678	0.000000	89.000000	2.244648
959	47.597766	3.954298	0.000000	89.000000	2.217029
960	47.597766	3.954298	0.000000	89.000000	2.266593
961	47.597766	3.954298	0.000000	89.000000	2.255481
962	47.597766	3.954298	0.000000	89.000000	2.261537
963	47.597766	3.954298	0.000000	89.000000	2.249680
964	47.597766	3.954298	0.000000	89.000000	2.272470
965	47.597766	3.954298	0.000000	89.000000	2.222276
966	47.597766	3.954298	0.000000	89.000000	2.214239
967	47.597766	3.954298	0.000000	89.000000	2.250133
968	47.597766	3.954298	0.000000	89.000000	2.263484
969	47.597766	3.954298	0.000000	89.000000	2.208400
970	47.597766	3.954298	0.000000	89.000000	2.273783
971	47.597766	3.954298	0.000000	89.000000	2.306345
972	47.597766	3.954298	0.000000	89.000000	2.237689
973	47.597766	3.954298	0.000000	89.000000	2.277309
974	47.597766	3.954298	0.000000	89.000000	2.220464
975	47.597766	3.954298	0.000000	89.000000	2.213932
976	47.597766	3.954298	0.000000	89.000000	2.236134
977	47.597766	3.954298	0.000000	89.000000	2.280034
978	47.597766	3.954298	0.000000	89.000000	2.267206
979	47.597766	3.954298	0.000000	89.000000	2.247199
980	47.597766	3.954298	0.000000	89.000000	2.276893
981	47.597766	3.954298	0.000000	89.000000	2.222229
982	47.597766	3.954298	0.000000	89.000000	2.215893
983	47.597766	3.954298	0.000000	89.000000	2.252116
984	47.597766	3.954298	0.000000	89.000000	2.263067
985	47.597766	3.954298	0.000000	89.000000	2.269971
986	47.597766	3.954298	0.000000	89.000000	2.235344
987	47.597766	3.954298	0.000000	89.000000	2.279836
988	47.597766	3.954298	0.000000	89.000000	2.221845
989	47.597766	3.954298	0.000000	89.000000	2.214575
990	47.597766	3.954298	0.000000	89.000000	2.251663
991	47.597766	3.954298	0.000000	89.000000	2.261823
992	47.597766	3.954298	0.000000	89.000000	2.256755
993	47.597766	3.954298	0.000000	89.000000	2.262652
994	47.597766	3.954298	0.000000	89.000000	2.267085
995	47.597766	3.954298	0.000000	89.000000	2.235018
996	47.597766	3.954298	0.000000	89.000000	2.259730
997	47.597766	3.954298	0.000000	89.000000	2.236367
998	47.597766	3.954298	0.000000	89.000000	2.221243
999	47.597766	3.954298	0.000000	89.000000	2.211082
1000	47.597766	3.954298	0.000000	89.000000	2.277102
