1	26.907572	1.773696	0.000000	89.000000	2.375969
2	32.575813	2.420356	0.000000	89.000000	2.413671
3	36.945099	2.380863	0.000000	89.000000	2.430847
4	39.696172	1.976334	0.000000	89.000000	2.455284
5	41.282848	1.503689	0.000000	89.000000	2.422844
6	42.260343	1.334518	0.000000	89.000000	2.408486
7	42.867643	1.209725	0.000000	89.000000	2.422089
8	43.323016	1.170988	0.000000	89.000000	2.403322
9	43.677297	1.071653	0.000000	89.000000	2.443612
10	43.954289	0.975649	0.000000	89.000000	2.467414
11	44.153628	0.973192	0.000000	89.000000	2.428394
12	44.331843	0.923507	0.000000	89.000000	2.439342
13	44.469845	0.999300	0.000000	89.000000	2.436001
14	44.576129	1.037651	0.000000	89.000000	2.443337
15	44.659203	1.086633	0.000000	89.000000	2.469538
16	44.780421	1.072558	0.000000	89.000000	2.430102
17	44.865093	0.924213	0.000000	89.000000	2.438385
18	44.951886	0.827287	0.000000	89.000000	2.453964
19	45.032617	0.858559	0.000000	89.000000	2.440385
20	45.147097	0.784645	0.000000	89.000000	2.466488
21	45.213789	0.784723	0.000000	89.000000	2.427641
22	45.274121	0.840555	0.000000	89.000000	2.434572
23	45.331189	0.832357	0.000000	89.000000	2.455676
24	45.382428	0.761550	0.000000	89.000000	2.445416
25	45.435071	0.673543	0.000000	89.000000	2.475033
26	45.499891	0.604820	0.000000	89.000000	2.425127
27	45.574164	0.582717	0.000000	89.000000	2.406683
28	45.638555	0.555627	0.000000	89.000000	2.466360
29	45.692235	0.463562	0.000000	89.000000	2.447275
30	45.767367	0.470894	0.000000	89.000000	2.416756
31	45.806268	0.417057	0.000000	89.000000	2.462188
32	45.842379	0.356311	0.000000	89.000000	2.426223
33	45.877737	0.350853	0.000000	89.000000	2.425570
34	45.907211	0.469471	0.000000	89.000000	2.411131
35	45.926648	0.453696	0.000000	89.000000	2.468222
36	45.965186	0.515706	0.000000	89.000000	2.455719
37	45.980114	0.475661	0.000000	89.000000	2.482093
38	45.989090	0.510020	0.000000	89.000000	2.457369
39	45.987719	0.578487	0.000000	89.000000	2.452915
40	46.002012	0.503681	0.000000	89.000000	2.412897
41	46.027035	0.497220	0.000000	89.000000	2.437937
42	46.022925	0.571198	0.000000	89.000000	2.477906
43	46.035433	0.489500	0.000000	89.000000	2.470972
44	46.042398	0.429713	0.000000	89.000000	2.441203
45	46.046913	0.407305	0.000000	89.000000	2.463369
46	46.048337	0.440703	0.000000	89.000000	2.441349
47	46.048886	0.338121	0.000000	89.000000	2.445513
48	46.068966	0.380148	0.000000	89.000000	2.472161
49	46.067011	0.402443	0.000000	89.000000	2.476389
50	46.062565	0.413638	0.000000	89.000000	2.437498
51	46.074912	0.371517	0.000000	89.000000	2.426701
52	46.070552	0.333385	0.000000	89.000000	2.466282
53	46.092430	0.383066	0.000000	89.000000	2.457511
54	46.079895	0.373133	0.000000	89.000000	2.478348
55	46.094263	0.396085	0.000000	89.000000	2.473504
56	46.094716	0.419581	0.000000	89.000000	2.436185
57	46.106422	0.475852	0.000000	89.000000	2.444339
58	46.102223	0.487093	0.000000	89.000000	2.462620
59	46.093124	0.405036	0.000000	89.000000	2.480353
60	46.075547	0.439388	0.000000	89.000000	2.445049
61	46.112549	0.400919	0.000000	89.000000	2.488123
62	46.117488	0.427436	0.000000	89.000000	2.427321
63	46.099091	0.401136	0.000000	89.000000	2.452498
64	46.102613	0.490598	0.000000	89.000000	2.468725
65	46.100381	0.465008	0.000000	89.000000	2.467904
66	46.096283	0.385147	0.000000	89.000000	2.463281
67	46.116844	0.339346	0.000000	89.000000	2.474143
68	46.122688	0.379832	0.000000	89.000000	2.481043
69	46.125740	0.403624	0.000000	89.000000	2.431556
70	46.122730	0.368225	0.000000	89.000000	2.443224
71	46.114489	0.354908	0.000000	89.000000	2.459753
72	46.116620	0.436923	0.000000	89.000000	2.472643
73	46.104524	0.447915	0.000000	89.000000	2.451336
74	46.102601	0.382997	0.000000	89.000000	2.480828
75	46.111906	0.393328	0.000000	89.000000	2.431172
76	46.098828	0.459020	0.000000	89.000000	2.448424
77	46.108463	0.459176	0.000000	89.000000	2.455010
78	46.109077	0.666243	0.000000	89.000000	2.480968
79	46.097195	0.651055	0.000000	89.000000	2.449746
80	46.096522	0.537654	0.000000	89.000000	2.493098
81	46.122664	0.586871	0.000000	89.000000	2.475700
82	46.113330	0.568979	0.000000	89.000000	2.437188
83	46.118528	0.631224	0.000000	89.000000	2.421543
84	46.118426	0.614218	0.000000	89.000000	2.469521
85	46.122339	0.633035	0.000000	89.000000	2.449441
86	46.124780	0.649401	0.000000	89.000000	2.485770
87	46.125782	0.639646	0.000000	89.000000	2.486713
88	46.131742	0.684995	0.000000	89.000000	2.430013
89	46.131933	0.658804	0.000000	89.000000	2.426457
90	46.128649	0.561873	0.000000	89.000000	2.463329
91	46.146393	0.597740	0.000000	89.000000	2.447800
92	46.165347	0.619219	0.000000	89.000000	2.479309
93	46.170032	0.586177	0.000000	89.000000	2.440382
94	46.169332	0.712082	0.000000	89.000000	2.460476
95	46.175098	0.754682	0.000000	89.000000	2.426695
96	46.179742	0.666286	0.000000	89.000000	2.480933
97	46.172646	0.649435	0.000000	89.000000	2.444635
98	46.176368	0.681640	0.000000	89.000000	2.476170
99	46.180731	0.635451	0.000000	89.000000	2.416382
100	46.191525	0.634184	0.000000	89.000000	2.474483
101	46.204108	0.622573	0.000000	89.000000	2.475298
102	46.209222	0.655172	0.000000	89.000000	2.457952
103	46.207121	0.623086	0.000000	89.000000	2.449722
104	46.208081	0.619060	0.000000	89.000000	2.463236
105	46.200919	0.588531	0.000000	89.000000	2.417119
106	46.204653	0.566570	0.000000	89.000000	2.480241
107	46.205097	0.586538	0.000000	89.000000	2.463407
108	46.230769	0.601678	0.000000	89.000000	2.490320
109	46.222237	0.605857	0.000000	89.000000	2.477894
110	46.235079	0.598401	0.000000	89.000000	2.451943
111	46.247604	0.596577	0.000000	89.000000	2.475156
112	46.242711	0.598345	0.000000	89.000000	2.421338
113	46.237871	0.499035	0.000000	89.000000	2.466564
114	46.249241	0.487033	0.000000	89.000000	2.455805
115	46.241829	0.568048	0.000000	89.000000	2.484097
116	46.261847	0.608981	0.000000	89.000000	2.477119
117	46.249825	0.585197	0.000000	89.000000	2.449598
118	46.245101	0.587362	0.000000	89.000000	2.472360
119	46.265072	0.612922	0.000000	89.000000	2.424032
120	46.263930	0.614777	0.000000	89.000000	2.476761
121	46.264255	0.581244	0.000000	89.000000	2.475131
122	46.264461	0.612070	0.000000	89.000000	2.489355
123	46.272248	0.573471	0.000000	89.000000	2.467120
124	46.266013	0.568435	0.000000	89.000000	2.448400
125	46.272892	0.636361	0.000000	89.000000	2.472728
126	46.278572	0.603418	0.000000	89.000000	2.421404
127	46.282792	0.599511	0.000000	89.000000	2.478139
128	46.294183	0.515605	0.000000	89.000000	2.466385
129	46.275711	0.558128	0.000000	89.000000	2.487277
130	46.291572	0.557550	0.000000	89.000000	2.472078
131	46.289933	0.518481	0.000000	89.000000	2.437150
132	46.291083	0.529758	0.000000	89.000000	2.477117
133	46.285543	0.542762	0.000000	89.000000	2.421110
134	46.293020	0.525420	0.000000	89.000000	2.466703
135	46.306437	0.567130	0.000000	89.000000	2.482192
136	46.305040	0.629355	0.000000	89.000000	2.489110
137	46.316195	0.684494	0.000000	89.000000	2.471929
138	46.324748	0.620369	0.000000	89.000000	2.433499
139	46.339417	0.625178	0.000000	89.000000	2.454171
140	46.331868	0.639342	0.000000	89.000000	2.440428
141	46.328995	0.559587	0.000000	89.000000	2.468716
142	46.354315	0.483078	0.000000	89.000000	2.479468
143	46.342611	0.581198	0.000000	89.000000	2.480256
144	46.340036	0.640162	0.000000	89.000000	2.472652
145	46.338218	0.674591	0.000000	89.000000	2.449969
146	46.344605	0.589228	0.000000	89.000000	2.464647
147	46.327564	0.502857	0.000000	89.000000	2.438978
148	46.347082	0.575624	0.000000	89.000000	2.475558
149	46.339497	0.593168	0.000000	89.000000	2.472954
150	46.334654	0.605756	0.000000	89.000000	2.479237
151	46.345738	0.547155	0.000000	89.000000	2.479351
152	46.333230	0.508603	0.000000	89.000000	2.451005
153	46.347293	0.478981	0.000000	89.000000	2.480802
154	46.355158	0.639816	0.000000	89.000000	2.436809
155	46.344608	0.568398	0.000000	89.000000	2.461465
156	46.327877	0.541846	0.000000	89.000000	2.453116
157	46.313143	0.496899	0.000000	89.000000	2.483700
158	46.340084	0.421500	0.000000	89.000000	2.477459
159	46.334285	0.506696	0.000000	89.000000	2.443037
160	46.336770	0.551561	0.000000	89.000000	2.473659
161	46.334010	0.605229	0.000000	89.000000	2.426298
162	46.340132	0.558717	0.000000	89.000000	2.478192
163	46.342602	0.586144	0.000000	89.000000	2.460512
164	46.343064	0.582422	0.000000	89.000000	2.469830
165	46.334493	0.614364	0.000000	89.000000	2.447482
166	46.335447	0.509162	0.000000	89.000000	2.475250
167	46.336979	0.499439	0.000000	89.000000	2.430545
168	46.328926	0.521467	0.000000	89.000000	2.468268
169	46.331316	0.497747	0.000000	89.000000	2.480508
170	46.327329	0.601032	0.000000	89.000000	2.493114
171	46.349463	0.602936	0.000000	89.000000	2.459198
172	46.343184	0.589315	0.000000	89.000000	2.474431
173	46.340227	0.535367	0.000000	89.000000	2.450294
174	46.341550	0.622912	0.000000	89.000000	2.474736
175	46.339858	0.491807	0.000000	89.000000	2.426369
176	46.359736	0.492523	0.000000	89.000000	2.514512
177	46.367115	0.567837	0.000000	89.000000	2.484537
178	46.343899	0.507169	0.000000	89.000000	2.451581
179	46.335116	0.484481	0.000000	89.000000	2.458751
180	46.335292	0.496285	0.000000	89.000000	2.445383
181	46.341351	0.604061	0.000000	89.000000	2.482834
182	46.357879	0.601401	0.000000	89.000000	2.445740
183	46.353674	0.486944	0.000000	89.000000	2.454769
184	46.356082	0.420509	0.000000	89.000000	2.455776
185	46.364775	0.522018	0.000000	89.000000	2.454660
186	46.365923	0.560384	0.000000	89.000000	2.446191
187	46.371934	0.442185	0.000000	89.000000	2.478048
188	46.369147	0.507277	0.000000	89.000000	2.427006
189	46.362454	0.471173	0.000000	89.000000	2.465065
190	46.359551	0.514225	0.000000	89.000000	2.458154
191	46.367496	0.531536	0.000000	89.000000	2.485646
192	46.365789	0.558146	0.000000	89.000000	2.473979
193	46.354020	0.471421	0.000000	89.000000	2.442675
194	46.351373	0.514140	0.000000	89.000000	2.464297
195	46.352100	0.560940	0.000000	89.000000	2.433215
196	46.364903	0.455797	0.000000	89.000000	2.478199
197	46.373308	0.490339	0.000000	89.000000	2.465389
198	46.373367	0.569811	0.000000	89.000000	2.485554
199	46.373934	0.510823	0.000000	89.000000	2.489171
200	46.356529	0.564389	0.000000	89.000000	2.473250
201	46.366048	0.620570	0.000000	89.000000	2.442218
202	46.363080	0.550149	0.000000	89.000000	2.424520
203	46.370438	0.482069	0.000000	89.000000	2.479688
204	46.361101	0.493180	0.000000	89.000000	2.483714
205	46.365988	0.483642	0.000000	89.000000	2.464669
206	46.365654	0.499619	0.000000	89.000000	2.461567
207	46.366286	0.522094	0.000000	89.000000	2.439944
208	46.361709	0.530373	0.000000	89.000000	2.478245
209	46.366045	0.513494	0.000000	89.000000	2.416086
210	46.361944	0.424463	0.000000	89.000000	2.474489
211	46.351844	0.405148	0.000000	89.000000	2.455106
212	46.361905	0.352038	0.000000	89.000000	2.489376
213	46.364015	0.422845	0.000000	89.000000	2.474241
214	46.363777	0.489519	0.000000	89.000000	2.445844
215	46.348193	0.480575	0.000000	89.000000	2.436182
216	46.366036	0.502262	0.000000	89.000000	2.454487
217	46.351314	0.497090	0.000000	89.000000	2.458528
218	46.367612	0.514013	0.000000	89.000000	2.478725
219	46.363378	0.534738	0.000000	89.000000	2.492491
220	46.372297	0.466096	0.000000	89.000000	2.453377
221	46.381205	0.416775	0.000000	89.000000	2.460026
222	46.385938	0.450520	0.000000	89.000000	2.414074
223	46.366748	0.391099	0.000000	89.000000	2.475560
224	46.365565	0.424456	0.000000	89.000000	2.459022
225	46.366048	0.488949	0.000000	89.000000	2.481302
226	46.367007	0.422294	0.000000	89.000000	2.480134
227	46.366546	0.534998	0.000000	89.000000	2.440508
228	46.356899	0.537373	0.000000	89.000000	2.414510
229	46.363598	0.515913	0.000000	89.000000	2.467826
230	46.376279	0.478477	0.000000	89.000000	2.447713
231	46.372584	0.554651	0.000000	89.000000	2.480040
232	46.368784	0.463242	0.000000	89.000000	2.440826
233	46.358985	0.551850	0.000000	89.000000	2.463947
234	46.362022	0.474001	0.000000	89.000000	2.441732
235	46.375832	0.515325	0.000000	89.000000	2.461523
236	46.388334	0.486220	0.000000	89.000000	2.441274
237	46.372885	0.355227	0.000000	89.000000	2.472455
238	46.366853	0.396476	0.000000	89.000000	2.436208
239	46.375966	0.347102	0.000000	89.000000	2.454306
240	46.393052	0.273009	0.000000	89.000000	2.459654
241	46.399683	0.288740	0.000000	89.000000	2.477526
242	46.386826	0.350047	0.000000	89.000000	2.453640
243	46.390802	0.310656	0.000000	89.000000	2.469991
244	46.376729	0.430107	0.000000	89.000000	2.430456
245	46.379220	0.443134	0.000000	89.000000	2.418016
246	46.380937	0.457555	0.000000	89.000000	2.464319
247	46.384591	0.468031	0.000000	89.000000	2.442617
248	46.383169	0.531933	0.000000	89.000000	2.462506
249	46.387643	0.531847	0.000000	89.000000	2.426744
250	46.392870	0.445374	0.000000	89.000000	2.407733
251	46.385324	0.463145	0.000000	89.000000	2.430354
252	46.389303	0.475775	0.000000	89.000000	2.443306
253	46.387154	0.419262	0.000000	89.000000	2.434325
254	46.378952	0.542977	0.000000	89.000000	2.444352
255	46.383411	0.447468	0.000000	89.000000	2.448450
256	46.386266	0.495665	0.000000	89.000000	2.432914
257	46.390241	0.498486	0.000000	89.000000	2.410878
258	46.387774	0.458804	0.000000	89.000000	2.437428
259	46.397448	0.336817	0.000000	89.000000	2.473217
260	46.399856	0.329572	0.000000	89.000000	2.428660
261	46.392274	0.393820	0.000000	89.000000	2.452878
262	46.387571	0.374331	0.000000	89.000000	2.439965
263	46.392787	0.384436	0.000000	89.000000	2.442266
264	46.403006	0.405378	0.000000	89.000000	2.471065
265	46.391964	0.323328	0.000000	89.000000	2.424680
266	46.390432	0.343411	0.000000	89.000000	2.440451
267	46.400487	0.394202	0.000000	89.000000	2.446416
268	46.397787	0.414838	0.000000	89.000000	2.434618
269	46.394432	0.356461	0.000000	89.000000	2.464002
270	46.398759	0.367710	0.000000	89.000000	2.424053
271	46.396405	0.332081	0.000000	89.000000	2.420335
272	46.395382	0.385576	0.000000	89.000000	2.465042
273	46.402919	0.273601	0.000000	89.000000	2.436868
274	46.401900	0.327205	0.000000	89.000000	2.413590
275	46.410263	0.342151	0.000000	89.000000	2.467286
276	46.409366	0.401698	0.000000	89.000000	2.426175
277	46.411580	0.386875	0.000000	89.000000	2.431947
278	46.400645	0.325130	0.000000	89.000000	2.414586
279	46.399978	0.346528	0.000000	89.000000	2.463549
280	46.411511	0.360711	0.000000	89.000000	2.453202
281	46.411636	0.447228	0.000000	89.000000	2.472626
282	46.418828	0.454450	0.000000	89.000000	2.429367
283	46.427315	0.445213	0.000000	89.000000	2.458502
284	46.423033	0.460748	0.000000	89.000000	2.429459
285	46.425009	0.463455	0.000000	89.000000	2.431941
286	46.417361	0.498513	0.000000	89.000000	2.463560
287	46.412537	0.432980	0.000000	89.000000	2.424027
288	46.422690	0.493618	0.000000	89.000000	2.419080
289	46.416730	0.386656	0.000000	89.000000	2.428640
290	46.412608	0.449865	0.000000	89.000000	2.451677
291	46.415657	0.415993	0.000000	89.000000	2.419777
292	46.430272	0.422577	0.000000	89.000000	2.409566
293	46.427462	0.390664	0.000000	89.000000	2.426688
294	46.414709	0.429585	0.000000	89.000000	2.396741
295	46.429250	0.400984	0.000000	89.000000	2.427393
296	46.431893	0.407240	0.000000	89.000000	2.462509
297	46.435779	0.359654	0.000000	89.000000	2.429450
298	46.443230	0.357780	0.000000	89.000000	2.396795
299	46.428877	0.465611	0.000000	89.000000	2.424795
300	46.433204	0.393911	0.000000	89.000000	2.459000
301	46.434653	0.403009	0.000000	89.000000	2.435006
302	46.437201	0.453141	0.000000	89.000000	2.426182
303	46.448222	0.473092	0.000000	89.000000	2.468610
304	46.434027	0.423150	0.000000	89.000000	2.441681
305	46.434700	0.405360	0.000000	89.000000	2.421035
306	46.447134	0.360652	0.000000	89.000000	2.443437
307	46.443033	0.427647	0.000000	89.000000	2.442372
308	46.466041	0.421947	0.000000	89.000000	2.431572
309	46.455932	0.462463	0.000000	89.000000	2.453130
310	46.454871	0.498593	0.000000	89.000000	2.427253
311	46.465865	0.429670	0.000000	89.000000	2.423342
312	46.453002	0.481297	0.000000	89.000000	2.427626
313	46.456775	0.469995	0.000000	89.000000	2.443289
314	46.477896	0.440892	0.000000	89.000000	2.433388
315	46.453834	0.367514	0.000000	89.000000	2.451909
316	46.449345	0.448895	0.000000	89.000000	2.469875
317	46.452254	0.514396	0.000000	89.000000	2.429397
318	46.458682	0.433779	0.000000	89.000000	2.465466
319	46.461892	0.484704	0.000000	89.000000	2.413004
320	46.465892	0.460284	0.000000	89.000000	2.435435
321	46.453813	0.447077	0.000000	89.000000	2.475816
322	46.447337	0.432105	0.000000	89.000000	2.426422
323	46.444511	0.315412	0.000000	89.000000	2.433331
324	46.456370	0.418829	0.000000	89.000000	2.461598
325	46.462291	0.505659	0.000000	89.000000	2.443258
326	46.466881	0.456358	0.000000	89.000000	2.464254
327	46.466243	0.471735	0.000000	89.000000	2.421149
328	46.482807	0.443938	0.000000	89.000000	2.433245
329	46.462822	0.517773	0.000000	89.000000	2.462046
330	46.479392	0.424055	0.000000	89.000000	2.444231
331	46.469957	0.376522	0.000000	89.000000	2.481462
332	46.456331	0.341284	0.000000	89.000000	2.425983
333	46.472114	0.354610	0.000000	89.000000	2.429255
334	46.477264	0.374077	0.000000	89.000000	2.460544
335	46.467006	0.402621	0.000000	89.000000	2.443893
336	46.472514	0.403557	0.000000	89.000000	2.479069
337	46.463236	0.398812	0.000000	89.000000	2.418104
338	46.466669	0.403948	0.000000	89.000000	2.473027
339	46.471131	0.448750	0.000000	89.000000	2.425196
340	46.461952	0.392543	0.000000	89.000000	2.438791
341	46.469164	0.443281	0.000000	89.000000	2.468023
342	46.471384	0.374334	0.000000	89.000000	2.417690
343	46.478361	0.376045	0.000000	89.000000	2.451948
344	46.490622	0.433507	0.000000	89.000000	2.474029
345	46.488512	0.477536	0.000000	89.000000	2.478675
346	46.502832	0.460104	0.000000	89.000000	2.434455
347	46.500239	0.402358	0.000000	89.000000	2.413357
348	46.505600	0.459904	0.000000	89.000000	2.461492
349	46.504053	0.511287	0.000000	89.000000	2.439763
350	46.499723	0.408067	0.000000	89.000000	2.470749
351	46.487626	0.461585	0.000000	89.000000	2.436478
352	46.488112	0.411541	0.000000	89.000000	2.460409
353	46.503919	0.460617	0.000000	89.000000	2.456896
354	46.502405	0.361174	0.000000	89.000000	2.441819
355	46.504807	0.385345	0.000000	89.000000	2.471817
356	46.484333	0.428052	0.000000	89.000000	2.472064
357	46.485668	0.455755	0.000000	89.000000	2.434504
358	46.494091	0.444553	0.000000	89.000000	2.446664
359	46.501118	0.415644	0.000000	89.000000	2.462057
360	46.492502	0.537902	0.000000	89.000000	2.457127
361	46.502227	0.436393	0.000000	89.000000	2.472823
362	46.517751	0.457993	0.000000	89.000000	2.487673
363	46.530861	0.489336	0.000000	89.000000	2.429467
364	46.526194	0.585266	0.000000	89.000000	2.456221
365	46.522221	0.513833	0.000000	89.000000	2.452663
366	46.533349	0.532712	0.000000	89.000000	2.482212
367	46.533671	0.488397	0.000000	89.000000	2.466599
368	46.522820	0.544627	0.000000	89.000000	2.473806
369	46.533036	0.483030	0.000000	89.000000	2.474510
370	46.522990	0.570202	0.000000	89.000000	2.431983
371	46.518344	0.539972	0.000000	89.000000	2.438113
372	46.514571	0.509391	0.000000	89.000000	2.469842
373	46.514589	0.491719	0.000000	89.000000	2.482840
374	46.515778	0.427792	0.000000	89.000000	2.464250
375	46.519664	0.491907	0.000000	89.000000	2.473425
376	46.502209	0.438628	0.000000	89.000000	2.472507
377	46.511248	0.391610	0.000000	89.000000	2.428478
378	46.517175	0.437006	0.000000	89.000000	2.452177
379	46.530092	0.394210	0.000000	89.000000	2.471556
380	46.520454	0.449865	0.000000	89.000000	2.487561
381	46.535456	0.456399	0.000000	89.000000	2.459681
382	46.531916	0.432729	0.000000	89.000000	2.482206
383	46.542823	0.321844	0.000000	89.000000	2.484837
384	46.542174	0.433870	0.000000	89.000000	2.432818
385	46.540329	0.460932	0.000000	89.000000	2.469970
386	46.538284	0.497188	0.000000	89.000000	2.439389
387	46.547598	0.404766	0.000000	89.000000	2.478280
388	46.549034	0.360160	0.000000	89.000000	2.458168
389	46.535012	0.382489	0.000000	89.000000	2.475209
390	46.540189	0.436667	0.000000	89.000000	2.479745
391	46.532255	0.468586	0.000000	89.000000	2.435706
392	46.530247	0.518178	0.000000	89.000000	2.469973
393	46.546867	0.551614	0.000000	89.000000	2.461156
394	46.546912	0.536716	0.000000	89.000000	2.469002
395	46.551114	0.473409	0.000000	89.000000	2.444921
396	46.545982	0.526272	0.000000	89.000000	2.482054
397	46.520033	0.510132	0.000000	89.000000	2.477131
398	46.533221	0.471774	0.000000	89.000000	2.436787
399	46.537146	0.443025	0.000000	89.000000	2.469177
400	46.534175	0.572371	0.000000	89.000000	2.452822
401	46.525407	0.518337	0.000000	89.000000	2.477228
402	46.528828	0.497930	0.000000	89.000000	2.444335
403	46.535075	0.520124	0.000000	89.000000	2.483383
404	46.548069	0.444898	0.000000	89.000000	2.456649
405	46.544561	0.407292	0.000000	89.000000	2.455256
406	46.546674	0.506878	0.000000	89.000000	2.443458
407	46.546569	0.483039	0.000000	89.000000	2.476022
408	46.545422	0.420390	0.000000	89.000000	2.489824
409	46.530575	0.435125	0.000000	89.000000	2.455528
410	46.539760	0.445752	0.000000	89.000000	2.474568
411	46.550369	0.486374	0.000000	89.000000	2.488738
412	46.537963	0.431549	0.000000	89.000000	2.437459
413	46.552801	0.506514	0.000000	89.000000	2.465440
414	46.544975	0.385079	0.000000	89.000000	2.445474
415	46.549857	0.453216	0.000000	89.000000	2.477910
416	46.536836	0.513464	0.000000	89.000000	2.449878
417	46.541393	0.380747	0.000000	89.000000	2.477728
418	46.541116	0.375663	0.000000	89.000000	2.479858
419	46.550751	0.401461	0.000000	89.000000	2.446751
420	46.556157	0.405987	0.000000	89.000000	2.472203
421	46.571693	0.411791	0.000000	89.000000	2.443353
422	46.554399	0.335825	0.000000	89.000000	2.476333
423	46.566033	0.444751	0.000000	89.000000	2.446215
424	46.564406	0.382152	0.000000	89.000000	2.483377
425	46.557760	0.402579	0.000000	89.000000	2.477218
426	46.548826	0.473195	0.000000	89.000000	2.449389
427	46.541864	0.375333	0.000000	89.000000	2.470324
428	46.545899	0.373334	0.000000	89.000000	2.444941
429	46.550155	0.377347	0.000000	89.000000	2.475189
430	46.539384	0.404149	0.000000	89.000000	2.449192
431	46.542284	0.318823	0.000000	89.000000	2.479098
432	46.533015	0.348602	0.000000	89.000000	2.476582
433	46.538776	0.415447	0.000000	89.000000	2.444895
434	46.533108	0.482657	0.000000	89.000000	2.475632
435	46.539944	0.435149	0.000000	89.000000	2.441704
436	46.539688	0.489396	0.000000	89.000000	2.482233
437	46.537775	0.430595	0.000000	89.000000	2.461539
438	46.543017	0.449026	0.000000	89.000000	2.476202
439	46.548903	0.428382	0.000000	89.000000	2.498340
440	46.549946	0.430977	0.000000	89.000000	2.502538
441	46.543646	0.440810	0.000000	89.000000	2.487384
442	46.554554	0.510577	0.000000	89.000000	2.439830
443	46.557426	0.503146	0.000000	89.000000	2.474743
444	46.551490	0.480321	0.000000	89.000000	2.417432
445	46.546856	0.400481	0.000000	89.000000	2.448333
446	46.539462	0.436567	0.000000	89.000000	2.478030
447	46.544912	0.355377	0.000000	89.000000	2.491243
448	46.538788	0.367470	0.000000	89.000000	2.444465
449	46.538752	0.421233	0.000000	89.000000	2.469354
450	46.537593	0.410513	0.000000	89.000000	2.467446
451	46.551254	0.395549	0.000000	89.000000	2.439210
452	46.560848	0.418257	0.000000	89.000000	2.453347
453	46.555293	0.420988	0.000000	89.000000	2.482563
454	46.564573	0.367711	0.000000	89.000000	2.499925
455	46.572098	0.406445	0.000000	89.000000	2.508402
456	46.576422	0.309929	0.000000	89.000000	2.507280
457	46.571028	0.412629	0.000000	89.000000	2.486624
458	46.580178	0.369895	0.000000	89.000000	2.445509
459	46.569479	0.334078	0.000000	89.000000	2.485204
460	46.575776	0.391631	0.000000	89.000000	2.428583
461	46.567273	0.402528	0.000000	89.000000	2.466691
462	46.557552	0.327005	0.000000	89.000000	2.457722
463	46.567464	0.211596	0.000000	89.000000	2.486110
464	46.574944	0.243165	0.000000	89.000000	2.472245
465	46.550199	0.329242	0.000000	89.000000	2.448730
466	46.550179	0.192527	0.000000	89.000000	2.478277
467	46.547249	0.236827	0.000000	89.000000	2.427143
468	46.546394	0.301624	0.000000	89.000000	2.466612
469	46.553788	0.273023	0.000000	89.000000	2.466314
470	46.559346	0.382743	0.000000	89.000000	2.496129
471	46.559489	0.368192	0.000000	89.000000	2.462906
472	46.548355	0.458108	0.000000	89.000000	2.446046
473	46.543211	0.486436	0.000000	89.000000	2.477467
474	46.539915	0.492005	0.000000	89.000000	2.422843
475	46.531531	0.443816	0.000000	89.000000	2.476614
476	46.533701	0.502389	0.000000	89.000000	2.476808
477	46.521330	0.472545	0.000000	89.000000	2.483289
478	46.529067	0.474811	0.000000	89.000000	2.469161
479	46.531409	0.523420	0.000000	89.000000	2.470153
480	46.534139	0.553625	0.000000	89.000000	2.462510
481	46.529564	0.508552	0.000000	89.000000	2.449654
482	46.516979	0.435477	0.000000	89.000000	2.445079
483	46.505392	0.356396	0.000000	89.000000	2.470612
484	46.513307	0.335225	0.000000	89.000000	2.497437
485	46.532655	0.318090	0.000000	89.000000	2.459870
486	46.522194	0.305601	0.000000	89.000000	2.481646
487	46.527588	0.337539	0.000000	89.000000	2.458178
488	46.519703	0.300285	0.000000	89.000000	2.478004
489	46.526319	0.262031	0.000000	89.000000	2.437682
490	46.540532	0.319408	0.000000	89.000000	2.462828
491	46.536788	0.426195	0.000000	89.000000	2.460851
492	46.530533	0.419449	0.000000	89.000000	2.460358
493	46.552253	0.302749	0.000000	89.000000	2.477259
494	46.546558	0.358482	0.000000	89.000000	2.454633
495	46.537924	0.409299	0.000000	89.000000	2.476693
496	46.544808	0.392903	0.000000	89.000000	2.425637
497	46.535769	0.363886	0.000000	89.000000	2.476891
498	46.534765	0.385762	0.000000	89.000000	2.490508
499	46.529219	0.392382	0.000000	89.000000	2.460906
500	46.540156	0.499338	0.000000	89.000000	2.485276
501	46.532863	0.490849	0.000000	89.000000	2.446546
502	46.536440	0.512595	0.000000	89.000000	2.481384
503	46.530271	0.441328	0.000000	89.000000	2.452155
504	46.537173	0.425495	0.000000	89.000000	2.449758
505	46.547627	0.416784	0.000000	89.000000	2.487546
506	46.551079	0.390704	0.000000	89.000000	2.445047
507	46.541980	0.413555	0.000000	89.000000	2.477101
508	46.548203	0.404274	0.000000	89.000000	2.454503
509	46.536076	0.398216	0.000000	89.000000	2.479739
510	46.713710	0.486392	0.000000	89.000000	2.454332
511	46.758658	0.392251	0.000000	89.000000	2.446123
512	46.791416	0.387242	0.000000	89.000000	2.482866
513	46.814048	0.463826	0.000000	89.000000	2.455199
514	46.823823	0.396180	0.000000	89.000000	2.471433
515	46.839622	0.407093	0.000000	89.000000	2.446879
516	46.840677	0.427850	0.000000	89.000000	2.482721
517	46.848124	0.438632	0.000000	89.000000	2.445287
518	46.843070	0.350826	0.000000	89.000000	2.460085
519	46.853131	0.462799	0.000000	89.000000	2.483430
520	46.850610	0.469863	0.000000	89.000000	2.451486
521	46.846199	0.457081	0.000000	89.000000	2.472089
522	46.848232	0.518079	0.000000	89.000000	2.447696
523	46.851259	0.486813	0.000000	89.000000	2.482581
524	46.854401	0.484097	0.000000	89.000000	2.438024
525	46.844521	0.487923	0.000000	89.000000	2.465683
526	46.851772	0.478072	0.000000	89.000000	2.478812
527	46.838588	0.479943	0.000000	89.000000	2.455530
528	46.834201	0.509539	0.000000	89.000000	2.487996
529	46.833217	0.524276	0.000000	89.000000	2.459355
530	46.844375	0.447427	0.000000	89.000000	2.467402
531	46.835822	0.370027	0.000000	89.000000	2.457125
532	46.841043	0.444195	0.000000	89.000000	2.450215
533	46.857131	0.417342	0.000000	89.000000	2.487572
534	46.845794	0.515265	0.000000	89.000000	2.487547
535	46.846360	0.494170	0.000000	89.000000	2.462552
536	46.837831	0.507027	0.000000	89.000000	2.472055
537	46.835572	0.474421	0.000000	89.000000	2.457332
538	46.838522	0.479202	0.000000	89.000000	2.482265
539	46.849251	0.441770	0.000000	89.000000	2.484954
540	46.851510	0.405780	0.000000	89.000000	2.430285
541	46.862069	0.421176	0.000000	89.000000	2.466110
542	46.861875	0.368113	0.000000	89.000000	2.483168
543	46.846101	0.399235	0.000000	89.000000	2.461372
544	46.849665	0.383247	0.000000	89.000000	2.489594
545	46.851549	0.406257	0.000000	89.000000	2.462497
546	46.855187	0.400822	0.000000	89.000000	2.471138
547	46.860355	0.411957	0.000000	89.000000	2.499396
548	46.858615	0.361306	0.000000	89.000000	2.485809
549	46.856683	0.384988	0.000000	89.000000	2.441807
550	46.857098	0.382014	0.000000	89.000000	2.486176
551	46.868360	0.379571	0.000000	89.000000	2.468975
552	46.860695	0.363659	0.000000	89.000000	2.467888
553	46.858126	0.388501	0.000000	89.000000	2.476958
554	46.855652	0.307823	0.000000	89.000000	2.469961
555	46.852285	0.331000	0.000000	89.000000	2.474514
556	46.852407	0.411193	0.000000	89.000000	2.492615
557	46.848661	0.371678	0.000000	89.000000	2.490728
558	46.859375	0.397833	0.000000	89.000000	2.469673
559	46.857399	0.433648	0.000000	89.000000	2.456874
560	46.844506	0.413840	0.000000	89.000000	2.474876
561	46.838689	0.516091	0.000000	89.000000	2.445549
562	46.856713	0.517535	0.000000	89.000000	2.490907
563	46.861494	0.465944	0.000000	89.000000	2.488657
564	46.859148	0.382318	0.000000	89.000000	2.491851
565	46.848750	0.394579	0.000000	89.000000	2.484794
566	46.855968	0.355911	0.000000	89.000000	2.485019
567	46.864980	0.396035	0.000000	89.000000	2.492741
568	46.855175	0.356499	0.000000	89.000000	2.508752
569	46.861511	0.405437	0.000000	89.000000	2.476864
570	46.862143	0.491586	0.000000	89.000000	2.447291
571	46.855408	0.414627	0.000000	89.000000	2.491931
572	46.864602	0.465307	0.000000	89.000000	2.456523
573	46.861622	0.474482	0.000000	89.000000	2.442841
574	46.847853	0.500474	0.000000	89.000000	2.484930
575	46.853232	0.450746	0.000000	89.000000	2.445997
576	46.846119	0.448796	0.000000	89.000000	2.482938
577	46.857530	0.529130	0.000000	89.000000	2.449157
578	46.854705	0.409969	0.000000	89.000000	2.480105
579	46.857375	0.561484	0.000000	89.000000	2.443084
580	46.860248	0.507982	0.000000	89.000000	2.455327
581	46.867949	0.474195	0.000000	89.000000	2.463041
582	46.873540	0.509921	0.000000	89.000000	2.466022
583	46.858698	0.485534	0.000000	89.000000	2.485870
584	46.855754	0.455025	0.000000	89.000000	2.458915
585	46.871686	0.411096	0.000000	89.000000	2.471162
586	46.861619	0.411852	0.000000	89.000000	2.428056
587	46.851820	0.428401	0.000000	89.000000	2.486821
588	46.859682	0.354308	0.000000	89.000000	2.483448
589	46.867096	0.391123	0.000000	89.000000	2.472763
590	46.867266	0.351675	0.000000	89.000000	2.461784
591	46.860063	0.354615	0.000000	89.000000	2.491410
592	46.849459	0.412697	0.000000	89.000000	2.464335
593	46.858054	0.364785	0.000000	89.000000	2.465341
594	46.865395	0.363777	0.000000	89.000000	2.447348
595	46.866339	0.376363	0.000000	89.000000	2.453141
596	46.875516	0.364544	0.000000	89.000000	2.440042
597	46.863693	0.342340	0.000000	89.000000	2.474874
598	46.871334	0.354021	0.000000	89.000000	2.468762
599	46.865088	0.297920	0.000000	89.000000	2.465825
600	46.871865	0.226200	0.000000	89.000000	2.484838
601	46.874583	0.229343	0.000000	89.000000	2.423876
602	46.861082	0.316180	0.000000	89.000000	2.490295
603	46.868747	0.308308	0.000000	89.000000	2.451665
604	46.865034	0.348780	0.000000	89.000000	2.469884
605	46.853036	0.499338	0.000000	89.000000	2.490371
606	46.848023	0.398592	0.000000	89.000000	2.455899
607	46.860397	0.334119	0.000000	89.000000	2.477472
608	46.850571	0.327547	0.000000	89.000000	2.470478
609	46.852762	0.432010	0.000000	89.000000	2.443265
610	46.853834	0.492237	0.000000	89.000000	2.469391
611	46.849462	0.470075	0.000000	89.000000	2.454243
612	46.835044	0.422607	0.000000	89.000000	2.472784
613	46.845308	0.381046	0.000000	89.000000	2.455088
614	46.843553	0.394738	0.000000	89.000000	2.480487
615	46.847689	0.470866	0.000000	89.000000	2.468271
616	46.864903	0.520437	0.000000	89.000000	2.444698
617	46.860421	0.439407	0.000000	89.000000	2.468161
618	46.857578	0.402915	0.000000	89.000000	2.463661
619	46.858785	0.346196	0.000000	89.000000	2.470634
620	46.868187	0.329182	0.000000	89.000000	2.473157
621	46.856284	0.309842	0.000000	89.000000	2.463833
622	46.848437	0.398991	0.000000	89.000000	2.492573
623	46.858063	0.362948	0.000000	89.000000	2.488796
624	46.862844	0.380407	0.000000	89.000000	2.431317
625	46.869314	0.355207	0.000000	89.000000	2.453178
626	46.867281	0.388815	0.000000	89.000000	2.464971
627	46.879718	0.437900	0.000000	89.000000	2.482477
628	46.870643	0.336380	0.000000	89.000000	2.466700
629	46.870288	0.258670	0.000000	89.000000	2.462385
630	46.866235	0.289622	0.000000	89.000000	2.491177
631	46.873599	0.300728	0.000000	89.000000	2.437502
632	46.872306	0.363347	0.000000	89.000000	2.462604
633	46.873987	0.376587	0.000000	89.000000	2.440168
634	46.856660	0.350508	0.000000	89.000000	2.483118
635	46.868998	0.381103	0.000000	89.000000	2.461818
636	46.869987	0.382444	0.000000	89.000000	2.477533
637	46.865386	0.323086	0.000000	89.000000	2.498159
638	46.863389	0.356404	0.000000	89.000000	2.488009
639	46.856660	0.455249	0.000000	89.000000	2.439444
640	46.870887	0.411305	0.000000	89.000000	2.469140
641	46.881652	0.482491	0.000000	89.000000	2.437783
642	46.857172	0.372630	0.000000	89.000000	2.476488
643	46.864420	0.324864	0.000000	89.000000	2.456008
644	46.871555	0.472186	0.000000	89.000000	2.483204
645	46.866900	0.431821	0.000000	89.000000	2.500574
646	46.853501	0.412545	0.000000	89.000000	2.486747
647	46.866053	0.359380	0.000000	89.000000	2.436581
648	46.869284	0.335734	0.000000	89.000000	2.462768
649	46.859822	0.382113	0.000000	89.000000	2.442239
650	46.869361	0.364516	0.000000	89.000000	2.487423
651	46.879366	0.433545	0.000000	89.000000	2.474089
652	46.880475	0.423775	0.000000	89.000000	2.471189
653	46.875471	0.429779	0.000000	89.000000	2.484654
654	46.877491	0.498543	0.000000	89.000000	2.481491
655	46.889091	0.395451	0.000000	89.000000	2.446536
656	46.867678	0.399829	0.000000	89.000000	2.460868
657	46.861929	0.486439	0.000000	89.000000	2.445245
658	46.861753	0.448883	0.000000	89.000000	2.486702
659	46.874297	0.397690	0.000000	89.000000	2.470225
660	46.864027	0.451938	0.000000	89.000000	2.487307
661	46.858960	0.384850	0.000000	89.000000	2.480554
662	46.856999	0.384351	0.000000	89.000000	2.493287
663	46.869126	0.438906	0.000000	89.000000	2.460751
664	46.871847	0.446573	0.000000	89.000000	2.457797
665	46.854538	0.385339	0.000000	89.000000	2.484379
666	46.865523	0.388595	0.000000	89.000000	2.426415
667	46.861857	0.330341	0.000000	89.000000	2.469523
668	46.868074	0.378938	0.000000	89.000000	2.481747
669	46.865112	0.384329	0.000000	89.000000	2.485989
670	46.870726	0.334234	0.000000	89.000000	2.501645
671	46.881849	0.269923	0.000000	89.000000	2.502702
672	46.875405	0.290462	0.000000	89.000000	2.488515
673	46.879038	0.315831	0.000000	89.000000	2.451923
674	46.882156	0.361543	0.000000	89.000000	2.472951
675	46.880752	0.425822	0.000000	89.000000	2.435744
676	46.881050	0.357089	0.000000	89.000000	2.468293
677	46.879706	0.465135	0.000000	89.000000	2.476735
678	46.872383	0.445747	0.000000	89.000000	2.500617
679	46.883550	0.322586	0.000000	89.000000	2.463735
680	46.875134	0.399913	0.000000	89.000000	2.473353
681	46.873116	0.358377	0.000000	89.000000	2.445046
682	46.891695	0.342364	0.000000	89.000000	2.493997
683	46.882519	0.338613	0.000000	89.000000	2.456999
684	46.882987	0.361890	0.000000	89.000000	2.447154
685	46.870059	0.358830	0.000000	89.000000	2.491225
686	46.862477	0.342967	0.000000	89.000000	2.486399
687	46.879721	0.318363	0.000000	89.000000	2.454920
688	46.876651	0.317520	0.000000	89.000000	2.483011
689	46.885777	0.268384	0.000000	89.000000	2.452801
690	46.877664	0.242246	0.000000	89.000000	2.474778
691	46.874729	0.246199	0.000000	89.000000	2.446826
692	46.875781	0.307423	0.000000	89.000000	2.458568
693	46.873474	0.243352	0.000000	89.000000	2.492472
694	46.864858	0.222927	0.000000	89.000000	2.427209
695	46.873876	0.270061	0.000000	89.000000	2.479746
696	46.879038	0.264475	0.000000	89.000000	2.454329
697	46.881396	0.297039	0.000000	89.000000	2.478974
698	46.884322	0.358379	0.000000	89.000000	2.456626
699	46.873528	0.382128	0.000000	89.000000	2.447595
700	46.873015	0.355342	0.000000	89.000000	2.481655
701	46.878296	0.306280	0.000000	89.000000	2.457754
702	46.890956	0.326031	0.000000	89.000000	2.470025
703	46.895811	0.283640	0.000000	89.000000	2.475205
704	46.883920	0.276393	0.000000	89.000000	2.463886
705	46.880138	0.269540	0.000000	89.000000	2.495720
706	46.885276	0.290895	0.000000	89.000000	2.492026
707	46.872932	0.289538	0.000000	89.000000	2.434627
708	46.887815	0.257228	0.000000	89.000000	2.466688
709	46.893126	0.262286	0.000000	89.000000	2.441014
710	46.883816	0.228688	0.000000	89.000000	2.479382
711	46.877924	0.291131	0.000000	89.000000	2.451169
712	46.885926	0.276246	0.000000	89.000000	2.477803
713	46.888757	0.358678	0.000000	89.000000	2.486756
714	46.879363	0.325704	0.000000	89.000000	2.440022
715	46.877235	0.287505	0.000000	89.000000	2.466117
716	46.869254	0.349462	0.000000	89.000000	2.440901
717	46.868801	0.301014	0.000000	89.000000	2.482249
718	46.885547	0.329305	0.000000	89.000000	2.470080
719	46.888548	0.419604	0.000000	89.000000	2.466826
720	46.882647	0.263170	0.000000	89.000000	2.498181
721	46.890938	0.326712	0.000000	89.000000	2.493093
722	46.879607	0.233775	0.000000	89.000000	2.432010
723	46.885973	0.243480	0.000000	89.000000	2.471582
724	46.878898	0.237038	0.000000	89.000000	2.443486
725	46.881166	0.283414	0.000000	89.000000	2.472861
726	46.899143	0.329916	0.000000	89.000000	2.466799
727	46.896392	0.291287	0.000000	89.000000	2.474619
728	46.892491	0.336021	0.000000	89.000000	2.497392
729	46.899784	0.293122	0.000000	89.000000	2.491733
730	46.891123	0.340314	0.000000	89.000000	2.442537
731	46.880171	0.343924	0.000000	89.000000	2.477029
732	46.873105	0.317823	0.000000	89.000000	2.478093
733	46.881664	0.409580	0.000000	89.000000	2.485450
734	46.886992	0.369018	0.000000	89.000000	2.469678
735	46.887639	0.342902	0.000000	89.000000	2.490399
736	46.881258	0.360531	0.000000	89.000000	2.475796
737	46.891207	0.346208	0.000000	89.000000	2.477254
738	46.878785	0.347087	0.000000	89.000000	2.484535
739	46.883646	0.393838	0.000000	89.000000	2.501753
740	46.885258	0.396759	0.000000	89.000000	2.498406
741	46.873504	0.370355	0.000000	89.000000	2.482273
742	46.870857	0.391889	0.000000	89.000000	2.450095
743	46.883607	0.385666	0.000000	89.000000	2.490902
744	46.878925	0.328699	0.000000	89.000000	2.430943
745	46.877944	0.409681	0.000000	89.000000	2.479964
746	46.876767	0.463254	0.000000	89.000000	2.486162
747	46.893513	0.421944	0.000000	89.000000	2.505273
748	46.888134	0.355499	0.000000	89.000000	2.503700
749	46.890014	0.406117	0.000000	89.000000	2.459324
750	46.881622	0.373611	0.000000	89.000000	2.470475
751	46.874413	0.403329	0.000000	89.000000	2.469164
752	46.888345	0.331347	0.000000	89.000000	2.466027
753	46.883392	0.320077	0.000000	89.000000	2.494511
754	46.878073	0.308007	0.000000	89.000000	2.472466
755	46.877152	0.377801	0.000000	89.000000	2.445331
756	46.881527	0.373376	0.000000	89.000000	2.473147
757	46.874940	0.418326	0.000000	89.000000	2.466758
758	46.873635	0.480984	0.000000	89.000000	2.468571
759	46.880209	0.393185	0.000000	89.000000	2.480313
760	46.887928	0.413630	0.000000	89.000000	2.464530
761	46.880782	0.386839	0.000000	89.000000	2.485218
762	46.885526	0.441389	0.000000	89.000000	2.505239
763	46.879119	0.313855	0.000000	89.000000	2.492527
764	46.885306	0.344107	0.000000	89.000000	2.452373
765	46.881929	0.315380	0.000000	89.000000	2.476549
766	46.900481	0.409847	0.000000	89.000000	2.455415
767	46.888256	0.310307	0.000000	89.000000	2.469928
768	46.886122	0.310460	0.000000	89.000000	2.480593
769	46.889836	0.321211	0.000000	89.000000	2.489431
770	46.887529	0.313384	0.000000	89.000000	2.470705
771	46.882492	0.360978	0.000000	89.000000	2.486473
772	46.878389	0.300509	0.000000	89.000000	2.495049
773	46.866041	0.335858	0.000000	89.000000	2.512949
774	46.871406	0.309957	0.000000	89.000000	2.502789
775	46.879500	0.357888	0.000000	89.000000	2.512378
776	46.884543	0.305836	0.000000	89.000000	2.485620
777	46.879753	0.274023	0.000000	89.000000	2.468968
778	46.877813	0.299693	0.000000	89.000000	2.459071
779	46.879065	0.219120	0.000000	89.000000	2.482378
780	46.881354	0.163830	0.000000	89.000000	2.426976
781	46.879715	0.223006	0.000000	89.000000	2.493899
782	46.880141	0.187945	0.000000	89.000000	2.487242
783	46.891460	0.272726	0.000000	89.000000	2.462673
784	46.894425	0.243386	0.000000	89.000000	2.471391
785	46.885115	0.229643	0.000000	89.000000	2.479168
786	46.883452	0.224496	0.000000	89.000000	2.462692
787	46.885437	0.326240	0.000000	89.000000	2.482234
788	46.886176	0.326661	0.000000	89.000000	2.449167
789	46.903193	0.325798	0.000000	89.000000	2.455817
790	46.897566	0.281355	0.000000	89.000000	2.427073
791	46.878201	0.361709	0.000000	89.000000	2.490669
792	46.875548	0.384405	0.000000	89.000000	2.471744
793	46.879730	0.401422	0.000000	89.000000	2.462608
794	46.860951	0.371273	0.000000	89.000000	2.505884
795	46.889919	0.272019	0.000000	89.000000	2.509493
796	46.881235	0.258425	0.000000	89.000000	2.496580
797	46.880621	0.272484	0.000000	89.000000	2.489483
798	46.878195	0.382502	0.000000	89.000000	2.453319
799	46.880162	0.351796	0.000000	89.000000	2.464587
800	46.889609	0.356615	0.000000	89.000000	2.479964
801	46.876460	0.385448	0.000000	89.000000	2.473306
802	46.890858	0.411166	0.000000	89.000000	2.473915
803	46.893623	0.353281	0.000000	89.000000	2.493434
804	46.883029	0.367801	0.000000	89.000000	2.462065
805	46.878913	0.338233	0.000000	89.000000	2.483159
806	46.894202	0.332189	0.000000	89.000000	2.487618
807	46.901888	0.326028	0.000000	89.000000	2.496294
808	46.885961	0.320376	0.000000	89.000000	2.456671
809	46.898150	0.282827	0.000000	89.000000	2.459320
810	46.890610	0.320148	0.000000	89.000000	2.482310
811	46.882606	0.344765	0.000000	89.000000	2.436239
812	46.893257	0.359287	0.000000	89.000000	2.476540
813	46.897119	0.354685	0.000000	89.000000	2.483202
814	46.891356	0.380795	0.000000	89.000000	2.481956
815	46.906134	0.381680	0.000000	89.000000	2.492800
816	46.900582	0.396333	0.000000	89.000000	2.501964
817	46.900487	0.368707	0.000000	89.000000	2.513937
818	46.894342	0.285437	0.000000	89.000000	2.481549
819	46.891370	0.350123	0.000000	89.000000	2.454280
820	46.889228	0.243421	0.000000	89.000000	2.477960
821	46.886247	0.317239	0.000000	89.000000	2.455287
822	46.890730	0.301878	0.000000	89.000000	2.447574
823	46.891850	0.346464	0.000000	89.000000	2.490065
824	46.878541	0.444131	0.000000	89.000000	2.501765
825	46.896601	0.350361	0.000000	89.000000	2.485727
826	46.893770	0.357833	0.000000	89.000000	2.463370
827	46.884438	0.363426	0.000000	89.000000	2.484391
828	46.890557	0.383346	0.000000	89.000000	2.470278
829	46.880168	0.474088	0.000000	89.000000	2.467172
830	46.878225	0.452309	0.000000	89.000000	2.497071
831	46.871907	0.384893	0.000000	89.000000	2.492666
832	46.882135	0.455823	0.000000	89.000000	2.451459
833	46.885234	0.443383	0.000000	89.000000	2.464734
834	46.881118	0.351314	0.000000	89.000000	2.461007
835	46.881789	0.320553	0.000000	89.000000	2.468085
836	46.883595	0.357750	0.000000	89.000000	2.485618
837	46.886796	0.362925	0.000000	89.000000	2.477345
838	46.910954	0.376275	0.000000	89.000000	2.466878
839	46.893618	0.443929	0.000000	89.000000	2.484298
840	46.881437	0.435022	0.000000	89.000000	2.486902
841	46.886319	0.401674	0.000000	89.000000	2.441237
842	46.901211	0.304320	0.000000	89.000000	2.473603
843	46.896812	0.335634	0.000000	89.000000	2.449583
844	46.891862	0.393452	0.000000	89.000000	2.476144
845	46.900320	0.364180	0.000000	89.000000	2.488184
846	46.888736	0.286700	0.000000	89.000000	2.471502
847	46.898240	0.267072	0.000000	89.000000	2.482045
848	46.886328	0.287118	0.000000	89.000000	2.486716
849	46.889234	0.322055	0.000000	89.000000	2.482180
850	46.897116	0.278192	0.000000	89.000000	2.451962
851	46.882755	0.358709	0.000000	89.000000	2.466431
852	46.891919	0.288268	0.000000	89.000000	2.448484
853	46.886671	0.273095	0.000000	89.000000	2.467328
854	46.878803	0.245375	0.000000	89.000000	2.474196
855	46.886626	0.304069	0.000000	89.000000	2.481179
856	46.886355	0.315767	0.000000	89.000000	2.484607
857	46.882230	0.237739	0.000000	89.000000	2.490709
858	46.876502	0.214080	0.000000	89.000000	2.442712
859	46.884257	0.249251	0.000000	89.000000	2.480742
860	46.885008	0.303736	0.000000	89.000000	2.414428
861	46.881926	0.266338	0.000000	89.000000	2.482625
862	46.893328	0.291599	0.000000	89.000000	2.450213
863	46.899593	0.300885	0.000000	89.000000	2.486047
864	46.901691	0.352044	0.000000	89.000000	2.493932
865	46.889716	0.336194	0.000000	89.000000	2.450182
866	46.890277	0.321816	0.000000	89.000000	2.472259
867	46.888983	0.336199	0.000000	89.000000	2.422041
868	46.894827	0.320279	0.000000	89.000000	2.474024
869	46.892354	0.250238	0.000000	89.000000	2.462204
870	46.891236	0.256948	0.000000	89.000000	2.492379
871	46.901113	0.330056	0.000000	89.000000	2.488181
872	46.904093	0.308968	0.000000	89.000000	2.496806
873	46.903110	0.341303	0.000000	89.000000	2.464539
874	46.883866	0.286170	0.000000	89.000000	2.461718
875	46.889260	0.241803	0.000000	89.000000	2.449944
876	46.878698	0.241591	0.000000	89.000000	2.443119
877	46.872094	0.265899	0.000000	89.000000	2.469458
878	46.881959	0.300532	0.000000	89.000000	2.491792
879	46.887928	0.264060	0.000000	89.000000	2.491303
880	46.890783	0.297135	0.000000	89.000000	2.470057
881	46.896404	0.256039	0.000000	89.000000	2.449106
882	46.903092	0.325130	0.000000	89.000000	2.484174
883	46.911132	0.363470	0.000000	89.000000	2.432907
884	46.900719	0.387907	0.000000	89.000000	2.465792
885	46.897253	0.367215	0.000000	89.000000	2.480592
886	46.891981	0.333961	0.000000	89.000000	2.482053
887	46.894062	0.371380	0.000000	89.000000	2.461862
888	46.882939	0.409536	0.000000	89.000000	2.460084
889	46.880564	0.416072	0.000000	89.000000	2.467889
890	46.876568	0.372815	0.000000	89.000000	2.452731
891	46.876776	0.327624	0.000000	89.000000	2.445394
892	46.882439	0.342996	0.000000	89.000000	2.485298
893	46.878466	0.310158	0.000000	89.000000	2.473597
894	46.884546	0.361218	0.000000	89.000000	2.464961
895	46.895581	0.325438	0.000000	89.000000	2.474901
896	46.882385	0.213908	0.000000	89.000000	2.454735
897	46.891040	0.277827	0.000000	89.000000	2.490218
898	46.891928	0.279709	0.000000	89.000000	2.436055
899	46.887666	0.262315	0.000000	89.000000	2.461638
900	46.876952	0.266728	0.000000	89.000000	2.479444
901	46.881640	0.295639	0.000000	89.000000	2.460922
902	46.886048	0.270432	0.000000	89.000000	2.480710
903	46.892709	0.297783	0.000000	89.000000	2.451346
904	46.883845	0.221621	0.000000	89.000000	2.487343
905	46.891016	0.213958	0.000000	89.000000	2.494445
906	46.903262	0.228580	0.000000	89.000000	2.448063
907	46.892387	0.252882	0.000000	89.000000	2.456843
908	46.896240	0.315437	0.000000	89.000000	2.419244
909	46.900046	0.249042	0.000000	89.000000	2.488142
910	46.889627	0.262519	0.000000	89.000000	2.454376
911	46.888968	0.275040	0.000000	89.000000	2.477083
912	46.883529	0.234565	0.000000	89.000000	2.454771
913	46.892524	0.233334	0.000000	89.000000	2.451463
914	46.888053	0.233351	0.000000	89.000000	2.490393
915	46.885258	0.317089	0.000000	89.000000	2.471595
916	46.893716	0.355428	0.000000	89.000000	2.462282
917	46.888375	0.309132	0.000000	89.000000	2.486670
918	46.901992	0.290299	0.000000	89.000000	2.462509
919	46.889526	0.376569	0.000000	89.000000	2.473808
920	46.879590	0.324389	0.000000	89.000000	2.469003
921	46.878064	0.243174	0.000000	89.000000	2.445945
922	46.881473	0.296109	0.000000	89.000000	2.468316
923	46.877408	0.358869	0.000000	89.000000	2.455276
924	46.893018	0.351684	0.000000	89.000000	2.473984
925	46.887821	0.401053	0.000000	89.000000	2.455416
926	46.892244	0.359944	0.000000	89.000000	2.480574
927	46.886840	0.357293	0.000000	89.000000	2.473476
928	46.884733	0.363740	0.000000	89.000000	2.444700
929	46.874571	0.380452	0.000000	89.000000	2.464860
930	46.876800	0.352574	0.000000	89.000000	2.468167
931	46.879202	0.402399	0.000000	89.000000	2.463145
932	46.892726	0.308025	0.000000	89.000000	2.457914
933	46.879619	0.328189	0.000000	89.000000	2.474311
934	46.882749	0.369992	0.000000	89.000000	2.475479
935	47.045529	0.358060	0.000000	89.000000	2.438998
936	47.087091	0.343332	0.000000	89.000000	2.463458
937	47.112232	0.292708	0.000000	89.000000	2.454324
938	47.130179	0.315505	0.000000	89.000000	2.474469
939	47.146875	0.246350	0.000000	89.000000	2.447876
940	47.150728	0.234121	0.000000	89.000000	2.482543
941	47.159049	0.251321	0.000000	89.000000	2.474646
942	47.154710	0.226984	0.000000	89.000000	2.445383
943	47.154233	0.259764	0.000000	89.000000	2.474042
944	47.146416	0.271651	0.000000	89.000000	2.502075
945	47.170874	0.235207	0.000000	89.000000	2.461848
946	47.167701	0.247312	0.000000	89.000000	2.471721
947	47.172999	0.253337	0.000000	89.000000	2.476166
948	47.169447	0.275746	0.000000	89.000000	2.466569
949	47.169095	0.224193	0.000000	89.000000	2.487536
950	47.175086	0.159618	0.000000	89.000000	2.505785
951	47.184959	0.199731	0.000000	89.000000	2.494215
952	47.170237	0.284418	0.000000	89.000000	2.447094
953	47.167569	0.269607	0.000000	89.000000	2.467004
954	47.178051	0.318729	0.000000	89.000000	2.482136
955	47.170347	0.275100	0.000000	89.000000	2.495801
956	47.181290	0.319390	0.000000	89.000000	2.483969
957	47.187841	0.199219	0.000000	89.000000	2.462604
958	47.184396	0.233826	0.000000	89.000000	2.479434
959	47.173437	0.203804	0.000000	89.000000	2.485101
960	47.185826	0.220212	0.000000	89.000000	2.488745
961	47.178328	0.203762	0.000000	89.000000	2.488799
962	47.183666	0.174325	0.000000	89.000000	2.501497
963	47.194028	0.208236	0.000000	89.000000	2.476836
964	47.187006	0.254361	0.000000	89.000000	2.454721
965	47.191197	0.282379	0.000000	89.000000	2.483171
966	47.201163	0.344740	0.000000	89.000000	2.428077
967	47.197917	0.339651	0.000000	89.000000	2.484361
968	47.196305	0.336663	0.000000	89.000000	2.481411
969	47.196645	0.247607	0.000000	89.000000	2.490160
970	47.190717	0.205454	0.000000	89.000000	2.462130
971	47.184694	0.251538	0.000000	89.000000	2.483225
972	47.201440	0.353084	0.000000	89.000000	2.444200
973	47.201532	0.336960	0.000000	89.000000	2.483563
974	47.187129	0.293789	0.000000	89.000000	2.454325
975	47.189814	0.328636	0.000000	89.000000	2.450863
976	47.181666	0.259905	0.000000	89.000000	2.485768
977	47.189820	0.277308	0.000000	89.000000	2.453402
978	47.180504	0.353330	0.000000	89.000000	2.471448
979	47.187632	0.322031	0.000000	89.000000	2.453072
980	47.200930	0.368855	0.000000	89.000000	2.474288
981	47.181329	0.397444	0.000000	89.000000	2.447906
982	47.188142	0.382742	0.000000	89.000000	2.458225
983	47.206572	0.314064	0.000000	89.000000	2.488435
984	47.203374	0.324044	0.000000	89.000000	2.477993
985	47.192979	0.314069	0.000000	89.000000	2.468660
986	47.188741	0.265955	0.000000	89.000000	2.488013
987	47.194278	0.281262	0.000000	89.000000	2.460199
988	47.192898	0.277541	0.000000	89.000000	2.467609
989	47.193366	0.314251	0.000000	89.000000	2.460419
990	47.192532	0.300523	0.000000	89.000000	2.456503
991	47.193968	0.295103	0.000000	89.000000	2.473595
992	47.194281	0.294136	0.000000	89.000000	2.474173
993	47.194615	0.297032	0.000000	89.000000	2.461633
994	47.199386	0.312433	0.000000	89.000000	2.481937
995	47.197789	0.306113	0.000000	89.000000	2.460422
996	47.209239	0.301824	0.000000	89.000000	2.486409
997	47.200549	0.265302	0.000000	89.000000	2.500479
998	47.199216	0.265543	0.000000	89.000000	2.487035
999	47.195864	0.358968	0.000000	89.000000	2.437493
1000	47.201335	0.287057	0.000000	89.000000	2.485708
1001	47.205579	0.252654	0.000000	89.000000	2.467664
1002	47.201350	0.309425	0.000000	89.000000	2.468874
1003	47.205135	0.281563	0.000000	89.000000	2.482848
1004	47.196370	0.283499	0.000000	89.000000	2.487808
1005	47.189468	0.285025	0.000000	89.000000	2.470619
1006	47.193283	0.349793	0.000000	89.000000	2.479583
1007	47.211534	0.379013	0.000000	89.000000	2.485510
1008	47.213218	0.301736	0.000000	89.000000	2.455406
1009	47.216511	0.260300	0.000000	89.000000	2.464916
1010	47.212416	0.295724	0.000000	89.000000	2.469026
1011	47.192502	0.302936	0.000000	89.000000	2.486821
1012	47.207436	0.255922	0.000000	89.000000	2.452324
1013	47.204319	0.285631	0.000000	89.000000	2.458773
1014	47.206402	0.317120	0.000000	89.000000	2.483257
1015	47.194904	0.327213	0.000000	89.000000	2.502294
1016	47.198105	0.301060	0.000000	89.000000	2.501741
1017	47.191519	0.275578	0.000000	89.000000	2.508277
1018	47.183952	0.326402	0.000000	89.000000	2.505561
1019	47.194019	0.302208	0.000000	89.000000	2.486566
1020	47.183183	0.287652	0.000000	89.000000	2.449369
1021	47.182232	0.248787	0.000000	89.000000	2.477513
1022	47.183549	0.272302	0.000000	89.000000	2.443992
1023	47.189653	0.342154	0.000000	89.000000	2.457816
1024	47.191209	0.334242	0.000000	89.000000	2.493680
1025	47.197255	0.326936	0.000000	89.000000	2.495895
1026	47.202867	0.357197	0.000000	89.000000	2.476780
1027	47.199118	0.367563	0.000000	89.000000	2.463552
1028	47.192395	0.338282	0.000000	89.000000	2.475344
1029	47.195202	0.306599	0.000000	89.000000	2.455143
1030	47.205991	0.266699	0.000000	89.000000	2.499458
1031	47.201672	0.358027	0.000000	89.000000	2.472274
1032	47.204709	0.357101	0.000000	89.000000	2.441178
1033	47.203940	0.339744	0.000000	89.000000	2.471793
1034	47.206226	0.345982	0.000000	89.000000	2.451477
1035	47.205901	0.352803	0.000000	89.000000	2.477320
1036	47.207570	0.402442	0.000000	89.000000	2.472103
1037	47.195193	0.343145	0.000000	89.000000	2.468873
1038	47.195053	0.310850	0.000000	89.000000	2.504564
1039	47.199529	0.369813	0.000000	89.000000	2.498965
1040	47.196823	0.322734	0.000000	89.000000	2.490797
1041	47.192657	0.309496	0.000000	89.000000	2.448236
1042	47.192657	0.355128	0.000000	89.000000	2.467787
1043	47.199193	0.320771	0.000000	89.000000	2.465767
1044	47.208279	0.395518	0.000000	89.000000	2.469445
1045	47.199118	0.276843	0.000000	89.000000	2.478382
1046	47.202128	0.308903	0.000000	89.000000	2.487233
1047	47.198004	0.344568	0.000000	89.000000	2.470073
1048	47.181022	0.287062	0.000000	89.000000	2.485414
1049	47.191811	0.339093	0.000000	89.000000	2.511579
1050	47.193384	0.294652	0.000000	89.000000	2.491035
1051	47.194934	0.259424	0.000000	89.000000	2.505204
1052	47.186860	0.287115	0.000000	89.000000	2.513452
1053	47.182763	0.277729	0.000000	89.000000	2.483577
1054	47.185928	0.293555	0.000000	89.000000	2.460841
1055	47.189993	0.295447	0.000000	89.000000	2.472715
1056	47.193110	0.318592	0.000000	89.000000	2.467875
1057	47.202411	0.304057	0.000000	89.000000	2.439203
1058	47.202504	0.306295	0.000000	89.000000	2.484306
1059	47.205782	0.315520	0.000000	89.000000	2.501248
1060	47.203231	0.323042	0.000000	89.000000	2.470046
1061	47.359979	0.310980	0.000000	89.000000	2.463313
1062	47.382846	0.244412	0.000000	89.000000	2.479455
1063	47.394741	0.279065	0.000000	89.000000	2.461812
1064	47.409499	0.268873	0.000000	89.000000	2.498899
1065	47.413254	0.265151	0.000000	89.000000	2.492020
1066	47.416401	0.276977	0.000000	89.000000	2.510599
1067	47.414285	0.303138	0.000000	89.000000	2.488727
1068	47.413442	0.321559	0.000000	89.000000	2.451552
1069	47.416946	0.315796	0.000000	89.000000	2.469027
1070	47.420359	0.314888	0.000000	89.000000	2.476146
1071	47.421503	0.315439	0.000000	89.000000	2.488559
1072	47.424632	0.296092	0.000000	89.000000	2.469400
1073	47.429597	0.308204	0.000000	89.000000	2.486690
1074	47.433323	0.263580	0.000000	89.000000	2.462452
1075	47.437552	0.291684	0.000000	89.000000	2.474188
1076	47.435418	0.297255	0.000000	89.000000	2.499759
1077	47.439262	0.278700	0.000000	89.000000	2.503716
1078	47.438398	0.263117	0.000000	89.000000	2.510797
1079	47.440851	0.256734	0.000000	89.000000	2.504408
1080	47.442102	0.239222	0.000000	89.000000	2.500334
1081	47.438931	0.293387	0.000000	89.000000	2.480912
1082	47.441316	0.268143	0.000000	89.000000	2.451159
1083	47.442567	0.234050	0.000000	89.000000	2.495039
1084	47.443992	0.245454	0.000000	89.000000	2.466885
1085	47.441170	0.276174	0.000000	89.000000	2.440851
1086	47.448570	0.268493	0.000000	89.000000	2.496477
1087	47.449154	0.291365	0.000000	89.000000	2.494106
1088	47.452846	0.284680	0.000000	89.000000	2.495483
1089	47.448125	0.264113	0.000000	89.000000	2.470377
1090	47.444123	0.210371	0.000000	89.000000	2.470274
1091	47.449446	0.250730	0.000000	89.000000	2.480362
1092	47.447211	0.249845	0.000000	89.000000	2.465390
1093	47.445327	0.295072	0.000000	89.000000	2.482050
1094	47.450483	0.282540	0.000000	89.000000	2.502802
1095	47.455737	0.304315	0.000000	89.000000	2.492520
1096	47.453314	0.302302	0.000000	89.000000	2.448271
1097	47.453901	0.280917	0.000000	89.000000	2.467087
1098	47.454011	0.264311	0.000000	89.000000	2.466968
1099	47.450012	0.294348	0.000000	89.000000	2.464862
1100	47.446045	0.280051	0.000000	89.000000	2.487594
1101	47.449315	0.293786	0.000000	89.000000	2.486913
1102	47.442079	0.289192	0.000000	89.000000	2.466334
1103	47.451285	0.298710	0.000000	89.000000	2.479880
1104	47.452626	0.281869	0.000000	89.000000	2.494585
1105	47.446471	0.322747	0.000000	89.000000	2.457642
1106	47.452903	0.299550	0.000000	89.000000	2.462046
1107	47.457933	0.263740	0.000000	89.000000	2.482777
1108	47.453088	0.246561	0.000000	89.000000	2.498339
1109	47.447300	0.315029	0.000000	89.000000	2.433601
1110	47.449705	0.286164	0.000000	89.000000	2.470004
1111	47.449154	0.227203	0.000000	89.000000	2.485684
1112	47.455579	0.221912	0.000000	89.000000	2.487634
1113	47.449940	0.227370	0.000000	89.000000	2.496660
1114	47.450459	0.244347	0.000000	89.000000	2.492260
1115	47.454655	0.201223	0.000000	89.000000	2.457959
1116	47.457600	0.207465	0.000000	89.000000	2.468506
1117	47.454524	0.244681	0.000000	89.000000	2.452698
1118	47.451580	0.223574	0.000000	89.000000	2.448030
1119	47.453472	0.291176	0.000000	89.000000	2.493199
1120	47.454488	0.287817	0.000000	89.000000	2.496674
1121	47.445345	0.311760	0.000000	89.000000	2.491806
1122	47.450173	0.334096	0.000000	89.000000	2.496728
1123	47.452658	0.306124	0.000000	89.000000	2.464439
1124	47.445011	0.293614	0.000000	89.000000	2.489470
1125	47.449920	0.278412	0.000000	89.000000	2.457506
1126	47.449648	0.250808	0.000000	89.000000	2.473259
1127	47.448286	0.271288	0.000000	89.000000	2.463802
1128	47.446668	0.295839	0.000000	89.000000	2.450151
1129	47.451562	0.238491	0.000000	89.000000	2.503069
1130	47.452426	0.258763	0.000000	89.000000	2.475885
1131	47.449678	0.317052	0.000000	89.000000	2.486753
1132	47.456086	0.312223	0.000000	89.000000	2.466451
1133	47.456491	0.309930	0.000000	89.000000	2.481088
1134	47.454476	0.312375	0.000000	89.000000	2.485066
1135	47.454774	0.339768	0.000000	89.000000	2.473147
1136	47.455031	0.321446	0.000000	89.000000	2.486251
1137	47.449559	0.300583	0.000000	89.000000	2.503837
1138	47.455451	0.282933	0.000000	89.000000	2.502899
1139	47.458622	0.254957	0.000000	89.000000	2.492089
1140	47.460550	0.274349	0.000000	89.000000	2.470824
1141	47.457713	0.309067	0.000000	89.000000	2.458087
1142	47.461376	0.286434	0.000000	89.000000	2.498393
1143	47.456339	0.313002	0.000000	89.000000	2.488802
1144	47.464609	0.312580	0.000000	89.000000	2.431689
1145	47.468156	0.323616	0.000000	89.000000	2.486013
1146	47.462147	0.296366	0.000000	89.000000	2.489933
1147	47.469357	0.327130	0.000000	89.000000	2.502433
1148	47.467527	0.355596	0.000000	89.000000	2.515218
1149	47.466612	0.331360	0.000000	89.000000	2.502736
1150	47.462380	0.363894	0.000000	89.000000	2.463252
1151	47.471207	0.326563	0.000000	89.000000	2.473158
1152	47.464126	0.365400	0.000000	89.000000	2.472088
1153	47.470054	0.343456	0.000000	89.000000	2.461045
1154	47.470015	0.346228	0.000000	89.000000	2.496162
1155	47.469354	0.337740	0.000000	89.000000	2.470230
1156	47.465372	0.337168	0.000000	89.000000	2.448964
1157	47.469011	0.335221	0.000000	89.000000	2.467283
1158	47.473603	0.319852	0.000000	89.000000	2.476355
1159	47.474906	0.266322	0.000000	89.000000	2.466377
1160	47.469562	0.268960	0.000000	89.000000	2.489994
1161	47.470120	0.252621	0.000000	89.000000	2.484193
1162	47.465372	0.252083	0.000000	89.000000	2.471087
1163	47.467262	0.356173	0.000000	89.000000	2.484016
1164	47.465718	0.308962	0.000000	89.000000	2.491709
1165	47.464263	0.305693	0.000000	89.000000	2.465895
1166	47.471189	0.343925	0.000000	89.000000	2.457403
1167	47.462422	0.336433	0.000000	89.000000	2.480227
1168	47.465354	0.269882	0.000000	89.000000	2.496186
1169	47.468552	0.301409	0.000000	89.000000	2.503455
1170	47.469002	0.309625	0.000000	89.000000	2.504575
1171	47.469592	0.315396	0.000000	89.000000	2.436075
1172	47.472638	0.295333	0.000000	89.000000	2.475476
1173	47.466111	0.280114	0.000000	89.000000	2.484570
1174	47.467414	0.284554	0.000000	89.000000	2.494262
1175	47.469363	0.265834	0.000000	89.000000	2.492568
1176	47.472757	0.274957	0.000000	89.000000	2.497803
1177	47.474986	0.309495	0.000000	89.000000	2.516541
1178	47.471523	0.312824	0.000000	89.000000	2.483262
1179	47.476000	0.298622	0.000000	89.000000	2.465160
1180	47.475886	0.297149	0.000000	89.000000	2.471069
1181	47.479028	0.279318	0.000000	89.000000	2.471810
1182	47.478342	0.300279	0.000000	89.000000	2.436467
1183	47.478169	0.320984	0.000000	89.000000	2.492099
1184	47.479287	0.310196	0.000000	89.000000	2.486752
1185	47.480541	0.314381	0.000000	89.000000	2.482936
1186	47.471994	0.282332	0.000000	89.000000	2.464556
1187	47.471371	0.263988	0.000000	89.000000	2.489173
1188	47.468179	0.244366	0.000000	89.000000	2.480808
1189	47.473949	0.261250	0.000000	89.000000	2.469423
1190	47.472012	0.303465	0.000000	89.000000	2.489831
1191	47.475478	0.279249	0.000000	89.000000	2.500818
1192	47.468793	0.272726	0.000000	89.000000	2.493282
1193	47.469711	0.242174	0.000000	89.000000	2.453081
1194	47.468346	0.312780	0.000000	89.000000	2.464107
1195	47.462237	0.283619	0.000000	89.000000	2.484284
1196	47.464681	0.274614	0.000000	89.000000	2.485873
1197	47.464478	0.267729	0.000000	89.000000	2.473081
1198	47.463453	0.255016	0.000000	89.000000	2.486946
1199	47.462338	0.272583	0.000000	89.000000	2.489235
1200	47.459468	0.284133	0.000000	89.000000	2.469705
1201	47.466713	0.317953	0.000000	89.000000	2.487403
1202	47.467130	0.337870	0.000000	89.000000	2.502371
1203	47.469157	0.293358	0.000000	89.000000	2.490650
1204	47.470450	0.291278	0.000000	89.000000	2.500406
1205	47.472063	0.291399	0.000000	89.000000	2.479936
1206	47.468960	0.227678	0.000000	89.000000	2.460305
1207	47.472134	0.222151	0.000000	89.000000	2.491438
1208	47.470629	0.255476	0.000000	89.000000	2.482461
1209	47.469077	0.265545	0.000000	89.000000	2.429539
1210	47.469270	0.346666	0.000000	89.000000	2.492420
1211	47.470266	0.332813	0.000000	89.000000	2.483396
1212	47.477779	0.309452	0.000000	89.000000	2.467272
1213	47.474867	0.312569	0.000000	89.000000	2.466578
1214	47.478092	0.329510	0.000000	89.000000	2.477088
1215	47.469127	0.342109	0.000000	89.000000	2.459486
1216	47.470397	0.293850	0.000000	89.000000	2.500449
1217	47.466329	0.230943	0.000000	89.000000	2.498443
1218	47.464150	0.277571	0.000000	89.000000	2.496114
1219	47.463083	0.309402	0.000000	89.000000	2.464644
1220	47.466874	0.329482	0.000000	89.000000	2.455866
1221	47.463727	0.300815	0.000000	89.000000	2.443445
1222	47.469527	0.302517	0.000000	89.000000	2.471987
1223	47.472793	0.284914	0.000000	89.000000	2.488739
1224	47.478786	0.257705	0.000000	89.000000	2.488168
1225	47.470891	0.273201	0.000000	89.000000	2.473240
1226	47.472388	0.262919	0.000000	89.000000	2.485687
1227	47.474676	0.303796	0.000000	89.000000	2.507621
1228	47.464305	0.302368	0.000000	89.000000	2.500068
1229	47.467262	0.304821	0.000000	89.000000	2.515965
1230	47.468930	0.287293	0.000000	89.000000	2.509245
1231	47.476405	0.288253	0.000000	89.000000	2.496687
1232	47.470504	0.321886	0.000000	89.000000	2.514267
1233	47.471762	0.219699	0.000000	89.000000	2.482525
1234	47.474983	0.283326	0.000000	89.000000	2.464474
1235	47.478205	0.296003	0.000000	89.000000	2.465792
1236	47.474062	0.237468	0.000000	89.000000	2.208763
1237	47.512716	0.268543	0.000000	89.000000	2.272101
1238	47.513202	0.263315	0.000000	89.000000	2.247077
1239	47.512823	0.262512	0.000000	89.000000	2.278819
1240	47.513422	0.259075	0.000000	89.000000	2.247396
1241	47.513902	0.258207	0.000000	89.000000	2.276607
1242	47.514063	0.257813	0.000000	89.000000	2.286477
1243	47.513926	0.256178	0.000000	89.000000	2.260904
1244	47.513819	0.257226	0.000000	89.000000	2.282275
1245	47.513831	0.257837	0.000000	89.000000	2.305230
1246	47.513750	0.258227	0.000000	89.000000	2.284866
1247	47.513777	0.257985	0.000000	89.000000	2.299840
1248	47.513753	0.258161	0.000000	89.000000	2.233367
1249	47.513807	0.259021	0.000000	89.000000	2.285887
1250	47.513917	0.259327	0.000000	89.000000	2.258924
1251	47.513917	0.259327	0.000000	89.000000	2.257933
1252	47.513917	0.259327	0.000000	89.000000	2.289747
1253	47.513917	0.259327	0.000000	89.000000	2.299072
1254	47.513917	0.259327	0.000000	89.000000	2.323484
1255	47.513917	0.259327	0.000000	89.000000	2.306211
1256	47.513917	0.259327	0.000000	89.000000	2.276301
1257	47.513917	0.259327	0.000000	89.000000	2.245147
1258	47.513917	0.259327	0.000000	89.000000	2.290655
1259	47.513917	0.259327	0.000000	89.000000	2.280556
1260	47.513917	0.259327	0.000000	89.000000	2.318702
1261	47.513917	0.259327	0.000000	89.000000	2.317075
1262	47.513917	0.259327	0.000000	89.000000	2.257400
1263	47.513917	0.259327	0.000000	89.000000	2.264041
1264	47.513917	0.259327	0.000000	89.000000	2.285521
1265	47.513917	0.259327	0.000000	89.000000	2.261216
1266	47.513917	0.259327	0.000000	89.000000	2.282697
1267	47.513917	0.259327	0.000000	89.000000	2.313863
1268	47.513917	0.259327	0.000000	89.000000	2.312540
1269	47.513917	0.259327	0.000000	89.000000	2.275386
1270	47.513917	0.259327	0.000000	89.000000	2.252805
1271	47.513917	0.259327	0.000000	89.000000	2.259562
1272	47.513917	0.259327	0.000000	89.000000	2.277518
1273	47.513917	0.259327	0.000000	89.000000	2.247914
1274	47.513917	0.259327	0.000000	89.000000	2.302310
1275	47.513917	0.259327	0.000000	89.000000	2.320843
1276	47.513917	0.259327	0.000000	89.000000	2.301959
1277	47.513917	0.259327	0.000000	89.000000	2.280267
1278	47.513917	0.259327	0.000000	89.000000	2.248286
1279	47.513917	0.259327	0.000000	89.000000	2.271223
1280	47.513917	0.259327	0.000000	89.000000	2.287633
1281	47.513917	0.259327	0.000000	89.000000	2.279162
1282	47.513917	0.259327	0.000000	89.000000	2.275476
1283	47.513917	0.259327	0.000000	89.000000	2.300404
1284	47.513917	0.259327	0.000000	89.000000	2.313926
1285	47.513917	0.259327	0.000000	89.000000	2.275472
1286	47.513917	0.259327	0.000000	89.000000	2.257479
1287	47.513917	0.259327	0.000000	89.000000	2.255991
1288	47.513917	0.259327	0.000000	89.000000	2.287888
1289	47.513917	0.259327	0.000000	89.000000	2.277592
1290	47.513917	0.259327	0.000000	89.000000	2.310647
1291	47.513917	0.259327	0.000000	89.000000	2.307561
1292	47.513917	0.259327	0.000000	89.000000	2.264421
