1	27.390230	2.578288	0.000000	89.000000	2.387745
2	33.141753	3.596096	0.000000	89.000000	2.399971
3	37.231937	3.696890	0.000000	89.000000	2.424956
4	39.797604	3.800231	0.000000	89.000000	2.401023
5	41.338220	3.755830	0.000000	89.000000	2.403751
6	42.310786	3.895706	0.000000	89.000000	2.411100
7	42.943105	3.917447	0.000000	89.000000	2.401514
8	43.422499	4.070392	0.000000	89.000000	2.399912
9	43.774807	4.105897	0.000000	89.000000	2.408141
10	44.041079	4.260019	0.000000	89.000000	2.408998
11	44.257954	4.259416	0.000000	89.000000	2.428791
12	44.424808	4.288560	0.000000	89.000000	2.408661
13	44.590625	4.258173	0.074906	89.000000	2.408232
14	44.697309	4.307800	0.000000	89.000000	2.415259
15	44.793966	4.276866	0.000000	89.000000	2.405960
16	44.873106	4.347332	0.000000	89.000000	2.392248
17	44.970453	4.455176	0.000000	89.000000	2.415369
18	45.029259	4.344624	0.000000	89.000000	2.395925
19	45.103887	4.243324	0.000000	89.000000	2.423550
20	45.184854	4.339175	0.000000	89.000000	2.428960
21	45.238018	4.313028	0.000000	89.000000	2.439660
22	45.287606	4.223636	0.000000	89.000000	2.413618
23	45.337546	4.086253	0.000000	89.000000	2.430441
24	45.368674	4.022169	0.000000	89.000000	2.410087
25	45.395619	4.017131	0.000000	89.000000	2.417346
26	45.430529	4.058289	0.000000	89.000000	2.455673
27	45.465416	3.958719	0.000000	89.000000	2.432446
28	45.478714	3.873725	0.000000	89.000000	2.414103
29	45.513701	3.824135	0.000000	89.000000	2.413151
30	45.541495	3.808159	0.000000	89.000000	2.437856
31	45.564449	3.876585	0.000000	89.000000	2.451961
32	45.582485	3.761461	0.000000	89.000000	2.413407
33	45.605719	3.767539	0.000000	89.000000	2.427317
34	45.622212	3.781798	0.000000	89.000000	2.430571
35	45.640773	3.721134	0.000000	89.000000	2.454255
36	45.652851	3.640698	0.000000	89.000000	2.410654
37	45.664385	3.593550	0.000000	89.000000	2.436668
38	45.681602	3.579575	0.000000	89.000000	2.457873
39	45.692140	3.530461	0.000000	89.000000	2.436326
40	45.703435	3.588488	0.000000	89.000000	2.428499
41	45.717353	3.517454	0.000000	89.000000	2.462245
42	45.730194	3.489344	0.000000	89.000000	2.433193
43	45.731983	3.512120	0.000000	89.000000	2.416658
44	45.755720	3.469095	0.000000	89.000000	2.423387
45	45.744342	3.521962	0.000000	89.000000	2.457237
46	45.767525	3.510469	0.000000	89.000000	2.426771
47	45.771062	3.474824	0.000000	89.000000	2.414402
48	45.788717	3.508789	0.000000	89.000000	2.424403
49	45.783889	3.452448	0.000000	89.000000	2.455898
50	45.782971	3.414014	0.000000	89.000000	2.437718
51	45.791876	3.531012	0.000000	89.000000	2.400733
52	45.820829	3.530596	0.000000	89.000000	2.446600
53	45.811176	3.445316	0.000000	89.000000	2.464434
54	45.828700	3.482582	0.000000	89.000000	2.427236
55	45.830888	3.420648	0.000000	89.000000	2.455602
56	45.826319	3.352371	0.000000	89.000000	2.421138
57	45.836160	3.362203	0.000000	89.000000	2.437571
58	45.823044	3.358953	0.000000	89.000000	2.473206
59	45.814663	3.378117	0.000000	89.000000	2.417592
60	45.834118	3.347031	0.000000	89.000000	2.429164
61	45.831379	3.351774	0.000000	89.000000	2.473594
62	45.840031	3.261826	0.000000	89.000000	2.446981
63	45.856643	3.337856	0.000000	89.000000	2.467649
64	45.834750	3.381514	0.000000	89.000000	2.423382
65	45.836550	3.410070	0.000000	89.000000	2.422427
66	45.864815	3.435759	0.000000	89.000000	2.473325
67	45.893508	3.415254	0.000000	89.000000	2.435974
68	45.893812	3.433583	0.000000	89.000000	2.475572
69	45.897004	3.345691	0.000000	89.000000	2.417265
70	45.898366	3.317564	0.000000	89.000000	2.428976
71	45.884895	3.336936	0.000000	89.000000	2.468285
72	45.889896	3.361492	0.000000	89.000000	2.443927
73	45.907000	3.348742	0.000000	89.000000	2.426430
74	45.908260	3.403677	0.000000	89.000000	2.451465
75	45.905608	3.440839	0.000000	89.000000	2.466136
76	45.895219	3.396572	0.000000	89.000000	2.449909
77	45.894277	3.399103	0.000000	89.000000	2.444492
78	45.903528	3.298862	0.000000	89.000000	2.441490
79	45.900238	3.294175	0.000000	89.000000	2.432185
80	45.907715	3.275575	0.000000	89.000000	2.445992
81	45.915449	3.272394	0.000000	89.000000	2.479783
82	45.910710	3.250819	0.000000	89.000000	2.426873
83	45.902663	3.235478	0.000000	89.000000	2.479027
84	45.912036	3.248242	0.000000	89.000000	2.412379
85	45.905524	3.321555	0.000000	89.000000	2.441331
86	45.909536	3.314924	0.000000	89.000000	2.473286
87	45.907152	3.319242	0.000000	89.000000	2.429960
88	45.903030	3.172571	0.000000	89.000000	2.459137
89	45.908025	3.211534	0.000000	89.000000	2.432415
90	45.908219	3.189367	0.000000	89.000000	2.436236
91	45.921719	3.098356	0.000000	89.000000	2.470357
92	45.904231	3.037944	0.000000	89.000000	2.425904
93	45.928770	3.083807	0.000000	89.000000	2.452604
94	45.929915	3.083849	0.000000	89.000000	2.458161
95	45.921755	3.024077	0.000000	89.000000	2.462259
96	45.920718	3.099428	0.000000	89.000000	2.449339
97	45.930406	3.007399	0.000000	89.000000	2.461616
98	45.917276	3.014508	0.000000	89.000000	2.436873
99	45.917216	3.042382	0.000000	89.000000	2.435254
100	45.929456	3.076656	0.000000	89.000000	2.456385
101	45.927370	3.051494	0.000000	89.000000	2.442882
102	45.919156	3.018654	0.000000	89.000000	2.444758
103	45.923412	2.981894	0.000000	89.000000	2.443710
104	45.923713	3.068309	0.000000	89.000000	2.423687
105	45.924956	3.064951	0.000000	89.000000	2.434022
106	45.922107	3.149493	0.000000	89.000000	2.464598
107	45.910823	3.165162	0.000000	89.000000	2.413105
108	45.906094	3.222856	0.000000	89.000000	2.452000
109	45.915556	3.162266	0.000000	89.000000	2.472538
110	45.925677	3.082153	0.000000	89.000000	2.485994
111	45.930734	3.094008	0.000000	89.000000	2.431491
112	45.936209	3.148217	0.000000	89.000000	2.412077
113	45.930094	3.205629	0.000000	89.000000	2.467844
114	45.925820	3.198204	0.000000	89.000000	2.448717
115	45.915759	3.173312	0.000000	89.000000	2.477683
116	45.928562	3.293883	0.000000	89.000000	2.436929
117	45.933676	3.166435	0.000000	89.000000	2.442150
118	45.943958	3.250520	0.000000	89.000000	2.457061
119	45.931494	3.233963	0.000000	89.000000	2.442507
120	45.915031	3.199549	0.000000	89.000000	2.470778
121	45.926607	3.094718	0.000000	89.000000	2.477930
122	45.939770	3.211113	0.000000	89.000000	2.438183
123	45.936644	3.233102	0.000000	89.000000	2.456493
124	45.937863	3.223753	0.000000	89.000000	2.441348
125	45.934722	3.135671	0.000000	89.000000	2.433795
126	45.939916	3.088555	0.000000	89.000000	2.468839
127	45.919114	3.112420	0.000000	89.000000	2.426402
128	45.915422	3.158144	0.000000	89.000000	2.436180
129	45.921028	3.161693	0.000000	89.000000	2.452569
130	45.923540	3.250749	0.000000	89.000000	2.446901
131	45.917147	3.242211	0.000000	89.000000	2.488109
132	45.929709	3.143079	0.000000	89.000000	2.467244
133	45.927545	3.021142	0.000000	89.000000	2.450006
134	45.928532	3.146933	0.000000	89.000000	2.487774
135	45.922637	3.146087	0.000000	89.000000	2.448689
136	45.921010	3.141393	0.000000	89.000000	2.462399
137	45.915192	3.059565	0.000000	89.000000	2.469763
138	45.920512	3.096800	0.000000	89.000000	2.461735
139	45.930117	3.162521	0.000000	89.000000	2.430453
140	45.939791	3.105081	0.000000	89.000000	2.467937
141	45.928466	3.091350	0.000000	89.000000	2.441154
142	45.932749	3.074522	0.000000	89.000000	2.467359
143	45.937920	3.063911	0.000000	89.000000	2.455623
144	45.935741	3.053462	0.000000	89.000000	2.480944
145	45.923752	3.124494	0.000000	89.000000	2.485653
146	45.930415	3.111686	0.000000	89.000000	2.434713
147	45.923349	3.169589	0.000000	89.000000	2.480666
148	45.916885	3.228872	0.000000	89.000000	2.460685
149	45.916080	3.255303	0.000000	89.000000	2.452090
150	45.920473	3.244266	0.000000	89.000000	2.465461
151	45.920870	3.136857	0.000000	89.000000	2.468534
152	45.918837	3.003805	0.000000	89.000000	2.485339
153	45.911801	3.064493	0.000000	89.000000	2.441333
154	45.922172	3.059000	0.000000	89.000000	2.476523
155	45.943767	2.966178	0.000000	89.000000	2.449579
156	45.933041	2.988952	0.000000	89.000000	2.459855
157	45.936614	2.951532	0.000000	89.000000	2.453215
158	45.932639	2.946024	0.000000	89.000000	2.474690
159	45.919198	2.967379	0.000000	89.000000	2.475205
160	45.905346	2.957624	0.000000	89.000000	2.433696
161	45.917585	2.958678	0.000000	89.000000	2.469049
162	45.913184	2.983087	0.000000	89.000000	2.442709
163	45.924145	2.971998	0.000000	89.000000	2.466317
164	45.946020	2.930471	0.000000	89.000000	2.492289
165	45.933250	2.970139	0.000000	89.000000	2.462571
166	45.929989	2.955782	0.000000	89.000000	2.456609
167	45.932779	2.969616	0.000000	89.000000	2.445112
168	45.930409	2.953839	0.000000	89.000000	2.458510
169	45.932871	2.989778	0.000000	89.000000	2.456616
170	45.940232	2.962452	0.000000	89.000000	2.456941
171	45.930555	3.033250	0.000000	89.000000	2.465245
172	45.940500	2.976747	0.000000	89.000000	2.415615
173	45.936996	2.912746	0.000000	89.000000	2.486851
174	45.943314	2.891265	0.000000	89.000000	2.451980
175	45.935035	2.897755	0.000000	89.000000	2.461274
176	45.933449	2.980095	0.000000	89.000000	2.459531
177	45.931786	3.010537	0.000000	89.000000	2.459338
178	45.930451	2.967663	0.000000	89.000000	2.424697
179	45.923367	3.050935	0.000000	89.000000	2.486750
180	45.933041	2.976229	0.000000	89.000000	2.492174
181	45.930764	3.043663	0.000000	89.000000	2.440433
182	45.926678	3.081854	0.000000	89.000000	2.466522
183	45.920733	3.129391	0.000000	89.000000	2.444890
184	45.911324	3.067208	0.000000	89.000000	2.467203
185	45.909792	2.976614	0.000000	89.000000	2.424000
186	45.912638	3.006376	0.000000	89.000000	2.474888
187	45.920587	2.956105	0.000000	89.000000	2.460085
188	45.925558	3.008610	0.000000	89.000000	2.462105
189	45.933101	3.017494	0.000000	89.000000	2.445266
190	45.926350	3.070491	0.000000	89.000000	2.422204
191	45.935559	3.066456	0.000000	89.000000	2.457764
192	45.931846	3.130723	0.000000	89.000000	2.449553
193	45.925957	3.072577	0.000000	89.000000	2.481275
194	45.921451	2.991463	0.000000	89.000000	2.455473
195	45.923924	2.884902	0.000000	89.000000	2.456043
196	45.921621	2.906193	0.000000	89.000000	2.411863
197	45.911923	2.905831	0.000000	89.000000	2.476048
198	45.920077	2.850236	0.000000	89.000000	2.456357
199	45.917454	2.977384	0.000000	89.000000	2.481821
200	45.927575	2.994387	0.000000	89.000000	2.454256
201	45.921874	2.932808	0.000000	89.000000	2.457297
202	45.923188	2.867373	0.000000	89.000000	2.410053
203	45.928204	2.950862	0.000000	89.000000	2.453557
204	45.929652	2.977864	0.000000	89.000000	2.472101
205	45.925939	2.887904	0.000000	89.000000	2.476586
206	45.918214	2.928321	0.000000	89.000000	2.433516
207	45.932227	2.963816	0.000000	89.000000	2.475585
208	45.941168	2.967690	0.000000	89.000000	2.458108
209	45.925319	2.948548	0.000000	89.000000	2.457187
210	45.927131	3.042987	0.000000	89.000000	2.445323
211	45.922941	2.991135	0.000000	89.000000	2.476012
212	45.931169	2.916370	0.000000	89.000000	2.436787
213	45.932531	3.003624	0.000000	89.000000	2.468693
214	45.939684	2.961699	0.000000	89.000000	2.443456
215	45.927602	2.990490	0.000000	89.000000	2.471696
216	46.087134	3.044157	0.000000	89.000000	2.448507
217	46.145582	2.993673	0.000000	89.000000	2.474159
218	46.180165	3.019371	0.000000	89.000000	2.436062
219	46.197140	2.926596	0.000000	89.000000	2.466291
220	46.199787	2.949726	0.000000	89.000000	2.443081
221	46.195662	2.991303	0.000000	89.000000	2.471265
222	46.211839	3.073178	0.000000	89.000000	2.463507
223	46.214941	2.965018	0.000000	89.000000	2.469934
224	46.215674	2.966267	0.000000	89.000000	2.485977
225	46.205425	2.969657	0.000000	89.000000	2.433274
226	46.218747	2.977081	0.000000	89.000000	2.466538
227	46.224388	3.017006	0.000000	89.000000	2.443494
228	46.228981	3.014864	0.000000	89.000000	2.479879
229	46.244806	2.980750	0.000000	89.000000	2.457172
230	46.244177	3.040690	0.000000	89.000000	2.483904
231	46.235570	2.993488	0.000000	89.000000	2.466793
232	46.247658	2.975544	0.000000	89.000000	2.448409
233	46.259710	3.031504	0.000000	89.000000	2.457368
234	46.261117	3.014527	0.000000	89.000000	2.480524
235	46.271157	3.169642	0.000000	89.000000	2.465429
236	46.267101	3.125405	0.000000	89.000000	2.477572
237	46.269250	3.017640	0.000000	89.000000	2.481924
238	46.249816	3.123367	0.000000	89.000000	2.469917
239	46.250382	3.021973	0.000000	89.000000	2.461190
240	46.251321	2.849831	0.000000	89.000000	2.449383
241	46.252164	2.877981	0.000000	89.000000	2.469609
242	46.255806	2.923917	0.000000	89.000000	2.452917
243	46.256760	2.998406	0.000000	89.000000	2.478210
244	46.263397	2.986690	0.000000	89.000000	2.497388
245	46.260864	3.017913	0.000000	89.000000	2.466185
246	46.258610	2.987943	0.000000	89.000000	2.488819
247	46.275356	2.964712	0.000000	89.000000	2.478947
248	46.263784	2.946167	0.000000	89.000000	2.439602
249	46.270549	3.005873	0.000000	89.000000	2.473345
250	46.265721	3.016528	0.000000	89.000000	2.476768
251	46.265733	3.009789	0.000000	89.000000	2.442482
252	46.264371	3.019545	0.000000	89.000000	2.498037
253	46.275657	3.087526	0.000000	89.000000	2.504892
254	46.274877	3.044651	0.000000	89.000000	2.497311
255	46.282107	3.105286	0.000000	89.000000	2.458740
256	46.291241	3.130454	0.000000	89.000000	2.479721
257	46.273202	3.086554	0.000000	89.000000	2.447534
258	46.271515	3.031228	0.000000	89.000000	2.481402
259	46.269643	2.988724	0.000000	89.000000	2.474307
260	46.268648	2.981909	0.000000	89.000000	2.419337
261	46.261758	3.051335	0.000000	89.000000	2.485191
262	46.277821	3.023961	0.000000	89.000000	2.473488
263	46.272606	2.981977	0.000000	89.000000	2.465658
264	46.269584	3.031179	0.000000	89.000000	2.458439
265	46.256226	3.043215	0.000000	89.000000	2.440667
266	46.270233	3.036903	0.000000	89.000000	2.411026
267	46.272093	2.969744	0.000000	89.000000	2.455557
268	46.263012	3.036448	0.000000	89.000000	2.473379
269	46.267903	2.971803	0.000000	89.000000	2.488334
270	46.261978	3.080003	0.000000	89.000000	2.455452
271	46.269700	3.050666	0.000000	89.000000	2.472652
272	46.265423	2.981633	0.000000	89.000000	2.465189
273	46.278179	3.034996	0.000000	89.000000	2.433683
274	46.272206	2.941733	0.000000	89.000000	2.501883
275	46.262351	2.939853	0.000000	89.000000	2.499804
276	46.264473	2.947892	0.000000	89.000000	2.497313
277	46.275032	2.961065	0.000000	89.000000	2.472080
278	46.275127	2.980619	0.000000	89.000000	2.456800
279	46.286577	3.043213	0.000000	89.000000	2.439778
280	46.276510	3.006025	0.000000	89.000000	2.474123
281	46.276957	2.944927	0.000000	89.000000	2.428093
282	46.279019	2.963000	0.000000	89.000000	2.474330
283	46.284723	2.897079	0.000000	89.000000	2.496590
284	46.288723	2.927424	0.000000	89.000000	2.488218
285	46.279037	2.880779	0.000000	89.000000	2.457444
286	46.289909	2.886888	0.000000	89.000000	2.481006
287	46.282613	2.905539	0.000000	89.000000	2.451000
288	46.288320	2.966630	0.000000	89.000000	2.475219
289	46.285880	2.979270	0.000000	89.000000	2.432125
290	46.273267	2.908670	0.000000	89.000000	2.473414
291	46.259028	2.852706	0.000000	89.000000	2.490438
292	46.279800	2.844318	0.000000	89.000000	2.440371
293	46.272990	2.933751	0.000000	89.000000	2.461674
294	46.281216	2.922876	0.000000	89.000000	2.507703
295	46.267921	2.909598	0.000000	89.000000	2.487913
296	46.264020	2.915812	0.000000	89.000000	2.470478
297	46.279693	2.987780	0.000000	89.000000	2.470166
298	46.276200	2.945372	0.000000	89.000000	2.435086
299	46.293408	2.924212	0.000000	89.000000	2.477576
300	46.275580	2.852473	0.000000	89.000000	2.444643
301	46.280622	2.967320	0.000000	89.000000	2.471129
302	46.280181	2.965110	0.000000	89.000000	2.461373
303	46.283606	2.963225	0.000000	89.000000	2.477270
304	46.274564	2.914051	0.000000	89.000000	2.447710
305	46.282271	2.932920	0.000000	89.000000	2.467686
306	46.283329	2.982012	0.000000	89.000000	2.497406
307	46.295792	2.938227	0.000000	89.000000	2.446847
308	46.275663	2.840620	0.000000	89.000000	2.464683
309	46.280405	2.876623	0.000000	89.000000	2.458339
310	46.289411	2.931592	0.000000	89.000000	2.470296
311	46.288434	2.909023	0.000000	89.000000	2.472354
312	46.286044	2.910846	0.000000	89.000000	2.434176
313	46.285790	2.873947	0.000000	89.000000	2.487773
314	46.277809	2.867287	0.000000	89.000000	2.453670
315	46.285564	2.870015	0.000000	89.000000	2.456658
316	46.289980	2.890072	0.000000	89.000000	2.456770
317	46.286130	2.887500	0.000000	89.000000	2.472584
318	46.291170	2.976228	0.000000	89.000000	2.486926
319	46.290195	2.972556	0.000000	89.000000	2.418062
320	46.286297	2.903448	0.000000	89.000000	2.436904
321	46.284068	2.851672	0.000000	89.000000	2.460618
322	46.282893	2.887500	0.000000	89.000000	2.446226
323	46.287432	2.886226	0.000000	89.000000	2.470115
324	46.291810	2.875092	0.000000	89.000000	2.427645
325	46.285903	2.906987	0.000000	89.000000	2.490449
326	46.287820	2.852735	0.000000	89.000000	2.471359
327	46.295696	2.927439	0.000000	89.000000	2.440698
328	46.284890	2.928501	0.000000	89.000000	2.465190
329	46.281052	2.916423	0.000000	89.000000	2.455203
330	46.286851	2.873223	0.000000	89.000000	2.418284
331	46.291384	2.867630	0.000000	89.000000	2.469790
332	46.283752	2.897366	0.000000	89.000000	2.467254
333	46.293202	2.938323	0.000000	89.000000	2.477162
334	46.284634	2.949028	0.000000	89.000000	2.470454
335	46.277326	2.843186	0.000000	89.000000	2.448429
336	46.277249	2.905378	0.000000	89.000000	2.447705
337	46.286479	2.900163	0.000000	89.000000	2.432894
338	46.288025	2.804538	0.000000	89.000000	2.477927
339	46.278003	2.795251	0.000000	89.000000	2.468428
340	46.277428	2.860110	0.000000	89.000000	2.490368
341	46.271163	2.804421	0.000000	89.000000	2.460936
342	46.278003	2.845343	0.000000	89.000000	2.459419
343	46.282107	2.806769	0.000000	89.000000	2.433502
344	46.283716	2.764622	0.000000	89.000000	2.448722
345	46.289721	2.858309	0.000000	89.000000	2.463143
346	46.293879	2.906484	0.000000	89.000000	2.474840
347	46.293449	2.822984	0.000000	89.000000	2.462259
348	46.299297	2.855489	0.000000	89.000000	2.444718
349	46.297359	2.932599	0.000000	89.000000	2.425605
350	46.298152	2.874201	0.000000	89.000000	2.471504
351	46.286410	2.861621	0.000000	89.000000	2.466934
352	46.297145	2.872974	0.000000	89.000000	2.475728
353	46.294647	2.874849	0.000000	89.000000	2.483086
354	46.298063	2.873023	0.000000	89.000000	2.449195
355	46.304601	2.839452	0.000000	89.000000	2.467124
356	46.300590	2.791052	0.000000	89.000000	2.422972
357	46.302378	2.832641	0.000000	89.000000	2.464404
358	46.302950	2.811415	0.000000	89.000000	2.453637
359	46.296436	2.799508	0.000000	89.000000	2.480379
360	46.292287	2.729092	0.000000	89.000000	2.438527
361	46.292743	2.791429	0.000000	89.000000	2.470926
362	46.303153	2.807689	0.000000	89.000000	2.417252
363	46.292245	2.775202	0.000000	89.000000	2.457703
364	46.289647	2.774755	0.000000	89.000000	2.464601
365	46.298489	2.695536	0.000000	89.000000	2.482530
366	46.285659	2.744027	0.000000	89.000000	2.446528
367	46.285543	2.668586	0.000000	89.000000	2.438169
368	46.283275	2.696149	0.000000	89.000000	2.469630
369	46.280152	2.731709	0.000000	89.000000	2.468448
370	46.285009	2.709624	0.000000	89.000000	2.462418
371	46.304345	2.732982	0.000000	89.000000	2.469615
372	46.296552	2.737515	0.000000	89.000000	2.432961
373	46.294159	2.770387	0.000000	89.000000	2.457762
374	46.299165	2.740880	0.000000	89.000000	2.437691
375	46.300972	2.783275	0.000000	89.000000	2.473157
376	46.283266	2.854888	0.000000	89.000000	2.450861
377	46.303517	2.755325	0.000000	89.000000	2.478905
378	46.276778	2.814091	0.000000	89.000000	2.427562
379	46.301049	2.793517	0.000000	89.000000	2.460865
380	46.305746	2.854160	0.000000	89.000000	2.439589
381	46.310812	2.721375	0.000000	89.000000	2.467149
382	46.308565	2.728110	0.000000	89.000000	2.451577
383	46.300402	2.699497	0.000000	89.000000	2.467258
384	46.290213	2.720651	0.000000	89.000000	2.433278
385	46.285695	2.795008	0.000000	89.000000	2.442162
386	46.298060	2.789038	0.000000	89.000000	2.462276
387	46.291682	2.710076	0.000000	89.000000	2.446155
388	46.296269	2.734685	0.000000	89.000000	2.472340
389	46.289539	2.703809	0.000000	89.000000	2.430354
390	46.284139	2.698915	0.000000	89.000000	2.454604
391	46.286100	2.695887	0.000000	89.000000	2.434219
392	46.300045	2.760892	0.000000	89.000000	2.440257
393	46.298712	2.742171	0.000000	89.000000	2.469765
394	46.298420	2.740953	0.000000	89.000000	2.419435
395	46.287620	2.777930	0.000000	89.000000	2.473626
396	46.286786	2.806840	0.000000	89.000000	2.431963
397	46.287432	2.760227	0.000000	89.000000	2.436648
398	46.294937	2.771131	0.000000	89.000000	2.465436
399	46.296841	2.712391	0.000000	89.000000	2.416960
400	46.291083	2.742756	0.000000	89.000000	2.475052
401	46.296674	2.751810	0.000000	89.000000	2.458789
402	46.292967	2.717992	0.000000	89.000000	2.490082
403	46.308035	2.695292	0.000000	89.000000	2.447830
404	46.309209	2.739361	0.000000	89.000000	2.463454
405	46.304804	2.729849	0.000000	89.000000	2.421071
406	46.302557	2.745850	0.000000	89.000000	2.463474
407	46.302739	2.815962	0.000000	89.000000	2.457165
408	46.293399	2.837871	0.000000	89.000000	2.469406
409	46.297407	2.831787	0.000000	89.000000	2.441344
410	46.304092	2.801933	0.000000	89.000000	2.472120
411	46.296269	2.811357	0.000000	89.000000	2.421502
412	46.298313	2.789234	0.000000	89.000000	2.477142
413	46.287042	2.814867	0.000000	89.000000	2.458123
414	46.298578	2.770742	0.000000	89.000000	2.486089
415	46.290743	2.714295	0.000000	89.000000	2.456298
416	46.301761	2.717057	0.000000	89.000000	2.451708
417	46.295047	2.780037	0.000000	89.000000	2.467471
418	46.280026	2.766560	0.000000	89.000000	2.443307
419	46.288753	2.822862	0.000000	89.000000	2.451329
420	46.291703	2.786664	0.000000	89.000000	2.474043
421	46.301600	2.739569	0.000000	89.000000	2.480004
422	46.312249	2.816073	0.000000	89.000000	2.437152
423	46.309066	2.839707	0.000000	89.000000	2.482521
424	46.298742	2.776106	0.000000	89.000000	2.465273
425	46.285927	2.777260	0.000000	89.000000	2.447193
426	46.300539	2.762836	0.000000	89.000000	2.464568
427	46.318108	2.784860	0.000000	89.000000	2.469972
428	46.312144	2.851514	0.000000	89.000000	2.482535
429	46.299571	2.810191	0.000000	89.000000	2.436011
430	46.301550	2.905992	0.000000	89.000000	2.482813
431	46.307665	2.850656	0.000000	89.000000	2.454636
432	46.305040	2.808465	0.000000	89.000000	2.460780
433	46.305907	2.788220	0.000000	89.000000	2.449546
434	46.310174	2.767907	0.000000	89.000000	2.478925
435	46.318078	2.857079	0.000000	89.000000	2.459642
436	46.318778	2.888281	0.000000	89.000000	2.446800
437	46.304822	2.870527	0.000000	89.000000	2.444201
438	46.307451	2.910277	0.000000	89.000000	2.462919
439	46.308693	2.875592	0.000000	89.000000	2.476902
440	46.317983	2.835271	0.000000	89.000000	2.458845
441	46.319121	2.758713	0.000000	89.000000	2.482390
442	46.303475	2.782223	0.000000	89.000000	2.496636
443	46.294099	2.799567	0.000000	89.000000	2.436380
444	46.287385	2.813869	0.000000	89.000000	2.467584
445	46.297187	2.833507	0.000000	89.000000	2.456747
446	46.296185	2.835383	0.000000	89.000000	2.452399
447	46.313345	2.869693	0.000000	89.000000	2.461075
448	46.303600	2.802895	0.000000	89.000000	2.474298
449	46.296048	2.947386	0.000000	89.000000	2.477290
450	46.299702	2.962559	0.000000	89.000000	2.437565
451	46.302107	2.958702	0.000000	89.000000	2.484547
452	46.324795	2.878223	0.000000	89.000000	2.466626
453	46.304297	2.841952	0.000000	89.000000	2.445389
454	46.315098	2.786623	0.000000	89.000000	2.465463
455	46.314356	2.837632	0.000000	89.000000	2.473332
456	46.320033	2.872507	0.000000	89.000000	2.471135
457	46.308684	2.849548	0.000000	89.000000	2.443199
458	46.310207	2.870602	0.000000	89.000000	2.482219
459	46.303785	2.801876	0.000000	89.000000	2.412395
460	46.308649	2.803765	0.000000	89.000000	2.456298
461	46.321005	2.780309	0.000000	89.000000	2.469157
462	46.314612	2.849457	0.000000	89.000000	2.485095
463	46.308848	2.768423	0.000000	89.000000	2.445176
464	46.304095	2.774275	0.000000	89.000000	2.447631
465	46.295494	2.777032	0.000000	89.000000	2.445763
466	46.311051	2.751097	0.000000	89.000000	2.472439
467	46.307772	2.785607	0.000000	89.000000	2.462801
468	46.302301	2.781267	0.000000	89.000000	2.489423
469	46.307206	2.752384	0.000000	89.000000	2.480271
470	46.305853	2.745311	0.000000	89.000000	2.450408
471	46.320087	2.772105	0.000000	89.000000	2.462029
472	46.302748	2.800381	0.000000	89.000000	2.444524
473	46.316582	2.789045	0.000000	89.000000	2.469917
474	46.303535	2.772331	0.000000	89.000000	2.460115
475	46.306384	2.820652	0.000000	89.000000	2.469170
476	46.306545	2.780436	0.000000	89.000000	2.436610
477	46.315795	2.771947	0.000000	89.000000	2.465497
478	46.331626	2.799486	0.000000	89.000000	2.456746
479	46.315968	2.684284	0.000000	89.000000	2.458068
480	46.314740	2.711411	0.000000	89.000000	2.450471
481	46.324092	2.769026	0.000000	89.000000	2.468557
482	46.306434	2.727563	0.000000	89.000000	2.438822
483	46.315369	2.675968	0.000000	89.000000	2.466696
484	46.309847	2.697448	0.000000	89.000000	2.455799
485	46.308398	2.752768	0.000000	89.000000	2.465959
486	46.314228	2.793117	0.000000	89.000000	2.478506
487	46.317163	2.759238	0.000000	89.000000	2.461475
488	46.315765	2.720169	0.000000	89.000000	2.486943
489	46.324417	2.709295	0.000000	89.000000	2.475807
490	46.319565	2.738217	0.000000	89.000000	2.438410
491	46.329552	2.784519	0.000000	89.000000	2.468507
492	46.328098	2.761551	0.000000	89.000000	2.447990
493	46.327922	2.771025	0.000000	89.000000	2.472730
494	46.316355	2.779109	0.000000	89.000000	2.454235
495	46.307155	2.765498	0.000000	89.000000	2.477853
496	46.303284	2.730398	0.000000	89.000000	2.439216
497	46.305117	2.817202	0.000000	89.000000	2.462697
498	46.300936	2.891884	0.000000	89.000000	2.433578
499	46.306413	2.792914	0.000000	89.000000	2.470236
500	46.308243	2.746618	0.000000	89.000000	2.453004
501	46.310470	2.788283	0.000000	89.000000	2.483230
502	46.324420	2.816641	0.000000	89.000000	2.446841
503	46.319342	2.730456	0.000000	89.000000	2.455180
504	46.317911	2.736563	0.000000	89.000000	2.430342
505	46.316177	2.819684	0.000000	89.000000	2.473805
506	46.313912	2.819896	0.000000	89.000000	2.451735
507	46.320736	2.849298	0.000000	89.000000	2.480235
508	46.319103	2.797619	0.000000	89.000000	2.431258
509	46.314719	2.890273	0.000000	89.000000	2.449341
510	46.319485	2.852139	0.000000	89.000000	2.445823
511	46.326783	2.849848	0.000000	89.000000	2.461520
512	46.324643	2.839946	0.000000	89.000000	2.453381
513	46.316397	2.766257	0.000000	89.000000	2.468186
514	46.313506	2.753969	0.000000	89.000000	2.432702
515	46.300173	2.705422	0.000000	89.000000	2.425774
516	46.296906	2.738010	0.000000	89.000000	2.457662
517	46.307540	2.682395	0.000000	89.000000	2.451651
518	46.306694	2.756282	0.000000	89.000000	2.428330
519	46.314058	2.783297	0.000000	89.000000	2.464337
520	46.330321	2.827424	0.000000	89.000000	2.485301
521	46.311709	2.802295	0.000000	89.000000	2.469488
522	46.320248	2.677146	0.000000	89.000000	2.458280
523	46.324182	2.743527	0.000000	89.000000	2.447325
524	46.326277	2.734321	0.000000	89.000000	2.473470
525	46.326259	2.792470	0.000000	89.000000	2.419306
526	46.318969	2.815550	0.000000	89.000000	2.474724
527	46.307176	2.680746	0.000000	89.000000	2.472896
528	46.306092	2.799827	0.000000	89.000000	2.472876
529	46.317682	2.847746	0.000000	89.000000	2.459780
530	46.482626	2.930622	0.000000	89.000000	2.455279
531	46.530104	2.957957	0.000000	89.000000	2.443947
532	46.540150	2.910496	0.000000	89.000000	2.448006
533	46.557879	2.923361	0.000000	89.000000	2.473801
534	46.576646	2.912502	0.000000	89.000000	2.476775
535	46.573043	2.837356	0.000000	89.000000	2.483733
536	46.587563	2.849563	0.000000	89.000000	2.449025
537	46.587676	2.834318	0.000000	89.000000	2.471719
538	46.587276	2.839059	0.000000	89.000000	2.442625
539	46.577457	2.819989	0.000000	89.000000	2.458876
540	46.575382	2.854984	0.000000	89.000000	2.480874
541	46.591479	2.898783	0.000000	89.000000	2.474499
542	46.601921	2.821641	0.000000	89.000000	2.466035
543	46.612316	2.840345	0.000000	89.000000	2.453726
544	46.612886	2.807976	0.000000	89.000000	2.460999
545	46.620259	2.868663	0.000000	89.000000	2.423583
546	46.622711	2.864437	0.000000	89.000000	2.471775
547	46.632674	2.817189	0.000000	89.000000	2.464129
548	46.639794	2.773527	0.000000	89.000000	2.481338
549	46.632263	2.777973	0.000000	89.000000	2.469471
550	46.628320	2.799381	0.000000	89.000000	2.449235
551	46.626872	2.750090	0.000000	89.000000	2.478970
552	46.615535	2.752578	0.000000	89.000000	2.423381
553	46.629417	2.799931	0.000000	89.000000	2.471600
554	46.622217	2.821230	0.000000	89.000000	2.467005
555	46.626535	2.775269	0.000000	89.000000	2.480133
556	46.630794	2.708025	0.000000	89.000000	2.472661
557	46.637017	2.786266	0.000000	89.000000	2.452501
558	46.633667	2.813170	0.000000	89.000000	2.469837
559	46.640691	2.844384	0.000000	89.000000	2.421284
560	46.641749	2.836445	0.000000	89.000000	2.486916
561	46.639591	2.815382	0.000000	89.000000	2.461750
562	46.631712	2.777061	0.000000	89.000000	2.478930
563	46.634093	2.809431	0.000000	89.000000	2.471463
564	46.640086	2.815631	0.000000	89.000000	2.446884
565	46.646923	2.751688	0.000000	89.000000	2.456083
566	46.641234	2.732372	0.000000	89.000000	2.433610
567	46.655861	2.743680	0.000000	89.000000	2.476946
568	46.665946	2.750491	0.000000	89.000000	2.461643
569	46.656579	2.773539	0.000000	89.000000	2.492118
570	46.659452	2.746330	0.000000	89.000000	2.481054
571	46.648908	2.817502	0.000000	89.000000	2.449522
572	46.644574	2.791340	0.000000	89.000000	2.481826
573	46.646440	2.847445	0.000000	89.000000	2.424324
574	46.648347	2.824952	0.000000	89.000000	2.464212
575	46.660268	2.819019	0.000000	89.000000	2.465585
576	46.663386	2.840492	0.000000	89.000000	2.480463
577	46.658027	2.805967	0.000000	89.000000	2.468198
578	46.657151	2.780575	0.000000	89.000000	2.446139
579	46.662992	2.851494	0.000000	89.000000	2.430098
580	46.654961	2.804329	0.000000	89.000000	2.465312
581	46.657598	2.824732	0.000000	89.000000	2.473692
582	46.666080	2.801969	0.000000	89.000000	2.487384
583	46.660423	2.786823	0.000000	89.000000	2.479573
584	46.663439	2.816456	0.000000	89.000000	2.474462
585	46.665132	2.806862	0.000000	89.000000	2.448487
586	46.658403	2.818344	0.000000	89.000000	2.485375
587	46.664536	2.792039	0.000000	89.000000	2.426440
588	46.659261	2.712555	0.000000	89.000000	2.474969
589	46.653461	2.714990	0.000000	89.000000	2.477642
590	46.659839	2.770486	0.000000	89.000000	2.486341
591	46.663672	2.811601	0.000000	89.000000	2.459522
592	46.658695	2.735729	0.000000	89.000000	2.453546
593	46.656448	2.760549	0.000000	89.000000	2.485538
594	46.661991	2.842400	0.000000	89.000000	2.451599
595	46.661377	2.745523	0.000000	89.000000	2.448378
596	46.653005	2.745843	0.000000	89.000000	2.496005
597	46.647322	2.815689	0.000000	89.000000	2.497610
598	46.654397	2.759398	0.000000	89.000000	2.443019
599	46.657318	2.785970	0.000000	89.000000	2.480810
600	46.667644	2.764881	0.000000	89.000000	2.466512
601	46.670547	2.781697	0.000000	89.000000	2.503919
602	46.672511	2.764504	0.000000	89.000000	2.490864
603	46.666861	2.830442	0.000000	89.000000	2.478133
604	46.663427	2.880861	0.000000	89.000000	2.500252
605	46.653852	2.859546	0.000000	89.000000	2.467118
606	46.646890	2.912425	0.000000	89.000000	2.450073
607	46.660933	2.802638	0.000000	89.000000	2.476061
608	46.655363	2.773058	0.000000	89.000000	2.466299
609	46.651870	2.836963	0.000000	89.000000	2.464978
610	46.651280	2.764066	0.000000	89.000000	2.489150
611	46.651483	2.795378	0.000000	89.000000	2.506960
612	46.654671	2.855498	0.000000	89.000000	2.510365
613	46.659052	2.788198	0.000000	89.000000	2.512851
614	46.659946	2.795820	0.000000	89.000000	2.510475
615	46.648628	2.836007	0.000000	89.000000	2.507348
616	46.651697	2.826285	0.000000	89.000000	2.505780
617	46.666664	2.873229	0.000000	89.000000	2.490885
618	46.667442	2.875953	0.000000	89.000000	2.473403
619	46.666372	2.903790	0.000000	89.000000	2.453657
620	46.657178	2.831728	0.000000	89.000000	2.454718
621	46.666291	2.832829	0.000000	89.000000	2.463576
622	46.664375	2.862436	0.000000	89.000000	2.415040
623	46.663713	2.869135	0.000000	89.000000	2.476960
624	46.664089	2.824915	0.000000	89.000000	2.462773
625	46.667123	2.763375	0.000000	89.000000	2.478601
626	46.662226	2.749051	0.000000	89.000000	2.473459
627	46.666068	2.680605	0.000000	89.000000	2.444140
628	46.663499	2.730362	0.000000	89.000000	2.426043
629	46.656266	2.710025	0.000000	89.000000	2.461160
630	46.661305	2.777981	0.000000	89.000000	2.459888
631	46.663707	2.781507	0.000000	89.000000	2.477632
632	46.654460	2.777857	0.000000	89.000000	2.483809
633	46.674272	2.755293	0.000000	89.000000	2.443727
634	46.665254	2.775102	0.000000	89.000000	2.476032
635	46.661204	2.804137	0.000000	89.000000	2.418854
636	46.666282	2.676889	0.000000	89.000000	2.483730
637	46.669239	2.703426	0.000000	89.000000	2.467993
638	46.660152	2.678169	0.000000	89.000000	2.471572
639	46.665064	2.699385	0.000000	89.000000	2.483289
640	46.675521	2.693950	0.000000	89.000000	2.446220
641	46.658233	2.775171	0.000000	89.000000	2.476162
642	46.657339	2.761602	0.000000	89.000000	2.420130
643	46.664667	2.752784	0.000000	89.000000	2.472327
644	46.663409	2.729483	0.000000	89.000000	2.458768
645	46.652853	2.678006	0.000000	89.000000	2.479380
646	46.660179	2.692554	0.000000	89.000000	2.473500
647	46.669596	2.744252	0.000000	89.000000	2.444553
648	46.672353	2.704813	0.000000	89.000000	2.421373
649	46.670824	2.767951	0.000000	89.000000	2.468483
650	46.668601	2.784489	0.000000	89.000000	2.472983
651	46.664581	2.738279	0.000000	89.000000	2.473600
652	46.665919	2.744690	0.000000	89.000000	2.490577
653	46.663851	2.759337	0.000000	89.000000	2.445015
654	46.667254	2.818880	0.000000	89.000000	2.472392
655	46.670741	2.736910	0.000000	89.000000	2.415244
656	46.664858	2.671771	0.000000	89.000000	2.451404
657	46.668828	2.688003	0.000000	89.000000	2.470533
658	46.671855	2.686675	0.000000	89.000000	2.477504
659	46.664166	2.689713	0.000000	89.000000	2.441605
660	46.661663	2.692779	0.000000	89.000000	2.465014
661	46.665484	2.718372	0.000000	89.000000	2.413827
662	46.669245	2.663087	0.000000	89.000000	2.469804
663	46.676213	2.669312	0.000000	89.000000	2.465767
664	46.670577	2.745075	0.000000	89.000000	2.490984
665	46.668696	2.744385	0.000000	89.000000	2.462245
666	46.662793	2.761433	0.000000	89.000000	2.443970
667	46.666795	2.742152	0.000000	89.000000	2.453661
668	46.672195	2.699290	0.000000	89.000000	2.450148
669	46.664715	2.686254	0.000000	89.000000	2.450872
670	46.655676	2.670005	0.000000	89.000000	2.472430
671	46.662241	2.750863	0.000000	89.000000	2.448564
672	46.668303	2.749025	0.000000	89.000000	2.466602
673	46.673155	2.687680	0.000000	89.000000	2.455475
674	46.657032	2.794568	0.000000	89.000000	2.460336
675	46.655831	2.750347	0.000000	89.000000	2.432639
676	46.667522	2.762412	0.000000	89.000000	2.480601
677	46.653849	2.727025	0.000000	89.000000	2.433891
678	46.662182	2.652377	0.000000	89.000000	2.453568
679	46.667731	2.689612	0.000000	89.000000	2.435523
680	46.654284	2.725063	0.000000	89.000000	2.480128
681	46.657968	2.687125	0.000000	89.000000	2.457105
682	46.654916	2.721510	0.000000	89.000000	2.475653
683	46.651587	2.749793	0.000000	89.000000	2.430110
684	46.640456	2.665254	0.000000	89.000000	2.456190
685	46.647567	2.702654	0.000000	89.000000	2.436838
686	46.654630	2.765308	0.000000	89.000000	2.470990
687	46.650550	2.687348	0.000000	89.000000	2.449635
688	46.650764	2.626242	0.000000	89.000000	2.472601
689	46.664402	2.686745	0.000000	89.000000	2.431842
690	46.673450	2.642922	0.000000	89.000000	2.459378
691	46.673751	2.699490	0.000000	89.000000	2.454980
692	46.670482	2.790962	0.000000	89.000000	2.453693
693	46.680748	2.734569	0.000000	89.000000	2.463613
694	46.672770	2.764604	0.000000	89.000000	2.474671
695	46.676975	2.779829	0.000000	89.000000	2.431981
696	46.673197	2.740904	0.000000	89.000000	2.441961
697	46.673805	2.790090	0.000000	89.000000	2.456014
698	46.669877	2.767212	0.000000	89.000000	2.449039
699	46.670073	2.709334	0.000000	89.000000	2.467948
700	46.674877	2.670123	0.000000	89.000000	2.419346
701	46.664551	2.706306	0.000000	89.000000	2.463732
702	46.677846	2.688414	0.000000	89.000000	2.459402
703	46.676344	2.649520	0.000000	89.000000	2.455283
704	46.683127	2.677906	0.000000	89.000000	2.451326
705	46.683574	2.699174	0.000000	89.000000	2.427135
706	46.676463	2.727433	0.000000	89.000000	2.463619
707	46.681583	2.741343	0.000000	89.000000	2.462435
708	46.685210	2.692302	0.000000	89.000000	2.471402
709	46.684349	2.640965	0.000000	89.000000	2.464428
710	46.678686	2.753727	0.000000	89.000000	2.446500
711	46.673036	2.720206	0.000000	89.000000	2.425143
712	46.677732	2.716760	0.000000	89.000000	2.472478
713	46.681920	2.678848	0.000000	89.000000	2.460320
714	46.689424	2.677105	0.000000	89.000000	2.471518
715	46.692303	2.716038	0.000000	89.000000	2.485385
716	46.694118	2.717957	0.000000	89.000000	2.437637
717	46.678263	2.676822	0.000000	89.000000	2.452287
718	46.682447	2.680353	0.000000	89.000000	2.436330
719	46.686679	2.737001	0.000000	89.000000	2.447726
720	46.677372	2.690959	0.000000	89.000000	2.477228
721	46.686113	2.737172	0.000000	89.000000	2.461647
722	46.680033	2.722249	0.000000	89.000000	2.443953
723	46.685573	2.623436	0.000000	89.000000	2.468206
724	46.684641	2.625871	0.000000	89.000000	2.445804
725	46.677291	2.657453	0.000000	89.000000	2.466495
726	46.684265	2.681107	0.000000	89.000000	2.470246
727	46.690571	2.750725	0.000000	89.000000	2.478492
728	46.684885	2.796737	0.000000	89.000000	2.453825
729	46.696419	2.635329	0.000000	89.000000	2.464598
730	46.689516	2.726102	0.000000	89.000000	2.463446
731	46.679801	2.740375	0.000000	89.000000	2.439354
732	46.682954	2.717630	0.000000	89.000000	2.472202
733	46.676961	2.674035	0.000000	89.000000	2.470510
734	46.678686	2.741953	0.000000	89.000000	2.487968
735	46.683231	2.629670	0.000000	89.000000	2.440607
736	46.678862	2.607321	0.000000	89.000000	2.471352
737	46.685478	2.590094	0.000000	89.000000	2.473234
738	46.681356	2.621297	0.000000	89.000000	2.430838
739	46.682614	2.603329	0.000000	89.000000	2.453813
740	46.696821	2.572943	0.000000	89.000000	2.470476
741	46.701738	2.539212	0.000000	89.000000	2.448601
742	46.701461	2.600574	0.000000	89.000000	2.462072
743	46.688074	2.641207	0.000000	89.000000	2.456681
744	46.697220	2.643620	0.000000	89.000000	2.469777
745	46.681017	2.671029	0.000000	89.000000	2.469493
746	46.681088	2.717676	0.000000	89.000000	2.459804
747	46.679699	2.702445	0.000000	89.000000	2.478741
748	46.689209	2.718079	0.000000	89.000000	2.469903
749	46.689263	2.695941	0.000000	89.000000	2.440225
750	46.700895	2.760603	0.000000	89.000000	2.446303
751	46.692207	2.738812	0.000000	89.000000	2.467501
752	46.683043	2.663217	0.000000	89.000000	2.472789
753	46.683416	2.695454	0.000000	89.000000	2.457684
754	46.688569	2.635510	0.000000	89.000000	2.488830
755	46.674198	2.661102	0.000000	89.000000	2.450560
756	46.678466	2.638509	0.000000	89.000000	2.473392
757	46.663737	2.634268	0.000000	89.000000	2.480337
758	46.670637	2.740094	0.000000	89.000000	2.421809
759	46.683165	2.753092	0.000000	89.000000	2.457890
760	46.680561	2.732824	0.000000	89.000000	2.471613
761	46.670824	2.758645	0.000000	89.000000	2.482218
762	46.684229	2.755951	0.000000	89.000000	2.439791
763	46.685302	2.702940	0.000000	89.000000	2.479328
764	46.678638	2.658229	0.000000	89.000000	2.480332
765	46.678531	2.678737	0.000000	89.000000	2.430032
766	46.689445	2.680564	0.000000	89.000000	2.451964
767	46.681267	2.631802	0.000000	89.000000	2.478446
768	46.672922	2.632522	0.000000	89.000000	2.484528
769	46.667805	2.627679	0.000000	89.000000	2.436558
770	46.678722	2.636076	0.000000	89.000000	2.454135
771	46.667027	2.625774	0.000000	89.000000	2.445648
772	46.672523	2.703105	0.000000	89.000000	2.479667
773	46.674311	2.668284	0.000000	89.000000	2.454070
774	46.668196	2.625510	0.000000	89.000000	2.472476
775	46.671233	2.651776	0.000000	89.000000	2.440005
776	46.670097	2.684564	0.000000	89.000000	2.469804
777	46.668959	2.679123	0.000000	89.000000	2.454277
778	46.672744	2.659043	0.000000	89.000000	2.462967
779	46.664810	2.686381	0.000000	89.000000	2.445517
780	46.657515	2.647951	0.000000	89.000000	2.471401
781	46.658993	2.740356	0.000000	89.000000	2.443604
782	46.665257	2.726985	0.000000	89.000000	2.471360
783	46.670085	2.660172	0.000000	89.000000	2.471151
784	46.652988	2.665840	0.000000	89.000000	2.460969
785	46.672082	2.720791	0.000000	89.000000	2.477030
786	46.687388	2.701298	0.000000	89.000000	2.462109
787	46.677348	2.741978	0.000000	89.000000	2.473823
788	46.672094	2.729413	0.000000	89.000000	2.489793
789	46.668643	2.707065	0.000000	89.000000	2.452751
790	46.664733	2.711284	0.000000	89.000000	2.454802
791	46.671316	2.742781	0.000000	89.000000	2.453017
792	46.678337	2.704321	0.000000	89.000000	2.473067
793	46.832329	2.692725	0.000000	89.000000	2.450039
794	46.862298	2.745470	0.000000	89.000000	2.477987
795	46.874791	2.776898	0.000000	89.000000	2.476198
796	46.883604	2.778537	0.000000	89.000000	2.451005
797	46.887600	2.752074	0.000000	89.000000	2.473832
798	46.891969	2.718209	0.000000	89.000000	2.478478
799	46.904448	2.714307	0.000000	89.000000	2.445374
800	46.905351	2.711325	0.000000	89.000000	2.475384
801	46.905708	2.711406	0.000000	89.000000	2.464729
802	46.902695	2.669413	0.000000	89.000000	2.475101
803	46.906307	2.680366	0.000000	89.000000	2.480438
804	46.911776	2.683782	0.000000	89.000000	2.441911
805	46.912840	2.723890	0.000000	89.000000	2.484527
806	46.920475	2.669032	0.000000	89.000000	2.452186
807	46.924302	2.703570	0.000000	89.000000	2.452969
808	46.920434	2.687679	0.000000	89.000000	2.462500
809	46.926332	2.668228	0.000000	89.000000	2.479153
810	46.916428	2.635579	0.000000	89.000000	2.481191
811	46.923131	2.628299	0.000000	89.000000	2.448201
812	46.919835	2.655993	0.000000	89.000000	2.480206
813	46.923038	2.648851	0.000000	89.000000	2.485969
814	46.923676	2.698112	0.000000	89.000000	2.422010
815	46.923190	2.644227	0.000000	89.000000	2.474946
816	46.920368	2.654927	0.000000	89.000000	2.466795
817	46.922237	2.642129	0.000000	89.000000	2.483421
818	46.918327	2.655819	0.000000	89.000000	2.495910
819	46.916199	2.642262	0.000000	89.000000	2.457675
820	46.924877	2.657652	0.000000	89.000000	2.466268
821	46.926597	2.697603	0.000000	89.000000	2.420238
822	46.930483	2.672606	0.000000	89.000000	2.465211
823	46.927905	2.670905	0.000000	89.000000	2.467136
824	46.927431	2.639625	0.000000	89.000000	2.475643
825	46.928817	2.611013	0.000000	89.000000	2.482028
826	46.924832	2.662780	0.000000	89.000000	2.453457
827	46.928978	2.671859	0.000000	89.000000	2.478966
828	46.928936	2.705071	0.000000	89.000000	2.423200
829	46.935514	2.650691	0.000000	89.000000	2.473752
830	46.931618	2.665280	0.000000	89.000000	2.467813
831	46.929115	2.662002	0.000000	89.000000	2.479886
832	46.931273	2.691305	0.000000	89.000000	2.478026
833	46.934155	2.749707	0.000000	89.000000	2.440360
834	46.940660	2.716648	0.000000	89.000000	2.469950
835	46.937355	2.687980	0.000000	89.000000	2.418868
836	46.938354	2.694168	0.000000	89.000000	2.469611
837	46.944112	2.677726	0.000000	89.000000	2.466627
838	46.940148	2.689918	0.000000	89.000000	2.485616
839	46.936458	2.675468	0.000000	89.000000	2.485079
840	46.939552	2.680115	0.000000	89.000000	2.456072
841	46.939781	2.711181	0.000000	89.000000	2.467557
842	46.937555	2.678919	0.000000	89.000000	2.420019
843	46.939605	2.717214	0.000000	89.000000	2.470258
844	46.943116	2.701435	0.000000	89.000000	2.457075
845	46.934757	2.708932	0.000000	89.000000	2.479076
846	46.938443	2.660201	0.000000	89.000000	2.451847
847	46.936059	2.644873	0.000000	89.000000	2.464064
848	46.941668	2.671834	0.000000	89.000000	2.471009
849	46.936148	2.660362	0.000000	89.000000	2.436493
850	46.938580	2.636447	0.000000	89.000000	2.458711
851	46.939957	2.610591	0.000000	89.000000	2.470279
852	46.933258	2.643558	0.000000	89.000000	2.486145
853	46.948248	2.644290	0.000000	89.000000	2.443915
854	46.942604	2.645300	0.000000	89.000000	2.459343
855	46.947458	2.654069	0.000000	89.000000	2.438697
856	46.945596	2.656271	0.000000	89.000000	2.477801
857	46.944961	2.639161	0.000000	89.000000	2.451242
858	46.941558	2.649562	0.000000	89.000000	2.482777
859	46.943232	2.645216	0.000000	89.000000	2.463183
860	46.941859	2.669482	0.000000	89.000000	2.444018
861	46.944439	2.642676	0.000000	89.000000	2.467454
862	46.950871	2.639602	0.000000	89.000000	2.470458
863	46.945637	2.647079	0.000000	89.000000	2.469464
864	46.948510	2.652276	0.000000	89.000000	2.463275
865	46.947297	2.658235	0.000000	89.000000	2.469827
866	46.946210	2.636624	0.000000	89.000000	2.447613
867	46.954030	2.637915	0.000000	89.000000	2.462682
868	46.950239	2.626836	0.000000	89.000000	2.477619
869	46.952215	2.640684	0.000000	89.000000	2.452478
870	46.948069	2.662305	0.000000	89.000000	2.468617
871	46.949750	2.672386	0.000000	89.000000	2.465754
872	46.953106	2.668614	0.000000	89.000000	2.472540
873	46.947294	2.677273	0.000000	89.000000	2.484170
874	46.945739	2.633321	0.000000	89.000000	2.455126
875	46.948951	2.680637	0.000000	89.000000	2.463600
876	46.948814	2.641543	0.000000	89.000000	2.467414
877	46.947438	2.637600	0.000000	89.000000	2.444578
878	46.950477	2.645851	0.000000	89.000000	2.472090
879	46.948972	2.630568	0.000000	89.000000	2.486524
880	46.948355	2.602733	0.000000	89.000000	2.488660
881	46.953633	2.631294	0.000000	89.000000	2.492976
882	46.952188	2.657794	0.000000	89.000000	2.476218
883	46.949041	2.619678	0.000000	89.000000	2.460938
884	46.948946	2.638059	0.000000	89.000000	2.460303
885	46.951130	2.648330	0.000000	89.000000	2.438324
886	46.952742	2.613748	0.000000	89.000000	2.490113
887	46.952045	2.650737	0.000000	89.000000	2.505593
888	46.949279	2.698567	0.000000	89.000000	2.496074
889	46.950853	2.674715	0.000000	89.000000	2.477341
890	46.953940	2.621875	0.000000	89.000000	2.455361
891	46.947986	2.630799	0.000000	89.000000	2.469494
892	46.948144	2.680300	0.000000	89.000000	2.483446
893	46.948570	2.703238	0.000000	89.000000	2.473263
894	46.952635	2.660936	0.000000	89.000000	2.426714
895	46.950102	2.615857	0.000000	89.000000	2.473065
896	46.946681	2.669190	0.000000	89.000000	2.504390
897	46.946073	2.645517	0.000000	89.000000	2.436543
898	46.949834	2.635254	0.000000	89.000000	2.469959
899	46.951318	2.661901	0.000000	89.000000	2.463686
900	46.952882	2.671925	0.000000	89.000000	2.481557
901	46.953991	2.619405	0.000000	89.000000	2.463995
902	46.958330	2.673976	0.000000	89.000000	2.434305
903	46.953028	2.662422	0.000000	89.000000	2.480034
904	46.953219	2.663731	0.000000	89.000000	2.441742
905	46.960568	2.699114	0.000000	89.000000	2.472729
906	46.950457	2.658011	0.000000	89.000000	2.458805
907	46.949321	2.611991	0.000000	89.000000	2.472194
908	46.947396	2.640480	0.000000	89.000000	2.424592
909	46.948653	2.660685	0.000000	89.000000	2.472125
910	46.947095	2.635436	0.000000	89.000000	2.474554
911	46.946642	2.653420	0.000000	89.000000	2.463247
912	46.944827	2.698756	0.000000	89.000000	2.470327
913	46.946788	2.657944	0.000000	89.000000	2.453417
914	46.954575	2.725886	0.000000	89.000000	2.457819
915	46.946561	2.674158	0.000000	89.000000	2.428398
916	46.947804	2.678498	0.000000	89.000000	2.473171
917	46.951652	2.683497	0.000000	89.000000	2.476746
918	46.950424	2.656003	0.000000	89.000000	2.462684
919	46.952796	2.679093	0.000000	89.000000	2.457563
920	46.957487	2.674915	0.000000	89.000000	2.465838
921	46.963039	2.648090	0.000000	89.000000	2.426675
922	46.964073	2.644622	0.000000	89.000000	2.477391
923	46.962202	2.639373	0.000000	89.000000	2.465142
924	46.961355	2.665609	0.000000	89.000000	2.485414
925	46.965876	2.673939	0.000000	89.000000	2.461985
926	46.966445	2.674017	0.000000	89.000000	2.451731
927	46.958005	2.709727	0.000000	89.000000	2.472843
928	46.966845	2.666305	0.000000	89.000000	2.421981
929	46.959984	2.683143	0.000000	89.000000	2.477066
930	46.960005	2.668703	0.000000	89.000000	2.470970
931	46.956927	2.641918	0.000000	89.000000	2.474960
932	46.955502	2.641614	0.000000	89.000000	2.463444
933	46.959484	2.647103	0.000000	89.000000	2.448018
934	46.960688	2.659460	0.000000	89.000000	2.446926
935	46.960157	2.622028	0.000000	89.000000	2.448308
936	46.955049	2.635540	0.000000	89.000000	2.486337
937	46.956629	2.676241	0.000000	89.000000	2.467352
938	46.958196	2.659992	0.000000	89.000000	2.481540
939	46.960777	2.655010	0.000000	89.000000	2.458185
940	46.955585	2.634182	0.000000	89.000000	2.461297
941	46.958548	2.659453	0.000000	89.000000	2.454583
942	46.958765	2.663599	0.000000	89.000000	2.443009
943	46.959022	2.651785	0.000000	89.000000	2.480064
944	46.958372	2.671715	0.000000	89.000000	2.475553
945	46.960625	2.646947	0.000000	89.000000	2.485555
946	46.965641	2.648168	0.000000	89.000000	2.468146
947	46.958256	2.677226	0.000000	89.000000	2.449791
948	46.967405	2.644283	0.000000	89.000000	2.477825
949	46.960938	2.640052	0.000000	89.000000	2.421619
950	46.965954	2.646424	0.000000	89.000000	2.467041
951	46.961790	2.658114	0.000000	89.000000	2.476086
952	46.955398	2.665346	0.000000	89.000000	2.487028
953	46.958774	2.653918	0.000000	89.000000	2.468099
954	46.962494	2.666797	0.000000	89.000000	2.453143
955	46.958578	2.658104	0.000000	89.000000	2.468106
956	46.962920	2.674838	0.000000	89.000000	2.424683
957	46.960348	2.682604	0.000000	89.000000	2.480987
958	46.969813	2.667478	0.000000	89.000000	2.464143
959	46.967089	2.689067	0.000000	89.000000	2.461456
960	46.962029	2.659839	0.000000	89.000000	2.469977
961	46.958631	2.644949	0.000000	89.000000	2.452393
962	46.960133	2.638287	0.000000	89.000000	2.437219
963	46.960801	2.639396	0.000000	89.000000	2.451874
964	46.958354	2.664262	0.000000	89.000000	2.481997
965	46.962351	2.620203	0.000000	89.000000	2.486315
966	46.969116	2.631180	0.000000	89.000000	2.457983
967	46.965191	2.626513	0.000000	89.000000	2.445132
968	46.964544	2.642093	0.000000	89.000000	2.476562
969	46.966416	2.629195	0.000000	89.000000	2.425957
970	46.965501	2.658783	0.000000	89.000000	2.473964
971	46.971560	2.628002	0.000000	89.000000	2.483711
972	46.964908	2.698344	0.000000	89.000000	2.463544
973	46.967357	2.680652	0.000000	89.000000	2.465132
974	46.968567	2.620526	0.000000	89.000000	2.449104
975	46.968648	2.671323	0.000000	89.000000	2.474021
976	46.963200	2.633613	0.000000	89.000000	2.420014
977	46.970806	2.609440	0.000000	89.000000	2.486377
978	46.966732	2.636523	0.000000	89.000000	2.465615
979	46.964183	2.635817	0.000000	89.000000	2.481634
980	46.963474	2.645363	0.000000	89.000000	2.472234
981	46.965998	2.655104	0.000000	89.000000	2.461674
982	46.957064	2.683412	0.000000	89.000000	2.465390
983	46.955848	2.632483	0.000000	89.000000	2.426290
984	46.958983	2.644723	0.000000	89.000000	2.471951
985	46.962720	2.654452	0.000000	89.000000	2.462079
986	46.967888	2.699753	0.000000	89.000000	2.478610
987	46.968335	2.699063	0.000000	89.000000	2.471277
988	46.962598	2.695507	0.000000	89.000000	2.449432
989	46.968386	2.686454	0.000000	89.000000	2.470860
990	46.968573	2.652253	0.000000	89.000000	2.425094
991	46.969455	2.647431	0.000000	89.000000	2.479516
992	46.966267	2.700646	0.000000	89.000000	2.469102
993	46.965915	2.668040	0.000000	89.000000	2.478990
994	46.966007	2.662889	0.000000	89.000000	2.473551
995	46.969017	2.672350	0.000000	89.000000	2.457123
996	46.969754	2.671901	0.000000	89.000000	2.476310
997	46.972138	2.658350	0.000000	89.000000	2.426225
998	46.967208	2.643412	0.000000	89.000000	2.474287
999	46.968347	2.673661	0.000000	89.000000	2.466596
1000	46.961850	2.651449	0.000000	89.000000	2.486758
1001	46.966368	2.609976	0.000000	89.000000	2.467460
1002	46.964955	2.634087	0.000000	89.000000	2.449753
1003	46.972296	2.662163	0.000000	89.000000	2.470226
1004	46.972066	2.638659	0.000000	89.000000	2.416189
1005	46.976495	2.666142	0.000000	89.000000	2.480563
1006	46.970794	2.631504	0.000000	89.000000	2.477971
1007	46.973795	2.672820	0.000000	89.000000	2.491822
1008	46.970415	2.704041	0.000000	89.000000	2.461910
1009	46.974155	2.678787	0.000000	89.000000	2.442569
1010	46.980560	2.712629	0.000000	89.000000	2.476684
1011	46.980497	2.706150	0.000000	89.000000	2.424900
1012	46.982443	2.733238	0.000000	89.000000	2.465082
1013	46.978340	2.741266	0.000000	89.000000	2.465339
1014	46.976960	2.732768	0.000000	89.000000	2.479268
1015	46.972960	2.667232	0.000000	89.000000	2.460633
1016	46.972403	2.671445	0.000000	89.000000	2.460578
1017	46.970949	2.628523	0.000000	89.000000	2.452390
1018	46.979877	2.651758	0.000000	89.000000	2.438284
1019	46.980238	2.659024	0.000000	89.000000	2.478378
1020	46.982986	2.651687	0.000000	89.000000	2.474128
1021	46.985257	2.631373	0.000000	89.000000	2.478495
1022	46.976960	2.666111	0.000000	89.000000	2.473799
1023	46.977001	2.633422	0.000000	89.000000	2.445838
1024	46.975625	2.596393	0.000000	89.000000	2.436694
1025	46.976471	2.642049	0.000000	89.000000	2.458703
1026	46.974805	2.649122	0.000000	89.000000	2.486268
1027	46.977761	2.621148	0.000000	89.000000	2.472974
1028	46.977097	2.635384	0.000000	89.000000	2.488038
1029	46.970633	2.605774	0.000000	89.000000	2.462793
1030	46.972084	2.624677	0.000000	89.000000	2.449948
1031	46.976370	2.615347	0.000000	89.000000	2.471632
1032	46.975964	2.614738	0.000000	89.000000	2.429659
1033	46.973813	2.599293	0.000000	89.000000	2.477145
1034	46.971118	2.609486	0.000000	89.000000	2.481827
1035	46.972728	2.631225	0.000000	89.000000	2.476650
1036	46.977067	2.651974	0.000000	89.000000	2.467313
1037	46.974808	2.648204	0.000000	89.000000	2.450254
1038	46.979690	2.661257	0.000000	89.000000	2.480329
1039	46.975005	2.623669	0.000000	89.000000	2.447926
1040	46.976283	2.634753	0.000000	89.000000	2.450946
1041	46.980292	2.630441	0.000000	89.000000	2.480042
1042	46.974409	2.611268	0.000000	89.000000	2.469618
1043	46.973503	2.601491	0.000000	89.000000	2.469886
1044	46.973172	2.564531	0.000000	89.000000	2.453151
1045	46.974903	2.619908	0.000000	89.000000	2.474760
1046	46.971872	2.607500	0.000000	89.000000	2.446289
1047	46.968234	2.618531	0.000000	89.000000	2.452395
1048	46.971101	2.634045	0.000000	89.000000	2.478600
1049	46.975410	2.657887	0.000000	89.000000	2.471919
1050	46.972448	2.684357	0.000000	89.000000	2.459384
1051	46.967861	2.684308	0.000000	89.000000	2.450011
1052	46.967742	2.680572	0.000000	89.000000	2.486911
1053	46.975946	2.647911	0.000000	89.000000	2.437917
1054	46.982998	2.677955	0.000000	89.000000	2.460999
1055	46.981072	2.677105	0.000000	89.000000	2.487649
1056	46.974099	2.628979	0.000000	89.000000	2.469835
1057	46.976033	2.666706	0.000000	89.000000	2.457387
1058	46.981522	2.619823	0.000000	89.000000	2.457102
1059	46.978134	2.633969	0.000000	89.000000	2.465183
1060	46.977240	2.629035	0.000000	89.000000	2.421189
1061	46.980199	2.659671	0.000000	89.000000	2.480203
1062	46.981192	2.638067	0.000000	89.000000	2.466085
1063	46.982288	2.646781	0.000000	89.000000	2.490933
1064	46.985510	2.617691	0.000000	89.000000	2.461525
1065	46.982801	2.643202	0.000000	89.000000	2.453302
1066	46.977696	2.651419	0.000000	89.000000	2.476287
1067	46.983141	2.652476	0.000000	89.000000	2.434836
1068	46.979880	2.640375	0.000000	89.000000	2.469887
1069	46.979380	2.643058	0.000000	89.000000	2.487564
1070	46.980345	2.649474	0.000000	89.000000	2.466429
1071	46.989912	2.642496	0.000000	89.000000	2.461843
1072	46.978015	2.612165	0.000000	89.000000	2.456613
1073	46.981454	2.624178	0.000000	89.000000	2.464509
1074	46.984810	2.626742	0.000000	89.000000	2.417921
1075	46.985537	2.594240	0.000000	89.000000	2.475718
1076	46.976364	2.600942	0.000000	89.000000	2.468804
1077	46.976578	2.581354	0.000000	89.000000	2.478004
1078	46.976569	2.614692	0.000000	89.000000	2.472015
1079	46.972811	2.610627	0.000000	89.000000	2.450330
1080	46.977836	2.646562	0.000000	89.000000	2.480088
1081	46.976322	2.643171	0.000000	89.000000	2.425402
1082	46.975300	2.616341	0.000000	89.000000	2.478667
1083	46.972230	2.637562	0.000000	89.000000	2.458760
1084	46.975702	2.649503	0.000000	89.000000	2.475701
1085	46.971220	2.626503	0.000000	89.000000	2.466802
1086	46.977043	2.632991	0.000000	89.000000	2.445925
1087	46.977031	2.632429	0.000000	89.000000	2.434419
1088	46.979928	2.606601	0.000000	89.000000	2.457829
1089	46.976173	2.576896	0.000000	89.000000	2.475412
1090	46.977419	2.638568	0.000000	89.000000	2.489645
1091	46.972641	2.632614	0.000000	89.000000	2.475781
1092	46.979278	2.613849	0.000000	89.000000	2.467064
1093	46.979225	2.588016	0.000000	89.000000	2.453130
1094	46.974319	2.568624	0.000000	89.000000	2.471559
1095	46.979100	2.587951	0.000000	89.000000	2.429611
1096	46.973038	2.604900	0.000000	89.000000	2.487173
1097	46.974432	2.617535	0.000000	89.000000	2.456830
1098	46.974790	2.585717	0.000000	89.000000	2.488505
1099	46.975958	2.551309	0.000000	89.000000	2.463061
1100	46.970773	2.597573	0.000000	89.000000	2.448125
1101	46.971220	2.582385	0.000000	89.000000	2.460396
1102	46.971133	2.616336	0.000000	89.000000	2.438548
1103	46.975547	2.587078	0.000000	89.000000	2.481448
1104	46.975887	2.590359	0.000000	89.000000	2.464473
1105	46.977434	2.606497	0.000000	89.000000	2.480823
1106	46.974838	2.582400	0.000000	89.000000	2.478689
1107	46.978015	2.550720	0.000000	89.000000	2.447322
1108	46.974245	2.546985	0.000000	89.000000	2.485952
1109	46.984076	2.511904	0.000000	89.000000	2.425555
1110	46.978393	2.519432	0.000000	89.000000	2.470343
1111	46.974307	2.547673	0.000000	89.000000	2.459758
1112	46.968991	2.591472	0.000000	89.000000	2.476322
1113	46.969673	2.565567	0.000000	89.000000	2.469150
1114	46.963352	2.593774	0.000000	89.000000	2.445222
1115	46.966648	2.626830	0.000000	89.000000	2.427960
1116	46.969295	2.614331	0.000000	89.000000	2.460405
1117	46.969903	2.613679	0.000000	89.000000	2.460475
1118	46.969789	2.625781	0.000000	89.000000	2.479272
1119	46.976501	2.611855	0.000000	89.000000	2.488235
1120	46.977270	2.566722	0.000000	89.000000	2.446335
1121	46.977454	2.566887	0.000000	89.000000	2.469403
1122	46.973276	2.566118	0.000000	89.000000	2.227455
1123	47.017068	2.584322	0.000000	89.000000	2.239491
1124	47.019315	2.586413	0.000000	89.000000	2.272737
1125	47.019327	2.590262	0.000000	89.000000	2.242817
1126	47.018731	2.588854	0.000000	89.000000	2.270426
1127	47.018772	2.588897	0.000000	89.000000	2.260635
1128	47.018459	2.588089	0.000000	89.000000	2.231493
1129	47.018450	2.590168	0.000000	89.000000	2.209164
1130	47.018105	2.590839	0.000000	89.000000	2.255160
1131	47.017998	2.591540	0.000000	89.000000	2.272427
1132	47.018066	2.591785	0.000000	89.000000	2.241053
1133	47.018188	2.592748	0.000000	89.000000	2.279698
1134	47.018245	2.593228	0.000000	89.000000	2.271644
1135	47.018200	2.593053	0.000000	89.000000	2.215971
1136	47.018194	2.593033	0.000000	89.000000	2.277787
1137	47.018236	2.592969	0.000000	89.000000	2.232205
1138	47.018188	2.593287	0.000000	89.000000	2.215421
1139	47.018188	2.593287	0.000000	89.000000	2.209436
1140	47.018188	2.593287	0.000000	89.000000	2.274239
1141	47.018188	2.593287	0.000000	89.000000	2.301217
1142	47.018188	2.593287	0.000000	89.000000	2.222203
1143	47.018188	2.593287	0.000000	89.000000	2.220992
1144	47.018188	2.593287	0.000000	89.000000	2.250945
1145	47.018188	2.593287	0.000000	89.000000	2.258789
1146	47.018188	2.593287	0.000000	89.000000	2.203999
1147	47.018188	2.593287	0.000000	89.000000	2.275925
1148	47.018188	2.593287	0.000000	89.000000	2.315223
1149	47.018188	2.593287	0.000000	89.000000	2.229861
1150	47.018188	2.593287	0.000000	89.000000	2.247587
1151	47.018188	2.593287	0.000000	89.000000	2.241243
1152	47.018188	2.593287	0.000000	89.000000	2.224122
1153	47.018188	2.593287	0.000000	89.000000	2.214089
1154	47.018188	2.593287	0.000000	89.000000	2.245282
1155	47.018188	2.593287	0.000000	89.000000	2.261731
1156	47.018188	2.593287	0.000000	89.000000	2.292752
1157	47.018188	2.593287	0.000000	89.000000	2.290446
1158	47.018188	2.593287	0.000000	89.000000	2.220408
1159	47.018188	2.593287	0.000000	89.000000	2.216254
1160	47.018188	2.593287	0.000000	89.000000	2.255909
1161	47.018188	2.593287	0.000000	89.000000	2.263646
1162	47.018188	2.593287	0.000000	89.000000	2.219228
1163	47.018188	2.593287	0.000000	89.000000	2.289362
1164	47.018188	2.593287	0.000000	89.000000	2.278665
1165	47.018188	2.593287	0.000000	89.000000	2.216005
1166	47.018188	2.593287	0.000000	89.000000	2.226719
1167	47.018188	2.593287	0.000000	89.000000	2.234390
1168	47.018188	2.593287	0.000000	89.000000	2.276778
1169	47.018188	2.593287	0.000000	89.000000	2.248505
1170	47.018188	2.593287	0.000000	89.000000	2.271937
1171	47.018188	2.593287	0.000000	89.000000	2.270344
1172	47.018188	2.593287	0.000000	89.000000	2.225966
1173	47.018188	2.593287	0.000000	89.000000	2.259037
1174	47.018188	2.593287	0.000000	89.000000	2.239865
