1	30.387837	6.396288	0.000000	89.000000	2.393871
2	36.722821	10.202519	0.000000	89.000000	2.451054
3	40.158290	11.849362	0.000000	89.000000	2.409325
4	42.113152	12.589907	0.074906	89.000000	2.409934
5	43.284675	12.936979	0.074906	89.000000	2.420239
6	44.097972	13.017459	0.074906	89.000000	2.392260
7	44.655195	13.012558	0.074906	89.000000	2.422215
8	45.056373	12.925452	0.074906	89.000000	2.411951
9	45.360225	12.824245	0.149813	89.000000	2.410187
10	45.594367	12.781843	0.074906	89.000000	2.464159
11	45.769888	12.636151	0.074906	89.000000	2.429846
12	45.927948	12.672617	0.074906	89.000000	2.406644
13	46.030778	12.619055	0.074906	89.000000	2.420560
14	46.139488	12.654716	0.224719	89.000000	2.455064
15	46.243125	12.708195	0.224719	89.000000	2.445398
16	46.306664	12.636162	0.149813	89.000000	2.405650
17	46.364278	12.621220	0.074906	89.000000	2.425041
18	46.444881	12.639688	0.074906	89.000000	2.450070
19	46.478125	12.563124	0.074906	89.000000	2.443779
20	46.513933	12.496838	0.149813	89.000000	2.418383
21	46.551159	12.516602	0.074906	89.000000	2.472399
22	46.596968	12.582195	0.074906	89.000000	2.449208
23	46.630913	12.501522	0.074906	89.000000	2.477224
24	46.672672	12.529432	0.149813	89.000000	2.429108
25	46.688986	12.502785	0.149813	89.000000	2.406899
26	46.724322	12.590907	0.074906	89.000000	2.434284
27	46.748996	12.547764	0.224719	89.000000	2.462283
28	46.770155	12.553345	0.149813	89.000000	2.425709
29	46.789458	12.615048	0.149813	89.000000	2.450694
30	46.814811	12.541875	0.149813	89.000000	2.453274
31	46.827042	12.523263	0.149813	89.000000	2.463522
32	46.822339	12.514997	0.149813	89.000000	2.453869
33	46.855861	12.537704	0.149813	89.000000	2.471133
34	46.876296	12.551439	0.074906	89.000000	2.427447
35	46.871871	12.522592	0.074906	89.000000	2.424027
36	46.911904	12.564895	0.224719	89.000000	2.466779
37	46.926737	12.467009	0.299625	89.000000	2.438814
38	46.914634	12.467065	0.149813	89.000000	2.450949
39	46.913695	12.501994	0.149813	89.000000	2.447320
40	46.938765	12.548316	0.074906	89.000000	2.420382
41	46.954644	12.581651	0.074906	89.000000	2.461972
42	46.958381	12.471627	0.074906	89.000000	2.449409
43	46.961880	12.505187	0.000000	89.000000	2.412499
44	46.986675	12.541874	0.074906	89.000000	2.450425
45	46.998203	12.589506	0.074906	89.000000	2.473746
46	47.012311	12.485594	0.149813	89.000000	2.463995
47	47.011048	12.481732	0.149813	89.000000	2.446285
48	47.010159	12.506621	0.149813	89.000000	2.440591
49	47.025821	12.554668	0.149813	89.000000	2.444003
50	47.029722	12.482632	0.149813	89.000000	2.440686
51	47.021741	12.545038	0.149813	89.000000	2.480824
52	47.037426	12.604479	0.074906	89.000000	2.439830
53	47.034913	12.609161	0.149813	89.000000	2.441988
54	47.036144	12.608556	0.074906	89.000000	2.426182
55	47.033879	12.648588	0.074906	89.000000	2.436085
56	47.039378	12.632141	0.000000	89.000000	2.483381
57	47.044396	12.642180	0.149813	89.000000	2.428774
58	47.038251	12.653288	0.074906	89.000000	2.462503
59	47.042969	12.601955	0.149813	89.000000	2.449084
60	47.050148	12.591102	0.074906	89.000000	2.476058
61	47.050962	12.555014	0.074906	89.000000	2.438437
62	47.050390	12.525433	0.074906	89.000000	2.487797
63	47.069719	12.548871	0.074906	89.000000	2.444740
64	47.071701	12.506374	0.149813	89.000000	2.458389
65	47.072592	12.604888	0.149813	89.000000	2.430493
66	47.082424	12.570000	0.074906	89.000000	2.478390
67	47.096837	12.623197	0.074906	89.000000	2.435989
68	47.087988	12.666027	0.074906	89.000000	2.485306
69	47.076979	12.539208	0.074906	89.000000	2.431251
70	47.097224	12.610820	0.074906	89.000000	2.446152
71	47.103477	12.565819	0.074906	89.000000	2.450032
72	47.089782	12.515045	0.074906	89.000000	2.476126
73	47.098097	12.529508	0.149813	89.000000	2.456423
74	47.100636	12.523328	0.074906	89.000000	2.485554
75	47.082329	12.540690	0.074906	89.000000	2.442894
76	47.102052	12.411761	0.000000	89.000000	2.460144
77	47.108752	12.442889	0.000000	89.000000	2.433797
78	47.124523	12.403803	0.000000	89.000000	2.470926
79	47.117794	12.401556	0.074906	89.000000	2.451309
80	47.121310	12.429815	0.074906	89.000000	2.481127
81	47.129256	12.466102	0.149813	89.000000	2.449202
82	47.130755	12.473400	0.074906	89.000000	2.454733
83	47.120225	12.533939	0.074906	89.000000	2.433870
84	47.126704	12.564603	0.074906	89.000000	2.471157
85	47.133860	12.547682	0.074906	89.000000	2.458843
86	47.128540	12.534900	0.149813	89.000000	2.476577
87	47.119156	12.610632	0.074906	89.000000	2.475344
88	47.128984	12.647078	0.074906	89.000000	2.433167
89	47.112381	12.581308	0.149813	89.000000	2.452177
90	47.126919	12.594482	0.074906	89.000000	2.459475
91	47.134581	12.572635	0.000000	89.000000	2.478521
92	47.121242	12.464104	0.074906	89.000000	2.450664
93	47.125757	12.435328	0.000000	89.000000	2.501587
94	47.135901	12.393045	0.149813	89.000000	2.492688
95	47.134298	12.364058	0.074906	89.000000	2.477409
96	47.130477	12.426932	0.074906	89.000000	2.442703
97	47.135842	12.372529	0.074906	89.000000	2.457692
98	47.130269	12.417519	0.074906	89.000000	2.459781
99	47.121269	12.499065	0.074906	89.000000	2.486495
100	47.134626	12.517278	0.074906	89.000000	2.460171
101	47.131181	12.492022	0.000000	89.000000	2.471925
102	47.126710	12.469828	0.074906	89.000000	2.495196
103	47.131521	12.559601	0.000000	89.000000	2.481004
104	47.128096	12.497055	0.074906	89.000000	2.435577
105	47.142845	12.485673	0.000000	89.000000	2.463343
106	47.137895	12.483590	0.074906	89.000000	2.453679
107	47.144383	12.458327	0.000000	89.000000	2.489707
108	47.139996	12.394552	0.000000	89.000000	2.474664
109	47.128686	12.439311	0.074906	89.000000	2.469198
110	47.155878	12.472131	0.074906	89.000000	2.490343
111	47.155392	12.545725	0.000000	89.000000	2.491142
112	47.159502	12.491074	0.000000	89.000000	2.434056
113	47.159338	12.447868	0.000000	89.000000	2.470378
114	47.154739	12.544857	0.000000	89.000000	2.437960
115	47.155607	12.610162	0.074906	89.000000	2.476495
116	47.147363	12.586528	0.074906	89.000000	2.454377
117	47.165710	12.562654	0.074906	89.000000	2.478476
118	47.153425	12.581275	0.074906	89.000000	2.478663
119	47.162229	12.558268	0.149813	89.000000	2.439307
120	47.152883	12.511298	0.149813	89.000000	2.472982
121	47.165179	12.486427	0.074906	89.000000	2.478754
122	47.162619	12.610007	0.074906	89.000000	2.465403
123	47.171873	12.550196	0.074906	89.000000	2.478135
124	47.170502	12.533691	0.074906	89.000000	2.453604
125	47.171193	12.543763	0.000000	89.000000	2.487005
126	47.166064	12.442906	0.074906	89.000000	2.482129
127	47.189003	12.592332	0.000000	89.000000	2.435056
128	47.196943	12.455972	0.000000	89.000000	2.483502
129	47.183248	12.518091	0.074906	89.000000	2.460293
130	47.185868	12.604264	0.000000	89.000000	2.456564
131	47.164607	12.553181	0.074906	89.000000	2.450888
132	47.176316	12.514491	0.000000	89.000000	2.479702
133	47.181806	12.539273	0.074906	89.000000	2.488578
134	47.186875	12.611259	0.074906	89.000000	2.451059
135	47.196421	12.593837	0.074906	89.000000	2.465986
136	47.192681	12.531135	0.000000	89.000000	2.467472
137	47.182268	12.577175	0.149813	89.000000	2.441243
138	47.172132	12.533813	0.000000	89.000000	2.454190
139	47.200912	12.621884	0.000000	89.000000	2.482988
140	47.193635	12.641817	0.000000	89.000000	2.494923
141	47.193596	12.672221	0.074906	89.000000	2.478886
142	47.198096	12.681268	0.074906	89.000000	2.442998
143	47.197485	12.670421	0.074906	89.000000	2.469594
144	47.201371	12.637305	0.074906	89.000000	2.419995
145	47.201553	12.660924	0.074906	89.000000	2.449656
146	47.201291	12.513183	0.074906	89.000000	2.478409
147	47.199029	12.628531	0.074906	89.000000	2.482534
148	47.192228	12.525990	0.000000	89.000000	2.438642
149	47.199857	12.624414	0.074906	89.000000	2.478115
150	47.195292	12.657359	0.000000	89.000000	2.445424
151	47.204906	12.714740	0.074906	89.000000	2.467280
152	47.179002	12.648051	0.074906	89.000000	2.447640
153	47.176188	12.766092	0.074906	89.000000	2.491937
154	47.181785	12.636050	0.000000	89.000000	2.491750
155	47.175467	12.588160	0.074906	89.000000	2.437572
156	47.184148	12.645376	0.074906	89.000000	2.465879
157	47.184861	12.709850	0.074906	89.000000	2.439829
158	47.180086	12.610308	0.000000	89.000000	2.478327
159	47.181135	12.678560	0.000000	89.000000	2.451892
160	47.202218	12.693064	0.000000	89.000000	2.473980
161	47.186977	12.687711	0.000000	89.000000	2.487284
162	47.198588	12.664359	0.000000	89.000000	2.434783
163	47.194222	12.661930	0.000000	89.000000	2.474815
164	47.196892	12.691347	0.074906	89.000000	2.446101
165	47.193414	12.616784	0.074906	89.000000	2.478591
166	47.201067	12.654335	0.000000	89.000000	2.440201
167	47.210884	12.713448	0.074906	89.000000	2.481466
168	47.218657	12.618148	0.074906	89.000000	2.478002
169	47.202259	12.696718	0.000000	89.000000	2.448669
170	47.204119	12.654022	0.224719	89.000000	2.468837
171	47.208035	12.643944	0.074906	89.000000	2.442037
172	47.193682	12.665149	0.074906	89.000000	2.481115
173	47.189730	12.728691	0.149813	89.000000	2.448670
174	47.189289	12.622756	0.000000	89.000000	2.480822
175	47.193289	12.676805	0.000000	89.000000	2.481783
176	47.194082	12.630923	0.000000	89.000000	2.441175
177	47.203863	12.589696	0.299625	89.000000	2.479570
178	47.196615	12.710519	0.149813	89.000000	2.418576
179	47.199494	12.679193	0.000000	89.000000	2.452190
180	47.204357	12.522469	0.000000	89.000000	2.477612
181	47.193381	12.520385	0.149813	89.000000	2.498921
182	47.180372	12.550965	0.074906	89.000000	2.484538
183	47.185636	12.485358	0.149813	89.000000	2.436431
184	47.194469	12.489491	0.074906	89.000000	2.469544
185	47.200930	12.570658	0.149813	89.000000	2.417081
186	47.204068	12.502252	0.149813	89.000000	2.446638
187	47.202387	12.502462	0.224719	89.000000	2.478995
188	47.188246	12.577749	0.224719	89.000000	2.483214
189	47.201020	12.587944	0.224719	89.000000	2.441301
190	47.211915	12.508714	0.149813	89.000000	2.465531
191	47.206217	12.496602	0.074906	89.000000	2.458194
192	47.199225	12.482628	0.149813	89.000000	2.465668
193	47.204918	12.567673	0.074906	89.000000	2.445425
194	47.191420	12.532336	0.074906	89.000000	2.483310
195	47.205848	12.575982	0.074906	89.000000	2.479106
196	47.221226	12.538251	0.074906	89.000000	2.442815
197	47.211516	12.559068	0.000000	89.000000	2.478725
198	47.218066	12.521614	0.074906	89.000000	2.445949
199	47.231841	12.468772	0.074906	89.000000	2.472677
200	47.244003	12.424573	0.000000	89.000000	2.448358
201	47.244653	12.474125	0.149813	89.000000	2.481568
202	47.219843	12.400424	0.074906	89.000000	2.463789
203	47.244006	12.424224	0.074906	89.000000	2.450560
204	47.251087	12.455061	0.074906	89.000000	2.462224
205	47.248554	12.519303	0.074906	89.000000	2.453646
206	47.240883	12.417924	0.074906	89.000000	2.465167
207	47.249523	12.471921	0.149813	89.000000	2.452234
208	47.259146	12.457032	0.149813	89.000000	2.489438
209	47.247669	12.428270	0.074906	89.000000	2.430713
210	47.246295	12.396651	0.074906	89.000000	2.456190
211	47.244301	12.430487	0.149813	89.000000	2.457255
212	47.241417	12.415841	0.074906	89.000000	2.475999
213	47.250319	12.475517	0.074906	89.000000	2.437446
214	47.259355	12.461848	0.000000	89.000000	2.480237
215	47.261479	12.427819	0.074906	89.000000	2.430518
216	47.245288	12.475074	0.074906	89.000000	2.461469
217	47.250715	12.513356	0.074906	89.000000	2.453087
218	47.250223	12.424218	0.224719	89.000000	2.471408
219	47.243842	12.345724	0.000000	89.000000	2.466088
220	47.237551	12.338182	0.074906	89.000000	2.474478
221	47.236526	12.355926	0.149813	89.000000	2.489175
222	47.250509	12.365402	0.074906	89.000000	2.446724
223	47.243604	12.427821	0.074906	89.000000	2.455184
224	47.243130	12.454437	0.000000	89.000000	2.438237
225	47.234339	12.454807	0.000000	89.000000	2.476919
226	47.245723	12.469236	0.000000	89.000000	2.468560
227	47.244886	12.511349	0.000000	89.000000	2.470854
228	47.247237	12.523094	0.000000	89.000000	2.486217
229	47.256562	12.586294	0.000000	89.000000	2.446273
230	47.249714	12.467676	0.000000	89.000000	2.472467
231	47.249642	12.463972	0.000000	89.000000	2.464485
232	47.244418	12.412733	0.000000	89.000000	2.467933
233	47.244054	12.365899	0.000000	89.000000	2.474810
234	47.252190	12.425216	0.000000	89.000000	2.439575
235	47.234240	12.475377	0.074906	89.000000	2.485993
236	47.223717	12.471913	0.149813	89.000000	2.477828
237	47.254446	12.450116	0.074906	89.000000	2.447552
238	47.241151	12.509424	0.074906	89.000000	2.468125
239	47.247946	12.435583	0.149813	89.000000	2.479647
240	47.249639	12.425526	0.149813	89.000000	2.467746
241	47.246850	12.470536	0.074906	89.000000	2.470570
242	47.234356	12.542193	0.074906	89.000000	2.452384
243	47.226912	12.497659	0.074906	89.000000	2.494827
244	47.239253	12.489219	0.000000	89.000000	2.484110
245	47.245824	12.423730	0.074906	89.000000	2.434116
246	47.238463	12.472508	0.224719	89.000000	2.472907
247	47.236931	12.493282	0.074906	89.000000	2.444440
248	47.233030	12.460047	0.149813	89.000000	2.485606
249	47.231936	12.365976	0.000000	89.000000	2.463004
250	47.235656	12.395633	0.149813	89.000000	2.482159
251	47.239453	12.405377	0.000000	89.000000	2.501355
252	47.233963	12.391436	0.074906	89.000000	2.489057
253	47.245777	12.445539	0.000000	89.000000	2.487907
254	47.223365	12.323448	0.000000	89.000000	2.442523
255	47.232068	12.380583	0.074906	89.000000	2.486177
256	47.230694	12.469328	0.000000	89.000000	2.426347
257	47.221905	12.433342	0.000000	89.000000	2.481659
258	47.223216	12.477827	0.000000	89.000000	2.457709
259	47.224912	12.420085	0.000000	89.000000	2.482115
260	47.229391	12.340432	0.074906	89.000000	2.488511
261	47.235063	12.359522	0.000000	89.000000	2.468511
262	47.221625	12.362945	0.074906	89.000000	2.454594
263	47.222900	12.362261	0.000000	89.000000	2.449353
264	47.229242	12.408450	0.000000	89.000000	2.437496
265	47.237390	12.463733	0.000000	89.000000	2.461804
266	47.246960	12.473888	0.074906	89.000000	2.487041
267	47.423336	12.467917	0.000000	89.000000	2.488204
268	47.483891	12.509682	0.074906	89.000000	2.477213
269	47.525615	12.493709	0.074906	89.000000	2.447750
270	47.547078	12.573950	0.000000	89.000000	2.471848
271	47.547102	12.554765	0.074906	89.000000	2.422261
272	47.558409	12.570843	0.074906	89.000000	2.468296
273	47.570565	12.556051	0.000000	89.000000	2.480683
274	47.561222	12.452237	0.000000	89.000000	2.485220
275	47.579992	12.508077	0.000000	89.000000	2.479336
276	47.576487	12.524106	0.000000	89.000000	2.452880
277	47.571969	12.515177	0.000000	89.000000	2.475918
278	47.578421	12.569244	0.000000	89.000000	2.445340
279	47.578704	12.524512	0.074906	89.000000	2.455078
280	47.584152	12.447686	0.074906	89.000000	2.457362
281	47.584093	12.452859	0.000000	89.000000	2.483253
282	47.589093	12.540922	0.074906	89.000000	2.471843
283	47.601044	12.454878	0.149813	89.000000	2.439704
284	47.599041	12.419311	0.149813	89.000000	2.479543
285	47.596204	12.362118	0.224719	89.000000	2.419952
286	47.590679	12.310478	0.149813	89.000000	2.474084
287	47.588682	12.434195	0.149813	89.000000	2.483598
288	47.586694	12.508695	0.149813	89.000000	2.490470
289	47.594789	12.423529	0.149813	89.000000	2.460311
290	47.592449	12.491888	0.074906	89.000000	2.442971
291	47.610098	12.475401	0.000000	89.000000	2.483833
292	47.592276	12.500719	0.149813	89.000000	2.433836
293	47.597432	12.425056	0.149813	89.000000	2.463823
294	47.595400	12.515650	0.224719	89.000000	2.466530
295	47.600549	12.548835	0.149813	89.000000	2.485586
296	47.606245	12.517733	0.074906	89.000000	2.469174
297	47.599393	12.528293	0.149813	89.000000	2.469055
298	47.595769	12.477603	0.149813	89.000000	2.512971
299	47.607166	12.475585	0.149813	89.000000	2.457146
300	47.596887	12.506420	0.074906	89.000000	2.452564
301	47.600609	12.497243	0.149813	89.000000	2.444249
302	47.602612	12.438361	0.000000	89.000000	2.481276
303	47.607794	12.483145	0.000000	89.000000	2.451019
304	47.589597	12.525468	0.074906	89.000000	2.484878
305	47.600460	12.487943	0.074906	89.000000	2.446190
306	47.595775	12.513073	0.000000	89.000000	2.475449
307	47.596270	12.534313	0.000000	89.000000	2.435420
308	47.613916	12.467591	0.000000	89.000000	2.465663
309	47.611231	12.469444	0.074906	89.000000	2.468832
310	47.612470	12.491962	0.074906	89.000000	2.455318
311	47.603953	12.572648	0.074906	89.000000	2.466189
312	47.600389	12.599593	0.000000	89.000000	2.454450
313	47.616541	12.527666	0.074906	89.000000	2.430923
314	47.615504	12.537663	0.000000	89.000000	2.460916
315	47.603148	12.538575	0.000000	89.000000	2.444949
316	47.608441	12.556795	0.000000	89.000000	2.484703
317	47.595388	12.525750	0.074906	89.000000	2.472680
318	47.603703	12.532928	0.000000	89.000000	2.457490
319	47.603059	12.479469	0.074906	89.000000	2.484066
320	47.608685	12.492856	0.000000	89.000000	2.424462
321	47.618097	12.532101	0.000000	89.000000	2.483523
322	47.618616	12.462298	0.000000	89.000000	2.453746
323	47.614789	12.490269	0.074906	89.000000	2.492177
324	47.610149	12.565552	0.149813	89.000000	2.466521
325	47.609368	12.580005	0.074906	89.000000	2.454621
326	47.608078	12.523371	0.074906	89.000000	2.473732
327	47.609475	12.484959	0.000000	89.000000	2.423810
328	47.616845	12.483128	0.000000	89.000000	2.471741
329	47.620818	12.489241	0.000000	89.000000	2.459790
330	47.612417	12.477221	0.000000	89.000000	2.484730
331	47.611207	12.400299	0.000000	89.000000	2.474884
332	47.615474	12.511826	0.000000	89.000000	2.448328
333	47.605067	12.560862	0.074906	89.000000	2.476581
334	47.613966	12.556265	0.074906	89.000000	2.430291
335	47.619388	12.595196	0.074906	89.000000	2.467898
336	47.620028	12.533723	0.074906	89.000000	2.467657
337	47.610977	12.567982	0.074906	89.000000	2.484271
338	47.629082	12.512175	0.074906	89.000000	2.468866
339	47.617489	12.533815	0.074906	89.000000	2.440870
340	47.626394	12.605305	0.074906	89.000000	2.493152
341	47.604340	12.558244	0.074906	89.000000	2.455254
342	47.601357	12.535544	0.149813	89.000000	2.449730
343	47.622684	12.574993	0.000000	89.000000	2.477916
344	47.615021	12.621211	0.000000	89.000000	2.462771
345	47.612813	12.613435	0.000000	89.000000	2.467239
346	47.615102	12.584016	0.000000	89.000000	2.474215
347	47.621411	12.538182	0.000000	89.000000	2.458350
348	47.616670	12.513694	0.000000	89.000000	2.420679
349	47.623563	12.507340	0.000000	89.000000	2.470717
350	47.632807	12.571203	0.000000	89.000000	2.468424
351	47.639063	12.542261	0.074906	89.000000	2.489200
352	47.637451	12.511745	0.074906	89.000000	2.464220
353	47.635895	12.515445	0.074906	89.000000	2.445546
354	47.642937	12.529737	0.074906	89.000000	2.481537
355	47.631583	12.543995	0.074906	89.000000	2.425317
356	47.642529	12.558876	0.074906	89.000000	2.472663
357	47.625345	12.525673	0.074906	89.000000	2.478877
358	47.635478	12.540711	0.074906	89.000000	2.456270
359	47.633731	12.552941	0.000000	89.000000	2.479831
360	47.639716	12.509427	0.000000	89.000000	2.450956
361	47.646388	12.546192	0.000000	89.000000	2.483057
362	47.632736	12.660387	0.000000	89.000000	2.426411
363	47.636011	12.620814	0.000000	89.000000	2.475310
364	47.630757	12.616435	0.074906	89.000000	2.468619
365	47.631654	12.623957	0.000000	89.000000	2.451928
366	47.627962	12.638643	0.000000	89.000000	2.464926
367	47.625607	12.630779	0.149813	89.000000	2.458108
368	47.620952	12.655174	0.074906	89.000000	2.415514
369	47.633332	12.623049	0.074906	89.000000	2.479326
370	47.636065	12.581863	0.000000	89.000000	2.455256
371	47.628692	12.554427	0.074906	89.000000	2.495209
372	47.624660	12.516124	0.000000	89.000000	2.465238
373	47.620851	12.520795	0.000000	89.000000	2.447921
374	47.620386	12.580108	0.000000	89.000000	2.475220
375	47.633815	12.593577	0.000000	89.000000	2.416227
376	47.624320	12.505474	0.074906	89.000000	2.468752
377	47.630826	12.551860	0.000000	89.000000	2.475469
378	47.626245	12.575718	0.000000	89.000000	2.490327
379	47.619689	12.604233	0.000000	89.000000	2.469358
380	47.627816	12.646821	0.074906	89.000000	2.441469
381	47.629020	12.667339	0.000000	89.000000	2.471815
382	47.623497	12.569806	0.000000	89.000000	2.418571
383	47.643185	12.588055	0.000000	89.000000	2.461508
384	47.627032	12.555970	0.000000	89.000000	2.488088
385	47.632498	12.511196	0.000000	89.000000	2.493383
386	47.629863	12.493070	0.000000	89.000000	2.470596
387	47.640365	12.516365	0.000000	89.000000	2.449743
388	47.629184	12.538858	0.000000	89.000000	2.475367
389	47.625357	12.585243	0.074906	89.000000	2.429834
390	47.619414	12.476939	0.074906	89.000000	2.477797
391	47.631529	12.400155	0.000000	89.000000	2.456505
392	47.641030	12.532432	0.000000	89.000000	2.484392
393	47.626087	12.501061	0.000000	89.000000	2.469908
394	47.633952	12.463629	0.074906	89.000000	2.440423
395	47.635031	12.465570	0.074906	89.000000	2.456980
396	47.633648	12.470103	0.074906	89.000000	2.437510
397	47.629809	12.438210	0.000000	89.000000	2.471998
398	47.631806	12.553332	0.074906	89.000000	2.474964
399	47.620291	12.551845	0.000000	89.000000	2.485050
400	47.622228	12.615596	0.074906	89.000000	2.477749
401	47.644520	12.556516	0.000000	89.000000	2.441814
402	47.633946	12.530629	0.000000	89.000000	2.471118
403	47.636250	12.516625	0.074906	89.000000	2.420909
404	47.645414	12.493256	0.000000	89.000000	2.464586
405	47.642308	12.474475	0.000000	89.000000	2.489568
406	47.643071	12.496901	0.074906	89.000000	2.490437
407	47.651553	12.501222	0.074906	89.000000	2.468003
408	47.651023	12.508376	0.074906	89.000000	2.448233
409	47.646919	12.601008	0.000000	89.000000	2.481687
410	47.623926	12.533935	0.000000	89.000000	2.429410
411	47.630888	12.518198	0.000000	89.000000	2.467602
412	47.616461	12.388924	0.000000	89.000000	2.475112
413	47.624588	12.433587	0.000000	89.000000	2.477707
414	47.626680	12.467520	0.074906	89.000000	2.467917
415	47.641918	12.471782	0.074906	89.000000	2.448304
416	47.639066	12.496027	0.000000	89.000000	2.482504
417	47.630498	12.533116	0.149813	89.000000	2.426036
418	47.636378	12.500117	0.000000	89.000000	2.480353
419	47.633144	12.569517	0.000000	89.000000	2.466046
420	47.629368	12.557222	0.074906	89.000000	2.489580
421	47.623843	12.554376	0.149813	89.000000	2.490493
422	47.627270	12.512925	0.149813	89.000000	2.468248
423	47.625017	12.568382	0.149813	89.000000	2.455475
424	47.632912	12.502966	0.074906	89.000000	2.475981
425	47.619641	12.537084	0.074906	89.000000	2.427269
426	47.627616	12.508665	0.000000	89.000000	2.483506
427	47.638398	12.506834	0.000000	89.000000	2.483963
428	47.636524	12.451997	0.074906	89.000000	2.431684
429	47.637087	12.444489	0.074906	89.000000	2.479390
430	47.623038	12.410725	0.074906	89.000000	2.449137
431	47.624516	12.408206	0.000000	89.000000	2.478971
432	47.637761	12.482630	0.074906	89.000000	2.425737
433	47.632095	12.490890	0.074906	89.000000	2.472776
434	47.630414	12.451288	0.074906	89.000000	2.477236
435	47.636253	12.450577	0.149813	89.000000	2.456250
436	47.643882	12.450391	0.149813	89.000000	2.468135
437	47.628689	12.438079	0.074906	89.000000	2.458236
438	47.638220	12.436756	0.074906	89.000000	2.446359
439	47.632343	12.500322	0.074906	89.000000	2.447944
440	47.635597	12.633252	0.074906	89.000000	2.457580
441	47.643179	12.595132	0.000000	89.000000	2.483735
442	47.638744	12.552796	0.074906	89.000000	2.473410
443	47.646582	12.530488	0.000000	89.000000	2.452641
444	47.635436	12.568779	0.000000	89.000000	2.476756
445	47.645730	12.620772	0.000000	89.000000	2.425200
446	47.639936	12.613912	0.000000	89.000000	2.467439
447	47.641116	12.581813	0.000000	89.000000	2.476367
448	47.652280	12.584205	0.074906	89.000000	2.484075
449	47.649524	12.647465	0.074906	89.000000	2.462456
450	47.650087	12.590962	0.000000	89.000000	2.448838
451	47.636372	12.539494	0.074906	89.000000	2.476258
452	47.649506	12.552659	0.149813	89.000000	2.426979
453	47.656897	12.564840	0.074906	89.000000	2.477008
454	47.646314	12.633892	0.000000	89.000000	2.469057
455	47.650886	12.568970	0.000000	89.000000	2.487238
456	47.639161	12.574322	0.074906	89.000000	2.463368
457	47.639623	12.552352	0.074906	89.000000	2.446080
458	47.642314	12.546696	0.000000	89.000000	2.477277
459	47.636551	12.543536	0.074906	89.000000	2.444284
460	47.640496	12.515602	0.149813	89.000000	2.453914
461	47.646713	12.526016	0.074906	89.000000	2.457869
462	47.658896	12.469005	0.074906	89.000000	2.490091
463	47.647583	12.474202	0.149813	89.000000	2.468916
464	47.635815	12.453248	0.149813	89.000000	2.448589
465	47.635078	12.438405	0.074906	89.000000	2.477448
466	47.630757	12.581448	0.074906	89.000000	2.443085
467	47.634602	12.521010	0.149813	89.000000	2.458339
468	47.642046	12.552579	0.149813	89.000000	2.481438
469	47.638777	12.550368	0.224719	89.000000	2.479010
470	47.629720	12.533793	0.074906	89.000000	2.466233
471	47.640234	12.580018	0.074906	89.000000	2.469699
472	47.640932	12.595879	0.149813	89.000000	2.456072
473	47.644991	12.628532	0.074906	89.000000	2.448430
474	47.647941	12.544653	0.074906	89.000000	2.450058
475	47.646117	12.519451	0.074906	89.000000	2.487088
476	47.646928	12.588140	0.074906	89.000000	2.478141
477	47.656232	12.525147	0.074906	89.000000	2.456695
478	47.644985	12.595341	0.149813	89.000000	2.470468
479	47.634315	12.596743	0.149813	89.000000	2.449565
480	47.640264	12.523271	0.074906	89.000000	2.426048
481	47.655404	12.552702	0.074906	89.000000	2.469794
482	47.648859	12.550608	0.224719	89.000000	2.456111
483	47.661638	12.591920	0.149813	89.000000	2.493580
484	47.658697	12.528462	0.149813	89.000000	2.466669
485	47.652376	12.589980	0.149813	89.000000	2.440609
486	47.646770	12.553602	0.074906	89.000000	2.490652
487	47.647461	12.598032	0.149813	89.000000	2.431956
488	47.648817	12.603347	0.149813	89.000000	2.463431
489	47.654086	12.549519	0.149813	89.000000	2.445009
490	47.655609	12.514928	0.149813	89.000000	2.466631
491	47.641981	12.588811	0.224719	89.000000	2.441741
492	47.643834	12.471836	0.149813	89.000000	2.490716
493	47.644952	12.533656	0.074906	89.000000	2.443505
494	47.640246	12.447314	0.149813	89.000000	2.452365
495	47.653162	12.505192	0.149813	89.000000	2.466581
496	47.647402	12.540443	0.000000	89.000000	2.485087
497	47.650695	12.535658	0.000000	89.000000	2.465069
498	47.645152	12.575111	0.074906	89.000000	2.453101
499	47.645959	12.623834	0.000000	89.000000	2.474347
500	47.641072	12.529893	0.074906	89.000000	2.433771
501	47.664559	12.558776	0.074906	89.000000	2.466208
502	47.650096	12.556623	0.074906	89.000000	2.456552
503	47.658846	12.569113	0.074906	89.000000	2.483670
504	47.661203	12.580720	0.074906	89.000000	2.471438
505	47.663906	12.502916	0.074906	89.000000	2.447206
506	47.665808	12.513915	0.149813	89.000000	2.474709
507	47.658214	12.483935	0.149813	89.000000	2.423090
508	47.656906	12.449895	0.074906	89.000000	2.475348
509	47.661042	12.444741	0.149813	89.000000	2.466570
510	47.647417	12.575413	0.074906	89.000000	2.487298
511	47.653085	12.518054	0.074906	89.000000	2.471955
512	47.658813	12.666075	0.074906	89.000000	2.438408
513	47.656617	12.641626	0.000000	89.000000	2.462440
514	47.660601	12.557018	0.074906	89.000000	2.440193
515	47.642559	12.575465	0.149813	89.000000	2.472185
516	47.663009	12.620989	0.074906	89.000000	2.481653
517	47.662425	12.625761	0.149813	89.000000	2.487961
518	47.655332	12.594361	0.000000	89.000000	2.463432
519	47.653842	12.648074	0.149813	89.000000	2.443160
520	47.656262	12.512814	0.149813	89.000000	2.478217
521	47.657198	12.524770	0.224719	89.000000	2.420656
522	47.658521	12.495589	0.149813	89.000000	2.469690
523	47.650212	12.490509	0.074906	89.000000	2.479371
524	47.663081	12.482491	0.074906	89.000000	2.486415
525	47.655827	12.594623	0.149813	89.000000	2.468462
526	47.663504	12.558509	0.149813	89.000000	2.448164
527	47.656542	12.609380	0.074906	89.000000	2.478681
528	47.667241	12.566556	0.149813	89.000000	2.426701
529	47.659284	12.511325	0.074906	89.000000	2.472299
530	47.665417	12.536749	0.224719	89.000000	2.452350
531	47.672465	12.494921	0.149813	89.000000	2.487538
532	47.662106	12.461415	0.149813	89.000000	2.479908
533	47.668913	12.480657	0.224719	89.000000	2.454403
534	47.660512	12.509070	0.149813	89.000000	2.473290
535	47.667992	12.510609	0.149813	89.000000	2.427101
536	47.668481	12.578993	0.149813	89.000000	2.481374
537	47.672948	12.505260	0.224719	89.000000	2.453946
538	47.660816	12.568880	0.224719	89.000000	2.480745
539	47.671294	12.539945	0.224719	89.000000	2.475591
540	47.669390	12.497142	0.149813	89.000000	2.444014
541	47.665042	12.459858	0.149813	89.000000	2.476670
542	47.663617	12.502660	0.149813	89.000000	2.421878
543	47.670650	12.510878	0.149813	89.000000	2.483070
544	47.667792	12.443629	0.149813	89.000000	2.455298
545	47.663546	12.392961	0.149813	89.000000	2.492244
546	47.664559	12.340070	0.149813	89.000000	2.491746
547	47.663084	12.437970	0.074906	89.000000	2.460630
548	47.664216	12.500427	0.074906	89.000000	2.451945
549	47.668526	12.439494	0.074906	89.000000	2.424958
550	47.662020	12.482278	0.000000	89.000000	2.474478
551	47.662953	12.483334	0.149813	89.000000	2.455947
552	47.651309	12.434114	0.000000	89.000000	2.492995
553	47.655669	12.374481	0.074906	89.000000	2.463699
554	47.662219	12.356680	0.224719	89.000000	2.447859
555	47.665861	12.274520	0.224719	89.000000	2.478839
556	47.671556	12.321438	0.149813	89.000000	2.426648
557	47.664332	12.311349	0.149813	89.000000	2.484183
558	47.660655	12.282856	0.074906	89.000000	2.475928
559	47.645825	12.401312	0.149813	89.000000	2.467637
560	47.648644	12.392022	0.074906	89.000000	2.462692
561	47.659081	12.368360	0.224719	89.000000	2.448306
562	47.652504	12.393403	0.224719	89.000000	2.483257
563	47.656757	12.509657	0.224719	89.000000	2.430111
564	47.657663	12.489264	0.299625	89.000000	2.470455
565	47.665912	12.553180	0.299625	89.000000	2.469751
566	47.661665	12.487806	0.224719	89.000000	2.481951
567	47.661358	12.560622	0.224719	89.000000	2.465819
568	47.661668	12.462887	0.149813	89.000000	2.452255
569	47.656202	12.427748	0.149813	89.000000	2.471677
570	47.655877	12.464246	0.149813	89.000000	2.432612
571	47.672266	12.398764	0.224719	89.000000	2.466266
572	47.669402	12.421872	0.149813	89.000000	2.449234
573	47.664127	12.426974	0.224719	89.000000	2.481738
574	47.655964	12.429276	0.149813	89.000000	2.471601
575	47.651726	12.365718	0.149813	89.000000	2.451960
576	47.654897	12.449551	0.224719	89.000000	2.445853
577	47.657770	12.485814	0.224719	89.000000	2.446842
578	47.666934	12.536857	0.149813	89.000000	2.453802
579	47.652084	12.469925	0.149813	89.000000	2.483592
580	47.661465	12.458531	0.149813	89.000000	2.491701
581	47.663552	12.410484	0.149813	89.000000	2.471338
582	47.658026	12.504206	0.149813	89.000000	2.453340
583	47.654587	12.450768	0.149813	89.000000	2.468644
584	47.661981	12.558828	0.224719	89.000000	2.433425
585	47.649944	12.523236	0.074906	89.000000	2.477445
586	47.661108	12.512622	0.149813	89.000000	2.468125
587	47.659618	12.618886	0.074906	89.000000	2.492209
588	47.671363	12.575404	0.074906	89.000000	2.472493
589	47.823936	12.566171	0.074906	89.000000	2.448055
590	47.866914	12.577501	0.074906	89.000000	2.479993
591	47.883648	12.489653	0.149813	89.000000	2.427051
592	47.889799	12.485589	0.074906	89.000000	2.470447
593	47.896037	12.489055	0.149813	89.000000	2.445932
594	47.908187	12.530504	0.149813	89.000000	2.490954
595	47.916511	12.516723	0.149813	89.000000	2.483064
596	47.920954	12.484598	0.224719	89.000000	2.445558
597	47.930080	12.557102	0.000000	89.000000	2.480295
598	47.926050	12.530573	0.149813	89.000000	2.430683
599	47.926968	12.449624	0.149813	89.000000	2.478060
600	47.923818	12.440052	0.074906	89.000000	2.485827
601	47.921312	12.452651	0.000000	89.000000	2.463177
602	47.936058	12.439492	0.074906	89.000000	2.458875
603	47.926509	12.524139	0.074906	89.000000	2.448811
604	47.945052	12.560959	0.074906	89.000000	2.478632
605	47.942546	12.502741	0.149813	89.000000	2.450527
606	47.928345	12.531367	0.149813	89.000000	2.455099
607	47.931331	12.503634	0.224719	89.000000	2.477059
608	47.939783	12.606472	0.149813	89.000000	2.450114
609	47.937608	12.532150	0.149813	89.000000	2.472911
610	47.941446	12.447111	0.074906	89.000000	2.446538
611	47.939986	12.452099	0.000000	89.000000	2.465789
612	47.944984	12.472161	0.000000	89.000000	2.432751
613	47.949952	12.502675	0.149813	89.000000	2.481395
614	47.956479	12.529718	0.149813	89.000000	2.458556
615	47.953433	12.475912	0.074906	89.000000	2.461384
616	47.951305	12.469169	0.074906	89.000000	2.441812
617	47.955835	12.471139	0.074906	89.000000	2.469599
618	47.950345	12.519236	0.000000	89.000000	2.420512
619	47.955447	12.474176	0.074906	89.000000	2.481165
620	47.950792	12.492489	0.074906	89.000000	2.456460
621	47.953492	12.449986	0.224719	89.000000	2.488134
622	47.961086	12.469745	0.074906	89.000000	2.471323
623	47.964931	12.481163	0.074906	89.000000	2.445952
624	47.956955	12.513300	0.074906	89.000000	2.419480
625	47.959816	12.530739	0.149813	89.000000	2.481117
626	47.952390	12.490102	0.074906	89.000000	2.464282
627	47.965640	12.572222	0.074906	89.000000	2.484951
628	47.970080	12.605074	0.074906	89.000000	2.482001
629	47.968090	12.541283	0.074906	89.000000	2.474530
630	47.957611	12.600075	0.074906	89.000000	2.447361
631	47.956318	12.511933	0.149813	89.000000	2.462250
632	47.950476	12.512875	0.074906	89.000000	2.433058
633	47.957575	12.492300	0.074906	89.000000	2.463840
634	47.968286	12.531863	0.000000	89.000000	2.480536
635	47.956687	12.500453	0.074906	89.000000	2.487074
636	47.954345	12.482463	0.074906	89.000000	2.491094
637	47.944015	12.530375	0.074906	89.000000	2.439204
638	47.951412	12.603904	0.074906	89.000000	2.478789
639	47.947368	12.565303	0.074906	89.000000	2.419245
640	47.957379	12.543874	0.074906	89.000000	2.476858
641	47.957084	12.483388	0.074906	89.000000	2.454609
642	47.951570	12.413295	0.149813	89.000000	2.488514
643	47.946018	12.440766	0.149813	89.000000	2.475071
644	47.955847	12.425736	0.149813	89.000000	2.436324
645	47.968364	12.430912	0.074906	89.000000	2.464473
646	47.965032	12.516823	0.074906	89.000000	2.435112
647	47.968858	12.508841	0.149813	89.000000	2.463650
648	47.966883	12.467605	0.074906	89.000000	2.481339
649	47.965127	12.473385	0.074906	89.000000	2.488978
650	47.961360	12.509582	0.074906	89.000000	2.468629
651	47.956982	12.481843	0.074906	89.000000	2.454837
652	47.957888	12.464544	0.149813	89.000000	2.484913
653	47.960651	12.459294	0.149813	89.000000	2.424916
654	47.958595	12.573443	0.074906	89.000000	2.482774
655	47.959918	12.484533	0.074906	89.000000	2.470306
656	47.954959	12.464223	0.074906	89.000000	2.476780
657	47.962484	12.502144	0.074906	89.000000	2.462437
658	47.966665	12.381408	0.074906	89.000000	2.441559
659	47.976157	12.387218	0.074906	89.000000	2.486270
660	47.980738	12.366232	0.074906	89.000000	2.447872
661	47.967622	12.345832	0.074906	89.000000	2.452180
662	47.962362	12.328934	0.074906	89.000000	2.455412
663	47.969571	12.362365	0.074906	89.000000	2.479756
664	47.967529	12.382433	0.074906	89.000000	2.468992
665	47.970694	12.382923	0.074906	89.000000	2.444114
666	47.963139	12.443433	0.074906	89.000000	2.444319
667	47.960782	12.486808	0.074906	89.000000	2.442028
668	47.967085	12.468747	0.074906	89.000000	2.444260
669	47.959942	12.455109	0.149813	89.000000	2.466481
670	47.965699	12.377245	0.149813	89.000000	2.431458
671	47.974348	12.371276	0.074906	89.000000	2.460484
672	47.969300	12.416180	0.074906	89.000000	2.426596
673	47.976577	12.409140	0.074906	89.000000	2.441786
674	47.960362	12.474618	0.074906	89.000000	2.458493
675	47.962862	12.468803	0.000000	89.000000	2.440755
676	47.963363	12.451281	0.000000	89.000000	2.462699
677	47.962317	12.461422	0.000000	89.000000	2.447332
678	47.963220	12.491888	0.074906	89.000000	2.474685
679	47.964677	12.511994	0.074906	89.000000	2.446106
680	47.965151	12.424316	0.149813	89.000000	2.468513
681	47.974399	12.409732	0.149813	89.000000	2.429345
682	47.986811	12.424292	0.074906	89.000000	2.433028
683	47.980285	12.494518	0.149813	89.000000	2.461370
684	47.976211	12.534035	0.074906	89.000000	2.447445
685	47.969943	12.511297	0.149813	89.000000	2.470789
686	47.976273	12.495730	0.074906	89.000000	2.429870
687	47.982109	12.447566	0.074906	89.000000	2.427599
688	47.973990	12.477703	0.149813	89.000000	2.454270
689	47.972572	12.479769	0.149813	89.000000	2.449719
690	47.971421	12.505344	0.149813	89.000000	2.475605
691	47.974092	12.499664	0.074906	89.000000	2.419872
692	47.979075	12.457839	0.074906	89.000000	2.413946
693	47.972435	12.521882	0.074906	89.000000	2.451192
694	47.979581	12.597665	0.074906	89.000000	2.448681
695	47.976309	12.425124	0.074906	89.000000	2.407160
696	47.981587	12.487912	0.149813	89.000000	2.460690
697	47.978812	12.517683	0.074906	89.000000	2.468320
698	47.973785	12.559046	0.074906	89.000000	2.476576
699	47.976166	12.494441	0.074906	89.000000	2.437882
700	47.976679	12.525156	0.074906	89.000000	2.442057
701	47.983491	12.554513	0.074906	89.000000	2.439421
702	47.980088	12.526916	0.149813	89.000000	2.450784
703	47.986981	12.533188	0.074906	89.000000	2.476911
704	47.995764	12.505130	0.074906	89.000000	2.435668
705	47.995499	12.501641	0.074906	89.000000	2.455607
706	47.985211	12.487906	0.149813	89.000000	2.427766
707	47.986734	12.500758	0.000000	89.000000	2.430965
708	47.985086	12.526010	0.000000	89.000000	2.467539
709	47.985411	12.526267	0.074906	89.000000	2.430135
710	47.983178	12.499638	0.149813	89.000000	2.449371
711	47.973269	12.542836	0.149813	89.000000	2.446091
712	47.985661	12.566474	0.149813	89.000000	2.436499
713	47.988576	12.536250	0.074906	89.000000	2.454400
714	47.985280	12.571878	0.074906	89.000000	2.420860
715	47.982806	12.548952	0.074906	89.000000	2.407083
716	47.979882	12.539438	0.000000	89.000000	2.418703
717	47.986847	12.579306	0.074906	89.000000	2.401831
718	47.995478	12.563980	0.149813	89.000000	2.430571
719	47.992739	12.465598	0.074906	89.000000	2.471866
720	48.001349	12.534007	0.000000	89.000000	2.422960
721	47.995555	12.507671	0.000000	89.000000	2.400475
722	47.997588	12.545872	0.000000	89.000000	2.446710
723	47.986281	12.522395	0.000000	89.000000	2.466476
724	47.988462	12.471286	0.000000	89.000000	2.429765
725	47.989625	12.430735	0.000000	89.000000	2.470664
726	47.984502	12.461763	0.074906	89.000000	2.433928
727	47.989142	12.405165	0.000000	89.000000	2.471235
728	47.992644	12.402860	0.000000	89.000000	2.440155
729	47.995043	12.405562	0.074906	89.000000	2.454663
730	47.990420	12.380592	0.074906	89.000000	2.440718
731	47.989619	12.455125	0.074906	89.000000	2.425184
732	47.989869	12.545543	0.074906	89.000000	2.462818
733	47.996739	12.500413	0.074906	89.000000	2.440795
734	47.999817	12.475069	0.000000	89.000000	2.428287
735	47.992519	12.451494	0.074906	89.000000	2.444711
736	47.993955	12.418506	0.074906	89.000000	2.439229
737	47.991768	12.436395	0.074906	89.000000	2.438631
738	47.996396	12.426619	0.074906	89.000000	2.459959
739	48.007387	12.411419	0.074906	89.000000	2.416938
740	47.995427	12.436393	0.074906	89.000000	2.454661
741	48.005104	12.409277	0.074906	89.000000	2.446638
742	47.999984	12.419650	0.074906	89.000000	2.434817
743	47.994500	12.460438	0.074906	89.000000	2.407465
744	47.986919	12.499037	0.074906	89.000000	2.439847
745	47.981894	12.475562	0.074906	89.000000	2.467316
746	47.989720	12.534125	0.149813	89.000000	2.430827
747	47.994986	12.564531	0.074906	89.000000	2.441943
748	47.993231	12.546891	0.000000	89.000000	2.454536
749	47.992617	12.518203	0.074906	89.000000	2.461133
750	47.994018	12.549240	0.000000	89.000000	2.463755
751	47.999242	12.502648	0.074906	89.000000	2.466114
752	47.994745	12.483575	0.074906	89.000000	2.433580
753	47.994566	12.553172	0.074906	89.000000	2.455801
754	47.999531	12.541814	0.074906	89.000000	2.451003
755	47.996742	12.493033	0.074906	89.000000	2.484665
756	48.000479	12.458583	0.224719	89.000000	2.443251
757	47.995073	12.488452	0.074906	89.000000	2.467961
758	47.992912	12.498773	0.000000	89.000000	2.439692
759	47.996700	12.506635	0.149813	89.000000	2.461879
760	47.992006	12.460305	0.074906	89.000000	2.439479
761	47.987148	12.428622	0.149813	89.000000	2.468206
762	47.985387	12.432341	0.074906	89.000000	2.454020
763	47.993731	12.476620	0.074906	89.000000	2.470827
764	47.991270	12.492792	0.000000	89.000000	2.429950
765	47.990581	12.495482	0.000000	89.000000	2.437846
766	48.000175	12.465105	0.000000	89.000000	2.466417
767	48.001492	12.453550	0.000000	89.000000	2.455284
768	47.990292	12.498133	0.000000	89.000000	2.471914
769	47.999194	12.523298	0.000000	89.000000	2.473033
770	47.991800	12.463262	0.000000	89.000000	2.429296
771	47.989458	12.447295	0.000000	89.000000	2.418746
772	47.995389	12.418778	0.000000	89.000000	2.466600
773	47.997671	12.405512	0.074906	89.000000	2.449209
774	48.000449	12.431032	0.074906	89.000000	2.478866
775	47.997934	12.480435	0.074906	89.000000	2.426093
776	48.007387	12.475113	0.000000	89.000000	2.437766
777	48.002863	12.418665	0.000000	89.000000	2.457771
778	48.006594	12.441295	0.224719	89.000000	2.445073
779	47.996822	12.450120	0.074906	89.000000	2.478220
780	47.985083	12.510721	0.074906	89.000000	2.427583
781	48.005992	12.466318	0.074906	89.000000	2.456514
782	47.996384	12.472602	0.074906	89.000000	2.461915
783	47.997901	12.426615	0.149813	89.000000	2.459509
784	47.997305	12.510170	0.074906	89.000000	2.436311
785	47.996303	12.478684	0.000000	89.000000	2.442155
786	47.997242	12.562703	0.000000	89.000000	2.449123
787	47.997135	12.568254	0.000000	89.000000	2.447129
788	47.986826	12.548262	0.000000	89.000000	2.479510
789	47.982758	12.481105	0.000000	89.000000	2.488240
790	47.991171	12.514420	0.000000	89.000000	2.442044
791	48.142946	12.498811	0.074906	89.000000	2.479734
792	48.165068	12.477543	0.074906	89.000000	2.416806
793	48.182073	12.517727	0.000000	89.000000	2.472960
794	48.187238	12.522950	0.074906	89.000000	2.475247
795	48.197329	12.509532	0.074906	89.000000	2.493718
796	48.204827	12.544521	0.074906	89.000000	2.492923
797	48.210469	12.472993	0.000000	89.000000	2.477766
798	48.209286	12.451207	0.000000	89.000000	2.447494
799	48.213208	12.468524	0.000000	89.000000	2.476031
800	48.215839	12.471290	0.000000	89.000000	2.415262
801	48.220396	12.453959	0.074906	89.000000	2.481210
802	48.223513	12.475672	0.074906	89.000000	2.477758
803	48.222327	12.509245	0.000000	89.000000	2.484655
804	48.222059	12.528460	0.074906	89.000000	2.466382
805	48.221639	12.503838	0.074906	89.000000	2.450600
806	48.227325	12.463769	0.000000	89.000000	2.471208
807	48.227292	12.495101	0.074906	89.000000	2.428948
808	48.222956	12.485759	0.074906	89.000000	2.459460
809	48.227799	12.504286	0.074906	89.000000	2.485624
810	48.231566	12.533112	0.074906	89.000000	2.484200
811	48.226005	12.540196	0.074906	89.000000	2.464214
812	48.226762	12.539256	0.074906	89.000000	2.445132
813	48.225152	12.482820	0.074906	89.000000	2.475107
814	48.228675	12.508738	0.149813	89.000000	2.428796
815	48.222768	12.497300	0.074906	89.000000	2.470279
816	48.232549	12.513825	0.074906	89.000000	2.478019
817	48.231024	12.485307	0.074906	89.000000	2.477822
818	48.232746	12.513256	0.074906	89.000000	2.469496
819	48.235902	12.514255	0.000000	89.000000	2.445906
820	48.231870	12.519074	0.074906	89.000000	2.477958
821	48.237404	12.543711	0.000000	89.000000	2.426728
822	48.234302	12.541168	0.074906	89.000000	2.471760
823	48.231804	12.537286	0.074906	89.000000	2.449738
824	48.238814	12.525705	0.074906	89.000000	2.485082
825	48.234394	12.499960	0.074906	89.000000	2.474681
826	48.236543	12.470294	0.074906	89.000000	2.447604
827	48.238456	12.543456	0.074906	89.000000	2.488382
828	48.240936	12.495932	0.074906	89.000000	2.435424
829	48.242429	12.506797	0.000000	89.000000	2.481728
830	48.245108	12.541776	0.074906	89.000000	2.478842
831	48.239088	12.520071	0.000000	89.000000	2.455426
832	48.240209	12.556529	0.000000	89.000000	2.471043
833	48.244447	12.561360	0.074906	89.000000	2.447485
834	48.241255	12.532049	0.000000	89.000000	2.477633
835	48.236525	12.493710	0.074906	89.000000	2.423164
836	48.236796	12.552377	0.000000	89.000000	2.480726
837	48.240513	12.562236	0.074906	89.000000	2.482560
838	48.237765	12.555936	0.074906	89.000000	2.492784
839	48.241895	12.508850	0.074906	89.000000	2.463847
840	48.243847	12.515158	0.074906	89.000000	2.482485
841	48.242214	12.539089	0.074906	89.000000	2.461609
842	48.238569	12.537693	0.000000	89.000000	2.464881
843	48.241690	12.495847	0.000000	89.000000	2.450181
844	48.239890	12.506912	0.074906	89.000000	2.454729
845	48.237100	12.501547	0.000000	89.000000	2.476104
846	48.236915	12.508130	0.000000	89.000000	2.460562
847	48.244876	12.495643	0.000000	89.000000	2.479832
848	48.244807	12.493092	0.149813	89.000000	2.459001
849	48.245764	12.565629	0.074906	89.000000	2.465744
850	48.247004	12.492365	0.074906	89.000000	2.433367
851	48.254597	12.504987	0.074906	89.000000	2.466310
852	48.252064	12.491559	0.000000	89.000000	2.443768
853	48.253393	12.511406	0.000000	89.000000	2.465577
854	48.252785	12.537561	0.000000	89.000000	2.458158
855	48.254636	12.512016	0.000000	89.000000	2.469641
856	48.252827	12.551654	0.000000	89.000000	2.447896
857	48.258105	12.512563	0.074906	89.000000	2.456123
858	48.253247	12.482382	0.074906	89.000000	2.483226
859	48.254824	12.515157	0.000000	89.000000	2.447798
860	48.257703	12.548594	0.000000	89.000000	2.484062
861	48.261827	12.513290	0.000000	89.000000	2.456206
862	48.258945	12.523852	0.000000	89.000000	2.469438
863	48.261213	12.518169	0.000000	89.000000	2.427772
864	48.260981	12.498322	0.000000	89.000000	2.480247
865	48.260486	12.524446	0.074906	89.000000	2.483751
866	48.258138	12.519051	0.000000	89.000000	2.452029
867	48.258924	12.522319	0.000000	89.000000	2.470531
868	48.255545	12.498866	0.000000	89.000000	2.453916
869	48.254219	12.462094	0.000000	89.000000	2.478106
870	48.254746	12.479965	0.074906	89.000000	2.458055
871	48.252222	12.460423	0.074906	89.000000	2.445820
872	48.251772	12.510134	0.074906	89.000000	2.486237
873	48.253250	12.444130	0.000000	89.000000	2.448985
874	48.252815	12.470279	0.000000	89.000000	2.481977
875	48.248732	12.486689	0.000000	89.000000	2.470699
876	48.253095	12.477397	0.000000	89.000000	2.459310
877	48.254049	12.477077	0.000000	89.000000	2.471728
878	48.261920	12.471354	0.000000	89.000000	2.433975
879	48.256773	12.454971	0.000000	89.000000	2.481005
880	48.252612	12.437965	0.000000	89.000000	2.471081
881	48.257676	12.463445	0.000000	89.000000	2.464303
882	48.259616	12.452051	0.074906	89.000000	2.481493
883	48.256618	12.455421	0.074906	89.000000	2.454247
884	48.263484	12.464863	0.074906	89.000000	2.486392
885	48.258510	12.440669	0.000000	89.000000	2.461845
886	48.257881	12.456253	0.000000	89.000000	2.448476
887	48.263603	12.464462	0.074906	89.000000	2.470744
888	48.252994	12.420516	0.000000	89.000000	2.462694
889	48.257184	12.439661	0.074906	89.000000	2.474664
890	48.256832	12.459102	0.000000	89.000000	2.465231
891	48.253760	12.438155	0.000000	89.000000	2.468536
892	48.252183	12.447608	0.074906	89.000000	2.456754
893	48.254886	12.449643	0.000000	89.000000	2.449371
894	48.254299	12.478695	0.000000	89.000000	2.458212
895	48.252663	12.438636	0.000000	89.000000	2.464317
896	48.256117	12.479742	0.000000	89.000000	2.479614
897	48.258162	12.445796	0.000000	89.000000	2.476779
898	48.247957	12.499743	0.000000	89.000000	2.461470
899	48.254168	12.476435	0.000000	89.000000	2.469363
900	48.260170	12.452929	0.000000	89.000000	2.437979
901	48.258150	12.422528	0.074906	89.000000	2.430182
902	48.257858	12.439755	0.074906	89.000000	2.467253
903	48.255920	12.454230	0.000000	89.000000	2.473137
904	48.255837	12.434786	0.000000	89.000000	2.462129
905	48.260978	12.400163	0.000000	89.000000	2.481642
906	48.267931	12.464399	0.000000	89.000000	2.427450
907	48.265219	12.454296	0.000000	89.000000	2.477085
908	48.269951	12.437801	0.000000	89.000000	2.438183
909	48.261088	12.447682	0.000000	89.000000	2.485189
910	48.261130	12.488486	0.000000	89.000000	2.464744
911	48.262888	12.526176	0.000000	89.000000	2.462922
912	48.266309	12.491467	0.000000	89.000000	2.458718
913	48.261994	12.506361	0.000000	89.000000	2.444502
914	48.261604	12.489846	0.000000	89.000000	2.487033
915	48.262569	12.512626	0.000000	89.000000	2.452607
916	48.269826	12.500048	0.000000	89.000000	2.470840
917	48.268104	12.559206	0.000000	89.000000	2.451205
918	48.263773	12.499489	0.000000	89.000000	2.482767
919	48.266917	12.504608	0.000000	89.000000	2.457134
920	48.261842	12.526033	0.074906	89.000000	2.448488
921	48.260432	12.535090	0.074906	89.000000	2.488546
922	48.259443	12.536272	0.000000	89.000000	2.472490
923	48.259318	12.529923	0.000000	89.000000	2.460029
924	48.256946	12.492861	0.074906	89.000000	2.484439
925	48.263448	12.474256	0.000000	89.000000	2.458581
926	48.262659	12.473094	0.000000	89.000000	2.481917
927	48.266339	12.490919	0.000000	89.000000	2.473659
928	48.265067	12.488232	0.000000	89.000000	2.436992
929	48.259714	12.499749	0.000000	89.000000	2.450844
930	48.263973	12.503372	0.000000	89.000000	2.466427
931	48.257780	12.453660	0.000000	89.000000	2.482569
932	48.263678	12.494521	0.000000	89.000000	2.455530
933	48.266670	12.485896	0.000000	89.000000	2.477687
934	48.260108	12.481744	0.000000	89.000000	2.469553
935	48.260242	12.499051	0.000000	89.000000	2.445697
936	48.265719	12.472293	0.000000	89.000000	2.450342
937	48.269105	12.454130	0.000000	89.000000	2.463953
938	48.265427	12.515900	0.000000	89.000000	2.482548
939	48.270309	12.465172	0.000000	89.000000	2.452540
940	48.263597	12.468160	0.074906	89.000000	2.479942
941	48.254633	12.464134	0.000000	89.000000	2.469917
942	48.252490	12.448503	0.074906	89.000000	2.442442
943	48.253536	12.466357	0.074906	89.000000	2.467980
944	48.262605	12.495025	0.000000	89.000000	2.473549
945	48.263830	12.498857	0.000000	89.000000	2.472607
946	48.260909	12.457136	0.000000	89.000000	2.481603
947	48.264349	12.482234	0.000000	89.000000	2.459854
948	48.269382	12.466737	0.000000	89.000000	2.483824
949	48.267463	12.456850	0.000000	89.000000	2.495256
950	48.267975	12.455642	0.074906	89.000000	2.442836
951	48.272431	12.469309	0.000000	89.000000	2.467124
952	48.267856	12.478073	0.000000	89.000000	2.445292
953	48.267332	12.442141	0.000000	89.000000	2.469703
954	48.266143	12.472098	0.000000	89.000000	2.478659
955	48.268592	12.479688	0.000000	89.000000	2.461378
956	48.269069	12.471270	0.000000	89.000000	2.489024
957	48.273760	12.422833	0.000000	89.000000	2.475715
958	48.269254	12.513911	0.000000	89.000000	2.436882
959	48.276818	12.457493	0.074906	89.000000	2.422924
960	48.272175	12.483187	0.000000	89.000000	2.474348
961	48.261034	12.468745	0.000000	89.000000	2.456702
962	48.268193	12.472493	0.000000	89.000000	2.473405
963	48.266271	12.509760	0.000000	89.000000	2.504518
964	48.258251	12.489515	0.000000	89.000000	2.485652
965	48.262808	12.494902	0.000000	89.000000	2.430608
966	48.260629	12.442968	0.000000	89.000000	2.464952
967	48.259866	12.464924	0.000000	89.000000	2.473813
968	48.264492	12.433392	0.000000	89.000000	2.464810
969	48.258036	12.470068	0.000000	89.000000	2.473885
970	48.261550	12.476133	0.000000	89.000000	2.466496
971	48.260319	12.490990	0.000000	89.000000	2.492182
972	48.263586	12.459531	0.000000	89.000000	2.490797
973	48.265326	12.433805	0.000000	89.000000	2.449063
974	48.264578	12.474306	0.000000	89.000000	2.467009
975	48.268700	12.439972	0.000000	89.000000	2.463091
976	48.268354	12.472056	0.000000	89.000000	2.468905
977	48.266891	12.483413	0.000000	89.000000	2.489538
978	48.268995	12.499826	0.000000	89.000000	2.472303
979	48.269808	12.485461	0.000000	89.000000	2.480745
980	48.271561	12.492974	0.000000	89.000000	2.487994
981	48.271710	12.482741	0.000000	89.000000	2.492618
982	48.266706	12.466060	0.000000	89.000000	2.489745
983	48.268124	12.475710	0.000000	89.000000	2.457557
984	48.261428	12.468951	0.000000	89.000000	2.470991
985	48.265538	12.394712	0.000000	89.000000	2.424745
986	48.266327	12.429627	0.000000	89.000000	2.470956
987	48.268050	12.447841	0.000000	89.000000	2.463788
988	48.268592	12.446536	0.000000	89.000000	2.480477
989	48.266882	12.474756	0.000000	89.000000	2.484473
990	48.270071	12.471409	0.000000	89.000000	2.459288
991	48.267591	12.431845	0.000000	89.000000	2.463730
992	48.268187	12.440162	0.000000	89.000000	2.422741
993	48.265606	12.409833	0.000000	89.000000	2.479103
994	48.277017	12.418599	0.000000	89.000000	2.486705
995	48.273778	12.420841	0.000000	89.000000	2.484626
996	48.273662	12.443773	0.000000	89.000000	2.488262
997	48.266149	12.441292	0.000000	89.000000	2.490034
998	48.270240	12.482860	0.000000	89.000000	2.476513
999	48.271856	12.443952	0.000000	89.000000	2.456572
1000	48.269421	12.451385	0.000000	89.000000	2.470875
1001	48.267853	12.379517	0.000000	89.000000	2.424645
1002	48.270661	12.419116	0.000000	89.000000	2.473543
1003	48.272294	12.419670	0.000000	89.000000	2.461622
1004	48.276931	12.415459	0.000000	89.000000	2.486495
1005	48.269328	12.414010	0.000000	89.000000	2.469325
1006	48.266435	12.464675	0.000000	89.000000	2.450255
1007	48.266727	12.423610	0.000000	89.000000	2.481057
1008	48.262638	12.448652	0.074906	89.000000	2.451541
1009	48.266640	12.434149	0.000000	89.000000	2.452681
1010	48.262963	12.453742	0.000000	89.000000	2.477903
1011	48.268539	12.444218	0.000000	89.000000	2.488204
1012	48.265359	12.442207	0.000000	89.000000	2.457905
1013	48.263311	12.442596	0.000000	89.000000	2.473021
1014	48.267472	12.495704	0.000000	89.000000	2.455083
1015	48.267901	12.429669	0.000000	89.000000	2.478941
1016	48.260528	12.417256	0.000000	89.000000	2.420123
1017	48.261055	12.426126	0.074906	89.000000	2.483709
1018	48.257893	12.477554	0.000000	89.000000	2.472118
1019	48.261002	12.496468	0.074906	89.000000	2.459328
1020	48.266208	12.506096	0.000000	89.000000	2.462620
1021	48.261476	12.476550	0.000000	89.000000	2.461562
1022	48.268837	12.463196	0.000000	89.000000	2.453617
1023	48.265523	12.489653	0.000000	89.000000	2.442986
1024	48.262239	12.463840	0.074906	89.000000	2.470019
1025	48.257291	12.464775	0.000000	89.000000	2.487488
1026	48.261127	12.494264	0.000000	89.000000	2.465663
1027	48.267591	12.476635	0.000000	89.000000	2.461597
1028	48.263034	12.478523	0.000000	89.000000	2.458969
1029	48.264512	12.500508	0.000000	89.000000	2.438718
1030	48.266545	12.465942	0.000000	89.000000	2.459834
1031	48.266774	12.478491	0.000000	89.000000	2.480670
1032	48.268574	12.471071	0.000000	89.000000	2.486285
1033	48.265523	12.476679	0.000000	89.000000	2.458715
1034	48.271874	12.503119	0.000000	89.000000	2.468916
1035	48.268679	12.502367	0.000000	89.000000	2.462012
1036	48.271573	12.494477	0.000000	89.000000	2.468203
1037	48.271739	12.457997	0.000000	89.000000	2.437262
1038	48.268518	12.480736	0.000000	89.000000	2.478099
1039	48.271611	12.468470	0.000000	89.000000	2.472187
1040	48.267496	12.506330	0.000000	89.000000	2.463346
1041	48.271137	12.465564	0.000000	89.000000	2.473113
1042	48.263910	12.489638	0.000000	89.000000	2.456863
1043	48.264951	12.499141	0.000000	89.000000	2.477504
1044	48.269671	12.488426	0.000000	89.000000	2.421385
1045	48.269963	12.498400	0.000000	89.000000	2.229306
1046	48.310000	12.452651	0.000000	89.000000	2.308120
1047	48.311731	12.441817	0.000000	89.000000	2.271870
1048	48.312110	12.441555	0.000000	89.000000	2.225877
1049	48.312300	12.441309	0.000000	89.000000	2.270559
1050	48.312345	12.439412	0.000000	89.000000	2.251756
1051	48.312414	12.439049	0.000000	89.000000	2.275212
1052	48.312312	12.438772	0.000000	89.000000	2.261174
1053	48.312423	12.438777	0.000000	89.000000	2.259775
1054	48.312423	12.437632	0.000000	89.000000	2.283797
1055	48.312372	12.438227	0.000000	89.000000	2.235251
1056	48.312372	12.438464	0.000000	89.000000	2.292397
1057	48.312396	12.438551	0.000000	89.000000	2.298509
1058	48.312396	12.438551	0.000000	89.000000	2.290677
1059	48.312396	12.438551	0.000000	89.000000	2.306412
1060	48.312396	12.438551	0.000000	89.000000	2.257833
1061	48.312396	12.438551	0.000000	89.000000	2.279144
1062	48.312396	12.438551	0.000000	89.000000	2.284950
1063	48.312396	12.438551	0.000000	89.000000	2.239614
1064	48.312396	12.438551	0.000000	89.000000	2.290243
1065	48.312396	12.438551	0.000000	89.000000	2.294110
1066	48.312396	12.438551	0.000000	89.000000	2.276734
1067	48.312396	12.438551	0.000000	89.000000	2.272946
1068	48.312396	12.438551	0.000000	89.000000	2.303833
1069	48.312396	12.438551	0.000000	89.000000	2.276730
1070	48.312396	12.438551	0.000000	89.000000	2.214646
1071	48.312396	12.438551	0.000000	89.000000	2.243808
1072	48.312396	12.438551	0.000000	89.000000	2.264045
1073	48.312396	12.438551	0.000000	89.000000	2.222314
1074	48.312396	12.438551	0.000000	89.000000	2.276942
1075	48.312396	12.438551	0.000000	89.000000	2.239689
1076	48.312396	12.438551	0.000000	89.000000	2.265493
1077	48.312396	12.438551	0.000000	89.000000	2.229409
1078	48.312396	12.438551	0.000000	89.000000	2.225070
1079	48.312396	12.438551	0.000000	89.000000	2.274867
1080	48.312396	12.438551	0.000000	89.000000	2.226389
1081	48.312396	12.438551	0.000000	89.000000	2.276460
1082	48.312396	12.438551	0.000000	89.000000	2.236974
1083	48.312396	12.438551	0.000000	89.000000	2.286878
1084	48.312396	12.438551	0.000000	89.000000	2.288453
1085	48.312396	12.438551	0.000000	89.000000	2.241318
1086	48.312396	12.438551	0.000000	89.000000	2.288150
1087	48.312396	12.438551	0.000000	89.000000	2.292005
1088	48.312396	12.438551	0.000000	89.000000	2.300848
1089	48.312396	12.438551	0.000000	89.000000	2.305566
1090	48.312396	12.438551	0.000000	89.000000	2.251540
1091	48.312396	12.438551	0.000000	89.000000	2.271880
1092	48.312396	12.438551	0.000000	89.000000	2.235032
1093	48.312396	12.438551	0.000000	89.000000	2.286842
1094	48.312396	12.438551	0.000000	89.000000	2.246915
1095	48.312396	12.438551	0.000000	89.000000	2.270251
1096	48.312396	12.438551	0.000000	89.000000	2.270323
1097	48.312396	12.438551	0.000000	89.000000	2.246114
1098	48.312396	12.438551	0.000000	89.000000	2.298736
1099	48.312396	12.438551	0.000000	89.000000	2.322034
1100	48.312396	12.438551	0.000000	89.000000	2.249938
1101	48.312396	12.438551	0.000000	89.000000	2.273113
