1	27.881777	3.277739	0.000000	89.000000	2.255764
2	34.153748	6.395950	0.000000	89.000000	2.297792
3	38.495553	8.087225	0.000000	89.000000	2.257869
4	40.991968	8.711229	0.000000	89.000000	2.268292
5	42.493528	9.065457	0.000000	89.000000	2.268456
6	43.331790	9.272870	0.000000	89.000000	2.255339
7	43.906879	9.523044	0.000000	89.000000	2.284492
8	44.333223	9.684268	0.074906	89.000000	2.270565
9	44.644958	9.960379	0.000000	89.000000	2.274625
10	44.929856	10.108352	0.000000	89.000000	2.284179
11	45.143208	10.233452	0.074906	89.000000	2.293406
12	45.323586	10.316351	0.000000	89.000000	2.303388
13	45.452547	10.340777	0.000000	89.000000	2.255598
14	45.588160	10.403961	0.000000	89.000000	2.271784
15	45.677882	10.452386	0.000000	89.000000	2.278197
16	45.750225	10.487950	0.000000	89.000000	2.259068
17	45.816213	10.418041	0.074906	89.000000	2.284043
18	45.875418	10.414625	0.074906	89.000000	2.285939
19	45.948553	10.453842	0.074906	89.000000	2.289964
20	46.009958	10.426048	0.074906	89.000000	2.281380
21	46.075815	10.394370	0.074906	89.000000	2.275433
22	46.115533	10.402839	0.149813	89.000000	2.296296
23	46.159649	10.602071	0.074906	89.000000	2.302696
24	46.207213	10.565924	0.000000	89.000000	2.295182
25	46.260107	10.510491	0.000000	89.000000	2.295598
26	46.307939	10.406883	0.000000	89.000000	2.282843
27	46.337885	10.495109	0.000000	89.000000	2.278900
28	46.380803	10.504509	0.074906	89.000000	2.286187
29	46.409556	10.467442	0.074906	89.000000	2.289599
30	46.430346	10.573544	0.000000	89.000000	2.277451
31	46.469820	10.550906	0.000000	89.000000	2.263759
32	46.485305	10.592498	0.074906	89.000000	2.290170
33	46.512109	10.490005	0.000000	89.000000	2.293762
34	46.534443	10.469423	0.000000	89.000000	2.298945
35	46.552986	10.542029	0.074906	89.000000	2.268465
36	46.568161	10.469288	0.074906	89.000000	2.292151
37	46.590686	10.391304	0.000000	89.000000	2.287754
38	46.593148	10.441394	0.074906	89.000000	2.307544
39	46.611565	10.532726	0.000000	89.000000	2.292275
40	46.630391	10.623028	0.000000	89.000000	2.299263
41	46.630937	10.510447	0.000000	89.000000	2.307337
42	46.650529	10.499637	0.000000	89.000000	2.296392
43	46.645963	10.638987	0.000000	89.000000	2.297346
44	46.665588	10.693007	0.074906	89.000000	2.293608
45	46.682692	10.669070	0.074906	89.000000	2.261715
46	46.687609	10.653988	0.074906	89.000000	2.307241
47	46.706334	10.673057	0.074906	89.000000	2.293269
48	46.694836	10.720528	0.000000	89.000000	2.301610
49	46.720123	10.733046	0.074906	89.000000	2.286398
50	46.719214	10.666626	0.000000	89.000000	2.301476
51	46.737552	10.741727	0.000000	89.000000	2.279844
52	46.751457	10.752291	0.149813	89.000000	2.288053
53	46.750811	10.705794	0.149813	89.000000	2.280577
54	46.763387	10.757266	0.149813	89.000000	2.288737
55	46.761477	10.788977	0.000000	89.000000	2.290125
56	46.765903	10.717765	0.000000	89.000000	2.302067
57	46.774703	10.787699	0.000000	89.000000	2.304582
58	46.797562	10.703360	0.000000	89.000000	2.261077
59	46.810961	10.716355	0.074906	89.000000	2.280024
60	46.821034	10.772717	0.074906	89.000000	2.299544
61	46.813458	10.786090	0.074906	89.000000	2.285970
62	46.813816	10.905322	0.074906	89.000000	2.309832
63	46.816313	10.825929	0.000000	89.000000	2.320676
64	46.806681	10.880797	0.000000	89.000000	2.297868
65	46.801406	10.869166	0.000000	89.000000	2.301766
66	46.812794	10.763567	0.074906	89.000000	2.292044
67	46.823764	10.858591	0.000000	89.000000	2.284765
68	46.831453	10.886992	0.074906	89.000000	2.267653
69	46.835005	10.873413	0.000000	89.000000	2.294948
70	46.840030	10.827710	0.074906	89.000000	2.293203
71	46.858585	10.763125	0.074906	89.000000	2.289183
72	46.875399	10.755832	0.000000	89.000000	2.274580
73	46.875611	10.759254	0.000000	89.000000	2.282584
74	46.869034	10.790233	0.000000	89.000000	2.298425
75	46.870911	10.830737	0.074906	89.000000	2.299010
76	46.879154	10.914190	0.074906	89.000000	2.290375
77	46.883434	10.872929	0.074906	89.000000	2.300918
78	46.886420	10.749302	0.074906	89.000000	2.293214
79	46.881470	10.683289	0.074906	89.000000	2.274833
80	46.899709	10.737945	0.074906	89.000000	2.277661
81	46.902978	10.702059	0.000000	89.000000	2.310413
82	46.905988	10.729054	0.000000	89.000000	2.294908
83	46.909264	10.817459	0.000000	89.000000	2.288712
84	46.910071	10.816521	0.000000	89.000000	2.298403
85	46.921867	10.809624	0.074906	89.000000	2.312003
86	46.911931	10.848409	0.000000	89.000000	2.317309
87	46.920097	10.832622	0.000000	89.000000	2.313372
88	46.920615	10.716941	0.000000	89.000000	2.297781
89	46.932012	10.796369	0.000000	89.000000	2.302457
90	46.926862	10.774164	0.074906	89.000000	2.301182
91	46.937072	10.785893	0.074906	89.000000	2.307761
92	46.935618	10.827846	0.000000	89.000000	2.275436
93	46.940207	10.807180	0.074906	89.000000	2.263628
94	46.938014	10.807937	0.074906	89.000000	2.310739
95	46.950614	10.711771	0.000000	89.000000	2.297979
96	46.939349	10.779363	0.074906	89.000000	2.305810
97	46.948808	10.708470	0.000000	89.000000	2.288618
98	46.935570	10.825107	0.000000	89.000000	2.297690
99	46.965232	10.863503	0.000000	89.000000	2.300505
100	46.958011	10.928228	0.000000	89.000000	2.296329
101	46.981996	10.940978	0.000000	89.000000	2.313007
102	46.986574	11.114465	0.074906	89.000000	2.278765
103	46.993101	11.082459	0.074906	89.000000	2.260729
104	46.997580	11.126185	0.074906	89.000000	2.300723
105	46.999633	11.122728	0.000000	89.000000	2.287301
106	47.021765	11.256772	0.000000	89.000000	2.303771
107	47.026861	11.285630	0.000000	89.000000	2.314319
108	47.036469	11.361726	0.000000	89.000000	2.297129
109	47.041017	11.270157	0.074906	89.000000	2.289392
110	47.049195	11.318003	0.000000	89.000000	2.274904
111	47.065359	11.368312	0.000000	89.000000	2.292149
112	47.062576	11.396607	0.000000	89.000000	2.294044
113	47.062653	11.308414	0.000000	89.000000	2.311907
114	47.073337	11.329974	0.000000	89.000000	2.289702
115	47.064519	11.334738	0.000000	89.000000	2.292471
116	47.063288	11.309571	0.074906	89.000000	2.305944
117	47.075951	11.265083	0.074906	89.000000	2.305793
118	47.081006	11.204385	0.000000	89.000000	2.281863
119	47.086263	11.229711	0.074906	89.000000	2.272843
120	47.083771	11.296152	0.000000	89.000000	2.286023
121	47.095376	11.228016	0.074906	89.000000	2.298077
122	47.084767	11.228329	0.000000	89.000000	2.296843
123	47.118121	11.245771	0.074906	89.000000	2.305913
124	47.097072	11.207927	0.000000	89.000000	2.312064
125	47.107366	11.193046	0.074906	89.000000	2.295700
126	47.099483	11.257135	0.000000	89.000000	2.289377
127	47.088814	11.333039	0.074906	89.000000	2.281558
128	47.085458	11.294610	0.000000	89.000000	2.272620
129	47.078696	11.306640	0.074906	89.000000	2.298169
130	47.076356	11.290708	0.074906	89.000000	2.301435
131	47.087824	11.258645	0.074906	89.000000	2.293568
132	47.073847	11.224538	0.074906	89.000000	2.290175
133	47.084844	11.263125	0.074906	89.000000	2.299845
134	47.095335	11.231751	0.074906	89.000000	2.272798
135	47.093520	11.335742	0.074906	89.000000	2.283244
136	47.086930	11.334817	0.074906	89.000000	2.300216
137	47.086155	11.335965	0.074906	89.000000	2.292156
138	47.096944	11.383903	0.074906	89.000000	2.285597
139	47.084552	11.238465	0.074906	89.000000	2.280773
140	47.083670	11.367150	0.074906	89.000000	2.270369
141	47.083557	11.253287	0.000000	89.000000	2.294249
142	47.086233	11.248359	0.074906	89.000000	2.305983
143	47.088218	11.310735	0.000000	89.000000	2.309588
144	47.088641	11.345985	0.074906	89.000000	2.288454
145	47.096163	11.335246	0.000000	89.000000	2.296964
146	47.097367	11.208387	0.000000	89.000000	2.299560
147	47.082144	11.244570	0.000000	89.000000	2.278128
148	47.085625	11.235777	0.000000	89.000000	2.275650
149	47.098178	11.289686	0.000000	89.000000	2.290253
150	47.092634	11.271167	0.000000	89.000000	2.288109
151	47.090250	11.224553	0.000000	89.000000	2.286133
152	47.097802	11.205300	0.000000	89.000000	2.267371
153	47.110516	11.275731	0.000000	89.000000	2.289427
154	47.102910	11.287450	0.000000	89.000000	2.313924
155	47.096348	11.278647	0.000000	89.000000	2.308847
156	47.104317	11.223664	0.000000	89.000000	2.305875
157	47.095925	11.220642	0.000000	89.000000	2.318119
158	47.099528	11.246519	0.000000	89.000000	2.298218
159	47.098756	11.234665	0.000000	89.000000	2.305715
160	47.085822	11.261818	0.000000	89.000000	2.293550
161	47.085321	11.260994	0.000000	89.000000	2.295506
162	47.086817	11.196341	0.000000	89.000000	2.299841
163	47.088408	11.227619	0.074906	89.000000	2.300055
164	47.097296	11.339292	0.149813	89.000000	2.317368
165	47.088143	11.332014	0.149813	89.000000	2.292939
166	47.101176	11.256944	0.149813	89.000000	2.295655
167	47.088510	11.274637	0.000000	89.000000	2.300599
168	47.087756	11.221827	0.074906	89.000000	2.279806
169	47.102937	11.283706	0.000000	89.000000	2.276238
170	47.087890	11.205001	0.000000	89.000000	2.301550
171	47.096217	11.260803	0.000000	89.000000	2.288099
172	47.111249	11.132712	0.000000	89.000000	2.296283
173	47.115859	11.222417	0.000000	89.000000	2.315273
174	47.110802	11.256192	0.074906	89.000000	2.311629
175	47.285524	11.256172	0.000000	89.000000	2.298656
176	47.331640	11.272663	0.000000	89.000000	2.291000
177	47.349754	11.263807	0.000000	89.000000	2.313197
178	47.373557	11.199985	0.000000	89.000000	2.300371
179	47.382307	11.185444	0.000000	89.000000	2.275233
180	47.395802	11.193236	0.000000	89.000000	2.279074
181	47.401610	11.199486	0.000000	89.000000	2.286512
182	47.402105	11.260068	0.000000	89.000000	2.301663
183	47.414845	11.261899	0.000000	89.000000	2.292344
184	47.405049	11.227851	0.000000	89.000000	2.318840
185	47.411314	11.273356	0.000000	89.000000	2.313359
186	47.413853	11.286221	0.000000	89.000000	2.311756
187	47.422493	11.217429	0.074906	89.000000	2.299190
188	47.416323	11.296283	0.000000	89.000000	2.300355
189	47.423196	11.260642	0.000000	89.000000	2.308538
190	47.419629	11.358565	0.000000	89.000000	2.296964
191	47.429687	11.294484	0.000000	89.000000	2.294724
192	47.441521	11.318215	0.000000	89.000000	2.297457
193	47.430077	11.346743	0.074906	89.000000	2.294527
194	47.431460	11.323491	0.000000	89.000000	2.302130
195	47.439063	11.369058	0.074906	89.000000	2.284097
196	47.435087	11.328690	0.000000	89.000000	2.288766
197	47.433585	11.298070	0.074906	89.000000	2.302374
198	47.433934	11.212042	0.074906	89.000000	2.313272
199	47.427171	11.235782	0.074906	89.000000	2.291592
200	47.426635	11.227058	0.074906	89.000000	2.300043
201	47.433311	11.270483	0.000000	89.000000	2.299619
202	47.435176	11.284654	0.000000	89.000000	2.308434
203	47.437078	11.237996	0.000000	89.000000	2.290431
204	47.435629	11.307832	0.000000	89.000000	2.316311
205	47.441834	11.314101	0.000000	89.000000	2.321913
206	47.438580	11.314675	0.000000	89.000000	2.307034
207	47.441056	11.264646	0.000000	89.000000	2.301328
208	47.437721	11.271403	0.000000	89.000000	2.304998
209	47.451890	11.286704	0.000000	89.000000	2.295396
210	47.452191	11.234334	0.074906	89.000000	2.291379
211	47.459489	11.266676	0.000000	89.000000	2.300904
212	47.463331	11.236975	0.000000	89.000000	2.283384
213	47.455633	11.208170	0.074906	89.000000	2.276044
214	47.459781	11.326054	0.000000	89.000000	2.297558
215	47.450003	11.222978	0.000000	89.000000	2.298914
216	47.459793	11.216489	0.000000	89.000000	2.288572
217	47.455919	11.184063	0.000000	89.000000	2.313246
218	47.464395	11.229066	0.074906	89.000000	2.300424
219	47.455668	11.329729	0.000000	89.000000	2.309970
220	47.459286	11.230582	0.000000	89.000000	2.306560
221	47.456861	11.240873	0.000000	89.000000	2.291552
222	47.454414	11.193494	0.000000	89.000000	2.300914
223	47.456390	11.260678	0.000000	89.000000	2.301614
224	47.471797	11.197530	0.000000	89.000000	2.273147
225	47.443420	11.263269	0.074906	89.000000	2.280296
226	47.449189	11.169064	0.000000	89.000000	2.311059
227	47.443217	11.254006	0.074906	89.000000	2.299651
228	47.462595	11.227087	0.074906	89.000000	2.319000
229	47.451520	11.249787	0.074906	89.000000	2.297439
230	47.457638	11.322138	0.000000	89.000000	2.287611
231	47.460252	11.371760	0.000000	89.000000	2.289478
232	47.473514	11.371662	0.074906	89.000000	2.281731
233	47.481161	11.264240	0.000000	89.000000	2.269295
234	47.462869	11.338496	0.074906	89.000000	2.291393
235	47.461766	11.305282	0.149813	89.000000	2.305578
236	47.452891	11.236278	0.224719	89.000000	2.317375
237	47.452146	11.257929	0.000000	89.000000	2.307452
238	47.464359	11.297566	0.000000	89.000000	2.315342
239	47.462630	11.240478	0.000000	89.000000	2.293676
240	47.458756	11.267416	0.000000	89.000000	2.294934
241	47.469163	11.319765	0.074906	89.000000	2.295950
242	47.468579	11.335716	0.074906	89.000000	2.286215
243	47.477400	11.346278	0.000000	89.000000	2.278569
244	47.467110	11.385758	0.000000	89.000000	2.275382
245	47.458351	11.388667	0.074906	89.000000	2.291530
246	47.464281	11.352451	0.074906	89.000000	2.303900
247	47.466400	11.363191	0.000000	89.000000	2.303589
248	47.453707	11.390709	0.000000	89.000000	2.290105
249	47.459567	11.350025	0.000000	89.000000	2.286540
250	47.460592	11.422196	0.000000	89.000000	2.292870
251	47.458917	11.414493	0.000000	89.000000	2.321030
252	47.471362	11.382111	0.000000	89.000000	2.271683
253	47.477528	11.314804	0.000000	89.000000	2.292585
254	47.468847	11.297426	0.074906	89.000000	2.304485
255	47.479951	11.396327	0.000000	89.000000	2.301782
256	47.470805	11.405897	0.000000	89.000000	2.298432
257	47.473344	11.358747	0.000000	89.000000	2.310278
258	47.471175	11.440997	0.074906	89.000000	2.296273
259	47.477666	11.495481	0.074906	89.000000	2.290086
260	47.474715	11.519155	0.000000	89.000000	2.311726
261	47.473520	11.512496	0.000000	89.000000	2.305804
262	47.476426	11.556277	0.000000	89.000000	2.303907
263	47.479907	11.452320	0.000000	89.000000	2.289008
264	47.478759	11.449598	0.000000	89.000000	2.279466
265	47.478336	11.399851	0.000000	89.000000	2.282926
266	47.467649	11.427764	0.000000	89.000000	2.305513
267	47.465843	11.405257	0.000000	89.000000	2.300108
268	47.480428	11.435067	0.074906	89.000000	2.287317
269	47.472036	11.425352	0.000000	89.000000	2.290968
270	47.475094	11.425364	0.000000	89.000000	2.293695
271	47.473270	11.430145	0.000000	89.000000	2.276757
272	47.470686	11.513697	0.000000	89.000000	2.280431
273	47.472957	11.475014	0.000000	89.000000	2.302170
274	47.469217	11.446907	0.000000	89.000000	2.306906
275	47.481561	11.451151	0.000000	89.000000	2.286083
276	47.482023	11.498447	0.074906	89.000000	2.294087
277	47.488588	11.504464	0.074906	89.000000	2.298003
278	47.494072	11.456238	0.000000	89.000000	2.279917
279	47.492963	11.474327	0.074906	89.000000	2.274288
280	47.492510	11.555670	0.074906	89.000000	2.310105
281	47.497290	11.574107	0.000000	89.000000	2.290227
282	47.487664	11.541879	0.000000	89.000000	2.293809
283	47.479045	11.514484	0.000000	89.000000	2.303380
284	47.476313	11.499776	0.074906	89.000000	2.301863
285	47.481185	11.553499	0.074906	89.000000	2.297590
286	47.489253	11.494166	0.074906	89.000000	2.280858
287	47.494996	11.483839	0.000000	89.000000	2.279422
288	47.494447	11.514221	0.000000	89.000000	2.308806
289	47.490805	11.550345	0.000000	89.000000	2.307570
290	47.493380	11.539669	0.000000	89.000000	2.294508
291	47.475144	11.461357	0.000000	89.000000	2.297449
292	47.488922	11.513030	0.000000	89.000000	2.302325
293	47.492519	11.483544	0.000000	89.000000	2.318594
294	47.491223	11.529607	0.000000	89.000000	2.313967
295	47.487271	11.527254	0.074906	89.000000	2.318856
296	47.493118	11.546004	0.074906	89.000000	2.309520
297	47.501782	11.627535	0.149813	89.000000	2.306138
298	47.498274	11.572860	0.074906	89.000000	2.302810
299	47.497445	11.565622	0.149813	89.000000	2.286586
300	47.489786	11.479807	0.074906	89.000000	2.292195
301	47.492653	11.542940	0.074906	89.000000	2.314983
302	47.478518	11.461435	0.074906	89.000000	2.302320
303	47.484416	11.536509	0.074906	89.000000	2.317667
304	47.495088	11.562689	0.149813	89.000000	2.310913
305	47.488609	11.547012	0.074906	89.000000	2.315511
306	47.500241	11.552029	0.149813	89.000000	2.296229
307	47.494906	11.482483	0.149813	89.000000	2.291055
308	47.500354	11.512768	0.074906	89.000000	2.289396
309	47.499868	11.513748	0.074906	89.000000	2.296020
310	47.508186	11.476029	0.149813	89.000000	2.290505
311	47.506523	11.532829	0.149813	89.000000	2.282614
312	47.492555	11.480633	0.149813	89.000000	2.290449
313	47.502866	11.451695	0.149813	89.000000	2.289043
314	47.501081	11.478374	0.074906	89.000000	2.289151
315	47.513255	11.484700	0.149813	89.000000	2.292639
316	47.493768	11.562088	0.299625	89.000000	2.283221
317	47.494161	11.521483	0.224719	89.000000	2.282593
318	47.496477	11.481240	0.149813	89.000000	2.297221
319	47.491205	11.506464	0.149813	89.000000	2.304476
320	47.490233	11.623267	0.149813	89.000000	2.292594
321	47.490957	11.591136	0.149813	89.000000	2.295681
322	47.487491	11.549253	0.074906	89.000000	2.306464
323	47.498277	11.480784	0.149813	89.000000	2.310521
324	47.496456	11.574217	0.074906	89.000000	2.298994
325	47.498363	11.605517	0.224719	89.000000	2.307021
326	47.487861	11.582935	0.224719	89.000000	2.298045
327	47.495902	11.549497	0.224719	89.000000	2.304451
328	47.495210	11.495332	0.074906	89.000000	2.279898
329	47.502619	11.542089	0.074906	89.000000	2.274655
330	47.498697	11.523106	0.000000	89.000000	2.292859
331	47.493294	11.502723	0.074906	89.000000	2.286300
332	47.490352	11.524296	0.074906	89.000000	2.310983
333	47.486877	11.555195	0.074906	89.000000	2.309409
334	47.492999	11.559689	0.074906	89.000000	2.313221
335	47.492462	11.552569	0.074906	89.000000	2.290895
336	47.502491	11.511282	0.074906	89.000000	2.308208
337	47.506186	11.468724	0.224719	89.000000	2.310291
338	47.501749	11.497853	0.149813	89.000000	2.310803
339	47.485059	11.470378	0.074906	89.000000	2.305684
340	47.493839	11.495591	0.074906	89.000000	2.304003
341	47.498465	11.458300	0.149813	89.000000	2.307531
342	47.498566	11.421315	0.149813	89.000000	2.304426
343	47.495419	11.492083	0.074906	89.000000	2.301017
344	47.497511	11.467875	0.000000	89.000000	2.296297
345	47.493261	11.457166	0.000000	89.000000	2.304837
346	47.499093	11.443488	0.074906	89.000000	2.307727
347	47.505525	11.406032	0.074906	89.000000	2.301286
348	47.502464	11.444159	0.000000	89.000000	2.312622
349	47.502506	11.445621	0.149813	89.000000	2.291423
350	47.504070	11.380983	0.149813	89.000000	2.296245
351	47.508556	11.416647	0.149813	89.000000	2.283480
352	47.510803	11.381673	0.149813	89.000000	2.278724
353	47.510296	11.445845	0.149813	89.000000	2.301587
354	47.498083	11.425722	0.000000	89.000000	2.312311
355	47.504035	11.397467	0.074906	89.000000	2.304164
356	47.511488	11.441965	0.000000	89.000000	2.299879
357	47.515991	11.396346	0.074906	89.000000	2.305915
358	47.522417	11.322611	0.149813	89.000000	2.289877
359	47.519374	11.368270	0.000000	89.000000	2.284085
360	47.528675	11.382333	0.000000	89.000000	2.276104
361	47.526526	11.428319	0.074906	89.000000	2.280936
362	47.503042	11.449233	0.074906	89.000000	2.294831
363	47.498149	11.385968	0.224719	89.000000	2.301413
364	47.495547	11.349008	0.149813	89.000000	2.308111
365	47.498497	11.453773	0.149813	89.000000	2.294389
366	47.506988	11.454028	0.149813	89.000000	2.302799
367	47.511479	11.394035	0.149813	89.000000	2.306909
368	47.515059	11.402762	0.149813	89.000000	2.307727
369	47.518468	11.392727	0.074906	89.000000	2.306207
370	47.509116	11.461534	0.149813	89.000000	2.302771
371	47.503358	11.479289	0.149813	89.000000	2.303113
372	47.511819	11.519684	0.149813	89.000000	2.315805
373	47.514403	11.466653	0.149813	89.000000	2.309973
374	47.509757	11.475034	0.149813	89.000000	2.285905
375	47.518188	11.385079	0.149813	89.000000	2.302588
376	47.522908	11.417384	0.149813	89.000000	2.318529
377	47.528434	11.436354	0.149813	89.000000	2.313363
378	47.518715	11.381361	0.149813	89.000000	2.305079
379	47.515309	11.347376	0.149813	89.000000	2.300094
380	47.523662	11.306007	0.149813	89.000000	2.311627
381	47.513992	11.288361	0.149813	89.000000	2.316036
382	47.528279	11.377951	0.074906	89.000000	2.302708
383	47.519290	11.297215	0.074906	89.000000	2.301103
384	47.523075	11.264042	0.149813	89.000000	2.301406
385	47.524303	11.315904	0.074906	89.000000	2.301783
386	47.522593	11.338837	0.149813	89.000000	2.308664
387	47.514051	11.385891	0.149813	89.000000	2.293350
388	47.511250	11.394742	0.149813	89.000000	2.296694
389	47.518969	11.396713	0.149813	89.000000	2.298696
390	47.513148	11.472045	0.074906	89.000000	2.289981
391	47.516054	11.427252	0.149813	89.000000	2.271691
392	47.517806	11.393473	0.074906	89.000000	2.298911
393	47.525954	11.411233	0.149813	89.000000	2.309897
394	47.520608	11.429604	0.074906	89.000000	2.298296
395	47.514856	11.383334	0.000000	89.000000	2.296430
396	47.522640	11.323675	0.074906	89.000000	2.314627
397	47.517651	11.365844	0.074906	89.000000	2.296670
398	47.515655	11.321842	0.074906	89.000000	2.288027
399	47.516015	11.332744	0.074906	89.000000	2.291566
400	47.509742	11.319297	0.074906	89.000000	2.279560
401	47.505417	11.373256	0.074906	89.000000	2.286785
402	47.520977	11.473407	0.000000	89.000000	2.298837
403	47.515768	11.438686	0.224719	89.000000	2.289505
404	47.527432	11.410107	0.074906	89.000000	2.292893
405	47.521830	11.378007	0.074906	89.000000	2.308451
406	47.508878	11.443776	0.000000	89.000000	2.303195
407	47.511667	11.455526	0.000000	89.000000	2.313938
408	47.510839	11.449109	0.000000	89.000000	2.307873
409	47.516358	11.501731	0.149813	89.000000	2.291570
410	47.506398	11.464840	0.000000	89.000000	2.303057
411	47.506672	11.496441	0.149813	89.000000	2.305656
412	47.654942	11.542901	0.074906	89.000000	2.284012
413	47.687232	11.542323	0.074906	89.000000	2.289467
414	47.694653	11.442993	0.074906	89.000000	2.280048
415	47.708654	11.461851	0.074906	89.000000	2.305359
416	47.723961	11.457771	0.074906	89.000000	2.302914
417	47.733670	11.338273	0.074906	89.000000	2.301398
418	47.739214	11.412233	0.074906	89.000000	2.297829
419	47.737211	11.424968	0.074906	89.000000	2.292265
420	47.745040	11.427360	0.000000	89.000000	2.295317
421	47.739327	11.383936	0.074906	89.000000	2.302706
422	47.755557	11.458068	0.074906	89.000000	2.297215
423	47.753054	11.393931	0.074906	89.000000	2.294915
424	47.755241	11.409818	0.074906	89.000000	2.283825
425	47.756726	11.354073	0.000000	89.000000	2.286297
426	47.748408	11.381515	0.000000	89.000000	2.294539
427	47.755152	11.367067	0.000000	89.000000	2.314759
428	47.748435	11.395518	0.074906	89.000000	2.322198
429	47.747934	11.305268	0.074906	89.000000	2.292079
430	47.762287	11.340959	0.000000	89.000000	2.293951
431	47.763085	11.317650	0.074906	89.000000	2.317902
432	47.769287	11.291992	0.074906	89.000000	2.302326
433	47.755882	11.297175	0.149813	89.000000	2.298266
434	47.764856	11.425351	0.000000	89.000000	2.308214
435	47.766936	11.424378	0.074906	89.000000	2.289751
436	47.777107	11.400246	0.074906	89.000000	2.325674
437	47.771698	11.456670	0.074906	89.000000	2.301674
438	47.770518	11.413258	0.074906	89.000000	2.290733
439	47.788745	11.395501	0.074906	89.000000	2.296812
440	47.784346	11.391343	0.074906	89.000000	2.299286
441	47.770625	11.391993	0.074906	89.000000	2.310061
442	47.770286	11.367342	0.074906	89.000000	2.323188
443	47.768754	11.360024	0.074906	89.000000	2.298116
444	47.771138	11.413152	0.074906	89.000000	2.292240
445	47.780108	11.449182	0.074906	89.000000	2.295525
446	47.775576	11.425707	0.149813	89.000000	2.344548
447	47.779968	11.388607	0.074906	89.000000	2.283610
448	47.781962	11.400357	0.074906	89.000000	2.278193
449	47.787291	11.412785	0.149813	89.000000	2.293854
450	47.775155	11.421395	0.074906	89.000000	2.316423
451	47.780654	11.397218	0.074906	89.000000	2.307857
452	47.775424	11.381212	0.074906	89.000000	2.304574
453	47.773468	11.337293	0.149813	89.000000	2.278892
454	47.778213	11.395447	0.149813	89.000000	2.300005
455	47.772157	11.331450	0.149813	89.000000	2.303685
456	47.773743	11.340302	0.149813	89.000000	2.308370
457	47.774661	11.299697	0.149813	89.000000	2.294725
458	47.779560	11.354640	0.074906	89.000000	2.305551
459	47.774079	11.374790	0.149813	89.000000	2.308703
460	47.761807	11.385210	0.000000	89.000000	2.305808
461	47.761148	11.380452	0.149813	89.000000	2.289658
462	47.762489	11.380776	0.149813	89.000000	2.305401
463	47.770250	11.428489	0.149813	89.000000	2.300941
464	47.768849	11.360273	0.149813	89.000000	2.306776
465	47.768492	11.380709	0.074906	89.000000	2.303893
466	47.777867	11.354608	0.074906	89.000000	2.317268
467	47.780415	11.405280	0.074906	89.000000	2.299636
468	47.772372	11.429471	0.074906	89.000000	2.311794
469	47.780633	11.436466	0.224719	89.000000	2.308305
470	47.774488	11.400744	0.074906	89.000000	2.295711
471	47.785687	11.401430	0.224719	89.000000	2.305602
472	47.782168	11.452235	0.149813	89.000000	2.305346
473	47.785079	11.436788	0.299625	89.000000	2.303239
474	47.782290	11.396149	0.224719	89.000000	2.326778
475	47.779155	11.322749	0.224719	89.000000	2.306354
476	47.786447	11.341138	0.074906	89.000000	2.298025
477	47.787482	11.390985	0.224719	89.000000	2.315810
478	47.786748	11.350821	0.149813	89.000000	2.302288
479	47.777033	11.357608	0.149813	89.000000	2.297555
480	47.774270	11.343439	0.149813	89.000000	2.292204
481	47.768831	11.383053	0.149813	89.000000	2.298272
482	47.776425	11.422346	0.149813	89.000000	2.308024
483	47.781104	11.345697	0.149813	89.000000	2.313850
484	47.771484	11.348373	0.074906	89.000000	2.286081
485	47.772360	11.353733	0.224719	89.000000	2.271821
486	47.775361	11.349343	0.224719	89.000000	2.283701
487	47.772247	11.403473	0.149813	89.000000	2.301608
488	47.767663	11.377354	0.074906	89.000000	2.317591
489	47.769427	11.432629	0.149813	89.000000	2.297907
490	47.762901	11.401248	0.149813	89.000000	2.297232
491	47.898167	11.431870	0.149813	89.000000	2.292159
492	47.928667	11.453357	0.149813	89.000000	2.304736
493	47.936493	11.424195	0.149813	89.000000	2.313300
494	47.943285	11.449383	0.149813	89.000000	2.307597
495	47.947061	11.389328	0.149813	89.000000	2.294231
496	47.953707	11.369762	0.149813	89.000000	2.298831
497	47.954315	11.393975	0.149813	89.000000	2.324739
498	47.953302	11.406549	0.074906	89.000000	2.303447
499	47.952574	11.372428	0.074906	89.000000	2.293245
500	47.954011	11.405569	0.000000	89.000000	2.291116
501	47.959292	11.393629	0.074906	89.000000	2.284275
502	47.971380	11.409312	0.074906	89.000000	2.278139
503	47.965664	11.407603	0.074906	89.000000	2.301338
504	47.973102	11.393734	0.000000	89.000000	2.304839
505	47.977251	11.440917	0.000000	89.000000	2.305021
506	47.975969	11.380204	0.000000	89.000000	2.307758
507	47.979259	11.411693	0.149813	89.000000	2.296707
508	47.980994	11.372514	0.074906	89.000000	2.307161
509	47.983837	11.408081	0.000000	89.000000	2.296978
510	47.987926	11.373654	0.000000	89.000000	2.302175
511	47.981152	11.359129	0.074906	89.000000	2.308202
512	47.984666	11.400722	0.000000	89.000000	2.318604
513	47.987306	11.403712	0.074906	89.000000	2.290198
514	47.981408	11.380616	0.149813	89.000000	2.308144
515	47.987148	11.350108	0.149813	89.000000	2.289808
516	47.981128	11.370252	0.149813	89.000000	2.303920
517	47.990239	11.360403	0.074906	89.000000	2.323549
518	47.993839	11.370384	0.000000	89.000000	2.294937
519	47.994149	11.343830	0.000000	89.000000	2.302192
520	47.988501	11.394300	0.000000	89.000000	2.300347
521	47.992527	11.393209	0.074906	89.000000	2.318040
522	47.995859	11.390919	0.074906	89.000000	2.295138
523	48.000902	11.408124	0.074906	89.000000	2.273532
524	47.996539	11.402453	0.149813	89.000000	2.278122
525	47.996187	11.404794	0.149813	89.000000	2.287219
526	47.991788	11.414747	0.149813	89.000000	2.318586
527	47.994715	11.408063	0.074906	89.000000	2.299081
528	47.997308	11.423085	0.149813	89.000000	2.296040
529	47.996509	11.388294	0.149813	89.000000	2.310518
530	47.996360	11.382567	0.149813	89.000000	2.286971
531	47.986734	11.384592	0.149813	89.000000	2.312867
532	47.988260	11.407306	0.149813	89.000000	2.302911
533	47.989687	11.385665	0.149813	89.000000	2.304798
534	47.989851	11.392214	0.149813	89.000000	2.292355
535	47.987214	11.407415	0.149813	89.000000	2.289889
536	47.990489	11.387946	0.149813	89.000000	2.283379
537	47.998029	11.333949	0.149813	89.000000	2.290376
538	47.997242	11.332993	0.149813	89.000000	2.305190
539	48.004085	11.359374	0.149813	89.000000	2.301453
540	47.997072	11.334029	0.149813	89.000000	2.309540
541	47.992033	11.365804	0.149813	89.000000	2.313646
542	47.998342	11.369786	0.149813	89.000000	2.314997
543	48.001057	11.342180	0.149813	89.000000	2.279664
544	48.004133	11.351486	0.149813	89.000000	2.288481
545	47.999784	11.349681	0.074906	89.000000	2.294400
546	48.000425	11.354547	0.149813	89.000000	2.302540
547	47.999245	11.374970	0.074906	89.000000	2.312484
548	47.997791	11.360484	0.224719	89.000000	2.317626
549	47.995448	11.383501	0.149813	89.000000	2.296889
550	47.997138	11.372848	0.149813	89.000000	2.299593
551	47.996640	11.384812	0.074906	89.000000	2.306887
552	47.993881	11.395289	0.074906	89.000000	2.287275
553	48.000747	11.391260	0.149813	89.000000	2.280021
554	48.000115	11.374537	0.149813	89.000000	2.289524
555	47.994608	11.381360	0.149813	89.000000	2.290578
556	47.992554	11.370858	0.149813	89.000000	2.298522
557	47.999763	11.391415	0.149813	89.000000	2.309853
558	48.000395	11.382596	0.149813	89.000000	2.303023
559	48.002797	11.361599	0.149813	89.000000	2.285773
560	47.997761	11.387665	0.149813	89.000000	2.284966
561	47.996306	11.330482	0.000000	89.000000	2.268728
562	47.993550	11.365404	0.074906	89.000000	2.296081
563	47.999460	11.340545	0.074906	89.000000	2.305035
564	48.001465	11.385996	0.149813	89.000000	2.316056
565	47.998714	11.386988	0.074906	89.000000	2.290910
566	48.002213	11.348683	0.149813	89.000000	2.290271
567	48.001689	11.397027	0.074906	89.000000	2.306508
568	47.999805	11.395264	0.149813	89.000000	2.310653
569	48.005202	11.396444	0.000000	89.000000	2.306290
570	48.000658	11.408732	0.000000	89.000000	2.298510
571	48.000950	11.452941	0.149813	89.000000	2.294245
572	47.995186	11.369964	0.149813	89.000000	2.290902
573	48.001689	11.399932	0.149813	89.000000	2.298139
574	48.004726	11.391966	0.149813	89.000000	2.290953
575	48.002070	11.387126	0.149813	89.000000	2.286315
576	48.001221	11.375406	0.224719	89.000000	2.294324
577	47.999954	11.400405	0.224719	89.000000	2.294415
578	48.005655	11.383884	0.074906	89.000000	2.321113
579	48.006266	11.398849	0.074906	89.000000	2.310083
580	48.006201	11.374322	0.074906	89.000000	2.292289
581	48.007035	11.379849	0.149813	89.000000	2.303011
582	47.998255	11.359079	0.074906	89.000000	2.302783
583	47.997850	11.386270	0.074906	89.000000	2.310230
584	48.000014	11.381995	0.074906	89.000000	2.311993
585	48.001921	11.382242	0.074906	89.000000	2.298144
586	47.999626	11.408888	0.149813	89.000000	2.304187
587	48.000675	11.328557	0.074906	89.000000	2.314517
588	47.999007	11.362635	0.074906	89.000000	2.304754
589	48.000211	11.342573	0.074906	89.000000	2.299802
590	48.000285	11.385465	0.074906	89.000000	2.305347
591	48.000097	11.426978	0.074906	89.000000	2.305399
592	47.996780	11.407386	0.074906	89.000000	2.313046
593	47.996855	11.381794	0.074906	89.000000	2.310848
594	47.998273	11.417877	0.074906	89.000000	2.306077
595	48.001277	11.415867	0.074906	89.000000	2.307839
596	47.999236	11.438790	0.074906	89.000000	2.316061
597	48.012811	11.428242	0.074906	89.000000	2.297553
598	48.002908	11.440575	0.074906	89.000000	2.309767
599	48.005891	11.464989	0.149813	89.000000	2.310882
600	48.002613	11.414503	0.149813	89.000000	2.300531
601	48.000851	11.425192	0.149813	89.000000	2.309614
602	47.997028	11.406531	0.074906	89.000000	2.296804
603	47.991228	11.420595	0.074906	89.000000	2.311645
604	47.990245	11.354774	0.074906	89.000000	2.313416
605	47.999805	11.407473	0.074906	89.000000	2.318694
606	48.005176	11.399375	0.149813	89.000000	2.285338
607	48.005521	11.392169	0.149813	89.000000	2.291543
608	48.005083	11.413276	0.074906	89.000000	2.300850
609	48.008996	11.380349	0.149813	89.000000	2.317194
610	48.011595	11.418427	0.074906	89.000000	2.303700
611	48.006064	11.375637	0.074906	89.000000	2.298043
612	48.007256	11.398485	0.074906	89.000000	2.302072
613	48.003542	11.403793	0.074906	89.000000	2.314832
614	48.003742	11.358958	0.074906	89.000000	2.321982
615	48.004681	11.375534	0.074906	89.000000	2.301985
616	48.003274	11.372610	0.074906	89.000000	2.322244
617	48.003447	11.340353	0.074906	89.000000	2.301490
618	48.006529	11.332189	0.074906	89.000000	2.306318
619	48.009291	11.335754	0.149813	89.000000	2.289671
620	48.005205	11.362359	0.074906	89.000000	2.302841
621	48.006290	11.356533	0.074906	89.000000	2.300163
622	48.007846	11.373565	0.149813	89.000000	2.304698
623	48.009723	11.350201	0.074906	89.000000	2.309765
624	48.004997	11.391383	0.074906	89.000000	2.304080
625	48.006690	11.333276	0.149813	89.000000	2.298242
626	48.005971	11.384863	0.149813	89.000000	2.301403
627	48.005041	11.375316	0.074906	89.000000	2.312019
628	48.000842	11.361421	0.074906	89.000000	2.304709
629	48.005056	11.342447	0.074906	89.000000	2.309011
630	48.004785	11.338602	0.149813	89.000000	2.306934
631	48.006004	11.333382	0.149813	89.000000	2.316856
632	48.004940	11.336331	0.149813	89.000000	2.311534
633	48.007762	11.330815	0.074906	89.000000	2.298335
634	48.000735	11.360530	0.074906	89.000000	2.297407
635	48.006499	11.362913	0.149813	89.000000	2.315725
636	48.004508	11.339426	0.000000	89.000000	2.315686
637	48.006451	11.355288	0.074906	89.000000	2.305124
638	48.008844	11.358160	0.074906	89.000000	2.316674
639	48.012114	11.345397	0.149813	89.000000	2.309371
640	48.003954	11.331548	0.224719	89.000000	2.301284
641	48.003909	11.372856	0.149813	89.000000	2.296936
642	48.004514	11.385941	0.149813	89.000000	2.304424
643	48.007298	11.385871	0.074906	89.000000	2.309230
644	48.009807	11.359803	0.149813	89.000000	2.309217
645	48.015386	11.339616	0.149813	89.000000	2.311934
646	48.009282	11.311867	0.074906	89.000000	2.289358
647	48.012570	11.303265	0.149813	89.000000	2.293395
648	48.008987	11.337624	0.074906	89.000000	2.305614
649	48.006001	11.348275	0.149813	89.000000	2.303125
650	48.007011	11.390805	0.074906	89.000000	2.304509
651	48.012331	11.332839	0.149813	89.000000	2.312366
652	48.014435	11.321618	0.149813	89.000000	2.310486
653	48.013154	11.312415	0.149813	89.000000	2.299424
654	48.017603	11.330395	0.149813	89.000000	2.311632
655	48.011857	11.347490	0.000000	89.000000	2.302078
656	48.010659	11.378821	0.074906	89.000000	2.301591
657	48.015052	11.365900	0.074906	89.000000	2.296870
658	48.005986	11.368203	0.149813	89.000000	2.325540
659	48.011768	11.370254	0.149813	89.000000	2.299281
660	48.011529	11.322493	0.149813	89.000000	2.310331
661	48.015469	11.326973	0.149813	89.000000	2.309378
662	48.012680	11.320556	0.074906	89.000000	2.302361
663	48.011795	11.332606	0.149813	89.000000	2.291803
664	48.017600	11.378091	0.074906	89.000000	2.283795
665	48.020610	11.339762	0.074906	89.000000	2.289555
666	48.016822	11.350254	0.074906	89.000000	2.288305
667	48.014283	11.315510	0.074906	89.000000	2.302656
668	48.014516	11.333129	0.074906	89.000000	2.308063
669	48.015842	11.323370	0.074906	89.000000	2.305879
670	48.013395	11.317795	0.074906	89.000000	2.288251
671	48.010594	11.345122	0.074906	89.000000	2.311632
672	48.016617	11.307112	0.074906	89.000000	2.307167
673	48.021150	11.298649	0.074906	89.000000	2.306783
674	48.020345	11.330133	0.074906	89.000000	2.303961
675	48.015177	11.342935	0.074906	89.000000	2.304130
676	48.020321	11.299053	0.074906	89.000000	2.297872
677	48.016733	11.288147	0.074906	89.000000	2.308854
678	48.017448	11.302330	0.074906	89.000000	2.292199
679	48.021638	11.282111	0.074906	89.000000	2.292057
680	48.018318	11.277969	0.149813	89.000000	2.302789
681	48.016149	11.299305	0.074906	89.000000	2.311785
682	48.016247	11.308741	0.074906	89.000000	2.314204
683	48.020703	11.292284	0.000000	89.000000	2.303126
684	48.018336	11.293480	0.000000	89.000000	2.289881
685	48.014510	11.277348	0.000000	89.000000	2.307729
686	48.012745	11.275461	0.000000	89.000000	2.311859
687	48.020822	11.267634	0.074906	89.000000	2.306409
688	48.016465	11.257391	0.000000	89.000000	2.293871
689	48.009408	11.317755	0.000000	89.000000	2.311073
690	48.017055	11.314959	0.000000	89.000000	2.295403
691	48.018798	11.319533	0.074906	89.000000	2.335283
692	48.018998	11.317109	0.149813	89.000000	2.293801
693	48.020661	11.315869	0.074906	89.000000	2.296025
694	48.015061	11.304134	0.074906	89.000000	2.306290
695	48.015261	11.321209	0.074906	89.000000	2.319691
696	48.015380	11.349110	0.074906	89.000000	2.307695
697	48.006940	11.349105	0.074906	89.000000	2.303282
698	48.010314	11.321869	0.074906	89.000000	2.317296
699	48.012629	11.320626	0.074906	89.000000	2.295108
700	48.012075	11.339723	0.149813	89.000000	2.315373
701	48.010588	11.289998	0.074906	89.000000	2.301887
702	48.009044	11.317087	0.074906	89.000000	2.303863
703	48.010883	11.306306	0.074906	89.000000	2.302834
704	48.014045	11.295716	0.074906	89.000000	2.309731
705	48.014373	11.318729	0.074906	89.000000	2.317213
706	48.015863	11.370828	0.074906	89.000000	2.322040
707	48.016667	11.345790	0.149813	89.000000	2.290531
708	48.017770	11.314637	0.074906	89.000000	2.299095
709	48.016530	11.332906	0.074906	89.000000	2.299227
710	48.003948	11.322322	0.074906	89.000000	2.292054
711	48.010021	11.305092	0.074906	89.000000	2.317476
712	48.006004	11.354929	0.074906	89.000000	2.297959
713	48.011893	11.329249	0.074906	89.000000	2.309412
714	48.012143	11.338030	0.074906	89.000000	2.305089
715	48.010856	11.316684	0.000000	89.000000	2.315482
716	48.008382	11.297458	0.000000	89.000000	2.299474
717	48.011702	11.300259	0.074906	89.000000	2.322830
718	48.003164	11.284537	0.074906	89.000000	2.298188
719	48.004389	11.273863	0.074906	89.000000	2.291291
720	48.016694	11.319884	0.074906	89.000000	2.305353
721	48.013705	11.317771	0.074906	89.000000	2.305049
722	48.016173	11.333168	0.074906	89.000000	2.304744
723	48.010576	11.339254	0.074906	89.000000	2.282847
724	48.014003	11.306262	0.074906	89.000000	2.277166
725	48.018306	11.311775	0.074906	89.000000	2.295938
726	48.017183	11.288272	0.074906	89.000000	2.308612
727	48.013455	11.303543	0.074906	89.000000	2.308750
728	48.010784	11.305000	0.074906	89.000000	2.301098
729	48.010886	11.294571	0.074906	89.000000	2.289826
730	48.007095	11.313846	0.074906	89.000000	2.088416
731	48.043773	11.306154	0.074906	89.000000	2.102558
732	48.044902	11.294690	0.074906	89.000000	2.098003
733	48.044941	11.292664	0.074906	89.000000	2.098444
734	48.045126	11.297969	0.074906	89.000000	2.098728
735	48.045170	11.298442	0.074906	89.000000	2.100534
736	48.045093	11.300270	0.074906	89.000000	2.108515
737	48.045385	11.299127	0.074906	89.000000	2.092855
738	48.045623	11.300775	0.074906	89.000000	2.098949
739	48.045665	11.301363	0.074906	89.000000	2.112804
740	48.045641	11.301664	0.074906	89.000000	2.093662
741	48.045576	11.301883	0.074906	89.000000	2.101859
742	48.045644	11.301993	0.074906	89.000000	2.079308
743	48.045564	11.302003	0.074906	89.000000	2.098217
744	48.045579	11.301914	0.074906	89.000000	2.101004
745	48.045549	11.301090	0.074906	89.000000	2.100699
746	48.045549	11.301090	0.074906	89.000000	2.101790
747	48.045549	11.301090	0.074906	89.000000	2.102967
748	48.045549	11.301090	0.074906	89.000000	2.095465
749	48.045549	11.301090	0.074906	89.000000	2.094456
750	48.045549	11.301090	0.074906	89.000000	2.094791
751	48.045549	11.301090	0.074906	89.000000	2.095014
752	48.045549	11.301090	0.074906	89.000000	2.115456
753	48.045549	11.301090	0.074906	89.000000	2.087733
754	48.045549	11.301090	0.074906	89.000000	2.095677
755	48.045549	11.301090	0.074906	89.000000	2.080647
756	48.045549	11.301090	0.074906	89.000000	2.088066
757	48.045549	11.301090	0.074906	89.000000	2.092038
758	48.045549	11.301090	0.074906	89.000000	2.111278
759	48.045549	11.301090	0.074906	89.000000	2.096988
760	48.045549	11.301090	0.074906	89.000000	2.102173
761	48.045549	11.301090	0.074906	89.000000	2.098840
762	48.045549	11.301090	0.074906	89.000000	2.088146
763	48.045549	11.301090	0.074906	89.000000	2.081938
764	48.045549	11.301090	0.074906	89.000000	2.102656
765	48.045549	11.301090	0.074906	89.000000	2.080154
766	48.045549	11.301090	0.074906	89.000000	2.098518
767	48.045549	11.301090	0.074906	89.000000	2.101375
768	48.045549	11.301090	0.074906	89.000000	2.097878
769	48.045549	11.301090	0.074906	89.000000	2.094569
770	48.045549	11.301090	0.074906	89.000000	2.095608
771	48.045549	11.301090	0.074906	89.000000	2.097399
772	48.045549	11.301090	0.074906	89.000000	2.120462
773	48.045549	11.301090	0.074906	89.000000	2.095387
774	48.045549	11.301090	0.074906	89.000000	2.087854
775	48.045549	11.301090	0.074906	89.000000	2.100804
776	48.045549	11.301090	0.074906	89.000000	2.085344
777	48.045549	11.301090	0.074906	89.000000	2.094959
778	48.045549	11.301090	0.074906	89.000000	2.084295
779	48.045549	11.301090	0.074906	89.000000	2.094181
780	48.045549	11.301090	0.074906	89.000000	2.085115
781	48.045549	11.301090	0.074906	89.000000	2.080501
782	48.045549	11.301090	0.074906	89.000000	2.086071
783	48.045549	11.301090	0.074906	89.000000	2.102305
784	48.045549	11.301090	0.074906	89.000000	2.091402
785	48.045549	11.301090	0.074906	89.000000	2.094094
786	48.045549	11.301090	0.074906	89.000000	2.086715
787	48.045549	11.301090	0.074906	89.000000	2.093048
788	48.045549	11.301090	0.074906	89.000000	2.118268
