1	26.813591	1.641524	0.000000	89.000000	2.383149
2	32.636917	2.826447	0.000000	89.000000	2.453841
3	36.911106	2.880901	0.000000	89.000000	2.422651
4	39.373052	2.616163	0.000000	89.000000	2.409646
5	40.890881	2.489328	0.000000	89.000000	2.421900
6	41.954833	2.503578	0.000000	89.000000	2.397186
7	42.584646	2.475027	0.000000	89.000000	2.430152
8	43.079716	2.334427	0.000000	89.000000	2.459512
9	43.475434	2.379453	0.000000	89.000000	2.432919
10	43.792969	2.216108	0.000000	89.000000	2.421120
11	44.028404	2.307538	0.000000	89.000000	2.422065
12	44.232059	2.511795	0.000000	89.000000	2.455160
13	44.387543	2.512330	0.000000	89.000000	2.422314
14	44.495302	2.532316	0.000000	89.000000	2.424700
15	44.600427	2.582477	0.000000	89.000000	2.439303
16	44.696081	2.634496	0.000000	89.000000	2.463091
17	44.785655	2.724788	0.000000	89.000000	2.414851
18	44.848067	2.736161	0.000000	89.000000	2.404828
19	44.922981	2.802291	0.000000	89.000000	2.428394
20	44.976830	2.849616	0.000000	89.000000	2.461030
21	45.028144	2.727506	0.000000	89.000000	2.418755
22	45.103613	2.789359	0.000000	89.000000	2.452364
23	45.155877	2.854385	0.000000	89.000000	2.466952
24	45.204997	2.941018	0.000000	89.000000	2.433338
25	45.255858	3.000376	0.000000	89.000000	2.449777
26	45.291144	3.032379	0.000000	89.000000	2.427450
27	45.330364	2.998925	0.000000	89.000000	2.443880
28	45.377159	3.018905	0.000000	89.000000	2.469061
29	45.400339	3.104212	0.000000	89.000000	2.430500
30	45.419967	3.100659	0.000000	89.000000	2.457380
31	45.463085	3.184903	0.000000	89.000000	2.450255
32	45.485741	3.245395	0.000000	89.000000	2.441043
33	45.515051	3.301856	0.000000	89.000000	2.470108
34	45.520395	3.239552	0.000000	89.000000	2.459415
35	45.525712	3.248909	0.000000	89.000000	2.445449
36	45.545986	3.266503	0.000000	89.000000	2.434800
37	45.559460	3.281630	0.000000	89.000000	2.471800
38	45.568570	3.270149	0.000000	89.000000	2.448738
39	45.594394	3.263811	0.000000	89.000000	2.466617
40	45.601913	3.259548	0.000000	89.000000	2.431819
41	45.624477	3.333518	0.000000	89.000000	2.451244
42	45.629817	3.340022	0.000000	89.000000	2.451987
43	45.642853	3.282820	0.000000	89.000000	2.445436
44	45.662379	3.367204	0.000000	89.000000	2.469086
45	45.669597	3.364793	0.000000	89.000000	2.477899
46	45.680541	3.348016	0.000000	89.000000	2.430995
47	45.692036	3.381540	0.000000	89.000000	2.411752
48	45.717877	3.398957	0.000000	89.000000	2.472697
49	45.730230	3.230205	0.000000	89.000000	2.440810
50	45.746645	3.247030	0.000000	89.000000	2.449366
51	45.771357	3.270124	0.000000	89.000000	2.440754
52	45.800042	3.188974	0.000000	89.000000	2.427415
53	45.829928	3.176441	0.000000	89.000000	2.471488
54	45.849913	2.993225	0.000000	89.000000	2.444249
55	45.878267	2.993139	0.000000	89.000000	2.445611
56	45.887130	2.910749	0.000000	89.000000	2.447513
57	45.910147	2.903706	0.000000	89.000000	2.452718
58	45.905587	3.011333	0.000000	89.000000	2.476707
59	45.910612	2.971948	0.000000	89.000000	2.474579
60	45.908117	2.938994	0.000000	89.000000	2.440340
61	45.919323	2.966318	0.000000	89.000000	2.419400
62	45.934191	2.942277	0.000000	89.000000	2.467295
63	45.946822	2.986118	0.000000	89.000000	2.447749
64	45.950752	3.005251	0.000000	89.000000	2.484818
65	45.969883	3.021973	0.000000	89.000000	2.485435
66	45.981854	3.070564	0.000000	89.000000	2.442910
67	45.994791	3.079930	0.000000	89.000000	2.487978
68	45.998174	3.075760	0.000000	89.000000	2.422369
69	46.012306	3.055327	0.000000	89.000000	2.473227
70	45.999855	3.068988	0.000000	89.000000	2.462742
71	46.025205	3.102102	0.000000	89.000000	2.483552
72	46.027350	3.218109	0.000000	89.000000	2.500432
73	46.024901	3.112904	0.000000	89.000000	2.484394
74	46.053135	3.104991	0.000000	89.000000	2.445436
75	46.075171	3.173664	0.000000	89.000000	2.474401
76	46.067578	3.160227	0.000000	89.000000	2.413950
77	46.077186	3.127001	0.000000	89.000000	2.477509
78	46.081820	3.103146	0.000000	89.000000	2.456830
79	46.090305	3.126569	0.000000	89.000000	2.484417
80	46.111190	3.061576	0.000000	89.000000	2.472119
81	46.113098	2.998294	0.000000	89.000000	2.448951
82	46.107614	3.057754	0.000000	89.000000	2.455194
83	46.106109	3.025178	0.000000	89.000000	2.441013
84	46.108377	3.050192	0.000000	89.000000	2.484835
85	46.121526	3.034240	0.000000	89.000000	2.476044
86	46.123797	3.040837	0.000000	89.000000	2.490733
87	46.129450	3.007484	0.000000	89.000000	2.466197
88	46.129340	3.008931	0.000000	89.000000	2.440203
89	46.134961	2.993655	0.000000	89.000000	2.474502
90	46.122578	3.054655	0.000000	89.000000	2.420706
91	46.120122	3.060332	0.000000	89.000000	2.460927
92	46.125036	2.995142	0.000000	89.000000	2.478575
93	46.139833	3.080761	0.000000	89.000000	2.484639
94	46.141368	3.129595	0.000000	89.000000	2.473191
95	46.143913	3.098587	0.000000	89.000000	2.447684
96	46.146035	2.997832	0.000000	89.000000	2.462196
97	46.168074	3.018113	0.000000	89.000000	2.431398
98	46.164063	2.991477	0.000000	89.000000	2.459652
99	46.168673	3.012143	0.000000	89.000000	2.487604
100	46.172941	3.006687	0.000000	89.000000	2.487545
101	46.177951	3.027287	0.000000	89.000000	2.477990
102	46.162558	3.025012	0.000000	89.000000	2.441543
103	46.183968	2.968479	0.000000	89.000000	2.458799
104	46.185201	3.012538	0.000000	89.000000	2.433904
105	46.167922	3.028383	0.000000	89.000000	2.467869
106	46.158659	3.016013	0.000000	89.000000	2.489026
107	46.161836	2.968378	0.000000	89.000000	2.489618
108	46.177983	3.020934	0.000000	89.000000	2.468918
109	46.164805	2.958810	0.000000	89.000000	2.437024
110	46.158808	3.053612	0.000000	89.000000	2.475721
111	46.175301	2.979910	0.000000	89.000000	2.420802
112	46.170059	2.941912	0.000000	89.000000	2.476515
113	46.175799	2.930259	0.000000	89.000000	2.457826
114	46.165401	2.886207	0.000000	89.000000	2.490427
115	46.178082	2.960337	0.000000	89.000000	2.475261
116	46.180797	2.982670	0.000000	89.000000	2.449962
117	46.187478	2.968439	0.000000	89.000000	2.473830
118	46.171868	2.977212	0.000000	89.000000	2.426735
119	46.189523	3.027760	0.000000	89.000000	2.475337
120	46.177822	3.020534	0.000000	89.000000	2.467676
121	46.195894	3.090861	0.000000	89.000000	2.484767
122	46.188945	3.023933	0.000000	89.000000	2.467676
123	46.193212	3.103888	0.000000	89.000000	2.444730
124	46.195602	3.184140	0.000000	89.000000	2.456844
125	46.184754	3.179748	0.000000	89.000000	2.436970
126	46.210834	3.155109	0.000000	89.000000	2.458943
127	46.191248	3.142971	0.000000	89.000000	2.479523
128	46.200329	3.082367	0.000000	89.000000	2.489369
129	46.198988	3.094962	0.000000	89.000000	2.476283
130	46.210364	3.082314	0.000000	89.000000	2.447914
131	46.190166	3.089725	0.000000	89.000000	2.476428
132	46.201605	3.017575	0.000000	89.000000	2.427527
133	46.195254	2.969645	0.000000	89.000000	2.475557
134	46.190614	2.887772	0.000000	89.000000	2.465759
135	46.200302	2.960011	0.000000	89.000000	2.483169
136	46.190906	2.973975	0.000000	89.000000	2.476031
137	46.196759	3.008942	0.000000	89.000000	2.441045
138	46.198252	3.084365	0.000000	89.000000	2.476547
139	46.208510	3.071127	0.000000	89.000000	2.421078
140	46.215940	2.991776	0.000000	89.000000	2.469115
141	46.212795	3.062044	0.000000	89.000000	2.485000
142	46.201319	3.008046	0.000000	89.000000	2.488144
143	46.206138	3.083928	0.000000	89.000000	2.469272
144	46.210629	3.031596	0.000000	89.000000	2.439968
145	46.221095	3.083219	0.000000	89.000000	2.472035
146	46.231127	3.153760	0.000000	89.000000	2.425410
147	46.210894	3.100506	0.000000	89.000000	2.467697
148	46.207607	3.081389	0.000000	89.000000	2.489257
149	46.217555	3.021898	0.000000	89.000000	2.488016
150	46.220350	2.958365	0.000000	89.000000	2.464235
151	46.229434	2.976829	0.000000	89.000000	2.441272
152	46.234670	2.924288	0.000000	89.000000	2.471097
153	46.230423	2.892230	0.000000	89.000000	2.419823
154	46.226561	2.897245	0.000000	89.000000	2.463178
155	46.225089	3.060578	0.000000	89.000000	2.482669
156	46.232539	2.972590	0.000000	89.000000	2.486314
157	46.225846	3.013422	0.000000	89.000000	2.477463
158	46.251881	3.030951	0.000000	89.000000	2.439708
159	46.236479	3.032726	0.000000	89.000000	2.465708
160	46.228552	3.088307	0.000000	89.000000	2.437694
161	46.242404	3.047424	0.000000	89.000000	2.479938
162	46.245590	3.098539	0.000000	89.000000	2.470246
163	46.245158	3.060930	0.000000	89.000000	2.460075
164	46.240819	3.101751	0.000000	89.000000	2.449065
165	46.243826	3.123111	0.000000	89.000000	2.464954
166	46.231878	3.196887	0.000000	89.000000	2.415032
167	46.240526	3.099523	0.000000	89.000000	2.473462
168	46.233875	3.214655	0.000000	89.000000	2.485702
169	46.245742	3.121163	0.000000	89.000000	2.478591
170	46.256584	3.132046	0.000000	89.000000	2.472107
171	46.248776	3.038995	0.000000	89.000000	2.443528
172	46.246850	3.116011	0.000000	89.000000	2.482644
173	46.235085	3.094473	0.000000	89.000000	2.426993
174	46.234444	3.106315	0.000000	89.000000	2.464736
175	46.246487	3.124230	0.000000	89.000000	2.460546
176	46.246514	3.133025	0.000000	89.000000	2.485840
177	46.244594	3.038191	0.000000	89.000000	2.481356
178	46.236771	3.050909	0.000000	89.000000	2.439167
179	46.234185	3.059247	0.000000	89.000000	2.489378
180	46.234149	3.068438	0.000000	89.000000	2.423857
181	46.234658	3.014658	0.000000	89.000000	2.468336
182	46.236297	3.053329	0.000000	89.000000	2.441521
183	46.243551	2.998940	0.000000	89.000000	2.504568
184	46.255213	3.031465	0.000000	89.000000	2.472084
185	46.236780	3.023930	0.000000	89.000000	2.442107
186	46.256256	3.012580	0.000000	89.000000	2.461484
187	46.248031	3.033562	0.000000	89.000000	2.428439
188	46.243182	3.110823	0.000000	89.000000	2.455575
189	46.239477	3.176170	0.000000	89.000000	2.483057
190	46.236736	3.054370	0.000000	89.000000	2.498871
191	46.247339	3.049599	0.000000	89.000000	2.472001
192	46.239737	3.112488	0.000000	89.000000	2.442806
193	46.223602	3.051953	0.000000	89.000000	2.447274
194	46.227652	2.976001	0.000000	89.000000	2.445022
195	46.224844	2.911299	0.000000	89.000000	2.453586
196	46.207625	2.874277	0.000000	89.000000	2.482310
197	46.213552	2.942628	0.000000	89.000000	2.502609
198	46.220523	2.929053	0.000000	89.000000	2.475111
199	46.247602	2.906155	0.000000	89.000000	2.444617
200	46.233720	2.967932	0.000000	89.000000	2.463191
201	46.238989	2.969149	0.000000	89.000000	2.429949
202	46.241373	2.967990	0.000000	89.000000	2.475594
203	46.230429	2.925386	0.000000	89.000000	2.483553
204	46.235025	2.940334	0.000000	89.000000	2.479444
205	46.244985	3.015168	0.000000	89.000000	2.472584
206	46.233037	3.064946	0.000000	89.000000	2.439855
207	46.230873	3.031802	0.000000	89.000000	2.465700
208	46.237814	3.029036	0.000000	89.000000	2.422805
209	46.231776	2.985933	0.000000	89.000000	2.467839
210	46.242273	2.995480	0.000000	89.000000	2.485676
211	46.237981	2.927100	0.000000	89.000000	2.483949
212	46.242565	2.918897	0.000000	89.000000	2.482926
213	46.239141	2.961165	0.000000	89.000000	2.441068
214	46.245766	2.921937	0.000000	89.000000	2.480002
215	46.250972	2.950334	0.000000	89.000000	2.418175
216	46.243292	3.022289	0.000000	89.000000	2.476734
217	46.226758	2.934676	0.000000	89.000000	2.459968
218	46.241099	2.846737	0.000000	89.000000	2.488016
219	46.225691	2.868918	0.000000	89.000000	2.483484
220	46.246535	2.840980	0.000000	89.000000	2.445573
221	46.249428	2.936332	0.000000	89.000000	2.472943
222	46.440697	2.944647	0.000000	89.000000	2.428784
223	46.508250	2.995755	0.000000	89.000000	2.482915
224	46.532920	2.955951	0.000000	89.000000	2.486410
225	46.530116	2.987335	0.000000	89.000000	2.477598
226	46.536708	2.966580	0.000000	89.000000	2.458467
227	46.556944	2.979118	0.000000	89.000000	2.464507
228	46.551740	2.889146	0.000000	89.000000	2.456407
229	46.570975	2.969264	0.000000	89.000000	2.448882
230	46.561801	2.955585	0.000000	89.000000	2.452117
231	46.580505	2.886748	0.000000	89.000000	2.486508
232	46.578711	2.895629	0.000000	89.000000	2.489515
233	46.577466	2.921190	0.000000	89.000000	2.454787
234	46.573848	2.878759	0.000000	89.000000	2.484945
235	46.580043	2.907590	0.000000	89.000000	2.452423
236	46.604556	2.935892	0.000000	89.000000	2.476662
237	46.603721	2.986055	0.000000	89.000000	2.446815
238	46.601480	2.992264	0.000000	89.000000	2.455302
239	46.613336	2.959407	0.000000	89.000000	2.478254
240	46.612397	2.890671	0.000000	89.000000	2.446038
241	46.601433	2.942499	0.000000	89.000000	2.481931
242	46.595064	2.955125	0.000000	89.000000	2.451565
243	46.599638	2.926303	0.000000	89.000000	2.477335
244	46.600831	2.875076	0.000000	89.000000	2.419508
245	46.589631	2.972095	0.000000	89.000000	2.489786
246	46.610874	2.927071	0.000000	89.000000	2.461449
247	46.597642	2.921063	0.000000	89.000000	2.452749
248	46.605435	2.936388	0.000000	89.000000	2.456748
249	46.603462	2.859926	0.000000	89.000000	2.468832
250	46.609384	2.971704	0.000000	89.000000	2.448893
251	46.617335	3.010864	0.000000	89.000000	2.448028
252	46.619532	2.992249	0.000000	89.000000	2.485422
253	46.624863	3.006344	0.000000	89.000000	2.479341
254	46.619648	2.945780	0.000000	89.000000	2.460834
255	46.622375	2.914289	0.000000	89.000000	2.464079
256	46.632850	2.896252	0.000000	89.000000	2.460916
257	46.632683	2.918456	0.000000	89.000000	2.466396
258	46.623367	2.963830	0.000000	89.000000	2.442582
259	46.616384	3.002292	0.000000	89.000000	2.489939
260	46.615234	2.957504	0.000000	89.000000	2.458945
261	46.614277	2.988836	0.000000	89.000000	2.458793
262	46.621341	3.033726	0.000000	89.000000	2.459247
263	46.624410	3.040873	0.000000	89.000000	2.464206
264	46.631640	3.043072	0.000000	89.000000	2.450750
265	46.639895	2.981688	0.000000	89.000000	2.449153
266	46.647000	2.981574	0.000000	89.000000	2.484222
267	46.639359	3.020467	0.000000	89.000000	2.487845
268	46.632168	3.035558	0.000000	89.000000	2.457563
269	46.638942	2.964130	0.000000	89.000000	2.477935
270	46.633303	2.934511	0.000000	89.000000	2.451762
271	46.652758	2.975526	0.000000	89.000000	2.489501
272	46.655118	2.978918	0.000000	89.000000	2.449914
273	46.643621	2.991359	0.000000	89.000000	2.454175
274	46.644628	2.976285	0.000000	89.000000	2.466926
275	46.647650	2.981907	0.000000	89.000000	2.457282
276	46.644813	2.913474	0.000000	89.000000	2.479713
277	46.646887	2.973372	0.000000	89.000000	2.445824
278	46.626633	2.901270	0.000000	89.000000	2.462005
279	46.622354	2.910483	0.000000	89.000000	2.438558
280	46.625039	2.879494	0.000000	89.000000	2.479883
281	46.624848	2.953447	0.000000	89.000000	2.462636
282	46.643716	2.973781	0.000000	89.000000	2.463519
283	46.625352	2.942495	0.000000	89.000000	2.445046
284	46.631506	3.051252	0.000000	89.000000	2.484216
285	46.621180	2.980809	0.000000	89.000000	2.440525
286	46.631056	2.935943	0.000000	89.000000	2.455860
287	46.633077	2.895000	0.000000	89.000000	2.463383
288	46.624017	2.903629	0.000000	89.000000	2.486706
289	46.642065	2.925929	0.000000	89.000000	2.464811
290	46.640199	2.946566	0.000000	89.000000	2.460459
291	46.631089	2.883321	0.000000	89.000000	2.467327
292	46.632951	2.960222	0.000000	89.000000	2.426563
293	46.634889	2.909511	0.000000	89.000000	2.464359
294	46.639198	2.968150	0.000000	89.000000	2.483392
295	46.632856	2.936166	0.000000	89.000000	2.486062
296	46.629062	2.999465	0.000000	89.000000	2.463347
297	46.629733	2.978801	0.000000	89.000000	2.445284
298	46.640486	2.929531	0.000000	89.000000	2.480205
299	46.655130	2.931413	0.000000	89.000000	2.445781
300	46.639472	2.884340	0.000000	89.000000	2.459175
301	46.644175	2.914781	0.000000	89.000000	2.484800
302	46.632969	2.896630	0.000000	89.000000	2.479391
303	46.635908	3.017583	0.000000	89.000000	2.455827
304	46.630365	2.958968	0.000000	89.000000	2.466444
305	46.641108	3.038413	0.000000	89.000000	2.460674
306	46.653003	3.027012	0.000000	89.000000	2.473540
307	46.651143	3.022667	0.000000	89.000000	2.435488
308	46.658057	2.988103	0.000000	89.000000	2.475125
309	46.648714	2.941000	0.000000	89.000000	2.479970
310	46.657705	2.977381	0.000000	89.000000	2.461230
311	46.644658	2.950599	0.000000	89.000000	2.475403
312	46.637726	2.919818	0.000000	89.000000	2.450479
313	46.630117	2.967531	0.000000	89.000000	2.463595
314	46.631986	2.976217	0.000000	89.000000	2.440344
315	46.626702	3.007731	0.000000	89.000000	2.478064
316	46.631858	2.990050	0.000000	89.000000	2.444083
317	46.644455	2.978982	0.000000	89.000000	2.477546
318	46.639475	2.999731	0.000000	89.000000	2.456918
319	46.630576	3.049445	0.000000	89.000000	2.466776
320	46.641016	3.023763	0.000000	89.000000	2.424871
321	46.645352	3.018343	0.000000	89.000000	2.475517
322	46.649855	3.061562	0.000000	89.000000	2.461634
323	46.646175	2.993918	0.000000	89.000000	2.460830
324	46.634996	3.028996	0.000000	89.000000	2.468367
325	46.650606	2.978163	0.000000	89.000000	2.457928
326	46.639848	3.020755	0.000000	89.000000	2.452710
327	46.640342	2.925618	0.000000	89.000000	2.440659
328	46.638739	2.908006	0.000000	89.000000	2.469955
329	46.644211	2.867180	0.000000	89.000000	2.483288
330	46.646431	2.992877	0.000000	89.000000	2.464938
331	46.658194	2.949914	0.000000	89.000000	2.451532
332	46.658689	2.912677	0.000000	89.000000	2.472558
333	46.664229	2.961190	0.000000	89.000000	2.426305
334	46.669304	2.957003	0.000000	89.000000	2.468121
335	46.672261	3.004737	0.000000	89.000000	2.470151
336	46.662867	2.935718	0.000000	89.000000	2.489056
337	46.663541	3.051527	0.000000	89.000000	2.464145
338	46.640617	3.053807	0.000000	89.000000	2.444764
339	46.646017	2.892727	0.000000	89.000000	2.477603
340	46.643692	2.889224	0.000000	89.000000	2.418850
341	46.653554	2.984775	0.000000	89.000000	2.478877
342	46.658790	2.984183	0.000000	89.000000	2.466927
343	46.663517	3.016871	0.000000	89.000000	2.481522
344	46.664214	3.009879	0.000000	89.000000	2.471220
345	46.652728	2.950334	0.000000	89.000000	2.444900
346	46.658278	2.961368	0.000000	89.000000	2.493882
347	46.662205	2.928745	0.000000	89.000000	2.434954
348	46.657646	2.914505	0.000000	89.000000	2.462142
349	46.650723	2.867179	0.000000	89.000000	2.465256
350	46.667063	2.903213	0.000000	89.000000	2.483886
351	46.663004	2.942964	0.000000	89.000000	2.466491
352	46.658215	2.933097	0.000000	89.000000	2.440181
353	46.668619	2.934657	0.000000	89.000000	2.474578
354	46.661872	2.998041	0.000000	89.000000	2.425200
355	46.654093	2.941075	0.000000	89.000000	2.471840
356	46.673194	3.039381	0.000000	89.000000	2.474278
357	46.668452	3.062293	0.000000	89.000000	2.479429
358	46.671972	3.084196	0.000000	89.000000	2.481686
359	46.666068	3.025993	0.000000	89.000000	2.446969
360	46.672836	2.959229	0.000000	89.000000	2.478417
361	46.682724	3.002628	0.000000	89.000000	2.427080
362	46.666458	3.050451	0.000000	89.000000	2.469024
363	46.674985	2.945278	0.000000	89.000000	2.459812
364	46.682137	3.039836	0.000000	89.000000	2.485242
365	46.675965	3.104463	0.000000	89.000000	2.476255
366	46.684748	3.094046	0.000000	89.000000	2.442359
367	46.680447	3.058636	0.000000	89.000000	2.473737
368	46.676838	3.027705	0.000000	89.000000	2.423861
369	46.668971	2.990228	0.000000	89.000000	2.468813
370	46.666619	3.028084	0.000000	89.000000	2.482321
371	46.665439	3.092622	0.000000	89.000000	2.486779
372	46.665147	3.028381	0.000000	89.000000	2.466266
373	46.677536	3.104821	0.000000	89.000000	2.443248
374	46.675432	3.113293	0.000000	89.000000	2.474843
375	46.672323	3.086566	0.000000	89.000000	2.417821
376	46.679950	3.068566	0.000000	89.000000	2.476795
377	46.687952	2.994252	0.000000	89.000000	2.454547
378	46.688613	3.046885	0.000000	89.000000	2.489446
379	46.686620	3.077556	0.000000	89.000000	2.467103
380	46.676183	3.094480	0.000000	89.000000	2.449394
381	46.671718	3.066482	0.000000	89.000000	2.422827
382	46.670294	3.016246	0.000000	89.000000	2.464060
383	46.678126	3.014724	0.000000	89.000000	2.445834
384	46.672598	2.928398	0.000000	89.000000	2.482101
385	46.678513	2.935740	0.000000	89.000000	2.446208
386	46.671963	2.947788	0.000000	89.000000	2.457501
387	46.671939	2.977589	0.000000	89.000000	2.420601
388	46.675253	2.974084	0.000000	89.000000	2.453367
389	46.662623	3.014530	0.000000	89.000000	2.478861
390	46.667892	3.098786	0.000000	89.000000	2.471338
391	46.660405	3.072060	0.000000	89.000000	2.431581
392	46.673483	3.075992	0.000000	89.000000	2.457154
393	46.665770	2.976018	0.000000	89.000000	2.432729
394	46.659541	3.049265	0.000000	89.000000	2.441522
395	46.665776	3.083286	0.000000	89.000000	2.466384
396	46.669227	3.022467	0.000000	89.000000	2.422356
397	46.671909	3.018997	0.000000	89.000000	2.418356
398	46.660504	2.974363	0.000000	89.000000	2.468779
399	46.654525	3.020604	0.000000	89.000000	2.440823
400	46.671593	3.023569	0.000000	89.000000	2.454084
401	46.659517	2.920975	0.000000	89.000000	2.441542
402	46.653938	3.054162	0.000000	89.000000	2.428135
403	46.651572	3.007610	0.000000	89.000000	2.460830
404	46.667826	2.997200	0.000000	89.000000	2.450971
405	46.667138	2.990198	0.000000	89.000000	2.437130
406	46.662143	2.983853	0.000000	89.000000	2.454064
407	46.666473	2.917129	0.000000	89.000000	2.420005
408	46.672472	2.935231	0.000000	89.000000	2.432991
409	46.668676	2.952520	0.000000	89.000000	2.460536
410	46.673930	2.953443	0.000000	89.000000	2.419549
411	46.666068	2.941367	0.000000	89.000000	2.437044
412	46.682388	2.977215	0.000000	89.000000	2.471745
413	46.695346	2.963071	0.000000	89.000000	2.428404
414	46.692345	2.989923	0.000000	89.000000	2.412943
415	46.682227	2.959527	0.000000	89.000000	2.461120
416	46.674132	2.988034	0.074906	89.000000	2.440671
417	46.684831	2.969991	0.000000	89.000000	2.465957
418	46.682361	2.956215	0.000000	89.000000	2.434754
419	46.683344	2.984380	0.000000	89.000000	2.425696
420	46.672994	2.964530	0.000000	89.000000	2.472667
421	46.683121	2.995010	0.000000	89.000000	2.443974
422	46.682379	2.986565	0.000000	89.000000	2.471347
423	46.667969	3.041253	0.000000	89.000000	2.423248
424	46.676695	3.006026	0.000000	89.000000	2.432533
425	46.684682	2.910829	0.000000	89.000000	2.465444
426	46.694261	2.920317	0.000000	89.000000	2.443887
427	46.675283	2.954134	0.000000	89.000000	2.480537
428	46.670860	2.965255	0.000000	89.000000	2.421372
429	46.674687	2.904723	0.000000	89.000000	2.420996
430	46.677470	2.933762	0.000000	89.000000	2.460320
431	46.678805	2.960775	0.000000	89.000000	2.430579
432	46.679032	2.927167	0.000000	89.000000	2.406505
433	46.686327	2.983694	0.000000	89.000000	2.441002
434	46.691698	2.930709	0.000000	89.000000	2.465770
435	46.689346	2.965032	0.000000	89.000000	2.428214
436	46.681392	3.025343	0.000000	89.000000	2.441246
437	46.674907	3.006193	0.000000	89.000000	2.429964
438	46.674371	2.979701	0.000000	89.000000	2.433236
439	46.680295	2.984627	0.000000	89.000000	2.422933
440	46.671712	2.935701	0.000000	89.000000	2.418089
441	46.687645	2.931028	0.000000	89.000000	2.454511
442	46.679351	2.956035	0.000000	89.000000	2.432029
443	46.677664	2.997789	0.000000	89.000000	2.422229
444	46.677607	2.968061	0.000000	89.000000	2.405268
445	46.672949	2.941019	0.000000	89.000000	2.456732
446	46.681094	3.000260	0.000000	89.000000	2.435179
447	46.676177	3.046598	0.000000	89.000000	2.407024
448	46.675718	3.018105	0.000000	89.000000	2.439101
449	46.687409	2.995458	0.000000	89.000000	2.449712
450	46.678215	3.011050	0.000000	89.000000	2.428544
451	46.685383	2.968973	0.000000	89.000000	2.401895
452	46.679351	2.849458	0.000000	89.000000	2.449758
453	46.684107	2.952511	0.000000	89.000000	2.465425
454	46.676543	2.990736	0.000000	89.000000	2.427378
455	46.682602	2.968513	0.000000	89.000000	2.449492
456	46.691567	2.923537	0.000000	89.000000	2.451554
457	46.693593	3.013003	0.000000	89.000000	2.428499
458	46.678263	3.030107	0.000000	89.000000	2.464924
459	46.679926	3.035524	0.000000	89.000000	2.427847
460	46.675521	3.008980	0.000000	89.000000	2.433635
461	46.692634	2.996331	0.000000	89.000000	2.457492
462	46.684226	2.904446	0.000000	89.000000	2.439522
463	46.700969	2.831107	0.000000	89.000000	2.461185
464	46.701407	2.855243	0.000000	89.000000	2.435102
465	46.681583	2.879289	0.000000	89.000000	2.427629
466	46.675849	2.947488	0.000000	89.000000	2.457796
467	46.686971	2.935943	0.000000	89.000000	2.444043
468	46.693480	2.952557	0.000000	89.000000	2.436196
469	46.689206	2.955182	0.000000	89.000000	2.449741
470	46.681005	3.005710	0.000000	89.000000	2.423519
471	46.678731	2.970308	0.000000	89.000000	2.435552
472	46.683395	3.013850	0.000000	89.000000	2.467890
473	46.674716	2.974591	0.000000	89.000000	2.408628
474	46.680939	2.945874	0.000000	89.000000	2.448584
475	46.679610	2.918267	0.000000	89.000000	2.472070
476	46.678632	2.891528	0.000000	89.000000	2.446038
477	46.679384	2.888437	0.000000	89.000000	2.454718
478	46.665800	2.997627	0.000000	89.000000	2.415703
479	46.674722	2.937940	0.000000	89.000000	2.442779
480	46.681103	2.849067	0.000000	89.000000	2.475992
481	46.682733	2.888127	0.000000	89.000000	2.463338
482	46.673271	2.939237	0.000000	89.000000	2.449854
483	46.679115	3.048490	0.000000	89.000000	2.470467
484	46.682999	2.976866	0.000000	89.000000	2.471411
485	46.693045	2.997205	0.000000	89.000000	2.455634
486	46.704227	3.059585	0.000000	89.000000	2.458858
487	46.694705	3.018479	0.000000	89.000000	2.475550
488	46.699733	3.062375	0.000000	89.000000	2.482483
489	46.706164	3.090117	0.000000	89.000000	2.436995
490	46.683598	3.082088	0.000000	89.000000	2.469882
491	46.686357	3.043315	0.000000	89.000000	2.443313
492	46.686479	3.040678	0.000000	89.000000	2.489103
493	46.688694	3.060064	0.000000	89.000000	2.479865
494	46.680421	3.006672	0.000000	89.000000	2.487149
495	46.666217	2.980449	0.000000	89.000000	2.488348
496	46.674538	3.023192	0.000000	89.000000	2.492786
497	46.678752	3.015444	0.000000	89.000000	2.515951
498	46.681321	3.049687	0.000000	89.000000	2.481991
499	46.692973	3.022989	0.000000	89.000000	2.488082
500	46.679670	2.992277	0.000000	89.000000	2.472308
501	46.675125	2.980337	0.000000	89.000000	2.470999
502	46.689057	2.981710	0.000000	89.000000	2.503183
503	46.679288	2.992518	0.000000	89.000000	2.486358
504	46.674639	2.965933	0.000000	89.000000	2.472077
505	46.680039	3.005503	0.000000	89.000000	2.479496
506	46.681452	3.024556	0.000000	89.000000	2.492562
507	46.684515	3.075375	0.000000	89.000000	2.477574
508	46.691358	3.034328	0.000000	89.000000	2.524773
509	46.680143	3.019941	0.000000	89.000000	2.519541
510	46.683729	2.975689	0.000000	89.000000	2.516107
511	46.680868	2.979698	0.000000	89.000000	2.503757
512	46.680903	3.024722	0.000000	89.000000	2.527571
513	46.687120	3.004857	0.000000	89.000000	2.499591
514	46.683836	3.003653	0.000000	89.000000	2.520587
515	46.697986	2.937570	0.000000	89.000000	2.518683
516	46.690524	2.913566	0.000000	89.000000	2.514804
517	46.686158	2.954193	0.000000	89.000000	2.521482
518	46.681321	2.900704	0.000000	89.000000	2.524047
519	46.685776	2.914468	0.000000	89.000000	2.509764
520	46.676639	2.918292	0.000000	89.000000	2.514904
521	46.676749	2.926125	0.000000	89.000000	2.513952
522	46.682248	2.981368	0.000000	89.000000	2.508630
523	46.684787	2.987590	0.000000	89.000000	2.508590
524	46.677399	2.967885	0.000000	89.000000	2.505826
525	46.676499	3.034817	0.000000	89.000000	2.507936
526	46.679765	3.107097	0.000000	89.000000	2.512068
527	46.668890	3.049014	0.000000	89.000000	2.507018
528	46.670431	3.011968	0.000000	89.000000	2.513303
529	46.680954	3.048002	0.000000	89.000000	2.515971
530	46.683699	3.067037	0.000000	89.000000	2.521190
531	46.686068	3.036339	0.000000	89.000000	2.521292
532	46.686935	3.014840	0.000000	89.000000	2.518141
533	46.695822	2.998618	0.000000	89.000000	2.517662
534	46.685386	3.014671	0.000000	89.000000	2.517869
535	46.666241	2.936188	0.000000	89.000000	2.508095
536	46.669501	3.022923	0.000000	89.000000	2.509665
537	46.664682	3.022111	0.000000	89.000000	2.501949
538	46.660551	2.959276	0.000000	89.000000	2.514843
539	46.671093	2.951445	0.000000	89.000000	2.506413
540	46.679896	2.968114	0.000000	89.000000	2.507675
541	46.858710	2.992073	0.000000	89.000000	2.501886
542	46.906269	3.029834	0.000000	89.000000	2.507562
543	46.920857	3.000615	0.000000	89.000000	2.500171
544	46.936977	2.995617	0.000000	89.000000	2.511490
545	46.942061	2.980238	0.000000	89.000000	2.509183
546	46.950412	2.917048	0.000000	89.000000	2.510243
547	46.964264	2.982871	0.000000	89.000000	2.504558
548	46.968496	2.957611	0.000000	89.000000	2.493467
549	46.971583	2.931593	0.000000	89.000000	2.497927
550	46.974033	2.906550	0.000000	89.000000	2.524799
551	46.964145	2.819605	0.000000	89.000000	2.504927
552	46.966290	2.866360	0.000000	89.000000	2.506981
553	46.968621	2.850736	0.000000	89.000000	2.501079
554	46.970940	2.887952	0.000000	89.000000	2.485749
555	46.966916	2.873626	0.000000	89.000000	2.452922
556	46.976769	2.956531	0.000000	89.000000	2.476942
557	46.982217	2.842317	0.000000	89.000000	2.490571
558	46.987620	2.935190	0.000000	89.000000	2.492265
559	46.988165	2.950302	0.000000	89.000000	2.493467
560	46.982688	2.996718	0.000000	89.000000	2.470027
561	46.977985	2.980162	0.000000	89.000000	2.480940
562	46.979386	2.974925	0.000000	89.000000	2.502120
563	46.973681	3.002763	0.000000	89.000000	2.484971
564	46.981674	2.920606	0.000000	89.000000	2.490607
565	46.997809	2.912870	0.000000	89.000000	2.469772
566	46.986872	2.957910	0.000000	89.000000	2.497430
567	46.984249	2.908704	0.000000	89.000000	2.498159
568	46.988839	2.916522	0.000000	89.000000	2.497445
569	46.991208	2.890270	0.000000	89.000000	2.487706
570	46.986586	2.879244	0.000000	89.000000	2.449134
571	46.990091	2.847240	0.000000	89.000000	2.500326
572	46.980453	2.854636	0.000000	89.000000	2.492810
573	46.986347	2.864543	0.000000	89.000000	2.489774
574	46.977645	2.796533	0.000000	89.000000	2.430211
575	46.977657	2.833926	0.000000	89.000000	2.495142
576	46.976131	2.853092	0.000000	89.000000	2.493616
577	46.982345	2.866717	0.000000	89.000000	2.497208
578	46.994418	2.816368	0.000000	89.000000	2.505972
579	46.991760	2.829619	0.000000	89.000000	2.510789
580	46.991891	2.820622	0.000000	89.000000	2.438172
581	46.989208	2.809585	0.000000	89.000000	2.490812
582	46.993813	2.850356	0.000000	89.000000	2.475869
583	46.996096	2.837292	0.000000	89.000000	2.468623
584	46.988440	2.783076	0.000000	89.000000	2.489592
585	46.986738	2.844171	0.000000	89.000000	2.479934
586	46.991313	2.869203	0.000000	89.000000	2.440249
587	46.976861	2.758682	0.000000	89.000000	2.463872
588	46.982998	2.788455	0.000000	89.000000	2.466231
589	46.982318	2.774530	0.000000	89.000000	2.467126
590	46.993852	2.780133	0.000000	89.000000	2.452454
591	46.991807	2.804549	0.000000	89.000000	2.478960
592	46.996987	2.817203	0.000000	89.000000	2.469867
593	46.987796	2.833714	0.000000	89.000000	2.451431
594	47.001308	2.737782	0.000000	89.000000	2.488357
595	46.996319	2.851320	0.000000	89.000000	2.455634
596	46.993494	2.851616	0.000000	89.000000	2.465649
597	46.982324	2.848940	0.000000	89.000000	2.487005
598	46.993506	2.843956	0.000000	89.000000	2.471267
599	47.002757	2.901261	0.000000	89.000000	2.472053
600	47.006437	2.833565	0.000000	89.000000	2.489119
601	46.999967	2.897580	0.000000	89.000000	2.476428
602	47.004560	2.930260	0.000000	89.000000	2.444299
603	47.000298	2.908506	0.000000	89.000000	2.462847
604	46.992439	2.962156	0.000000	89.000000	2.458446
605	46.990761	2.924569	0.000000	89.000000	2.472361
606	46.994001	2.922130	0.000000	89.000000	2.479597
607	46.993315	2.944724	0.000000	89.000000	2.467337
608	46.992546	2.839739	0.000000	89.000000	2.493680
609	47.000742	2.833551	0.000000	89.000000	2.495750
610	46.986943	2.812412	0.000000	89.000000	2.455218
611	46.992964	2.853327	0.000000	89.000000	2.459991
612	46.995747	2.832482	0.000000	89.000000	2.479465
613	47.002435	2.829237	0.000000	89.000000	2.443882
614	47.005922	2.908282	0.000000	89.000000	2.489794
615	47.016042	2.836493	0.000000	89.000000	2.462261
616	47.006160	2.805762	0.000000	89.000000	2.481239
617	47.006083	2.870173	0.000000	89.000000	2.482063
618	47.001845	2.879365	0.000000	89.000000	2.467822
619	47.002655	2.794774	0.000000	89.000000	2.454755
620	46.986076	2.864137	0.000000	89.000000	2.484276
621	46.993312	2.887867	0.000000	89.000000	2.462479
622	47.001109	2.899095	0.000000	89.000000	2.452402
623	46.992618	2.902023	0.000000	89.000000	2.447349
624	46.997708	2.898967	0.000000	89.000000	2.480443
625	46.996218	2.886005	0.000000	89.000000	2.484771
626	46.992499	2.853250	0.000000	89.000000	2.440083
627	46.991742	2.866853	0.000000	89.000000	2.475015
628	46.994880	2.906119	0.000000	89.000000	2.448880
629	47.002506	2.851891	0.000000	89.000000	2.471900
630	47.001991	2.808743	0.000000	89.000000	2.446962
631	47.012800	2.906092	0.000000	89.000000	2.480766
632	47.008494	2.883780	0.000000	89.000000	2.481959
633	47.004139	2.871598	0.000000	89.000000	2.439250
634	47.006178	2.866741	0.000000	89.000000	2.474906
635	47.007731	2.876945	0.000000	89.000000	2.441954
636	47.005385	2.885199	0.000000	89.000000	2.469985
637	47.011310	2.906592	0.000000	89.000000	2.461549
638	47.002876	2.874517	0.000000	89.000000	2.476290
639	46.996909	2.914668	0.000000	89.000000	2.494020
640	46.999690	2.809163	0.000000	89.000000	2.446797
641	47.008237	2.907474	0.000000	89.000000	2.466204
642	47.008178	2.935165	0.000000	89.000000	2.466888
643	47.009256	2.858359	0.000000	89.000000	2.440624
644	47.010130	2.821164	0.000000	89.000000	2.467545
645	47.001925	2.874608	0.000000	89.000000	2.480075
646	46.997407	2.837331	0.000000	89.000000	2.488237
647	46.998560	2.823279	0.000000	89.000000	2.514674
648	47.000170	2.813003	0.000000	89.000000	2.499624
649	47.000122	2.821193	0.000000	89.000000	2.485532
650	47.015226	2.878570	0.000000	89.000000	2.453407
651	47.011358	2.803556	0.000000	89.000000	2.467490
652	47.014678	2.839836	0.000000	89.000000	2.431713
653	47.020084	2.815839	0.000000	89.000000	2.472317
654	47.012267	2.917881	0.000000	89.000000	2.474098
655	47.014123	2.863946	0.000000	89.000000	2.493222
656	47.011292	2.858217	0.000000	89.000000	2.468620
657	47.021270	2.874702	0.000000	89.000000	2.495429
658	47.027200	2.848499	0.000000	89.000000	2.475835
659	47.015983	2.861007	0.000000	89.000000	2.472223
660	47.002453	2.895476	0.000000	89.000000	2.492405
661	47.007924	2.860341	0.000000	89.000000	2.483400
662	47.015184	2.899712	0.000000	89.000000	2.453267
663	47.028458	2.871818	0.000000	89.000000	2.469404
664	47.032151	2.836315	0.000000	89.000000	2.431872
665	47.021911	2.798041	0.000000	89.000000	2.480865
666	47.017419	2.844609	0.000000	89.000000	2.504610
667	47.022843	2.803438	0.000000	89.000000	2.496256
668	47.029823	2.801606	0.000000	89.000000	2.482925
669	47.018653	2.764671	0.000000	89.000000	2.504470
670	47.018176	2.791088	0.000000	89.000000	2.476446
671	47.006106	2.857834	0.000000	89.000000	2.491070
672	47.017550	2.777563	0.000000	89.000000	2.514430
673	47.006103	2.824204	0.000000	89.000000	2.510235
674	47.018027	2.831399	0.000000	89.000000	2.532238
675	47.021246	2.840663	0.000000	89.000000	2.535774
676	47.026023	2.913837	0.000000	89.000000	2.508674
677	47.017711	2.827307	0.000000	89.000000	2.502638
678	47.021252	2.865062	0.000000	89.000000	2.508287
679	47.017673	2.906812	0.000000	89.000000	2.508488
680	47.008693	2.864590	0.000000	89.000000	2.521574
681	47.002399	2.800768	0.000000	89.000000	2.492789
682	47.007722	2.886742	0.000000	89.000000	2.534408
683	47.008038	2.925698	0.000000	89.000000	2.507418
684	47.003746	2.948916	0.000000	89.000000	2.509976
685	47.015566	2.924310	0.000000	89.000000	2.504973
686	47.021332	2.952344	0.000000	89.000000	2.507173
687	47.013146	2.859880	0.000000	89.000000	2.513857
688	47.004324	2.954760	0.000000	89.000000	2.514868
689	47.012198	2.940481	0.000000	89.000000	2.523288
690	47.004926	2.931542	0.000000	89.000000	2.496685
691	47.018939	2.952799	0.000000	89.000000	2.512252
692	47.029868	2.975759	0.000000	89.000000	2.521284
693	47.008967	3.030831	0.000000	89.000000	2.529047
694	47.015572	2.982994	0.000000	89.000000	2.512833
695	47.018170	2.921232	0.000000	89.000000	2.514260
696	47.021455	2.939313	0.000000	89.000000	2.525220
697	47.021443	2.861164	0.000000	89.000000	2.516173
698	47.015044	2.844360	0.000000	89.000000	2.501789
699	47.010463	2.914274	0.000000	89.000000	2.509110
700	47.006774	2.983835	0.000000	89.000000	2.515403
701	47.006941	2.958326	0.000000	89.000000	2.501674
702	47.008216	2.970857	0.000000	89.000000	2.506093
703	47.023237	2.962340	0.000000	89.000000	2.507982
704	47.023484	2.996583	0.000000	89.000000	2.510267
705	47.027841	2.920959	0.000000	89.000000	2.506199
706	47.027957	2.899703	0.000000	89.000000	2.510160
707	47.031701	2.939560	0.000000	89.000000	2.519440
708	47.025117	2.890168	0.000000	89.000000	2.509168
709	47.016317	2.910956	0.000000	89.000000	2.491381
710	47.018477	2.872503	0.000000	89.000000	2.526557
711	47.018346	2.885230	0.000000	89.000000	2.527527
712	47.018206	2.890731	0.000000	89.000000	2.509896
713	47.021809	2.824658	0.000000	89.000000	2.518312
714	47.011340	2.863935	0.000000	89.000000	2.494711
715	47.016656	2.832697	0.000000	89.000000	2.519039
716	47.181296	2.855110	0.000000	89.000000	2.523078
717	47.208071	2.854736	0.000000	89.000000	2.522676
718	47.225094	2.841712	0.000000	89.000000	2.501771
719	47.233272	2.810351	0.000000	89.000000	2.506564
720	47.242367	2.829802	0.000000	89.000000	2.506800
721	47.242796	2.909906	0.000000	89.000000	2.509464
722	47.245827	2.900489	0.000000	89.000000	2.515574
723	47.247553	2.856318	0.000000	89.000000	2.502151
724	47.251460	2.855102	0.000000	89.000000	2.512467
725	47.249508	2.837814	0.000000	89.000000	2.507558
726	47.250038	2.825535	0.000000	89.000000	2.517247
727	47.252074	2.834742	0.000000	89.000000	2.512764
728	47.260895	2.834974	0.000000	89.000000	2.492354
729	47.263843	2.829780	0.000000	89.000000	2.520483
730	47.256944	2.846213	0.000000	89.000000	2.537230
731	47.271019	2.889097	0.000000	89.000000	2.507820
732	47.263348	2.865578	0.000000	89.000000	2.504520
733	47.259250	2.892556	0.000000	89.000000	2.522154
734	47.267485	2.907877	0.000000	89.000000	2.512248
735	47.271550	2.888244	0.000000	89.000000	2.520817
736	47.265691	2.888166	0.000000	89.000000	2.512818
737	47.273129	2.908164	0.000000	89.000000	2.510178
738	47.266757	2.908683	0.000000	89.000000	2.506643
739	47.266564	2.909100	0.000000	89.000000	2.508211
740	47.266069	2.948096	0.000000	89.000000	2.510539
741	47.264719	2.924444	0.000000	89.000000	2.505590
742	47.265381	2.916470	0.000000	89.000000	2.494832
743	47.264630	2.946596	0.000000	89.000000	2.519029
744	47.267395	2.931930	0.000000	89.000000	2.507081
745	47.262621	2.894079	0.000000	89.000000	2.503326
746	47.264504	2.896422	0.000000	89.000000	2.508867
747	47.262755	2.845713	0.000000	89.000000	2.514336
748	47.261965	2.872521	0.000000	89.000000	2.506341
749	47.268438	2.887818	0.000000	89.000000	2.518046
750	47.269899	2.866579	0.000000	89.000000	2.492252
751	47.264665	2.849738	0.000000	89.000000	2.505362
752	47.270593	2.879754	0.000000	89.000000	2.498381
753	47.270864	2.906790	0.000000	89.000000	2.520788
754	47.263280	2.905928	0.000000	89.000000	2.536088
755	47.265649	2.859483	0.000000	89.000000	2.516929
756	47.269082	2.896834	0.000000	89.000000	2.527598
757	47.268644	2.958305	0.000000	89.000000	2.524755
758	47.269851	2.939442	0.000000	89.000000	2.515466
759	47.266099	2.928339	0.000000	89.000000	2.500036
760	47.267705	2.893694	0.000000	89.000000	2.498356
761	47.265732	2.977834	0.000000	89.000000	2.474895
762	47.270960	2.978777	0.000000	89.000000	2.509654
763	47.271883	2.945049	0.000000	89.000000	2.518068
764	47.265458	2.946118	0.000000	89.000000	2.531360
765	47.274667	2.960859	0.000000	89.000000	2.507191
766	47.268134	2.942906	0.000000	89.000000	2.503623
767	47.264704	2.962619	0.000000	89.000000	2.506483
768	47.268158	2.917427	0.000000	89.000000	2.516738
769	47.271889	2.939599	0.000000	89.000000	2.508299
770	47.271276	2.934126	0.000000	89.000000	2.512784
771	47.270465	2.921454	0.000000	89.000000	2.520349
772	47.268361	2.891839	0.000000	89.000000	2.515309
773	47.264087	2.930585	0.000000	89.000000	2.492184
774	47.266209	2.903993	0.000000	89.000000	2.501483
775	47.267729	2.922309	0.000000	89.000000	2.528031
776	47.269964	2.907143	0.000000	89.000000	2.523144
777	47.267720	2.913070	0.000000	89.000000	2.525073
778	47.267824	2.949496	0.000000	89.000000	2.507193
779	47.266719	2.955510	0.000000	89.000000	2.448545
780	47.276565	2.963950	0.000000	89.000000	2.487832
781	47.272360	2.957300	0.000000	89.000000	2.489025
782	47.272962	2.958760	0.000000	89.000000	2.501981
783	47.277954	2.911621	0.000000	89.000000	2.505264
784	47.274724	2.953921	0.000000	89.000000	2.489227
785	47.274601	2.932374	0.000000	89.000000	2.486345
786	47.280246	2.949075	0.000000	89.000000	2.489931
787	47.277609	2.927822	0.000000	89.000000	2.507521
788	47.280169	2.951077	0.000000	89.000000	2.519519
789	47.282657	2.954466	0.000000	89.000000	2.490470
790	47.283763	2.932351	0.000000	89.000000	2.504962
791	47.282532	2.927193	0.000000	89.000000	2.507135
792	47.277451	2.954649	0.000000	89.000000	2.506149
793	47.281027	2.933679	0.000000	89.000000	2.475159
794	47.283131	2.996652	0.000000	89.000000	2.497970
795	47.278118	2.987614	0.000000	89.000000	2.494421
796	47.287023	2.962117	0.000000	89.000000	2.488581
797	47.277361	2.938117	0.000000	89.000000	2.479270
798	47.274894	2.967396	0.000000	89.000000	2.500133
799	47.276771	2.959044	0.000000	89.000000	2.494093
800	47.275656	2.977669	0.000000	89.000000	2.511532
801	47.276360	2.945792	0.000000	89.000000	2.514511
802	47.281113	2.991784	0.000000	89.000000	2.500525
803	47.279257	2.985796	0.000000	89.000000	2.517542
804	47.281003	3.001241	0.000000	89.000000	2.513454
805	47.278100	3.001835	0.000000	89.000000	2.528732
806	47.274935	3.006392	0.000000	89.000000	2.515414
807	47.276795	2.996289	0.000000	89.000000	2.484118
808	47.281212	3.057778	0.000000	89.000000	2.472714
809	47.272068	3.060115	0.000000	89.000000	2.491971
810	47.275230	3.023415	0.000000	89.000000	2.502539
811	47.276032	3.018559	0.000000	89.000000	2.498896
812	47.281173	3.000127	0.000000	89.000000	2.491195
813	47.283101	2.982562	0.000000	89.000000	2.510727
814	47.277111	2.961402	0.000000	89.000000	2.463204
815	47.275394	2.975609	0.000000	89.000000	2.490320
816	47.277221	2.997233	0.000000	89.000000	2.509048
817	47.281063	2.978203	0.000000	89.000000	2.520535
818	47.274864	3.006074	0.000000	89.000000	2.508327
819	47.278970	2.997799	0.000000	89.000000	2.503464
820	47.281137	2.971836	0.000000	89.000000	2.474507
821	47.273129	2.990917	0.000000	89.000000	2.487141
822	47.272032	3.019058	0.000000	89.000000	2.480866
823	47.276878	3.006609	0.000000	89.000000	2.475176
824	47.278744	2.988222	0.000000	89.000000	2.501215
825	47.277251	3.008462	0.000000	89.000000	2.507871
826	47.287756	3.004075	0.000000	89.000000	2.498883
827	47.280252	3.006150	0.000000	89.000000	2.497688
828	47.281748	2.980523	0.000000	89.000000	2.520201
829	47.279990	2.972321	0.000000	89.000000	2.509346
830	47.282678	2.964518	0.000000	89.000000	2.516189
831	47.280478	2.957996	0.000000	89.000000	2.496873
832	47.275966	2.984316	0.000000	89.000000	2.520119
833	47.273389	2.991169	0.000000	89.000000	2.493797
834	47.271398	3.008359	0.000000	89.000000	2.489559
835	47.274584	2.991590	0.000000	89.000000	2.495074
836	47.275651	3.048367	0.000000	89.000000	2.475149
837	47.281718	3.009827	0.000000	89.000000	2.465725
838	47.280681	3.004299	0.000000	89.000000	2.498800
839	47.283021	2.998163	0.000000	89.000000	2.491932
840	47.277814	2.999202	0.000000	89.000000	2.462889
841	47.277290	2.976917	0.000000	89.000000	2.457095
842	47.275373	3.010283	0.000000	89.000000	2.460017
843	47.278672	2.993870	0.000000	89.000000	2.466455
844	47.277153	3.039564	0.000000	89.000000	2.484713
845	47.279465	3.015406	0.000000	89.000000	2.476228
846	47.280669	3.004344	0.000000	89.000000	2.473629
847	47.281379	3.024650	0.000000	89.000000	2.484858
848	47.282356	3.003707	0.000000	89.000000	2.491508
849	47.285092	3.033622	0.000000	89.000000	2.459435
850	47.275627	3.005505	0.000000	89.000000	2.461431
851	47.280675	2.976682	0.000000	89.000000	2.482832
852	47.282061	3.002042	0.000000	89.000000	2.522571
853	47.282547	3.001179	0.000000	89.000000	2.518265
854	47.278035	3.019131	0.000000	89.000000	2.492680
855	47.279704	3.024896	0.000000	89.000000	2.438534
856	47.284207	2.994472	0.000000	89.000000	2.487552
857	47.288746	2.988718	0.000000	89.000000	2.477414
858	47.279632	3.026268	0.000000	89.000000	2.467957
859	47.276568	2.990074	0.000000	89.000000	2.498827
860	47.277570	2.976511	0.000000	89.000000	2.496405
861	47.280055	2.989540	0.000000	89.000000	2.479466
862	47.287232	3.007327	0.000000	89.000000	2.467611
863	47.276250	2.966351	0.000000	89.000000	2.470177
864	47.273013	2.969061	0.000000	89.000000	2.487129
865	47.275692	2.956849	0.000000	89.000000	2.435854
866	47.274721	2.956648	0.000000	89.000000	2.488060
867	47.279963	2.937127	0.000000	89.000000	2.505548
868	47.282052	3.007960	0.000000	89.000000	2.506444
869	47.279143	3.027517	0.000000	89.000000	2.478496
870	47.278973	3.012255	0.000000	89.000000	2.494013
871	47.283226	3.004117	0.000000	89.000000	2.488773
872	47.282630	2.993012	0.000000	89.000000	2.480527
873	47.281963	2.987286	0.000000	89.000000	2.473737
874	47.280926	3.022878	0.000000	89.000000	2.483502
875	47.289932	2.985440	0.000000	89.000000	2.474261
876	47.284189	3.000026	0.000000	89.000000	2.485936
877	47.287643	3.001113	0.000000	89.000000	2.511119
878	47.289670	3.002831	0.000000	89.000000	2.518343
879	47.286084	3.007404	0.000000	89.000000	2.497634
880	47.281903	2.999369	0.000000	89.000000	2.515134
881	47.282425	3.010192	0.000000	89.000000	2.494733
882	47.291455	3.014499	0.000000	89.000000	2.489987
883	47.291005	2.997845	0.000000	89.000000	2.497074
884	47.294620	3.028365	0.000000	89.000000	2.478067
885	47.282168	3.027790	0.000000	89.000000	2.463203
886	47.286266	2.991100	0.000000	89.000000	2.487354
887	47.283152	3.017600	0.000000	89.000000	2.469050
888	47.285321	3.056582	0.000000	89.000000	2.454279
889	47.282606	3.045654	0.000000	89.000000	2.472428
890	47.281229	3.028207	0.000000	89.000000	2.480037
891	47.277504	3.018267	0.000000	89.000000	2.471356
892	47.278881	3.041549	0.000000	89.000000	2.487583
893	47.276396	3.030477	0.000000	89.000000	2.500542
894	47.280279	3.067073	0.000000	89.000000	2.484493
895	47.276229	3.060139	0.000000	89.000000	2.468036
896	47.273600	3.028676	0.000000	89.000000	2.490543
897	47.282046	3.066494	0.000000	89.000000	2.506686
898	47.282568	3.008984	0.000000	89.000000	2.502942
899	47.280899	3.013751	0.000000	89.000000	2.511539
900	47.285104	3.023756	0.000000	89.000000	2.497161
901	47.279388	2.989548	0.000000	89.000000	2.515417
902	47.285688	3.023531	0.000000	89.000000	2.509828
903	47.277057	3.002853	0.000000	89.000000	2.481485
904	47.281659	3.070400	0.000000	89.000000	2.482427
905	47.283000	3.008437	0.000000	89.000000	2.463707
906	47.272187	3.043623	0.000000	89.000000	2.486127
907	47.280797	3.004917	0.000000	89.000000	2.478939
908	47.279000	3.035658	0.000000	89.000000	2.462283
909	47.271001	3.008847	0.000000	89.000000	2.466342
910	47.269946	3.028855	0.000000	89.000000	2.457559
911	47.268808	2.990140	0.000000	89.000000	2.472345
912	47.273189	3.007213	0.000000	89.000000	2.489080
913	47.274119	2.996364	0.000000	89.000000	2.489769
914	47.275394	3.029660	0.000000	89.000000	2.474428
915	47.272336	3.023063	0.000000	89.000000	2.479120
916	47.268170	2.994606	0.000000	89.000000	2.504468
917	47.272360	3.026298	0.000000	89.000000	2.507128
918	47.274721	3.005686	0.000000	89.000000	2.498319
919	47.277278	3.046918	0.000000	89.000000	2.500286
920	47.279024	3.042015	0.000000	89.000000	2.522063
921	47.281393	3.018761	0.000000	89.000000	2.513989
922	47.278184	3.079628	0.000000	89.000000	2.490156
923	47.276008	3.013929	0.000000	89.000000	2.489486
924	47.279575	3.047499	0.000000	89.000000	2.450192
925	47.273970	2.997315	0.000000	89.000000	2.489357
926	47.278374	2.964594	0.000000	89.000000	2.496620
927	47.272778	3.003131	0.000000	89.000000	2.456373
928	47.273919	2.999582	0.000000	89.000000	2.451321
929	47.274870	3.031006	0.000000	89.000000	2.491473
930	47.276324	3.045855	0.000000	89.000000	2.500382
931	47.272348	3.067869	0.000000	89.000000	2.503080
932	47.269946	3.042493	0.000000	89.000000	2.502023
933	47.273976	3.058621	0.000000	89.000000	2.505147
934	47.282583	3.069310	0.000000	89.000000	2.494441
935	47.274709	3.079609	0.000000	89.000000	2.257693
936	47.311985	3.039626	0.000000	89.000000	2.306324
937	47.314477	3.034716	0.000000	89.000000	2.292228
938	47.315535	3.036899	0.000000	89.000000	2.273249
939	47.315621	3.033341	0.000000	89.000000	2.248428
940	47.315466	3.030636	0.000000	89.000000	2.292048
941	47.315490	3.031064	0.000000	89.000000	2.303743
942	47.315559	3.030475	0.000000	89.000000	2.334050
943	47.315457	3.031747	0.000000	89.000000	2.286248
944	47.315609	3.031608	0.000000	89.000000	2.285904
945	47.315663	3.031577	0.000000	89.000000	2.247176
946	47.315690	3.031318	0.000000	89.000000	2.305135
947	47.315741	3.031236	0.000000	89.000000	2.307458
948	47.315758	3.031247	0.000000	89.000000	2.305028
949	47.315812	3.031126	0.000000	89.000000	2.279107
950	47.315827	3.031121	0.000000	89.000000	2.273938
951	47.315803	3.031115	0.000000	89.000000	2.247469
952	47.315845	3.031011	0.000000	89.000000	2.298152
953	47.315854	3.031143	0.000000	89.000000	2.292767
954	47.315776	3.031164	0.000000	89.000000	2.314063
955	47.315788	3.031228	0.000000	89.000000	2.309998
956	47.315788	3.031228	0.000000	89.000000	2.238815
957	47.315788	3.031228	0.000000	89.000000	2.275534
958	47.315788	3.031228	0.000000	89.000000	2.283654
959	47.315788	3.031228	0.000000	89.000000	2.241110
960	47.315788	3.031228	0.000000	89.000000	2.295438
961	47.315788	3.031228	0.000000	89.000000	2.298027
962	47.315788	3.031228	0.000000	89.000000	2.303850
963	47.315788	3.031228	0.000000	89.000000	2.309792
964	47.315788	3.031228	0.000000	89.000000	2.248276
965	47.315788	3.031228	0.000000	89.000000	2.268878
966	47.315788	3.031228	0.000000	89.000000	2.289343
967	47.315788	3.031228	0.000000	89.000000	2.274594
968	47.315788	3.031228	0.000000	89.000000	2.282721
969	47.315788	3.031228	0.000000	89.000000	2.288292
970	47.315788	3.031228	0.000000	89.000000	2.305073
971	47.315788	3.031228	0.000000	89.000000	2.286444
972	47.315788	3.031228	0.000000	89.000000	2.244835
973	47.315788	3.031228	0.000000	89.000000	2.273800
974	47.315788	3.031228	0.000000	89.000000	2.275963
975	47.315788	3.031228	0.000000	89.000000	2.242753
976	47.315788	3.031228	0.000000	89.000000	2.298502
977	47.315788	3.031228	0.000000	89.000000	2.298272
978	47.315788	3.031228	0.000000	89.000000	2.337130
979	47.315788	3.031228	0.000000	89.000000	2.281333
980	47.315788	3.031228	0.000000	89.000000	2.275330
981	47.315788	3.031228	0.000000	89.000000	2.241997
982	47.315788	3.031228	0.000000	89.000000	2.269288
983	47.315788	3.031228	0.000000	89.000000	2.250525
984	47.315788	3.031228	0.000000	89.000000	2.299535
985	47.315788	3.031228	0.000000	89.000000	2.293275
986	47.315788	3.031228	0.000000	89.000000	2.310284
987	47.315788	3.031228	0.000000	89.000000	2.307029
988	47.315788	3.031228	0.000000	89.000000	2.275671
989	47.315788	3.031228	0.000000	89.000000	2.246109
990	47.315788	3.031228	0.000000	89.000000	2.266001
991	47.315788	3.031228	0.000000	89.000000	2.245974
992	47.315788	3.031228	0.000000	89.000000	2.298892
993	47.315788	3.031228	0.000000	89.000000	2.293347
994	47.315788	3.031228	0.000000	89.000000	2.333695
995	47.315788	3.031228	0.000000	89.000000	2.246029
996	47.315788	3.031228	0.000000	89.000000	2.304210
997	47.315788	3.031228	0.000000	89.000000	2.259830
998	47.315788	3.031228	0.000000	89.000000	2.276782
999	47.315788	3.031228	0.000000	89.000000	2.245270
