1	27.063930	2.353943	0.000000	89.000000	2.382971
2	32.593536	3.790314	0.000000	89.000000	2.428336
3	37.183022	4.004744	0.000000	89.000000	2.395036
4	39.946029	3.674856	0.000000	89.000000	2.403455
5	41.492444	3.381746	0.000000	89.000000	2.411784
6	42.484695	3.129128	0.000000	89.000000	2.394713
7	43.117356	2.765660	0.000000	89.000000	2.412967
8	43.574458	2.687815	0.000000	89.000000	2.405407
9	43.903065	2.544510	0.000000	89.000000	2.401915
10	44.180638	2.600416	0.000000	89.000000	2.424890
11	44.377524	2.625149	0.000000	89.000000	2.401695
12	44.541013	2.557713	0.000000	89.000000	2.390574
13	44.698414	2.466732	0.000000	89.000000	2.421736
14	44.828171	2.456555	0.000000	89.000000	2.404063
15	44.900078	2.452726	0.000000	89.000000	2.408308
16	44.953868	2.463792	0.000000	89.000000	2.420227
17	45.018753	2.467645	0.000000	89.000000	2.399654
18	45.048958	2.544457	0.000000	89.000000	2.404236
19	45.122850	2.524445	0.000000	89.000000	2.415712
20	45.161304	2.551713	0.000000	89.000000	2.397222
21	45.198470	2.471529	0.000000	89.000000	2.427514
22	45.243585	2.553385	0.000000	89.000000	2.410135
23	45.282617	2.683554	0.000000	89.000000	2.418703
24	45.307159	2.669775	0.000000	89.000000	2.457757
25	45.369518	2.653962	0.000000	89.000000	2.433003
26	45.414287	2.642634	0.000000	89.000000	2.406555
27	45.466191	2.685009	0.000000	89.000000	2.401206
28	45.502418	2.786449	0.000000	89.000000	2.413260
29	45.541489	2.857400	0.000000	89.000000	2.399549
30	45.567077	2.844968	0.000000	89.000000	2.425314
31	45.603088	2.875948	0.000000	89.000000	2.465208
32	45.646501	2.893786	0.000000	89.000000	2.428830
33	45.663935	2.938747	0.000000	89.000000	2.392286
34	45.703676	2.933656	0.000000	89.000000	2.422385
35	45.731616	3.015880	0.000000	89.000000	2.414397
36	45.751667	3.005122	0.000000	89.000000	2.426198
37	45.765176	3.063455	0.000000	89.000000	2.456087
38	45.798609	3.042920	0.000000	89.000000	2.433240
39	45.812732	2.923538	0.000000	89.000000	2.436321
40	45.818728	2.899616	0.000000	89.000000	2.426124
41	45.826215	2.889061	0.000000	89.000000	2.439815
42	45.854938	2.940241	0.000000	89.000000	2.428621
43	45.869654	3.065358	0.000000	89.000000	2.403280
44	45.894265	3.090064	0.000000	89.000000	2.437631
45	45.894903	2.988384	0.000000	89.000000	2.463751
46	45.919621	2.893174	0.000000	89.000000	2.424967
47	45.942867	2.870700	0.000000	89.000000	2.402658
48	45.962095	2.905996	0.000000	89.000000	2.437082
49	45.988286	2.951324	0.000000	89.000000	2.462332
50	45.976084	2.926433	0.000000	89.000000	2.422539
51	46.001327	2.886440	0.000000	89.000000	2.447982
52	46.020126	2.950243	0.000000	89.000000	2.449936
53	46.028903	2.882128	0.000000	89.000000	2.442480
54	46.030784	2.916035	0.000000	89.000000	2.469177
55	46.040601	2.900530	0.000000	89.000000	2.418725
56	46.042359	2.811686	0.000000	89.000000	2.406722
57	46.048227	2.809015	0.000000	89.000000	2.462559
58	46.060935	2.875902	0.000000	89.000000	2.440228
59	46.072698	2.886159	0.000000	89.000000	2.416109
60	46.077833	2.860288	0.000000	89.000000	2.439157
61	46.077213	2.854322	0.000000	89.000000	2.451440
62	46.057880	2.861925	0.000000	89.000000	2.434696
63	46.092549	2.837201	0.000000	89.000000	2.409510
64	46.097386	2.874253	0.000000	89.000000	2.469734
65	46.084279	2.857335	0.000000	89.000000	2.446872
66	46.093941	2.889718	0.000000	89.000000	2.483911
67	46.088088	2.871232	0.000000	89.000000	2.432150
68	46.086001	2.911548	0.000000	89.000000	2.448720
69	46.087793	2.921357	0.000000	89.000000	2.429657
70	46.089965	2.822270	0.000000	89.000000	2.440356
71	46.098393	2.844649	0.000000	89.000000	2.475745
72	46.103197	2.885483	0.000000	89.000000	2.425977
73	46.112144	2.863310	0.000000	89.000000	2.453492
74	46.130925	2.878577	0.000000	89.000000	2.453844
75	46.122324	2.887403	0.000000	89.000000	2.457545
76	46.121007	2.921166	0.000000	89.000000	2.463752
77	46.132854	2.880446	0.000000	89.000000	2.480963
78	46.103460	2.798205	0.000000	89.000000	2.426795
79	46.100628	2.889833	0.000000	89.000000	2.460297
80	46.097627	2.989434	0.000000	89.000000	2.448680
81	46.098515	2.931169	0.000000	89.000000	2.477853
82	46.120164	2.983658	0.000000	89.000000	2.438268
83	46.109736	2.937413	0.000000	89.000000	2.473466
84	46.112168	2.814053	0.000000	89.000000	2.435146
85	46.122915	2.840396	0.000000	89.000000	2.450695
86	46.128744	2.813085	0.000000	89.000000	2.460088
87	46.113437	2.835426	0.000000	89.000000	2.460656
88	46.123374	2.822085	0.000000	89.000000	2.460384
89	46.136919	2.777021	0.000000	89.000000	2.494658
90	46.140611	2.775595	0.000000	89.000000	2.435269
91	46.147162	2.753910	0.000000	89.000000	2.437856
92	46.151111	2.801374	0.000000	89.000000	2.445147
93	46.136522	2.771292	0.000000	89.000000	2.470921
94	46.145180	2.788463	0.000000	89.000000	2.454687
95	46.149147	2.686814	0.000000	89.000000	2.487842
96	46.158385	2.659462	0.000000	89.000000	2.430130
97	46.130121	2.687075	0.000000	89.000000	2.450865
98	46.142262	2.701883	0.000000	89.000000	2.447900
99	46.162832	2.720791	0.000000	89.000000	2.449336
100	46.175864	2.731942	0.000000	89.000000	2.463038
101	46.167105	2.737405	0.000000	89.000000	2.423309
102	46.164328	2.734225	0.000000	89.000000	2.463556
103	46.182245	2.773265	0.000000	89.000000	2.426026
104	46.189559	2.749153	0.000000	89.000000	2.437316
105	46.171683	2.707822	0.000000	89.000000	2.470874
106	46.173048	2.705523	0.000000	89.000000	2.416102
107	46.176213	2.612968	0.000000	89.000000	2.457592
108	46.174598	2.690764	0.000000	89.000000	2.479491
109	46.182299	2.655033	0.000000	89.000000	2.462224
110	46.179014	2.713339	0.000000	89.000000	2.432809
111	46.179053	2.656890	0.000000	89.000000	2.420747
112	46.182105	2.606603	0.000000	89.000000	2.465041
113	46.172655	2.654082	0.000000	89.000000	2.452665
114	46.162027	2.797615	0.000000	89.000000	2.480585
115	46.178573	2.718029	0.000000	89.000000	2.474484
116	46.205398	2.651432	0.000000	89.000000	2.444427
117	46.205854	2.664631	0.000000	89.000000	2.417640
118	46.204463	2.606770	0.000000	89.000000	2.468715
119	46.201763	2.588486	0.000000	89.000000	2.438558
120	46.204260	2.619476	0.000000	89.000000	2.491659
121	46.191248	2.614901	0.000000	89.000000	2.449185
122	46.214524	2.698927	0.000000	89.000000	2.460217
123	46.205825	2.691538	0.000000	89.000000	2.461358
124	46.217316	2.755520	0.000000	89.000000	2.445507
125	46.196163	2.763919	0.000000	89.000000	2.443259
126	46.208200	2.724350	0.000000	89.000000	2.485213
127	46.200931	2.675013	0.000000	89.000000	2.479686
128	46.209404	2.722680	0.000000	89.000000	2.441010
129	46.223423	2.688144	0.000000	89.000000	2.463239
130	46.235061	2.752569	0.000000	89.000000	2.443449
131	46.232629	2.712321	0.000000	89.000000	2.473148
132	46.238875	2.633564	0.000000	89.000000	2.441601
133	46.221656	2.622732	0.000000	89.000000	2.485472
134	46.234781	2.619428	0.000000	89.000000	2.428844
135	46.239799	2.609845	0.000000	89.000000	2.470356
136	46.250033	2.725248	0.000000	89.000000	2.435879
137	46.226144	2.732701	0.000000	89.000000	2.486870
138	46.231818	2.743627	0.000000	89.000000	2.448624
139	46.242774	2.624090	0.000000	89.000000	2.486225
140	46.230179	2.535892	0.000000	89.000000	2.479568
141	46.241236	2.543593	0.000000	89.000000	2.436439
142	46.255562	2.480493	0.000000	89.000000	2.469686
143	46.274304	2.572606	0.000000	89.000000	2.437560
144	46.262869	2.601608	0.000000	89.000000	2.485112
145	46.269745	2.561468	0.000000	89.000000	2.433010
146	46.256235	2.558804	0.000000	89.000000	2.490583
147	46.256495	2.513259	0.000000	89.000000	2.439331
148	46.254560	2.494811	0.000000	89.000000	2.450934
149	46.276081	2.540106	0.000000	89.000000	2.437948
150	46.272463	2.495014	0.000000	89.000000	2.484732
151	46.262586	2.646079	0.000000	89.000000	2.455769
152	46.264455	2.499937	0.000000	89.000000	2.484306
153	46.262956	2.608320	0.000000	89.000000	2.481059
154	46.262744	2.587844	0.000000	89.000000	2.438029
155	46.243396	2.514601	0.000000	89.000000	2.450554
156	46.254277	2.620997	0.000000	89.000000	2.461520
157	46.253297	2.634052	0.000000	89.000000	2.486060
158	46.248746	2.584763	0.000000	89.000000	2.461683
159	46.262485	2.563255	0.000000	89.000000	2.472627
160	46.270841	2.533731	0.000000	89.000000	2.489832
161	46.261984	2.523384	0.000000	89.000000	2.436201
162	46.246672	2.538261	0.000000	89.000000	2.462360
163	46.250194	2.605990	0.000000	89.000000	2.436928
164	46.245930	2.647358	0.000000	89.000000	2.479849
165	46.244219	2.622873	0.000000	89.000000	2.460544
166	46.255630	2.591296	0.000000	89.000000	2.478381
167	46.264523	2.534790	0.000000	89.000000	2.500869
168	46.266708	2.604195	0.000000	89.000000	2.472458
169	46.264398	2.522855	0.000000	89.000000	2.440749
170	46.253633	2.546677	0.000000	89.000000	2.470911
171	46.265361	2.572757	0.000000	89.000000	2.458862
172	46.277028	2.583999	0.000000	89.000000	2.472879
173	46.259159	2.507159	0.000000	89.000000	2.461891
174	46.266413	2.532302	0.000000	89.000000	2.477261
175	46.279240	2.588345	0.000000	89.000000	2.488286
176	46.277109	2.589580	0.000000	89.000000	2.460723
177	46.277112	2.520332	0.000000	89.000000	2.460799
178	46.263880	2.503127	0.000000	89.000000	2.477948
179	46.259362	2.636963	0.000000	89.000000	2.441219
180	46.252173	2.665625	0.000000	89.000000	2.478001
181	46.263808	2.581139	0.000000	89.000000	2.455027
182	46.267447	2.524659	0.000000	89.000000	2.479386
183	46.258855	2.535542	0.000000	89.000000	2.491714
184	46.259755	2.473116	0.000000	89.000000	2.448110
185	46.245790	2.401455	0.000000	89.000000	2.469825
186	46.252197	2.469000	0.000000	89.000000	2.480019
187	46.260634	2.459116	0.000000	89.000000	2.434571
188	46.249169	2.415644	0.000000	89.000000	2.455908
189	46.265492	2.405164	0.000000	89.000000	2.476107
190	46.258360	2.398317	0.000000	89.000000	2.497427
191	46.250272	2.540945	0.000000	89.000000	2.505278
192	46.264037	2.466080	0.000000	89.000000	2.488259
193	46.261537	2.430678	0.000000	89.000000	2.442445
194	46.271494	2.336024	0.000000	89.000000	2.477860
195	46.276140	2.317466	0.000000	89.000000	2.413136
196	46.264470	2.425072	0.000000	89.000000	2.484306
197	46.275473	2.484207	0.000000	89.000000	2.463641
198	46.264499	2.460381	0.000000	89.000000	2.489614
199	46.264055	2.515044	0.000000	89.000000	2.491284
200	46.264827	2.483233	0.000000	89.000000	2.476444
201	46.262646	2.410305	0.000000	89.000000	2.449435
202	46.266240	2.470798	0.000000	89.000000	2.464393
203	46.260452	2.449757	0.000000	89.000000	2.427228
204	46.245837	2.476897	0.000000	89.000000	2.451932
205	46.252999	2.458174	0.000000	89.000000	2.483255
206	46.237785	2.452818	0.000000	89.000000	2.503199
207	46.232128	2.415263	0.000000	89.000000	2.470076
208	46.233380	2.401477	0.000000	89.000000	2.445836
209	46.221220	2.382387	0.000000	89.000000	2.490701
210	46.227151	2.362512	0.000000	89.000000	2.442313
211	46.236011	2.329794	0.000000	89.000000	2.460514
212	46.238273	2.341625	0.000000	89.000000	2.469731
213	46.231458	2.427692	0.000000	89.000000	2.480814
214	46.237314	2.493365	0.000000	89.000000	2.466579
215	46.232089	2.453898	0.000000	89.000000	2.448369
216	46.255243	2.479554	0.000000	89.000000	2.478060
217	46.253273	2.499306	0.000000	89.000000	2.424742
218	46.245658	2.441365	0.000000	89.000000	2.472686
219	46.245682	2.570585	0.000000	89.000000	2.452548
220	46.238002	2.553607	0.000000	89.000000	2.487132
221	46.258330	2.521405	0.000000	89.000000	2.472107
222	46.271622	2.492925	0.000000	89.000000	2.447819
223	46.264154	2.449721	0.000000	89.000000	2.490754
224	46.277824	2.433637	0.000000	89.000000	2.439761
225	46.287882	2.433536	0.000000	89.000000	2.461384
226	46.292371	2.479217	0.000000	89.000000	2.477222
227	46.293682	2.451428	0.000000	89.000000	2.483057
228	46.281737	2.455183	0.000000	89.000000	2.462642
229	46.296161	2.497152	0.000000	89.000000	2.465146
230	46.286029	2.453077	0.000000	89.000000	2.460885
231	46.270144	2.520877	0.000000	89.000000	2.437574
232	46.268862	2.453746	0.000000	89.000000	2.458721
233	46.290863	2.485571	0.000000	89.000000	2.456888
234	46.291870	2.559538	0.000000	89.000000	2.483669
235	46.289599	2.545922	0.000000	89.000000	2.469855
236	46.296549	2.464383	0.000000	89.000000	2.451878
237	46.291122	2.409182	0.000000	89.000000	2.481465
238	46.306157	2.509752	0.000000	89.000000	2.446735
239	46.296456	2.478090	0.000000	89.000000	2.454845
240	46.302202	2.493955	0.000000	89.000000	2.477476
241	46.320888	2.450599	0.000000	89.000000	2.480903
242	46.320313	2.490928	0.000000	89.000000	2.463385
243	46.317092	2.449785	0.000000	89.000000	2.468145
244	46.329445	2.569117	0.000000	89.000000	2.457758
245	46.301585	2.495975	0.000000	89.000000	2.463096
246	46.333644	2.453573	0.000000	89.000000	2.435215
247	46.329048	2.388526	0.000000	89.000000	2.461943
248	46.306282	2.512649	0.000000	89.000000	2.483848
249	46.295407	2.541241	0.000000	89.000000	2.466471
250	46.304545	2.464324	0.000000	89.000000	2.442975
251	46.314496	2.527856	0.000000	89.000000	2.478278
252	46.308574	2.483091	0.000000	89.000000	2.426803
253	46.309769	2.595137	0.000000	89.000000	2.487742
254	46.322495	2.609220	0.000000	89.000000	2.486284
255	46.332136	2.437678	0.000000	89.000000	2.459912
256	46.312681	2.389867	0.000000	89.000000	2.462389
257	46.310019	2.411655	0.000000	89.000000	2.451581
258	46.326542	2.412254	0.000000	89.000000	2.475004
259	46.321756	2.373991	0.000000	89.000000	2.427403
260	46.312940	2.339155	0.000000	89.000000	2.475606
261	46.332055	2.341093	0.000000	89.000000	2.477297
262	46.327910	2.238137	0.000000	89.000000	2.456026
263	46.323168	2.355996	0.000000	89.000000	2.481181
264	46.327341	2.363413	0.000000	89.000000	2.453877
265	46.337241	2.301177	0.000000	89.000000	2.477331
266	46.327642	2.430210	0.000000	89.000000	2.451440
267	46.323764	2.388165	0.000000	89.000000	2.447552
268	46.335101	2.311017	0.000000	89.000000	2.482480
269	46.348935	2.309646	0.000000	89.000000	2.439386
270	46.345031	2.367121	0.000000	89.000000	2.478842
271	46.347326	2.403368	0.000000	89.000000	2.452131
272	46.344936	2.423187	0.000000	89.000000	2.482754
273	46.357554	2.471775	0.000000	89.000000	2.429335
274	46.346647	2.399098	0.000000	89.000000	2.473802
275	46.340102	2.415466	0.000000	89.000000	2.476683
276	46.332020	2.438474	0.074906	89.000000	2.456715
277	46.350044	2.554143	0.000000	89.000000	2.479057
278	46.346462	2.481789	0.000000	89.000000	2.448697
279	46.324319	2.520350	0.000000	89.000000	2.499682
280	46.338695	2.506519	0.000000	89.000000	2.463137
281	46.355933	2.520499	0.000000	89.000000	2.439070
282	46.353090	2.581818	0.000000	89.000000	2.476425
283	46.376193	2.559772	0.000000	89.000000	2.445369
284	46.347168	2.498843	0.000000	89.000000	2.484435
285	46.343887	2.467191	0.000000	89.000000	2.451017
286	46.342987	2.556315	0.000000	89.000000	2.477965
287	46.340460	2.586134	0.000000	89.000000	2.432278
288	46.353954	2.447179	0.000000	89.000000	2.467576
289	46.356332	2.406976	0.000000	89.000000	2.462458
290	46.359533	2.492898	0.000000	89.000000	2.462408
291	46.355164	2.441729	0.000000	89.000000	2.474878
292	46.381444	2.444750	0.000000	89.000000	2.452213
293	46.364236	2.393694	0.000000	89.000000	2.482801
294	46.368521	2.422019	0.000000	89.000000	2.430982
295	46.363640	2.523949	0.000000	89.000000	2.469942
296	46.361363	2.521568	0.000000	89.000000	2.478606
297	46.371600	2.587648	0.000000	89.000000	2.447779
298	46.359676	2.475125	0.000000	89.000000	2.469803
299	46.345556	2.516435	0.000000	89.000000	2.453345
300	46.347481	2.560591	0.000000	89.000000	2.423550
301	46.365356	2.614511	0.000000	89.000000	2.478294
302	46.355492	2.490968	0.000000	89.000000	2.462279
303	46.337724	2.471174	0.000000	89.000000	2.483843
304	46.344212	2.359646	0.000000	89.000000	2.466755
305	46.356434	2.408256	0.000000	89.000000	2.442488
306	46.361262	2.456461	0.000000	89.000000	2.486784
307	46.363074	2.401733	0.000000	89.000000	2.438471
308	46.347502	2.444123	0.000000	89.000000	2.461349
309	46.361262	2.367451	0.000000	89.000000	2.468918
310	46.369416	2.372337	0.000000	89.000000	2.482018
311	46.359766	2.409056	0.000000	89.000000	2.463430
312	46.364087	2.428072	0.000000	89.000000	2.446210
313	46.360388	2.437674	0.000000	89.000000	2.476643
314	46.349025	2.509864	0.000000	89.000000	2.416281
315	46.348125	2.507423	0.000000	89.000000	2.472671
316	46.340188	2.588297	0.000000	89.000000	2.465485
317	46.353325	2.569836	0.000000	89.000000	2.481435
318	46.349370	2.570429	0.000000	89.000000	2.477384
319	46.336213	2.590943	0.000000	89.000000	2.439083
320	46.334076	2.484394	0.000000	89.000000	2.450895
321	46.344036	2.531269	0.000000	89.000000	2.440275
322	46.346015	2.464616	0.000000	89.000000	2.450427
323	46.353471	2.442424	0.000000	89.000000	2.487344
324	46.344450	2.486179	0.000000	89.000000	2.488739
325	46.344760	2.451388	0.000000	89.000000	2.473480
326	46.367174	2.414072	0.000000	89.000000	2.445087
327	46.341428	2.447587	0.000000	89.000000	2.423912
328	46.365035	2.450506	0.000000	89.000000	2.467937
329	46.348545	2.457272	0.000000	89.000000	2.459327
330	46.359980	2.550200	0.000000	89.000000	2.488552
331	46.342778	2.476927	0.000000	89.000000	2.498061
332	46.353477	2.430584	0.000000	89.000000	2.476974
333	46.350443	2.445486	0.000000	89.000000	2.444485
334	46.353620	2.427530	0.000000	89.000000	2.464210
335	46.373034	2.443604	0.000000	89.000000	2.423159
336	46.365696	2.383774	0.000000	89.000000	2.448766
337	46.354961	2.325075	0.000000	89.000000	2.478407
338	46.366280	2.373205	0.000000	89.000000	2.489460
339	46.362305	2.483388	0.000000	89.000000	2.439288
340	46.365052	2.415180	0.000000	89.000000	2.478571
341	46.377748	2.477121	0.000000	89.000000	2.417244
342	46.348169	2.422258	0.000000	89.000000	2.463865
343	46.347764	2.472464	0.000000	89.000000	2.469116
344	46.552539	2.452432	0.000000	89.000000	2.484591
345	46.608645	2.464805	0.000000	89.000000	2.490868
346	46.634883	2.506132	0.000000	89.000000	2.444643
347	46.652377	2.334842	0.000000	89.000000	2.474617
348	46.662265	2.411495	0.000000	89.000000	2.413386
349	46.689290	2.478842	0.000000	89.000000	2.468856
350	46.700686	2.501190	0.000000	89.000000	2.475705
351	46.698123	2.447898	0.000000	89.000000	2.481141
352	46.699682	2.461235	0.000000	89.000000	2.499265
353	46.694905	2.417580	0.000000	89.000000	2.460952
354	46.692419	2.478693	0.000000	89.000000	2.451140
355	46.709752	2.430813	0.000000	89.000000	2.421189
356	46.707404	2.436664	0.000000	89.000000	2.473483
357	46.712622	2.466964	0.000000	89.000000	2.468077
358	46.710062	2.468722	0.000000	89.000000	2.482834
359	46.712983	2.489949	0.000000	89.000000	2.489759
360	46.707091	2.461618	0.000000	89.000000	2.472484
361	46.717563	2.496573	0.000000	89.000000	2.447920
362	46.719727	2.411663	0.000000	89.000000	2.453223
363	46.721023	2.410429	0.000000	89.000000	2.434556
364	46.727815	2.323052	0.000000	89.000000	2.460617
365	46.721363	2.315643	0.000000	89.000000	2.485045
366	46.720070	2.341787	0.000000	89.000000	2.488020
367	46.722326	2.434031	0.000000	89.000000	2.476506
368	46.726343	2.400500	0.000000	89.000000	2.452456
369	46.730924	2.420950	0.000000	89.000000	2.472160
370	46.734214	2.397118	0.000000	89.000000	2.428025
371	46.725187	2.303985	0.000000	89.000000	2.473543
372	46.731681	2.330733	0.000000	89.000000	2.481431
373	46.718520	2.218308	0.000000	89.000000	2.478220
374	46.722278	2.313753	0.000000	89.000000	2.474114
375	46.726570	2.334831	0.000000	89.000000	2.444073
376	46.725339	2.318441	0.000000	89.000000	2.485734
377	46.722639	2.291730	0.000000	89.000000	2.425822
378	46.737111	2.266697	0.000000	89.000000	2.469786
379	46.726289	2.282094	0.000000	89.000000	2.474820
380	46.740770	2.243652	0.000000	89.000000	2.477451
381	46.747673	2.255019	0.000000	89.000000	2.466355
382	46.742868	2.265721	0.000000	89.000000	2.437426
383	46.752229	2.246844	0.000000	89.000000	2.459454
384	46.754855	2.331493	0.000000	89.000000	2.439970
385	46.758395	2.295756	0.000000	89.000000	2.476995
386	46.747217	2.301899	0.000000	89.000000	2.476054
387	46.740758	2.251591	0.000000	89.000000	2.484983
388	46.738693	2.288874	0.000000	89.000000	2.470130
389	46.741873	2.256472	0.000000	89.000000	2.443505
390	46.753070	2.254243	0.000000	89.000000	2.479890
391	46.745598	2.294233	0.000000	89.000000	2.417163
392	46.744192	2.333193	0.000000	89.000000	2.457724
393	46.739477	2.259658	0.000000	89.000000	2.481205
394	46.753415	2.283471	0.000000	89.000000	2.459484
395	46.753252	2.350469	0.000000	89.000000	2.436162
396	46.757311	2.323951	0.000000	89.000000	2.452333
397	46.752840	2.221465	0.000000	89.000000	2.432138
398	46.767908	2.237827	0.000000	89.000000	2.462614
399	46.761954	2.303164	0.000000	89.000000	2.484169
400	46.756887	2.289238	0.000000	89.000000	2.488578
401	46.751511	2.280250	0.000000	89.000000	2.473092
402	46.744025	2.279753	0.000000	89.000000	2.442712
403	46.720964	2.293982	0.000000	89.000000	2.420796
404	46.738732	2.349915	0.000000	89.000000	2.468532
405	46.735501	2.232193	0.000000	89.000000	2.441103
406	46.734530	2.225504	0.000000	89.000000	2.489537
407	46.741581	2.234209	0.000000	89.000000	2.467959
408	46.734232	2.212858	0.000000	89.000000	2.455329
409	46.733770	2.216533	0.000000	89.000000	2.423085
410	46.727368	2.340137	0.000000	89.000000	2.462192
411	46.733159	2.460710	0.000000	89.000000	2.453854
412	46.731421	2.278715	0.000000	89.000000	2.482740
413	46.733177	2.399553	0.000000	89.000000	2.481570
414	46.738958	2.331889	0.000000	89.000000	2.441186
415	46.739215	2.360991	0.000000	89.000000	2.486182
416	46.737960	2.371597	0.000000	89.000000	2.417538
417	46.728814	2.370190	0.000000	89.000000	2.459313
418	46.739423	2.368020	0.000000	89.000000	2.474139
419	46.728909	2.336231	0.000000	89.000000	2.482687
420	46.743008	2.334295	0.000000	89.000000	2.482067
421	46.730193	2.322052	0.000000	89.000000	2.440639
422	46.729630	2.278743	0.000000	89.000000	2.477459
423	46.738553	2.328767	0.000000	89.000000	2.417151
424	46.744043	2.361467	0.000000	89.000000	2.453982
425	46.723914	2.338390	0.000000	89.000000	2.481976
426	46.736810	2.283999	0.000000	89.000000	2.482327
427	46.750268	2.359832	0.000000	89.000000	2.454358
428	46.746409	2.267929	0.000000	89.000000	2.463919
429	46.747595	2.250738	0.000000	89.000000	2.468916
430	46.737635	2.329495	0.000000	89.000000	2.439718
431	46.742907	2.319456	0.000000	89.000000	2.458748
432	46.738368	2.280607	0.000000	89.000000	2.477239
433	46.725363	2.352567	0.000000	89.000000	2.498630
434	46.735168	2.327440	0.000000	89.000000	2.493868
435	46.730942	2.257119	0.000000	89.000000	2.466579
436	46.735913	2.245953	0.000000	89.000000	2.449531
437	46.742201	2.197300	0.000000	89.000000	2.412256
438	46.747369	2.240528	0.000000	89.000000	2.479275
439	46.747479	2.265933	0.000000	89.000000	2.442493
440	46.752828	2.269535	0.000000	89.000000	2.489743
441	46.749026	2.260636	0.000000	89.000000	2.455572
442	46.754885	2.277985	0.000000	89.000000	2.457232
443	46.759629	2.191265	0.000000	89.000000	2.472422
444	46.750647	2.280941	0.000000	89.000000	2.437145
445	46.748143	2.277682	0.000000	89.000000	2.456477
446	46.738368	2.231451	0.000000	89.000000	2.476540
447	46.746171	2.280401	0.000000	89.000000	2.489847
448	46.736526	2.282157	0.000000	89.000000	2.457564
449	46.754280	2.276073	0.000000	89.000000	2.456190
450	46.911678	2.242912	0.000000	89.000000	2.475347
451	46.975258	2.308451	0.000000	89.000000	2.429703
452	46.993452	2.395067	0.000000	89.000000	2.458615
453	47.019213	2.377298	0.000000	89.000000	2.476621
454	47.028345	2.376315	0.000000	89.000000	2.478921
455	47.035360	2.308313	0.000000	89.000000	2.447640
456	47.047108	2.288727	0.000000	89.000000	2.467396
457	47.049516	2.355765	0.000000	89.000000	2.461105
458	47.053686	2.355058	0.000000	89.000000	2.450351
459	47.056404	2.354853	0.000000	89.000000	2.453470
460	47.069684	2.364178	0.000000	89.000000	2.481611
461	47.062153	2.334650	0.000000	89.000000	2.491178
462	47.070032	2.303928	0.000000	89.000000	2.466219
463	47.075632	2.361385	0.000000	89.000000	2.459360
464	47.079974	2.374386	0.000000	89.000000	2.484866
465	47.074917	2.388653	0.000000	89.000000	2.420140
466	47.093284	2.406618	0.000000	89.000000	2.470800
467	47.085536	2.378459	0.000000	89.000000	2.478885
468	47.077668	2.363725	0.000000	89.000000	2.486700
469	47.094890	2.388889	0.000000	89.000000	2.502135
470	47.086415	2.382231	0.000000	89.000000	2.489372
471	47.084773	2.457277	0.000000	89.000000	2.460727
472	47.101143	2.469028	0.000000	89.000000	2.456564
473	47.100008	2.377438	0.000000	89.000000	2.426487
474	47.090229	2.409390	0.000000	89.000000	2.482396
475	47.091281	2.456016	0.000000	89.000000	2.470604
476	47.089815	2.432653	0.000000	89.000000	2.483975
477	47.091931	2.437256	0.000000	89.000000	2.489609
478	47.089177	2.403626	0.000000	89.000000	2.469606
479	47.102574	2.412475	0.000000	89.000000	2.447412
480	47.100899	2.395350	0.000000	89.000000	2.471528
481	47.104543	2.413801	0.000000	89.000000	2.417316
482	47.105199	2.407275	0.000000	89.000000	2.461506
483	47.097284	2.393547	0.000000	89.000000	2.485197
484	47.092199	2.441689	0.000000	89.000000	2.484903
485	47.089684	2.398321	0.000000	89.000000	2.470240
486	47.087204	2.439765	0.000000	89.000000	2.437450
487	47.101951	2.438169	0.000000	89.000000	2.431450
488	47.098297	2.398263	0.000000	89.000000	2.459126
489	47.102353	2.333013	0.000000	89.000000	2.448254
490	47.104713	2.324023	0.000000	89.000000	2.485482
491	47.108400	2.321537	0.000000	89.000000	2.492787
492	47.087997	2.345067	0.000000	89.000000	2.441997
493	47.096568	2.352030	0.000000	89.000000	2.474256
494	47.099844	2.374549	0.000000	89.000000	2.417406
495	47.101939	2.413085	0.000000	89.000000	2.475129
496	47.103637	2.390620	0.000000	89.000000	2.459524
497	47.097322	2.443648	0.000000	89.000000	2.483943
498	47.114491	2.444363	0.000000	89.000000	2.496330
499	47.109449	2.469416	0.000000	89.000000	2.464487
500	47.110075	2.462582	0.000000	89.000000	2.454985
501	47.104037	2.457140	0.000000	89.000000	2.435812
502	47.110319	2.409093	0.000000	89.000000	2.458384
503	47.125775	2.506456	0.000000	89.000000	2.451399
504	47.109479	2.508153	0.000000	89.000000	2.488979
505	47.104907	2.577239	0.000000	89.000000	2.489853
506	47.102457	2.514405	0.000000	89.000000	2.465212
507	47.123599	2.504746	0.000000	89.000000	2.455790
508	47.127640	2.456583	0.000000	89.000000	2.429031
509	47.116548	2.450626	0.000000	89.000000	2.474528
510	47.116321	2.448566	0.000000	89.000000	2.466289
511	47.112805	2.433297	0.000000	89.000000	2.481612
512	47.113681	2.430750	0.000000	89.000000	2.486637
513	47.118127	2.390678	0.000000	89.000000	2.475922
514	47.117406	2.353918	0.000000	89.000000	2.448053
515	47.113049	2.401717	0.000000	89.000000	2.473774
516	47.110665	2.457724	0.000000	89.000000	2.426690
517	47.111547	2.458940	0.000000	89.000000	2.471687
518	47.120202	2.433591	0.000000	89.000000	2.476543
519	47.117645	2.465352	0.000000	89.000000	2.479526
520	47.130746	2.520689	0.000000	89.000000	2.469077
521	47.122699	2.527710	0.000000	89.000000	2.442070
522	47.108573	2.492553	0.000000	89.000000	2.459700
523	47.108856	2.507680	0.000000	89.000000	2.438284
524	47.117120	2.579371	0.000000	89.000000	2.481041
525	47.110006	2.538801	0.000000	89.000000	2.457615
526	47.104591	2.572776	0.000000	89.000000	2.484201
527	47.117215	2.580803	0.000000	89.000000	2.466325
528	47.120342	2.553389	0.000000	89.000000	2.451529
529	47.121775	2.542624	0.000000	89.000000	2.429003
530	47.120869	2.541639	0.000000	89.000000	2.465492
531	47.115833	2.529850	0.000000	89.000000	2.457340
532	47.114509	2.545812	0.000000	89.000000	2.491090
533	47.117132	2.565383	0.000000	89.000000	2.488552
534	47.113311	2.644990	0.000000	89.000000	2.490694
535	47.124308	2.567078	0.000000	89.000000	2.443337
536	47.123078	2.611479	0.000000	89.000000	2.478905
537	47.124046	2.601442	0.000000	89.000000	2.420800
538	47.134009	2.620614	0.000000	89.000000	2.480652
539	47.134376	2.656938	0.000000	89.000000	2.471828
540	47.125548	2.719847	0.000000	89.000000	2.483089
541	47.116756	2.665218	0.000000	89.000000	2.462689
542	47.129303	2.621460	0.000000	89.000000	2.449341
543	47.131535	2.627406	0.000000	89.000000	2.477805
544	47.135186	2.640499	0.000000	89.000000	2.421966
545	47.130644	2.572222	0.000000	89.000000	2.470378
546	47.131586	2.537155	0.000000	89.000000	2.470124
547	47.131276	2.568006	0.000000	89.000000	2.457952
548	47.132647	2.527420	0.000000	89.000000	2.443242
549	47.140884	2.558640	0.000000	89.000000	2.467036
550	47.134206	2.661357	0.000000	89.000000	2.417890
551	47.144020	2.551343	0.000000	89.000000	2.469670
552	47.147158	2.592973	0.000000	89.000000	2.471344
553	47.141248	2.586164	0.000000	89.000000	2.485685
554	47.135988	2.618186	0.000000	89.000000	2.470284
555	47.139329	2.601080	0.000000	89.000000	2.443577
556	47.135472	2.618074	0.000000	89.000000	2.440781
557	47.129819	2.538523	0.000000	89.000000	2.456352
558	47.145420	2.535104	0.000000	89.000000	2.478752
559	47.137979	2.569993	0.000000	89.000000	2.457317
560	47.133386	2.556685	0.000000	89.000000	2.489441
561	47.143126	2.555525	0.000000	89.000000	2.465237
562	47.140801	2.542414	0.000000	89.000000	2.449978
563	47.146255	2.563853	0.000000	89.000000	2.421682
564	47.140133	2.550139	0.000000	89.000000	2.469415
565	47.137275	2.552574	0.000000	89.000000	2.444281
566	47.138375	2.547358	0.000000	89.000000	2.488426
567	47.132808	2.532234	0.000000	89.000000	2.486706
568	47.139221	2.637868	0.000000	89.000000	2.443970
569	47.127622	2.605328	0.000000	89.000000	2.473367
570	47.122377	2.559864	0.000000	89.000000	2.418239
571	47.117549	2.621531	0.000000	89.000000	2.459711
572	47.136039	2.600343	0.000000	89.000000	2.482026
573	47.138798	2.649443	0.000000	89.000000	2.479214
574	47.144282	2.632349	0.000000	89.000000	2.484571
575	47.140506	2.685566	0.000000	89.000000	2.436723
576	47.125030	2.652950	0.000000	89.000000	2.449766
577	47.130907	2.690757	0.000000	89.000000	2.443097
578	47.138149	2.661192	0.000000	89.000000	2.452409
579	47.134453	2.633999	0.000000	89.000000	2.477143
580	47.132283	2.607438	0.000000	89.000000	2.481730
581	47.146320	2.630276	0.000000	89.000000	2.432789
582	47.147703	2.628006	0.000000	89.000000	2.477834
583	47.144315	2.678704	0.000000	89.000000	2.415209
584	47.147661	2.585493	0.000000	89.000000	2.436355
585	47.144482	2.540115	0.000000	89.000000	2.484218
586	47.136462	2.545844	0.000000	89.000000	2.428418
587	47.140211	2.626318	0.000000	89.000000	2.473539
588	47.133756	2.535741	0.000000	89.000000	2.440779
589	47.148067	2.604558	0.000000	89.000000	2.473404
590	47.161135	2.551265	0.000000	89.000000	2.437478
591	47.163093	2.565713	0.000000	89.000000	2.475371
592	47.167462	2.593787	0.000000	89.000000	2.431178
593	47.164065	2.690753	0.000000	89.000000	2.469928
594	47.153431	2.651072	0.000000	89.000000	2.442529
595	47.165081	2.682323	0.000000	89.000000	2.486770
596	47.158867	2.627227	0.000000	89.000000	2.464262
597	47.154617	2.665668	0.000000	89.000000	2.469898
598	47.148830	2.621874	0.000000	89.000000	2.480777
599	47.157559	2.694081	0.000000	89.000000	2.435143
600	47.145802	2.713554	0.000000	89.000000	2.454358
601	47.151208	2.707611	0.000000	89.000000	2.463172
602	47.156197	2.675503	0.000000	89.000000	2.472304
603	47.157499	2.672169	0.000000	89.000000	2.441245
604	47.153527	2.665946	0.000000	89.000000	2.489745
605	47.141120	2.607633	0.000000	89.000000	2.474569
606	47.149181	2.577356	0.000000	89.000000	2.442087
607	47.146130	2.624581	0.000000	89.000000	2.466836
608	47.149888	2.625239	0.000000	89.000000	2.452514
609	47.142255	2.589370	0.000000	89.000000	2.476347
610	47.141081	2.607472	0.000000	89.000000	2.446923
611	47.137839	2.635663	0.000000	89.000000	2.480104
612	47.144866	2.615111	0.000000	89.000000	2.446398
613	47.148007	2.672107	0.000000	89.000000	2.461755
614	47.150850	2.645568	0.000000	89.000000	2.458751
615	47.153944	2.645439	0.000000	89.000000	2.464191
616	47.142071	2.670220	0.000000	89.000000	2.484515
617	47.143379	2.623219	0.000000	89.000000	2.438625
618	47.148860	2.591375	0.000000	89.000000	2.484069
619	47.148466	2.667165	0.000000	89.000000	2.440479
620	47.143775	2.622087	0.000000	89.000000	2.463386
621	47.134012	2.655830	0.000000	89.000000	2.438958
622	47.132924	2.671101	0.000000	89.000000	2.479533
623	47.141057	2.642700	0.000000	89.000000	2.457623
624	47.156191	2.571550	0.000000	89.000000	2.470126
625	47.163129	2.600535	0.000000	89.000000	2.473194
626	47.154048	2.575225	0.000000	89.000000	2.439271
627	47.155744	2.637702	0.000000	89.000000	2.458943
628	47.144175	2.617587	0.000000	89.000000	2.463389
629	47.141743	2.655453	0.000000	89.000000	2.470003
630	47.161925	2.698247	0.000000	89.000000	2.451632
631	47.161573	2.690143	0.000000	89.000000	2.491934
632	47.155288	2.665152	0.000000	89.000000	2.472216
633	47.161818	2.617740	0.000000	89.000000	2.440129
634	47.157341	2.702165	0.000000	89.000000	2.465416
635	47.152340	2.612265	0.000000	89.000000	2.460386
636	47.155118	2.627155	0.000000	89.000000	2.475806
637	47.159043	2.669057	0.000000	89.000000	2.462999
638	47.147429	2.633897	0.000000	89.000000	2.472921
639	47.152495	2.640582	0.000000	89.000000	2.482981
640	47.147739	2.622328	0.000000	89.000000	2.434833
641	47.157037	2.573223	0.000000	89.000000	2.454663
642	47.160810	2.584492	0.000000	89.000000	2.470905
643	47.157675	2.598094	0.000000	89.000000	2.464777
644	47.328621	2.622430	0.000000	89.000000	2.463198
645	47.361597	2.656279	0.000000	89.000000	2.474792
646	47.383070	2.629923	0.000000	89.000000	2.476310
647	47.385022	2.633018	0.000000	89.000000	2.427902
648	47.397462	2.655547	0.000000	89.000000	2.456750
649	47.404158	2.666829	0.000000	89.000000	2.460144
650	47.408223	2.659450	0.000000	89.000000	2.475509
651	47.415751	2.663632	0.000000	89.000000	2.455739
652	47.417656	2.646056	0.000000	89.000000	2.480760
653	47.420001	2.633506	0.000000	89.000000	2.473715
654	47.420764	2.666120	0.000000	89.000000	2.439102
655	47.430271	2.697278	0.000000	89.000000	2.456733
656	47.434831	2.657442	0.000000	89.000000	2.458543
657	47.434437	2.632356	0.000000	89.000000	2.477632
658	47.442225	2.642288	0.000000	89.000000	2.445847
659	47.443038	2.704699	0.000000	89.000000	2.482375
660	47.444838	2.666793	0.000000	89.000000	2.433445
661	47.443777	2.649518	0.000000	89.000000	2.447832
662	47.438735	2.643491	0.000000	89.000000	2.450310
663	47.446406	2.620010	0.000000	89.000000	2.476887
664	47.450292	2.642708	0.000000	89.000000	2.454301
665	47.446185	2.648988	0.000000	89.000000	2.484871
666	47.449598	2.624566	0.000000	89.000000	2.449678
667	47.443619	2.665305	0.000000	89.000000	2.451630
668	47.449440	2.666626	0.000000	89.000000	2.431996
669	47.450301	2.640316	0.000000	89.000000	2.468117
670	47.447526	2.709832	0.000000	89.000000	2.455091
671	47.446692	2.637769	0.000000	89.000000	2.476472
672	47.445506	2.637106	0.000000	89.000000	2.446466
673	47.447464	2.625371	0.000000	89.000000	2.455184
674	47.446430	2.635735	0.000000	89.000000	2.436220
675	47.450086	2.613021	0.000000	89.000000	2.468731
676	47.455415	2.665998	0.000000	89.000000	2.450167
677	47.459483	2.645454	0.000000	89.000000	2.475743
678	47.454423	2.668043	0.000000	89.000000	2.420060
679	47.451121	2.670290	0.000000	89.000000	2.459456
680	47.459006	2.672382	0.000000	89.000000	2.455263
681	47.457650	2.638996	0.000000	89.000000	2.474166
682	47.451031	2.656961	0.000000	89.000000	2.450727
683	47.449687	2.662907	0.000000	89.000000	2.475326
684	47.453243	2.654178	0.000000	89.000000	2.427315
685	47.459686	2.644157	0.000000	89.000000	2.474929
686	47.455430	2.663087	0.000000	89.000000	2.461855
687	47.459275	2.695623	0.000000	89.000000	2.464324
688	47.461087	2.677666	0.000000	89.000000	2.452320
689	47.464421	2.673655	0.000000	89.000000	2.474318
690	47.465327	2.674484	0.000000	89.000000	2.429868
691	47.462797	2.672690	0.000000	89.000000	2.476034
692	47.468221	2.674551	0.000000	89.000000	2.468627
693	47.471571	2.678715	0.000000	89.000000	2.478709
694	47.469768	2.660730	0.000000	89.000000	2.468920
695	47.473747	2.671282	0.000000	89.000000	2.449231
696	47.475356	2.654200	0.000000	89.000000	2.469728
697	47.475439	2.658919	0.000000	89.000000	2.427281
698	47.475129	2.638197	0.000000	89.000000	2.470387
699	47.468591	2.662002	0.000000	89.000000	2.473224
700	47.461909	2.634274	0.000000	89.000000	2.456950
701	47.467351	2.722918	0.000000	89.000000	2.469901
702	47.465795	2.683383	0.000000	89.000000	2.449994
703	47.471499	2.696201	0.000000	89.000000	2.439092
704	47.473770	2.635012	0.000000	89.000000	2.457262
705	47.471517	2.624757	0.000000	89.000000	2.486711
706	47.466093	2.671467	0.000000	89.000000	2.473329
707	47.464639	2.630983	0.000000	89.000000	2.456809
708	47.464946	2.666788	0.000000	89.000000	2.442345
709	47.462684	2.671312	0.000000	89.000000	2.476942
710	47.469375	2.685175	0.000000	89.000000	2.416189
711	47.465765	2.651775	0.000000	89.000000	2.472543
712	47.471386	2.652654	0.000000	89.000000	2.454229
713	47.465354	2.689986	0.000000	89.000000	2.490113
714	47.468251	2.625733	0.000000	89.000000	2.473094
715	47.468996	2.627391	0.000000	89.000000	2.447507
716	47.466880	2.642089	0.000000	89.000000	2.443462
717	47.472584	2.630728	0.000000	89.000000	2.449469
718	47.474784	2.634614	0.000000	89.000000	2.456522
719	47.474301	2.660279	0.000000	89.000000	2.484328
720	47.468546	2.675255	0.000000	89.000000	2.494809
721	47.465715	2.663592	0.000000	89.000000	2.472927
722	47.477174	2.669669	0.000000	89.000000	2.442582
723	47.475150	2.709347	0.000000	89.000000	2.458706
724	47.477043	2.650078	0.000000	89.000000	2.437188
725	47.473687	2.689371	0.000000	89.000000	2.467732
726	47.474942	2.671580	0.000000	89.000000	2.490344
727	47.474635	2.661370	0.000000	89.000000	2.480306
728	47.471771	2.642373	0.000000	89.000000	2.481929
729	47.473019	2.699480	0.000000	89.000000	2.450117
730	47.476593	2.687491	0.000000	89.000000	2.476293
731	47.479481	2.682151	0.000000	89.000000	2.426802
732	47.482598	2.692709	0.000000	89.000000	2.479506
733	47.477496	2.637663	0.000000	89.000000	2.474283
734	47.479635	2.656407	0.000000	89.000000	2.492696
735	47.481933	2.679879	0.000000	89.000000	2.453187
736	47.483248	2.736369	0.000000	89.000000	2.450793
737	47.474110	2.682718	0.000000	89.000000	2.465482
738	47.471485	2.645926	0.000000	89.000000	2.430362
739	47.470406	2.695063	0.000000	89.000000	2.465286
740	47.468144	2.684981	0.000000	89.000000	2.466719
741	47.470635	2.698987	0.000000	89.000000	2.486687
742	47.475100	2.719579	0.000000	89.000000	2.469773
743	47.473383	2.678771	0.000000	89.000000	2.442902
744	47.469872	2.685888	0.000000	89.000000	2.486379
745	47.471166	2.653111	0.000000	89.000000	2.429579
746	47.470319	2.700140	0.000000	89.000000	2.462518
747	47.475475	2.693440	0.000000	89.000000	2.467717
748	47.471133	2.628363	0.000000	89.000000	2.488514
749	47.471458	2.648636	0.000000	89.000000	2.465936
750	47.480690	2.667032	0.000000	89.000000	2.447846
751	47.477072	2.675073	0.000000	89.000000	2.471449
752	47.480747	2.668401	0.000000	89.000000	2.418306
753	47.480822	2.689819	0.000000	89.000000	2.477702
754	47.481793	2.671844	0.000000	89.000000	2.486594
755	47.477427	2.662374	0.000000	89.000000	2.483469
756	47.477227	2.674876	0.000000	89.000000	2.458192
757	47.485876	2.695931	0.000000	89.000000	2.445741
758	47.486466	2.727843	0.000000	89.000000	2.481515
759	47.481221	2.699060	0.000000	89.000000	2.416406
760	47.480816	2.684334	0.000000	89.000000	2.479015
761	47.481757	2.690356	0.000000	89.000000	2.463606
762	47.473347	2.663153	0.000000	89.000000	2.485117
763	47.479171	2.707971	0.000000	89.000000	2.479259
764	47.473890	2.689886	0.000000	89.000000	2.450596
765	47.467357	2.668398	0.000000	89.000000	2.474976
766	47.474653	2.708289	0.000000	89.000000	2.424177
767	47.474590	2.698971	0.000000	89.000000	2.480831
768	47.484326	2.706862	0.000000	89.000000	2.461094
769	47.477871	2.708485	0.000000	89.000000	2.480568
770	47.482252	2.643791	0.000000	89.000000	2.469654
771	47.480100	2.691528	0.000000	89.000000	2.441382
772	47.480860	2.682382	0.000000	89.000000	2.480334
773	47.481343	2.675710	0.000000	89.000000	2.418981
774	47.484988	2.682605	0.000000	89.000000	2.469534
775	47.481668	2.702937	0.000000	89.000000	2.465740
776	47.488961	2.701209	0.000000	89.000000	2.483733
777	47.487080	2.696676	0.000000	89.000000	2.477271
778	47.487199	2.686400	0.000000	89.000000	2.440695
779	47.490719	2.664316	0.000000	89.000000	2.434955
780	47.480422	2.698740	0.000000	89.000000	2.454309
781	47.481388	2.693910	0.000000	89.000000	2.438891
782	47.482973	2.705104	0.000000	89.000000	2.486897
783	47.483510	2.703354	0.000000	89.000000	2.479769
784	47.485012	2.748449	0.000000	89.000000	2.422833
785	47.485888	2.747018	0.000000	89.000000	2.448592
786	47.486743	2.761151	0.000000	89.000000	2.419977
787	47.489625	2.735400	0.000000	89.000000	2.455863
788	47.484815	2.739263	0.000000	89.000000	2.439378
789	47.482842	2.752058	0.000000	89.000000	2.461769
790	47.487825	2.744337	0.000000	89.000000	2.422518
791	47.484115	2.731072	0.000000	89.000000	2.419500
792	47.483259	2.740909	0.000000	89.000000	2.430370
793	47.482830	2.718308	0.000000	89.000000	2.450110
794	47.480869	2.720742	0.000000	89.000000	2.424050
795	47.480720	2.678881	0.000000	89.000000	2.442348
796	47.485930	2.674186	0.000000	89.000000	2.475324
797	47.478646	2.670492	0.000000	89.000000	2.431917
798	47.486681	2.668094	0.000000	89.000000	2.426695
799	47.483590	2.665473	0.000000	89.000000	2.446585
800	47.483760	2.669801	0.000000	89.000000	2.434569
801	47.484440	2.653043	0.000000	89.000000	2.468335
802	47.489959	2.704912	0.000000	89.000000	2.439397
803	47.491282	2.678368	0.000000	89.000000	2.436074
804	47.477305	2.654196	0.000000	89.000000	2.464597
805	47.478437	2.707217	0.000000	89.000000	2.439609
806	47.482598	2.694360	0.000000	89.000000	2.470729
807	47.479969	2.691095	0.000000	89.000000	2.429031
808	47.485048	2.712339	0.000000	89.000000	2.447072
809	47.475898	2.746742	0.000000	89.000000	2.450727
810	47.482729	2.688368	0.000000	89.000000	2.437014
811	47.484580	2.680373	0.000000	89.000000	2.477959
812	47.482979	2.715815	0.000000	89.000000	2.424626
813	47.482574	2.700254	0.000000	89.000000	2.423581
814	47.487772	2.707264	0.000000	89.000000	2.459683
815	47.479695	2.695780	0.000000	89.000000	2.444711
816	47.478682	2.707635	0.000000	89.000000	2.456225
817	47.484091	2.683602	0.000000	89.000000	2.422074
818	47.486269	2.726622	0.000000	89.000000	2.451066
819	47.484025	2.717108	0.000000	89.000000	2.457545
820	47.486180	2.650026	0.000000	89.000000	2.436835
821	47.485006	2.669350	0.000000	89.000000	2.424609
822	47.486901	2.715861	0.000000	89.000000	2.456986
823	47.481877	2.664073	0.000000	89.000000	2.452896
824	47.480494	2.672822	0.000000	89.000000	2.480292
825	47.483331	2.690766	0.000000	89.000000	2.459133
826	47.482938	2.677305	0.000000	89.000000	2.447137
827	47.488502	2.636160	0.000000	89.000000	2.404143
828	47.488672	2.659514	0.000000	89.000000	2.426680
829	47.488248	2.697913	0.000000	89.000000	2.472933
830	47.486776	2.749301	0.000000	89.000000	2.424849
831	47.483933	2.680125	0.000000	89.000000	2.433731
832	47.489631	2.679817	0.000000	89.000000	2.461852
833	47.485280	2.635489	0.000000	89.000000	2.438793
834	47.476694	2.682070	0.000000	89.000000	2.461760
835	47.481120	2.651512	0.000000	89.000000	2.423847
836	47.477472	2.656261	0.000000	89.000000	2.420424
837	47.484100	2.655798	0.000000	89.000000	2.423630
838	47.478849	2.642097	0.000000	89.000000	2.450875
839	47.481656	2.649580	0.000000	89.000000	2.432146
840	47.483546	2.672492	0.000000	89.000000	2.423317
841	47.484404	2.660577	0.000000	89.000000	2.466790
842	47.484931	2.672720	0.000000	89.000000	2.443564
843	47.488445	2.672586	0.000000	89.000000	2.417572
844	47.483957	2.678023	0.000000	89.000000	2.467215
845	47.486177	2.675473	0.000000	89.000000	2.450066
846	47.481376	2.698209	0.000000	89.000000	2.484528
847	47.479165	2.658809	0.000000	89.000000	2.435270
848	47.478548	2.654313	0.000000	89.000000	2.449246
849	47.478604	2.638713	0.000000	89.000000	2.423239
850	47.480875	2.693764	0.000000	89.000000	2.434601
851	47.483146	2.662775	0.000000	89.000000	2.474150
852	47.484267	2.621476	0.000000	89.000000	2.433598
853	47.484106	2.635859	0.000000	89.000000	2.456765
854	47.482812	2.709571	0.000000	89.000000	2.262600
855	47.530097	2.706247	0.000000	89.000000	2.197833
856	47.533911	2.709989	0.000000	89.000000	2.252892
857	47.534519	2.717052	0.000000	89.000000	2.250573
858	47.534388	2.718018	0.000000	89.000000	2.244963
859	47.534466	2.720464	0.000000	89.000000	2.276327
860	47.534329	2.720865	0.000000	89.000000	2.243411
861	47.534281	2.721098	0.000000	89.000000	2.259557
862	47.534230	2.721524	0.000000	89.000000	2.233018
863	47.534335	2.721669	0.000000	89.000000	2.266272
864	47.534323	2.721561	0.000000	89.000000	2.228078
865	47.534323	2.721561	0.000000	89.000000	2.246313
866	47.534323	2.721561	0.000000	89.000000	2.257109
867	47.534323	2.721561	0.000000	89.000000	2.258317
868	47.534323	2.721561	0.000000	89.000000	2.255405
869	47.534323	2.721561	0.000000	89.000000	2.205698
870	47.534323	2.721561	0.000000	89.000000	2.284305
871	47.534323	2.721561	0.000000	89.000000	2.240924
872	47.534323	2.721561	0.000000	89.000000	2.272281
873	47.534323	2.721561	0.000000	89.000000	2.258808
874	47.534323	2.721561	0.000000	89.000000	2.292638
875	47.534323	2.721561	0.000000	89.000000	2.257232
876	47.534323	2.721561	0.000000	89.000000	2.242337
877	47.534323	2.721561	0.000000	89.000000	2.242597
878	47.534323	2.721561	0.000000	89.000000	2.251618
879	47.534323	2.721561	0.000000	89.000000	2.215775
880	47.534323	2.721561	0.000000	89.000000	2.201032
881	47.534323	2.721561	0.000000	89.000000	2.262815
882	47.534323	2.721561	0.000000	89.000000	2.261161
883	47.534323	2.721561	0.000000	89.000000	2.271045
884	47.534323	2.721561	0.000000	89.000000	2.282333
885	47.534323	2.721561	0.000000	89.000000	2.243829
886	47.534323	2.721561	0.000000	89.000000	2.219387
887	47.534323	2.721561	0.000000	89.000000	2.206078
888	47.534323	2.721561	0.000000	89.000000	2.292500
889	47.534323	2.721561	0.000000	89.000000	2.291972
890	47.534323	2.721561	0.000000	89.000000	2.233706
891	47.534323	2.721561	0.000000	89.000000	2.222878
892	47.534323	2.721561	0.000000	89.000000	2.253286
893	47.534323	2.721561	0.000000	89.000000	2.247822
894	47.534323	2.721561	0.000000	89.000000	2.222134
895	47.534323	2.721561	0.000000	89.000000	2.288662
896	47.534323	2.721561	0.000000	89.000000	2.202042
897	47.534323	2.721561	0.000000	89.000000	2.244862
898	47.534323	2.721561	0.000000	89.000000	2.263488
899	47.534323	2.721561	0.000000	89.000000	2.281779
900	47.534323	2.721561	0.000000	89.000000	2.244324
901	47.534323	2.721561	0.000000	89.000000	2.229158
902	47.534323	2.721561	0.000000	89.000000	2.285731
903	47.534323	2.721561	0.000000	89.000000	2.247849
904	47.534323	2.721561	0.000000	89.000000	2.267254
905	47.534323	2.721561	0.000000	89.000000	2.258137
906	47.534323	2.721561	0.000000	89.000000	2.240300
907	47.534323	2.721561	0.000000	89.000000	2.274626
