1	29.690856	5.544069	0.000000	91.466667	2.271845
2	35.461682	7.747613	0.000000	91.466667	2.291660
3	38.747931	8.444565	0.000000	91.466667	2.284388
4	40.667716	8.533397	0.000000	91.466667	2.298447
5	41.918635	8.458901	0.000000	91.466667	2.302626
6	42.806441	8.305307	0.000000	91.466667	2.263905
7	43.400002	8.297126	0.000000	91.466667	2.300105
8	43.805233	8.308794	0.000000	91.466667	2.287063
9	44.131368	8.350533	0.000000	91.466667	2.292262
10	44.369942	8.403152	0.000000	91.466667	2.298341
11	44.595051	8.513135	0.000000	91.466667	2.304399
12	44.744933	8.580884	0.072886	91.466667	2.291327
13	44.893390	8.609229	0.000000	91.466667	2.269523
14	45.011079	8.603683	0.000000	91.466667	2.282572
15	45.115188	8.669399	0.000000	91.466667	2.286884
16	45.193809	8.725679	0.000000	91.466667	2.318091
17	45.272142	8.672472	0.000000	91.466667	2.309558
18	45.347816	8.687680	0.000000	91.466667	2.307148
19	45.412660	8.785464	0.000000	91.466667	2.288255
20	45.468730	8.784010	0.000000	91.466667	2.298860
21	45.499808	8.752972	0.000000	91.466667	2.313108
22	45.521641	8.791561	0.000000	91.466667	2.310876
23	45.564359	8.745021	0.000000	91.466667	2.298832
24	45.577431	8.757234	0.000000	91.466667	2.295656
25	45.606881	8.770243	0.000000	91.466667	2.304176
26	45.634198	8.873688	0.000000	91.466667	2.310612
27	45.647219	8.949802	0.000000	91.466667	2.310765
28	45.674080	8.876537	0.000000	91.466667	2.301226
29	45.696914	8.895522	0.000000	91.466667	2.311579
30	45.699319	8.867268	0.000000	91.466667	2.324991
31	45.723513	8.846873	0.000000	91.466667	2.325923
32	45.747548	8.831558	0.000000	91.466667	2.303322
33	45.760432	8.914012	0.000000	91.466667	2.306196
34	45.771387	8.872287	0.000000	91.466667	2.297263
35	45.786428	8.825516	0.000000	91.466667	2.321963
36	45.787567	8.892625	0.000000	91.466667	2.301976
37	45.791286	8.957538	0.000000	91.466667	2.296531
38	45.811918	8.917493	0.000000	91.466667	2.325284
39	45.821631	8.853689	0.000000	91.466667	2.317154
40	45.833066	8.763973	0.000000	91.466667	2.283492
41	45.859283	8.839484	0.000000	91.466667	2.296543
42	45.860833	8.776355	0.000000	91.466667	2.310218
43	45.873258	8.786723	0.000000	91.466667	2.302810
44	45.881176	8.912056	0.000000	91.466667	2.326408
45	45.883507	8.836240	0.000000	91.466667	2.305555
46	45.889297	8.769354	0.000000	91.466667	2.292628
47	45.893335	8.771294	0.000000	91.466667	2.320751
48	45.899963	8.857211	0.000000	91.466667	2.323107
49	45.900354	8.729981	0.000000	91.466667	2.285862
50	45.902395	8.832457	0.000000	91.466667	2.311615
51	45.903683	8.767471	0.000000	91.466667	2.318713
52	45.908800	8.882327	0.000000	91.466667	2.302942
53	45.905876	8.801500	0.000000	91.466667	2.326537
54	45.923287	8.849891	0.000000	91.466667	2.320289
55	45.940411	8.798386	0.000000	91.466667	2.320560
56	45.948124	8.834735	0.000000	91.466667	2.317720
57	45.957589	8.755330	0.000000	91.466667	2.301234
58	45.964023	8.786421	0.000000	91.466667	2.303500
59	45.963430	8.923995	0.000000	91.466667	2.316009
60	45.980069	8.967424	0.000000	91.466667	2.315117
61	45.969546	8.907923	0.000000	91.466667	2.302490
62	45.990399	8.857789	0.000000	91.466667	2.320321
63	45.986438	8.833717	0.000000	91.466667	2.305895
64	45.975450	8.938891	0.000000	91.466667	2.308202
65	45.980674	8.998644	0.000000	91.466667	2.304443
66	45.987767	8.914170	0.072886	91.466667	2.299339
67	46.005994	8.899654	0.000000	91.466667	2.331434
68	46.017706	8.905746	0.000000	91.466667	2.302387
69	46.018672	8.833711	0.000000	91.466667	2.337083
70	46.006897	8.897259	0.000000	91.466667	2.325854
71	46.007186	8.891918	0.000000	91.466667	2.339556
72	46.018964	8.857432	0.000000	91.466667	2.299541
73	46.017349	8.843132	0.000000	91.466667	2.302253
74	46.013588	8.888821	0.000000	91.466667	2.309831
75	46.020830	8.895944	0.000000	91.466667	2.313206
76	46.034890	8.908203	0.000000	91.466667	2.314988
77	46.022657	8.798215	0.000000	91.466667	2.319795
78	46.018410	8.787239	0.000000	91.466667	2.336559
79	46.034437	8.853446	0.072886	91.466667	2.328982
80	46.033949	8.865346	0.000000	91.466667	2.309168
81	46.025276	8.844701	0.000000	91.466667	2.325722
82	46.029252	8.931713	0.000000	91.466667	2.336985
83	46.024340	9.003720	0.000000	91.466667	2.311574
84	46.036589	9.035150	0.000000	91.466667	2.318567
85	46.038723	8.971630	0.000000	91.466667	2.334249
86	46.047497	8.976662	0.000000	91.466667	2.322418
87	46.044174	8.947422	0.000000	91.466667	2.323889
88	46.047840	9.008510	0.000000	91.466667	2.341521
89	46.053183	8.922627	0.000000	91.466667	2.319791
90	46.055904	8.898750	0.000000	91.466667	2.312010
91	46.064103	8.819248	0.000000	91.466667	2.334791
92	46.062461	8.810516	0.000000	91.466667	2.343757
93	46.053225	8.839910	0.000000	91.466667	2.328993
94	46.046776	8.916117	0.000000	91.466667	2.341179
95	46.050650	8.969604	0.000000	91.466667	2.319589
96	46.047318	8.859900	0.000000	91.466667	2.303448
97	46.054512	8.961450	0.000000	91.466667	2.325587
98	46.072695	8.819190	0.000000	91.466667	2.323975
99	46.067989	8.842002	0.000000	91.466667	2.321934
100	46.079326	8.863629	0.000000	91.466667	2.318877
101	46.084744	8.896885	0.000000	91.466667	2.325665
102	46.079323	8.906520	0.000000	91.466667	2.318474
103	46.066609	9.055812	0.000000	91.466667	2.321769
104	46.072584	9.004326	0.000000	91.466667	2.309136
105	46.076187	9.066514	0.000000	91.466667	2.346201
106	46.078771	9.098589	0.000000	91.466667	2.328063
107	46.076971	9.018764	0.000000	91.466667	2.315187
108	46.067911	8.915216	0.000000	91.466667	2.321953
109	46.056181	9.023567	0.000000	91.466667	2.342390
110	46.068275	9.099966	0.000000	91.466667	2.317554
111	46.073213	9.096001	0.000000	91.466667	2.341107
112	46.085972	9.040180	0.000000	91.466667	2.337239
113	46.088964	9.060500	0.000000	91.466667	2.335128
114	46.097487	9.122616	0.000000	91.466667	2.338713
115	46.093601	9.065550	0.000000	91.466667	2.313431
116	46.100175	9.180345	0.000000	91.466667	2.311884
117	46.097660	9.203106	0.000000	91.466667	2.334586
118	46.086010	9.274809	0.000000	91.466667	2.337060
119	46.105570	9.196374	0.000000	91.466667	2.327704
120	46.109304	9.244189	0.000000	91.466667	2.323327
121	46.120483	9.209401	0.000000	91.466667	2.312319
122	46.109858	9.287890	0.000000	91.466667	2.308962
123	46.113759	9.282210	0.000000	91.466667	2.312695
124	46.124828	9.335437	0.000000	91.466667	2.319217
125	46.136206	9.361304	0.000000	91.466667	2.347757
126	46.130663	9.419208	0.000000	91.466667	2.311852
127	46.145085	9.516701	0.000000	91.466667	2.339030
128	46.137536	9.504266	0.000000	91.466667	2.346294
129	46.157306	9.603907	0.000000	91.466667	2.316901
130	46.139723	9.616548	0.000000	91.466667	2.329040
131	46.134996	9.560527	0.000000	91.466667	2.324508
132	46.152028	9.639909	0.000000	91.466667	2.316857
133	46.169573	9.661933	0.000000	91.466667	2.340758
134	46.160525	9.697998	0.000000	91.466667	2.343526
135	46.161959	9.743484	0.072886	91.466667	2.321314
136	46.172845	9.859307	0.072886	91.466667	2.335399
137	46.163064	9.923243	0.000000	91.466667	2.327173
138	46.161383	9.898066	0.000000	91.466667	2.325890
139	46.156281	9.893644	0.000000	91.466667	2.332834
140	46.152177	9.927369	0.000000	91.466667	2.321779
141	46.162894	9.995129	0.000000	91.466667	2.319000
142	46.161956	9.955218	0.000000	91.466667	2.336960
143	46.177536	9.958260	0.000000	91.466667	2.341768
144	46.170339	9.981878	0.000000	91.466667	2.313061
145	46.159992	10.009676	0.000000	91.466667	2.335928
146	46.167329	10.006178	0.000000	91.466667	2.337726
147	46.174273	10.034365	0.000000	91.466667	2.333023
148	46.159923	10.120362	0.000000	91.466667	2.336005
149	46.178150	10.114714	0.000000	91.466667	2.353748
150	46.199161	10.100422	0.000000	91.466667	2.311972
151	46.194017	10.074433	0.072886	91.466667	2.330367
152	46.186012	10.146124	0.072886	91.466667	2.343399
153	46.191901	10.167088	0.072886	91.466667	2.312141
154	46.191210	10.072649	0.000000	91.466667	2.330060
155	46.189022	10.154690	0.000000	91.466667	2.343711
156	46.188688	10.186278	0.072886	91.466667	2.354442
157	46.182981	10.202721	0.072886	91.466667	2.328366
158	46.192056	10.223036	0.000000	91.466667	2.324875
159	46.204609	10.229589	0.072886	91.466667	2.326739
160	46.202612	10.255366	0.000000	91.466667	2.312309
161	46.210110	10.346250	0.000000	91.466667	2.349940
162	46.205920	10.383595	0.000000	91.466667	2.330034
163	46.205762	10.302278	0.072886	91.466667	2.321412
164	46.213380	10.288070	0.000000	91.466667	2.323294
165	46.211845	10.381373	0.000000	91.466667	2.314626
166	46.198422	10.288707	0.000000	91.466667	2.306810
167	46.209294	10.299639	0.000000	91.466667	2.339053
168	46.197009	10.303143	0.072886	91.466667	2.349673
169	46.208858	10.429618	0.000000	91.466667	2.321990
170	46.213239	10.448557	0.072886	91.466667	2.316553
171	46.198535	10.320494	0.000000	91.466667	2.350923
172	46.208096	10.356295	0.000000	91.466667	2.319815
173	46.197441	10.354300	0.000000	91.466667	2.317842
174	46.194196	10.327566	0.000000	91.466667	2.342283
175	46.188989	10.464235	0.000000	91.466667	2.335168
176	46.205717	10.476222	0.000000	91.466667	2.326794
177	46.196043	10.519872	0.000000	91.466667	2.328256
178	46.191689	10.606167	0.000000	91.466667	2.359307
179	46.201280	10.587371	0.000000	91.466667	2.343815
180	46.196175	10.591032	0.000000	91.466667	2.323267
181	46.198100	10.580513	0.000000	91.466667	2.325861
182	46.218193	10.624308	0.000000	91.466667	2.340734
183	46.229821	10.559800	0.000000	91.466667	2.334329
184	46.234792	10.561811	0.072886	91.466667	2.329607
185	46.241134	10.648020	0.000000	91.466667	2.343785
186	46.234369	10.541567	0.072886	91.466667	2.340464
187	46.235168	10.602906	0.072886	91.466667	2.313245
188	46.240115	10.645103	0.000000	91.466667	2.351195
189	46.245980	10.677825	0.000000	91.466667	2.336156
190	46.234435	10.626061	0.000000	91.466667	2.328768
191	46.237534	10.754881	0.000000	91.466667	2.345748
192	46.238118	10.837483	0.000000	91.466667	2.332417
193	46.247867	10.838917	0.000000	91.466667	2.328197
194	46.238369	10.846875	0.000000	91.466667	2.322059
195	46.235034	10.828928	0.000000	91.466667	2.337466
196	46.248734	10.843694	0.000000	91.466667	2.314728
197	46.249926	10.917019	0.000000	91.466667	2.334006
198	46.250713	10.900466	0.000000	91.466667	2.336405
199	46.259016	10.950664	0.000000	91.466667	2.330985
200	46.257874	10.960644	0.000000	91.466667	2.326744
201	46.247369	10.855318	0.072886	91.466667	2.345948
202	46.246648	10.913349	0.072886	91.466667	2.317938
203	46.253252	10.928189	0.000000	91.466667	2.319990
204	46.255207	10.894753	0.000000	91.466667	2.349438
205	46.262574	11.016235	0.000000	91.466667	2.331066
206	46.263635	11.095416	0.000000	91.466667	2.338728
207	46.247041	11.075427	0.000000	91.466667	2.336462
208	46.253425	11.124439	0.000000	91.466667	2.344287
209	46.268421	11.089771	0.000000	91.466667	2.354847
210	46.256131	11.154210	0.000000	91.466667	2.324375
211	46.250468	11.109050	0.000000	91.466667	2.329012
212	46.254617	11.069392	0.000000	91.466667	2.341020
213	46.267462	11.126099	0.000000	91.466667	2.359340
214	46.268687	11.212806	0.000000	91.466667	2.341404
215	46.271408	11.198858	0.000000	91.466667	2.339488
216	46.271932	11.289424	0.000000	91.466667	2.350029
217	46.268255	11.260619	0.000000	91.466667	2.355472
218	46.255648	11.271026	0.000000	91.466667	2.340155
219	46.267515	11.275318	0.000000	91.466667	2.331390
220	46.282312	11.346704	0.000000	91.466667	2.358915
221	46.274298	11.391434	0.000000	91.466667	2.345598
222	46.292377	11.391746	0.000000	91.466667	2.355927
223	46.283478	11.332680	0.000000	91.466667	2.354162
224	46.287620	11.256570	0.000000	91.466667	2.350282
225	46.286201	11.254451	0.000000	91.466667	2.376387
226	46.284580	11.280686	0.000000	91.466667	2.337624
227	46.288446	11.349905	0.000000	91.466667	2.380293
228	46.275371	11.375731	0.000000	91.466667	2.335863
229	46.297425	11.430844	0.000000	91.466667	2.358144
230	46.284083	11.420213	0.000000	91.466667	2.356055
231	46.287125	11.426696	0.000000	91.466667	2.350805
232	46.285576	11.461546	0.000000	91.466667	2.339763
233	46.283019	11.389840	0.000000	91.466667	2.332695
234	46.284473	11.513559	0.000000	91.466667	2.306950
235	46.296954	11.544234	0.000000	91.466667	2.349213
236	46.290326	11.607024	0.000000	91.466667	2.329236
237	46.287793	11.546257	0.000000	91.466667	2.318686
238	46.288431	11.601855	0.000000	91.466667	2.359009
239	46.297500	11.607995	0.000000	91.466667	2.327036
240	46.305645	11.596040	0.000000	91.466667	2.329769
241	46.311817	11.528188	0.000000	91.466667	2.319886
242	46.296507	11.581460	0.000000	91.466667	2.323381
243	46.321827	11.545717	0.072886	91.466667	2.336374
244	46.317676	11.636633	0.000000	91.466667	2.355385
245	46.312773	11.697141	0.072886	91.466667	2.327113
246	46.313405	11.695159	0.072886	91.466667	2.328808
247	46.302748	11.592457	0.000000	91.466667	2.338931
248	46.309489	11.645722	0.000000	91.466667	2.329046
249	46.301144	11.699926	0.000000	91.466667	2.323557
250	46.314487	11.638353	0.000000	91.466667	2.340191
251	46.315891	11.664881	0.000000	91.466667	2.330474
252	46.311250	11.672836	0.000000	91.466667	2.318433
253	46.295840	11.604476	0.000000	91.466667	2.350752
254	46.309471	11.643235	0.000000	91.466667	2.324307
255	46.310109	11.745021	0.000000	91.466667	2.320214
256	46.308118	11.633866	0.000000	91.466667	2.328520
257	46.315825	11.659487	0.000000	91.466667	2.354365
258	46.307105	11.792068	0.000000	91.466667	2.343762
259	46.313381	11.807433	0.000000	91.466667	2.327896
260	46.324885	11.827128	0.000000	91.466667	2.343807
261	46.325946	11.778180	0.000000	91.466667	2.330769
262	46.310836	11.812483	0.000000	91.466667	2.346696
263	46.324110	11.821584	0.000000	91.466667	2.309443
264	46.319264	11.846458	0.000000	91.466667	2.345866
265	46.302027	11.859059	0.000000	91.466667	2.348537
266	46.306545	11.797551	0.000000	91.466667	2.316069
267	46.299857	11.784005	0.000000	91.466667	2.323151
268	46.295837	11.747473	0.000000	91.466667	2.349125
269	46.317738	11.696645	0.000000	91.466667	2.316035
270	46.304816	11.813387	0.000000	91.466667	2.337356
271	46.311885	11.792149	0.000000	91.466667	2.357042
272	46.306199	11.938518	0.000000	91.466667	2.326108
273	46.314234	11.922805	0.000000	91.466667	2.345366
274	46.321839	11.927320	0.000000	91.466667	2.331229
275	46.315077	11.955721	0.000000	91.466667	2.321070
276	46.327439	11.995958	0.000000	91.466667	2.333725
277	46.304327	11.979169	0.000000	91.466667	2.325205
278	46.314734	11.983248	0.000000	91.466667	2.309762
279	46.324611	11.988542	0.072886	91.466667	2.319834
280	46.315894	11.928548	0.000000	91.466667	2.339471
281	46.317354	11.893584	0.000000	91.466667	2.334066
282	46.302843	11.856882	0.000000	91.466667	2.340449
283	46.310389	11.823191	0.000000	91.466667	2.335530
284	46.325278	11.814479	0.000000	91.466667	2.320755
285	46.324661	11.910369	0.000000	91.466667	2.325989
286	46.311569	11.888758	0.000000	91.466667	2.326637
287	46.324486	11.916467	0.000000	91.466667	2.356652
288	46.319219	12.002225	0.000000	91.466667	2.338071
289	46.312469	11.990429	0.000000	91.466667	2.340858
290	46.324062	11.996559	0.000000	91.466667	2.308969
291	46.323997	11.988503	0.000000	91.466667	2.341574
292	46.327990	11.923531	0.000000	91.466667	2.342377
293	46.327704	11.975367	0.000000	91.466667	2.331810
294	46.329388	11.985846	0.000000	91.466667	2.326487
295	46.331698	11.992859	0.000000	91.466667	2.345439
296	46.339971	12.028999	0.000000	91.466667	2.336159
297	46.340781	11.966447	0.000000	91.466667	2.326387
298	46.362048	11.985537	0.000000	91.466667	2.329560
299	46.352118	12.082514	0.000000	91.466667	2.314140
300	46.341079	12.037035	0.000000	91.466667	2.340149
301	46.343994	12.035699	0.000000	91.466667	2.357898
302	46.339858	12.001870	0.000000	91.466667	2.317012
303	46.337217	12.034078	0.000000	91.466667	2.333565
304	46.352035	12.118272	0.000000	91.466667	2.347528
305	46.358079	12.131274	0.072886	91.466667	2.335377
306	46.349716	12.182492	0.072886	91.466667	2.350510
307	46.345454	12.113213	0.072886	91.466667	2.356736
308	46.340740	12.153146	0.000000	91.466667	2.327210
309	46.354204	12.142859	0.000000	91.466667	2.331279
310	46.366006	12.169874	0.072886	91.466667	2.356712
311	46.365523	12.159120	0.072886	91.466667	2.332424
312	46.363622	12.116393	0.072886	91.466667	2.347743
313	46.360594	12.163384	0.000000	91.466667	2.306050
314	46.352607	12.123224	0.000000	91.466667	2.318151
315	46.342817	12.126462	0.000000	91.466667	2.335430
316	46.352029	12.095299	0.000000	91.466667	2.336154
317	46.341139	12.142215	0.000000	91.466667	2.330766
318	46.352816	12.081643	0.000000	91.466667	2.343483
319	46.345550	11.962056	0.000000	91.466667	2.325176
320	46.341881	12.063931	0.000000	91.466667	2.337411
321	46.328628	12.134833	0.072886	91.466667	2.328586
322	46.342742	12.215612	0.000000	91.466667	2.336063
323	46.353558	12.234748	0.000000	91.466667	2.344910
324	46.356708	12.191641	0.072886	91.466667	2.330720
325	46.350989	12.214042	0.000000	91.466667	2.340929
326	46.358767	12.275798	0.072886	91.466667	2.332163
327	46.349615	12.260713	0.000000	91.466667	2.325672
328	46.339515	12.142602	0.000000	91.466667	2.307925
329	46.349058	12.179690	0.000000	91.466667	2.341283
330	46.365926	12.249484	0.072886	91.466667	2.336090
331	46.349496	12.299454	0.000000	91.466667	2.325360
332	46.354660	12.247239	0.000000	91.466667	2.319703
333	46.367860	12.131297	0.000000	91.466667	2.358759
334	46.370214	12.152399	0.000000	91.466667	2.311149
335	46.349162	12.162206	0.000000	91.466667	2.321461
336	46.354192	12.192712	0.000000	91.466667	2.326222
337	46.367645	12.164032	0.000000	91.466667	2.326380
338	46.365917	12.171626	0.000000	91.466667	2.343018
339	46.372312	12.202826	0.000000	91.466667	2.343174
340	46.360502	12.191427	0.000000	91.466667	2.329045
341	46.365595	12.165093	0.000000	91.466667	2.321455
342	46.349555	12.205321	0.000000	91.466667	2.336657
343	46.360710	12.260605	0.000000	91.466667	2.333882
344	46.347821	12.223682	0.000000	91.466667	2.332569
345	46.356708	12.218939	0.000000	91.466667	2.349447
346	46.366987	12.237803	0.000000	91.466667	2.331259
347	46.358579	12.203490	0.000000	91.466667	2.340953
348	46.360224	12.169955	0.072886	91.466667	2.354004
349	46.347392	12.157273	0.072886	91.466667	2.321643
350	46.347368	12.205661	0.000000	91.466667	2.321343
351	46.357238	12.227956	0.072886	91.466667	2.356233
352	46.355772	12.247251	0.072886	91.466667	2.320461
353	46.349391	12.178000	0.072886	91.466667	2.329883
354	46.358746	12.176971	0.000000	91.466667	2.349964
355	46.358427	12.190522	0.000000	91.466667	2.335583
356	46.361339	12.206106	0.000000	91.466667	2.335180
357	46.364561	12.174471	0.072886	91.466667	2.349077
358	46.349919	12.136136	0.072886	91.466667	2.343969
359	46.362424	12.282332	0.000000	91.466667	2.337253
360	46.354395	12.286849	0.072886	91.466667	2.337456
361	46.353418	12.314075	0.145773	91.466667	2.330395
362	46.366131	12.338294	0.000000	91.466667	2.331933
363	46.373671	12.381339	0.000000	91.466667	2.348258
364	46.345007	12.387694	0.072886	91.466667	2.339037
365	46.348292	12.424715	0.072886	91.466667	2.334547
366	46.361536	12.370233	0.072886	91.466667	2.324201
367	46.372265	12.387672	0.072886	91.466667	2.341903
368	46.370387	12.338352	0.072886	91.466667	2.346697
369	46.375656	12.354041	0.072886	91.466667	2.332477
370	46.375084	12.305407	0.072886	91.466667	2.318529
371	46.367419	12.297913	0.000000	91.466667	2.325285
372	46.381104	12.396588	0.072886	91.466667	2.328852
373	46.380022	12.354663	0.072886	91.466667	2.324546
374	46.366239	12.326397	0.000000	91.466667	2.330736
375	46.378642	12.317136	0.000000	91.466667	2.354575
376	46.382955	12.335473	0.000000	91.466667	2.336966
377	46.384931	12.371109	0.000000	91.466667	2.353636
378	46.391129	12.360550	0.000000	91.466667	2.319053
379	46.381271	12.358051	0.000000	91.466667	2.334189
380	46.380478	12.291668	0.072886	91.466667	2.350929
381	46.386498	12.318428	0.072886	91.466667	2.341843
382	46.376991	12.348409	0.000000	91.466667	2.345150
383	46.377635	12.320391	0.000000	91.466667	2.324947
384	46.380585	12.304909	0.000000	91.466667	2.342755
385	46.388289	12.295409	0.072886	91.466667	2.338219
386	46.377683	12.263952	0.072886	91.466667	2.317744
387	46.372932	12.340737	0.145773	91.466667	2.313902
388	46.376044	12.311610	0.145773	91.466667	2.349581
389	46.377867	12.294493	0.072886	91.466667	2.333964
390	46.382576	12.326928	0.072886	91.466667	2.320132
391	46.395320	12.324771	0.072886	91.466667	2.349532
392	46.379066	12.360338	0.072886	91.466667	2.334385
393	46.370083	12.298855	0.072886	91.466667	2.323390
394	46.358269	12.319282	0.145773	91.466667	2.355732
395	46.379137	12.328803	0.072886	91.466667	2.339758
396	46.396822	12.303226	0.145773	91.466667	2.334250
397	46.403545	12.295948	0.145773	91.466667	2.351429
398	46.400690	12.276234	0.000000	91.466667	2.330676
399	46.382433	12.344874	0.145773	91.466667	2.343091
400	46.386778	12.345277	0.072886	91.466667	2.341483
401	46.391296	12.323291	0.072886	91.466667	2.333354
402	46.395713	12.327908	0.000000	91.466667	2.342499
403	46.388412	12.278276	0.000000	91.466667	2.346366
404	46.397406	12.304830	0.000000	91.466667	2.334976
405	46.386263	12.389021	0.000000	91.466667	2.334919
406	46.375924	12.338712	0.000000	91.466667	2.327943
407	46.384221	12.325022	0.072886	91.466667	2.340771
408	46.389985	12.287549	0.072886	91.466667	2.342737
409	46.377695	12.277213	0.072886	91.466667	2.317386
410	46.381396	12.304984	0.072886	91.466667	2.332900
411	46.387458	12.292868	0.072886	91.466667	2.333418
412	46.380484	12.342035	0.000000	91.466667	2.331886
413	46.370015	12.303136	0.072886	91.466667	2.333904
414	46.375668	12.339951	0.072886	91.466667	2.361229
415	46.398258	12.348324	0.000000	91.466667	2.328758
416	46.370918	12.241680	0.000000	91.466667	2.321661
417	46.379554	12.310576	0.000000	91.466667	2.319587
418	46.384194	12.336363	0.145773	91.466667	2.350528
419	46.386987	12.336820	0.072886	91.466667	2.334871
420	46.377623	12.316217	0.000000	91.466667	2.346215
421	46.378517	12.354606	0.000000	91.466667	2.342315
422	46.373248	12.359106	0.072886	91.466667	2.332205
423	46.371660	12.401130	0.072886	91.466667	2.324581
424	46.387160	12.394080	0.000000	91.466667	2.325816
425	46.383393	12.410674	0.072886	91.466667	2.329329
426	46.392113	12.422036	0.000000	91.466667	2.335810
427	46.390939	12.427651	0.072886	91.466667	2.334032
428	46.395776	12.439721	0.072886	91.466667	2.315935
429	46.388781	12.423915	0.145773	91.466667	2.328735
430	46.395546	12.508207	0.218659	91.466667	2.327177
431	46.393275	12.533708	0.072886	91.466667	2.333572
432	46.403453	12.539828	0.072886	91.466667	2.347643
433	46.401468	12.497635	0.218659	91.466667	2.336814
434	46.398306	12.462281	0.072886	91.466667	2.328023
435	46.382213	12.480222	0.072886	91.466667	2.333674
436	46.390897	12.485619	0.072886	91.466667	2.357491
437	46.404856	12.552443	0.072886	91.466667	2.334321
438	46.411932	12.572653	0.145773	91.466667	2.339972
439	46.406639	12.575192	0.145773	91.466667	2.342261
440	46.402350	12.558721	0.072886	91.466667	2.353060
441	46.403447	12.552653	0.000000	91.466667	2.327962
442	46.402025	12.632822	0.072886	91.466667	2.337448
443	46.405160	12.559343	0.000000	91.466667	2.337837
444	46.405345	12.599075	0.000000	91.466667	2.315161
445	46.404231	12.570542	0.072886	91.466667	2.310922
446	46.418202	12.565973	0.000000	91.466667	2.355842
447	46.405756	12.510876	0.000000	91.466667	2.328415
448	46.386483	12.578273	0.000000	91.466667	2.331889
449	46.383315	12.444045	0.000000	91.466667	2.359921
450	46.381497	12.455128	0.000000	91.466667	2.332124
451	46.372706	12.450554	0.072886	91.466667	2.321043
452	46.383500	12.463558	0.072886	91.466667	2.321918
453	46.372980	12.463704	0.000000	91.466667	2.345775
454	46.387464	12.443927	0.000000	91.466667	2.331838
455	46.372068	12.460261	0.000000	91.466667	2.348290
456	46.385279	12.549691	0.000000	91.466667	2.329135
457	46.386772	12.480442	0.072886	91.466667	2.328423
458	46.383139	12.566277	0.072886	91.466667	2.344786
459	46.389687	12.620387	0.000000	91.466667	2.312892
460	46.386474	12.548393	0.072886	91.466667	2.315170
461	46.387514	12.512644	0.072886	91.466667	2.345340
462	46.395981	12.433257	0.000000	91.466667	2.336990
463	46.392894	12.433511	0.000000	91.466667	2.336226
464	46.399495	12.428613	0.072886	91.466667	2.348050
465	46.391991	12.442604	0.000000	91.466667	2.327904
466	46.376738	12.477466	0.000000	91.466667	2.322543
467	46.380180	12.532659	0.000000	91.466667	2.326872
468	46.388832	12.546801	0.072886	91.466667	2.332466
469	46.394604	12.478449	0.072886	91.466667	2.338698
470	46.385360	12.483068	0.072886	91.466667	2.335801
471	46.381754	12.430652	0.072886	91.466667	2.350951
472	46.393520	12.508193	0.072886	91.466667	2.336701
473	46.398348	12.435451	0.000000	91.466667	2.321574
474	46.395621	12.451279	0.000000	91.466667	2.334460
475	46.399105	12.525793	0.000000	91.466667	2.340626
476	46.390778	12.477725	0.000000	91.466667	2.333815
477	46.393436	12.573549	0.000000	91.466667	2.310654
478	46.407408	12.575676	0.000000	91.466667	2.340878
479	46.414074	12.584249	0.000000	91.466667	2.346654
480	46.426362	12.612919	0.000000	91.466667	2.313415
481	46.403223	12.625087	0.072886	91.466667	2.338468
482	46.409121	12.592223	0.072886	91.466667	2.338208
483	46.389756	12.597769	0.000000	91.466667	2.316041
484	46.380323	12.501955	0.000000	91.466667	2.327664
485	46.384597	12.501506	0.000000	91.466667	2.349491
486	46.380648	12.529433	0.000000	91.466667	2.325718
487	46.392334	12.576991	0.000000	91.466667	2.341583
488	46.397531	12.500596	0.000000	91.466667	2.325419
489	46.400931	12.464087	0.000000	91.466667	2.327788
490	46.398836	12.502900	0.218659	91.466667	2.341658
491	46.387613	12.604124	0.072886	91.466667	2.335328
492	46.379250	12.609268	0.072886	91.466667	2.327773
493	46.399441	12.581956	0.072886	91.466667	2.345909
494	46.399313	12.589722	0.000000	91.466667	2.345235
495	46.390697	12.584163	0.072886	91.466667	2.323514
496	46.408659	12.591790	0.000000	91.466667	2.348045
497	46.405756	12.529885	0.000000	91.466667	2.332199
498	46.401143	12.586583	0.072886	91.466667	2.336908
499	46.405351	12.552156	0.000000	91.466667	2.349383
500	46.414170	12.619690	0.000000	91.466667	2.337542
501	46.403247	12.584444	0.000000	91.466667	2.320120
502	46.411645	12.635761	0.072886	91.466667	2.323169
503	46.415067	12.635349	0.072886	91.466667	2.316003
504	46.427143	12.591462	0.145773	91.466667	2.330930
505	46.420330	12.594305	0.145773	91.466667	2.333596
506	46.419108	12.529832	0.072886	91.466667	2.348447
507	46.430406	12.549961	0.072886	91.466667	2.313794
508	46.410406	12.540724	0.072886	91.466667	2.340155
509	46.411672	12.532333	0.072886	91.466667	2.337222
510	46.413457	12.594104	0.000000	91.466667	2.337492
511	46.407807	12.545969	0.145773	91.466667	2.345546
512	46.410754	12.526575	0.000000	91.466667	2.330578
513	46.411389	12.455890	0.145773	91.466667	2.316452
514	46.417326	12.434970	0.072886	91.466667	2.316026
515	46.407515	12.521832	0.072886	91.466667	2.363091
516	46.418661	12.500953	0.145773	91.466667	2.330818
517	46.415386	12.393244	0.000000	91.466667	2.315916
518	46.424475	12.523227	0.000000	91.466667	2.326911
519	46.438393	12.415989	0.000000	91.466667	2.307002
520	46.424288	12.533718	0.072886	91.466667	2.341810
521	46.421582	12.572474	0.072886	91.466667	2.339846
522	46.408355	12.525142	0.000000	91.466667	2.337374
523	46.404201	12.613897	0.000000	91.466667	2.345083
524	46.406165	12.618678	0.000000	91.466667	2.339348
525	46.421152	12.562120	0.072886	91.466667	2.309196
526	46.426469	12.527602	0.072886	91.466667	2.322503
527	46.416330	12.604432	0.072886	91.466667	2.319909
528	46.410072	12.542486	0.072886	91.466667	2.324833
529	46.408963	12.608348	0.145773	91.466667	2.319895
530	46.417236	12.553425	0.072886	91.466667	2.350658
531	46.413165	12.572158	0.072886	91.466667	2.359282
532	46.410531	12.618250	0.145773	91.466667	2.332970
533	46.404842	12.619903	0.145773	91.466667	2.322603
534	46.402991	12.546401	0.072886	91.466667	2.311767
535	46.411258	12.537519	0.072886	91.466667	2.339644
536	46.411467	12.566496	0.072886	91.466667	2.334901
537	46.398425	12.583667	0.072886	91.466667	2.333678
538	46.408457	12.605180	0.072886	91.466667	2.315446
539	46.413267	12.638709	0.000000	91.466667	2.326195
540	46.430618	12.698220	0.000000	91.466667	2.311572
541	46.426061	12.582302	0.072886	91.466667	2.317233
542	46.417505	12.680476	0.000000	91.466667	2.336731
543	46.417615	12.674628	0.000000	91.466667	2.329870
544	46.420801	12.631617	0.000000	91.466667	2.315344
545	46.415088	12.684694	0.072886	91.466667	2.328354
546	46.402889	12.592665	0.000000	91.466667	2.342793
547	46.423471	12.606499	0.072886	91.466667	2.325501
548	46.415064	12.571579	0.072886	91.466667	2.342227
549	46.413064	12.638229	0.072886	91.466667	2.336696
550	46.426678	12.745537	0.145773	91.466667	2.313068
551	46.411359	12.770526	0.072886	91.466667	2.323774
552	46.419734	12.777327	0.145773	91.466667	2.328670
553	46.421894	12.739201	0.145773	91.466667	2.324344
554	46.418840	12.675553	0.072886	91.466667	2.323231
555	46.417171	12.718308	0.072886	91.466667	2.334221
556	46.427667	12.727492	0.072886	91.466667	2.331974
557	46.435153	12.785701	0.145773	91.466667	2.313941
558	46.440777	12.754561	0.072886	91.466667	2.326453
559	46.429420	12.752316	0.145773	91.466667	2.355336
560	46.418411	12.759117	0.000000	91.466667	2.337187
561	46.413228	12.772193	0.072886	91.466667	2.323087
562	46.426386	12.751884	0.072886	91.466667	2.343891
563	46.410093	12.787423	0.000000	91.466667	2.327936
564	46.418750	12.768744	0.000000	91.466667	2.330649
565	46.425617	12.812974	0.000000	91.466667	2.354631
566	46.429604	12.781999	0.000000	91.466667	2.335571
567	46.422273	12.742684	0.000000	91.466667	2.328959
568	46.420622	12.697990	0.072886	91.466667	2.324818
569	46.421033	12.675155	0.072886	91.466667	2.342948
570	46.413422	12.703425	0.145773	91.466667	2.347454
571	46.403143	12.740378	0.000000	91.466667	2.330377
572	46.418190	12.822987	0.000000	91.466667	2.332840
573	46.409816	12.821162	0.072886	91.466667	2.347710
574	46.402046	12.786595	0.072886	91.466667	2.334109
575	46.404296	12.774577	0.145773	91.466667	2.345778
576	46.416986	12.817750	0.072886	91.466667	2.329305
577	46.414030	12.796374	0.145773	91.466667	2.334047
578	46.403384	12.660608	0.218659	91.466667	2.334147
579	46.412984	12.708051	0.291545	91.466667	2.339929
580	46.403944	12.743918	0.218659	91.466667	2.321306
581	46.410310	12.722422	0.072886	91.466667	2.340380
582	46.415463	12.710222	0.145773	91.466667	2.344531
583	46.415421	12.778800	0.072886	91.466667	2.319178
584	46.410903	12.754138	0.291545	91.466667	2.330809
585	46.412235	12.629134	0.145773	91.466667	2.351555
586	46.417773	12.582406	0.072886	91.466667	2.336565
587	46.403348	12.655448	0.145773	91.466667	2.336415
588	46.403065	12.643924	0.218659	91.466667	2.352799
589	46.399730	12.670105	0.072886	91.466667	2.331600
590	46.408048	12.628316	0.145773	91.466667	2.344560
591	46.425843	12.627274	0.145773	91.466667	2.311102
592	46.413493	12.554602	0.145773	91.466667	2.340420
593	46.399996	12.608647	0.145773	91.466667	2.334116
594	46.399879	12.644343	0.072886	91.466667	2.315926
595	46.403295	12.657142	0.072886	91.466667	2.312924
596	46.407959	12.668691	0.072886	91.466667	2.329425
597	46.407586	12.670887	0.145773	91.466667	2.342722
598	46.396005	12.768555	0.072886	91.466667	2.320984
599	46.397373	12.771116	0.072886	91.466667	2.328058
600	46.401736	12.698649	0.145773	91.466667	2.324398
601	46.398443	12.721540	0.218659	91.466667	2.339985
602	46.405119	12.786254	0.218659	91.466667	2.345277
603	46.412539	12.793834	0.145773	91.466667	2.325608
604	46.425563	12.759325	0.072886	91.466667	2.314899
605	46.415803	12.734717	0.218659	91.466667	2.346961
606	46.416399	12.681559	0.072886	91.466667	2.330518
607	46.419549	12.781593	0.145773	91.466667	2.335195
608	46.421385	12.750143	0.145773	91.466667	2.351170
609	46.414757	12.702777	0.218659	91.466667	2.332769
610	46.585172	12.713862	0.218659	91.466667	2.337930
611	46.641099	12.680119	0.218659	91.466667	2.356512
612	46.658355	12.788861	0.291545	91.466667	2.342295
613	46.686029	12.804459	0.218659	91.466667	2.370014
614	46.692604	12.834652	0.291545	91.466667	2.335039
615	46.716008	12.752822	0.218659	91.466667	2.318124
616	46.705955	12.673265	0.218659	91.466667	2.364396
617	46.710598	12.718148	0.218659	91.466667	2.343857
618	46.713430	12.748928	0.145773	91.466667	2.347505
619	46.729612	12.733590	0.218659	91.466667	2.355641
620	46.743411	12.750807	0.218659	91.466667	2.343345
621	46.727097	12.775862	0.291545	91.466667	2.358512
622	46.731454	12.793351	0.218659	91.466667	2.335655
623	46.738648	12.831517	0.291545	91.466667	2.356190
624	46.731293	12.864283	0.291545	91.466667	2.342205
625	46.726191	12.873822	0.218659	91.466667	2.325438
626	46.727288	12.818437	0.218659	91.466667	2.338992
627	46.735495	12.817758	0.291545	91.466667	2.342658
628	46.728021	12.833478	0.291545	91.466667	2.313611
629	46.729398	12.810041	0.218659	91.466667	2.323646
630	46.729034	12.823678	0.145773	91.466667	2.331304
631	46.734273	12.840934	0.218659	91.466667	2.332369
632	46.731526	12.841309	0.145773	91.466667	2.332192
633	46.730089	12.843138	0.072886	91.466667	2.336859
634	46.728516	12.917675	0.072886	91.466667	2.346100
635	46.721414	12.772590	0.145773	91.466667	2.349110
636	46.725479	12.797905	0.218659	91.466667	2.325332
637	46.730959	12.821832	0.145773	91.466667	2.336407
638	46.741378	12.854770	0.145773	91.466667	2.336691
639	46.731019	12.935172	0.218659	91.466667	2.348788
640	46.745718	12.938387	0.072886	91.466667	2.323253
641	46.744937	12.929618	0.145773	91.466667	2.345901
642	46.743387	12.934493	0.218659	91.466667	2.316480
643	46.753061	12.929048	0.218659	91.466667	2.308774
644	46.735498	12.915003	0.218659	91.466667	2.327036
645	46.754429	12.915686	0.000000	91.466667	2.353056
646	46.742785	12.921256	0.218659	91.466667	2.334751
647	46.742135	12.903190	0.072886	91.466667	2.361369
648	46.759456	12.899766	0.145773	91.466667	2.338536
649	46.754035	12.925857	0.072886	91.466667	2.345427
650	46.741614	12.904408	0.145773	91.466667	2.337456
651	46.742374	12.887113	0.072886	91.466667	2.331201
652	46.745348	12.840911	0.072886	91.466667	2.328554
653	46.759534	12.834859	0.145773	91.466667	2.360238
654	46.755850	12.871961	0.145773	91.466667	2.329476
655	46.758616	12.867998	0.072886	91.466667	2.328864
656	46.751958	12.823632	0.145773	91.466667	2.352631
657	46.748769	12.827642	0.145773	91.466667	2.326989
658	46.739885	12.836676	0.145773	91.466667	2.350895
659	46.742272	12.848637	0.072886	91.466667	2.332478
660	46.743101	12.825509	0.145773	91.466667	2.322296
661	46.753407	12.812495	0.145773	91.466667	2.353225
662	46.745536	12.841619	0.072886	91.466667	2.355849
663	46.754307	12.792577	0.072886	91.466667	2.342353
664	46.761298	12.890250	0.145773	91.466667	2.332235
665	46.753553	12.891341	0.145773	91.466667	2.349354
666	46.755934	12.891644	0.072886	91.466667	2.337512
667	46.756762	12.897118	0.218659	91.466667	2.366009
668	46.751732	12.923109	0.291545	91.466667	2.342010
669	46.750718	12.887328	0.291545	91.466667	2.342061
670	46.760130	12.866775	0.218659	91.466667	2.354970
671	46.750256	12.858534	0.218659	91.466667	2.351664
672	46.761703	12.897033	0.291545	91.466667	2.354582
673	46.749544	12.884859	0.218659	91.466667	2.343531
674	46.758008	12.830071	0.218659	91.466667	2.336756
675	46.772456	12.761819	0.145773	91.466667	2.336335
676	46.774787	12.823678	0.145773	91.466667	2.340646
677	46.765104	12.865978	0.072886	91.466667	2.375708
678	46.759653	12.846436	0.072886	91.466667	2.366430
679	46.765080	12.902472	0.072886	91.466667	2.358213
680	46.771297	12.864836	0.072886	91.466667	2.326415
681	46.765047	12.826431	0.072886	91.466667	2.379474
682	46.760583	12.822370	0.072886	91.466667	2.331610
683	46.785352	12.756803	0.291545	91.466667	2.349166
684	46.774721	12.849754	0.145773	91.466667	2.348186
685	46.775806	12.873042	0.145773	91.466667	2.323125
686	46.786606	12.872901	0.145773	91.466667	2.362153
687	46.777636	12.917089	0.072886	91.466667	2.336530
688	46.779889	12.877877	0.072886	91.466667	2.347062
689	46.762347	12.950539	0.072886	91.466667	2.346446
690	46.761334	12.911453	0.072886	91.466667	2.334005
691	46.762714	12.909619	0.145773	91.466667	2.353745
692	46.762246	12.983116	0.145773	91.466667	2.353763
693	46.773949	12.976099	0.218659	91.466667	2.343279
694	46.782035	12.848584	0.364431	91.466667	2.358085
695	46.777073	12.894557	0.218659	91.466667	2.338944
696	46.773136	12.935849	0.145773	91.466667	2.326208
697	46.776468	12.899100	0.218659	91.466667	2.347666
698	46.763989	12.921751	0.145773	91.466667	2.334318
699	46.761242	12.878479	0.072886	91.466667	2.356263
700	46.761745	12.840427	0.000000	91.466667	2.344346
701	46.766880	12.785463	0.072886	91.466667	2.341919
702	46.756241	12.850598	0.145773	91.466667	2.360480
703	46.766657	12.945404	0.218659	91.466667	2.324727
704	46.768931	12.950239	0.145773	91.466667	2.338691
705	46.773672	12.881187	0.145773	91.466667	2.338363
706	46.763122	12.819537	0.000000	91.466667	2.331825
707	46.765894	12.833192	0.145773	91.466667	2.316092
708	46.766886	12.880451	0.072886	91.466667	2.323340
709	46.749729	12.847612	0.072886	91.466667	2.336311
710	46.751243	12.932927	0.072886	91.466667	2.335421
711	46.763119	12.930933	0.145773	91.466667	2.351890
712	46.754792	12.960675	0.072886	91.466667	2.334869
713	46.765137	12.926270	0.145773	91.466667	2.329526
714	46.778071	12.979175	0.218659	91.466667	2.347462
715	46.778727	12.954969	0.072886	91.466667	2.336490
716	46.775782	12.950893	0.072886	91.466667	2.333358
717	46.768838	12.979541	0.218659	91.466667	2.342541
718	46.762425	12.974240	0.145773	91.466667	2.341190
719	46.760958	12.941182	0.072886	91.466667	2.345836
720	46.764737	12.952552	0.145773	91.466667	2.330646
721	46.752286	12.834762	0.145773	91.466667	2.310334
722	46.747878	12.920040	0.218659	91.466667	2.329697
723	46.750003	12.890519	0.218659	91.466667	2.333749
724	46.753836	12.911861	0.072886	91.466667	2.319110
725	46.750367	12.954812	0.145773	91.466667	2.341575
726	46.750593	12.900741	0.145773	91.466667	2.351809
727	46.748230	12.962647	0.145773	91.466667	2.317300
728	46.747679	12.936499	0.072886	91.466667	2.332779
729	46.740985	12.978269	0.072886	91.466667	2.349673
730	46.752578	12.939203	0.072886	91.466667	2.331827
731	46.743301	12.993090	0.072886	91.466667	2.341078
732	46.746731	12.918583	0.072886	91.466667	2.350623
733	46.755993	12.891416	0.145773	91.466667	2.324829
734	46.743578	12.911473	0.072886	91.466667	2.330207
735	46.747491	12.939110	0.145773	91.466667	2.323006
736	46.748847	13.038081	0.145773	91.466667	2.312192
737	46.749330	12.930396	0.072886	91.466667	2.346714
738	46.911314	12.904287	0.218659	91.466667	2.329034
739	46.970335	12.954680	0.145773	91.466667	2.320317
740	46.986300	12.988779	0.145773	91.466667	2.314303
741	46.999818	12.983793	0.145773	91.466667	2.327308
742	47.013199	12.973885	0.291545	91.466667	2.337807
743	47.014791	12.944936	0.218659	91.466667	2.337165
744	47.024465	12.998162	0.218659	91.466667	2.339883
745	47.030622	12.969258	0.218659	91.466667	2.317559
746	47.035336	13.005954	0.218659	91.466667	2.338787
747	47.046003	12.903759	0.218659	91.466667	2.336279
748	47.036487	12.849067	0.145773	91.466667	2.328189
749	47.048339	12.913833	0.072886	91.466667	2.345903
750	47.046897	12.893233	0.218659	91.466667	2.351439
751	47.046793	12.866342	0.072886	91.466667	2.338499
752	47.057974	12.841680	0.145773	91.466667	2.336030
753	47.056037	12.878552	0.145773	91.466667	2.334604
754	47.054869	12.946833	0.218659	91.466667	2.317748
755	47.061831	12.946941	0.218659	91.466667	2.325353
756	47.055358	13.017300	0.072886	91.466667	2.338068
757	47.053903	13.017897	0.072886	91.466667	2.330631
758	47.059643	13.057267	0.072886	91.466667	2.351924
759	47.060776	12.991245	0.145773	91.466667	2.336316
760	47.054866	13.053872	0.145773	91.466667	2.328624
761	47.055650	13.008790	0.145773	91.466667	2.348876
762	47.062582	12.978486	0.145773	91.466667	2.341398
763	47.058362	13.052392	0.145773	91.466667	2.338591
764	47.051868	13.057270	0.145773	91.466667	2.332814
765	47.053277	13.040415	0.218659	91.466667	2.348121
766	47.061455	13.038351	0.291545	91.466667	2.346231
767	47.061795	13.036309	0.218659	91.466667	2.354516
768	47.058624	13.005786	0.145773	91.466667	2.335047
769	47.062048	13.044880	0.072886	91.466667	2.332614
770	47.062454	13.005772	0.291545	91.466667	2.329236
771	47.072205	12.983143	0.072886	91.466667	2.337896
772	47.064543	12.931750	0.218659	91.466667	2.338944
773	47.075915	12.929854	0.145773	91.466667	2.357341
774	47.069502	12.979742	0.072886	91.466667	2.336139
775	47.064024	12.910959	0.218659	91.466667	2.334122
776	47.070307	12.933548	0.291545	91.466667	2.314122
777	47.073475	12.974648	0.291545	91.466667	2.321647
778	47.066754	12.934872	0.145773	91.466667	2.342102
779	47.065207	12.942927	0.218659	91.466667	2.334208
780	47.063380	12.953114	0.291545	91.466667	2.318751
781	47.069395	12.973405	0.218659	91.466667	2.358324
782	47.063780	12.921124	0.145773	91.466667	2.314687
783	47.050333	12.941648	0.291545	91.466667	2.327740
784	47.064972	12.975862	0.145773	91.466667	2.327551
785	47.061563	12.938769	0.145773	91.466667	2.329041
786	47.070232	12.942104	0.218659	91.466667	2.336763
787	47.072417	12.914772	0.145773	91.466667	2.350259
788	47.061932	12.973502	0.145773	91.466667	2.327273
789	47.065830	13.006847	0.145773	91.466667	2.319582
790	47.070137	12.977857	0.145773	91.466667	2.334492
791	47.075462	13.023306	0.218659	91.466667	2.330173
792	47.059578	13.006518	0.218659	91.466667	2.339746
793	47.068602	13.012056	0.291545	91.466667	2.335390
794	47.062969	13.017728	0.364431	91.466667	2.331318
795	47.062090	12.940687	0.145773	91.466667	2.339729
796	47.069472	12.934950	0.145773	91.466667	2.325367
797	47.069728	12.923063	0.218659	91.466667	2.333542
798	47.069407	13.004655	0.291545	91.466667	2.328602
799	47.071874	12.995351	0.218659	91.466667	2.350043
800	47.063982	12.946999	0.145773	91.466667	2.336960
801	47.072071	12.913801	0.218659	91.466667	2.332277
802	47.064185	12.972744	0.072886	91.466667	2.331849
803	47.061568	13.009965	0.145773	91.466667	2.310332
804	47.054648	12.931937	0.145773	91.466667	2.342093
805	47.064129	12.925850	0.145773	91.466667	2.340858
806	47.062308	12.916157	0.145773	91.466667	2.331003
807	47.061932	12.968327	0.145773	91.466667	2.348465
808	47.065890	12.935543	0.145773	91.466667	2.344903
809	47.062230	12.920643	0.145773	91.466667	2.319148
810	47.063470	12.897344	0.145773	91.466667	2.345711
811	47.071332	12.923760	0.145773	91.466667	2.332852
812	47.070813	12.929198	0.072886	91.466667	2.329152
813	47.065502	12.898315	0.145773	91.466667	2.341533
814	47.066969	12.905341	0.145773	91.466667	2.345656
815	47.054321	12.884201	0.145773	91.466667	2.336009
816	47.064540	12.853663	0.145773	91.466667	2.342037
817	47.063890	12.919197	0.145773	91.466667	2.330359
818	47.063866	12.857545	0.145773	91.466667	2.319222
819	47.070065	12.847006	0.218659	91.466667	2.350024
820	47.076607	12.932967	0.218659	91.466667	2.346743
821	47.073275	12.913040	0.218659	91.466667	2.325963
822	47.070616	12.864946	0.145773	91.466667	2.354700
823	47.076806	12.845279	0.072886	91.466667	2.345528
824	47.073519	12.886185	0.072886	91.466667	2.338111
825	47.068477	12.863502	0.145773	91.466667	2.321234
826	47.067332	12.882384	0.072886	91.466667	2.342719
827	47.073731	12.891512	0.218659	91.466667	2.344559
828	47.076905	12.856207	0.145773	91.466667	2.327959
829	47.075111	12.864235	0.145773	91.466667	2.333698
830	47.075027	12.814138	0.145773	91.466667	2.330614
831	47.082633	12.828687	0.145773	91.466667	2.351788
832	47.094786	12.889846	0.218659	91.466667	2.312455
833	47.085437	12.861334	0.145773	91.466667	2.330611
834	47.083682	12.871922	0.072886	91.466667	2.349396
835	47.087204	12.919939	0.145773	91.466667	2.337346
836	47.081381	12.900704	0.072886	91.466667	2.357903
837	47.088537	12.881050	0.145773	91.466667	2.346246
838	47.088718	12.907657	0.145773	91.466667	2.362828
839	47.079343	12.972611	0.145773	91.466667	2.344153
840	47.090286	12.988250	0.145773	91.466667	2.340519
841	47.090590	12.975772	0.072886	91.466667	2.357477
842	47.086596	13.003779	0.072886	91.466667	2.325985
843	47.075295	12.957701	0.145773	91.466667	2.354955
844	47.093153	12.974686	0.145773	91.466667	2.348276
845	47.094619	13.029709	0.072886	91.466667	2.341861
846	47.092226	12.967507	0.145773	91.466667	2.359718
847	47.082376	12.992538	0.145773	91.466667	2.338514
848	47.082603	12.966132	0.145773	91.466667	2.328926
849	47.081220	12.979201	0.072886	91.466667	2.342923
850	47.087583	13.003535	0.145773	91.466667	2.326269
851	47.088575	12.964297	0.145773	91.466667	2.327656
852	47.089773	12.941296	0.145773	91.466667	2.372849
853	47.090656	12.950832	0.072886	91.466667	2.337491
854	47.094208	12.875405	0.145773	91.466667	2.346107
855	47.084391	12.892510	0.072886	91.466667	2.336684
856	47.086966	12.850275	0.145773	91.466667	2.350012
857	47.086388	12.853549	0.145773	91.466667	2.351403
858	47.081429	12.897993	0.145773	91.466667	2.336990
859	47.089881	12.942997	0.218659	91.466667	2.322443
860	47.087765	12.900657	0.145773	91.466667	2.357477
861	47.094035	12.946461	0.145773	91.466667	2.321235
862	47.087362	12.943784	0.072886	91.466667	2.346743
863	47.088176	13.021211	0.072886	91.466667	2.346618
864	47.085059	12.966624	0.145773	91.466667	2.313712
865	47.082311	12.927230	0.218659	91.466667	2.349309
866	47.085685	12.956776	0.072886	91.466667	2.352940
867	47.082841	12.934095	0.218659	91.466667	2.338715
868	47.082412	12.974254	0.218659	91.466667	2.358526
869	47.081426	13.022231	0.145773	91.466667	2.317316
870	47.090080	13.036511	0.145773	91.466667	2.347688
871	47.086465	13.025428	0.218659	91.466667	2.330215
872	47.086954	13.015477	0.218659	91.466667	2.331692
873	47.075176	12.986201	0.145773	91.466667	2.333129
874	47.075021	12.923006	0.218659	91.466667	2.364391
875	47.074521	12.892688	0.218659	91.466667	2.321009
876	47.069335	12.946988	0.218659	91.466667	2.350143
877	47.070599	12.998674	0.218659	91.466667	2.326532
878	47.086173	12.944393	0.218659	91.466667	2.317210
879	47.079614	12.992330	0.218659	91.466667	2.341885
880	47.082186	13.068609	0.218659	91.466667	2.333544
881	47.090870	13.019754	0.145773	91.466667	2.328862
882	47.078985	13.040238	0.218659	91.466667	2.345612
883	47.082704	13.015070	0.218659	91.466667	2.347850
884	47.230035	13.056799	0.218659	91.466667	2.321543
885	47.252584	13.031570	0.218659	91.466667	2.350384
886	47.263211	13.074904	0.145773	91.466667	2.335630
887	47.271430	13.057149	0.145773	91.466667	2.341124
888	47.276062	13.053266	0.218659	91.466667	2.360275
889	47.281057	13.067413	0.291545	91.466667	2.336931
890	47.284228	13.057431	0.291545	91.466667	2.335852
891	47.286421	13.049630	0.291545	91.466667	2.339201
892	47.295454	13.080799	0.218659	91.466667	2.330637
893	47.302943	13.110376	0.291545	91.466667	2.353018
894	47.293001	13.068489	0.291545	91.466667	2.337238
895	47.291917	13.032590	0.291545	91.466667	2.326392
896	47.295791	13.036129	0.291545	91.466667	2.334359
897	47.294316	13.035037	0.291545	91.466667	2.351286
898	47.288579	13.058584	0.291545	91.466667	2.335188
899	47.293127	13.050800	0.291545	91.466667	2.365042
900	47.296739	13.027497	0.218659	91.466667	2.322031
901	47.294173	13.020046	0.218659	91.466667	2.348743
902	47.300220	13.019345	0.218659	91.466667	2.358947
903	47.299743	13.031806	0.218659	91.466667	2.340770
904	47.302008	13.059865	0.218659	91.466667	2.337501
905	47.305733	13.053450	0.291545	91.466667	2.333233
906	47.303218	13.032631	0.291545	91.466667	2.336650
907	47.311759	13.017762	0.291545	91.466667	2.323166
908	47.312233	13.054926	0.291545	91.466667	2.356476
909	47.307533	13.018338	0.291545	91.466667	2.332204
910	47.315934	13.038440	0.291545	91.466667	2.332422
911	47.308189	13.027184	0.291545	91.466667	2.351924
912	47.305292	13.032339	0.218659	91.466667	2.351392
913	47.306150	13.053893	0.218659	91.466667	2.354931
914	47.302195	13.060715	0.291545	91.466667	2.338390
915	47.305328	13.048492	0.291545	91.466667	2.362159
916	47.310197	13.042367	0.291545	91.466667	2.323075
917	47.307551	13.058918	0.291545	91.466667	2.338333
918	47.305340	13.027740	0.291545	91.466667	2.333156
919	47.306395	13.034575	0.218659	91.466667	2.352685
920	47.311094	13.022884	0.291545	91.466667	2.344832
921	47.309643	13.020017	0.291545	91.466667	2.329381
922	47.312874	13.050742	0.291545	91.466667	2.338655
923	47.314203	13.051074	0.291545	91.466667	2.338569
924	47.305891	13.067907	0.291545	91.466667	2.362595
925	47.310787	13.036416	0.291545	91.466667	2.338392
926	47.312194	13.055741	0.291545	91.466667	2.359690
927	47.309497	12.982303	0.291545	91.466667	2.333334
928	47.310129	13.038327	0.291545	91.466667	2.336658
929	47.312418	13.063107	0.218659	91.466667	2.331061
930	47.307265	13.033961	0.291545	91.466667	2.345958
931	47.308332	13.050145	0.218659	91.466667	2.354649
932	47.307688	13.064659	0.218659	91.466667	2.334496
933	47.305691	13.073776	0.218659	91.466667	2.330197
934	47.312573	13.098917	0.291545	91.466667	2.350923
935	47.306234	13.073297	0.218659	91.466667	2.334404
936	47.307777	13.084187	0.218659	91.466667	2.334184
937	47.304600	13.066406	0.218659	91.466667	2.340506
938	47.307217	13.058394	0.218659	91.466667	2.331503
939	47.311819	13.063805	0.218659	91.466667	2.335989
940	47.317010	13.084041	0.218659	91.466667	2.350777
941	47.310859	13.085186	0.218659	91.466667	2.337117
942	47.307980	13.085772	0.218659	91.466667	2.350813
943	47.311294	13.064262	0.218659	91.466667	2.328583
944	47.316140	13.089128	0.218659	91.466667	2.321707
945	47.313958	13.060780	0.218659	91.466667	2.341697
946	47.312212	13.101410	0.218659	91.466667	2.342716
947	47.310925	13.073948	0.218659	91.466667	2.323605
948	47.313696	13.076285	0.218659	91.466667	2.360732
949	47.310311	13.060866	0.291545	91.466667	2.319297
950	47.311959	13.073215	0.218659	91.466667	2.344449
951	47.310883	13.071445	0.218659	91.466667	2.363001
952	47.311094	13.044237	0.218659	91.466667	2.340232
953	47.312480	13.056547	0.218659	91.466667	2.356760
954	47.312266	13.047846	0.218659	91.466667	2.335503
955	47.311389	13.035037	0.218659	91.466667	2.342953
956	47.312355	13.088973	0.218659	91.466667	2.361312
957	47.315973	13.118139	0.218659	91.466667	2.331514
958	47.317478	13.091363	0.218659	91.466667	2.325863
959	47.315633	13.084379	0.218659	91.466667	2.358882
960	47.313613	13.078720	0.291545	91.466667	2.348905
961	47.310197	13.062333	0.218659	91.466667	2.358506
962	47.312129	13.042114	0.218659	91.466667	2.331805
963	47.312635	13.022356	0.218659	91.466667	2.346779
964	47.307754	13.045891	0.291545	91.466667	2.356030
965	47.306144	13.006632	0.291545	91.466667	2.331893
966	47.310311	13.010585	0.218659	91.466667	2.326813
967	47.315919	13.000571	0.218659	91.466667	2.354462
968	47.314417	13.036552	0.218659	91.466667	2.344603
969	47.311151	13.010881	0.218659	91.466667	2.356840
970	47.311938	13.022931	0.218659	91.466667	2.338340
971	47.316319	13.004409	0.218659	91.466667	2.320527
972	47.311991	13.003751	0.218659	91.466667	2.340951
973	47.314698	13.050850	0.218659	91.466667	2.325457
974	47.317144	13.015681	0.218659	91.466667	2.334446
975	47.317386	13.018897	0.291545	91.466667	2.359843
976	47.319782	13.027403	0.218659	91.466667	2.329669
977	47.322935	13.041548	0.218659	91.466667	2.353546
978	47.319871	13.041730	0.218659	91.466667	2.315402
979	47.316694	13.046349	0.218659	91.466667	2.332644
980	47.314680	13.021386	0.218659	91.466667	2.351280
981	47.314459	13.024173	0.218659	91.466667	2.331641
982	47.307909	13.035803	0.218659	91.466667	2.330212
983	47.309682	13.022812	0.218659	91.466667	2.348458
984	47.314316	13.019392	0.218659	91.466667	2.334075
985	47.312653	12.969107	0.218659	91.466667	2.348133
986	47.314170	12.980720	0.218659	91.466667	2.349172
987	47.311419	12.986012	0.218659	91.466667	2.314643
988	47.311187	13.028028	0.218659	91.466667	2.347805
989	47.316039	13.014160	0.218659	91.466667	2.346343
990	47.313100	13.047639	0.218659	91.466667	2.342942
991	47.307822	13.011085	0.218659	91.466667	2.356117
992	47.308719	13.044216	0.218659	91.466667	2.354020
993	47.307599	13.021910	0.218659	91.466667	2.345986
994	47.314572	13.028602	0.218659	91.466667	2.335202
995	47.313309	13.010686	0.218659	91.466667	2.339209
996	47.311619	13.015354	0.218659	91.466667	2.351678
997	47.311959	12.993396	0.218659	91.466667	2.332108
998	47.318572	12.976308	0.218659	91.466667	2.336662
999	47.316760	12.974808	0.218659	91.466667	2.346696
1000	47.315624	12.940925	0.218659	91.466667	2.350876
1001	47.309753	12.937963	0.218659	91.466667	2.346046
1002	47.309798	12.953068	0.218659	91.466667	2.350093
1003	47.306985	12.933780	0.218659	91.466667	2.346811
1004	47.312358	12.967739	0.291545	91.466667	2.338738
1005	47.313559	12.959962	0.218659	91.466667	2.352308
1006	47.313637	12.948479	0.218659	91.466667	2.341547
1007	47.317380	12.953580	0.218659	91.466667	2.339845
1008	47.315973	12.939793	0.218659	91.466667	2.315629
1009	47.319922	12.950059	0.218659	91.466667	2.320247
1010	47.315547	12.983658	0.218659	91.466667	2.353349
1011	47.312677	12.940561	0.218659	91.466667	2.341002
1012	47.313800	12.984019	0.291545	91.466667	2.326952
1013	47.317201	12.974528	0.218659	91.466667	2.349338
1014	47.315580	12.994708	0.218659	91.466667	2.334424
1015	47.317976	13.021446	0.145773	91.466667	2.324408
1016	47.318447	13.006056	0.218659	91.466667	2.342007
1017	47.319603	12.963186	0.218659	91.466667	2.326525
1018	47.315228	12.989014	0.218659	91.466667	2.343113
1019	47.316778	12.940818	0.218659	91.466667	2.360719
1020	47.319525	12.946372	0.218659	91.466667	2.334355
1021	47.316390	12.924411	0.218659	91.466667	2.351252
1022	47.313711	12.949210	0.218659	91.466667	2.343015
1023	47.314760	12.959089	0.218659	91.466667	2.332680
1024	47.316915	12.954396	0.218659	91.466667	2.325008
1025	47.315723	12.941127	0.218659	91.466667	2.335416
1026	47.320089	12.985738	0.218659	91.466667	2.338086
1027	47.320050	12.965274	0.218659	91.466667	2.361725
1028	47.322881	12.986582	0.145773	91.466667	2.144078
1029	47.356910	12.996384	0.218659	91.466667	2.154389
1030	47.357091	13.000665	0.218659	91.466667	2.128915
1031	47.357935	12.999625	0.218659	91.466667	2.127710
1032	47.358495	13.001604	0.218659	91.466667	2.126247
1033	47.358620	13.002453	0.218659	91.466667	2.135615
1034	47.358871	13.002848	0.218659	91.466667	2.120706
1035	47.358853	13.003310	0.218659	91.466667	2.125337
1036	47.358871	13.003690	0.218659	91.466667	2.135590
1037	47.358793	13.003779	0.218659	91.466667	2.154372
1038	47.358793	13.003779	0.218659	91.466667	2.131373
1039	47.358793	13.003779	0.218659	91.466667	2.118494
1040	47.358793	13.003779	0.218659	91.466667	2.151109
1041	47.358793	13.003779	0.218659	91.466667	2.121735
1042	47.358793	13.003779	0.218659	91.466667	2.129051
1043	47.358793	13.003779	0.218659	91.466667	2.123469
1044	47.358793	13.003779	0.218659	91.466667	2.158777
1045	47.358793	13.003779	0.218659	91.466667	2.144468
1046	47.358793	13.003779	0.218659	91.466667	2.119055
1047	47.358793	13.003779	0.218659	91.466667	2.120778
1048	47.358793	13.003779	0.218659	91.466667	2.155644
1049	47.358793	13.003779	0.218659	91.466667	2.116068
1050	47.358793	13.003779	0.218659	91.466667	2.127079
1051	47.358793	13.003779	0.218659	91.466667	2.122822
1052	47.358793	13.003779	0.218659	91.466667	2.168443
1053	47.358793	13.003779	0.218659	91.466667	2.125275
1054	47.358793	13.003779	0.218659	91.466667	2.125208
1055	47.358793	13.003779	0.218659	91.466667	2.125838
1056	47.358793	13.003779	0.218659	91.466667	2.147094
1057	47.358793	13.003779	0.218659	91.466667	2.142205
1058	47.358793	13.003779	0.218659	91.466667	2.138751
1059	47.358793	13.003779	0.218659	91.466667	2.147435
1060	47.358793	13.003779	0.218659	91.466667	2.145915
1061	47.358793	13.003779	0.218659	91.466667	2.162643
1062	47.358793	13.003779	0.218659	91.466667	2.150658
1063	47.358793	13.003779	0.218659	91.466667	2.122499
1064	47.358793	13.003779	0.218659	91.466667	2.154626
1065	47.358793	13.003779	0.218659	91.466667	2.167369
1066	47.358793	13.003779	0.218659	91.466667	2.142679
1067	47.358793	13.003779	0.218659	91.466667	2.134632
1068	47.358793	13.003779	0.218659	91.466667	2.151043
1069	47.358793	13.003779	0.218659	91.466667	2.137148
1070	47.358793	13.003779	0.218659	91.466667	2.140760
1071	47.358793	13.003779	0.218659	91.466667	2.124152
1072	47.358793	13.003779	0.218659	91.466667	2.126955
1073	47.358793	13.003779	0.218659	91.466667	2.120581
1074	47.358793	13.003779	0.218659	91.466667	2.137554
1075	47.358793	13.003779	0.218659	91.466667	2.136847
1076	47.358793	13.003779	0.218659	91.466667	2.127586
1077	47.358793	13.003779	0.218659	91.466667	2.124549
1078	47.358793	13.003779	0.218659	91.466667	2.140875
1079	47.358793	13.003779	0.218659	91.466667	2.116215
1080	47.358793	13.003779	0.218659	91.466667	2.130868
1081	47.358793	13.003779	0.218659	91.466667	2.123981
1082	47.358793	13.003779	0.218659	91.466667	2.157793
1083	47.358793	13.003779	0.218659	91.466667	2.152685
1084	47.358793	13.003779	0.218659	91.466667	2.182155
