1	27.841049	3.406531	0.072939	91.400000	2.364920
2	33.440930	4.965094	0.000000	91.400000	2.393664
3	38.118291	6.033172	0.000000	91.400000	2.387113
4	40.931833	6.635321	0.000000	91.400000	2.415684
5	42.543027	6.810789	0.000000	91.400000	2.394797
6	43.561286	6.939943	0.000000	91.400000	2.410093
7	44.147107	7.045349	0.000000	91.400000	2.414814
8	44.524536	7.113103	0.000000	91.400000	2.396537
9	44.813776	7.126387	0.000000	91.400000	2.406842
10	45.028818	7.116526	0.000000	91.400000	2.411668
11	45.212656	7.132118	0.000000	91.400000	2.399480
12	45.358294	7.224054	0.000000	91.400000	2.424868
13	45.471519	7.315590	0.000000	91.400000	2.399720
14	45.587420	7.268180	0.000000	91.400000	2.395901
15	45.675057	7.294629	0.000000	91.400000	2.415331
16	45.751601	7.290167	0.000000	91.400000	2.403712
17	45.822227	7.413662	0.000000	91.400000	2.401035
18	45.884210	7.421474	0.000000	91.400000	2.419090
19	45.942602	7.462524	0.000000	91.400000	2.398295
20	45.965505	7.452037	0.000000	91.400000	2.431102
21	46.004564	7.503665	0.000000	91.400000	2.404832
22	46.044642	7.558536	0.000000	91.400000	2.399523
23	46.082526	7.656508	0.000000	91.400000	2.419083
24	46.124089	7.770459	0.000000	91.400000	2.397840
25	46.151769	7.770950	0.000000	91.400000	2.401921
26	46.210033	7.836706	0.072939	91.400000	2.417909
27	46.249568	7.803413	0.072939	91.400000	2.402588
28	46.280947	7.782802	0.072939	91.400000	2.424080
29	46.311486	7.858771	0.000000	91.400000	2.458812
30	46.348575	7.833698	0.000000	91.400000	2.421092
31	46.367475	7.829803	0.000000	91.400000	2.404816
32	46.388122	7.770825	0.000000	91.400000	2.425549
33	46.389437	7.841050	0.000000	91.400000	2.405713
34	46.407148	7.896385	0.000000	91.400000	2.400739
35	46.440750	7.939000	0.000000	91.400000	2.419263
36	46.446943	7.941590	0.000000	91.400000	2.399583
37	46.457994	7.908258	0.000000	91.400000	2.422579
38	46.477574	7.905048	0.000000	91.400000	2.449740
39	46.507412	7.925299	0.000000	91.400000	2.428995
40	46.517172	7.892741	0.000000	91.400000	2.405782
41	46.535081	7.918749	0.000000	91.400000	2.426824
42	46.540210	7.869864	0.000000	91.400000	2.406351
43	46.546921	7.802368	0.000000	91.400000	2.402914
44	46.564317	7.823239	0.000000	91.400000	2.418420
45	46.594760	7.790020	0.000000	91.400000	2.417668
46	46.612078	7.866952	0.000000	91.400000	2.389765
47	46.609244	7.903738	0.000000	91.400000	2.421012
48	46.633267	7.880952	0.000000	91.400000	2.404522
49	46.632633	7.765163	0.000000	91.400000	2.425419
50	46.632773	7.843748	0.000000	91.400000	2.464051
51	46.647447	7.828664	0.000000	91.400000	2.414240
52	46.658790	7.825478	0.000000	91.400000	2.390565
53	46.650255	7.803496	0.000000	91.400000	2.424613
54	46.641681	7.865895	0.000000	91.400000	2.420596
55	46.657997	7.853935	0.000000	91.400000	2.398231
56	46.669698	7.913685	0.000000	91.400000	2.452233
57	46.654212	7.839578	0.000000	91.400000	2.440010
58	46.671239	7.914587	0.000000	91.400000	2.409830
59	46.687090	7.851495	0.000000	91.400000	2.406969
60	46.674299	7.892582	0.000000	91.400000	2.413125
61	46.668589	7.884421	0.000000	91.400000	2.399556
62	46.678716	7.890955	0.000000	91.400000	2.436313
63	46.679598	7.872957	0.000000	91.400000	2.472235
64	46.675736	7.836461	0.000000	91.400000	2.415415
65	46.652207	7.819891	0.000000	91.400000	2.413055
66	46.668577	7.868605	0.000000	91.400000	2.425911
67	46.682870	7.843671	0.000000	91.400000	2.465385
68	46.679372	7.918963	0.000000	91.400000	2.417543
69	46.676877	7.880098	0.000000	91.400000	2.409871
70	46.678510	7.922565	0.000000	91.400000	2.421384
71	46.684328	7.999424	0.000000	91.400000	2.420212
72	46.689609	8.003248	0.000000	91.400000	2.449104
73	46.699429	7.952857	0.000000	91.400000	2.418680
74	46.702141	7.957752	0.000000	91.400000	2.419479
75	46.692848	7.964632	0.000000	91.400000	2.398542
76	46.696240	8.085016	0.000000	91.400000	2.446922
77	46.710566	8.101206	0.000000	91.400000	2.472244
78	46.717766	8.122222	0.000000	91.400000	2.424498
79	46.714160	8.077442	0.072939	91.400000	2.440397
80	46.716988	8.053369	0.000000	91.400000	2.446603
81	46.712053	8.039137	0.000000	91.400000	2.422858
82	46.711001	8.028151	0.000000	91.400000	2.446474
83	46.716529	8.133037	0.000000	91.400000	2.448442
84	46.711808	8.076062	0.000000	91.400000	2.420839
85	46.716523	8.051712	0.000000	91.400000	2.431285
86	46.723175	8.046231	0.000000	91.400000	2.467090
87	46.729374	8.016867	0.000000	91.400000	2.414236
88	46.723682	8.019447	0.072939	91.400000	2.413861
89	46.724528	8.082159	0.000000	91.400000	2.425957
90	46.717709	8.036526	0.000000	91.400000	2.448172
91	46.746522	8.006965	0.000000	91.400000	2.428202
92	46.733516	7.979706	0.000000	91.400000	2.442194
93	46.734074	8.117783	0.000000	91.400000	2.466563
94	46.737659	8.184661	0.000000	91.400000	2.424482
95	46.739006	8.292177	0.000000	91.400000	2.400509
96	46.727774	8.238569	0.000000	91.400000	2.438058
97	46.719927	8.206531	0.000000	91.400000	2.470909
98	46.725675	8.253020	0.000000	91.400000	2.415400
99	46.749383	8.230957	0.000000	91.400000	2.422379
100	46.761611	8.204876	0.000000	91.400000	2.467709
101	46.748245	8.159112	0.000000	91.400000	2.442935
102	46.759284	8.119183	0.000000	91.400000	2.448023
103	46.751708	8.195893	0.000000	91.400000	2.442345
104	46.766460	8.143602	0.000000	91.400000	2.422658
105	46.764424	8.066221	0.000000	91.400000	2.425242
106	46.760768	8.127355	0.000000	91.400000	2.460752
107	46.775782	8.101763	0.000000	91.400000	2.423451
108	46.788341	8.171574	0.000000	91.400000	2.397628
109	46.777764	8.127255	0.000000	91.400000	2.432421
110	46.789470	8.160781	0.000000	91.400000	2.407665
111	46.788162	8.135214	0.000000	91.400000	2.447688
112	46.782225	8.161072	0.000000	91.400000	2.448594
113	46.793130	8.149728	0.000000	91.400000	2.423219
114	46.793294	8.157102	0.000000	91.400000	2.451024
115	46.786550	8.200764	0.000000	91.400000	2.435680
116	46.802956	8.136787	0.000000	91.400000	2.426851
117	46.810532	8.215972	0.000000	91.400000	2.424684
118	46.798754	8.204829	0.000000	91.400000	2.415748
119	46.805406	8.244175	0.000000	91.400000	2.450905
120	46.814609	8.202178	0.000000	91.400000	2.434791
121	46.821237	8.181256	0.000000	91.400000	2.425595
122	46.839970	8.131738	0.000000	91.400000	2.443167
123	46.824136	8.226257	0.000000	91.400000	2.428707
124	46.824765	8.205292	0.000000	91.400000	2.436468
125	46.833163	8.158834	0.000000	91.400000	2.432969
126	46.833074	8.219826	0.000000	91.400000	2.441951
127	46.820363	8.263806	0.000000	91.400000	2.442719
128	46.814430	8.294749	0.072939	91.400000	2.465996
129	46.827519	8.250543	0.000000	91.400000	2.434136
130	46.815550	8.301141	0.000000	91.400000	2.399078
131	46.805012	8.243728	0.000000	91.400000	2.430706
132	46.819597	8.250159	0.072939	91.400000	2.464571
133	46.816272	8.217693	0.000000	91.400000	2.426959
134	46.814221	8.231976	0.000000	91.400000	2.433597
135	46.824360	8.259964	0.000000	91.400000	2.460719
136	46.817231	8.283138	0.000000	91.400000	2.432398
137	46.823192	8.280265	0.000000	91.400000	2.422211
138	46.807122	8.330184	0.000000	91.400000	2.412377
139	46.793902	8.359263	0.000000	91.400000	2.458877
140	46.824729	8.305672	0.000000	91.400000	2.436063
141	46.816021	8.332493	0.000000	91.400000	2.413762
142	46.848387	8.363147	0.000000	91.400000	2.455265
143	46.844429	8.328239	0.000000	91.400000	2.426384
144	46.838674	8.415348	0.000000	91.400000	2.427786
145	46.864974	8.360382	0.000000	91.400000	2.407614
146	46.869230	8.454071	0.000000	91.400000	2.421256
147	46.866745	8.345233	0.000000	91.400000	2.464910
148	46.854088	8.407070	0.000000	91.400000	2.423201
149	46.876764	8.420343	0.000000	91.400000	2.411096
150	46.856767	8.433793	0.000000	91.400000	2.452146
151	46.866238	8.443076	0.000000	91.400000	2.457453
152	46.859846	8.554490	0.000000	91.400000	2.412034
153	46.863380	8.470996	0.000000	91.400000	2.414147
154	46.874928	8.466944	0.000000	91.400000	2.454563
155	46.889895	8.467759	0.000000	91.400000	2.438568
156	46.878636	8.538016	0.000000	91.400000	2.410841
157	46.889472	8.427467	0.000000	91.400000	2.401679
158	46.887261	8.526415	0.000000	91.400000	2.422341
159	46.885812	8.508636	0.000000	91.400000	2.402832
160	46.901101	8.551604	0.000000	91.400000	2.427947
161	46.896231	8.544181	0.000000	91.400000	2.472210
162	46.896595	8.551635	0.000000	91.400000	2.425118
163	46.903563	8.603893	0.000000	91.400000	2.431783
164	46.880651	8.590702	0.000000	91.400000	2.453546
165	46.901280	8.619848	0.000000	91.400000	2.430049
166	46.893436	8.752052	0.000000	91.400000	2.454447
167	46.907115	8.669625	0.000000	91.400000	2.436739
168	46.899882	8.678435	0.000000	91.400000	2.417292
169	46.900815	8.625832	0.000000	91.400000	2.427439
170	46.901214	8.566334	0.000000	91.400000	2.456065
171	46.883309	8.673589	0.000000	91.400000	2.422373
172	46.877590	8.723038	0.000000	91.400000	2.419434
173	46.891141	8.656200	0.000000	91.400000	2.422597
174	46.893325	8.662543	0.000000	91.400000	2.443093
175	46.890908	8.696321	0.000000	91.400000	2.439017
176	46.902484	8.669104	0.000000	91.400000	2.424119
177	46.899098	8.694932	0.000000	91.400000	2.458801
178	46.885800	8.733940	0.000000	91.400000	2.438838
179	46.890193	8.673035	0.000000	91.400000	2.407034
180	46.855372	8.703658	0.072939	91.400000	2.422523
181	46.863779	8.722239	0.000000	91.400000	2.455335
182	46.872294	8.680514	0.000000	91.400000	2.437812
183	46.884495	8.640802	0.000000	91.400000	2.418645
184	46.873897	8.671177	0.000000	91.400000	2.429139
185	46.863234	8.687153	0.000000	91.400000	2.469477
186	46.874905	8.665970	0.000000	91.400000	2.417294
187	46.887347	8.695198	0.072939	91.400000	2.419293
188	46.893853	8.676995	0.000000	91.400000	2.458861
189	46.892023	8.734068	0.000000	91.400000	2.441058
190	46.887493	8.762170	0.072939	91.400000	2.403853
191	46.887159	8.725080	0.072939	91.400000	2.433844
192	46.889830	8.740994	0.000000	91.400000	2.473113
193	46.900669	8.663262	0.000000	91.400000	2.422763
194	46.940306	8.711834	0.072939	91.400000	2.408512
195	46.948686	8.689623	0.000000	91.400000	2.430031
196	46.939072	8.753647	0.072939	91.400000	2.470756
197	46.937716	8.654720	0.072939	91.400000	2.421080
198	46.941304	8.601937	0.072939	91.400000	2.450815
199	46.939862	8.635687	0.072939	91.400000	2.438826
200	46.947736	8.688261	0.072939	91.400000	2.432731
201	46.945775	8.709768	0.000000	91.400000	2.461591
202	46.949375	8.687918	0.000000	91.400000	2.424679
203	46.937102	8.650831	0.000000	91.400000	2.415632
204	46.933085	8.629523	0.000000	91.400000	2.425859
205	46.949342	8.644556	0.000000	91.400000	2.451764
206	46.952730	8.779758	0.072939	91.400000	2.429365
207	46.956164	8.794845	0.000000	91.400000	2.407860
208	46.956763	8.789119	0.072939	91.400000	2.419064
209	46.960253	8.759396	0.072939	91.400000	2.395746
210	46.964884	8.758262	0.072939	91.400000	2.437199
211	46.976182	8.755601	0.000000	91.400000	2.465121
212	46.996903	8.824656	0.000000	91.400000	2.426481
213	46.993330	8.866774	0.072939	91.400000	2.427521
214	46.998608	8.901482	0.000000	91.400000	2.450361
215	46.977395	8.937353	0.072939	91.400000	2.437439
216	46.971613	8.921906	0.000000	91.400000	2.414822
217	46.992996	8.951172	0.000000	91.400000	2.408661
218	46.975556	8.974081	0.000000	91.400000	2.431102
219	46.983647	8.984913	0.000000	91.400000	2.468866
220	46.995801	8.989677	0.000000	91.400000	2.404957
221	47.004908	9.051363	0.000000	91.400000	2.415386
222	46.992975	9.094680	0.000000	91.400000	2.420194
223	46.977842	9.136763	0.000000	91.400000	2.405094
224	46.990836	9.063402	0.072939	91.400000	2.432596
225	46.996921	9.117122	0.000000	91.400000	2.460896
226	47.006997	9.154139	0.000000	91.400000	2.422834
227	47.000679	9.130783	0.000000	91.400000	2.451597
228	47.003403	9.100489	0.000000	91.400000	2.431378
229	47.003022	9.082696	0.000000	91.400000	2.425379
230	46.996516	9.134422	0.000000	91.400000	2.416823
231	47.010255	9.176672	0.000000	91.400000	2.426862
232	47.017491	9.236425	0.000000	91.400000	2.456587
233	47.026449	9.191882	0.000000	91.400000	2.437754
234	47.029293	9.178588	0.000000	91.400000	2.463217
235	47.028232	9.224571	0.000000	91.400000	2.423602
236	47.035831	9.253570	0.000000	91.400000	2.414158
237	47.046226	9.268285	0.000000	91.400000	2.425698
238	47.036570	9.279584	0.000000	91.400000	2.429273
239	47.044280	9.402260	0.000000	91.400000	2.447476
240	47.018230	9.436395	0.000000	91.400000	2.445503
241	47.030663	9.380464	0.000000	91.400000	2.473772
242	47.033912	9.390202	0.000000	91.400000	2.419147
243	47.032088	9.350255	0.000000	91.400000	2.404174
244	47.039512	9.400062	0.000000	91.400000	2.436524
245	47.029927	9.468089	0.000000	91.400000	2.463311
246	47.026157	9.566091	0.000000	91.400000	2.415069
247	47.036767	9.641779	0.000000	91.400000	2.421797
248	47.030732	9.702490	0.000000	91.400000	2.436584
249	47.044730	9.701231	0.000000	91.400000	2.460794
250	47.035798	9.641275	0.000000	91.400000	2.413408
251	47.032696	9.658188	0.000000	91.400000	2.407139
252	47.040552	9.715121	0.072939	91.400000	2.428891
253	47.044349	9.708431	0.000000	91.400000	2.453332
254	47.029197	9.641693	0.000000	91.400000	2.419173
255	47.047335	9.731662	0.000000	91.400000	2.449536
256	47.040716	9.750371	0.000000	91.400000	2.451628
257	47.031593	9.761007	0.072939	91.400000	2.435346
258	47.027913	9.856149	0.000000	91.400000	2.407243
259	47.025132	9.847704	0.000000	91.400000	2.434252
260	47.032678	9.866749	0.072939	91.400000	2.459499
261	47.055268	9.867328	0.000000	91.400000	2.418894
262	47.039491	9.823535	0.072939	91.400000	2.426927
263	47.031307	9.763746	0.000000	91.400000	2.445796
264	47.054702	9.878118	0.000000	91.400000	2.451398
265	47.049987	9.873895	0.072939	91.400000	2.424604
266	47.049648	9.959880	0.000000	91.400000	2.424682
267	47.034568	9.949592	0.000000	91.400000	2.446909
268	47.032419	10.001617	0.145879	91.400000	2.429747
269	47.031978	10.019048	0.072939	91.400000	2.411585
270	47.043324	9.992913	0.000000	91.400000	2.402518
271	47.046888	9.933633	0.072939	91.400000	2.425367
272	47.033876	9.952765	0.000000	91.400000	2.443990
273	47.032154	9.966491	0.145879	91.400000	2.432968
274	47.029573	10.017618	0.072939	91.400000	2.437071
275	47.010261	9.966934	0.072939	91.400000	2.470021
276	47.030827	10.050893	0.000000	91.400000	2.425041
277	47.045749	10.169296	0.072939	91.400000	2.419627
278	47.045434	10.255558	0.072939	91.400000	2.450147
279	47.056678	10.231513	0.000000	91.400000	2.450457
280	47.054064	10.264962	0.072939	91.400000	2.427303
281	47.052461	10.243809	0.000000	91.400000	2.441818
282	47.034743	10.182144	0.072939	91.400000	2.443977
283	47.038829	10.257177	0.072939	91.400000	2.434129
284	47.036922	10.316969	0.000000	91.400000	2.467432
285	47.033799	10.251512	0.072939	91.400000	2.415246
286	47.028464	10.311371	0.000000	91.400000	2.414489
287	47.053075	10.300286	0.072939	91.400000	2.429013
288	47.043812	10.344700	0.072939	91.400000	2.441134
289	47.036019	10.440160	0.000000	91.400000	2.433833
290	47.034612	10.441331	0.000000	91.400000	2.454816
291	47.039151	10.430690	0.000000	91.400000	2.447331
292	47.031829	10.532070	0.000000	91.400000	2.427514
293	47.029722	10.481391	0.000000	91.400000	2.403805
294	47.021836	10.519142	0.072939	91.400000	2.443009
295	47.028476	10.560390	0.145879	91.400000	2.470813
296	47.039777	10.565055	0.000000	91.400000	2.431712
297	47.042266	10.514054	0.000000	91.400000	2.459564
298	47.035870	10.516901	0.000000	91.400000	2.430676
299	47.026727	10.577848	0.000000	91.400000	2.429665
300	47.022462	10.529072	0.072939	91.400000	2.466526
301	47.027415	10.576935	0.000000	91.400000	2.426637
302	47.009474	10.607189	0.000000	91.400000	2.420861
303	47.029465	10.586476	0.072939	91.400000	2.457977
304	47.024405	10.643688	0.072939	91.400000	2.440420
305	47.005934	10.600299	0.072939	91.400000	2.429563
306	47.028828	10.561637	0.000000	91.400000	2.403781
307	47.026062	10.554037	0.000000	91.400000	2.457186
308	47.019687	10.587339	0.000000	91.400000	2.436333
309	47.033674	10.588243	0.000000	91.400000	2.403446
310	47.020322	10.546704	0.072939	91.400000	2.438161
311	47.030115	10.601391	0.072939	91.400000	2.475406
312	47.016978	10.681076	0.072939	91.400000	2.428295
313	47.019589	10.710094	0.145879	91.400000	2.440316
314	47.044897	10.643078	0.145879	91.400000	2.436774
315	47.049898	10.731421	0.145879	91.400000	2.442346
316	47.061333	10.628510	0.000000	91.400000	2.469379
317	47.065318	10.721996	0.072939	91.400000	2.427619
318	47.046822	10.669211	0.072939	91.400000	2.447154
319	47.048593	10.773067	0.072939	91.400000	2.453070
320	47.050625	10.732605	0.072939	91.400000	2.433117
321	47.066319	10.718373	0.000000	91.400000	2.469496
322	47.046179	10.789935	0.000000	91.400000	2.421227
323	47.064334	10.768754	0.000000	91.400000	2.421944
324	47.062910	10.735943	0.072939	91.400000	2.457984
325	47.054166	10.702932	0.000000	91.400000	2.442245
326	47.051889	10.848666	0.000000	91.400000	2.410999
327	47.058687	10.790608	0.000000	91.400000	2.406649
328	47.068262	10.816641	0.000000	91.400000	2.457552
329	47.051188	10.791290	0.072939	91.400000	2.447816
330	47.069430	10.847831	0.000000	91.400000	2.408204
331	47.075903	10.794079	0.000000	91.400000	2.435180
332	47.064170	10.769856	0.000000	91.400000	2.475391
333	47.059360	10.783779	0.000000	91.400000	2.430600
334	47.064751	10.778022	0.000000	91.400000	2.439727
335	47.059843	10.864045	0.072939	91.400000	2.435174
336	47.063878	10.739970	0.000000	91.400000	2.442401
337	47.053814	10.745445	0.000000	91.400000	2.459786
338	47.071642	10.737452	0.000000	91.400000	2.428618
339	47.075191	10.736265	0.000000	91.400000	2.429003
340	47.078699	10.727994	0.000000	91.400000	2.469916
341	47.071406	10.758583	0.000000	91.400000	2.434350
342	47.061893	10.845375	0.000000	91.400000	2.454113
343	47.062075	10.842954	0.000000	91.400000	2.435014
344	47.068861	10.837512	0.000000	91.400000	2.426292
345	47.082862	10.834721	0.072939	91.400000	2.439447
346	47.101730	10.794671	0.000000	91.400000	2.457664
347	47.100699	10.829799	0.072939	91.400000	2.418517
348	47.100294	10.802164	0.072939	91.400000	2.406864
349	47.102347	10.878276	0.072939	91.400000	2.437920
350	47.096264	10.856470	0.072939	91.400000	2.458840
351	47.086504	10.914195	0.145879	91.400000	2.411221
352	47.082376	10.763539	0.145879	91.400000	2.438319
353	47.097096	10.769546	0.145879	91.400000	2.477768
354	47.103122	10.723014	0.000000	91.400000	2.428233
355	47.097260	10.699523	0.072939	91.400000	2.436612
356	47.089469	10.755602	0.145879	91.400000	2.440195
357	47.083491	10.783893	0.072939	91.400000	2.438827
358	47.099972	10.801496	0.000000	91.400000	2.465090
359	47.105914	10.897235	0.000000	91.400000	2.433949
360	47.107506	10.921810	0.000000	91.400000	2.438903
361	47.115964	10.914652	0.000000	91.400000	2.456124
362	47.102326	10.914850	0.000000	91.400000	2.430685
363	47.114801	10.948692	0.000000	91.400000	2.454938
364	47.114235	10.876680	0.072939	91.400000	2.440529
365	47.126770	10.925104	0.000000	91.400000	2.425472
366	47.129130	10.928207	0.000000	91.400000	2.460233
367	47.117358	10.976579	0.000000	91.400000	2.440810
368	47.118682	10.938795	0.000000	91.400000	2.419313
369	47.110435	11.016419	0.072939	91.400000	2.399355
370	47.104719	10.959705	0.000000	91.400000	2.446183
371	47.103983	10.938680	0.000000	91.400000	2.456295
372	47.122428	10.943064	0.000000	91.400000	2.415118
373	47.123703	10.957651	0.000000	91.400000	2.443494
374	47.118458	10.976481	0.000000	91.400000	2.469524
375	47.110367	10.942207	0.000000	91.400000	2.461473
376	47.102976	10.914017	0.000000	91.400000	2.442089
377	47.104496	10.907687	0.000000	91.400000	2.404391
378	47.111890	10.933602	0.072939	91.400000	2.442471
379	47.135800	10.948926	0.000000	91.400000	2.475996
380	47.128326	11.004277	0.000000	91.400000	2.431210
381	47.121561	11.040099	0.000000	91.400000	2.421441
382	47.109479	11.031514	0.000000	91.400000	2.455621
383	47.115660	11.026080	0.000000	91.400000	2.432586
384	47.113961	11.009619	0.072939	91.400000	2.471524
385	47.121426	11.014800	0.000000	91.400000	2.424963
386	47.127423	11.068909	0.000000	91.400000	2.423984
387	47.118792	11.024484	0.000000	91.400000	2.458871
388	47.120205	11.009360	0.145879	91.400000	2.442444
389	47.117603	11.011201	0.000000	91.400000	2.435129
390	47.103441	11.048939	0.072939	91.400000	2.434131
391	47.119561	11.043037	0.072939	91.400000	2.432456
392	47.124961	11.057609	0.000000	91.400000	2.434046
393	47.129828	10.986729	0.000000	91.400000	2.437112
394	47.119933	11.049872	0.000000	91.400000	2.444816
395	47.111791	11.060008	0.072939	91.400000	2.451197
396	47.126585	11.119708	0.072939	91.400000	2.456531
397	47.137776	11.100146	0.145879	91.400000	2.434453
398	47.138360	11.095118	0.072939	91.400000	2.414179
399	47.127199	11.117840	0.000000	91.400000	2.461621
400	47.107974	11.077806	0.218818	91.400000	2.444651
401	47.112581	11.137581	0.000000	91.400000	2.464926
402	47.114265	11.132845	0.000000	91.400000	2.434080
403	47.118700	11.213833	0.072939	91.400000	2.420112
404	47.127032	11.077072	0.000000	91.400000	2.465890
405	47.123271	11.137354	0.000000	91.400000	2.442182
406	47.134963	11.179834	0.072939	91.400000	2.458857
407	47.146541	11.163627	0.072939	91.400000	2.445717
408	47.143281	11.176502	0.000000	91.400000	2.435439
409	47.140059	11.165507	0.072939	91.400000	2.468382
410	47.144693	11.206395	0.072939	91.400000	2.447120
411	47.137794	11.123575	0.000000	91.400000	2.461109
412	47.136587	11.125609	0.000000	91.400000	2.423038
413	47.144818	11.116763	0.000000	91.400000	2.420590
414	47.136343	11.120499	0.000000	91.400000	2.454336
415	47.115073	11.148192	0.072939	91.400000	2.440271
416	47.122347	11.146484	0.000000	91.400000	2.419501
417	47.135171	11.133171	0.000000	91.400000	2.406320
418	47.139215	11.163844	0.072939	91.400000	2.456887
419	47.141826	11.245545	0.072939	91.400000	2.445697
420	47.143775	11.173631	0.000000	91.400000	2.402657
421	47.151095	11.222302	0.000000	91.400000	2.440187
422	47.149587	11.181866	0.145879	91.400000	2.466300
423	47.143561	11.132255	0.000000	91.400000	2.426485
424	47.154057	11.177571	0.000000	91.400000	2.421903
425	47.147512	11.162399	0.000000	91.400000	2.459029
426	47.146446	11.249082	0.072939	91.400000	2.440987
427	47.141203	11.261923	0.000000	91.400000	2.455840
428	47.134259	11.185610	0.000000	91.400000	2.439546
429	47.142524	11.217770	0.000000	91.400000	2.421242
430	47.153771	11.223781	0.072939	91.400000	2.473849
431	47.155613	11.244057	0.072939	91.400000	2.444978
432	47.160524	11.252590	0.072939	91.400000	2.454034
433	47.155088	11.247499	0.072939	91.400000	2.439173
434	47.172123	11.256448	0.000000	91.400000	2.421909
435	47.160447	11.236910	0.000000	91.400000	2.457733
436	47.162202	11.102243	0.000000	91.400000	2.449447
437	47.163993	11.173168	0.072939	91.400000	2.412380
438	47.158384	11.175665	0.072939	91.400000	2.407240
439	47.162789	11.132319	0.072939	91.400000	2.421813
440	47.157425	11.201192	0.145879	91.400000	2.443371
441	47.156394	11.275690	0.072939	91.400000	2.430369
442	47.155416	11.197039	0.072939	91.400000	2.433310
443	47.145951	11.216532	0.072939	91.400000	2.456820
444	47.138822	11.184460	0.072939	91.400000	2.438506
445	47.145271	11.166598	0.072939	91.400000	2.426877
446	47.150278	11.267309	0.072939	91.400000	2.458362
447	47.159892	11.206505	0.072939	91.400000	2.446205
448	47.153804	11.161584	0.000000	91.400000	2.422991
449	47.148085	11.217477	0.072939	91.400000	2.408944
450	47.152206	11.216465	0.072939	91.400000	2.455722
451	47.151229	11.131513	0.000000	91.400000	2.437019
452	47.139326	11.213105	0.072939	91.400000	2.425625
453	47.140244	11.168738	0.072939	91.400000	2.432091
454	47.153461	11.155591	0.072939	91.400000	2.445725
455	47.142199	11.266024	0.072939	91.400000	2.435099
456	47.140294	11.129632	0.072939	91.400000	2.435049
457	47.147250	11.128971	0.072939	91.400000	2.444094
458	47.156566	11.120828	0.072939	91.400000	2.437403
459	47.157359	11.113777	0.072939	91.400000	2.451592
460	47.155926	11.183061	0.072939	91.400000	2.441687
461	47.163680	11.187536	0.072939	91.400000	2.400233
462	47.179210	11.188458	0.218818	91.400000	2.442751
463	47.170156	11.175916	0.145879	91.400000	2.469564
464	47.152370	11.169165	0.000000	91.400000	2.425180
465	47.157079	11.182925	0.072939	91.400000	2.435939
466	47.158390	11.181984	0.000000	91.400000	2.452867
467	47.152856	11.181953	0.072939	91.400000	2.428472
468	47.158724	11.259046	0.000000	91.400000	2.420201
469	47.161543	11.212863	0.000000	91.400000	2.408084
470	47.155917	11.210339	0.145879	91.400000	2.463012
471	47.140786	11.233530	0.072939	91.400000	2.437345
472	47.149041	11.117239	0.072939	91.400000	2.447359
473	47.147202	11.231830	0.072939	91.400000	2.438495
474	47.157252	11.257882	0.000000	91.400000	2.414994
475	47.161251	11.197739	0.000000	91.400000	2.430041
476	47.170433	11.227233	0.000000	91.400000	2.411656
477	47.156942	11.229668	0.072939	91.400000	2.460264
478	47.154731	11.223142	0.072939	91.400000	2.438206
479	47.154137	11.216436	0.072939	91.400000	2.461418
480	47.140902	11.173152	0.145879	91.400000	2.439998
481	47.157145	11.162407	0.000000	91.400000	2.401403
482	47.161818	11.133175	0.000000	91.400000	2.430369
483	47.161758	11.198787	0.072939	91.400000	2.459512
484	47.163874	11.168105	0.072939	91.400000	2.431285
485	47.161192	11.231111	0.145879	91.400000	2.413302
486	47.160625	11.154372	0.000000	91.400000	2.432727
487	47.137094	11.155400	0.000000	91.400000	2.469261
488	47.155413	11.286506	0.072939	91.400000	2.418418
489	47.146505	11.236312	0.000000	91.400000	2.409471
490	47.162700	11.156650	0.000000	91.400000	2.426881
491	47.152591	11.162918	0.000000	91.400000	2.436893
492	47.148454	11.100235	0.000000	91.400000	2.438363
493	47.165826	11.176794	0.000000	91.400000	2.429426
494	47.151124	11.076344	0.000000	91.400000	2.418633
495	47.186911	11.131949	0.000000	91.400000	2.437662
496	47.187501	11.146005	0.000000	91.400000	2.434831
497	47.177976	11.110069	0.000000	91.400000	2.427437
498	47.168046	11.233955	0.145879	91.400000	2.420198
499	47.181708	11.276949	0.072939	91.400000	2.449368
500	47.167268	11.227801	0.072939	91.400000	2.436614
501	47.175276	11.247798	0.072939	91.400000	2.444716
502	47.155207	11.219209	0.000000	91.400000	2.466444
503	47.154576	11.220933	0.000000	91.400000	2.419527
504	47.152013	11.224962	0.072939	91.400000	2.417508
505	47.156969	11.168680	0.000000	91.400000	2.429152
506	47.150111	11.241317	0.145879	91.400000	2.468548
507	47.159946	11.224386	0.072939	91.400000	2.405676
508	47.166580	11.117651	0.145879	91.400000	2.438679
509	47.154665	11.160259	0.072939	91.400000	2.455049
510	47.157273	11.128953	0.072939	91.400000	2.432996
511	47.163123	11.073701	0.072939	91.400000	2.404433
512	47.160783	11.155568	0.072939	91.400000	2.425144
513	47.160524	11.054111	0.000000	91.400000	2.464668
514	47.161001	11.096401	0.000000	91.400000	2.426550
515	47.171938	11.069101	0.072939	91.400000	2.425397
516	47.156036	11.054084	0.000000	91.400000	2.446786
517	47.140723	11.085512	0.072939	91.400000	2.449677
518	47.170162	11.035008	0.000000	91.400000	2.410519
519	47.161037	11.020129	0.000000	91.400000	2.410456
520	47.147769	11.048780	0.000000	91.400000	2.460326
521	47.167271	11.028252	0.000000	91.400000	2.441722
522	47.176170	11.048756	0.145879	91.400000	2.410399
523	47.185749	11.012307	0.000000	91.400000	2.396827
524	47.184101	11.079500	0.000000	91.400000	2.436157
525	47.170514	11.019839	0.000000	91.400000	2.436273
526	47.178331	11.091776	0.000000	91.400000	2.439650
527	47.174725	11.043031	0.000000	91.400000	2.430690
528	47.194731	11.160607	0.072939	91.400000	2.425370
529	47.176683	11.105907	0.072939	91.400000	2.417644
530	47.180182	11.051206	0.000000	91.400000	2.439083
531	47.175413	11.052473	0.145879	91.400000	2.435831
532	47.161585	11.106687	0.145879	91.400000	2.422534
533	47.166061	11.089664	0.145879	91.400000	2.421117
534	47.171950	11.090487	0.145879	91.400000	2.464293
535	47.184765	11.142525	0.072939	91.400000	2.426470
536	47.184485	11.050217	0.000000	91.400000	2.452310
537	47.186506	11.099527	0.000000	91.400000	2.437029
538	47.172830	11.099061	0.000000	91.400000	2.419876
539	47.173709	11.046348	0.000000	91.400000	2.431942
540	47.171542	11.052438	0.000000	91.400000	2.449104
541	47.181249	11.067304	0.000000	91.400000	2.428288
542	47.172317	11.149797	0.000000	91.400000	2.426167
543	47.164863	11.069006	0.072939	91.400000	2.437328
544	47.165656	11.071149	0.145879	91.400000	2.452357
545	47.152048	11.115639	0.000000	91.400000	2.406831
546	47.151071	11.063164	0.072939	91.400000	2.427969
547	47.145927	11.090788	0.000000	91.400000	2.458049
548	47.154748	11.135409	0.072939	91.400000	2.438102
549	47.150686	11.139936	0.072939	91.400000	2.423209
550	47.138184	11.114201	0.218818	91.400000	2.471525
551	47.146547	11.108797	0.145879	91.400000	2.432532
552	47.168356	11.093748	0.072939	91.400000	2.419331
553	47.178423	11.139420	0.218818	91.400000	2.403350
554	47.150958	11.120989	0.218818	91.400000	2.426617
555	47.159106	11.134448	0.145879	91.400000	2.465703
556	47.155416	11.114671	0.072939	91.400000	2.411399
557	47.168887	11.105007	0.072939	91.400000	2.430347
558	47.171828	11.142113	0.072939	91.400000	2.448648
559	47.167546	11.185588	0.072939	91.400000	2.441564
560	47.162390	11.197777	0.218818	91.400000	2.406932
561	47.159272	11.173846	0.072939	91.400000	2.437629
562	47.173834	11.184711	0.218818	91.400000	2.469971
563	47.182873	11.158105	0.145879	91.400000	2.425089
564	47.189373	11.241638	0.218818	91.400000	2.423960
565	47.172987	11.193113	0.000000	91.400000	2.449969
566	47.177395	11.271448	0.072939	91.400000	2.436948
567	47.177655	11.217394	0.145879	91.400000	2.429078
568	47.190166	11.166563	0.072939	91.400000	2.415884
569	47.198159	11.177236	0.072939	91.400000	2.462880
570	47.183537	11.189135	0.145879	91.400000	2.440191
571	47.157773	11.209780	0.072939	91.400000	2.477138
572	47.153825	11.156354	0.145879	91.400000	2.414702
573	47.173113	11.174218	0.072939	91.400000	2.409223
574	47.163895	11.218583	0.072939	91.400000	2.450850
575	47.179148	11.132996	0.072939	91.400000	2.451903
576	47.177702	11.073978	0.072939	91.400000	2.409672
577	47.169662	11.169904	0.000000	91.400000	2.437967
578	47.165325	11.082819	0.000000	91.400000	2.474663
579	47.157466	11.046867	0.000000	91.400000	2.432341
580	47.166884	11.151461	0.072939	91.400000	2.440646
581	47.153693	11.120105	0.000000	91.400000	2.434576
582	47.168922	11.109479	0.072939	91.400000	2.436519
583	47.183740	11.140010	0.000000	91.400000	2.471596
584	47.170198	11.081854	0.000000	91.400000	2.425720
585	47.174802	10.988097	0.000000	91.400000	2.415079
586	47.189474	11.179858	0.000000	91.400000	2.426308
587	47.167927	11.194638	0.072939	91.400000	2.472461
588	47.168016	11.113443	0.072939	91.400000	2.416059
589	47.180200	11.087536	0.072939	91.400000	2.419860
590	47.179806	11.088930	0.072939	91.400000	2.454657
591	47.189713	11.145516	0.072939	91.400000	2.433290
592	47.182512	11.187910	0.072939	91.400000	2.412393
593	47.178453	11.175052	0.000000	91.400000	2.396348
594	47.178167	11.205806	0.000000	91.400000	2.434050
595	47.167081	11.233482	0.072939	91.400000	2.443215
596	47.182059	11.313534	0.072939	91.400000	2.436834
597	47.177750	11.280169	0.000000	91.400000	2.430566
598	47.194642	11.247591	0.000000	91.400000	2.451647
599	47.196448	11.247221	0.000000	91.400000	2.441399
600	47.199166	11.255117	0.000000	91.400000	2.405018
601	47.193104	11.230682	0.000000	91.400000	2.426072
602	47.185239	11.248613	0.000000	91.400000	2.459065
603	47.175449	11.254812	0.000000	91.400000	2.438008
604	47.180477	11.198444	0.000000	91.400000	2.423475
605	47.164285	11.209142	0.072939	91.400000	2.465629
606	47.178757	11.141633	0.145879	91.400000	2.435781
607	47.180504	11.163200	0.145879	91.400000	2.414193
608	47.175071	11.155260	0.072939	91.400000	2.410634
609	47.191045	11.087652	0.145879	91.400000	2.459900
610	47.191387	11.073858	0.000000	91.400000	2.441208
611	47.170806	11.083921	0.000000	91.400000	2.409449
612	47.182769	11.059012	0.000000	91.400000	2.431641
613	47.174978	11.114884	0.072939	91.400000	2.477001
614	47.172520	11.093977	0.000000	91.400000	2.430592
615	47.167876	11.109271	0.072939	91.400000	2.448699
616	47.173834	11.070600	0.000000	91.400000	2.427214
617	47.181255	11.078001	0.000000	91.400000	2.441280
618	47.176203	11.120302	0.000000	91.400000	2.469909
619	47.161114	11.119676	0.000000	91.400000	2.427125
620	47.173995	11.148539	0.000000	91.400000	2.430649
621	47.178048	11.113988	0.000000	91.400000	2.463911
622	47.171351	11.203260	0.000000	91.400000	2.425005
623	47.181645	11.224608	0.000000	91.400000	2.422196
624	47.179604	11.092738	0.000000	91.400000	2.425265
625	47.172970	11.259150	0.072939	91.400000	2.456452
626	47.175568	11.103390	0.000000	91.400000	2.442866
627	47.176093	11.034601	0.000000	91.400000	2.474953
628	47.172642	11.117571	0.072939	91.400000	2.417499
629	47.177431	11.050384	0.000000	91.400000	2.411941
630	47.177386	11.097428	0.000000	91.400000	2.459906
631	47.175789	11.124379	0.072939	91.400000	2.441611
632	47.194350	11.211009	0.072939	91.400000	2.413102
633	47.184217	11.264740	0.218818	91.400000	2.445878
634	47.191724	11.181585	0.072939	91.400000	2.469020
635	47.163832	11.190808	0.145879	91.400000	2.455161
636	47.166425	11.160541	0.145879	91.400000	2.442791
637	47.185129	11.224504	0.072939	91.400000	2.407400
638	47.192460	11.283215	0.072939	91.400000	2.440911
639	47.187597	11.133776	0.072939	91.400000	2.476050
640	47.191396	11.147668	0.072939	91.400000	2.429963
641	47.190058	11.132521	0.072939	91.400000	2.442999
642	47.192335	11.108421	0.072939	91.400000	2.435661
643	47.186500	11.078335	0.000000	91.400000	2.426398
644	47.177982	11.043334	0.000000	91.400000	2.453556
645	47.198674	10.951835	0.000000	91.400000	2.441484
646	47.196582	11.023036	0.000000	91.400000	2.427019
647	47.193056	10.950410	0.000000	91.400000	2.435709
648	47.202092	11.001685	0.000000	91.400000	2.462330
649	47.196963	10.959178	0.000000	91.400000	2.418150
650	47.194600	11.063189	0.072939	91.400000	2.424795
651	47.178733	11.096159	0.072939	91.400000	2.455857
652	47.167870	11.023354	0.145879	91.400000	2.433473
653	47.208682	11.066505	0.072939	91.400000	2.405800
654	47.172278	11.016163	0.072939	91.400000	2.442167
655	47.179985	10.994714	0.145879	91.400000	2.466943
656	47.167534	11.065703	0.218818	91.400000	2.430854
657	47.174025	11.089536	0.145879	91.400000	2.461341
658	47.186112	11.123353	0.000000	91.400000	2.415502
659	47.183064	11.058321	0.218818	91.400000	2.440780
660	47.192100	11.079187	0.072939	91.400000	2.473921
661	47.184464	11.116758	0.145879	91.400000	2.426888
662	47.166550	11.117574	0.145879	91.400000	2.453927
663	47.171795	11.018388	0.072939	91.400000	2.449254
664	47.181845	11.075740	0.072939	91.400000	2.439403
665	47.170007	11.089581	0.145879	91.400000	2.467880
666	47.161248	11.016492	0.218818	91.400000	2.428289
667	47.174662	11.033253	0.000000	91.400000	2.413721
668	47.171786	11.040593	0.072939	91.400000	2.457626
669	47.175038	11.062447	0.000000	91.400000	2.445154
670	47.171521	11.079922	0.072939	91.400000	2.473982
671	47.171468	11.052612	0.072939	91.400000	2.422225
672	47.182107	11.102209	0.072939	91.400000	2.417668
673	47.195709	11.088815	0.072939	91.400000	2.459060
674	47.191599	11.022848	0.000000	91.400000	2.442299
675	47.183403	11.020937	0.000000	91.400000	2.414522
676	47.184026	11.044345	0.218818	91.400000	2.457289
677	47.183478	11.125497	0.145879	91.400000	2.436931
678	47.173446	11.090335	0.145879	91.400000	2.435357
679	47.171992	11.110160	0.145879	91.400000	2.443766
680	47.178748	11.044877	0.000000	91.400000	2.439360
681	47.188821	11.043861	0.072939	91.400000	2.440345
682	47.164559	11.107091	0.072939	91.400000	2.471553
683	47.184926	11.060991	0.145879	91.400000	2.427353
684	47.190171	11.072737	0.000000	91.400000	2.438455
685	47.170234	11.051311	0.000000	91.400000	2.444679
686	47.176623	11.035410	0.072939	91.400000	2.435894
687	47.168377	10.980840	0.000000	91.400000	2.460388
688	47.165841	10.956359	0.000000	91.400000	2.437637
689	47.182593	11.051892	0.000000	91.400000	2.423509
690	47.172105	11.031619	0.000000	91.400000	2.456687
691	47.153139	11.042408	0.000000	91.400000	2.444948
692	47.164235	11.009611	0.000000	91.400000	2.424115
693	47.161233	10.975899	0.000000	91.400000	2.419360
694	47.165084	10.937827	0.000000	91.400000	2.455144
695	47.183895	10.939017	0.000000	91.400000	2.441550
696	47.183430	10.864539	0.000000	91.400000	2.451557
697	47.169229	10.968039	0.072939	91.400000	2.435194
698	47.187746	10.970545	0.072939	91.400000	2.408102
699	47.188476	11.034682	0.145879	91.400000	2.435567
700	47.184706	11.080661	0.218818	91.400000	2.443706
701	47.182769	11.070561	0.000000	91.400000	2.433731
702	47.196203	11.078962	0.145879	91.400000	2.438722
703	47.185588	11.019087	0.072939	91.400000	2.476114
704	47.180384	10.953734	0.000000	91.400000	2.427497
705	47.368887	11.027742	0.145879	91.400000	2.453876
706	47.422624	10.972898	0.145879	91.400000	2.435168
707	47.448906	11.020880	0.000000	91.400000	2.441660
708	47.473669	11.045880	0.072939	91.400000	2.469623
709	47.492814	11.035342	0.072939	91.400000	2.429761
710	47.489423	11.063190	0.145879	91.400000	2.458517
711	47.504723	11.128771	0.072939	91.400000	2.445766
712	47.504088	11.141737	0.145879	91.400000	2.461151
713	47.501445	11.101948	0.072939	91.400000	2.460300
714	47.496271	11.154197	0.145879	91.400000	2.436584
715	47.503632	11.199305	0.072939	91.400000	2.453121
716	47.509658	11.264322	0.072939	91.400000	2.423710
717	47.504073	11.205867	0.072939	91.400000	2.452340
718	47.500801	11.186928	0.072939	91.400000	2.463431
719	47.499979	11.207417	0.072939	91.400000	2.454364
720	47.520810	11.155194	0.145879	91.400000	2.442398
721	47.525471	11.185443	0.145879	91.400000	2.428166
722	47.511142	11.150991	0.072939	91.400000	2.456617
723	47.529018	11.142886	0.072939	91.400000	2.443743
724	47.526172	11.098999	0.000000	91.400000	2.417095
725	47.532222	11.187113	0.072939	91.400000	2.461158
726	47.530234	11.233373	0.072939	91.400000	2.427643
727	47.541893	11.262181	0.000000	91.400000	2.436895
728	47.534975	11.253534	0.000000	91.400000	2.442596
729	47.532976	11.223689	0.000000	91.400000	2.440295
730	47.514454	11.170161	0.072939	91.400000	2.449423
731	47.512144	11.179287	0.000000	91.400000	2.476001
732	47.522110	11.170241	0.000000	91.400000	2.434524
733	47.516200	11.142993	0.072939	91.400000	2.442528
734	47.519794	11.155958	0.000000	91.400000	2.425979
735	47.526470	11.115866	0.000000	91.400000	2.445836
736	47.526523	11.183317	0.072939	91.400000	2.475304
737	47.533458	11.167208	0.000000	91.400000	2.432559
738	47.534221	11.091668	0.000000	91.400000	2.426157
739	47.534004	11.120170	0.072939	91.400000	2.453519
740	47.540271	11.125765	0.072939	91.400000	2.448250
741	47.527295	11.188364	0.072939	91.400000	2.471114
742	47.535563	11.191622	0.072939	91.400000	2.421947
743	47.534621	11.121187	0.072939	91.400000	2.429399
744	47.519112	11.116110	0.000000	91.400000	2.452549
745	47.533458	11.091750	0.072939	91.400000	2.449371
746	47.539800	11.025992	0.000000	91.400000	2.480801
747	47.540605	11.093278	0.218818	91.400000	2.415047
748	47.528708	11.087159	0.145879	91.400000	2.410569
749	47.523504	11.122348	0.218818	91.400000	2.459321
750	47.540057	11.217673	0.145879	91.400000	2.438726
751	47.524631	11.127975	0.072939	91.400000	2.406908
752	47.519335	11.109189	0.072939	91.400000	2.444292
753	47.532094	11.152655	0.000000	91.400000	2.472901
754	47.541344	11.122633	0.072939	91.400000	2.431518
755	47.545356	11.146858	0.000000	91.400000	2.441388
756	47.534698	11.179796	0.000000	91.400000	2.435934
757	47.545457	11.165031	0.072939	91.400000	2.444812
758	47.537717	11.193659	0.145879	91.400000	2.470064
759	47.533673	11.180598	0.000000	91.400000	2.431085
760	47.533095	11.133458	0.000000	91.400000	2.455426
761	47.531217	11.183904	0.072939	91.400000	2.434016
762	47.529215	11.152234	0.000000	91.400000	2.441415
763	47.544611	11.218317	0.072939	91.400000	2.474841
764	47.546604	11.215095	0.000000	91.400000	2.430031
765	47.548085	11.131989	0.000000	91.400000	2.446254
766	47.545263	11.096690	0.000000	91.400000	2.448605
767	47.545508	11.125248	0.000000	91.400000	2.451894
768	47.531411	11.105612	0.072939	91.400000	2.462674
769	47.542846	11.099140	0.000000	91.400000	2.429382
770	47.537494	11.078674	0.000000	91.400000	2.404021
771	47.535586	11.098450	0.000000	91.400000	2.457833
772	47.543660	11.263856	0.000000	91.400000	2.434093
773	47.546059	11.203373	0.000000	91.400000	2.412462
774	47.530621	11.094492	0.000000	91.400000	2.466110
775	47.521520	11.206623	0.072939	91.400000	2.425854
776	47.527754	11.163677	0.000000	91.400000	2.444851
777	47.526163	11.200277	0.000000	91.400000	2.421876
778	47.525012	11.185969	0.000000	91.400000	2.445152
779	47.527528	11.159051	0.072939	91.400000	2.447083
780	47.519487	11.310130	0.072939	91.400000	2.479924
781	47.515908	11.195132	0.072939	91.400000	2.430549
782	47.521174	11.260038	0.000000	91.400000	2.445828
783	47.524393	11.281909	0.000000	91.400000	2.434300
784	47.543609	11.273102	0.072939	91.400000	2.444310
785	47.546655	11.191710	0.072939	91.400000	2.474542
786	47.537583	11.251372	0.000000	91.400000	2.432156
787	47.530657	11.283077	0.000000	91.400000	2.424016
788	47.526386	11.272605	0.000000	91.400000	2.453913
789	47.541898	11.235617	0.000000	91.400000	2.443571
790	47.546691	11.218213	0.000000	91.400000	2.465206
791	47.552475	11.218472	0.000000	91.400000	2.420376
792	47.541445	11.230018	0.000000	91.400000	2.418359
793	47.533607	11.193993	0.072939	91.400000	2.465143
794	47.548372	11.176772	0.072939	91.400000	2.437293
795	47.542804	11.208621	0.000000	91.400000	2.417785
796	47.542700	11.150417	0.072939	91.400000	2.399781
797	47.557524	11.125341	0.072939	91.400000	2.421546
798	47.543731	11.127820	0.145879	91.400000	2.411394
799	47.541618	11.127835	0.072939	91.400000	2.455777
800	47.546384	11.109675	0.072939	91.400000	2.440384
801	47.539413	11.106807	0.072939	91.400000	2.461742
802	47.545630	11.135987	0.145879	91.400000	2.439218
803	47.540388	11.085948	0.072939	91.400000	2.427521
804	47.551078	11.067796	0.072939	91.400000	2.458657
805	47.546020	11.102948	0.145879	91.400000	2.441798
806	47.549373	11.091299	0.000000	91.400000	2.425927
807	47.543359	11.117490	0.000000	91.400000	2.408032
808	47.551221	11.118253	0.000000	91.400000	2.463854
809	47.554022	11.076337	0.000000	91.400000	2.440169
810	47.553077	11.159543	0.000000	91.400000	2.471283
811	47.535741	11.158215	0.000000	91.400000	2.423036
812	47.538111	11.170923	0.000000	91.400000	2.419215
813	47.536218	11.118102	0.000000	91.400000	2.459450
814	47.540179	11.063367	0.000000	91.400000	2.438066
815	47.545624	11.046443	0.000000	91.400000	2.412176
816	47.538275	11.075188	0.072939	91.400000	2.435990
817	47.534245	11.048176	0.145879	91.400000	2.455728
818	47.532809	11.100901	0.072939	91.400000	2.437070
819	47.525233	11.077552	0.072939	91.400000	2.410122
820	47.531205	11.084998	0.072939	91.400000	2.461104
821	47.535759	11.017248	0.145879	91.400000	2.442063
822	47.540554	11.055689	0.145879	91.400000	2.465594
823	47.535264	11.119216	0.072939	91.400000	2.435117
824	47.529277	11.145750	0.072939	91.400000	2.436169
825	47.523278	11.161343	0.072939	91.400000	2.455107
826	47.540462	11.166911	0.145879	91.400000	2.440765
827	47.535014	11.146017	0.072939	91.400000	2.425801
828	47.548866	11.152920	0.072939	91.400000	2.439653
829	47.523886	11.155768	0.145879	91.400000	2.443604
830	47.529715	11.210979	0.145879	91.400000	2.436691
831	47.524890	11.180835	0.218818	91.400000	2.468688
832	47.526029	11.200809	0.072939	91.400000	2.418308
833	47.542694	11.196605	0.145879	91.400000	2.415088
834	47.545671	11.223358	0.072939	91.400000	2.461200
835	47.524899	11.219764	0.145879	91.400000	2.438376
836	47.528937	11.251622	0.072939	91.400000	2.414470
837	47.535270	11.220481	0.000000	91.400000	2.441261
838	47.540230	11.197066	0.000000	91.400000	2.443485
839	47.529545	11.191315	0.000000	91.400000	2.432224
840	47.542194	11.213050	0.000000	91.400000	2.401871
841	47.539729	11.225373	0.000000	91.400000	2.438344
842	47.548759	11.212540	0.000000	91.400000	2.476411
843	47.533649	11.116877	0.000000	91.400000	2.431934
844	47.535837	11.134173	0.072939	91.400000	2.419870
845	47.537440	11.094523	0.072939	91.400000	2.452358
846	47.543198	11.158557	0.072939	91.400000	2.440242
847	47.541693	11.211002	0.072939	91.400000	2.463744
848	47.546428	11.135858	0.072939	91.400000	2.429221
849	47.713187	11.100488	0.072939	91.400000	2.421527
850	47.750801	11.098648	0.072939	91.400000	2.459775
851	47.774076	11.119771	0.072939	91.400000	2.445704
852	47.787720	11.116840	0.145879	91.400000	2.473119
853	47.791842	11.126280	0.072939	91.400000	2.423563
854	47.803915	11.202608	0.072939	91.400000	2.421051
855	47.799346	11.208625	0.072939	91.400000	2.438513
856	47.815004	11.191984	0.000000	91.400000	2.466224
857	47.813100	11.252070	0.000000	91.400000	2.419539
858	47.809327	11.205177	0.000000	91.400000	2.471289
859	47.817755	11.226891	0.000000	91.400000	2.429924
860	47.811073	11.141117	0.000000	91.400000	2.434250
861	47.815010	11.113506	0.000000	91.400000	2.448177
862	47.822368	11.099857	0.000000	91.400000	2.429538
863	47.836250	11.110908	0.000000	91.400000	2.448152
864	47.824067	11.191425	0.072939	91.400000	2.473747
865	47.830844	11.182032	0.072939	91.400000	2.439194
866	47.824645	11.181106	0.072939	91.400000	2.448533
867	47.828656	11.172695	0.000000	91.400000	2.421223
868	47.840366	11.218755	0.000000	91.400000	2.450105
869	47.831881	11.192147	0.000000	91.400000	2.471665
870	47.835910	11.200144	0.072939	91.400000	2.430516
871	47.830349	11.172018	0.072939	91.400000	2.426752
872	47.814655	11.165073	0.072939	91.400000	2.455165
873	47.823963	11.175927	0.145879	91.400000	2.445672
874	47.835070	11.193203	0.145879	91.400000	2.473310
875	47.828615	11.188942	0.145879	91.400000	2.422529
876	47.834796	11.223299	0.072939	91.400000	2.404458
877	47.839141	11.165264	0.072939	91.400000	2.465572
878	47.845638	11.147665	0.072939	91.400000	2.450262
879	47.836477	11.154124	0.145879	91.400000	2.439988
880	47.833753	11.175540	0.145879	91.400000	2.450475
881	47.833416	11.245224	0.145879	91.400000	2.428694
882	47.835937	11.180707	0.145879	91.400000	2.459566
883	47.835922	11.216146	0.072939	91.400000	2.439833
884	47.843802	11.160479	0.072939	91.400000	2.413595
885	47.837692	11.116533	0.072939	91.400000	2.444913
886	47.834110	11.153557	0.072939	91.400000	2.473867
887	47.842082	11.138716	0.000000	91.400000	2.457417
888	47.846991	11.157597	0.072939	91.400000	2.438648
889	47.835398	11.131101	0.072939	91.400000	2.412837
890	47.827265	11.195823	0.000000	91.400000	2.443228
891	47.835881	11.149801	0.072939	91.400000	2.470103
892	47.838724	11.212288	0.000000	91.400000	2.439643
893	47.844002	11.266955	0.072939	91.400000	2.462356
894	47.840536	11.250960	0.145879	91.400000	2.440090
895	47.846892	11.219597	0.000000	91.400000	2.461846
896	47.853959	11.189983	0.072939	91.400000	2.435009
897	47.849980	11.253382	0.145879	91.400000	2.468275
898	47.852239	11.201720	0.000000	91.400000	2.434802
899	47.844958	11.213476	0.000000	91.400000	2.431489
900	47.841057	11.196823	0.000000	91.400000	2.467553
901	47.847599	11.153902	0.000000	91.400000	2.458468
902	47.851127	11.158261	0.000000	91.400000	2.464468
903	47.850770	11.083726	0.072939	91.400000	2.424367
904	47.847462	11.161037	0.072939	91.400000	2.433721
905	47.862107	11.162158	0.072939	91.400000	2.451029
906	47.860217	11.145125	0.000000	91.400000	2.447611
907	47.852206	11.138287	0.072939	91.400000	2.475699
908	47.859478	11.149626	0.072939	91.400000	2.428789
909	47.851342	11.100745	0.000000	91.400000	2.420512
910	47.857037	11.072474	0.000000	91.400000	2.456600
911	47.857469	11.105167	0.072939	91.400000	2.438876
912	47.855079	11.125220	0.072939	91.400000	2.451818
913	47.859120	11.171995	0.072939	91.400000	2.435873
914	47.853875	11.190249	0.072939	91.400000	2.458541
915	47.854912	11.127344	0.072939	91.400000	2.444694
916	47.861218	11.150160	0.072939	91.400000	2.441542
917	47.860867	11.184927	0.145879	91.400000	2.425482
918	47.846723	11.137078	0.145879	91.400000	2.451956
919	47.847754	11.139817	0.145879	91.400000	2.433982
920	47.852340	11.147781	0.145879	91.400000	2.475753
921	47.846937	11.097948	0.072939	91.400000	2.441396
922	47.849670	11.088722	0.145879	91.400000	2.470236
923	47.842991	11.100742	0.145879	91.400000	2.435202
924	47.844666	11.123191	0.218818	91.400000	2.431050
925	47.848594	11.132523	0.145879	91.400000	2.469676
926	47.846955	11.088736	0.145879	91.400000	2.428172
927	47.850189	11.098801	0.145879	91.400000	2.455136
928	47.845334	11.095073	0.145879	91.400000	2.449567
929	47.842139	11.056419	0.145879	91.400000	2.476924
930	47.846192	11.117231	0.145879	91.400000	2.441595
931	47.852969	11.082681	0.072939	91.400000	2.471858
932	47.844270	11.152411	0.072939	91.400000	2.432168
933	47.857049	11.147484	0.072939	91.400000	2.435282
934	47.856826	11.139872	0.072939	91.400000	2.456666
935	47.848898	11.132518	0.145879	91.400000	2.452919
936	47.843719	11.113504	0.145879	91.400000	2.470446
937	47.853422	11.095465	0.145879	91.400000	2.427445
938	47.854596	11.152361	0.000000	91.400000	2.434585
939	47.855920	11.192033	0.000000	91.400000	2.457735
940	47.852057	11.134842	0.000000	91.400000	2.442801
941	47.848827	11.158636	0.072939	91.400000	2.472692
942	47.862059	11.075408	0.072939	91.400000	2.421742
943	47.855902	11.098725	0.000000	91.400000	2.468264
944	47.845852	11.084050	0.000000	91.400000	2.430111
945	47.853464	11.130389	0.000000	91.400000	2.431855
946	47.842276	11.197703	0.000000	91.400000	2.470978
947	47.858864	11.218410	0.000000	91.400000	2.419420
948	47.864038	11.220399	0.000000	91.400000	2.451555
949	47.851974	11.166538	0.072939	91.400000	2.479642
950	47.846946	11.159125	0.072939	91.400000	2.466895
951	47.859210	11.151098	0.072939	91.400000	2.439480
952	47.862142	11.145585	0.072939	91.400000	2.409655
953	47.861707	11.155482	0.072939	91.400000	2.462764
954	47.872430	11.220656	0.072939	91.400000	2.457577
955	47.867018	11.198495	0.000000	91.400000	2.479704
956	47.865254	11.226935	0.072939	91.400000	2.448184
957	47.862366	11.221808	0.072939	91.400000	2.456947
958	47.863245	11.162739	0.145879	91.400000	2.421104
959	47.862217	11.175315	0.072939	91.400000	2.442576
960	47.868288	11.180918	0.072939	91.400000	2.468526
961	47.868896	11.126976	0.218818	91.400000	2.435427
962	47.865570	11.211583	0.218818	91.400000	2.445139
963	47.865331	11.158798	0.145879	91.400000	2.441306
964	47.876549	11.188290	0.072939	91.400000	2.471712
965	47.867447	11.155894	0.145879	91.400000	2.442778
966	47.873157	11.162012	0.145879	91.400000	2.457010
967	47.865239	11.179417	0.072939	91.400000	2.451203
968	47.874847	11.175124	0.000000	91.400000	2.438133
969	47.872242	11.183524	0.072939	91.400000	2.460509
970	47.865245	11.174357	0.000000	91.400000	2.448849
971	47.875479	11.176056	0.000000	91.400000	2.463556
972	47.866851	11.176171	0.000000	91.400000	2.424228
973	47.860298	11.146910	0.000000	91.400000	2.450233
974	47.873294	11.169974	0.145879	91.400000	2.434121
975	47.866508	11.145938	0.072939	91.400000	2.441676
976	47.857603	11.188408	0.000000	91.400000	2.468528
977	47.862658	11.184747	0.145879	91.400000	2.428928
978	47.867507	11.201464	0.000000	91.400000	2.461951
979	47.866854	11.197781	0.072939	91.400000	2.437884
980	47.879022	11.179446	0.000000	91.400000	2.434770
981	47.866219	11.179752	0.072939	91.400000	2.468784
982	47.872096	11.180267	0.072939	91.400000	2.419723
983	47.870198	11.161839	0.072939	91.400000	2.447819
984	47.868565	11.176141	0.072939	91.400000	2.480956
985	47.867107	11.147001	0.145879	91.400000	2.483913
986	47.869366	11.097625	0.000000	91.400000	2.435718
987	47.876143	11.096057	0.000000	91.400000	2.473003
988	47.869676	11.207947	0.072939	91.400000	2.414427
989	47.865283	11.178708	0.072939	91.400000	2.444809
990	47.874534	11.174165	0.145879	91.400000	2.468687
991	47.872347	11.171189	0.145879	91.400000	2.439923
992	47.870013	11.208886	0.000000	91.400000	2.463439
993	47.883141	11.244195	0.072939	91.400000	2.413639
994	47.877318	11.214150	0.000000	91.400000	2.449520
995	47.876459	11.221246	0.072939	91.400000	2.468998
996	47.867307	11.168871	0.072939	91.400000	2.435418
997	47.863507	11.147429	0.000000	91.400000	2.460011
998	47.863102	11.089695	0.000000	91.400000	2.439267
999	47.864640	11.113783	0.000000	91.400000	2.469506
1000	47.861323	11.143105	0.145879	91.400000	2.444211
1001	47.857076	11.101042	0.072939	91.400000	2.470581
1002	47.865802	11.084735	0.072939	91.400000	2.432897
1003	47.861862	11.147801	0.145879	91.400000	2.454920
1004	47.868705	11.153105	0.145879	91.400000	2.449360
1005	47.876209	11.199923	0.072939	91.400000	2.450175
1006	47.873369	11.171415	0.072939	91.400000	2.460529
1007	47.860843	11.227631	0.072939	91.400000	2.434324
1008	47.865558	11.190746	0.072939	91.400000	2.435578
1009	47.870225	11.169744	0.000000	91.400000	2.462016
1010	47.873530	11.114926	0.000000	91.400000	2.457359
1011	47.870702	11.109103	0.000000	91.400000	2.444224
1012	47.864860	11.122925	0.000000	91.400000	2.429019
1013	47.866422	11.169254	0.072939	91.400000	2.449963
1014	47.865468	11.204570	0.072939	91.400000	2.432243
1015	47.872239	11.238883	0.000000	91.400000	2.436558
1016	47.863096	11.198501	0.145879	91.400000	2.456933
1017	47.860283	11.239093	0.072939	91.400000	2.423824
1018	47.860488	11.199807	0.072939	91.400000	2.449703
1019	47.858229	11.213048	0.145879	91.400000	2.477686
1020	47.853851	11.238698	0.145879	91.400000	2.439525
1021	47.859558	11.255209	0.072939	91.400000	2.457554
1022	47.857702	11.233334	0.072939	91.400000	2.413855
1023	47.858146	11.208606	0.072939	91.400000	2.438247
1024	47.855875	11.211330	0.000000	91.400000	2.474174
1025	47.858679	11.148851	0.000000	91.400000	2.428376
1026	47.857010	11.226213	0.000000	91.400000	2.455242
1027	47.852349	11.188207	0.072939	91.400000	2.442153
1028	47.861469	11.228225	0.000000	91.400000	2.442991
1029	47.859657	11.188001	0.000000	91.400000	2.464989
1030	47.866553	11.152342	0.072939	91.400000	2.465287
1031	47.879246	11.144208	0.000000	91.400000	2.436094
1032	47.866225	11.161038	0.072939	91.400000	2.462443
1033	47.874913	11.193948	0.145879	91.400000	2.452130
1034	47.883731	11.147010	0.145879	91.400000	2.462392
1035	47.883397	11.169539	0.072939	91.400000	2.427981
1036	47.876769	11.234776	0.145879	91.400000	2.431136
1037	47.877905	11.273450	0.072939	91.400000	2.454075
1038	47.882763	11.227025	0.000000	91.400000	2.447758
1039	47.877306	11.230414	0.072939	91.400000	2.462004
1040	47.877514	11.182352	0.072939	91.400000	2.429239
1041	47.874779	11.158545	0.072939	91.400000	2.405283
1042	47.868598	11.197468	0.072939	91.400000	2.433662
1043	47.874188	11.164367	0.000000	91.400000	2.450105
1044	47.861689	11.230797	0.000000	91.400000	2.425464
1045	47.872725	11.204442	0.145879	91.400000	2.451283
1046	47.871551	11.142220	0.145879	91.400000	2.476559
1047	47.873861	11.128986	0.000000	91.400000	2.441018
1048	47.866362	11.174837	0.072939	91.400000	2.459780
1049	47.871080	11.198085	0.072939	91.400000	2.408457
1050	47.866273	11.178349	0.145879	91.400000	2.440688
1051	47.881675	11.174279	0.000000	91.400000	2.475717
1052	47.874713	11.169091	0.000000	91.400000	2.434808
1053	47.867239	11.160634	0.145879	91.400000	2.437952
1054	47.859514	11.180479	0.000000	91.400000	2.455332
1055	47.869104	11.201840	0.072939	91.400000	2.429376
1056	47.869760	11.206599	0.072939	91.400000	2.473166
1057	47.865367	11.162115	0.000000	91.400000	2.432642
1058	47.854832	11.116683	0.000000	91.400000	2.445531
1059	47.874326	11.136889	0.000000	91.400000	2.445842
1060	47.871897	11.176579	0.072939	91.400000	2.434461
1061	47.860458	11.109472	0.000000	91.400000	2.475179
1062	47.858858	11.093461	0.072939	91.400000	2.423263
1063	47.856167	11.109164	0.072939	91.400000	2.420060
1064	47.863218	11.104613	0.072939	91.400000	2.461301
1065	47.865003	11.119195	0.145879	91.400000	2.438545
1066	47.871694	11.114302	0.072939	91.400000	2.426055
1067	47.867259	11.147290	0.072939	91.400000	2.452892
1068	47.860408	11.097979	0.072939	91.400000	2.454297
1069	47.865498	11.126178	0.072939	91.400000	2.476349
1070	47.860861	11.134572	0.145879	91.400000	2.431811
1071	47.860405	11.166515	0.072939	91.400000	2.446765
1072	47.856611	11.166485	0.145879	91.400000	2.430504
1073	47.857925	11.200628	0.145879	91.400000	2.437371
1074	47.856733	11.211457	0.072939	91.400000	2.478449
1075	47.851831	11.129526	0.072939	91.400000	2.439645
1076	47.854871	11.195463	0.000000	91.400000	2.450158
1077	47.865927	11.165506	0.072939	91.400000	2.426647
1078	47.860110	11.168954	0.072939	91.400000	2.433038
1079	47.858065	11.222390	0.145879	91.400000	2.466470
1080	47.862643	11.171095	0.000000	91.400000	2.431919
1081	47.871488	11.164363	0.072939	91.400000	2.434288
1082	47.871614	11.169513	0.072939	91.400000	2.460808
1083	47.858661	11.194149	0.000000	91.400000	2.448623
1084	47.865641	11.162757	0.072939	91.400000	2.467467
1085	47.867247	11.160196	0.145879	91.400000	2.429299
1086	48.018432	11.170803	0.072939	91.400000	2.452321
1087	48.049578	11.154932	0.072939	91.400000	2.446125
1088	48.061252	11.187928	0.072939	91.400000	2.447823
1089	48.068964	11.204819	0.072939	91.400000	2.468002
1090	48.075116	11.219232	0.145879	91.400000	2.418675
1091	48.081428	11.223797	0.072939	91.400000	2.428291
1092	48.077023	11.213367	0.072939	91.400000	2.453333
1093	48.077202	11.179862	0.072939	91.400000	2.442665
1094	48.079854	11.187908	0.072939	91.400000	2.431616
1095	48.087773	11.181042	0.072939	91.400000	2.452289
1096	48.083609	11.150412	0.072939	91.400000	2.460511
1097	48.091263	11.169054	0.072939	91.400000	2.451185
1098	48.090827	11.189556	0.072939	91.400000	2.444052
1099	48.088974	11.204299	0.145879	91.400000	2.449533
1100	48.098072	11.211644	0.072939	91.400000	2.432325
1101	48.100799	11.159066	0.145879	91.400000	2.452661
1102	48.103273	11.180791	0.145879	91.400000	2.471870
1103	48.103723	11.182878	0.145879	91.400000	2.464078
1104	48.100197	11.177826	0.145879	91.400000	2.443788
1105	48.106390	11.145816	0.145879	91.400000	2.404638
1106	48.103586	11.161316	0.145879	91.400000	2.450697
1107	48.102903	11.152852	0.072939	91.400000	2.467218
1108	48.103207	11.179123	0.145879	91.400000	2.440439
1109	48.106349	11.175713	0.145879	91.400000	2.459011
1110	48.112148	11.184168	0.145879	91.400000	2.433863
1111	48.108035	11.233724	0.072939	91.400000	2.465614
1112	48.108208	11.171242	0.072939	91.400000	2.441622
1113	48.110205	11.152929	0.072939	91.400000	2.463479
1114	48.108965	11.181750	0.145879	91.400000	2.433658
1115	48.108590	11.170739	0.145879	91.400000	2.419966
1116	48.111832	11.153244	0.145879	91.400000	2.469126
1117	48.103225	11.166232	0.072939	91.400000	2.443867
1118	48.110065	11.163487	0.145879	91.400000	2.458786
1119	48.110563	11.169213	0.072939	91.400000	2.443465
1120	48.114777	11.136353	0.072939	91.400000	2.435288
1121	48.117310	11.163856	0.145879	91.400000	2.461644
1122	48.115367	11.144621	0.145879	91.400000	2.440409
1123	48.113433	11.119361	0.145879	91.400000	2.452476
1124	48.116076	11.147071	0.145879	91.400000	2.436439
1125	48.121268	11.151522	0.145879	91.400000	2.424429
1126	48.119646	11.136554	0.145879	91.400000	2.461582
1127	48.118907	11.161536	0.145879	91.400000	2.448135
1128	48.118585	11.164225	0.072939	91.400000	2.416038
1129	48.124626	11.146523	0.072939	91.400000	2.463872
1130	48.123652	11.106660	0.145879	91.400000	2.457693
1131	48.117977	11.147239	0.145879	91.400000	2.478505
1132	48.124635	11.136569	0.145879	91.400000	2.435986
1133	48.126823	11.136072	0.145879	91.400000	2.447753
1134	48.120612	11.172021	0.145879	91.400000	2.425608
1135	48.119622	11.189252	0.145879	91.400000	2.443578
1136	48.118228	11.183571	0.145879	91.400000	2.475255
1137	48.121637	11.184982	0.145879	91.400000	2.430831
1138	48.122722	11.108126	0.145879	91.400000	2.477254
1139	48.124146	11.095151	0.145879	91.400000	2.410542
1140	48.123908	11.124800	0.145879	91.400000	2.441956
1141	48.124975	11.157232	0.145879	91.400000	2.472261
1142	48.124599	11.151153	0.145879	91.400000	2.426389
1143	48.119965	11.163918	0.145879	91.400000	2.454468
1144	48.123819	11.174214	0.145879	91.400000	2.451438
1145	48.133942	11.155784	0.145879	91.400000	2.465662
1146	48.128396	11.148314	0.145879	91.400000	2.443024
1147	48.131806	11.160368	0.072939	91.400000	2.431086
1148	48.133361	11.179096	0.145879	91.400000	2.444500
1149	48.130217	11.149407	0.145879	91.400000	2.442240
1150	48.127860	11.152239	0.145879	91.400000	2.436972
1151	48.127636	11.167932	0.145879	91.400000	2.471644
1152	48.123795	11.174381	0.145879	91.400000	2.429611
1153	48.124957	11.174002	0.145879	91.400000	2.448533
1154	48.133239	11.173499	0.072939	91.400000	2.440638
1155	48.123854	11.173749	0.145879	91.400000	2.437854
1156	48.128793	11.193214	0.072939	91.400000	2.470608
1157	48.128927	11.191352	0.145879	91.400000	2.416789
1158	48.132706	11.180941	0.145879	91.400000	2.435707
1159	48.123246	11.195261	0.145879	91.400000	2.477559
1160	48.116565	11.216971	0.145879	91.400000	2.434279
1161	48.119172	11.191217	0.145879	91.400000	2.465269
1162	48.120087	11.198729	0.145879	91.400000	2.414167
1163	48.119900	11.199793	0.145879	91.400000	2.437977
1164	48.124444	11.225969	0.145879	91.400000	2.475804
1165	48.125771	11.228935	0.145879	91.400000	2.435485
1166	48.131254	11.205170	0.145879	91.400000	2.449784
1167	48.128977	11.216535	0.145879	91.400000	2.421349
1168	48.128548	11.222100	0.145879	91.400000	2.447325
1169	48.124266	11.210700	0.145879	91.400000	2.474203
1170	48.129719	11.286264	0.145879	91.400000	2.432084
1171	48.125529	11.225413	0.145879	91.400000	2.445396
1172	48.130631	11.251085	0.145879	91.400000	2.446963
1173	48.129386	11.209389	0.145879	91.400000	2.456420
1174	48.130310	11.228965	0.145879	91.400000	2.462268
1175	48.126185	11.205026	0.145879	91.400000	2.469236
1176	48.122427	11.263380	0.145879	91.400000	2.430820
1177	48.127258	11.244912	0.145879	91.400000	2.424623
1178	48.121274	11.248764	0.145879	91.400000	2.465223
1179	48.131430	11.249983	0.145879	91.400000	2.441763
1180	48.128888	11.261054	0.145879	91.400000	2.476157
1181	48.129672	11.218497	0.145879	91.400000	2.427055
1182	48.135859	11.251632	0.145879	91.400000	2.432859
1183	48.140419	11.240822	0.145879	91.400000	2.462128
1184	48.143071	11.254327	0.145879	91.400000	2.443914
1185	48.145679	11.238722	0.145879	91.400000	2.429590
1186	48.145449	11.220525	0.145879	91.400000	2.456487
1187	48.147184	11.241061	0.145879	91.400000	2.457755
1188	48.146611	11.239762	0.145879	91.400000	2.452413
1189	48.148346	11.213760	0.145879	91.400000	2.437973
1190	48.150820	11.200003	0.145879	91.400000	2.449635
1191	48.148042	11.176767	0.145879	91.400000	2.433372
1192	48.148015	11.213921	0.145879	91.400000	2.448186
1193	48.139361	11.222010	0.145879	91.400000	2.475793
1194	48.140550	11.212864	0.145879	91.400000	2.447975
1195	48.145831	11.233099	0.145879	91.400000	2.458641
1196	48.145419	11.205772	0.145879	91.400000	2.439562
1197	48.145893	11.217498	0.145879	91.400000	2.456131
1198	48.145974	11.214058	0.145879	91.400000	2.454995
1199	48.143685	11.193326	0.145879	91.400000	2.469354
1200	48.143923	11.203965	0.145879	91.400000	2.436174
1201	48.153576	11.219039	0.145879	91.400000	2.476139
1202	48.155922	11.247395	0.145879	91.400000	2.411997
1203	48.156911	11.275146	0.145879	91.400000	2.443131
1204	48.159617	11.231347	0.145879	91.400000	2.466234
1205	48.157072	11.239867	0.145879	91.400000	2.426281
1206	48.155111	11.247747	0.072939	91.400000	2.458288
1207	48.159730	11.282591	0.145879	91.400000	2.449124
1208	48.157173	11.200319	0.145879	91.400000	2.475363
1209	48.159009	11.197486	0.145879	91.400000	2.443147
1210	48.157600	11.274674	0.145879	91.400000	2.468438
1211	48.155916	11.237507	0.145879	91.400000	2.427793
1212	48.151800	11.257930	0.145879	91.400000	2.423634
1213	48.155183	11.211575	0.145879	91.400000	2.468550
1214	48.156795	11.236268	0.145879	91.400000	2.439803
1215	48.161823	11.234181	0.145879	91.400000	2.444914
1216	48.158506	11.248303	0.145879	91.400000	2.444997
1217	48.153159	11.258962	0.145879	91.400000	2.425609
1218	48.163730	11.262106	0.072939	91.400000	2.432741
1219	48.154372	11.287842	0.145879	91.400000	2.470881
1220	48.155120	11.242534	0.145879	91.400000	2.415444
1221	48.162925	11.240724	0.145879	91.400000	2.436923
1222	48.155183	11.224588	0.145879	91.400000	2.475466
1223	48.161656	11.259672	0.145879	91.400000	2.433040
1224	48.158190	11.226806	0.145879	91.400000	2.458901
1225	48.157829	11.235779	0.145879	91.400000	2.423318
1226	48.162848	11.230780	0.145879	91.400000	2.442438
1227	48.161060	11.240500	0.145879	91.400000	2.474245
1228	48.162013	11.229268	0.145879	91.400000	2.441140
1229	48.159239	11.247793	0.145879	91.400000	2.462970
1230	48.158634	11.203925	0.145879	91.400000	2.410470
1231	48.159370	11.239001	0.145879	91.400000	2.446265
1232	48.159891	11.201577	0.145879	91.400000	2.466111
1233	48.164970	11.227047	0.145879	91.400000	2.425913
1234	48.160934	11.204993	0.145879	91.400000	2.458027
1235	48.160419	11.209287	0.145879	91.400000	2.437219
1236	48.160595	11.243602	0.145879	91.400000	2.444075
1237	48.161632	11.222772	0.145879	91.400000	2.466637
1238	48.159575	11.249922	0.145879	91.400000	2.426593
1239	48.159209	11.216780	0.145879	91.400000	2.448059
1240	48.158953	11.238943	0.145879	91.400000	2.444490
1241	48.155487	11.217600	0.145879	91.400000	2.436227
1242	48.159209	11.234401	0.145879	91.400000	2.470860
1243	48.157442	11.202436	0.145879	91.400000	2.422380
1244	48.159450	11.235482	0.145879	91.400000	2.426915
1245	48.162705	11.224945	0.145879	91.400000	2.457671
1246	48.160875	11.232336	0.145879	91.400000	2.442600
1247	48.162061	11.199884	0.145879	91.400000	2.414937
1248	48.153633	11.151240	0.145879	91.400000	2.454645
1249	48.153105	11.177712	0.145879	91.400000	2.450017
1250	48.153937	11.193606	0.145879	91.400000	2.472064
1251	48.151833	11.156485	0.145879	91.400000	2.433612
1252	48.143640	11.178057	0.145879	91.400000	2.412444
1253	48.149365	11.202560	0.145879	91.400000	2.463883
1254	48.151493	11.194242	0.072939	91.400000	2.451166
1255	48.151499	11.203565	0.145879	91.400000	2.470790
1256	48.157582	11.173687	0.145879	91.400000	2.428538
1257	48.162559	11.200867	0.145879	91.400000	2.444754
1258	48.157084	11.230125	0.145879	91.400000	2.442939
1259	48.150319	11.216658	0.145879	91.400000	2.438916
1260	48.154539	11.238507	0.145879	91.400000	2.469427
1261	48.150927	11.258336	0.145879	91.400000	2.427707
1262	48.155370	11.226312	0.145879	91.400000	2.425449
1263	48.155266	11.250316	0.145879	91.400000	2.458023
1264	48.159656	11.249979	0.145879	91.400000	2.446707
1265	48.155975	11.239929	0.145879	91.400000	2.424881
1266	48.151243	11.230795	0.145879	91.400000	2.439548
1267	48.154896	11.198037	0.145879	91.400000	2.440427
1268	48.158675	11.210788	0.145879	91.400000	2.439743
1269	48.160303	11.234177	0.145879	91.400000	2.472069
1270	48.152119	11.203883	0.145879	91.400000	2.411048
1271	48.156846	11.231723	0.145879	91.400000	2.437713
1272	48.152620	11.212007	0.145879	91.400000	2.454744
1273	48.155287	11.238900	0.145879	91.400000	2.435993
1274	48.155797	11.260243	0.145879	91.400000	2.405185
1275	48.160765	11.268218	0.145879	91.400000	2.443650
1276	48.156840	11.271720	0.072939	91.400000	2.463143
1277	48.160055	11.238323	0.145879	91.400000	2.430659
1278	48.153669	11.194609	0.145879	91.400000	2.471030
1279	48.157769	11.211588	0.145879	91.400000	2.410637
1280	48.161650	11.259627	0.145879	91.400000	2.445449
1281	48.159635	11.273233	0.145879	91.400000	2.472619
1282	48.162931	11.249668	0.145879	91.400000	2.427181
1283	48.158336	11.189275	0.145879	91.400000	2.406542
1284	48.163903	11.217050	0.145879	91.400000	2.238473
1285	48.201764	11.197204	0.145879	91.400000	2.266580
1286	48.202133	11.196140	0.145879	91.400000	2.250103
1287	48.202103	11.196710	0.145879	91.400000	2.261652
1288	48.202050	11.195375	0.145879	91.400000	2.248079
1289	48.201784	11.193958	0.145879	91.400000	2.254290
1290	48.201513	11.195184	0.145879	91.400000	2.287302
1291	48.201108	11.195362	0.145879	91.400000	2.266284
1292	48.201108	11.193962	0.145879	91.400000	2.276151
1293	48.201039	11.193278	0.145879	91.400000	2.223503
1294	48.200953	11.193535	0.145879	91.400000	2.243952
1295	48.200867	11.193685	0.145879	91.400000	2.253133
1296	48.200867	11.193685	0.145879	91.400000	2.192041
1297	48.200867	11.193685	0.145879	91.400000	2.263572
1298	48.200867	11.193685	0.145879	91.400000	2.245953
1299	48.200867	11.193685	0.145879	91.400000	2.260627
1300	48.200867	11.193685	0.145879	91.400000	2.249201
1301	48.200867	11.193685	0.145879	91.400000	2.221906
1302	48.200867	11.193685	0.145879	91.400000	2.236929
1303	48.200867	11.193685	0.145879	91.400000	2.267249
1304	48.200867	11.193685	0.145879	91.400000	2.205782
1305	48.200867	11.193685	0.145879	91.400000	2.246002
1306	48.200867	11.193685	0.145879	91.400000	2.260061
1307	48.200867	11.193685	0.145879	91.400000	2.252583
1308	48.200867	11.193685	0.145879	91.400000	2.258518
1309	48.200867	11.193685	0.145879	91.400000	2.215580
1310	48.200867	11.193685	0.145879	91.400000	2.250036
1311	48.200867	11.193685	0.145879	91.400000	2.256202
1312	48.200867	11.193685	0.145879	91.400000	2.255796
1313	48.200867	11.193685	0.145879	91.400000	2.255293
1314	48.200867	11.193685	0.145879	91.400000	2.259659
1315	48.200867	11.193685	0.145879	91.400000	2.254663
1316	48.200867	11.193685	0.145879	91.400000	2.289049
1317	48.200867	11.193685	0.145879	91.400000	2.209566
1318	48.200867	11.193685	0.145879	91.400000	2.226248
1319	48.200867	11.193685	0.145879	91.400000	2.287130
1320	48.200867	11.193685	0.145879	91.400000	2.254170
1321	48.200867	11.193685	0.145879	91.400000	2.258404
1322	48.200867	11.193685	0.145879	91.400000	2.284094
1323	48.200867	11.193685	0.145879	91.400000	2.280447
1324	48.200867	11.193685	0.145879	91.400000	2.239874
1325	48.200867	11.193685	0.145879	91.400000	2.230536
1326	48.200867	11.193685	0.145879	91.400000	2.211822
1327	48.200867	11.193685	0.145879	91.400000	2.296844
1328	48.200867	11.193685	0.145879	91.400000	2.251920
1329	48.200867	11.193685	0.145879	91.400000	2.257835
1330	48.200867	11.193685	0.145879	91.400000	2.196404
1331	48.200867	11.193685	0.145879	91.400000	2.249727
1332	48.200867	11.193685	0.145879	91.400000	2.265745
1333	48.200867	11.193685	0.145879	91.400000	2.207298
1334	48.200867	11.193685	0.145879	91.400000	2.224681
1335	48.200867	11.193685	0.145879	91.400000	2.284554
1336	48.200867	11.193685	0.145879	91.400000	2.274428
