1	27.061594	2.743437	0.000000	91.400000	2.298698
2	32.412231	3.634572	0.000000	91.400000	2.297408
3	37.134978	3.784767	0.000000	91.400000	2.300048
4	39.948708	3.808271	0.000000	91.400000	2.574763
5	41.540921	3.735502	0.000000	91.400000	2.268400
6	42.482933	3.557941	0.000000	91.400000	2.290726
7	43.122005	3.410749	0.000000	91.400000	2.294113
8	43.570498	3.346197	0.000000	91.400000	2.379497
9	43.921530	3.214505	0.000000	91.400000	2.285540
10	44.212806	3.229852	0.000000	91.400000	2.378848
11	44.454437	3.166740	0.000000	91.400000	2.474483
12	44.628537	3.048183	0.000000	91.400000	2.373264
13	44.783971	3.115089	0.000000	91.400000	2.453307
14	44.909629	3.108920	0.000000	91.400000	2.486663
15	45.028138	3.113388	0.000000	91.400000	2.399121
16	45.143026	3.136383	0.000000	91.400000	2.457855
17	45.237532	3.119122	0.000000	91.400000	2.480067
18	45.342582	3.207905	0.000000	91.400000	2.306401
19	45.412567	3.174374	0.000000	91.400000	2.379421
20	45.465729	3.240396	0.000000	91.400000	2.374905
21	45.501095	3.155677	0.000000	91.400000	2.281249
22	45.526409	3.148503	0.000000	91.400000	2.293682
23	45.556852	3.173113	0.000000	91.400000	2.296347
24	45.572984	3.288318	0.000000	91.400000	2.664654
25	45.612490	3.241216	0.000000	91.400000	2.390360
26	45.640779	3.212695	0.000000	91.400000	2.366682
27	45.651621	3.216962	0.000000	91.400000	2.396502
28	45.667168	3.180400	0.000000	91.400000	2.309910
29	45.695972	3.142430	0.000000	91.400000	2.377444
30	45.725495	3.117762	0.000000	91.400000	2.469992
31	45.735943	3.123551	0.000000	91.400000	2.379561
32	45.766491	3.135036	0.000000	91.400000	2.310979
33	45.797622	3.195019	0.000000	91.400000	2.300479
34	45.837012	3.228773	0.000000	91.400000	2.482490
35	45.850497	3.241698	0.000000	91.400000	2.269902
36	45.857459	3.204989	0.000000	91.400000	2.287359
37	45.878041	3.326579	0.000000	91.400000	2.294341
38	45.917004	3.317521	0.000000	91.400000	2.305885
39	45.910835	3.288069	0.000000	91.400000	2.302410
40	45.931417	3.353551	0.000000	91.400000	2.296411
41	45.943397	3.390538	0.000000	91.400000	2.406893
42	45.945132	3.520148	0.000000	91.400000	2.294559
43	45.959395	3.459356	0.000000	91.400000	2.303446
44	45.949575	3.472469	0.000000	91.400000	2.641721
45	45.959675	3.504716	0.000000	91.400000	2.498851
46	45.986450	3.525613	0.000000	91.400000	2.385014
47	45.984495	3.595681	0.000000	91.400000	2.405606
48	46.001309	3.706008	0.000000	91.400000	2.301524
49	46.024323	3.694029	0.000000	91.400000	2.310112
50	46.032876	3.760220	0.000000	91.400000	2.305589
51	46.050650	3.828099	0.000000	91.400000	2.405075
52	46.066749	3.792428	0.000000	91.400000	2.600493
53	46.067739	3.920546	0.000000	91.400000	2.364431
54	46.066904	3.985173	0.000000	91.400000	2.375031
55	46.090263	3.942415	0.000000	91.400000	2.297300
56	46.092686	3.937094	0.000000	91.400000	2.291677
57	46.088427	3.919613	0.000000	91.400000	2.402336
58	46.100354	4.020136	0.000000	91.400000	2.281871
59	46.108845	4.063395	0.000000	91.400000	2.277345
60	46.116474	3.995063	0.000000	91.400000	2.290822
61	46.124071	4.093383	0.000000	91.400000	2.346534
62	46.134806	4.040009	0.000000	91.400000	2.444582
63	46.136716	4.015825	0.000000	91.400000	2.471751
64	46.157068	3.997235	0.000000	91.400000	2.381368
65	46.160489	4.035787	0.000000	91.400000	2.454229
66	46.160156	3.999970	0.000000	91.400000	2.374081
67	46.164924	3.979682	0.000000	91.400000	2.286685
68	46.167588	3.999449	0.000000	91.400000	2.395326
69	46.156958	4.125303	0.000000	91.400000	2.306631
70	46.169192	4.036061	0.000000	91.400000	2.290478
71	46.189290	3.964413	0.000000	91.400000	2.297550
72	46.184796	4.121769	0.000000	91.400000	2.301175
73	46.176565	4.049391	0.000000	91.400000	2.306693
74	46.179932	4.040918	0.000000	91.400000	2.283219
75	46.194044	4.002563	0.000000	91.400000	2.272057
76	46.187884	4.054607	0.000000	91.400000	2.284868
77	46.200278	4.172912	0.000000	91.400000	2.285782
78	46.210828	4.147641	0.000000	91.400000	2.299715
79	46.214807	4.118601	0.000000	91.400000	2.307424
80	46.223444	4.209575	0.000000	91.400000	2.289503
81	46.231306	4.224572	0.000000	91.400000	2.280666
82	46.240190	4.122599	0.000000	91.400000	2.282756
83	46.212852	4.201127	0.000000	91.400000	2.294698
84	46.227074	4.296887	0.000000	91.400000	2.301937
85	46.216995	4.281694	0.000000	91.400000	2.305496
86	46.238521	4.318871	0.000000	91.400000	2.298670
87	46.229219	4.265195	0.000000	91.400000	2.289447
88	46.244806	4.300652	0.000000	91.400000	2.287620
89	46.259409	4.300811	0.000000	91.400000	2.277802
90	46.272600	4.246863	0.000000	91.400000	2.312753
91	46.268487	4.315776	0.000000	91.400000	2.282238
92	46.273401	4.355718	0.000000	91.400000	2.287972
93	46.276316	4.300782	0.000000	91.400000	2.294463
94	46.287143	4.437202	0.000000	91.400000	2.296951
95	46.273732	4.343513	0.000000	91.400000	2.308451
96	46.295184	4.368656	0.000000	91.400000	2.310107
97	46.281332	4.382922	0.000000	91.400000	2.289554
98	46.299970	4.367705	0.000000	91.400000	2.282671
99	46.295068	4.345385	0.000000	91.400000	2.278836
100	46.291357	4.300493	0.000000	91.400000	2.482392
101	46.288675	4.268240	0.000000	91.400000	2.285874
102	46.311677	4.285021	0.000000	91.400000	2.376922
103	46.319136	4.342371	0.000000	91.400000	2.385035
104	46.302599	4.306932	0.000000	91.400000	2.403520
105	46.317178	4.346760	0.000000	91.400000	2.359702
106	46.314743	4.340702	0.000000	91.400000	2.307593
107	46.326369	4.362332	0.000000	91.400000	2.380086
108	46.318948	4.367989	0.000000	91.400000	2.464958
109	46.318090	4.306937	0.000000	91.400000	2.291273
110	46.316630	4.386098	0.000000	91.400000	2.401673
111	46.330994	4.375848	0.000000	91.400000	2.473895
112	46.319523	4.362802	0.000000	91.400000	2.276127
113	46.307772	4.379055	0.000000	91.400000	2.398636
114	46.316627	4.326126	0.000000	91.400000	2.396849
115	46.310729	4.278300	0.000000	91.400000	2.382234
116	46.329027	4.205544	0.000000	91.400000	2.302856
117	46.331984	4.195934	0.000000	91.400000	2.377063
118	46.327564	4.290408	0.000000	91.400000	2.469106
119	46.337295	4.299571	0.000000	91.400000	2.305293
120	46.341491	4.318956	0.000000	91.400000	2.309652
121	46.324110	4.282385	0.000000	91.400000	2.488498
122	46.328023	4.358691	0.000000	91.400000	2.405852
123	46.331793	4.324713	0.000000	91.400000	2.468713
124	46.335176	4.369663	0.000000	91.400000	2.387491
125	46.342656	4.433958	0.000000	91.400000	2.301610
126	46.368212	4.386765	0.000000	91.400000	2.292072
127	46.355617	4.340895	0.000000	91.400000	2.472620
128	46.369690	4.398452	0.000000	91.400000	2.381234
129	46.376640	4.271543	0.000000	91.400000	2.374340
130	46.368048	4.383548	0.000000	91.400000	2.387553
131	46.379787	4.418237	0.000000	91.400000	2.300846
132	46.388718	4.381755	0.000000	91.400000	2.304024
133	46.392423	4.405956	0.000000	91.400000	2.300435
134	46.380723	4.348908	0.072939	91.400000	2.299119
135	46.387565	4.385640	0.000000	91.400000	2.307963
136	46.389949	4.370332	0.000000	91.400000	2.311990
137	46.395850	4.335484	0.000000	91.400000	2.302240
138	46.414423	4.334262	0.000000	91.400000	2.295271
139	46.397707	4.334708	0.000000	91.400000	2.300025
140	46.397054	4.285103	0.000000	91.400000	2.303461
141	46.408576	4.270482	0.000000	91.400000	2.316460
142	46.428949	4.352140	0.000000	91.400000	2.305212
143	46.420103	4.400505	0.000000	91.400000	2.295234
144	46.426421	4.389345	0.072939	91.400000	2.298695
145	46.439886	4.389448	0.000000	91.400000	2.287320
146	46.436018	4.363888	0.000000	91.400000	2.375656
147	46.436965	4.301536	0.000000	91.400000	2.385342
148	46.443644	4.290917	0.000000	91.400000	2.412184
149	46.453422	4.340499	0.000000	91.400000	2.403109
150	46.453604	4.232506	0.000000	91.400000	2.373552
151	46.445560	4.180045	0.000000	91.400000	2.280556
152	46.434414	4.279792	0.000000	91.400000	2.279857
153	46.430048	4.204739	0.000000	91.400000	2.482369
154	46.430552	4.166367	0.000000	91.400000	2.378377
155	46.443847	4.212805	0.000000	91.400000	2.453151
156	46.467876	4.244265	0.000000	91.400000	2.392111
157	46.467447	4.209811	0.000000	91.400000	2.398664
158	46.480176	4.263242	0.000000	91.400000	2.465426
159	46.470362	4.305278	0.000000	91.400000	2.385638
160	46.464062	4.302534	0.000000	91.400000	2.460487
161	46.474341	4.300213	0.000000	91.400000	2.396861
162	46.472627	4.389277	0.000000	91.400000	2.464053
163	46.455413	4.376981	0.000000	91.400000	2.473244
164	46.459180	4.337366	0.000000	91.400000	2.395623
165	46.451673	4.357569	0.000000	91.400000	2.384085
166	46.452814	4.324247	0.000000	91.400000	2.472851
167	46.458468	4.373742	0.000000	91.400000	2.435687
168	46.474975	4.311438	0.000000	91.400000	2.502512
169	46.473229	4.474732	0.000000	91.400000	2.458639
170	46.472609	4.443129	0.000000	91.400000	2.385920
171	46.476537	4.431195	0.000000	91.400000	2.376252
172	46.474165	4.416874	0.000000	91.400000	2.554455
173	46.454483	4.383603	0.000000	91.400000	2.388042
174	46.466818	4.390961	0.000000	91.400000	2.384440
175	46.465451	4.370787	0.000000	91.400000	2.374400
176	46.472463	4.482820	0.000000	91.400000	2.301518
177	46.471831	4.449888	0.000000	91.400000	2.308495
178	46.470833	4.516845	0.000000	91.400000	2.294133
179	46.482110	4.465138	0.000000	91.400000	2.306535
180	46.473336	4.430167	0.000000	91.400000	2.475895
181	46.474171	4.421754	0.000000	91.400000	2.395549
182	46.483433	4.380920	0.000000	91.400000	2.317982
183	46.484110	4.347483	0.000000	91.400000	2.307449
184	46.486819	4.346474	0.000000	91.400000	2.387938
185	46.487433	4.392411	0.000000	91.400000	2.458614
186	46.479017	4.412990	0.000000	91.400000	2.386620
187	46.490601	4.340186	0.000000	91.400000	2.385200
188	46.498382	4.368575	0.000000	91.400000	2.461027
189	46.495041	4.384597	0.000000	91.400000	2.376083
190	46.495360	4.348784	0.000000	91.400000	2.410752
191	46.494842	4.427705	0.000000	91.400000	2.313187
192	46.497208	4.360090	0.000000	91.400000	2.489934
193	46.490735	4.398590	0.000000	91.400000	2.499420
194	46.493232	4.337144	0.000000	91.400000	2.307281
195	46.495605	4.359779	0.000000	91.400000	2.297806
196	46.513852	4.400143	0.000000	91.400000	2.482165
197	46.504962	4.437498	0.000000	91.400000	2.463261
198	46.496668	4.505907	0.000000	91.400000	2.478230
199	46.497083	4.490973	0.000000	91.400000	2.479250
200	46.491617	4.499686	0.000000	91.400000	2.277968
201	46.496755	4.441536	0.000000	91.400000	2.284897
202	46.504694	4.495793	0.000000	91.400000	2.398062
203	46.513218	4.538438	0.000000	91.400000	2.407933
204	46.506602	4.574183	0.000000	91.400000	2.394809
205	46.507651	4.580786	0.000000	91.400000	2.305536
206	46.513706	4.483821	0.000000	91.400000	2.295772
207	46.494210	4.582873	0.000000	91.400000	2.389821
208	46.505284	4.592667	0.000000	91.400000	2.544270
209	46.486822	4.565214	0.000000	91.400000	2.385321
210	46.498460	4.486017	0.000000	91.400000	2.483239
211	46.493793	4.484006	0.000000	91.400000	2.439501
212	46.513551	4.489519	0.000000	91.400000	2.464657
213	46.519288	4.441944	0.000000	91.400000	2.486274
214	46.531802	4.540500	0.000000	91.400000	2.461848
215	46.520030	4.550563	0.000000	91.400000	2.488394
216	46.529722	4.525121	0.000000	91.400000	2.457755
217	46.534789	4.561333	0.000000	91.400000	2.383885
218	46.525493	4.518924	0.000000	91.400000	2.402724
219	46.511343	4.419330	0.000000	91.400000	2.306527
220	46.523556	4.551547	0.000000	91.400000	2.308463
221	46.526873	4.561277	0.000000	91.400000	2.308088
222	46.517438	4.525288	0.000000	91.400000	2.311208
223	46.516645	4.433691	0.000000	91.400000	2.481076
224	46.517736	4.376281	0.000000	91.400000	2.373374
225	46.523046	4.500281	0.000000	91.400000	2.292720
226	46.525601	4.490679	0.000000	91.400000	2.289263
227	46.520066	4.481577	0.000000	91.400000	2.407604
228	46.524966	4.461333	0.000000	91.400000	2.482576
229	46.515036	4.439499	0.000000	91.400000	2.480596
230	46.525580	4.448991	0.000000	91.400000	2.474186
231	46.534058	4.304360	0.000000	91.400000	2.477036
232	46.534669	4.363691	0.000000	91.400000	2.478901
233	46.542400	4.401476	0.000000	91.400000	2.371686
234	46.525338	4.413361	0.000000	91.400000	2.475207
235	46.528900	4.501380	0.000000	91.400000	2.484383
236	46.525726	4.437084	0.000000	91.400000	2.381737
237	46.532685	4.500337	0.000000	91.400000	2.536830
238	46.523887	4.449537	0.000000	91.400000	2.483853
239	46.527326	4.480036	0.000000	91.400000	2.369452
240	46.517646	4.480106	0.000000	91.400000	2.461432
241	46.538621	4.397388	0.000000	91.400000	2.468206
242	46.508878	4.400582	0.000000	91.400000	2.464503
243	46.511397	4.311923	0.000000	91.400000	2.472090
244	46.523044	4.414395	0.000000	91.400000	2.463911
245	46.539450	4.425575	0.000000	91.400000	2.471465
246	46.541178	4.510234	0.000000	91.400000	2.495999
247	46.548259	4.489377	0.000000	91.400000	2.392253
248	46.540713	4.297801	0.000000	91.400000	2.475335
249	46.543697	4.293657	0.000000	91.400000	2.471123
250	46.528727	4.297781	0.000000	91.400000	2.479257
251	46.519834	4.287237	0.000000	91.400000	2.469105
252	46.539873	4.212752	0.000000	91.400000	2.373800
253	46.521318	4.273192	0.000000	91.400000	2.476049
254	46.538550	4.434156	0.000000	91.400000	2.484632
255	46.541876	4.379043	0.000000	91.400000	2.460408
256	46.543375	4.372451	0.000000	91.400000	2.477761
257	46.535772	4.440557	0.000000	91.400000	2.407577
258	46.543670	4.416759	0.000000	91.400000	2.414300
259	46.528330	4.493289	0.000000	91.400000	2.389419
260	46.533984	4.507522	0.000000	91.400000	2.402714
261	46.536085	4.489450	0.000000	91.400000	2.466320
262	46.542978	4.414437	0.000000	91.400000	2.373814
263	46.533245	4.341201	0.000000	91.400000	2.319631
264	46.546030	4.307974	0.000000	91.400000	2.484473
265	46.544477	4.344510	0.000000	91.400000	2.491784
266	46.552843	4.308324	0.000000	91.400000	2.309370
267	46.551362	4.312555	0.000000	91.400000	2.293943
268	46.544307	4.343990	0.000000	91.400000	2.374693
269	46.548402	4.362095	0.000000	91.400000	2.299354
270	46.545488	4.489626	0.000000	91.400000	2.296289
271	46.547937	4.389494	0.000000	91.400000	2.392573
272	46.536797	4.456270	0.000000	91.400000	2.414479
273	46.543902	4.419108	0.000000	91.400000	2.384779
274	46.548852	4.379709	0.000000	91.400000	2.296744
275	46.543908	4.363319	0.000000	91.400000	2.464754
276	46.535146	4.388124	0.000000	91.400000	2.457443
277	46.546328	4.390601	0.000000	91.400000	2.385251
278	46.535754	4.453986	0.000000	91.400000	2.521178
279	46.542123	4.449254	0.000000	91.400000	2.458948
280	46.549207	4.368121	0.000000	91.400000	2.468892
281	46.532524	4.369774	0.000000	91.400000	2.484854
282	46.545762	4.390082	0.000000	91.400000	2.474790
283	46.543741	4.396026	0.000000	91.400000	2.431684
284	46.548104	4.342339	0.000000	91.400000	2.413335
285	46.536356	4.301750	0.000000	91.400000	2.555002
286	46.542722	4.351198	0.000000	91.400000	2.471441
287	46.543977	4.426699	0.000000	91.400000	2.470222
288	46.543902	4.459846	0.000000	91.400000	2.463261
289	46.555346	4.495180	0.000000	91.400000	2.384356
290	46.559682	4.495706	0.000000	91.400000	2.317025
291	46.551794	4.465832	0.000000	91.400000	2.313963
292	46.522987	4.444638	0.000000	91.400000	2.294071
293	46.547109	4.443687	0.000000	91.400000	2.302765
294	46.547049	4.522087	0.000000	91.400000	2.409912
295	46.552128	4.433205	0.000000	91.400000	2.489188
296	46.537453	4.389019	0.000000	91.400000	2.296817
297	46.539322	4.431665	0.000000	91.400000	2.304994
298	46.553171	4.397767	0.000000	91.400000	2.393404
299	46.553782	4.473956	0.000000	91.400000	2.461436
300	46.542466	4.435146	0.000000	91.400000	2.475265
301	46.544909	4.406066	0.000000	91.400000	2.461076
302	46.547690	4.501234	0.000000	91.400000	2.381793
303	46.545470	4.485415	0.000000	91.400000	2.401875
304	46.524638	4.410950	0.000000	91.400000	2.376775
305	46.551609	4.394454	0.000000	91.400000	2.389068
306	46.554095	4.474017	0.000000	91.400000	2.277050
307	46.555340	4.447102	0.000000	91.400000	2.390141
308	46.543181	4.419185	0.000000	91.400000	2.374906
309	46.542260	4.506905	0.000000	91.400000	2.472744
310	46.537614	4.460944	0.000000	91.400000	2.377325
311	46.538568	4.512387	0.000000	91.400000	2.401072
312	46.525651	4.466166	0.000000	91.400000	2.304706
313	46.524858	4.460494	0.000000	91.400000	2.302272
314	46.527815	4.453405	0.000000	91.400000	2.399425
315	46.529776	4.463345	0.000000	91.400000	2.297665
316	46.528772	4.558195	0.000000	91.400000	2.307271
317	46.546820	4.594935	0.000000	91.400000	2.491613
318	46.540019	4.563049	0.000000	91.400000	2.380778
319	46.557635	4.564646	0.000000	91.400000	2.407046
320	46.560019	4.479120	0.000000	91.400000	2.427245
321	46.561629	4.507057	0.000000	91.400000	2.316281
322	46.553904	4.537968	0.000000	91.400000	2.506390
323	46.563172	4.525814	0.000000	91.400000	2.312286
324	46.561933	4.514904	0.000000	91.400000	2.296588
325	46.565059	4.457674	0.000000	91.400000	2.304488
326	46.559095	4.386042	0.000000	91.400000	2.419033
327	46.571940	4.388004	0.000000	91.400000	2.395557
328	46.574962	4.381362	0.000000	91.400000	2.318703
329	46.563309	4.337318	0.000000	91.400000	2.293884
330	46.557388	4.518137	0.000000	91.400000	2.485502
331	46.563414	4.414381	0.000000	91.400000	2.466663
332	46.560568	4.426540	0.000000	91.400000	2.392005
333	46.566656	4.325026	0.000000	91.400000	2.496287
334	46.559152	4.374772	0.000000	91.400000	2.497210
335	46.556875	4.395740	0.000000	91.400000	2.397125
336	46.575230	4.474747	0.000000	91.400000	2.477317
337	46.570450	4.422172	0.000000	91.400000	2.464277
338	46.570700	4.469965	0.000000	91.400000	2.480629
339	46.567190	4.446148	0.000000	91.400000	2.377196
340	46.585539	4.466749	0.000000	91.400000	2.464599
341	46.572962	4.484527	0.000000	91.400000	2.392698
342	46.573651	4.414456	0.000000	91.400000	2.495267
343	46.553811	4.442591	0.000000	91.400000	2.369845
344	46.567559	4.431953	0.000000	91.400000	2.480931
345	46.569285	4.489344	0.000000	91.400000	2.364219
346	46.576017	4.446843	0.000000	91.400000	2.309460
347	46.581528	4.447340	0.000000	91.400000	2.394425
348	46.577871	4.420254	0.000000	91.400000	2.492776
349	46.559548	4.426595	0.000000	91.400000	2.488602
350	46.565938	4.404310	0.000000	91.400000	2.551430
351	46.569425	4.453747	0.000000	91.400000	2.322660
352	46.574175	4.440693	0.000000	91.400000	2.477363
353	46.575651	4.424775	0.000000	91.400000	2.472564
354	46.586949	4.397403	0.000000	91.400000	2.486661
355	46.589983	4.418703	0.000000	91.400000	2.312640
356	46.573716	4.450337	0.000000	91.400000	2.309438
357	46.586126	4.331263	0.000000	91.400000	2.399623
358	46.574667	4.312583	0.000000	91.400000	2.299483
359	46.560708	4.365259	0.000000	91.400000	2.296569
360	46.579891	4.412846	0.000000	91.400000	2.385085
361	46.588516	4.398362	0.000000	91.400000	2.318061
362	46.580380	4.409862	0.000000	91.400000	2.307298
363	46.571445	4.389085	0.000000	91.400000	2.442436
364	46.571720	4.451851	0.000000	91.400000	2.313246
365	46.577564	4.433110	0.000000	91.400000	2.306411
366	46.575093	4.498963	0.000000	91.400000	2.296522
367	46.573374	4.509353	0.000000	91.400000	2.299780
368	46.579415	4.567390	0.000000	91.400000	2.493878
369	46.580058	4.489041	0.000000	91.400000	2.314725
370	46.584153	4.412021	0.000000	91.400000	2.302884
371	46.573538	4.532527	0.000000	91.400000	2.397604
372	46.575505	4.470646	0.000000	91.400000	2.473061
373	46.583951	4.382501	0.000000	91.400000	2.471309
374	46.592212	4.345406	0.000000	91.400000	2.453487
375	46.591803	4.488202	0.000000	91.400000	2.397369
376	46.576390	4.525452	0.000000	91.400000	2.470259
377	46.592331	4.506918	0.000000	91.400000	2.478187
378	46.587801	4.474784	0.000000	91.400000	2.298557
379	46.602029	4.484938	0.000000	91.400000	2.501954
380	46.586239	4.488365	0.000000	91.400000	2.475211
381	46.577930	4.520718	0.000000	91.400000	2.464623
382	46.567863	4.530825	0.000000	91.400000	2.278063
383	46.580920	4.522207	0.000000	91.400000	2.312838
384	46.588629	4.488849	0.000000	91.400000	2.472841
385	46.583864	4.567892	0.000000	91.400000	2.303136
386	46.581253	4.517771	0.000000	91.400000	2.481050
387	46.584970	4.528911	0.000000	91.400000	2.390219
388	46.586931	4.533667	0.000000	91.400000	2.393915
389	46.575528	4.488377	0.000000	91.400000	2.299866
390	46.583235	4.429298	0.000000	91.400000	2.316737
391	46.578157	4.524358	0.000000	91.400000	2.403168
392	46.566105	4.456227	0.000000	91.400000	2.305174
393	46.577442	4.477269	0.000000	91.400000	2.304324
394	46.576732	4.517853	0.000000	91.400000	2.566483
395	46.572310	4.403459	0.000000	91.400000	2.380236
396	46.572566	4.407826	0.000000	91.400000	2.438781
397	46.571803	4.463166	0.000000	91.400000	2.500743
398	46.575105	4.541104	0.000000	91.400000	2.386254
399	46.576238	4.475326	0.000000	91.400000	2.567337
400	46.580982	4.458947	0.000000	91.400000	2.443777
401	46.586281	4.457910	0.000000	91.400000	2.422731
402	46.579593	4.448090	0.000000	91.400000	2.546474
403	46.581417	4.443556	0.000000	91.400000	2.387422
404	46.563536	4.437062	0.000000	91.400000	2.389263
405	46.557611	4.410417	0.000000	91.400000	2.544847
406	46.568471	4.491569	0.000000	91.400000	2.479366
407	46.548140	4.434884	0.000000	91.400000	2.476878
408	46.571898	4.503430	0.000000	91.400000	2.458418
409	46.580648	4.564321	0.000000	91.400000	2.483975
410	46.568632	4.511479	0.000000	91.400000	2.481978
411	46.568933	4.453392	0.000000	91.400000	2.381931
412	46.571589	4.535749	0.000000	91.400000	2.478539
413	46.576950	4.478683	0.000000	91.400000	2.473766
414	46.576470	4.428579	0.000000	91.400000	2.461406
415	46.571481	4.467997	0.000000	91.400000	2.443608
416	46.550027	4.425644	0.000000	91.400000	2.422912
417	46.572983	4.429563	0.000000	91.400000	2.575398
418	46.575516	4.421945	0.000000	91.400000	2.464763
419	46.574253	4.485861	0.000000	91.400000	2.388880
420	46.582836	4.426321	0.000000	91.400000	2.382897
421	46.596974	4.472899	0.000000	91.400000	2.389892
422	46.591449	4.470430	0.000000	91.400000	2.284110
423	46.585125	4.545726	0.000000	91.400000	2.294491
424	46.588624	4.576737	0.000000	91.400000	2.397322
425	46.593374	4.549526	0.000000	91.400000	2.389168
426	46.590286	4.524875	0.000000	91.400000	2.326189
427	46.606004	4.471876	0.000000	91.400000	2.300199
428	46.596563	4.396161	0.000000	91.400000	2.376657
429	46.601027	4.420779	0.000000	91.400000	2.354876
430	46.603078	4.432772	0.000000	91.400000	2.494141
431	46.605289	4.523039	0.000000	91.400000	2.358953
432	46.611989	4.537256	0.000000	91.400000	2.308801
433	46.614909	4.525888	0.000000	91.400000	2.459535
434	46.614233	4.536240	0.000000	91.400000	2.321738
435	46.611750	4.461253	0.000000	91.400000	2.297842
436	46.614316	4.449580	0.000000	91.400000	2.384616
437	46.596891	4.479253	0.000000	91.400000	2.304337
438	46.606475	4.450442	0.000000	91.400000	2.396917
439	46.612448	4.500698	0.000000	91.400000	2.418890
440	46.610469	4.551397	0.000000	91.400000	2.385397
441	46.626714	4.533577	0.000000	91.400000	2.316440
442	46.619964	4.449888	0.000000	91.400000	2.303547
443	46.613193	4.440288	0.000000	91.400000	2.377787
444	46.612024	4.440537	0.000000	91.400000	2.532143
445	46.612680	4.460243	0.000000	91.400000	2.477607
446	46.616277	4.500482	0.000000	91.400000	2.468050
447	46.618915	4.429499	0.000000	91.400000	2.378090
448	46.626490	4.436081	0.000000	91.400000	2.380126
449	46.613032	4.458626	0.000000	91.400000	2.552673
450	46.590173	4.358380	0.000000	91.400000	2.307453
451	46.607926	4.352902	0.000000	91.400000	2.310944
452	46.608746	4.467103	0.000000	91.400000	2.297270
453	46.625462	4.438996	0.000000	91.400000	2.301900
454	46.635199	4.427668	0.000000	91.400000	2.417101
455	46.630609	4.479424	0.000000	91.400000	2.306266
456	46.641642	4.390287	0.000000	91.400000	2.301152
457	46.632481	4.392286	0.000000	91.400000	2.312023
458	46.615770	4.495256	0.000000	91.400000	2.493265
459	46.625596	4.471465	0.000000	91.400000	2.364432
460	46.618646	4.437450	0.000000	91.400000	2.290325
461	46.626979	4.386375	0.000000	91.400000	2.470112
462	46.602428	4.342143	0.000000	91.400000	2.312155
463	46.617055	4.368616	0.000000	91.400000	2.309675
464	46.616536	4.375093	0.000000	91.400000	2.391184
465	46.608496	4.386251	0.000000	91.400000	2.305882
466	46.617508	4.358589	0.000000	91.400000	2.388906
467	46.613264	4.472820	0.000000	91.400000	2.417917
468	46.613342	4.414069	0.000000	91.400000	2.391234
469	46.624720	4.477081	0.000000	91.400000	2.489884
470	46.627331	4.456588	0.000000	91.400000	2.381439
471	46.629745	4.453912	0.000000	91.400000	2.378448
472	46.625751	4.488764	0.000000	91.400000	2.287785
473	46.632916	4.425337	0.000000	91.400000	2.475233
474	46.638730	4.343411	0.000000	91.400000	2.496539
475	46.643996	4.447077	0.000000	91.400000	2.471970
476	46.632630	4.459897	0.000000	91.400000	2.380712
477	46.637660	4.412858	0.000000	91.400000	2.444109
478	46.616158	4.458484	0.000000	91.400000	2.409408
479	46.610278	4.451125	0.000000	91.400000	2.549359
480	46.614408	4.452789	0.000000	91.400000	2.405056
481	46.633649	4.460088	0.000000	91.400000	2.395157
482	46.637151	4.542056	0.000000	91.400000	2.284493
483	46.649897	4.428457	0.000000	91.400000	2.288877
484	46.644050	4.422178	0.000000	91.400000	2.289169
485	46.643096	4.428781	0.000000	91.400000	2.406242
486	46.642494	4.410289	0.000000	91.400000	2.470822
487	46.625537	4.452010	0.000000	91.400000	2.477274
488	46.635413	4.407811	0.000000	91.400000	2.389354
489	46.620682	4.373193	0.000000	91.400000	2.487956
490	46.609062	4.446574	0.000000	91.400000	2.305902
491	46.610299	4.498270	0.000000	91.400000	2.306849
492	46.616793	4.445214	0.000000	91.400000	2.398653
493	46.619350	4.453893	0.000000	91.400000	2.491323
494	46.619594	4.463486	0.000000	91.400000	2.500298
495	46.632481	4.371984	0.000000	91.400000	2.391488
496	46.622437	4.484962	0.000000	91.400000	2.463059
497	46.629161	4.416688	0.000000	91.400000	2.383033
498	46.624875	4.445451	0.000000	91.400000	2.405280
499	46.628478	4.382899	0.000000	91.400000	2.378048
500	46.633369	4.418117	0.000000	91.400000	2.305346
501	46.630523	4.462980	0.000000	91.400000	2.460600
502	46.623662	4.480712	0.000000	91.400000	2.299681
503	46.622181	4.485515	0.000000	91.400000	2.305088
504	46.642452	4.476282	0.000000	91.400000	2.398230
505	46.638408	4.526018	0.000000	91.400000	2.308027
506	46.632475	4.458855	0.000000	91.400000	2.304244
507	46.635348	4.405660	0.000000	91.400000	2.392449
508	46.646860	4.454702	0.000000	91.400000	2.410805
509	46.639192	4.472622	0.000000	91.400000	2.388574
510	46.641350	4.473890	0.000000	91.400000	2.278007
511	46.624982	4.422865	0.000000	91.400000	2.440977
512	46.617919	4.426240	0.000000	91.400000	2.485512
513	46.622252	4.419457	0.000000	91.400000	2.494854
514	46.619576	4.377803	0.000000	91.400000	2.419450
515	46.613258	4.363535	0.000000	91.400000	2.424727
516	46.628204	4.455774	0.000000	91.400000	2.544738
517	46.632674	4.454275	0.000000	91.400000	2.374446
518	46.627986	4.453293	0.000000	91.400000	2.393756
519	46.630520	4.438846	0.000000	91.400000	2.309201
520	46.629876	4.410540	0.000000	91.400000	2.317868
521	46.619117	4.380668	0.000000	91.400000	2.318818
522	46.600401	4.441438	0.000000	91.400000	2.296784
523	46.613765	4.392607	0.000000	91.400000	2.489696
524	46.637261	4.417182	0.000000	91.400000	2.307760
525	46.615037	4.461215	0.000000	91.400000	2.308508
526	46.617082	4.452712	0.000000	91.400000	2.399480
527	46.629205	4.486756	0.000000	91.400000	2.493389
528	46.632257	4.423002	0.000000	91.400000	2.466471
529	46.609950	4.336692	0.000000	91.400000	2.468398
530	46.601039	4.322530	0.000000	91.400000	2.367522
531	46.615240	4.411187	0.000000	91.400000	2.370325
532	46.621162	4.368372	0.000000	91.400000	2.495836
533	46.623498	4.395890	0.000000	91.400000	2.369669
534	46.606749	4.371236	0.000000	91.400000	2.385384
535	46.802473	4.404373	0.000000	91.400000	2.286311
536	46.863130	4.402576	0.000000	91.400000	2.300162
537	46.889514	4.430552	0.000000	91.400000	2.401277
538	46.901000	4.524576	0.000000	91.400000	2.398245
539	46.913978	4.469187	0.000000	91.400000	2.317055
540	46.919352	4.482694	0.000000	91.400000	2.307479
541	46.919152	4.557925	0.000000	91.400000	2.398329
542	46.917614	4.462458	0.000000	91.400000	2.391178
543	46.928528	4.501582	0.000000	91.400000	2.395697
544	46.931648	4.525057	0.000000	91.400000	2.289073
545	46.924731	4.486093	0.000000	91.400000	2.467086
546	46.923649	4.430993	0.000000	91.400000	2.473529
547	46.922988	4.459276	0.000000	91.400000	2.395300
548	46.928239	4.464889	0.000000	91.400000	2.390789
549	46.939188	4.573049	0.000000	91.400000	2.545186
550	46.942335	4.560157	0.000000	91.400000	2.463644
551	46.929666	4.540404	0.000000	91.400000	2.402233
552	46.935779	4.489363	0.000000	91.400000	2.481714
553	46.945062	4.491862	0.000000	91.400000	2.428983
554	46.951982	4.496209	0.000000	91.400000	2.428207
555	46.948844	4.505527	0.000000	91.400000	2.531025
556	46.937755	4.606469	0.000000	91.400000	2.497420
557	46.948475	4.503013	0.000000	91.400000	2.470541
558	46.958643	4.509912	0.000000	91.400000	2.480854
559	46.941352	4.455445	0.000000	91.400000	2.466466
560	46.942389	4.510900	0.000000	91.400000	2.401027
561	46.959966	4.497215	0.000000	91.400000	2.303853
562	46.958131	4.479990	0.000000	91.400000	2.333184
563	46.949807	4.426608	0.000000	91.400000	2.498662
564	46.951792	4.458862	0.000000	91.400000	2.600520
565	46.954149	4.488592	0.000000	91.400000	2.302503
566	46.952140	4.496231	0.000000	91.400000	2.320011
567	46.948779	4.480917	0.000000	91.400000	2.311331
568	46.931928	4.457576	0.000000	91.400000	2.411028
569	46.945331	4.507405	0.000000	91.400000	2.319312
570	46.943864	4.492248	0.000000	91.400000	2.307317
571	46.945003	4.479827	0.000000	91.400000	2.388028
572	46.956271	4.490055	0.000000	91.400000	2.472871
573	46.949849	4.490455	0.000000	91.400000	2.493383
574	46.951318	4.408169	0.000000	91.400000	2.484878
575	46.950924	4.446731	0.000000	91.400000	2.379424
576	46.949440	4.510430	0.000000	91.400000	2.484872
577	46.942151	4.475605	0.000000	91.400000	2.487355
578	46.941057	4.446932	0.000000	91.400000	2.459938
579	46.944749	4.436569	0.000000	91.400000	2.463758
580	46.954167	4.428483	0.000000	91.400000	2.498080
581	46.942580	4.447343	0.000000	91.400000	2.496817
582	46.939331	4.453576	0.000000	91.400000	2.479378
583	46.949106	4.484305	0.000000	91.400000	2.380586
584	46.956304	4.397259	0.000000	91.400000	2.476737
585	46.947312	4.497366	0.000000	91.400000	2.489403
586	46.945930	4.462869	0.000000	91.400000	2.450521
587	46.958196	4.545199	0.000000	91.400000	2.495180
588	46.950927	4.482729	0.000000	91.400000	2.488022
589	46.949232	4.416741	0.000000	91.400000	2.492073
590	46.966025	4.413329	0.000000	91.400000	2.384091
591	46.969935	4.423277	0.000000	91.400000	2.468877
592	46.963483	4.445104	0.000000	91.400000	2.479156
593	46.960205	4.376522	0.000000	91.400000	2.462233
594	46.960595	4.334007	0.000000	91.400000	2.467154
595	46.972942	4.325157	0.000000	91.400000	2.501934
596	46.965089	4.397422	0.000000	91.400000	2.483105
597	46.966982	4.369680	0.000000	91.400000	2.382665
598	46.946865	4.388875	0.000000	91.400000	2.477301
599	46.945345	4.409412	0.000000	91.400000	2.480613
600	46.946263	4.509865	0.000000	91.400000	2.482089
601	46.947938	4.483625	0.000000	91.400000	2.473797
602	46.964806	4.494780	0.000000	91.400000	2.399745
603	46.962923	4.473839	0.000000	91.400000	2.494942
604	46.968383	4.441204	0.000000	91.400000	2.475004
605	46.961778	4.460347	0.000000	91.400000	2.409407
606	46.964198	4.429197	0.000000	91.400000	2.483721
607	46.958828	4.335813	0.000000	91.400000	2.373078
608	46.972406	4.306428	0.000000	91.400000	2.469585
609	46.967620	4.333276	0.000000	91.400000	2.467316
610	46.956921	4.392348	0.000000	91.400000	2.472163
611	46.951503	4.440606	0.000000	91.400000	2.286706
612	46.962452	4.434105	0.000000	91.400000	2.318774
613	46.960679	4.491356	0.000000	91.400000	2.315078
614	46.958983	4.435559	0.000000	91.400000	2.305860
615	46.958983	4.441808	0.000000	91.400000	2.295399
616	46.949604	4.364723	0.000000	91.400000	2.406481
617	46.944934	4.483911	0.000000	91.400000	2.411407
618	46.937919	4.481164	0.000000	91.400000	2.394756
619	46.948975	4.426132	0.000000	91.400000	2.397286
620	46.952668	4.481433	0.000000	91.400000	2.305214
621	46.961206	4.499349	0.000000	91.400000	2.393328
622	46.951336	4.503545	0.000000	91.400000	2.379997
623	46.938932	4.508788	0.000000	91.400000	2.376731
624	46.953711	4.456415	0.000000	91.400000	2.397256
625	46.951619	4.446132	0.000000	91.400000	2.498449
626	46.953392	4.460164	0.000000	91.400000	2.293839
627	46.950850	4.467711	0.000000	91.400000	2.302282
628	46.961072	4.457078	0.000000	91.400000	2.411183
629	46.948528	4.529095	0.000000	91.400000	2.392646
630	46.950614	4.476570	0.000000	91.400000	2.405814
631	46.954712	4.482809	0.000000	91.400000	2.306320
632	46.958190	4.427845	0.000000	91.400000	2.308405
633	46.951056	4.481043	0.000000	91.400000	2.494956
634	46.957400	4.483017	0.000000	91.400000	2.490392
635	46.953213	4.417141	0.000000	91.400000	2.369622
636	46.941799	4.435161	0.000000	91.400000	2.472033
637	46.950728	4.415462	0.000000	91.400000	2.398678
638	46.964532	4.402127	0.000000	91.400000	2.484158
639	46.958971	4.426524	0.000000	91.400000	2.394449
640	46.953657	4.459338	0.000000	91.400000	2.475945
641	46.959639	4.394493	0.000000	91.400000	2.476552
642	46.953595	4.426751	0.000000	91.400000	2.468754
643	46.950948	4.426715	0.000000	91.400000	2.272638
644	46.952391	4.457164	0.000000	91.400000	2.307833
645	46.953839	4.359412	0.000000	91.400000	2.482895
646	46.954367	4.401124	0.000000	91.400000	2.300214
647	47.122559	4.509249	0.000000	91.400000	2.306217
648	47.163385	4.536230	0.000000	91.400000	2.316593
649	47.183651	4.605657	0.000000	91.400000	2.313519
650	47.197205	4.537386	0.000000	91.400000	2.295112
651	47.192734	4.564075	0.000000	91.400000	2.306407
652	47.201237	4.561703	0.000000	91.400000	2.398261
653	47.197852	4.528933	0.000000	91.400000	2.387326
654	47.200501	4.436017	0.000000	91.400000	2.537400
655	47.211504	4.444342	0.000000	91.400000	2.415628
656	47.212523	4.470894	0.000000	91.400000	2.421533
657	47.214392	4.506046	0.000000	91.400000	2.674269
658	47.224155	4.491303	0.000000	91.400000	2.397044
659	47.227073	4.449201	0.000000	91.400000	2.384489
660	47.226533	4.465836	0.000000	91.400000	2.560212
661	47.226411	4.528852	0.000000	91.400000	2.473846
662	47.225261	4.465759	0.000000	91.400000	2.479646
663	47.220528	4.457477	0.000000	91.400000	2.460861
664	47.226727	4.505483	0.000000	91.400000	2.491112
665	47.229683	4.500283	0.000000	91.400000	2.400087
666	47.238398	4.552008	0.000000	91.400000	2.477910
667	47.237861	4.499079	0.000000	91.400000	2.377170
668	47.240198	4.496042	0.000000	91.400000	2.574063
669	47.231954	4.496090	0.000000	91.400000	2.387071
670	47.242060	4.538829	0.000000	91.400000	2.388522
671	47.235426	4.484657	0.000000	91.400000	2.303204
672	47.235835	4.479418	0.000000	91.400000	2.300883
673	47.240523	4.451108	0.000000	91.400000	2.304389
674	47.239798	4.487697	0.000000	91.400000	2.390852
675	47.242615	4.448386	0.000000	91.400000	2.308103
676	47.238356	4.483965	0.000000	91.400000	2.313779
677	47.235918	4.473343	0.000000	91.400000	2.383934
678	47.236699	4.452023	0.000000	91.400000	2.383925
679	47.244948	4.442057	0.000000	91.400000	2.379800
680	47.252983	4.457058	0.000000	91.400000	2.381118
681	47.245899	4.396626	0.000000	91.400000	2.283046
682	47.250372	4.395390	0.000000	91.400000	2.490578
683	47.250521	4.418549	0.000000	91.400000	2.486452
684	47.254065	4.389702	0.000000	91.400000	2.490104
685	47.245044	4.406314	0.000000	91.400000	2.475395
686	47.250062	4.397708	0.000000	91.400000	2.486972
687	47.243202	4.387030	0.000000	91.400000	2.491826
688	47.248623	4.407570	0.000000	91.400000	2.312887
689	47.240508	4.401850	0.000000	91.400000	2.307198
690	47.235367	4.344653	0.000000	91.400000	2.510017
691	47.240514	4.353185	0.000000	91.400000	2.316967
692	47.237849	4.272807	0.000000	91.400000	2.296684
693	47.243351	4.300543	0.000000	91.400000	2.295523
694	47.248432	4.351935	0.000000	91.400000	2.475802
695	47.262427	4.399320	0.000000	91.400000	2.366707
696	47.259611	4.333134	0.000000	91.400000	2.302353
697	47.261184	4.340819	0.000000	91.400000	2.295739
698	47.269312	4.360684	0.000000	91.400000	2.402827
699	47.265452	4.372826	0.000000	91.400000	2.416487
700	47.259700	4.353044	0.000000	91.400000	2.288605
701	47.250503	4.327374	0.000000	91.400000	2.307174
702	47.253436	4.337962	0.000000	91.400000	2.310023
703	47.250789	4.363671	0.000000	91.400000	2.409971
704	47.246116	4.391548	0.000000	91.400000	2.483203
705	47.235155	4.402215	0.000000	91.400000	2.310166
706	47.238421	4.424911	0.000000	91.400000	2.317249
707	47.237879	4.308311	0.000000	91.400000	2.486874
708	47.244745	4.337022	0.000000	91.400000	2.391366
709	47.242886	4.356117	0.000000	91.400000	2.418913
710	47.239098	4.333409	0.000000	91.400000	2.480033
711	47.245467	4.394588	0.000000	91.400000	2.461035
712	47.257769	4.371262	0.000000	91.400000	2.500091
713	47.249347	4.379569	0.000000	91.400000	2.399229
714	47.250068	4.331344	0.000000	91.400000	2.393147
715	47.248775	4.360753	0.000000	91.400000	2.390260
716	47.249103	4.401515	0.000000	91.400000	2.314488
717	47.249216	4.392156	0.000000	91.400000	2.489943
718	47.250366	4.460291	0.000000	91.400000	2.304568
719	47.255391	4.450810	0.000000	91.400000	2.382993
720	47.246572	4.376891	0.000000	91.400000	2.428809
721	47.249711	4.305778	0.000000	91.400000	2.480495
722	47.249329	4.368540	0.000000	91.400000	2.406074
723	47.247177	4.384707	0.000000	91.400000	2.302307
724	47.244745	4.366412	0.000000	91.400000	2.299720
725	47.240072	4.366837	0.000000	91.400000	2.400452
726	47.239146	4.393275	0.000000	91.400000	2.393829
727	47.244766	4.397287	0.000000	91.400000	2.308828
728	47.247052	4.444609	0.000000	91.400000	2.305465
729	47.241706	4.436351	0.000000	91.400000	2.309208
730	47.243306	4.418921	0.000000	91.400000	2.313765
731	47.254068	4.444016	0.000000	91.400000	2.302909
732	47.240466	4.430840	0.000000	91.400000	2.304732
733	47.239140	4.394861	0.000000	91.400000	2.317060
734	47.241980	4.316116	0.000000	91.400000	2.289801
735	47.257307	4.393249	0.000000	91.400000	2.399665
736	47.261518	4.365034	0.000000	91.400000	2.476095
737	47.259107	4.414763	0.000000	91.400000	2.489634
738	47.251850	4.431203	0.000000	91.400000	2.472081
739	47.246444	4.344037	0.000000	91.400000	2.391717
740	47.250986	4.378601	0.000000	91.400000	2.476110
741	47.250971	4.448590	0.000000	91.400000	2.486546
742	47.248548	4.356859	0.000000	91.400000	2.483500
743	47.240579	4.352831	0.000000	91.400000	2.476937
744	47.237876	4.433590	0.000000	91.400000	2.393999
745	47.247577	4.441036	0.000000	91.400000	2.410158
746	47.254094	4.412780	0.000000	91.400000	2.392866
747	47.256994	4.397766	0.000000	91.400000	2.468251
748	47.254282	4.411396	0.000000	91.400000	2.467501
749	47.246468	4.417323	0.000000	91.400000	2.376278
750	47.399411	4.388547	0.000000	91.400000	2.302163
751	47.427666	4.440934	0.000000	91.400000	2.508067
752	47.445092	4.448257	0.000000	91.400000	2.474217
753	47.454691	4.418622	0.000000	91.400000	2.409131
754	47.456074	4.432528	0.000000	91.400000	2.306082
755	47.460207	4.428355	0.000000	91.400000	2.392392
756	47.467393	4.431399	0.000000	91.400000	2.452538
757	47.476125	4.426086	0.000000	91.400000	2.323407
758	47.476000	4.448744	0.000000	91.400000	2.400692
759	47.473353	4.472905	0.000000	91.400000	2.308223
760	47.480327	4.456280	0.000000	91.400000	2.315208
761	47.483128	4.429298	0.000000	91.400000	2.412451
762	47.489882	4.468829	0.000000	91.400000	2.303097
763	47.483659	4.460953	0.000000	91.400000	2.311325
764	47.488186	4.439900	0.000000	91.400000	2.402198
765	47.491175	4.473841	0.000000	91.400000	2.586850
766	47.489619	4.479055	0.000000	91.400000	2.398630
767	47.494617	4.478315	0.000000	91.400000	2.400653
768	47.489542	4.482141	0.000000	91.400000	2.554595
769	47.490212	4.427622	0.000000	91.400000	2.470372
770	47.495058	4.426209	0.000000	91.400000	2.602678
771	47.493169	4.459826	0.000000	91.400000	2.315535
772	47.501287	4.456836	0.000000	91.400000	2.490809
773	47.497624	4.450601	0.000000	91.400000	2.385531
774	47.494727	4.429019	0.000000	91.400000	2.394013
775	47.500771	4.456845	0.000000	91.400000	2.299211
776	47.496992	4.468758	0.000000	91.400000	2.514120
777	47.496530	4.496969	0.000000	91.400000	2.277526
778	47.501379	4.508929	0.000000	91.400000	2.301738
779	47.500187	4.474727	0.000000	91.400000	2.412877
780	47.505289	4.490365	0.000000	91.400000	2.416456
781	47.503757	4.444250	0.000000	91.400000	2.313993
782	47.502619	4.486184	0.000000	91.400000	2.290318
783	47.504872	4.489648	0.000000	91.400000	2.388353
784	47.496030	4.505458	0.000000	91.400000	2.492035
785	47.502840	4.499285	0.000000	91.400000	2.495468
786	47.502667	4.451452	0.000000	91.400000	2.478235
787	47.498465	4.457729	0.000000	91.400000	2.385900
788	47.500050	4.464586	0.000000	91.400000	2.489948
789	47.503024	4.432005	0.000000	91.400000	2.402632
790	47.505203	4.470836	0.000000	91.400000	2.502435
791	47.508234	4.482074	0.000000	91.400000	2.487689
792	47.510722	4.514937	0.000000	91.400000	2.499850
793	47.510725	4.496600	0.000000	91.400000	2.385349
794	47.514677	4.486151	0.000000	91.400000	2.467721
795	47.519475	4.457301	0.000000	91.400000	2.470657
796	47.512561	4.451480	0.000000	91.400000	2.489804
797	47.520721	4.490773	0.000000	91.400000	2.473318
798	47.513759	4.475494	0.000000	91.400000	2.387496
799	47.517148	4.527371	0.000000	91.400000	2.387144
800	47.511190	4.470539	0.000000	91.400000	2.493090
801	47.511640	4.477359	0.000000	91.400000	2.466197
802	47.510171	4.449684	0.000000	91.400000	2.376484
803	47.516614	4.439100	0.000000	91.400000	2.316384
804	47.515118	4.473388	0.000000	91.400000	2.311541
805	47.514975	4.470760	0.000000	91.400000	2.308188
806	47.514185	4.436377	0.000000	91.400000	2.395730
807	47.513685	4.437503	0.000000	91.400000	2.304903
808	47.517931	4.430834	0.000000	91.400000	2.300785
809	47.513250	4.473578	0.000000	91.400000	2.397341
810	47.517103	4.476366	0.000000	91.400000	2.413475
811	47.521904	4.494673	0.000000	91.400000	2.306685
812	47.523624	4.503327	0.000000	91.400000	2.309856
813	47.525957	4.476054	0.000000	91.400000	2.407620
814	47.529942	4.485756	0.000000	91.400000	2.416753
815	47.529924	4.488356	0.000000	91.400000	2.655807
816	47.524703	4.474330	0.000000	91.400000	2.386724
817	47.527248	4.477678	0.000000	91.400000	2.485142
818	47.525936	4.479443	0.000000	91.400000	2.450035
819	47.524452	4.488452	0.000000	91.400000	2.452879
820	47.524291	4.473275	0.000000	91.400000	2.464772
821	47.528648	4.435038	0.000000	91.400000	2.432419
822	47.519785	4.452668	0.000000	91.400000	2.589031
823	47.524258	4.506502	0.000000	91.400000	2.601064
824	47.520068	4.484137	0.000000	91.400000	2.307162
825	47.518551	4.502908	0.000000	91.400000	2.399451
826	47.521704	4.511560	0.000000	91.400000	2.554358
827	47.517976	4.510702	0.000000	91.400000	2.386029
828	47.518194	4.516427	0.000000	91.400000	2.405823
829	47.515929	4.496532	0.000000	91.400000	2.596330
830	47.519916	4.487141	0.000000	91.400000	2.389482
831	47.519624	4.506699	0.000000	91.400000	2.392364
832	47.524306	4.478766	0.000000	91.400000	2.290745
833	47.522283	4.489450	0.000000	91.400000	2.512859
834	47.518641	4.474816	0.000000	91.400000	2.298174
835	47.522187	4.508860	0.000000	91.400000	2.300289
836	47.521681	4.473575	0.000000	91.400000	2.406291
837	47.519201	4.501817	0.000000	91.400000	2.391879
838	47.516364	4.489334	0.000000	91.400000	2.299046
839	47.519034	4.478887	0.000000	91.400000	2.295674
840	47.517157	4.473153	0.000000	91.400000	2.390576
841	47.518742	4.460172	0.000000	91.400000	2.507548
842	47.519621	4.400239	0.000000	91.400000	2.495239
843	47.522050	4.418242	0.000000	91.400000	2.490356
844	47.522724	4.396726	0.000000	91.400000	2.377483
845	47.519928	4.448096	0.000000	91.400000	2.393239
846	47.518289	4.457913	0.000000	91.400000	2.485863
847	47.522885	4.440192	0.000000	91.400000	2.503259
848	47.517574	4.471531	0.000000	91.400000	2.494874
849	47.524503	4.465837	0.000000	91.400000	2.494753
850	47.529370	4.446684	0.000000	91.400000	2.472810
851	47.526693	4.437360	0.000000	91.400000	2.378862
852	47.529280	4.452565	0.000000	91.400000	2.488283
853	47.522908	4.451759	0.000000	91.400000	2.472630
854	47.525018	4.455630	0.000000	91.400000	2.385850
855	47.524410	4.441233	0.000000	91.400000	2.378324
856	47.523132	4.449709	0.000000	91.400000	2.503642
857	47.527683	4.440805	0.000000	91.400000	2.281797
858	47.524083	4.433774	0.000000	91.400000	2.314031
859	47.518790	4.489948	0.000000	91.400000	2.490848
860	47.524709	4.484216	0.000000	91.400000	2.496465
861	47.526050	4.467560	0.000000	91.400000	2.493239
862	47.523302	4.481444	0.000000	91.400000	2.403720
863	47.524786	4.452446	0.000000	91.400000	2.294129
864	47.517425	4.467182	0.000000	91.400000	2.399088
865	47.517288	4.438294	0.000000	91.400000	2.095755
866	47.556311	4.439673	0.000000	91.400000	2.087775
867	47.556955	4.447271	0.000000	91.400000	2.325211
868	47.556990	4.443800	0.000000	91.400000	2.087417
869	47.557205	4.442267	0.000000	91.400000	2.191229
870	47.557300	4.442459	0.000000	91.400000	2.098261
871	47.557282	4.442863	0.000000	91.400000	2.208243
872	47.556943	4.443377	0.000000	91.400000	2.205794
873	47.556818	4.444884	0.000000	91.400000	2.099421
874	47.556797	4.444191	0.000000	91.400000	2.213984
875	47.556865	4.444267	0.000000	91.400000	2.099292
876	47.556847	4.444457	0.000000	91.400000	2.122998
877	47.556758	4.444498	0.000000	91.400000	2.194352
878	47.556794	4.445122	0.000000	91.400000	2.092342
879	47.556838	4.445236	0.000000	91.400000	2.201179
880	47.556838	4.445236	0.000000	91.400000	2.184617
881	47.556838	4.445236	0.000000	91.400000	2.088034
882	47.556838	4.445236	0.000000	91.400000	2.206764
883	47.556838	4.445236	0.000000	91.400000	2.182382
884	47.556838	4.445236	0.000000	91.400000	2.129698
885	47.556838	4.445236	0.000000	91.400000	2.199196
886	47.556838	4.445236	0.000000	91.400000	2.110577
887	47.556838	4.445236	0.000000	91.400000	2.097976
888	47.556838	4.445236	0.000000	91.400000	2.210944
889	47.556838	4.445236	0.000000	91.400000	2.107577
890	47.556838	4.445236	0.000000	91.400000	2.216405
891	47.556838	4.445236	0.000000	91.400000	2.194749
892	47.556838	4.445236	0.000000	91.400000	2.072841
893	47.556838	4.445236	0.000000	91.400000	2.190527
894	47.556838	4.445236	0.000000	91.400000	2.091988
895	47.556838	4.445236	0.000000	91.400000	2.116066
896	47.556838	4.445236	0.000000	91.400000	2.104594
897	47.556838	4.445236	0.000000	91.400000	2.110248
898	47.556838	4.445236	0.000000	91.400000	2.095045
899	47.556838	4.445236	0.000000	91.400000	2.104881
900	47.556838	4.445236	0.000000	91.400000	2.096129
901	47.556838	4.445236	0.000000	91.400000	2.203212
902	47.556838	4.445236	0.000000	91.400000	2.180208
903	47.556838	4.445236	0.000000	91.400000	2.315368
904	47.556838	4.445236	0.000000	91.400000	2.169601
905	47.556838	4.445236	0.000000	91.400000	2.103986
906	47.556838	4.445236	0.000000	91.400000	2.099953
907	47.556838	4.445236	0.000000	91.400000	2.101737
908	47.556838	4.445236	0.000000	91.400000	2.194242
909	47.556838	4.445236	0.000000	91.400000	2.186128
910	47.556838	4.445236	0.000000	91.400000	2.105015
911	47.556838	4.445236	0.000000	91.400000	2.104048
912	47.556838	4.445236	0.000000	91.400000	2.100384
913	47.556838	4.445236	0.000000	91.400000	2.219200
914	47.556838	4.445236	0.000000	91.400000	2.173558
915	47.556838	4.445236	0.000000	91.400000	2.108664
916	47.556838	4.445236	0.000000	91.400000	2.095467
917	47.556838	4.445236	0.000000	91.400000	2.197381
918	47.556838	4.445236	0.000000	91.400000	2.176615
919	47.556838	4.445236	0.000000	91.400000	2.197512
