1	27.063930	2.879655	0.000000	91.400000	2.303595
2	32.566881	3.990177	0.000000	91.400000	2.292465
3	37.147704	4.166789	0.000000	91.400000	2.316139
4	39.942777	3.758536	0.000000	91.400000	2.374067
5	41.589013	3.486958	0.000000	91.400000	2.471933
6	42.581290	3.195123	0.000000	91.400000	2.373671
7	43.227893	3.077449	0.000000	91.400000	2.309508
8	43.693438	3.034943	0.000000	91.400000	2.389593
9	43.993235	3.008480	0.000000	91.400000	2.278959
10	44.222593	2.925243	0.000000	91.400000	2.266708
11	44.430566	2.955141	0.000000	91.400000	2.476777
12	44.594979	2.969052	0.000000	91.400000	2.384828
13	44.748271	2.982193	0.000000	91.400000	2.369261
14	44.901782	2.904530	0.000000	91.400000	2.365065
15	45.014137	2.899312	0.000000	91.400000	2.265737
16	45.128793	2.876620	0.000000	91.400000	2.458199
17	45.207578	2.996001	0.000000	91.400000	2.380157
18	45.280796	2.957870	0.000000	91.400000	2.540426
19	45.346564	3.001017	0.000000	91.400000	2.375556
20	45.394909	3.118671	0.000000	91.400000	2.371523
21	45.441422	3.229467	0.000000	91.400000	2.299748
22	45.498484	3.211331	0.000000	91.400000	2.293662
23	45.542967	3.281120	0.000000	91.400000	2.297031
24	45.577985	3.311018	0.000000	91.400000	2.297960
25	45.600417	3.287168	0.000000	91.400000	2.391795
26	45.644036	3.305791	0.000000	91.400000	2.294654
27	45.665848	3.288678	0.000000	91.400000	2.264856
28	45.678586	3.367579	0.000000	91.400000	2.457971
29	45.708483	3.430655	0.000000	91.400000	2.461167
30	45.739764	3.408317	0.000000	91.400000	2.371348
31	45.749098	3.344960	0.000000	91.400000	2.386447
32	45.772618	3.399563	0.000000	91.400000	2.445191
33	45.794523	3.336479	0.000000	91.400000	2.369515
34	45.797241	3.322211	0.000000	91.400000	2.293450
35	45.804143	3.374370	0.000000	91.400000	2.468221
36	45.829970	3.333440	0.000000	91.400000	2.478663
37	45.837981	3.332835	0.000000	91.400000	2.303180
38	45.841423	3.314336	0.000000	91.400000	2.302242
39	45.866281	3.320249	0.000000	91.400000	2.321048
40	45.888215	3.358964	0.000000	91.400000	2.301209
41	45.895180	3.274962	0.000000	91.400000	2.302576
42	45.920679	3.312419	0.000000	91.400000	2.374278
43	45.919943	3.335738	0.000000	91.400000	2.397567
44	45.936024	3.405606	0.000000	91.400000	2.379383
45	45.946199	3.425376	0.000000	91.400000	2.380311
46	45.956668	3.442739	0.000000	91.400000	2.278638
47	45.961565	3.360804	0.000000	91.400000	2.389313
48	45.965260	3.364210	0.000000	91.400000	2.371979
49	45.967609	3.314276	0.000000	91.400000	2.284099
50	45.978051	3.380141	0.000000	91.400000	2.304913
51	45.995694	3.318404	0.000000	91.400000	2.305722
52	45.997161	3.358027	0.000000	91.400000	2.407576
53	45.997027	3.403371	0.000000	91.400000	2.314041
54	46.034181	3.328058	0.000000	91.400000	2.305643
55	46.038154	3.400100	0.000000	91.400000	2.382908
56	46.031857	3.368571	0.000000	91.400000	2.492573
57	46.036866	3.419602	0.000000	91.400000	2.400296
58	46.032137	3.398060	0.000000	91.400000	2.481083
59	46.054667	3.428895	0.000000	91.400000	2.465414
60	46.058518	3.403253	0.000000	91.400000	2.481570
61	46.073121	3.400891	0.000000	91.400000	2.393442
62	46.074057	3.427066	0.000000	91.400000	2.462078
63	46.066070	3.393760	0.000000	91.400000	2.479937
64	46.104062	3.364451	0.000000	91.400000	2.486605
65	46.115154	3.483958	0.000000	91.400000	2.474894
66	46.111792	3.453255	0.000000	91.400000	2.469785
67	46.151024	3.447124	0.000000	91.400000	2.380411
68	46.159732	3.514818	0.000000	91.400000	2.499756
69	46.178406	3.479302	0.000000	91.400000	2.387654
70	46.177390	3.495755	0.000000	91.400000	2.375635
71	46.189392	3.450138	0.000000	91.400000	2.467850
72	46.192139	3.491292	0.000000	91.400000	2.373739
73	46.207011	3.499152	0.000000	91.400000	2.282580
74	46.210104	3.621881	0.000000	91.400000	2.485717
75	46.198860	3.595594	0.000000	91.400000	2.483619
76	46.205613	3.590568	0.000000	91.400000	2.484292
77	46.212968	3.639699	0.000000	91.400000	2.278977
78	46.229959	3.633617	0.000000	91.400000	2.476364
79	46.236020	3.529335	0.000000	91.400000	2.373761
80	46.219319	3.624209	0.000000	91.400000	2.309060
81	46.231139	3.563456	0.000000	91.400000	2.315483
82	46.219218	3.615141	0.000000	91.400000	2.314383
83	46.216279	3.637525	0.000000	91.400000	2.393468
84	46.226186	3.711732	0.000000	91.400000	2.309196
85	46.229857	3.670686	0.000000	91.400000	2.288544
86	46.234941	3.639101	0.000000	91.400000	2.551138
87	46.241128	3.713704	0.000000	91.400000	2.457828
88	46.237603	3.660500	0.000000	91.400000	2.405140
89	46.249557	3.680539	0.000000	91.400000	2.379937
90	46.267360	3.633035	0.000000	91.400000	2.391537
91	46.289775	3.677249	0.000000	91.400000	2.282564
92	46.293229	3.708038	0.000000	91.400000	2.584550
93	46.299726	3.676780	0.000000	91.400000	2.518573
94	46.305931	3.672591	0.000000	91.400000	2.299074
95	46.314168	3.705714	0.000000	91.400000	2.315624
96	46.327043	3.709830	0.000000	91.400000	2.305394
97	46.329421	3.694566	0.000000	91.400000	2.403870
98	46.347746	3.760608	0.000000	91.400000	2.487052
99	46.330941	3.662765	0.000000	91.400000	2.364839
100	46.329165	3.669505	0.000000	91.400000	2.289394
101	46.343219	3.650315	0.000000	91.400000	2.398847
102	46.355736	3.611873	0.000000	91.400000	2.482676
103	46.365559	3.742978	0.000000	91.400000	2.378613
104	46.366549	3.724196	0.000000	91.400000	2.462313
105	46.375042	3.772716	0.000000	91.400000	2.474434
106	46.382046	3.701831	0.000000	91.400000	2.470242
107	46.397281	3.659295	0.000000	91.400000	2.473958
108	46.372840	3.664362	0.000000	91.400000	2.476648
109	46.378034	3.679652	0.000000	91.400000	2.471616
110	46.385974	3.604288	0.000000	91.400000	2.476664
111	46.361017	3.766272	0.000000	91.400000	2.381216
112	46.370235	3.763157	0.000000	91.400000	2.468545
113	46.370208	3.717492	0.000000	91.400000	2.367216
114	46.373618	3.804397	0.000000	91.400000	2.372636
115	46.378666	3.745010	0.000000	91.400000	2.301075
116	46.378863	3.750236	0.000000	91.400000	2.486714
117	46.368700	3.781347	0.000000	91.400000	2.473850
118	46.364018	3.764027	0.000000	91.400000	2.486444
119	46.364075	3.780180	0.000000	91.400000	2.503747
120	46.370056	3.775344	0.000000	91.400000	2.459234
121	46.355218	3.748121	0.000000	91.400000	2.460935
122	46.374151	3.769029	0.000000	91.400000	2.304537
123	46.381557	3.711483	0.000000	91.400000	2.313891
124	46.369329	3.761990	0.000000	91.400000	2.470354
125	46.372041	3.756755	0.000000	91.400000	2.555568
126	46.374431	3.654748	0.000000	91.400000	2.385195
127	46.379873	3.715562	0.000000	91.400000	2.399318
128	46.386427	3.725280	0.000000	91.400000	2.418485
129	46.390235	3.774388	0.000000	91.400000	2.383699
130	46.378383	3.795949	0.000000	91.400000	2.317358
131	46.402526	3.740935	0.000000	91.400000	2.399899
132	46.400481	3.779172	0.000000	91.400000	2.413088
133	46.408099	3.646983	0.000000	91.400000	2.389290
134	46.398681	3.671210	0.000000	91.400000	2.379877
135	46.408981	3.689971	0.000000	91.400000	2.266672
136	46.395975	3.740864	0.000000	91.400000	2.389437
137	46.390730	3.710265	0.000000	91.400000	2.564212
138	46.385264	3.778385	0.000000	91.400000	2.458804
139	46.383053	3.697359	0.000000	91.400000	2.392285
140	46.377158	3.709324	0.000000	91.400000	2.561801
141	46.382850	3.734505	0.000000	91.400000	2.455475
142	46.384352	3.719938	0.000000	91.400000	2.392551
143	46.387315	3.729513	0.000000	91.400000	2.380332
144	46.393877	3.716384	0.000000	91.400000	2.383504
145	46.394587	3.663348	0.000000	91.400000	2.283947
146	46.401262	3.729237	0.000000	91.400000	2.309934
147	46.410900	3.673752	0.000000	91.400000	2.390332
148	46.404332	3.676849	0.000000	91.400000	2.502538
149	46.415728	3.682345	0.000000	91.400000	2.299164
150	46.426541	3.632665	0.000000	91.400000	2.309562
151	46.412486	3.724244	0.000000	91.400000	2.307327
152	46.422559	3.710901	0.000000	91.400000	2.479642
153	46.406150	3.751098	0.000000	91.400000	2.539567
154	46.396455	3.765850	0.000000	91.400000	2.390428
155	46.409577	3.644277	0.000000	91.400000	2.495301
156	46.399534	3.683242	0.000000	91.400000	2.501158
157	46.401250	3.682842	0.000000	91.400000	2.383811
158	46.392375	3.631074	0.000000	91.400000	2.480033
159	46.399707	3.632336	0.000000	91.400000	2.472645
160	46.398860	3.572592	0.000000	91.400000	2.371776
161	46.414289	3.580627	0.000000	91.400000	2.480042
162	46.408015	3.629656	0.000000	91.400000	2.286240
163	46.412176	3.653341	0.000000	91.400000	2.490721
164	46.425021	3.697445	0.000000	91.400000	2.499536
165	46.408266	3.627393	0.000000	91.400000	2.321097
166	46.411413	3.702201	0.000000	91.400000	2.323475
167	46.421051	3.697255	0.000000	91.400000	2.397558
168	46.414757	3.753786	0.000000	91.400000	2.312451
169	46.423799	3.685542	0.000000	91.400000	2.296324
170	46.441144	3.735779	0.000000	91.400000	2.393398
171	46.446288	3.817955	0.000000	91.400000	2.415984
172	46.448821	3.781012	0.000000	91.400000	2.303230
173	46.429792	3.825387	0.000000	91.400000	2.308771
174	46.453965	3.792927	0.000000	91.400000	2.398463
175	46.442848	3.737865	0.000000	91.400000	2.563224
176	46.445873	3.692852	0.000000	91.400000	2.435698
177	46.437913	3.752109	0.000000	91.400000	2.498276
178	46.432927	3.763386	0.000000	91.400000	2.383554
179	46.424904	3.764809	0.000000	91.400000	2.557370
180	46.437630	3.753396	0.000000	91.400000	2.392085
181	46.443257	3.765763	0.000000	91.400000	2.322160
182	46.443602	3.752193	0.000000	91.400000	2.424483
183	46.463248	3.767008	0.000000	91.400000	2.290485
184	46.454591	3.747186	0.000000	91.400000	2.313701
185	46.448898	3.719724	0.000000	91.400000	2.303346
186	46.458530	3.825108	0.000000	91.400000	2.490360
187	46.443957	3.679325	0.000000	91.400000	2.403671
188	46.454996	3.709634	0.000000	91.400000	2.313496
189	46.445513	3.649805	0.000000	91.400000	2.301168
190	46.437901	3.615154	0.000000	91.400000	2.502577
191	46.438801	3.700035	0.000000	91.400000	2.502802
192	46.469286	3.763331	0.000000	91.400000	2.415526
193	46.466681	3.698998	0.000000	91.400000	2.479535
194	46.471405	3.642716	0.000000	91.400000	2.467939
195	46.458924	3.652147	0.000000	91.400000	2.481104
196	46.462023	3.734365	0.000000	91.400000	2.393137
197	46.456689	3.764616	0.000000	91.400000	2.499438
198	46.465302	3.760305	0.000000	91.400000	2.496659
199	46.496212	3.730940	0.000000	91.400000	2.383619
200	46.481979	3.658671	0.000000	91.400000	2.373167
201	46.475101	3.749572	0.000000	91.400000	2.303807
202	46.474808	3.712312	0.000000	91.400000	2.317187
203	46.471244	3.722807	0.000000	91.400000	2.492475
204	46.499842	3.682794	0.000000	91.400000	2.315864
205	46.489167	3.683703	0.000000	91.400000	2.413371
206	46.484736	3.730392	0.000000	91.400000	2.403278
207	46.485049	3.684534	0.000000	91.400000	2.399471
208	46.480268	3.719348	0.000000	91.400000	2.302228
209	46.491975	3.681008	0.000000	91.400000	2.292376
210	46.471393	3.623732	0.000000	91.400000	2.402927
211	46.475384	3.653886	0.000000	91.400000	2.392118
212	46.457976	3.571636	0.000000	91.400000	2.395132
213	46.458012	3.619770	0.000000	91.400000	2.375284
214	46.458095	3.596847	0.000000	91.400000	2.382712
215	46.458152	3.674636	0.000000	91.400000	2.396794
216	46.468166	3.657139	0.000000	91.400000	2.315794
217	46.484807	3.693947	0.000000	91.400000	2.508824
218	46.473163	3.698732	0.000000	91.400000	2.288844
219	46.472460	3.746103	0.000000	91.400000	2.297529
220	46.486342	3.756304	0.000000	91.400000	2.307746
221	46.459043	3.690143	0.000000	91.400000	2.505092
222	46.471554	3.716027	0.000000	91.400000	2.319919
223	46.474838	3.650353	0.000000	91.400000	2.303879
224	46.462584	3.626122	0.000000	91.400000	2.392295
225	46.472889	3.555940	0.000000	91.400000	2.407182
226	46.466401	3.650932	0.000000	91.400000	2.497798
227	46.488416	3.672436	0.000000	91.400000	2.509658
228	46.503168	3.628487	0.000000	91.400000	2.410069
229	46.488488	3.570826	0.000000	91.400000	2.476794
230	46.490976	3.590498	0.000000	91.400000	2.465281
231	46.509689	3.570178	0.000000	91.400000	2.485793
232	46.505624	3.610862	0.000000	91.400000	2.391020
233	46.497470	3.578223	0.000000	91.400000	2.415080
234	46.488029	3.689227	0.000000	91.400000	2.403196
235	46.507472	3.707007	0.000000	91.400000	2.394551
236	46.501482	3.564927	0.000000	91.400000	2.301893
237	46.510923	3.541111	0.000000	91.400000	2.481319
238	46.497580	3.585002	0.000000	91.400000	2.474210
239	46.499729	3.622952	0.000000	91.400000	2.490326
240	46.507278	3.705171	0.000000	91.400000	2.390773
241	46.508974	3.675127	0.000000	91.400000	2.477984
242	46.493608	3.679006	0.000000	91.400000	2.474658
243	46.512622	3.646820	0.000000	91.400000	2.405294
244	46.510881	3.702756	0.000000	91.400000	2.569771
245	46.533090	3.743865	0.000000	91.400000	2.492462
246	46.536672	3.674866	0.000000	91.400000	2.489112
247	46.530381	3.655140	0.000000	91.400000	2.482737
248	46.521714	3.629273	0.000000	91.400000	2.305263
249	46.536273	3.625001	0.000000	91.400000	2.305932
250	46.548185	3.683910	0.000000	91.400000	2.398214
251	46.535474	3.630749	0.000000	91.400000	2.301366
252	46.539003	3.650171	0.000000	91.400000	2.301932
253	46.534681	3.727451	0.000000	91.400000	2.400257
254	46.537811	3.711263	0.000000	91.400000	2.306416
255	46.551156	3.569469	0.000000	91.400000	2.305767
256	46.565658	3.591034	0.000000	91.400000	2.562262
257	46.554109	3.612202	0.000000	91.400000	2.465404
258	46.555054	3.529233	0.000000	91.400000	2.383636
259	46.550745	3.547156	0.000000	91.400000	2.572686
260	46.561873	3.513358	0.000000	91.400000	2.375083
261	46.566099	3.504783	0.000000	91.400000	2.567789
262	46.561569	3.476843	0.000000	91.400000	2.383004
263	46.564791	3.499255	0.000000	91.400000	2.544717
264	46.558914	3.558967	0.000000	91.400000	2.386099
265	46.565849	3.461624	0.000000	91.400000	2.527606
266	46.562225	3.579225	0.000000	91.400000	2.407946
267	46.568888	3.494425	0.000000	91.400000	2.581585
268	46.572441	3.535378	0.000000	91.400000	2.471177
269	46.566543	3.580163	0.000000	91.400000	2.437024
270	46.573001	3.602057	0.000000	91.400000	2.473997
271	46.546590	3.637642	0.000000	91.400000	2.445052
272	46.553755	3.525689	0.000000	91.400000	2.417930
273	46.551913	3.524177	0.000000	91.400000	2.568760
274	46.535951	3.523451	0.000000	91.400000	2.494901
275	46.543318	3.531985	0.000000	91.400000	2.545903
276	46.545535	3.554818	0.000000	91.400000	2.470471
277	46.538675	3.508497	0.000000	91.400000	2.444054
278	46.544319	3.509167	0.000000	91.400000	2.426926
279	46.544671	3.541573	0.000000	91.400000	2.312433
280	46.540493	3.732860	0.000000	91.400000	2.509014
281	46.542120	3.751043	0.000000	91.400000	2.290678
282	46.538001	3.583744	0.000000	91.400000	2.302322
283	46.554703	3.504494	0.000000	91.400000	2.303965
284	46.548361	3.510551	0.000000	91.400000	2.501485
285	46.559736	3.529206	0.000000	91.400000	2.418433
286	46.562287	3.534295	0.000000	91.400000	2.494668
287	46.569347	3.570259	0.000000	91.400000	2.307670
288	46.575749	3.560263	0.000000	91.400000	2.312071
289	46.561998	3.612811	0.000000	91.400000	2.408899
290	46.571583	3.683237	0.000000	91.400000	2.405509
291	46.563083	3.633916	0.000000	91.400000	2.465905
292	46.558040	3.539881	0.000000	91.400000	2.372325
293	46.563974	3.544555	0.000000	91.400000	2.493546
294	46.554375	3.561796	0.000000	91.400000	2.359104
295	46.561635	3.615766	0.000000	91.400000	2.287158
296	46.552438	3.646372	0.000000	91.400000	2.484094
297	46.538919	3.520804	0.000000	91.400000	2.295116
298	46.555561	3.528573	0.000000	91.400000	2.508478
299	46.566519	3.611619	0.000000	91.400000	2.275043
300	46.571493	3.532743	0.000000	91.400000	2.398487
301	46.559477	3.568580	0.000000	91.400000	2.292053
302	46.558607	3.585598	0.000000	91.400000	2.391798
303	46.554211	3.514654	0.000000	91.400000	2.398634
304	46.557075	3.611738	0.000000	91.400000	2.286216
305	46.551436	3.555010	0.000000	91.400000	2.290209
306	46.533465	3.526471	0.000000	91.400000	2.394000
307	46.539328	3.620601	0.000000	91.400000	2.553821
308	46.554089	3.626759	0.000000	91.400000	2.472481
309	46.568680	3.629772	0.000000	91.400000	2.382754
310	46.570802	3.641612	0.000000	91.400000	2.553207
311	46.548361	3.726272	0.000000	91.400000	2.393688
312	46.546429	3.581113	0.000000	91.400000	2.444920
313	46.559197	3.616408	0.000000	91.400000	2.469811
314	46.555811	3.675920	0.000000	91.400000	2.448451
315	46.554995	3.603544	0.000000	91.400000	2.431530
316	46.562681	3.620492	0.000000	91.400000	2.320260
317	46.573591	3.587840	0.000000	91.400000	2.521980
318	46.546733	3.535129	0.000000	91.400000	2.283664
319	46.552867	3.552747	0.000000	91.400000	2.300345
320	46.551734	3.612101	0.000000	91.400000	2.307795
321	46.562037	3.589090	0.000000	91.400000	2.405106
322	46.554396	3.621025	0.000000	91.400000	2.301533
323	46.564922	3.590610	0.000000	91.400000	2.310303
324	46.569031	3.611469	0.000000	91.400000	2.490817
325	46.562976	3.511481	0.000000	91.400000	2.461306
326	46.577573	3.551584	0.000000	91.400000	2.395472
327	46.566159	3.523558	0.000000	91.400000	2.398550
328	46.573645	3.601940	0.000000	91.400000	2.480854
329	46.571708	3.659007	0.000000	91.400000	2.463216
330	46.575159	3.687418	0.000000	91.400000	2.470127
331	46.570429	3.603435	0.000000	91.400000	2.468611
332	46.576262	3.636646	0.000000	91.400000	2.463546
333	46.582726	3.566815	0.000000	91.400000	2.278730
334	46.599063	3.616739	0.000000	91.400000	2.392712
335	46.597013	3.580046	0.000000	91.400000	2.475361
336	46.585661	3.608552	0.000000	91.400000	2.543504
337	46.597278	3.546697	0.000000	91.400000	2.321778
338	46.601492	3.597102	0.000000	91.400000	2.311947
339	46.599647	3.644044	0.000000	91.400000	2.309949
340	46.601620	3.606835	0.000000	91.400000	2.302012
341	46.595046	3.609254	0.000000	91.400000	2.390498
342	46.606904	3.651825	0.000000	91.400000	2.407745
343	46.598175	3.680591	0.000000	91.400000	2.380307
344	46.603292	3.663902	0.000000	91.400000	2.405220
345	46.602440	3.651349	0.000000	91.400000	2.370056
346	46.607456	3.662616	0.000000	91.400000	2.365904
347	46.599236	3.685097	0.000000	91.400000	2.462452
348	46.602044	3.719988	0.000000	91.400000	2.438278
349	46.602148	3.679726	0.000000	91.400000	2.429885
350	46.589214	3.549204	0.000000	91.400000	2.314850
351	46.579319	3.586306	0.000000	91.400000	2.317256
352	46.595985	3.606969	0.000000	91.400000	2.299379
353	46.591797	3.621031	0.000000	91.400000	2.300262
354	46.592620	3.640479	0.000000	91.400000	2.304618
355	46.611992	3.681611	0.000000	91.400000	2.305071
356	46.599558	3.660654	0.000000	91.400000	2.478383
357	46.590358	3.609560	0.000000	91.400000	2.466382
358	46.607336	3.662850	0.000000	91.400000	2.459080
359	46.624541	3.664873	0.000000	91.400000	2.502181
360	46.619844	3.583179	0.000000	91.400000	2.414019
361	46.614689	3.632514	0.000000	91.400000	2.482507
362	46.605492	3.659150	0.000000	91.400000	2.472015
363	46.613348	3.714182	0.000000	91.400000	2.466557
364	46.622339	3.674314	0.000000	91.400000	2.485741
365	46.624750	3.661003	0.000000	91.400000	2.465221
366	46.609426	3.627251	0.000000	91.400000	2.472058
367	46.608415	3.637343	0.000000	91.400000	2.493865
368	46.608317	3.672727	0.000000	91.400000	2.395640
369	46.620375	3.705054	0.000000	91.400000	2.460830
370	46.613559	3.783548	0.000000	91.400000	2.546679
371	46.616045	3.851319	0.000000	91.400000	2.478208
372	46.624184	3.789013	0.000000	91.400000	2.470982
373	46.610591	3.713512	0.000000	91.400000	2.480931
374	46.621138	3.798927	0.000000	91.400000	2.471919
375	46.614540	3.696589	0.000000	91.400000	2.459347
376	46.611699	3.768423	0.000000	91.400000	2.490981
377	46.603510	3.777823	0.000000	91.400000	2.395025
378	46.615821	3.748863	0.000000	91.400000	2.471101
379	46.618789	3.779893	0.000000	91.400000	2.462595
380	46.611732	3.834352	0.000000	91.400000	2.481562
381	46.614683	3.784913	0.000000	91.400000	2.544614
382	46.609199	3.756018	0.000000	91.400000	2.478918
383	46.603459	3.832609	0.000000	91.400000	2.464510
384	46.603930	3.730457	0.000000	91.400000	2.453610
385	46.615914	3.693332	0.000000	91.400000	2.491899
386	46.600422	3.704900	0.000000	91.400000	2.467091
387	46.607569	3.755722	0.000000	91.400000	2.475650
388	46.613830	3.757140	0.000000	91.400000	2.477293
389	46.606651	3.659525	0.000000	91.400000	2.486783
390	46.604687	3.698630	0.000000	91.400000	2.469076
391	46.606126	3.754489	0.000000	91.400000	2.479630
392	46.618825	3.797685	0.000000	91.400000	2.394135
393	46.615168	3.700842	0.000000	91.400000	2.483354
394	46.615145	3.748864	0.000000	91.400000	2.447538
395	46.619505	3.681575	0.000000	91.400000	2.405004
396	46.619874	3.569949	0.000000	91.400000	2.374438
397	46.618003	3.635158	0.000000	91.400000	2.286293
398	46.614963	3.649652	0.000000	91.400000	2.481722
399	46.615118	3.636263	0.000000	91.400000	2.488558
400	46.599865	3.768692	0.000000	91.400000	2.321034
401	46.620858	3.751511	0.000000	91.400000	2.403341
402	46.622932	3.665528	0.000000	91.400000	2.308265
403	46.623778	3.758305	0.000000	91.400000	2.398588
404	46.622518	3.725690	0.000000	91.400000	2.294786
405	46.608382	3.756689	0.000000	91.400000	2.421855
406	46.593711	3.783852	0.000000	91.400000	2.388752
407	46.607509	3.818444	0.000000	91.400000	2.407652
408	46.613961	3.827926	0.000000	91.400000	2.395315
409	46.615082	3.857907	0.000000	91.400000	2.389476
410	46.600264	3.884231	0.000000	91.400000	2.282985
411	46.603698	3.823154	0.000000	91.400000	2.411287
412	46.608543	3.706423	0.000000	91.400000	2.618493
413	46.602619	3.729191	0.000000	91.400000	2.381983
414	46.597022	3.739026	0.000000	91.400000	2.445000
415	46.601641	3.706865	0.000000	91.400000	2.490960
416	46.603441	3.690492	0.000000	91.400000	2.266941
417	46.801215	3.712087	0.000000	91.400000	2.301408
418	46.874267	3.729024	0.000000	91.400000	2.302276
419	46.891230	3.701455	0.000000	91.400000	2.406463
420	46.899763	3.561198	0.000000	91.400000	2.408102
421	46.914005	3.687415	0.000000	91.400000	2.314497
422	46.928453	3.643207	0.000000	91.400000	2.296529
423	46.934968	3.641849	0.000000	91.400000	2.389331
424	46.945906	3.782901	0.000000	91.400000	2.493218
425	46.957445	3.757865	0.000000	91.400000	2.465390
426	46.944526	3.747393	0.000000	91.400000	2.377583
427	46.960461	3.699690	0.000000	91.400000	2.293902
428	46.948278	3.669660	0.000000	91.400000	2.316028
429	46.953702	3.692992	0.000000	91.400000	2.497105
430	46.956894	3.796759	0.000000	91.400000	2.324399
431	46.965230	3.765176	0.000000	91.400000	2.305476
432	46.974087	3.782367	0.000000	91.400000	2.390281
433	46.957392	3.746835	0.000000	91.400000	2.315410
434	46.962804	3.695505	0.000000	91.400000	2.392331
435	46.969157	3.826765	0.000000	91.400000	2.412261
436	46.980578	3.810073	0.000000	91.400000	2.393685
437	46.982658	3.802608	0.000000	91.400000	2.318423
438	46.983612	3.852878	0.000000	91.400000	2.310309
439	46.971858	3.756003	0.000000	91.400000	2.479278
440	46.979332	3.748924	0.000000	91.400000	2.474571
441	46.979204	3.779079	0.000000	91.400000	2.439356
442	46.974492	3.769969	0.000000	91.400000	2.418179
443	46.976933	3.718198	0.000000	91.400000	2.313351
444	46.978486	3.762111	0.000000	91.400000	2.322740
445	46.976209	3.785011	0.000000	91.400000	2.303673
446	46.980363	3.681095	0.000000	91.400000	2.398884
447	46.979141	3.651670	0.000000	91.400000	2.298281
448	46.990025	3.603641	0.000000	91.400000	2.292942
449	46.984643	3.668056	0.000000	91.400000	2.490849
450	46.977580	3.713621	0.000000	91.400000	2.478788
451	46.982256	3.683441	0.000000	91.400000	2.380742
452	46.965706	3.640912	0.000000	91.400000	2.407076
453	46.964982	3.643957	0.000000	91.400000	2.288296
454	46.977830	3.613176	0.000000	91.400000	2.496532
455	46.989310	3.603736	0.000000	91.400000	2.400154
456	46.985015	3.752465	0.000000	91.400000	2.481577
457	46.978736	3.735491	0.000000	91.400000	2.477002
458	46.973813	3.713552	0.000000	91.400000	2.538383
459	46.969146	3.690284	0.000000	91.400000	2.505608
460	46.990520	3.699381	0.000000	91.400000	2.432959
461	46.985424	3.701399	0.000000	91.400000	2.521652
462	46.976840	3.695020	0.000000	91.400000	2.494508
463	46.980041	3.633066	0.000000	91.400000	2.317535
464	46.979555	3.657473	0.000000	91.400000	2.304808
465	46.982992	3.677930	0.000000	91.400000	2.406156
466	46.980584	3.681104	0.000000	91.400000	2.403270
467	46.976751	3.724456	0.000000	91.400000	2.315458
468	46.988007	3.732144	0.000000	91.400000	2.395487
469	46.975508	3.854951	0.000000	91.400000	2.416794
470	46.994030	3.696990	0.000000	91.400000	2.383788
471	46.989352	3.696862	0.000000	91.400000	2.317928
472	46.987852	3.684053	0.000000	91.400000	2.306555
473	47.003114	3.619993	0.000000	91.400000	2.400369
474	46.995378	3.682149	0.000000	91.400000	2.571822
475	46.990284	3.638898	0.000000	91.400000	2.452916
476	46.995193	3.594463	0.000000	91.400000	2.324376
477	46.998176	3.670856	0.000000	91.400000	2.306823
478	46.995223	3.675427	0.000000	91.400000	2.299579
479	46.986943	3.723855	0.000000	91.400000	2.301732
480	46.998155	3.792193	0.000000	91.400000	2.410836
481	46.991697	3.830434	0.000000	91.400000	2.302327
482	46.978360	3.770968	0.000000	91.400000	2.394398
483	46.974331	3.802470	0.000000	91.400000	2.489137
484	46.969986	3.772081	0.000000	91.400000	2.492275
485	46.975330	3.753918	0.000000	91.400000	2.475506
486	46.985793	3.739424	0.000000	91.400000	2.484026
487	46.992573	3.739439	0.000000	91.400000	2.480032
488	47.005531	3.746057	0.000000	91.400000	2.489599
489	46.995550	3.716876	0.000000	91.400000	2.547835
490	46.995103	3.754764	0.000000	91.400000	2.484265
491	46.988404	3.770777	0.000000	91.400000	2.483768
492	47.011137	3.747884	0.000000	91.400000	2.370211
493	46.994364	3.783005	0.000000	91.400000	2.388440
494	46.997422	3.755408	0.000000	91.400000	2.398558
495	46.990418	3.675902	0.000000	91.400000	2.322979
496	46.998793	3.706496	0.000000	91.400000	2.490623
497	46.993101	3.733365	0.000000	91.400000	2.312693
498	46.997696	3.686328	0.000000	91.400000	2.308605
499	47.002935	3.610458	0.000000	91.400000	2.406345
500	46.991399	3.639899	0.000000	91.400000	2.297726
501	46.985018	3.657575	0.000000	91.400000	2.296001
502	46.988094	3.619594	0.000000	91.400000	2.399234
503	46.987978	3.629019	0.000000	91.400000	2.310088
504	46.975946	3.714188	0.000000	91.400000	2.298278
505	46.975386	3.738129	0.000000	91.400000	2.397481
506	46.978021	3.718550	0.000000	91.400000	2.545496
507	46.977583	3.755919	0.000000	91.400000	2.463406
508	46.987066	3.787387	0.000000	91.400000	2.465822
509	46.994644	3.769919	0.000000	91.400000	2.570209
510	46.995631	3.741782	0.000000	91.400000	2.460489
511	46.988690	3.744247	0.000000	91.400000	2.447252
512	46.988684	3.756095	0.000000	91.400000	2.421261
513	46.999457	3.733651	0.000000	91.400000	2.312670
514	46.984872	3.716319	0.000000	91.400000	2.322678
515	46.984282	3.652488	0.000000	91.400000	2.290484
516	47.007713	3.708308	0.000000	91.400000	2.399116
517	46.995214	3.779493	0.000000	91.400000	2.306258
518	46.995097	3.693178	0.000000	91.400000	2.289359
519	46.994814	3.686734	0.000000	91.400000	2.478660
520	47.003257	3.633016	0.000000	91.400000	2.486922
521	47.005731	3.632839	0.000000	91.400000	2.465890
522	46.998411	3.657815	0.000000	91.400000	2.484652
523	47.001684	3.609102	0.000000	91.400000	2.485336
524	46.984464	3.677213	0.000000	91.400000	2.378726
525	46.978608	3.657788	0.000000	91.400000	2.556590
526	46.990901	3.623989	0.000000	91.400000	2.313179
527	47.005343	3.645903	0.000000	91.400000	2.301595
528	46.998334	3.686797	0.000000	91.400000	2.476473
529	47.006139	3.687060	0.000000	91.400000	2.310901
530	46.998721	3.711159	0.000000	91.400000	2.313321
531	46.990901	3.673560	0.000000	91.400000	2.326008
532	46.986789	3.730177	0.000000	91.400000	2.319491
533	46.982640	3.732837	0.000000	91.400000	2.391171
534	46.996099	3.808403	0.000000	91.400000	2.408120
535	46.988797	3.769809	0.000000	91.400000	2.298973
536	47.002792	3.795144	0.000000	91.400000	2.312261
537	46.995676	3.755458	0.000000	91.400000	2.492162
538	46.994534	3.725513	0.000000	91.400000	2.395324
539	46.985242	3.677827	0.000000	91.400000	2.306762
540	46.997923	3.658152	0.000000	91.400000	2.316194
541	46.997339	3.701558	0.000000	91.400000	2.371400
542	46.995163	3.710933	0.000000	91.400000	2.290036
543	46.999085	3.671079	0.000000	91.400000	2.488823
544	47.180077	3.642570	0.000000	91.400000	2.303609
545	47.223648	3.720179	0.000000	91.400000	2.302992
546	47.247693	3.693161	0.000000	91.400000	2.502971
547	47.265783	3.744073	0.000000	91.400000	2.480736
548	47.284675	3.708782	0.000000	91.400000	2.482497
549	47.295004	3.743685	0.000000	91.400000	2.469791
550	47.293767	3.719337	0.000000	91.400000	2.378271
551	47.314620	3.700358	0.000000	91.400000	2.397800
552	47.314751	3.742386	0.000000	91.400000	2.468631
553	47.318593	3.708884	0.000000	91.400000	2.464550
554	47.320724	3.762552	0.000000	91.400000	2.385001
555	47.325385	3.749573	0.000000	91.400000	2.314478
556	47.329533	3.795165	0.000000	91.400000	2.492163
557	47.328490	3.763300	0.000000	91.400000	2.397227
558	47.331509	3.733458	0.000000	91.400000	2.482189
559	47.331992	3.666457	0.000000	91.400000	2.476864
560	47.337496	3.690768	0.000000	91.400000	2.553172
561	47.337449	3.757188	0.000000	91.400000	2.505180
562	47.329271	3.738255	0.000000	91.400000	2.312017
563	47.339350	3.756949	0.000000	91.400000	2.310448
564	47.329316	3.709249	0.000000	91.400000	2.329537
565	47.335604	3.706201	0.000000	91.400000	2.310455
566	47.345489	3.689563	0.000000	91.400000	2.396624
567	47.341698	3.740044	0.000000	91.400000	2.417511
568	47.352201	3.777569	0.000000	91.400000	2.395715
569	47.347656	3.777254	0.000000	91.400000	2.484143
570	47.345358	3.786637	0.000000	91.400000	2.398040
571	47.358459	3.708354	0.000000	91.400000	2.403352
572	47.350749	3.703998	0.000000	91.400000	2.274355
573	47.354335	3.754593	0.000000	91.400000	2.295678
574	47.343540	3.713531	0.000000	91.400000	2.315325
575	47.349930	3.652157	0.000000	91.400000	2.305836
576	47.348472	3.667178	0.000000	91.400000	2.290302
577	47.348154	3.640052	0.000000	91.400000	2.389290
578	47.358668	3.749019	0.000000	91.400000	2.314886
579	47.351229	3.713838	0.000000	91.400000	2.303184
580	47.345728	3.755979	0.000000	91.400000	2.482782
581	47.349948	3.757496	0.000000	91.400000	2.488161
582	47.348821	3.731741	0.000000	91.400000	2.469190
583	47.352728	3.715566	0.000000	91.400000	2.478881
584	47.352374	3.686851	0.000000	91.400000	2.393328
585	47.356808	3.674323	0.000000	91.400000	2.488172
586	47.362590	3.653993	0.000000	91.400000	2.486778
587	47.361708	3.698090	0.000000	91.400000	2.470086
588	47.355396	3.659862	0.000000	91.400000	2.479491
589	47.348383	3.700620	0.000000	91.400000	2.484049
590	47.347710	3.715815	0.000000	91.400000	2.454839
591	47.340018	3.639345	0.000000	91.400000	2.404928
592	47.344887	3.680672	0.000000	91.400000	2.493852
593	47.361547	3.654473	0.000000	91.400000	2.481164
594	47.355735	3.700379	0.000000	91.400000	2.483829
595	47.353065	3.707027	0.000000	91.400000	2.471490
596	47.356993	3.680560	0.000000	91.400000	2.477532
597	47.352397	3.686583	0.000000	91.400000	2.475933
598	47.359440	3.677634	0.000000	91.400000	2.463706
599	47.370306	3.712211	0.000000	91.400000	2.488376
600	47.359842	3.729419	0.000000	91.400000	2.406285
601	47.353140	3.689002	0.000000	91.400000	2.407628
602	47.364181	3.690494	0.000000	91.400000	2.412451
603	47.364849	3.598652	0.000000	91.400000	2.487016
604	47.346234	3.644766	0.000000	91.400000	2.376475
605	47.350183	3.621826	0.000000	91.400000	2.288437
606	47.357488	3.596315	0.000000	91.400000	2.492255
607	47.347641	3.563715	0.000000	91.400000	2.495348
608	47.354254	3.605606	0.000000	91.400000	2.314432
609	47.350210	3.584118	0.000000	91.400000	2.307562
610	47.373080	3.567373	0.000000	91.400000	2.314425
611	47.369629	3.597662	0.000000	91.400000	2.288340
612	47.370937	3.588115	0.000000	91.400000	2.390675
613	47.362512	3.634008	0.000000	91.400000	2.413243
614	47.358736	3.597421	0.000000	91.400000	2.391297
615	47.362208	3.618660	0.000000	91.400000	2.406770
616	47.354096	3.602317	0.000000	91.400000	2.302376
617	47.355384	3.661873	0.000000	91.400000	2.400311
618	47.350571	3.626194	0.000000	91.400000	2.558060
619	47.364151	3.636425	0.000000	91.400000	2.392322
620	47.365266	3.628156	0.000000	91.400000	2.401283
621	47.368547	3.621350	0.000000	91.400000	2.576698
622	47.369280	3.600093	0.000000	91.400000	2.471224
623	47.359815	3.593184	0.000000	91.400000	2.457161
624	47.361860	3.608212	0.000000	91.400000	2.482910
625	47.361553	3.637882	0.000000	91.400000	2.583304
626	47.363973	3.582480	0.000000	91.400000	2.276301
627	47.369957	3.556094	0.000000	91.400000	2.404811
628	47.375947	3.579259	0.000000	91.400000	2.580633
629	47.371626	3.595370	0.000000	91.400000	2.400308
630	47.373828	3.616889	0.000000	91.400000	2.471218
631	47.380823	3.609692	0.000000	91.400000	2.475590
632	47.379118	3.633553	0.000000	91.400000	2.440681
633	47.386247	3.629758	0.000000	91.400000	2.492279
634	47.385263	3.648925	0.000000	91.400000	2.502539
635	47.376722	3.647867	0.000000	91.400000	2.458363
636	47.374701	3.640022	0.000000	91.400000	2.454291
637	47.371525	3.612533	0.000000	91.400000	2.475969
638	47.381049	3.614835	0.000000	91.400000	2.495659
639	47.378010	3.604904	0.000000	91.400000	2.383815
640	47.384995	3.649024	0.000000	91.400000	2.555861
641	47.380793	3.661231	0.000000	91.400000	2.380663
642	47.381365	3.585924	0.000000	91.400000	2.403212
643	47.390205	3.650517	0.000000	91.400000	2.322064
644	47.390944	3.646305	0.000000	91.400000	2.304326
645	47.396988	3.644653	0.000000	91.400000	2.295835
646	47.392988	3.655393	0.000000	91.400000	2.311641
647	47.392780	3.678211	0.000000	91.400000	2.499955
648	47.386187	3.647860	0.000000	91.400000	2.504459
649	47.387025	3.712271	0.000000	91.400000	2.321336
650	47.389126	3.728491	0.000000	91.400000	2.309423
651	47.394288	3.675310	0.000000	91.400000	2.384740
652	47.402644	3.647205	0.000000	91.400000	2.505821
653	47.404468	3.695762	0.000000	91.400000	2.408684
654	47.399774	3.619311	0.000000	91.400000	2.503485
655	47.398227	3.563774	0.000000	91.400000	2.415631
656	47.400612	3.667435	0.000000	91.400000	2.483114
657	47.395855	3.627356	0.000000	91.400000	2.483735
658	47.386682	3.610322	0.000000	91.400000	2.478562
659	47.387198	3.664315	0.000000	91.400000	2.293187
660	47.387689	3.598411	0.000000	91.400000	2.403838
661	47.397217	3.632960	0.000000	91.400000	2.510600
662	47.401160	3.649399	0.000000	91.400000	2.292224
663	47.406191	3.624821	0.000000	91.400000	2.505968
664	47.402030	3.619307	0.000000	91.400000	2.314169
665	47.406566	3.614147	0.000000	91.400000	2.317256
666	47.415879	3.597729	0.000000	91.400000	2.519294
667	47.404021	3.654341	0.000000	91.400000	2.320589
668	47.416121	3.656047	0.000000	91.400000	2.292643
669	47.418451	3.634951	0.000000	91.400000	2.389806
670	47.395167	3.642931	0.000000	91.400000	2.408934
671	47.403145	3.641904	0.000000	91.400000	2.298685
672	47.408938	3.638783	0.000000	91.400000	2.304677
673	47.408330	3.611888	0.000000	91.400000	2.459028
674	47.405434	3.612032	0.000000	91.400000	2.427640
675	47.405547	3.607540	0.000000	91.400000	2.310459
676	47.406557	3.609636	0.000000	91.400000	2.329059
677	47.404900	3.602646	0.000000	91.400000	2.311444
678	47.403747	3.559771	0.000000	91.400000	2.401689
679	47.404236	3.549694	0.000000	91.400000	2.311244
680	47.413501	3.620761	0.000000	91.400000	2.306251
681	47.406471	3.567972	0.000000	91.400000	2.485708
682	47.415990	3.567197	0.000000	91.400000	2.481154
683	47.409841	3.531760	0.000000	91.400000	2.467807
684	47.408575	3.566743	0.000000	91.400000	2.384361
685	47.409904	3.559662	0.000000	91.400000	2.479921
686	47.430968	3.538871	0.000000	91.400000	2.470228
687	47.423506	3.550180	0.000000	91.400000	2.546375
688	47.408807	3.569875	0.000000	91.400000	2.504551
689	47.415435	3.581003	0.000000	91.400000	2.419817
690	47.414738	3.579505	0.000000	91.400000	2.486512
691	47.428948	3.615390	0.000000	91.400000	2.475343
692	47.420996	3.599865	0.000000	91.400000	2.479468
693	47.424114	3.622209	0.000000	91.400000	2.388618
694	47.422361	3.589673	0.000000	91.400000	2.482042
695	47.420526	3.574944	0.000000	91.400000	2.496879
696	47.418603	3.529394	0.000000	91.400000	2.478987
697	47.429448	3.546079	0.000000	91.400000	2.487113
698	47.442141	3.535524	0.000000	91.400000	2.380247
699	47.433072	3.513035	0.000000	91.400000	2.489057
700	47.425628	3.542667	0.000000	91.400000	2.491400
701	47.417539	3.517223	0.000000	91.400000	2.370461
702	47.422749	3.555410	0.000000	91.400000	2.571085
703	47.431630	3.565692	0.000000	91.400000	2.411417
704	47.437462	3.555505	0.000000	91.400000	2.390716
705	47.440380	3.555891	0.000000	91.400000	2.468018
706	47.440210	3.494368	0.000000	91.400000	2.472718
707	47.444746	3.549089	0.000000	91.400000	2.370994
708	47.439831	3.540089	0.000000	91.400000	2.292729
709	47.439897	3.537093	0.000000	91.400000	2.489844
710	47.431386	3.610493	0.000000	91.400000	2.490716
711	47.427329	3.567707	0.000000	91.400000	2.306682
712	47.426936	3.603049	0.000000	91.400000	2.302450
713	47.435600	3.545539	0.000000	91.400000	2.395576
714	47.424740	3.525594	0.000000	91.400000	2.305600
715	47.414458	3.586105	0.000000	91.400000	2.299256
716	47.414362	3.583828	0.000000	91.400000	2.492352
717	47.417450	3.550501	0.000000	91.400000	2.397184
718	47.420037	3.508366	0.000000	91.400000	2.375063
719	47.418591	3.496328	0.000000	91.400000	2.345340
720	47.419703	3.529321	0.000000	91.400000	2.406350
721	47.421572	3.511100	0.000000	91.400000	2.312871
722	47.415748	3.517573	0.000000	91.400000	2.326105
723	47.416598	3.478009	0.000000	91.400000	2.392799
724	47.417003	3.535222	0.000000	91.400000	2.310294
725	47.408360	3.543888	0.000000	91.400000	2.410200
726	47.414556	3.525999	0.000000	91.400000	2.319406
727	47.416788	3.514058	0.000000	91.400000	2.300715
728	47.416723	3.574475	0.000000	91.400000	2.386590
729	47.419459	3.572067	0.000000	91.400000	2.495594
730	47.417605	3.587270	0.000000	91.400000	2.506805
731	47.415781	3.546283	0.000000	91.400000	2.415511
732	47.416443	3.533202	0.000000	91.400000	2.494040
733	47.408932	3.520302	0.000000	91.400000	2.485623
734	47.418082	3.529228	0.000000	91.400000	2.376863
735	47.416300	3.559257	0.000000	91.400000	2.404054
736	47.417009	3.553154	0.000000	91.400000	2.284986
737	47.419178	3.533644	0.000000	91.400000	2.493919
738	47.418863	3.578100	0.000000	91.400000	2.497401
739	47.418571	3.610673	0.000000	91.400000	2.488601
740	47.416443	3.603543	0.000000	91.400000	2.476230
741	47.428274	3.619785	0.000000	91.400000	2.492332
742	47.419995	3.549124	0.000000	91.400000	2.394270
743	47.418785	3.552002	0.000000	91.400000	2.494124
744	47.414619	3.547312	0.000000	91.400000	2.317115
745	47.417718	3.592428	0.000000	91.400000	2.413049
746	47.425503	3.501266	0.000000	91.400000	2.410591
747	47.421366	3.495668	0.000000	91.400000	2.395088
748	47.425014	3.491183	0.000000	91.400000	2.304234
749	47.432804	3.464597	0.000000	91.400000	2.397413
750	47.411698	3.478218	0.000000	91.400000	2.414994
751	47.417560	3.478412	0.000000	91.400000	2.402162
752	47.429025	3.480479	0.000000	91.400000	2.304396
753	47.427040	3.522456	0.000000	91.400000	2.301727
754	47.428662	3.557122	0.000000	91.400000	2.449702
755	47.427866	3.621134	0.000000	91.400000	2.502280
756	47.418916	3.582989	0.000000	91.400000	2.449314
757	47.414818	3.609390	0.000000	91.400000	2.461694
758	47.420758	3.544250	0.000000	91.400000	2.454674
759	47.583550	3.575553	0.000000	91.400000	2.608453
760	47.623128	3.600802	0.000000	91.400000	2.385335
761	47.632039	3.643584	0.000000	91.400000	2.551580
762	47.643822	3.675120	0.000000	91.400000	2.479232
763	47.642404	3.634738	0.000000	91.400000	2.397794
764	47.643858	3.657182	0.000000	91.400000	2.556133
765	47.652489	3.663601	0.000000	91.400000	2.389966
766	47.652784	3.671417	0.000000	91.400000	2.404767
767	47.656894	3.633913	0.000000	91.400000	2.597042
768	47.659373	3.670660	0.000000	91.400000	2.463432
769	47.661370	3.691612	0.000000	91.400000	2.460355
770	47.667074	3.691032	0.000000	91.400000	2.590977
771	47.665334	3.663809	0.000000	91.400000	2.391382
772	47.672105	3.705769	0.000000	91.400000	2.526860
773	47.668254	3.725833	0.000000	91.400000	2.599892
774	47.672445	3.715908	0.000000	91.400000	2.395994
775	47.675833	3.722769	0.000000	91.400000	2.433250
776	47.678971	3.686372	0.000000	91.400000	2.464742
777	47.685790	3.734156	0.000000	91.400000	2.418301
778	47.679406	3.727154	0.000000	91.400000	2.539811
779	47.684211	3.727510	0.000000	91.400000	2.456332
780	47.684130	3.720525	0.000000	91.400000	2.420595
781	47.681123	3.743370	0.000000	91.400000	2.304626
782	47.684702	3.733367	0.000000	91.400000	2.571855
783	47.692829	3.724447	0.000000	91.400000	2.287649
784	47.689292	3.731009	0.000000	91.400000	2.488358
785	47.694588	3.730725	0.000000	91.400000	2.324589
786	47.692490	3.709289	0.000000	91.400000	2.311326
787	47.694570	3.715566	0.000000	91.400000	2.488366
788	47.695971	3.719429	0.000000	91.400000	2.391226
789	47.694606	3.694506	0.000000	91.400000	2.318178
790	47.695485	3.715406	0.000000	91.400000	2.403306
791	47.696835	3.714019	0.000000	91.400000	2.480731
792	47.690955	3.708350	0.000000	91.400000	2.496741
793	47.697079	3.733903	0.000000	91.400000	2.482559
794	47.696826	3.694850	0.000000	91.400000	2.473315
795	47.703212	3.693744	0.000000	91.400000	2.388152
796	47.700816	3.711784	0.000000	91.400000	2.472214
797	47.702748	3.676066	0.000000	91.400000	2.536558
798	47.691417	3.693018	0.000000	91.400000	2.475878
799	47.700432	3.675750	0.000000	91.400000	2.535673
800	47.697091	3.674382	0.000000	91.400000	2.372791
801	47.699213	3.680631	0.000000	91.400000	2.486923
802	47.704989	3.697597	0.000000	91.400000	2.385163
803	47.706187	3.705210	0.000000	91.400000	2.312992
804	47.707793	3.686083	0.000000	91.400000	2.494715
805	47.711286	3.681946	0.000000	91.400000	2.494328
806	47.710684	3.656833	0.000000	91.400000	2.401766
807	47.702077	3.676551	0.000000	91.400000	2.484165
808	47.702327	3.677552	0.000000	91.400000	2.494037
809	47.706795	3.709872	0.000000	91.400000	2.486814
810	47.701877	3.705795	0.000000	91.400000	2.555372
811	47.703308	3.711026	0.000000	91.400000	2.340958
812	47.703081	3.672997	0.000000	91.400000	2.308365
813	47.702879	3.674776	0.000000	91.400000	2.510633
814	47.702742	3.687673	0.000000	91.400000	2.307003
815	47.711039	3.722004	0.000000	91.400000	2.302598
816	47.709528	3.705731	0.000000	91.400000	2.318680
817	47.705746	3.741292	0.000000	91.400000	2.292999
818	47.712612	3.715378	0.000000	91.400000	2.304195
819	47.708184	3.734335	0.000000	91.400000	2.451743
820	47.712111	3.709100	0.000000	91.400000	2.335115
821	47.709534	3.708177	0.000000	91.400000	2.331456
822	47.710514	3.742582	0.000000	91.400000	2.407481
823	47.711030	3.728738	0.000000	91.400000	2.306035
824	47.715467	3.694387	0.000000	91.400000	2.408119
825	47.716427	3.724242	0.000000	91.400000	2.408399
826	47.717834	3.742874	0.000000	91.400000	2.493204
827	47.713935	3.730474	0.000000	91.400000	2.406672
828	47.717911	3.718587	0.000000	91.400000	2.313067
829	47.713608	3.770078	0.000000	91.400000	2.298380
830	47.711113	3.764113	0.000000	91.400000	2.575278
831	47.708452	3.759684	0.000000	91.400000	2.398101
832	47.709298	3.755783	0.000000	91.400000	2.475363
833	47.714496	3.733180	0.000000	91.400000	2.470885
834	47.717229	3.703513	0.000000	91.400000	2.485138
835	47.721702	3.712269	0.000000	91.400000	2.367248
836	47.717005	3.682298	0.000000	91.400000	2.486374
837	47.710651	3.696683	0.000000	91.400000	2.472819
838	47.713172	3.713008	0.000000	91.400000	2.459178
839	47.709841	3.710370	0.000000	91.400000	2.472261
840	47.717416	3.727136	0.000000	91.400000	2.466980
841	47.713199	3.722241	0.000000	91.400000	2.461460
842	47.712284	3.682579	0.000000	91.400000	2.481927
843	47.714505	3.685808	0.000000	91.400000	2.492489
844	47.715428	3.704030	0.000000	91.400000	2.379648
845	47.720724	3.678952	0.000000	91.400000	2.463269
846	47.714454	3.689863	0.000000	91.400000	2.314592
847	47.718731	3.653425	0.000000	91.400000	2.483709
848	47.719049	3.683764	0.000000	91.400000	2.479172
849	47.710821	3.691804	0.000000	91.400000	2.483991
850	47.712725	3.742604	0.000000	91.400000	2.493711
851	47.716480	3.700259	0.000000	91.400000	2.498355
852	47.715741	3.682786	0.000000	91.400000	2.314107
853	47.720838	3.682468	0.000000	91.400000	2.491430
854	47.721660	3.698235	0.000000	91.400000	2.398682
855	47.720516	3.692676	0.000000	91.400000	2.316224
856	47.715950	3.722490	0.000000	91.400000	2.302029
857	47.723788	3.726589	0.000000	91.400000	2.292507
858	47.721213	3.701825	0.000000	91.400000	2.309616
859	47.724503	3.704319	0.000000	91.400000	2.397451
860	47.726762	3.706474	0.000000	91.400000	2.397500
861	47.725171	3.735277	0.000000	91.400000	2.565077
862	47.733009	3.733545	0.000000	91.400000	2.472412
863	47.733802	3.729257	0.000000	91.400000	2.481423
864	47.734582	3.670103	0.000000	91.400000	2.389215
865	47.732961	3.716865	0.000000	91.400000	2.533240
866	47.732672	3.698980	0.000000	91.400000	2.484345
867	47.730619	3.674985	0.000000	91.400000	2.395683
868	47.734869	3.691900	0.000000	91.400000	2.550847
869	47.726309	3.703833	0.000000	91.400000	2.476290
870	47.724307	3.703750	0.000000	91.400000	2.395658
871	47.734895	3.718935	0.000000	91.400000	2.325640
872	47.743702	3.719156	0.000000	91.400000	2.299206
873	47.731739	3.715630	0.000000	91.400000	2.312516
874	47.736621	3.701323	0.000000	91.400000	2.330551
875	47.738022	3.738130	0.000000	91.400000	2.302748
876	47.730368	3.741073	0.000000	91.400000	2.394490
877	47.730020	3.753027	0.000000	91.400000	2.502123
878	47.729838	3.739760	0.000000	91.400000	2.489355
879	47.728446	3.713901	0.000000	91.400000	2.328128
880	47.732019	3.758118	0.000000	91.400000	2.398877
881	47.738272	3.725337	0.000000	91.400000	2.480583
882	47.727728	3.747952	0.000000	91.400000	2.367123
883	47.727346	3.737295	0.000000	91.400000	2.304541
884	47.726583	3.696016	0.000000	91.400000	2.485789
885	47.732747	3.731860	0.000000	91.400000	2.486969
886	47.733322	3.732213	0.000000	91.400000	2.308544
887	47.735113	3.772444	0.000000	91.400000	2.316388
888	47.729126	3.717669	0.000000	91.400000	2.321657
889	47.726965	3.747751	0.000000	91.400000	2.305382
890	47.726837	3.735452	0.000000	91.400000	2.384809
891	47.732797	3.767950	0.000000	91.400000	2.413198
892	47.730640	3.749441	0.000000	91.400000	2.294184
893	47.736973	3.751346	0.000000	91.400000	2.314096
894	47.732282	3.738287	0.000000	91.400000	2.331080
895	47.730982	3.713604	0.000000	91.400000	2.399442
896	47.736058	3.735492	0.000000	91.400000	2.309466
897	47.733217	3.761279	0.000000	91.400000	2.410282
898	47.733361	3.766722	0.000000	91.400000	2.311887
899	47.732550	3.733715	0.000000	91.400000	2.300599
900	47.741386	3.739058	0.000000	91.400000	2.485477
901	47.736055	3.755243	0.000000	91.400000	2.485256
902	47.733510	3.780323	0.000000	91.400000	2.463564
903	47.731867	3.733266	0.000000	91.400000	2.460037
904	47.740316	3.740293	0.000000	91.400000	2.492814
905	47.733641	3.730955	0.000000	91.400000	2.491243
906	47.739992	3.744411	0.000000	91.400000	2.370027
907	47.735390	3.747999	0.000000	91.400000	2.404921
908	47.734737	3.713540	0.000000	91.400000	2.482462
909	47.739571	3.732070	0.000000	91.400000	2.479579
910	47.737706	3.767127	0.000000	91.400000	2.381606
911	47.741133	3.779079	0.000000	91.400000	2.298072
912	47.740820	3.772137	0.000000	91.400000	2.314413
913	47.748321	3.770757	0.000000	91.400000	2.511904
914	47.743201	3.764858	0.000000	91.400000	2.402764
915	47.742003	3.792676	0.000000	91.400000	2.486578
916	47.746950	3.801049	0.000000	91.400000	2.394540
917	47.742867	3.782884	0.000000	91.400000	2.300521
918	47.742003	3.809394	0.000000	91.400000	2.304869
919	47.738743	3.795484	0.000000	91.400000	2.388411
920	47.749835	3.817391	0.000000	91.400000	2.414705
921	47.741473	3.824803	0.000000	91.400000	2.297079
922	47.739857	3.788393	0.000000	91.400000	2.404896
923	47.732377	3.787484	0.000000	91.400000	2.393994
924	47.735000	3.774421	0.000000	91.400000	2.416185
925	47.737405	3.762364	0.000000	91.400000	2.307822
926	47.735119	3.755144	0.000000	91.400000	2.334292
927	47.738582	3.771675	0.000000	91.400000	2.401488
928	47.734028	3.736414	0.000000	91.400000	2.409360
929	47.738200	3.784971	0.000000	91.400000	2.490310
930	47.734672	3.761348	0.000000	91.400000	2.488753
931	47.739804	3.769330	0.000000	91.400000	2.406046
932	47.733164	3.771020	0.000000	91.400000	2.310645
933	47.732103	3.802783	0.000000	91.400000	2.384713
934	47.731191	3.786165	0.000000	91.400000	2.379564
935	47.728020	3.813084	0.000000	91.400000	2.548585
936	47.725087	3.810586	0.000000	91.400000	2.500489
937	47.726238	3.844889	0.000000	91.400000	2.490224
938	47.729450	3.816518	0.000000	91.400000	2.389537
939	47.727910	3.833561	0.000000	91.400000	2.476014
940	47.727185	3.827991	0.000000	91.400000	2.479400
941	47.725111	3.824115	0.000000	91.400000	2.494853
942	47.733814	3.823464	0.000000	91.400000	2.376047
943	47.738642	3.795909	0.000000	91.400000	2.490738
944	47.740591	3.812228	0.000000	91.400000	2.372112
945	47.732994	3.747915	0.000000	91.400000	2.319103
946	47.734442	3.813513	0.000000	91.400000	2.504644
947	47.730127	3.793308	0.000000	91.400000	2.307646
948	47.728914	3.828663	0.000000	91.400000	2.309859
949	47.733355	3.791311	0.000000	91.400000	2.401527
950	47.736388	3.774215	0.000000	91.400000	2.312831
951	47.735542	3.784684	0.000000	91.400000	2.305049
952	47.728890	3.802138	0.000000	91.400000	2.393352
953	47.738802	3.782316	0.000000	91.400000	2.403129
954	47.733906	3.812963	0.000000	91.400000	2.306297
955	47.736523	3.830252	0.000000	91.400000	2.550782
956	47.731984	3.815890	0.000000	91.400000	2.404396
957	47.729835	3.815694	0.000000	91.400000	2.537863
958	47.733611	3.786328	0.000000	91.400000	2.607525
959	47.736245	3.823613	0.000000	91.400000	2.384851
960	47.736430	3.802156	0.000000	91.400000	2.565154
961	47.735140	3.786051	0.000000	91.400000	2.387875
962	47.732133	3.835535	0.000000	91.400000	2.406412
963	47.728914	3.848027	0.000000	91.400000	2.399285
964	47.735035	3.831930	0.000000	91.400000	2.301985
965	47.726420	3.807276	0.000000	91.400000	2.390951
966	47.732770	3.863395	0.000000	91.400000	2.318974
967	47.728652	3.817385	0.000000	91.400000	2.288882
968	47.732395	3.813961	0.000000	91.400000	2.292341
969	47.733217	3.826335	0.000000	91.400000	2.383661
970	47.730100	3.833336	0.000000	91.400000	2.307445
971	47.730863	3.784362	0.000000	91.400000	2.177575
972	47.776008	3.805770	0.000000	91.400000	2.111305
973	47.777331	3.809564	0.000000	91.400000	2.190247
974	47.777832	3.811758	0.000000	91.400000	2.181767
975	47.777975	3.814029	0.000000	91.400000	2.205735
976	47.778845	3.815731	0.000000	91.400000	2.069049
977	47.779030	3.816409	0.000000	91.400000	2.217320
978	47.779554	3.815654	0.000000	91.400000	2.222193
979	47.779873	3.816336	0.000000	91.400000	2.274894
980	47.779861	3.815931	0.000000	91.400000	2.133128
981	47.780007	3.816512	0.000000	91.400000	2.101248
982	47.780204	3.817095	0.000000	91.400000	2.195881
983	47.780263	3.817808	0.000000	91.400000	2.108040
984	47.780228	3.817693	0.000000	91.400000	2.116581
985	47.780216	3.817725	0.000000	91.400000	2.176396
986	47.780246	3.818024	0.000000	91.400000	2.387180
987	47.780246	3.818024	0.000000	91.400000	2.301395
988	47.780246	3.818024	0.000000	91.400000	2.202841
989	47.780246	3.818024	0.000000	91.400000	2.306818
990	47.780246	3.818024	0.000000	91.400000	2.199999
991	47.780246	3.818024	0.000000	91.400000	2.318973
992	47.780246	3.818024	0.000000	91.400000	2.286671
993	47.780246	3.818024	0.000000	91.400000	2.282419
994	47.780246	3.818024	0.000000	91.400000	2.288473
995	47.780246	3.818024	0.000000	91.400000	2.178142
996	47.780246	3.818024	0.000000	91.400000	2.112695
997	47.780246	3.818024	0.000000	91.400000	2.125123
998	47.780246	3.818024	0.000000	91.400000	2.309268
999	47.780246	3.818024	0.000000	91.400000	2.178596
1000	47.780246	3.818024	0.000000	91.400000	2.312419
1001	47.780246	3.818024	0.000000	91.400000	2.324255
1002	47.780246	3.818024	0.000000	91.400000	2.229436
1003	47.780246	3.818024	0.000000	91.400000	2.111369
1004	47.780246	3.818024	0.000000	91.400000	2.095884
1005	47.780246	3.818024	0.000000	91.400000	2.194723
1006	47.780246	3.818024	0.000000	91.400000	2.204971
1007	47.780246	3.818024	0.000000	91.400000	2.189442
1008	47.780246	3.818024	0.000000	91.400000	2.069793
1009	47.780246	3.818024	0.000000	91.400000	2.235161
1010	47.780246	3.818024	0.000000	91.400000	2.091011
1011	47.780246	3.818024	0.000000	91.400000	2.105213
1012	47.780246	3.818024	0.000000	91.400000	2.100307
1013	47.780246	3.818024	0.000000	91.400000	2.284527
1014	47.780246	3.818024	0.000000	91.400000	2.184154
1015	47.780246	3.818024	0.000000	91.400000	2.098624
1016	47.780246	3.818024	0.000000	91.400000	2.179653
1017	47.780246	3.818024	0.000000	91.400000	2.383764
1018	47.780246	3.818024	0.000000	91.400000	2.292731
1019	47.780246	3.818024	0.000000	91.400000	2.303497
1020	47.780246	3.818024	0.000000	91.400000	2.089441
1021	47.780246	3.818024	0.000000	91.400000	2.096494
1022	47.780246	3.818024	0.000000	91.400000	2.093456
1023	47.780246	3.818024	0.000000	91.400000	2.085045
1024	47.780246	3.818024	0.000000	91.400000	2.093837
1025	47.780246	3.818024	0.000000	91.400000	2.101362
1026	47.780246	3.818024	0.000000	91.400000	2.090245
1027	47.780246	3.818024	0.000000	91.400000	2.094888
1028	47.780246	3.818024	0.000000	91.400000	2.092467
1029	47.780246	3.818024	0.000000	91.400000	2.099514
1030	47.780246	3.818024	0.000000	91.400000	2.078662
1031	47.780246	3.818024	0.000000	91.400000	2.084748
1032	47.780246	3.818024	0.000000	91.400000	2.089941
