1	28.046072	5.411128	0.000000	100.000000	2.282646
2	32.213011	8.205455	0.000000	100.000000	2.277452
3	35.114735	9.785102	0.000000	100.000000	2.276059
4	37.039024	10.509557	0.000000	100.000000	2.295837
5	38.268718	10.882648	0.066667	100.000000	2.301509
6	39.068782	11.208643	0.133333	100.000000	2.280310
7	39.621443	11.473986	0.133333	100.000000	2.277590
8	40.041721	11.656387	0.133333	100.000000	2.286861
9	40.394503	11.936820	0.133333	100.000000	2.301337
10	40.654647	11.979272	0.200000	100.000000	2.291926
11	40.873414	12.200255	0.200000	100.000000	2.308797
12	41.055930	12.364102	0.133333	100.000000	2.308714
13	41.214278	12.655262	0.133333	100.000000	2.293217
14	41.348034	12.769438	0.133333	100.000000	2.295256
15	41.468108	12.901362	0.066667	100.000000	2.302217
16	41.564298	13.056550	0.133333	100.000000	2.302174
17	41.628188	13.202696	0.133333	100.000000	2.280932
18	41.727817	13.308663	0.066667	100.000000	2.289152
19	41.769397	13.421177	0.066667	100.000000	2.303947
20	41.835254	13.498793	0.066667	100.000000	2.299082
21	41.893095	13.567964	0.066667	100.000000	2.302196
22	41.947734	13.698248	0.200000	100.000000	2.309451
23	41.980267	13.771580	0.200000	100.000000	2.297538
24	42.015833	13.995782	0.200000	100.000000	2.307264
25	42.059982	14.126511	0.200000	100.000000	2.306641
26	42.097759	14.218329	0.066667	100.000000	2.307424
27	42.120200	14.317406	0.200000	100.000000	2.316252
28	42.150378	14.388982	0.200000	100.000000	2.303265
29	42.171782	14.418798	0.066667	100.000000	2.314563
30	42.198244	14.485494	0.133333	100.000000	2.307091
31	42.238167	14.551218	0.133333	100.000000	2.307083
32	42.259207	14.623382	0.200000	100.000000	2.301392
33	42.280775	14.710834	0.200000	100.000000	2.308835
34	42.302290	14.896835	0.333333	100.000000	2.310668
35	42.319617	14.876340	0.466667	100.000000	2.308981
36	42.324352	14.893598	0.333333	100.000000	2.299106
37	42.354745	14.930974	0.200000	100.000000	2.305357
38	42.372310	15.045180	0.466667	100.000000	2.309538
39	42.380470	14.999818	0.333333	100.000000	2.311208
40	42.398047	15.050624	0.466667	100.000000	2.306795
41	42.408353	15.155320	0.533333	100.000000	2.300523
42	42.421007	15.196821	0.466667	100.000000	2.299691
43	42.414260	15.211492	0.466667	100.000000	2.315641
44	42.414600	15.258176	0.400000	100.000000	2.309153
45	42.448533	15.306253	0.533333	100.000000	2.297946
46	42.456537	15.418796	0.400000	100.000000	2.303034
47	42.472339	15.557860	0.600000	100.000000	2.313136
48	42.468905	15.539054	0.600000	100.000000	2.321476
49	42.483118	15.503983	0.400000	100.000000	2.322819
50	42.487323	15.590494	0.666667	100.000000	2.310889
51	42.503691	15.659497	0.533333	100.000000	2.332599
52	42.510203	15.633240	0.400000	100.000000	2.315819
53	42.532012	15.716551	0.533333	100.000000	2.317204
54	42.544544	15.796450	0.466667	100.000000	2.318301
55	42.547661	15.858354	0.600000	100.000000	2.307016
56	42.556310	15.911754	0.600000	100.000000	2.306209
57	42.569712	15.866938	0.600000	100.000000	2.307958
58	42.585361	16.038202	0.533333	100.000000	2.307100
59	42.605752	16.098364	0.600000	100.000000	2.327585
60	42.614347	16.239368	0.600000	100.000000	2.313241
61	42.625177	16.279956	0.800000	100.000000	2.295905
62	42.651883	16.356572	0.866667	100.000000	2.309778
63	42.649299	16.415151	0.733333	100.000000	2.372584
64	42.659420	16.474323	0.866667	100.000000	2.327863
65	42.673081	16.465893	0.666667	100.000000	2.315592
66	42.687938	16.544495	0.600000	100.000000	2.340740
67	42.713735	16.600397	0.666667	100.000000	2.318759
68	42.731008	16.646394	0.733333	100.000000	2.322124
69	42.717296	16.650388	0.800000	100.000000	2.325217
70	42.716199	16.754695	0.866667	100.000000	2.324808
71	42.727894	16.846949	0.800000	100.000000	2.310341
72	42.738289	16.943063	0.866667	100.000000	2.320104
73	42.745978	16.951265	0.800000	100.000000	2.331568
74	42.734602	17.030410	0.733333	100.000000	2.319438
75	42.752618	17.012382	0.800000	100.000000	2.328831
76	42.739603	17.065348	1.000000	100.000000	2.319431
77	42.752904	17.153126	0.800000	100.000000	2.324407
78	42.762798	17.052950	0.933333	100.000000	2.307406
79	42.767528	17.084472	1.000000	100.000000	2.328682
80	42.764968	17.131759	1.133333	100.000000	2.327132
81	42.769986	17.112105	1.066667	100.000000	2.321428
82	42.766026	17.111529	1.000000	100.000000	2.318512
83	42.788222	17.153965	1.000000	100.000000	2.335027
84	42.787933	17.163505	0.866667	100.000000	2.315519
85	42.797172	17.156662	1.000000	100.000000	2.324199
86	42.791909	17.227654	0.866667	100.000000	2.337048
87	42.807835	17.255447	0.733333	100.000000	2.324764
88	42.813838	17.215234	0.800000	100.000000	2.319198
89	42.819804	17.272963	1.066667	100.000000	2.343340
90	42.834261	17.237981	1.133333	100.000000	2.332372
91	42.826518	17.241827	1.200000	100.000000	2.313614
92	42.822945	17.332473	1.000000	100.000000	2.325450
93	42.830575	17.338990	1.000000	100.000000	2.354185
94	42.851806	17.295539	1.000000	100.000000	2.339814
95	42.850918	17.391109	1.133333	100.000000	2.327239
96	42.851627	17.356872	1.400000	100.000000	2.327325
97	42.844677	17.287071	0.933333	100.000000	2.322424
98	42.847168	17.352633	1.066667	100.000000	2.336572
99	42.835674	17.330961	1.066667	100.000000	2.323167
100	42.848390	17.329193	0.866667	100.000000	2.315740
101	42.851293	17.314065	1.066667	100.000000	2.321429
102	42.847991	17.333455	0.933333	100.000000	2.331753
103	42.850602	17.333627	0.866667	100.000000	2.322879
104	42.862588	17.307059	0.933333	100.000000	2.334810
105	42.865047	17.332883	1.000000	100.000000	2.322674
106	42.865330	17.323641	0.800000	100.000000	2.332847
107	42.861086	17.324809	0.866667	100.000000	2.325807
108	42.873806	17.465101	0.866667	100.000000	2.339982
109	42.881328	17.451379	0.666667	100.000000	2.344599
110	42.879659	17.419537	0.866667	100.000000	2.332528
111	42.885950	17.491571	1.133333	100.000000	2.337427
112	42.887121	17.459708	1.000000	100.000000	2.320525
113	42.909956	17.450014	0.933333	100.000000	2.320920
114	42.888075	17.511029	1.200000	100.000000	2.348523
115	42.886606	17.496600	0.866667	100.000000	2.331398
116	42.906415	17.519686	0.800000	100.000000	2.322025
117	42.919481	17.609511	0.800000	100.000000	2.329186
118	42.915663	17.686793	0.866667	100.000000	2.339738
119	42.897284	17.712300	0.800000	100.000000	2.325593
120	42.910424	17.679849	1.066667	100.000000	2.332325
121	42.902809	17.684095	1.200000	100.000000	2.332556
122	42.908174	17.703788	1.000000	100.000000	2.330974
123	42.911363	17.649096	0.933333	100.000000	2.340218
124	42.916590	17.735477	1.133333	100.000000	2.327236
125	42.921209	17.649284	0.933333	100.000000	2.319203
126	42.905152	17.681436	0.800000	100.000000	2.337176
127	42.904884	17.740283	0.933333	100.000000	2.334317
128	42.920053	17.712142	1.200000	100.000000	2.321343
129	42.926458	17.780888	1.000000	100.000000	2.350199
130	42.939356	17.859654	0.933333	100.000000	2.340046
131	42.931622	17.897160	0.733333	100.000000	2.324372
132	42.924225	17.849644	1.200000	100.000000	2.331144
133	42.932796	17.825579	1.266667	100.000000	2.336587
134	42.927361	17.762016	0.933333	100.000000	2.333885
135	42.946196	17.816273	1.133333	100.000000	2.330413
136	42.921686	17.870170	1.666667	100.000000	2.342447
137	42.938104	17.886895	1.333333	100.000000	2.330228
138	42.928508	17.793581	1.000000	100.000000	2.338492
139	42.934990	17.755504	0.866667	100.000000	2.317285
140	42.936933	17.771304	1.200000	100.000000	2.311053
141	42.938688	17.813787	1.000000	100.000000	2.339082
142	42.933410	17.792407	0.933333	100.000000	2.340587
143	42.941973	17.833028	1.066667	100.000000	2.324420
144	42.943287	17.830243	0.933333	100.000000	2.361820
145	42.941961	17.807331	1.266667	100.000000	2.338264
146	42.950392	17.876221	0.933333	100.000000	2.323011
147	42.949307	17.933649	1.066667	100.000000	2.365686
148	42.953363	17.926843	1.200000	100.000000	2.325873
149	42.967731	17.960681	1.200000	100.000000	2.319841
150	42.974651	17.985207	1.266667	100.000000	2.347519
151	42.983007	17.918369	1.200000	100.000000	2.329653
152	42.964369	17.923283	1.266667	100.000000	2.340746
153	42.962795	17.941822	1.000000	100.000000	2.332532
154	42.968735	17.948085	1.000000	100.000000	2.327794
155	42.960173	17.966371	1.266667	100.000000	2.340502
156	42.965519	17.982882	1.133333	100.000000	2.335436
157	42.969406	17.966554	1.066667	100.000000	2.313901
158	42.970610	18.030432	1.200000	100.000000	2.335386
159	42.975903	18.045642	1.400000	100.000000	2.345401
160	42.969140	18.041405	1.466667	100.000000	2.324668
161	42.986441	18.021135	1.066667	100.000000	2.348408
162	42.989752	17.976187	1.066667	100.000000	2.333464
163	42.977548	18.006986	1.133333	100.000000	2.322401
164	42.979673	18.030118	1.200000	100.000000	2.331594
165	42.974061	18.073200	1.066667	100.000000	2.361706
166	42.969364	17.975631	0.933333	100.000000	2.325395
167	42.979363	17.883781	1.133333	100.000000	2.338290
168	42.995763	17.897233	1.000000	100.000000	2.332129
169	43.003410	17.951162	1.066667	100.000000	2.323761
170	42.997733	17.979112	1.133333	100.000000	2.340703
171	43.002564	17.893482	1.066667	100.000000	2.326824
172	43.007362	17.958367	1.000000	100.000000	2.330080
173	43.010211	17.964416	1.200000	100.000000	2.344486
174	43.019685	17.999855	0.933333	100.000000	2.323905
175	43.003923	18.038888	1.333333	100.000000	2.325981
176	43.012935	18.037825	1.133333	100.000000	2.339926
177	42.992145	18.088343	1.200000	100.000000	2.331990
178	42.998618	18.073893	1.400000	100.000000	2.319054
179	43.006384	18.177021	1.200000	100.000000	2.350280
180	42.999113	18.093549	1.066667	100.000000	2.345220
181	43.009508	18.041220	1.400000	100.000000	2.326141
182	43.008894	17.991837	1.266667	100.000000	2.345883
183	43.023187	18.099027	1.266667	100.000000	2.327290
184	43.034124	18.127536	1.266667	100.000000	2.338165
185	43.043917	18.110351	1.200000	100.000000	2.352096
186	43.034589	18.056018	1.533333	100.000000	2.324220
187	43.044609	18.115159	1.066667	100.000000	2.340944
188	43.052465	18.109108	1.600000	100.000000	2.340410
189	43.053076	18.112961	1.400000	100.000000	2.337843
190	43.051642	18.129002	1.133333	100.000000	2.337179
191	43.042326	18.122529	1.066667	100.000000	2.322344
192	43.046650	18.145727	1.333333	100.000000	2.310194
193	43.043566	18.138971	1.333333	100.000000	2.339748
194	43.047950	18.159678	1.200000	100.000000	2.338778
195	43.046415	18.129785	1.200000	100.000000	2.332317
196	43.055618	18.125449	1.400000	100.000000	2.333637
197	43.048036	18.305245	1.733333	100.000000	2.347054
198	43.060824	18.208663	1.200000	100.000000	2.324034
199	43.050113	18.216600	1.066667	100.000000	2.339806
200	43.056715	18.165048	1.266667	100.000000	2.359098
201	43.056589	18.195600	1.466667	100.000000	2.324481
202	43.036574	18.185219	1.133333	100.000000	2.342198
203	43.045530	18.221400	1.600000	100.000000	2.343709
204	43.043938	18.141091	1.266667	100.000000	2.330428
205	43.022683	18.224359	1.333333	100.000000	2.332881
206	43.032140	18.246526	1.066667	100.000000	2.329640
207	43.031561	18.217972	1.400000	100.000000	2.334133
208	43.032503	18.177129	1.400000	100.000000	2.333191
209	43.050474	18.236706	1.200000	100.000000	2.334294
210	43.048507	18.227203	1.466667	100.000000	2.338651
211	43.032920	18.222459	1.466667	100.000000	2.338284
212	43.036494	18.225933	1.200000	100.000000	2.329857
213	43.044543	18.207107	1.066667	100.000000	2.327121
214	43.050861	18.197722	1.266667	100.000000	2.337522
215	43.041593	18.228384	1.000000	100.000000	2.331478
216	43.049252	18.264017	1.333333	100.000000	2.310740
217	43.046421	18.262250	1.400000	100.000000	2.332306
218	43.052167	18.282379	1.400000	100.000000	2.353353
219	43.062633	18.242194	1.133333	100.000000	2.331011
220	43.071568	18.278786	1.333333	100.000000	2.332140
221	43.068135	18.273331	1.333333	100.000000	2.336143
222	43.071324	18.286922	1.133333	100.000000	2.333182
223	43.064296	18.264128	1.466667	100.000000	2.337804
224	43.058735	18.280365	1.266667	100.000000	2.332104
225	43.049875	18.277566	1.200000	100.000000	2.332052
226	43.052119	18.273378	1.466667	100.000000	2.337617
227	43.052286	18.232181	1.333333	100.000000	2.319049
228	43.063092	18.250177	1.200000	100.000000	2.320659
229	43.072349	18.316148	1.333333	100.000000	2.345024
230	43.068105	18.268767	1.266667	100.000000	2.326918
231	43.068320	18.261088	1.400000	100.000000	2.316594
232	43.063062	18.264801	1.266667	100.000000	2.325892
233	43.085274	18.275884	1.200000	100.000000	2.353028
234	43.094718	18.239484	1.133333	100.000000	2.332863
235	43.109483	18.209363	1.200000	100.000000	2.332049
236	43.126941	18.181199	1.000000	100.000000	2.325026
237	43.152907	18.280130	1.333333	100.000000	2.329810
238	43.173227	18.337709	1.133333	100.000000	2.338695
239	43.182594	18.320556	1.400000	100.000000	2.340351
240	43.180060	18.248979	1.533333	100.000000	2.324085
241	43.204179	18.335592	1.333333	100.000000	2.341055
242	43.195555	18.401235	1.266667	100.000000	2.317898
243	43.194795	18.440252	1.666667	100.000000	2.316453
244	43.184116	18.437228	1.466667	100.000000	2.327566
245	43.177307	18.454210	1.266667	100.000000	2.343538
246	43.166786	18.371446	1.000000	100.000000	2.325512
247	43.180531	18.408081	1.066667	100.000000	2.327145
248	43.195978	18.400323	1.266667	100.000000	2.345681
249	43.200243	18.400862	1.466667	100.000000	2.325425
250	43.207097	18.420260	1.666667	100.000000	2.331990
251	43.208259	18.397055	1.333333	100.000000	2.319110
252	43.234611	18.486808	1.400000	100.000000	2.308869
253	43.228462	18.508268	1.200000	100.000000	2.314425
254	43.217421	18.576414	1.466667	100.000000	2.326455
255	43.204170	18.526442	1.533333	100.000000	2.343343
256	43.214208	18.494482	1.400000	100.000000	2.326241
257	43.207157	18.570796	1.400000	100.000000	2.324495
258	43.219513	18.555259	1.400000	100.000000	2.314886
259	43.223801	18.552833	1.666667	100.000000	2.309506
260	43.237036	18.550222	1.333333	100.000000	2.326164
261	43.234211	18.602156	1.400000	100.000000	2.337660
262	43.238395	18.659417	1.333333	100.000000	2.324913
263	43.221557	18.693868	1.533333	100.000000	2.314171
264	43.223420	18.661825	1.333333	100.000000	2.327004
265	43.239081	18.645051	1.466667	100.000000	2.306070
266	43.239146	18.708224	1.333333	100.000000	2.313034
267	43.243599	18.628400	1.333333	100.000000	2.330370
268	43.230495	18.596522	1.133333	100.000000	2.330828
269	43.230173	18.703667	1.400000	100.000000	2.314326
270	43.224525	18.771217	1.400000	100.000000	2.306359
271	43.227002	18.704089	1.333333	100.000000	2.314187
272	43.227804	18.616371	1.133333	100.000000	2.317000
273	43.229276	18.638259	1.200000	100.000000	2.305039
274	43.236181	18.674229	1.333333	100.000000	2.305674
275	43.243730	18.709817	1.333333	100.000000	2.315289
276	43.250966	18.716479	1.266667	100.000000	2.324342
277	43.253335	18.766229	1.333333	100.000000	2.318909
278	43.251041	18.819618	1.600000	100.000000	2.346919
279	43.245363	18.850251	1.533333	100.000000	2.312855
280	43.246514	18.808964	1.666667	100.000000	2.302888
281	43.243104	18.853809	1.533333	100.000000	2.310040
282	43.238485	18.933933	1.866667	100.000000	2.312827
283	43.230361	18.941150	1.666667	100.000000	2.302109
284	43.244448	18.948407	1.533333	100.000000	2.320120
285	43.250889	18.906049	1.733333	100.000000	2.305931
286	43.264058	18.823137	1.466667	100.000000	2.311484
287	43.256673	18.848647	1.466667	100.000000	2.325434
288	43.269199	18.886899	1.466667	100.000000	2.310468
289	43.281797	18.887060	1.666667	100.000000	2.322635
290	43.280700	18.903634	1.800000	100.000000	2.326143
291	43.284619	18.914839	1.533333	100.000000	2.319440
292	43.284291	18.936415	1.666667	100.000000	2.305545
293	43.293434	18.932172	1.666667	100.000000	2.304843
294	43.282467	18.802481	1.666667	100.000000	2.350220
295	43.276501	18.775151	2.133333	100.000000	2.334126
296	43.281734	18.857008	1.933333	100.000000	2.305652
297	43.292034	18.858180	1.866667	100.000000	2.322514
298	43.284982	18.907730	1.666667	100.000000	2.318953
299	43.288338	18.936179	1.666667	100.000000	2.346896
300	43.289268	18.966113	1.800000	100.000000	2.333252
301	43.292344	19.012762	1.933333	100.000000	2.308719
302	43.285564	18.968575	2.066667	100.000000	2.307572
303	43.310159	19.018223	2.133333	100.000000	2.311072
304	43.306258	19.050834	2.000000	100.000000	2.320429
305	43.291917	19.009655	1.733333	100.000000	2.315651
306	43.303403	19.064934	1.733333	100.000000	2.304022
307	43.292779	19.134552	2.000000	100.000000	2.306032
308	43.297574	19.081209	1.800000	100.000000	2.307865
309	43.294951	19.130507	2.066667	100.000000	2.314979
310	43.311763	19.105664	1.866667	100.000000	2.312133
311	43.306115	19.069117	1.800000	100.000000	2.298857
312	43.327135	19.090694	1.800000	100.000000	2.303023
313	43.319297	19.028624	1.733333	100.000000	2.314733
314	43.303034	19.067557	1.733333	100.000000	2.313506
315	43.304482	19.026610	1.666667	100.000000	2.294124
316	43.326467	19.112886	1.800000	100.000000	2.306444
317	43.323195	19.084224	1.600000	100.000000	2.317042
318	43.321177	19.055103	1.666667	100.000000	2.303610
319	43.329674	19.088350	1.666667	100.000000	2.296919
320	43.339810	19.078836	1.866667	100.000000	2.296080
321	43.340111	19.012860	1.933333	100.000000	2.309538
322	43.337303	19.112762	1.600000	100.000000	2.306954
323	43.327391	19.080134	2.000000	100.000000	2.305068
324	43.306670	19.065630	1.533333	100.000000	2.298898
325	43.324333	19.064632	2.000000	100.000000	2.309878
326	43.330234	19.058667	1.800000	100.000000	2.306166
327	43.323207	19.119732	1.800000	100.000000	2.307735
328	43.316782	19.158248	1.866667	100.000000	2.307709
329	43.318826	19.194792	2.200000	100.000000	2.301907
330	43.313372	19.072260	1.933333	100.000000	2.307101
331	43.306547	19.086978	2.000000	100.000000	2.309841
332	43.314272	19.082405	1.733333	100.000000	2.297268
333	43.324018	19.050883	1.733333	100.000000	2.310039
334	43.322900	19.135718	1.800000	100.000000	2.303989
335	43.342641	19.141250	1.666667	100.000000	2.308000
336	43.339247	19.140440	1.733333	100.000000	2.315303
337	43.343329	19.107693	1.733333	100.000000	2.310269
338	43.333137	19.146895	1.733333	100.000000	2.303770
339	43.325865	19.166828	1.866667	100.000000	2.309518
340	43.349594	19.237854	2.000000	100.000000	2.303930
341	43.331403	19.242678	1.533333	100.000000	2.293575
342	43.343046	19.282316	1.933333	100.000000	2.306153
343	43.354431	19.307125	1.800000	100.000000	2.310445
344	43.340093	19.239054	1.800000	100.000000	2.312310
345	43.332848	19.306610	1.933333	100.000000	2.317523
346	43.333864	19.340220	1.466667	100.000000	2.295890
347	43.345842	19.374327	1.800000	100.000000	2.308374
348	43.334591	19.344100	1.933333	100.000000	2.314698
349	43.349925	19.365115	2.133333	100.000000	2.307570
350	43.335527	19.344831	2.200000	100.000000	2.294172
351	43.340313	19.390774	2.000000	100.000000	2.305365
352	43.329388	19.391082	1.866667	100.000000	2.314389
353	43.338680	19.445064	1.800000	100.000000	2.311982
354	43.345535	19.353676	2.200000	100.000000	2.283668
355	43.337336	19.328369	1.866667	100.000000	2.299644
356	43.331897	19.424184	1.933333	100.000000	2.309920
357	43.338761	19.433155	1.733333	100.000000	2.321313
358	43.337846	19.465249	1.866667	100.000000	2.314467
359	43.339872	19.511914	1.866667	100.000000	2.303442
360	43.353409	19.498123	1.933333	100.000000	2.307896
361	43.344304	19.492784	2.066667	100.000000	2.320618
362	43.340147	19.616227	1.800000	100.000000	2.307866
363	43.341231	19.543064	1.733333	100.000000	2.304108
364	43.363169	19.500840	2.066667	100.000000	2.324428
365	43.356514	19.468126	2.200000	100.000000	2.324691
366	43.345228	19.465452	2.200000	100.000000	2.314583
367	43.353751	19.400695	2.200000	100.000000	2.312788
368	43.344074	19.443741	1.800000	100.000000	2.316133
369	43.352529	19.368271	2.066667	100.000000	2.306599
370	43.340659	19.490951	1.800000	100.000000	2.304979
371	43.348452	19.503243	1.933333	100.000000	2.304839
372	43.338796	19.567060	1.533333	100.000000	2.312899
373	43.346101	19.635319	1.800000	100.000000	2.313031
374	43.362916	19.605467	2.066667	100.000000	2.312098
375	43.358213	19.635564	2.333333	100.000000	2.309782
376	43.351507	19.721211	2.266667	100.000000	2.307652
377	43.353653	19.651693	2.000000	100.000000	2.319911
378	43.361351	19.692077	2.000000	100.000000	2.296772
379	43.355131	19.623269	2.066667	100.000000	2.299781
380	43.345648	19.750938	2.000000	100.000000	2.304368
381	43.346691	19.748731	2.266667	100.000000	2.320183
382	43.356147	19.699063	1.800000	100.000000	2.305565
383	43.366778	19.753531	2.200000	100.000000	2.306410
384	43.343747	19.747942	2.333333	100.000000	2.311280
385	43.346024	19.731417	1.866667	100.000000	2.331473
386	43.351847	19.854717	1.933333	100.000000	2.312646
387	43.357465	19.887180	2.066667	100.000000	2.322901
388	43.364671	19.811098	2.066667	100.000000	2.321119
389	43.368417	19.787660	2.333333	100.000000	2.331548
390	43.370634	19.831454	2.066667	100.000000	2.296290
391	43.361866	19.983033	2.600000	100.000000	2.315406
392	43.370497	19.841057	2.133333	100.000000	2.356411
393	43.368787	19.830769	2.066667	100.000000	2.329144
394	43.368968	19.827809	2.333333	100.000000	2.316055
395	43.377972	19.820949	2.133333	100.000000	2.346701
396	43.370336	19.829919	2.333333	100.000000	2.339056
397	43.373251	19.871498	2.466667	100.000000	2.342478
398	43.384773	19.801481	2.333333	100.000000	2.364531
399	43.388325	19.750665	2.533333	100.000000	2.331645
400	43.369925	19.758556	2.200000	100.000000	2.336832
401	43.385553	19.793062	2.333333	100.000000	2.351470
402	43.380046	19.863981	2.333333	100.000000	2.332346
403	43.372732	19.768709	2.000000	100.000000	2.339804
404	43.385360	19.840563	2.266667	100.000000	2.317390
405	43.388814	19.873548	2.333333	100.000000	2.317247
406	43.391544	19.863535	2.133333	100.000000	2.321094
407	43.394220	19.850498	2.133333	100.000000	2.320769
408	43.403840	19.816605	2.133333	100.000000	2.308337
409	43.399584	19.882132	2.533333	100.000000	2.300993
410	43.383068	19.926238	2.200000	100.000000	2.308683
411	43.400496	19.973483	2.133333	100.000000	2.313646
412	43.397766	19.950504	2.266667	100.000000	2.301688
413	43.382210	19.830075	2.133333	100.000000	2.305741
414	43.372363	19.781176	2.333333	100.000000	2.315628
415	43.381456	19.875071	2.533333	100.000000	2.303350
416	43.381807	19.998731	2.200000	100.000000	2.311949
417	43.371543	19.996717	2.466667	100.000000	2.298995
418	43.386877	20.119428	2.400000	100.000000	2.302223
419	43.396190	20.091026	2.533333	100.000000	2.308531
420	43.379316	19.982505	2.666667	100.000000	2.311175
421	43.373922	19.988089	2.466667	100.000000	2.296677
422	43.388861	20.054289	2.533333	100.000000	2.300248
423	43.378943	20.001239	2.533333	100.000000	2.312934
424	43.385482	20.028960	2.400000	100.000000	2.310223
425	43.384343	19.980770	2.333333	100.000000	2.305306
426	43.373108	19.986435	2.666667	100.000000	2.297609
427	43.404004	20.097034	2.533333	100.000000	2.305600
428	43.409210	20.133686	2.400000	100.000000	2.303555
429	43.404701	20.123222	2.533333	100.000000	2.306768
430	43.386090	20.172980	2.000000	100.000000	2.306935
431	43.396342	20.172356	2.266667	100.000000	2.299525
432	43.392718	20.221332	2.333333	100.000000	2.314653
433	43.398058	20.164155	2.600000	100.000000	2.306718
434	43.412316	20.143570	2.533333	100.000000	2.312040
435	43.426555	20.254108	2.800000	100.000000	2.296086
436	43.428278	20.284958	2.466667	100.000000	2.307745
437	43.440491	20.367454	3.200000	100.000000	2.309943
438	43.457171	20.304439	2.533333	100.000000	2.313006
439	43.434882	20.295090	2.666667	100.000000	2.302710
440	43.448311	20.337226	2.600000	100.000000	2.300942
441	43.450391	20.321852	2.533333	100.000000	2.306920
442	43.460825	20.322961	2.533333	100.000000	2.307365
443	43.468845	20.454556	2.666667	100.000000	2.298297
444	43.461466	20.441339	3.066667	100.000000	2.306641
445	43.451810	20.424451	2.666667	100.000000	2.309047
446	43.451470	20.474282	2.733333	100.000000	2.310753
447	43.466401	20.469557	2.666667	100.000000	2.310643
448	43.474895	20.550502	2.666667	100.000000	2.294196
449	43.473139	20.492361	2.533333	100.000000	2.310768
450	43.483648	20.501413	2.866667	100.000000	2.301999
451	43.491256	20.508726	2.733333	100.000000	2.314193
452	43.493778	20.512601	2.400000	100.000000	2.297581
453	43.479675	20.491327	2.800000	100.000000	2.307034
454	43.480462	20.587555	2.733333	100.000000	2.308915
455	43.466845	20.610595	2.800000	100.000000	2.304939
456	43.465525	20.669198	2.600000	100.000000	2.319493
457	43.483800	20.694880	2.533333	100.000000	2.295577
458	43.483800	20.653804	2.266667	100.000000	2.306359
459	43.485305	20.734125	2.733333	100.000000	2.302569
460	43.481162	20.728839	2.733333	100.000000	2.309909
461	43.499354	20.818649	2.800000	100.000000	2.300412
462	43.501613	20.880415	2.333333	100.000000	2.301388
463	43.531120	20.974016	2.666667	100.000000	2.315479
464	43.549317	21.053222	2.533333	100.000000	2.306538
465	43.549564	21.123056	2.733333	100.000000	2.301736
466	43.540069	21.173700	2.400000	100.000000	2.298371
467	43.544462	21.206334	3.066667	100.000000	2.312171
468	43.550730	21.178869	2.466667	100.000000	2.310169
469	43.563792	21.217207	2.733333	100.000000	2.306453
470	43.561840	21.241278	2.533333	100.000000	2.307268
471	43.562496	21.250799	2.866667	100.000000	2.299352
472	43.557823	21.323561	2.866667	100.000000	2.310490
473	43.573374	21.394714	2.933333	100.000000	2.307600
474	43.571359	21.423116	3.200000	100.000000	2.300626
475	43.582624	21.437493	3.200000	100.000000	2.312220
476	43.567294	21.466540	3.066667	100.000000	2.308727
477	43.578237	21.593145	3.333333	100.000000	2.308594
478	43.588954	21.660193	3.266667	100.000000	2.310688
479	43.606466	21.675918	3.866667	100.000000	2.291968
480	43.603414	21.686196	3.133333	100.000000	2.306681
481	43.600637	21.747649	3.066667	100.000000	2.307616
482	43.604380	21.707523	2.866667	100.000000	2.304965
483	43.622646	21.763027	3.266667	100.000000	2.302045
484	43.631414	21.823725	3.666667	100.000000	2.303262
485	43.625635	21.769483	3.600000	100.000000	2.307990
486	43.635741	21.821609	3.133333	100.000000	2.312445
487	43.627718	21.869520	3.066667	100.000000	2.302374
488	43.642932	21.822503	3.000000	100.000000	2.303745
489	43.636298	21.917153	3.666667	100.000000	2.309019
490	43.633068	21.928912	3.333333	100.000000	2.308666
491	43.637052	21.974777	3.666667	100.000000	2.309377
492	43.651566	22.059022	3.933333	100.000000	2.295916
493	43.660092	22.123746	3.800000	100.000000	2.308845
494	43.678933	22.168363	3.866667	100.000000	2.305555
495	43.688446	22.174361	3.800000	100.000000	2.305614
496	43.685991	22.223690	4.133333	100.000000	2.305746
497	43.704057	22.315679	4.466667	100.000000	2.303927
498	43.710300	22.318301	4.066667	100.000000	2.309438
499	43.705869	22.401432	4.266667	100.000000	2.310287
500	43.711066	22.404257	3.600000	100.000000	2.304296
501	43.736303	22.462847	3.666667	100.000000	2.298092
502	43.751705	22.386779	3.533333	100.000000	2.307546
503	43.748468	22.493111	3.600000	100.000000	2.311641
504	43.753862	22.609129	3.800000	100.000000	2.305159
505	43.762246	22.662810	4.266667	100.000000	2.304548
506	43.781716	22.680138	4.133333	100.000000	2.302350
507	43.780670	22.672568	4.000000	100.000000	2.313208
508	43.786919	22.707566	4.200000	100.000000	2.307127
509	43.795472	22.718522	3.733333	100.000000	2.303224
510	43.804419	22.771003	4.200000	100.000000	2.300982
511	43.823302	22.801087	4.333333	100.000000	2.311923
512	43.823245	22.741080	3.866667	100.000000	2.306378
513	43.824506	22.836011	3.733333	100.000000	2.313962
514	43.843472	23.023522	3.800000	100.000000	2.298407
515	43.822521	22.884700	4.266667	100.000000	2.302134
516	43.835014	22.846400	4.333333	100.000000	2.306300
517	43.839163	22.817007	4.333333	100.000000	2.305814
518	43.840420	22.784246	4.333333	100.000000	2.302412
519	43.845266	22.846128	4.333333	100.000000	2.301676
520	43.847689	22.881667	4.066667	100.000000	2.309805
521	43.861851	22.931954	4.066667	100.000000	2.311236
522	43.841988	22.858320	4.000000	100.000000	2.309785
523	43.853027	22.925216	4.200000	100.000000	2.296909
524	43.858957	22.957848	3.933333	100.000000	2.308348
525	43.851912	22.912050	4.400000	100.000000	2.310843
526	43.841481	22.938721	4.266667	100.000000	2.311274
527	43.848932	22.934653	4.200000	100.000000	2.300802
528	43.851158	22.960229	4.266667	100.000000	2.301004
529	43.862164	22.966723	4.200000	100.000000	2.308476
530	43.859485	23.046383	3.933333	100.000000	2.308266
531	43.871546	23.046555	3.600000	100.000000	2.301470
532	43.876994	23.060599	3.933333	100.000000	2.303572
533	43.872878	23.012439	3.933333	100.000000	2.313851
534	43.863875	22.983342	3.933333	100.000000	2.306707
535	43.866062	22.899836	4.066667	100.000000	2.312358
536	43.867439	22.986355	4.000000	100.000000	2.297382
537	43.868405	22.966768	3.733333	100.000000	2.303061
538	43.871620	23.130847	4.133333	100.000000	2.308822
539	43.867823	23.105934	4.000000	100.000000	2.307839
540	43.875527	23.119353	3.733333	100.000000	2.302467
541	43.875736	23.165235	4.200000	100.000000	2.306605
542	43.881249	23.181724	4.000000	100.000000	2.309960
543	43.882418	23.187570	4.266667	100.000000	2.310702
544	43.881676	23.141521	4.000000	100.000000	2.307913
545	43.881434	23.189358	3.866667	100.000000	2.295710
546	43.903273	23.163544	4.000000	100.000000	2.311475
547	43.908086	23.208274	4.133333	100.000000	2.304328
548	43.898666	23.185420	4.466667	100.000000	2.309225
549	43.911970	23.271716	3.866667	100.000000	2.299703
550	43.904752	23.198902	3.733333	100.000000	2.305405
551	43.900812	23.109966	4.066667	100.000000	2.311771
552	43.921414	23.100980	4.466667	100.000000	2.307589
553	43.911374	23.312134	4.466667	100.000000	2.299214
554	43.917558	23.275614	3.933333	100.000000	2.298641
555	43.918568	23.366694	4.000000	100.000000	2.318045
556	43.898579	23.468290	4.600000	100.000000	2.306377
557	43.919873	23.527900	4.800000	100.000000	2.311114
558	43.934542	23.501914	4.333333	100.000000	2.293927
559	43.939710	23.550960	3.933333	100.000000	2.308734
560	43.940130	23.579748	4.533333	100.000000	2.311757
561	43.942416	23.550516	4.333333	100.000000	2.303266
562	43.948841	23.586698	4.666667	100.000000	2.300733
563	43.926042	23.559143	4.266667	100.000000	2.302999
564	43.931985	23.572308	5.200000	100.000000	2.308006
565	43.940353	23.573932	5.000000	100.000000	2.310403
566	43.945408	23.677929	4.666667	100.000000	2.311262
567	43.942025	23.661142	5.133333	100.000000	2.301949
568	43.949270	23.628230	5.133333	100.000000	2.300963
569	43.962491	23.597838	4.600000	100.000000	2.311160
570	43.961686	23.705585	4.933333	100.000000	2.311049
571	43.943858	23.525298	4.400000	100.000000	2.297958
572	43.945086	23.639990	5.066667	100.000000	2.304086
573	43.944955	23.701743	4.866667	100.000000	2.308598
574	43.948513	23.686460	4.533333	100.000000	2.310948
575	43.952379	23.647851	4.333333	100.000000	2.307261
576	43.957537	23.656091	4.800000	100.000000	2.296558
577	43.961358	23.628518	4.400000	100.000000	2.307063
578	43.948418	23.695477	4.933333	100.000000	2.311444
579	43.956584	23.709646	5.266667	100.000000	2.312667
580	43.968767	23.759867	5.400000	100.000000	2.293818
581	43.961808	23.784884	5.066667	100.000000	2.304100
582	43.960917	23.794715	5.200000	100.000000	2.312077
583	43.951595	23.871944	5.666667	100.000000	2.301529
584	43.968013	23.877464	5.600000	100.000000	2.300204
585	43.957776	23.797857	5.133333	100.000000	2.306981
586	43.966493	23.825188	5.066667	100.000000	2.310249
587	43.965763	23.873329	4.933333	100.000000	2.313012
588	43.961680	23.940284	5.066667	100.000000	2.309268
589	43.980789	23.843840	4.866667	100.000000	2.299973
590	43.986303	23.891410	5.400000	100.000000	2.300060
591	43.984956	23.910010	5.200000	100.000000	2.311833
592	43.996662	24.029138	5.066667	100.000000	2.311535
593	44.008005	24.026039	5.066667	100.000000	2.302115
594	43.989414	23.997694	5.133333	100.000000	2.299475
595	44.008654	24.016881	5.200000	100.000000	2.310541
596	43.981880	23.965312	5.200000	100.000000	2.307710
597	44.000611	23.963320	5.733333	100.000000	2.310977
598	44.003528	24.092884	5.400000	100.000000	2.299638
599	44.002950	24.054313	5.400000	100.000000	2.303102
600	44.010565	24.043768	5.533333	100.000000	2.310786
601	44.023839	24.064099	5.733333	100.000000	2.306937
602	44.004261	24.045572	5.800000	100.000000	2.301733
603	44.020009	24.040426	5.600000	100.000000	2.304199
604	44.007397	24.055719	5.266667	100.000000	2.305760
605	44.001892	24.059316	5.466667	100.000000	2.309061
606	44.015509	24.116403	5.866667	100.000000	2.303626
607	44.026947	24.160137	5.600000	100.000000	2.306109
608	44.030425	24.166921	5.600000	100.000000	2.309519
609	44.020188	24.168924	5.333333	100.000000	2.307387
610	44.020534	24.095654	4.933333	100.000000	2.310527
611	44.027123	24.169741	5.400000	100.000000	2.302524
612	44.043040	24.209066	5.400000	100.000000	2.304721
613	44.034576	24.234444	5.333333	100.000000	2.311136
614	44.041592	24.199735	5.200000	100.000000	2.300755
615	44.041026	24.185768	4.933333	100.000000	2.305328
616	44.046789	24.210623	5.066667	100.000000	2.304902
617	44.041449	24.151456	5.333333	100.000000	2.318629
618	44.027758	24.194177	5.266667	100.000000	2.316725
619	44.034526	24.206030	5.600000	100.000000	2.317129
620	44.031250	24.122765	5.733333	100.000000	2.317017
621	44.022632	24.157043	5.400000	100.000000	2.324346
622	44.027317	24.189899	5.466667	100.000000	2.318235
623	44.026744	24.327240	5.666667	100.000000	2.312649
624	44.011909	24.214066	5.400000	100.000000	2.319752
625	44.016463	24.213244	5.400000	100.000000	2.310382
626	44.013429	24.213325	5.200000	100.000000	2.308066
627	44.018134	24.188506	5.666667	100.000000	2.300680
628	44.024742	24.299835	5.866667	100.000000	2.302868
629	44.024250	24.252651	5.866667	100.000000	2.311182
630	44.027346	24.257531	5.733333	100.000000	2.307008
631	44.030932	24.300513	5.866667	100.000000	2.303587
632	44.045472	24.279057	5.000000	100.000000	2.304807
633	44.025546	24.274358	5.733333	100.000000	2.310433
634	44.029695	24.203706	5.600000	100.000000	2.313082
635	44.030222	24.284025	6.133333	100.000000	2.296589
636	44.037095	24.354540	5.600000	100.000000	2.305533
637	44.043052	24.328631	5.533333	100.000000	2.306869
638	44.029427	24.315730	5.533333	100.000000	2.304641
639	44.024736	24.320655	5.400000	100.000000	2.316327
640	44.028306	24.309260	5.200000	100.000000	2.299626
641	44.015491	24.245376	5.066667	100.000000	2.305944
642	44.043362	24.296075	5.266667	100.000000	2.313238
643	44.038916	24.331377	4.933333	100.000000	2.317364
644	44.041306	24.372689	5.000000	100.000000	2.288071
645	44.025612	24.379809	4.866667	100.000000	2.303683
646	44.029975	24.331992	5.400000	100.000000	2.304149
647	44.045267	24.363125	5.266667	100.000000	2.308750
648	44.041842	24.391497	5.000000	100.000000	2.307862
649	44.043913	24.408762	5.333333	100.000000	2.300445
650	44.046092	24.423515	5.733333	100.000000	2.311593
651	44.049421	24.375835	5.866667	100.000000	2.308659
652	44.041854	24.313677	5.400000	100.000000	2.311074
653	44.054651	24.416942	5.600000	100.000000	2.297211
654	44.054112	24.368801	5.466667	100.000000	2.302915
655	44.045180	24.308398	5.200000	100.000000	2.313643
656	44.060507	24.352870	5.000000	100.000000	2.319289
657	44.052517	24.401849	5.133333	100.000000	2.322871
658	44.062188	24.453098	5.466667	100.000000	2.322807
659	44.062504	24.341327	5.533333	100.000000	2.327015
660	44.050434	24.331111	5.266667	100.000000	2.310080
661	44.036537	24.388356	5.533333	100.000000	2.316252
662	44.031405	24.401635	4.933333	100.000000	2.315904
663	44.056463	24.477301	5.400000	100.000000	2.310275
664	44.066095	24.443932	5.600000	100.000000	2.315048
665	44.059128	24.516526	5.466667	100.000000	2.305790
666	44.059229	24.530404	5.533333	100.000000	2.307653
667	44.057220	24.579907	6.066667	100.000000	2.323050
668	44.069111	24.549638	6.066667	100.000000	2.297718
669	44.066361	24.493538	5.533333	100.000000	2.297782
670	44.074702	24.426913	5.000000	100.000000	2.304215
671	44.061828	24.382107	5.733333	100.000000	2.310906
672	44.052827	24.466904	5.333333	100.000000	2.303439
673	44.060725	24.483258	5.066667	100.000000	2.302810
674	44.074959	24.467686	5.400000	100.000000	2.300376
675	44.068009	24.457400	5.333333	100.000000	2.313253
676	44.061410	24.498048	5.933333	100.000000	2.305516
677	44.062066	24.449400	5.800000	100.000000	2.299294
678	44.065809	24.454636	6.133333	100.000000	2.308614
679	44.067308	24.557423	5.133333	100.000000	2.298578
680	44.064566	24.558175	5.733333	100.000000	2.304331
681	44.065541	24.568741	5.733333	100.000000	2.315665
682	44.071746	24.553925	6.266667	100.000000	2.296506
683	44.070810	24.623472	5.933333	100.000000	2.298680
684	44.079196	24.638054	5.733333	100.000000	2.309130
685	44.093195	24.633645	5.866667	100.000000	2.321508
686	44.080654	24.625102	5.666667	100.000000	2.310550
687	44.070232	24.669670	5.733333	100.000000	2.292645
688	44.086945	24.807481	5.933333	100.000000	2.311153
689	44.100857	24.828597	5.800000	100.000000	2.325912
690	44.093043	24.724954	6.066667	100.000000	2.300124
691	44.090009	24.833136	6.200000	100.000000	2.299914
692	44.090098	24.801319	5.266667	100.000000	2.302426
693	44.103703	24.772525	5.866667	100.000000	2.313391
694	44.121218	24.875642	6.533333	100.000000	2.299160
695	44.124824	24.866887	6.400000	100.000000	2.299362
696	44.121677	24.922475	5.666667	100.000000	2.292708
697	44.112334	24.964644	5.733333	100.000000	2.306830
698	44.121572	24.948153	5.866667	100.000000	2.306603
699	44.113058	24.828184	5.400000	100.000000	2.315638
700	44.110328	24.816595	5.333333	100.000000	2.300690
701	44.102895	24.745601	5.733333	100.000000	2.302379
702	44.118115	24.768536	5.733333	100.000000	2.308368
703	44.105333	24.769090	5.600000	100.000000	2.304194
704	44.099152	24.691686	5.666667	100.000000	2.306768
705	44.112402	24.793284	5.600000	100.000000	2.306376
706	44.125605	24.808116	5.933333	100.000000	2.307527
707	44.137982	24.764337	6.266667	100.000000	2.323042
708	44.133943	24.784020	5.933333	100.000000	2.307807
709	44.125542	24.849223	6.666667	100.000000	2.295187
710	44.117129	24.803402	6.533333	100.000000	2.300262
711	44.135052	24.770270	5.933333	100.000000	2.310841
712	44.141692	24.847818	6.000000	100.000000	2.305460
713	44.140375	24.900673	6.133333	100.000000	2.296251
714	44.130945	24.960606	6.133333	100.000000	2.301845
715	44.134814	24.921357	6.533333	100.000000	2.310036
716	44.129097	24.905495	6.333333	100.000000	2.310239
717	44.136256	25.023970	6.133333	100.000000	2.300795
718	44.140905	24.985868	6.866667	100.000000	2.306297
719	44.145060	24.951863	6.466667	100.000000	2.305729
720	44.148624	24.978338	6.800000	100.000000	2.311776
721	44.125336	24.971107	6.666667	100.000000	2.314969
722	44.137275	24.959273	6.266667	100.000000	2.295524
723	44.141704	25.030182	6.400000	100.000000	2.306329
724	44.158185	25.059164	6.600000	100.000000	2.304981
725	44.160372	25.111612	6.600000	100.000000	2.308941
726	44.174492	25.059775	5.933333	100.000000	2.304956
727	44.163686	24.999698	5.933333	100.000000	2.301096
728	44.174808	25.013621	5.866667	100.000000	2.311061
729	44.150758	24.984021	6.000000	100.000000	2.323021
730	44.157338	25.053212	5.866667	100.000000	2.314512
731	44.152302	25.022141	6.066667	100.000000	2.298240
732	44.151500	25.085050	6.066667	100.000000	2.306380
733	44.173062	25.061028	5.933333	100.000000	2.314284
734	44.164705	25.102749	6.333333	100.000000	2.297996
735	44.157159	25.004417	6.400000	100.000000	2.299094
736	44.182956	25.054181	6.333333	100.000000	2.304000
737	44.168407	25.113348	6.533333	100.000000	2.318062
738	44.173425	25.085377	6.800000	100.000000	2.304242
739	44.155103	25.123590	6.333333	100.000000	2.294607
740	44.169539	25.194963	6.533333	100.000000	2.298541
741	44.176990	25.082475	6.666667	100.000000	2.319917
742	44.178164	25.099389	5.800000	100.000000	2.334198
743	44.172120	25.088776	6.133333	100.000000	2.314400
744	44.183564	25.126547	6.133333	100.000000	2.313925
745	44.169927	25.139158	6.400000	100.000000	2.326818
746	44.174251	25.100666	6.133333	100.000000	2.311044
747	44.158292	25.074281	6.200000	100.000000	2.307639
748	44.158208	25.088160	6.066667	100.000000	2.308293
749	44.175935	25.092260	6.466667	100.000000	2.317083
750	44.176704	25.109704	6.800000	100.000000	2.314541
751	44.164914	25.165973	6.400000	100.000000	2.295217
752	44.173342	25.135017	6.866667	100.000000	2.305802
753	44.171742	25.131224	6.133333	100.000000	2.309433
754	44.180751	25.151017	6.333333	100.000000	2.307974
755	44.184008	25.123224	6.466667	100.000000	2.296720
756	44.185415	25.088741	6.533333	100.000000	2.307276
757	44.184208	25.085357	6.000000	100.000000	2.311043
758	44.176757	25.097414	6.133333	100.000000	2.312940
759	44.194993	25.235515	6.333333	100.000000	2.303440
760	44.196939	25.225749	6.666667	100.000000	2.305890
761	44.197601	25.170340	6.400000	100.000000	2.305460
762	44.185361	25.221868	5.733333	100.000000	2.318202
763	44.187218	25.212587	6.066667	100.000000	2.315327
764	44.185477	25.234586	6.066667	100.000000	2.297355
765	44.168305	25.184621	5.733333	100.000000	2.308295
766	44.187164	25.189916	6.333333	100.000000	2.309446
767	44.169119	25.232464	6.666667	100.000000	2.319644
768	44.178033	25.171124	6.133333	100.000000	2.332178
769	44.169605	25.195948	6.066667	100.000000	2.312479
770	44.193035	25.346373	6.866667	100.000000	2.325459
771	44.193819	25.284670	6.000000	100.000000	2.309328
772	44.198439	25.243667	6.133333	100.000000	2.307324
773	44.195503	25.284013	5.533333	100.000000	2.315539
774	44.197905	25.298737	6.133333	100.000000	2.306388
775	44.207811	25.324145	6.133333	100.000000	2.306716
776	44.199729	25.383601	5.933333	100.000000	2.300195
777	44.210619	25.359098	6.000000	100.000000	2.304360
778	44.197065	25.280653	5.600000	100.000000	2.311063
779	44.190606	25.242590	5.733333	100.000000	2.312643
780	44.182724	25.316981	6.200000	100.000000	2.295141
781	44.195741	25.345520	6.066667	100.000000	2.302706
782	44.180569	25.333411	6.466667	100.000000	2.310052
783	44.186622	25.381538	6.600000	100.000000	2.307919
784	44.183487	25.346627	6.333333	100.000000	2.304730
785	44.180015	25.363228	6.600000	100.000000	2.303798
786	44.190675	25.377575	6.200000	100.000000	2.307268
787	44.186240	25.354831	6.400000	100.000000	2.312967
788	44.187236	25.322206	6.133333	100.000000	2.301704
789	44.179291	25.248078	6.400000	100.000000	2.305270
790	44.182447	25.339107	6.266667	100.000000	2.305405
791	44.201452	25.294944	6.333333	100.000000	2.307070
792	44.197059	25.300348	5.733333	100.000000	2.308842
793	44.197595	25.361775	6.000000	100.000000	2.304523
794	44.188672	25.325842	5.266667	100.000000	2.303525
795	44.192278	25.358206	6.066667	100.000000	2.310595
796	44.209465	25.481095	6.400000	100.000000	2.319834
797	44.202444	25.383681	6.466667	100.000000	2.310648
798	44.202214	25.411593	6.466667	100.000000	2.295902
799	44.206196	25.434807	6.133333	100.000000	2.304341
800	44.219053	25.388221	6.000000	100.000000	2.314508
801	44.212508	25.420076	6.466667	100.000000	2.314165
802	44.211513	25.418091	6.200000	100.000000	2.297461
803	44.213471	25.371839	5.933333	100.000000	2.300247
804	44.210300	25.334380	6.000000	100.000000	2.317344
805	44.199854	25.354645	6.000000	100.000000	2.300918
806	44.211090	25.430340	5.933333	100.000000	2.297169
807	44.184542	25.428617	6.733333	100.000000	2.296972
808	44.201332	25.430417	6.066667	100.000000	2.308681
809	44.200087	25.399231	6.200000	100.000000	2.304536
810	44.180483	25.446230	6.000000	100.000000	2.314136
811	44.196063	25.459375	6.800000	100.000000	2.308660
812	44.219929	25.477434	6.733333	100.000000	2.295388
813	44.210398	25.365363	6.266667	100.000000	2.308608
814	44.205558	25.388016	6.333333	100.000000	2.306750
815	44.220588	25.482214	6.133333	100.000000	2.299216
816	44.216362	25.517678	6.533333	100.000000	2.304751
817	44.205356	25.505331	6.200000	100.000000	2.307457
818	44.229165	25.443621	6.133333	100.000000	2.308176
819	44.234794	25.499775	6.200000	100.000000	2.318350
820	44.238394	25.519425	6.533333	100.000000	2.295912
821	44.226736	25.495805	6.800000	100.000000	2.302998
822	44.257236	25.538684	6.733333	100.000000	2.303005
823	44.249117	25.559348	6.533333	100.000000	2.313601
824	44.244188	25.621299	6.666667	100.000000	2.303262
825	44.248649	25.582928	6.200000	100.000000	2.304897
826	44.250917	25.567960	6.066667	100.000000	2.312704
827	44.249266	25.618756	6.933333	100.000000	2.321322
828	44.250199	25.621230	6.733333	100.000000	2.294436
829	44.254810	25.673172	6.933333	100.000000	2.304744
830	44.277698	25.565199	6.333333	100.000000	2.304393
831	44.264323	25.603027	6.200000	100.000000	2.310797
832	44.256639	25.540720	6.066667	100.000000	2.304650
833	44.262701	25.557621	6.533333	100.000000	2.298663
834	44.250587	25.586772	7.066667	100.000000	2.297797
835	44.252554	25.575072	6.600000	100.000000	2.311515
836	44.265765	25.623690	6.400000	100.000000	2.305405
837	44.269153	25.596211	5.800000	100.000000	2.305171
838	44.253284	25.573768	6.400000	100.000000	2.298136
839	44.253528	25.580478	6.200000	100.000000	2.310942
840	44.265029	25.617326	6.266667	100.000000	2.312156
841	44.257206	25.694252	6.400000	100.000000	2.312732
842	44.249916	25.638581	6.800000	100.000000	2.296497
843	44.260067	25.567271	6.733333	100.000000	2.303624
844	44.257215	25.602098	6.800000	100.000000	2.307822
845	44.244826	25.553984	6.466667	100.000000	2.310500
846	44.262713	25.546002	6.800000	100.000000	2.294793
847	44.259381	25.561648	6.933333	100.000000	2.306934
848	44.254291	25.695462	6.666667	100.000000	2.304938
849	44.260859	25.671133	6.666667	100.000000	2.316635
850	44.255444	25.685411	6.933333	100.000000	2.295310
851	44.257906	25.652888	6.466667	100.000000	2.300451
852	44.261831	25.618999	6.733333	100.000000	2.310934
853	44.262862	25.675889	6.866667	100.000000	2.312141
854	44.258890	25.699715	6.466667	100.000000	2.313715
855	44.265991	25.787900	6.800000	100.000000	2.298433
856	44.263613	25.772954	6.666667	100.000000	2.302692
857	44.238767	25.726797	6.866667	100.000000	2.313208
858	44.269699	25.799614	7.066667	100.000000	2.304730
859	44.273022	25.760421	7.000000	100.000000	2.300012
860	44.286615	25.784373	7.066667	100.000000	2.312427
861	44.276333	25.802382	6.600000	100.000000	2.339988
862	44.283175	25.844806	7.066667	100.000000	2.348965
863	44.291976	25.907740	7.000000	100.000000	2.335913
864	44.299489	26.013677	7.133333	100.000000	2.343168
865	44.311827	26.028023	7.266667	100.000000	2.333902
866	44.305527	25.991670	6.866667	100.000000	2.335326
867	44.318897	25.986824	7.000000	100.000000	2.313832
868	44.332883	25.959788	6.466667	100.000000	2.330114
869	44.324213	26.022238	7.200000	100.000000	2.301410
870	44.330969	26.056808	7.066667	100.000000	2.312469
871	44.329298	26.059463	6.933333	100.000000	2.347183
872	44.334364	26.006927	6.733333	100.000000	2.316476
873	44.334519	26.008713	6.400000	100.000000	2.342936
874	44.340974	25.989472	7.200000	100.000000	2.359079
875	44.341737	25.982553	7.000000	100.000000	2.325042
876	44.332621	26.015278	7.466667	100.000000	2.339639
877	44.333655	25.982245	7.333333	100.000000	2.359450
878	44.329581	25.944934	6.666667	100.000000	2.325325
879	44.344169	26.013484	6.733333	100.000000	2.351314
880	44.337413	25.936609	7.133333	100.000000	2.332205
881	44.329932	25.963647	7.400000	100.000000	2.332077
882	44.341308	26.009506	7.333333	100.000000	2.312170
883	44.340289	25.957646	6.200000	100.000000	2.311644
884	44.329590	25.928639	6.600000	100.000000	2.303788
885	44.336432	25.927020	6.600000	100.000000	2.318499
886	44.338876	25.943429	7.266667	100.000000	2.352357
887	44.338813	25.927393	6.600000	100.000000	2.336432
888	44.338489	25.941035	6.466667	100.000000	2.337935
889	44.357395	26.007241	6.333333	100.000000	2.354689
890	44.344616	25.977725	7.266667	100.000000	2.323176
891	44.344163	25.941563	6.533333	100.000000	2.345945
892	44.345868	25.983015	7.066667	100.000000	2.348211
893	44.343817	26.016831	7.066667	100.000000	2.335879
894	44.345629	26.003575	6.933333	100.000000	2.350255
895	44.356710	26.035927	6.733333	100.000000	2.327504
896	44.355386	26.090090	7.400000	100.000000	2.336130
897	44.361737	26.087864	7.000000	100.000000	2.317996
898	44.350463	25.997479	6.866667	100.000000	2.321828
899	44.361371	25.986031	7.000000	100.000000	2.310092
900	44.354814	25.955837	6.333333	100.000000	2.313889
901	44.359109	26.003858	6.533333	100.000000	2.342279
902	44.359553	26.060272	6.866667	100.000000	2.325017
903	44.351056	25.985529	6.733333	100.000000	2.338931
904	44.343555	26.008423	7.466667	100.000000	2.352716
905	44.359121	26.075294	6.800000	100.000000	2.333357
906	44.358683	26.111205	7.066667	100.000000	2.346900
907	44.326732	26.093253	6.400000	100.000000	2.347023
908	44.352084	26.086171	7.066667	100.000000	2.335145
909	44.349271	25.990583	7.200000	100.000000	2.359537
910	44.329846	26.070852	6.933333	100.000000	2.331214
911	44.332713	26.056273	7.066667	100.000000	2.343729
912	44.337153	26.054981	7.066667	100.000000	2.349584
913	44.337982	26.125480	7.800000	100.000000	2.329614
914	44.338313	26.141361	6.733333	100.000000	2.339782
915	44.332278	26.152329	7.133333	100.000000	2.357874
916	44.339296	26.138599	7.200000	100.000000	2.328579
917	44.341260	26.148353	7.333333	100.000000	2.364960
918	44.336444	26.127273	7.533333	100.000000	2.331117
919	44.332838	26.067149	6.933333	100.000000	2.348005
920	44.315627	26.041002	6.933333	100.000000	2.348837
921	44.316769	26.058885	6.600000	100.000000	2.328084
922	44.308978	26.032234	6.666667	100.000000	2.342253
923	44.312632	26.042179	6.066667	100.000000	2.351159
924	44.315833	26.020477	6.133333	100.000000	2.332118
925	44.337016	26.031971	6.133333	100.000000	2.353373
926	44.306690	25.962738	6.666667	100.000000	2.325656
927	44.320589	26.074920	6.666667	100.000000	2.331533
928	44.319448	26.023068	6.266667	100.000000	2.318812
929	44.318187	26.014746	7.133333	100.000000	2.323626
930	44.323993	26.080579	6.933333	100.000000	2.296001
931	44.316906	26.068721	6.200000	100.000000	2.304507
932	44.330099	25.997672	6.733333	100.000000	2.313570
933	44.338381	25.970385	7.000000	100.000000	2.302559
934	44.339731	26.005430	7.600000	100.000000	2.285801
935	44.332504	25.977918	6.533333	100.000000	2.300710
936	44.344237	26.056785	6.333333	100.000000	2.304296
937	44.340414	26.112560	6.533333	100.000000	2.307319
938	44.342935	26.093400	6.733333	100.000000	2.315813
939	44.335306	26.087755	7.533333	100.000000	2.306774
940	44.341448	25.996540	6.666667	100.000000	2.337090
941	44.344485	26.047078	7.266667	100.000000	2.351973
942	44.351751	26.084347	7.000000	100.000000	2.312206
943	44.325477	26.035971	6.933333	100.000000	2.311279
944	44.327557	26.029835	6.866667	100.000000	2.320957
945	44.342512	26.077124	6.666667	100.000000	2.329348
946	44.344670	26.129770	6.666667	100.000000	2.309852
947	44.355887	26.082526	6.466667	100.000000	2.326196
948	44.343796	26.210475	6.933333	100.000000	2.315155
949	44.598398	26.583455	7.066667	100.000000	2.306900
950	44.673491	26.776639	7.933333	100.000000	2.320845
951	44.725415	26.956757	7.866667	100.000000	2.315465
952	44.765633	27.121715	7.866667	100.000000	2.318528
953	44.770840	27.187043	8.266667	100.000000	2.301864
954	44.788575	27.309774	8.400000	100.000000	2.301046
955	44.815028	27.344382	8.466667	100.000000	2.305316
956	44.827545	27.376450	8.466667	100.000000	2.309187
957	44.838122	27.449585	8.733333	100.000000	2.307545
958	44.841948	27.462235	8.466667	100.000000	2.294986
959	44.863862	27.558249	8.800000	100.000000	2.311284
960	44.860822	27.568733	8.600000	100.000000	2.307328
961	44.874763	27.658504	9.133333	100.000000	2.305478
962	44.879663	27.718222	9.066667	100.000000	2.302531
963	44.876885	27.775881	9.066667	100.000000	2.305590
964	44.885316	27.880573	9.400000	100.000000	2.306333
965	44.905454	27.956702	9.000000	100.000000	2.307759
966	44.926375	28.077637	9.733333	100.000000	2.303861
967	44.910812	28.077048	9.666667	100.000000	2.307328
968	44.923791	28.092654	9.600000	100.000000	2.308550
969	44.932795	28.223066	9.866667	100.000000	2.307334
970	44.939500	28.273560	10.066667	100.000000	2.304404
971	44.946015	28.359177	10.733333	100.000000	2.302870
972	44.946516	28.409614	10.200000	100.000000	2.306585
973	44.972533	28.507842	10.800000	100.000000	2.308219
974	44.986778	28.627326	10.400000	100.000000	2.312209
975	45.006207	28.708321	10.333333	100.000000	2.299483
976	45.020485	28.838567	11.266667	100.000000	2.310545
977	45.036706	28.865907	11.266667	100.000000	2.321000
978	45.047724	28.870130	11.066667	100.000000	2.314925
979	45.048666	28.976405	11.533333	100.000000	2.299766
980	45.071840	29.052597	10.733333	100.000000	2.297578
981	45.077592	29.139918	11.133333	100.000000	2.304048
982	45.081675	29.200045	10.866667	100.000000	2.314921
983	45.108864	29.314420	10.866667	100.000000	2.294615
984	45.107490	29.357076	11.466667	100.000000	2.296389
985	45.119154	29.541844	11.333333	100.000000	2.306515
986	45.131019	29.575185	11.800000	100.000000	2.308722
987	45.144653	29.707979	12.200000	100.000000	2.306858
988	45.168102	29.749389	11.400000	100.000000	2.305959
989	45.188773	29.864165	12.333333	100.000000	2.303266
990	45.186496	29.956198	12.466667	100.000000	2.308052
991	45.210463	29.959765	12.200000	100.000000	2.304703
992	45.250151	30.122670	13.133333	100.000000	2.296935
993	45.252627	30.222600	12.666667	100.000000	2.311076
994	45.274201	30.377140	12.733333	100.000000	2.307147
995	45.301169	30.488588	13.533333	100.000000	2.313751
996	45.308793	30.560405	12.933333	100.000000	2.306377
997	45.339084	30.700222	13.066667	100.000000	2.301213
998	45.369208	30.909231	13.933333	100.000000	2.306917
999	45.383757	31.012397	14.666667	100.000000	2.305771
1000	45.390111	31.088291	14.466667	100.000000	2.313309
1001	45.424658	31.223789	14.800000	100.000000	2.299177
1002	45.434430	31.292005	14.800000	100.000000	2.305803
1003	45.430434	31.341496	14.200000	100.000000	2.308590
1004	45.436758	31.396173	15.133333	100.000000	2.313956
1005	45.448625	31.532473	15.266667	100.000000	2.321445
1006	45.468098	31.587079	14.933333	100.000000	2.303767
1007	45.485863	31.679251	14.666667	100.000000	2.306828
1008	45.512319	31.836581	15.000000	100.000000	2.322328
1009	45.533383	31.987639	16.000000	100.000000	2.303649
1010	45.577961	32.181629	15.866667	100.000000	2.301072
1011	45.588332	32.327873	16.200000	100.000000	2.314633
1012	45.624214	32.446076	16.933333	100.000000	2.338274
1013	45.667684	32.670813	18.000000	100.000000	2.300627
1014	45.712996	32.835730	17.666667	100.000000	2.322402
1015	45.740041	32.868980	17.533333	100.000000	2.317675
1016	45.764115	32.984536	16.666667	100.000000	2.311164
1017	45.779860	33.012167	17.000000	100.000000	2.302643
1018	45.779786	33.123530	17.400000	100.000000	2.304216
1019	45.773387	33.152755	17.400000	100.000000	2.314553
1020	45.792848	33.222820	17.200000	100.000000	2.298436
1021	45.794171	33.207250	17.400000	100.000000	2.302094
1022	45.813590	33.353034	16.933333	100.000000	2.303941
1023	45.817977	33.372686	17.733333	100.000000	2.307972
1024	45.815790	33.341512	17.533333	100.000000	2.307441
1025	45.836663	33.390885	17.600000	100.000000	2.309277
1026	45.844710	33.494866	18.200000	100.000000	2.307470
1027	45.846817	33.508576	18.400000	100.000000	2.302232
1028	45.863551	33.516255	17.933333	100.000000	2.308276
1029	45.850107	33.552432	18.400000	100.000000	2.314701
1030	45.845836	33.530506	17.866667	100.000000	2.296901
1031	45.860523	33.536338	18.066667	100.000000	2.304230
1032	45.885378	33.624293	17.600000	100.000000	2.309076
1033	45.864910	33.705913	18.066667	100.000000	2.311180
1034	45.870709	33.645035	17.733333	100.000000	2.308618
1035	45.875990	33.653960	18.733333	100.000000	2.295515
1036	45.863003	33.746751	18.666667	100.000000	2.302099
1037	45.858836	33.726157	18.333333	100.000000	2.309918
1038	45.881623	33.738725	18.466667	100.000000	2.310503
1039	45.883784	33.811231	18.866667	100.000000	2.298362
1040	45.895657	33.778474	18.733333	100.000000	2.309983
1041	45.875752	33.810104	18.666667	100.000000	2.311529
1042	45.893556	33.808809	19.000000	100.000000	2.312969
1043	45.898014	33.937722	18.466667	100.000000	2.293559
1044	45.905304	33.883673	18.600000	100.000000	2.299848
1045	45.917219	33.946713	19.333333	100.000000	2.310688
1046	45.929807	34.009112	18.666667	100.000000	2.307668
1047	45.921898	33.994863	19.000000	100.000000	2.319103
1048	45.934746	34.035384	19.066667	100.000000	2.292765
1049	45.948857	34.097370	19.200000	100.000000	2.302269
1050	45.954627	34.104112	18.866667	100.000000	2.311332
1051	45.962468	34.114405	19.200000	100.000000	2.303847
1052	45.969820	34.182760	20.200000	100.000000	2.303838
1053	45.993158	34.275941	19.533333	100.000000	2.302725
1054	45.976526	34.220817	19.666667	100.000000	2.309654
1055	45.994648	34.289283	19.666667	100.000000	2.310696
1056	46.004415	34.301022	19.533333	100.000000	2.304045
1057	46.015483	34.442402	19.600000	100.000000	2.307707
1058	46.041039	34.466670	20.466667	100.000000	2.301086
1059	46.055728	34.559276	19.933333	100.000000	2.307262
1060	46.080410	34.619256	19.866667	100.000000	2.314198
1061	46.091172	34.630309	19.733333	100.000000	2.303030
1062	46.099496	34.658247	20.200000	100.000000	2.300760
1063	46.106303	34.731465	20.266667	100.000000	2.308020
1064	46.134681	34.746027	20.600000	100.000000	2.304281
1065	46.148944	34.753114	20.533333	100.000000	2.305326
1066	46.141699	34.856713	20.733333	100.000000	2.306604
1067	46.165255	34.856276	20.466667	100.000000	2.307591
1068	46.175447	34.857576	19.000000	100.000000	2.306511
1069	46.189332	34.914875	20.133333	100.000000	2.314060
1070	46.198618	34.915953	20.466667	100.000000	2.297272
1071	46.196970	35.027418	21.000000	100.000000	2.312266
1072	46.213961	35.060288	20.666667	100.000000	2.329113
1073	46.221834	35.104144	20.733333	100.000000	2.295767
1074	46.219739	35.119495	20.400000	100.000000	2.291921
1075	46.229911	35.187399	21.333333	100.000000	2.302670
1076	46.235281	35.247571	21.066667	100.000000	2.310463
1077	46.247515	35.249038	21.000000	100.000000	2.316743
1078	46.249297	35.297156	19.200000	100.000000	2.316085
1079	46.288055	35.462778	21.000000	100.000000	2.302574
1080	46.327114	35.566839	21.733333	100.000000	2.304755
1081	46.363705	35.725812	22.066667	100.000000	2.329804
1082	46.402949	35.837114	22.533333	100.000000	2.314438
1083	46.446788	35.974036	23.400000	100.000000	2.318341
1084	46.484658	36.016638	23.133333	100.000000	2.324667
1085	46.515977	36.068437	22.733333	100.000000	2.324522
1086	46.558231	36.140964	23.133333	100.000000	2.299483
1087	46.575567	36.238855	23.533333	100.000000	2.307064
1088	46.592131	36.229680	24.000000	100.000000	2.305521
1089	46.590415	36.224286	22.600000	100.000000	2.317462
1090	46.601510	36.280435	22.866667	100.000000	2.300576
1091	46.611634	36.322506	23.266667	100.000000	2.301626
1092	46.601242	36.211234	22.866667	100.000000	2.303504
1093	46.612269	36.233554	23.000000	100.000000	2.310900
1094	46.620011	36.287616	22.266667	100.000000	2.308460
1095	46.619427	36.238124	22.266667	100.000000	2.298880
1096	46.614510	36.264455	22.266667	100.000000	2.307345
1097	46.642226	36.262401	23.066667	100.000000	2.308803
1098	46.620762	36.286843	22.533333	100.000000	2.313822
1099	46.636412	36.236555	22.466667	100.000000	2.302555
1100	46.634084	36.249908	23.133333	100.000000	2.296971
1101	46.632367	36.250511	22.666667	100.000000	2.308732
1102	46.636719	36.245319	21.466667	100.000000	2.305495
1103	46.637046	36.221132	22.000000	100.000000	2.310573
1104	46.646675	36.289346	22.733333	100.000000	2.303103
1105	46.633232	36.245521	23.266667	100.000000	2.306522
1106	46.648705	36.329710	23.400000	100.000000	2.311531
1107	46.661448	36.356670	23.266667	100.000000	2.308259
1108	46.666148	36.397077	23.400000	100.000000	2.299903
1109	46.674085	36.374791	23.800000	100.000000	2.302959
1110	46.687964	36.339805	23.600000	100.000000	2.307741
1111	46.694869	36.394571	23.066667	100.000000	2.308650
1112	46.696532	36.371619	22.933333	100.000000	2.301568
1113	46.707034	36.341482	23.000000	100.000000	2.303030
1114	46.722168	36.393170	23.666667	100.000000	2.309166
1115	46.718425	36.423174	24.400000	100.000000	2.312923
1116	46.728009	36.423374	23.466667	100.000000	2.312556
1117	46.732354	36.490102	23.800000	100.000000	2.293231
1118	46.731997	36.447643	23.666667	100.000000	2.304059
1119	46.748111	36.440447	23.800000	100.000000	2.307986
1120	46.776783	36.418029	24.933333	100.000000	2.315874
1121	46.769184	36.388105	23.400000	100.000000	2.305325
1122	46.758902	36.363475	23.400000	100.000000	2.297514
1123	46.759623	36.414069	23.800000	100.000000	2.306781
1124	46.774766	36.409892	23.666667	100.000000	2.305396
1125	46.780062	36.474866	24.066667	100.000000	2.306165
1126	46.779171	36.448814	23.666667	100.000000	2.301239
1127	46.784610	36.417557	24.266667	100.000000	2.308993
1128	46.790415	36.392624	23.733333	100.000000	2.309223
1129	46.800390	36.449203	23.733333	100.000000	2.313577
1130	46.787131	36.456540	23.933333	100.000000	2.296061
1131	46.790773	36.425579	23.533333	100.000000	2.305755
1132	46.789482	36.476750	24.133333	100.000000	2.314838
1133	46.784008	36.423227	23.066667	100.000000	2.317309
1134	46.786755	36.459533	23.866667	100.000000	2.286846
1135	46.793938	36.435914	23.333333	100.000000	2.304286
1136	46.790522	36.451304	24.266667	100.000000	2.305234
1137	46.795082	36.427342	24.000000	100.000000	2.317501
1138	46.793818	36.534582	23.666667	100.000000	2.310474
1139	46.809369	36.460018	23.666667	100.000000	2.290218
1140	46.800321	36.431987	23.200000	100.000000	2.302563
1141	46.782339	36.444855	23.466667	100.000000	2.310158
1142	46.798187	36.430414	23.400000	100.000000	2.309843
1143	46.790999	36.421899	24.600000	100.000000	2.317499
1144	46.785885	36.464817	23.800000	100.000000	2.323011
1145	46.800849	36.429940	23.200000	100.000000	2.352562
1146	46.808669	36.488478	24.333333	100.000000	2.327611
1147	46.814278	36.573516	25.133333	100.000000	2.349411
1148	46.816367	36.495170	24.066667	100.000000	2.346031
1149	46.820396	36.491281	23.733333	100.000000	2.331151
1150	46.819216	36.503078	22.866667	100.000000	2.337282
1151	46.810535	36.450002	23.600000	100.000000	2.356381
1152	46.795189	36.457824	24.266667	100.000000	2.338045
1153	46.812662	36.484472	23.800000	100.000000	2.364265
1154	46.818018	36.446612	23.733333	100.000000	2.323902
1155	46.816686	36.518727	24.933333	100.000000	2.337469
1156	46.831304	36.497456	23.600000	100.000000	2.365849
1157	46.833441	36.578658	23.466667	100.000000	2.340256
1158	46.831816	36.570704	24.200000	100.000000	2.360716
1159	46.828166	36.553980	23.933333	100.000000	2.335984
1160	46.821570	36.526904	24.200000	100.000000	2.330758
1161	46.826154	36.454342	24.066667	100.000000	2.360092
1162	46.812615	36.504740	23.333333	100.000000	2.330288
1163	46.810561	36.463762	23.533333	100.000000	2.338800
1164	46.822870	36.491533	23.333333	100.000000	2.351455
1165	46.834046	36.523424	23.533333	100.000000	2.328254
1166	46.831930	36.527802	23.800000	100.000000	2.349705
1167	46.851599	36.524138	24.333333	100.000000	2.343212
1168	46.844032	36.569906	23.266667	100.000000	2.332030
1169	46.844420	36.506240	23.133333	100.000000	2.365763
1170	46.853864	36.499912	22.666667	100.000000	2.331661
1171	46.847522	36.499680	23.066667	100.000000	2.341522
1172	46.841174	36.479610	23.800000	100.000000	2.357886
1173	46.840250	36.454092	23.333333	100.000000	2.328045
1174	46.841931	36.437567	23.066667	100.000000	2.341277
1175	46.824172	36.457596	23.133333	100.000000	2.338375
1176	46.835011	36.504835	23.000000	100.000000	2.314955
1177	46.840063	36.507280	22.666667	100.000000	2.321997
1178	46.845937	36.507802	23.466667	100.000000	2.317145
1179	46.845776	36.518645	23.933333	100.000000	2.295228
1180	46.837109	36.384698	23.733333	100.000000	2.299223
1181	46.851957	36.475073	22.866667	100.000000	2.308626
1182	46.866629	36.452100	23.266667	100.000000	2.309696
1183	46.846691	36.447891	23.133333	100.000000	2.298878
1184	46.855479	36.462225	22.866667	100.000000	2.300004
1185	46.852961	36.530960	23.266667	100.000000	2.315883
1186	46.854889	36.498960	23.266667	100.000000	2.307773
1187	46.847299	36.440984	23.333333	100.000000	2.307341
1188	46.846128	36.477357	23.333333	100.000000	2.301437
1189	46.865511	36.490473	22.400000	100.000000	2.304787
1190	46.862179	36.543522	23.000000	100.000000	2.307291
1191	46.870434	36.548170	23.733333	100.000000	2.312059
1192	46.850401	36.513884	23.333333	100.000000	2.312155
1193	46.860063	36.543304	23.600000	100.000000	2.306494
1194	46.873695	36.501013	24.200000	100.000000	2.308051
1195	46.871784	36.483482	23.533333	100.000000	2.311763
1196	46.864170	36.464377	23.933333	100.000000	2.313976
1197	46.868998	36.513643	24.066667	100.000000	2.289382
1198	46.880737	36.463393	22.866667	100.000000	2.306157
1199	46.885175	36.543025	23.466667	100.000000	2.322655
1200	46.879831	36.539438	22.333333	100.000000	2.304229
1201	46.880218	36.516469	22.733333	100.000000	2.300056
1202	46.871787	36.534138	22.933333	100.000000	2.297415
1203	46.868515	36.551792	22.533333	100.000000	2.316128
1204	46.837905	36.553847	22.266667	100.000000	2.313717
1205	46.842808	36.561475	23.133333	100.000000	2.308879
1206	46.845523	36.471328	23.200000	100.000000	2.299872
1207	46.846110	36.526962	23.200000	100.000000	2.306055
1208	46.858376	36.442502	22.866667	100.000000	2.313288
1209	46.856263	36.487260	23.066667	100.000000	2.306577
1210	46.864831	36.498450	23.200000	100.000000	2.295661
1211	46.860480	36.519206	23.133333	100.000000	2.308264
1212	46.871167	36.508874	23.666667	100.000000	2.312379
1213	46.865922	36.543246	23.533333	100.000000	2.300341
1214	46.864939	36.494146	23.400000	100.000000	2.288934
1215	46.877623	36.450916	23.000000	100.000000	2.300972
1216	46.878016	36.510059	23.466667	100.000000	2.302822
1217	46.872085	36.508783	24.266667	100.000000	2.322891
1218	46.862867	36.450590	23.533333	100.000000	2.318203
1219	46.878681	36.466545	23.533333	100.000000	2.307765
1220	46.885276	36.487136	23.533333	100.000000	2.330609
1221	46.878821	36.469618	23.400000	100.000000	2.309568
1222	46.876812	36.482128	23.600000	100.000000	2.306957
1223	46.879187	36.463628	23.600000	100.000000	2.312262
1224	46.875632	36.506242	23.133333	100.000000	2.318222
1225	46.851864	36.538917	23.200000	100.000000	2.315672
1226	46.875244	36.549502	22.933333	100.000000	2.305635
1227	46.870786	36.503172	23.600000	100.000000	2.305025
1228	46.887130	36.530613	23.533333	100.000000	2.303341
1229	46.876621	36.488885	23.800000	100.000000	2.310590
1230	46.885341	36.558000	23.533333	100.000000	2.300502
1231	46.890241	36.544699	23.866667	100.000000	2.304134
1232	46.884459	36.533230	23.933333	100.000000	2.313282
1233	46.890885	36.492751	23.866667	100.000000	2.324679
1234	46.889773	36.508370	24.000000	100.000000	2.319928
1235	46.891320	36.491096	24.066667	100.000000	2.310937
1236	46.877056	36.474533	24.000000	100.000000	2.325745
1237	46.885508	36.517416	23.600000	100.000000	2.321268
1238	46.877971	36.578103	23.800000	100.000000	2.312090
1239	46.872976	36.540194	23.200000	100.000000	2.318078
1240	46.880415	36.522247	22.933333	100.000000	2.333840
1241	46.874073	36.502715	23.466667	100.000000	2.331763
1242	46.863741	36.520528	23.466667	100.000000	2.333240
1243	46.869463	36.451335	23.600000	100.000000	2.327863
1244	46.872622	36.472186	23.200000	100.000000	2.313882
1245	46.881899	36.539170	23.666667	100.000000	2.316298
1246	46.894926	36.556318	23.866667	100.000000	2.348171
1247	46.871760	36.506393	23.866667	100.000000	2.339497
1248	46.854720	36.532750	24.066667	100.000000	2.340854
1249	46.861839	36.506627	24.133333	100.000000	2.361508
1250	46.881846	36.539630	23.533333	100.000000	2.325433
1251	46.879101	36.537904	23.466667	100.000000	2.345571
1252	46.863210	36.474238	23.266667	100.000000	2.348799
1253	46.865755	36.559149	24.533333	100.000000	2.331379
1254	46.874204	36.553444	23.400000	100.000000	2.345483
1255	46.867025	36.585650	23.266667	100.000000	2.354780
1256	46.885851	36.573667	23.400000	100.000000	2.334109
1257	46.881899	36.550979	23.200000	100.000000	2.360456
1258	46.873420	36.512422	23.000000	100.000000	2.326426
1259	46.882954	36.539209	24.066667	100.000000	2.342788
1260	46.860808	36.544281	23.533333	100.000000	2.358606
1261	46.870846	36.559290	24.533333	100.000000	2.331309
1262	46.877047	36.559115	23.466667	100.000000	2.347717
1263	46.871924	36.519330	23.866667	100.000000	2.344029
1264	46.867973	36.454867	23.733333	100.000000	2.328950
1265	46.872962	36.479825	23.533333	100.000000	2.368805
1266	46.870714	36.523547	23.733333	100.000000	2.334141
1267	46.859300	36.485774	23.600000	100.000000	2.342262
1268	46.859565	36.496956	23.533333	100.000000	2.353344
1269	46.864152	36.504148	23.200000	100.000000	2.335484
1270	46.871412	36.531807	23.866667	100.000000	2.362572
1271	46.854895	36.580176	24.266667	100.000000	2.333741
1272	46.868950	36.590333	24.400000	100.000000	2.338094
1273	46.875262	36.589618	24.066667	100.000000	2.359071
1274	46.877331	36.552920	24.000000	100.000000	2.324077
1275	46.876073	36.548587	23.733333	100.000000	2.339859
1276	46.877113	36.513968	23.066667	100.000000	2.351244
1277	46.882606	36.540896	23.533333	100.000000	2.324819
1278	46.892357	36.547425	23.466667	100.000000	2.350745
1279	46.874070	36.480464	23.400000	100.000000	2.338612
1280	46.880817	36.499472	22.333333	100.000000	2.322605
1281	46.878374	36.519963	23.800000	100.000000	2.312064
1282	46.883404	36.495847	23.800000	100.000000	2.305464
1283	46.886188	36.515997	23.200000	100.000000	2.304105
1284	46.892339	36.576151	23.733333	100.000000	2.300678
1285	46.872443	36.519872	22.666667	100.000000	2.313801
1286	46.858564	36.571275	23.800000	100.000000	2.302612
1287	46.877390	36.557339	23.866667	100.000000	2.315804
1288	46.882400	36.521596	24.000000	100.000000	2.298475
1289	46.884349	36.549904	23.733333	100.000000	2.306148
1290	46.891165	36.506282	22.933333	100.000000	2.307409
1291	46.899468	36.505843	23.133333	100.000000	2.308289
1292	46.891314	36.518225	22.800000	100.000000	2.303481
1293	46.883970	36.511867	23.533333	100.000000	2.304759
1294	46.881253	36.489360	23.133333	100.000000	2.309406
1295	46.878481	36.542890	23.066667	100.000000	2.312524
1296	46.880114	36.573603	23.133333	100.000000	2.297515
1297	46.896350	36.595310	23.933333	100.000000	2.302875
1298	46.892357	36.546572	23.133333	100.000000	2.307112
1299	46.891490	36.561713	23.266667	100.000000	2.311642
1300	46.872675	36.534724	23.200000	100.000000	2.310391
1301	46.876889	36.549328	23.266667	100.000000	2.305081
1302	46.884996	36.588283	23.000000	100.000000	2.305475
1303	46.889102	36.563769	23.600000	100.000000	2.315182
1304	46.869498	36.547348	23.333333	100.000000	2.312692
1305	46.878964	36.551713	23.266667	100.000000	2.297431
1306	46.881178	36.500676	23.600000	100.000000	2.301090
1307	46.884009	36.506151	23.133333	100.000000	2.306819
1308	46.880966	36.542768	23.466667	100.000000	2.318497
1309	46.888638	36.542566	24.066667	100.000000	2.292315
1310	46.881056	36.573257	23.800000	100.000000	2.301869
1311	46.866453	36.485539	23.933333	100.000000	2.301257
1312	46.870315	36.485494	23.600000	100.000000	2.313609
1313	46.869028	36.504046	22.933333	100.000000	2.315016
1314	46.871567	36.494794	23.000000	100.000000	2.293930
1315	46.873882	36.490949	23.800000	100.000000	2.298234
1316	46.883762	36.529170	24.266667	100.000000	2.306672
1317	46.887785	36.509399	23.800000	100.000000	2.313921
1318	46.899149	36.464789	23.733333	100.000000	2.297565
1319	46.891224	36.511037	23.666667	100.000000	2.301640
1320	46.883178	36.510753	22.933333	100.000000	2.311482
1321	46.878099	36.482900	23.133333	100.000000	2.312195
1322	46.869224	36.486645	22.666667	100.000000	2.304990
1323	46.865210	36.518908	23.133333	100.000000	2.304295
1324	46.874660	36.546652	22.066667	100.000000	2.300803
1325	46.869111	36.487335	23.066667	100.000000	2.310442
1326	46.873018	36.464161	22.933333	100.000000	2.307709
1327	46.880674	36.507192	23.200000	100.000000	2.304874
1328	46.885371	36.560126	23.533333	100.000000	2.325577
1329	46.893457	36.518456	22.866667	100.000000	2.349107
1330	46.884793	36.596947	23.666667	100.000000	2.315104
1331	46.888089	36.600083	23.533333	100.000000	2.317863
1332	46.881467	36.580234	23.866667	100.000000	2.316123
1333	46.899503	36.586816	24.466667	100.000000	2.314772
1334	46.881312	36.576738	24.200000	100.000000	2.299736
1335	46.876493	36.577181	23.400000	100.000000	2.303680
1336	46.872085	36.576196	23.733333	100.000000	2.311088
1337	46.877253	36.566319	23.333333	100.000000	2.323939
1338	46.877629	36.553405	23.800000	100.000000	2.312831
1339	46.874437	36.521721	23.400000	100.000000	2.298060
1340	46.868724	36.558408	23.933333	100.000000	2.305179
1341	46.875688	36.591577	24.266667	100.000000	2.323421
1342	46.882528	36.583638	24.333333	100.000000	2.310619
1343	47.163650	36.982218	25.600000	100.000000	2.301882
1344	47.242457	37.168596	25.533333	100.000000	2.326959
1345	47.258320	37.218104	25.333333	100.000000	2.331976
1346	47.272691	37.198228	26.266667	100.000000	2.299571
1347	47.301596	37.244123	25.733333	100.000000	2.327107
1348	47.301027	37.281791	25.533333	100.000000	2.308854
1349	47.312450	37.257410	25.800000	100.000000	2.315590
1350	47.319350	37.293439	26.200000	100.000000	2.296087
1351	47.326225	37.319242	26.066667	100.000000	2.303306
1352	47.328126	37.338412	25.866667	100.000000	2.310597
1353	47.325030	37.345192	25.600000	100.000000	2.303273
1354	47.341606	37.296731	25.600000	100.000000	2.300121
1355	47.338045	37.300120	25.066667	100.000000	2.310166
1356	47.338539	37.361772	25.533333	100.000000	2.303918
1357	47.343951	37.338570	25.800000	100.000000	2.307643
1358	47.343493	37.327621	26.000000	100.000000	2.316902
1359	47.339591	37.350542	25.666667	100.000000	2.303037
1360	47.351995	37.281952	25.933333	100.000000	2.301673
1361	47.346151	37.326440	25.133333	100.000000	2.317908
1362	47.356850	37.358447	25.666667	100.000000	2.305020
1363	47.357595	37.317752	25.266667	100.000000	2.294389
1364	47.365710	37.348026	25.600000	100.000000	2.302528
1365	47.357219	37.308911	24.866667	100.000000	2.306278
1366	47.370487	37.325696	25.933333	100.000000	2.309260
1367	47.366336	37.309128	25.666667	100.000000	2.314579
1368	47.368258	37.347445	25.666667	100.000000	2.309107
1369	47.362992	37.380362	26.066667	100.000000	2.309068
1370	47.370422	37.338123	26.266667	100.000000	2.322223
1371	47.373742	37.326107	25.733333	100.000000	2.299751
1372	47.387117	37.380927	25.800000	100.000000	2.295900
1373	47.392941	37.390760	26.600000	100.000000	2.307513
1374	47.379601	37.408836	26.200000	100.000000	2.316938
1375	47.375768	37.373489	26.266667	100.000000	2.316825
1376	47.384307	37.319106	25.400000	100.000000	2.305300
1377	47.388428	37.358034	25.666667	100.000000	2.323622
1378	47.394943	37.379235	25.600000	100.000000	2.326494
1379	47.397470	37.402972	25.466667	100.000000	2.315377
1380	47.397554	37.356736	26.400000	100.000000	2.314768
1381	47.397012	37.390096	25.733333	100.000000	2.311549
1382	47.400343	37.411658	26.333333	100.000000	2.323264
1383	47.403577	37.382211	25.933333	100.000000	2.298676
1384	47.396564	37.449134	25.866667	100.000000	2.303655
1385	47.397187	37.417672	26.533333	100.000000	2.304638
1386	47.401571	37.411671	25.533333	100.000000	2.312810
1387	47.389823	37.384234	25.466667	100.000000	2.320880
1388	47.408831	37.397546	26.066667	100.000000	2.301695
1389	47.407252	37.429480	26.466667	100.000000	2.315220
1390	47.413075	37.456897	25.666667	100.000000	2.333618
1391	47.409102	37.443390	25.866667	100.000000	2.316061
1392	47.412938	37.383471	26.400000	100.000000	2.319293
1393	47.393304	37.304034	26.066667	100.000000	2.328325
1394	47.395024	37.361596	25.600000	100.000000	2.325572
1395	47.403562	37.339441	25.400000	100.000000	2.313372
1396	47.409052	37.358895	25.400000	100.000000	2.321760
1397	47.408742	37.379249	25.800000	100.000000	2.342893
1398	47.418147	37.384024	25.866667	100.000000	2.312014
1399	47.422141	37.405833	25.666667	100.000000	2.328834
1400	47.422805	37.413163	26.133333	100.000000	2.320769
1401	47.417665	37.418761	26.333333	100.000000	2.324403
1402	47.420672	37.425559	26.133333	100.000000	2.320730
1403	47.410196	37.399248	26.333333	100.000000	2.332071
1404	47.423518	37.425284	26.000000	100.000000	2.340559
1405	47.418401	37.414676	26.533333	100.000000	2.304212
1406	47.418460	37.367914	25.800000	100.000000	2.318846
1407	47.413930	37.423724	26.466667	100.000000	2.345006
1408	47.409087	37.380301	26.200000	100.000000	2.319128
1409	47.406626	37.444345	25.733333	100.000000	2.329031
1410	47.417682	37.437937	26.266667	100.000000	2.320036
1411	47.408521	37.436412	25.800000	100.000000	2.330679
1412	47.396335	37.389918	25.800000	100.000000	2.322900
1413	47.396731	37.399657	25.600000	100.000000	2.338366
1414	47.392994	37.355280	25.333333	100.000000	2.319831
1415	47.404248	37.405483	26.133333	100.000000	2.312985
1416	47.403601	37.404492	25.000000	100.000000	2.318494
1417	47.417653	37.413913	25.266667	100.000000	2.337520
1418	47.422045	37.421551	25.800000	100.000000	2.321537
1419	47.424522	37.445335	25.333333	100.000000	2.333646
1420	47.402632	37.388782	25.666667	100.000000	2.322711
1421	47.404677	37.417325	26.333333	100.000000	2.311551
1422	47.413141	37.440080	25.600000	100.000000	2.322748
1423	47.412109	37.418261	25.600000	100.000000	2.346866
1424	47.411597	37.410816	25.933333	100.000000	2.325408
1425	47.416750	37.390895	26.533333	100.000000	2.314148
1426	47.427344	37.401710	26.200000	100.000000	2.330393
1427	47.424805	37.415695	26.533333	100.000000	2.333592
1428	47.418141	37.427538	26.866667	100.000000	2.327224
1429	47.417524	37.430187	25.266667	100.000000	2.340261
1430	47.420716	37.483641	26.533333	100.000000	2.332605
1431	47.434884	37.459804	26.600000	100.000000	2.344622
1432	47.425139	37.396132	25.933333	100.000000	2.347181
1433	47.423553	37.406256	26.000000	100.000000	2.348966
1434	47.414905	37.380085	26.333333	100.000000	2.341058
1435	47.409523	37.368401	26.200000	100.000000	2.337912
1436	47.427887	37.391782	25.466667	100.000000	2.330273
1437	47.423813	37.427386	25.933333	100.000000	2.348091
1438	47.418907	37.435911	25.933333	100.000000	2.341982
1439	47.416770	37.428176	26.000000	100.000000	2.345637
1440	47.407800	37.388230	25.733333	100.000000	2.348995
1441	47.412136	37.380621	26.133333	100.000000	2.355443
1442	47.411412	37.342780	25.933333	100.000000	2.336690
1443	47.406882	37.319059	26.333333	100.000000	2.343119
1444	47.407612	37.317495	25.933333	100.000000	2.335449
1445	47.404134	37.325426	26.600000	100.000000	2.345855
1446	47.411677	37.328550	26.666667	100.000000	2.342401
1447	47.409078	37.408207	26.200000	100.000000	2.330859
1448	47.409704	37.365387	26.133333	100.000000	2.345994
1449	47.402936	37.407951	26.400000	100.000000	2.320093
1450	47.422779	37.356154	26.200000	100.000000	2.330591
1451	47.409281	37.387621	26.600000	100.000000	2.345064
1452	47.403079	37.343415	26.666667	100.000000	2.329527
1453	47.407454	37.367780	26.066667	100.000000	2.316464
1454	47.415364	37.379920	26.266667	100.000000	2.334349
1455	47.420514	37.406655	26.600000	100.000000	2.352307
1456	47.414556	37.383149	26.066667	100.000000	2.331523
1457	47.412863	37.404607	26.200000	100.000000	2.332381
1458	47.424400	37.440500	26.466667	100.000000	2.327266
1459	47.414380	37.386043	26.333333	100.000000	2.331821
1460	47.413170	37.342557	25.733333	100.000000	2.332362
1461	47.410280	37.380931	26.266667	100.000000	2.327065
1462	47.411752	37.422537	25.600000	100.000000	2.335761
1463	47.427553	37.486632	25.866667	100.000000	2.343349
1464	47.411922	37.433081	26.466667	100.000000	2.314136
1465	47.411829	37.401998	25.333333	100.000000	2.317027
1466	47.417045	37.427243	26.066667	100.000000	2.333726
1467	47.415403	37.355311	26.600000	100.000000	2.345958
1468	47.424453	37.353904	26.133333	100.000000	2.324851
1469	47.424087	37.418159	25.533333	100.000000	2.342918
1470	47.427934	37.448223	26.333333	100.000000	2.355646
1471	47.425446	37.388854	26.066667	100.000000	2.329348
1472	47.407481	37.346046	25.666667	100.000000	2.339140
1473	47.411323	37.364313	25.800000	100.000000	2.329726
1474	47.422433	37.341455	26.066667	100.000000	2.335389
1475	47.418559	37.353459	26.400000	100.000000	2.333473
1476	47.422200	37.361303	26.400000	100.000000	2.326534
1477	47.417533	37.328354	25.733333	100.000000	2.339786
1478	47.437370	37.379181	26.666667	100.000000	2.330410
1479	47.422448	37.406413	26.533333	100.000000	2.311728
1480	47.419244	37.376521	25.733333	100.000000	2.320267
1481	47.425911	37.370717	26.133333	100.000000	2.343702
1482	47.431290	37.382488	26.133333	100.000000	2.333420
1483	47.437447	37.374510	26.533333	100.000000	2.319003
1484	47.429973	37.408918	25.733333	100.000000	2.328783
1485	47.427067	37.362751	26.400000	100.000000	2.325592
1486	47.439146	37.356521	25.733333	100.000000	2.326715
1487	47.421882	37.380924	26.066667	100.000000	2.334926
1488	47.428328	37.373256	25.266667	100.000000	2.324876
1489	47.420377	37.413064	26.066667	100.000000	2.313190
1490	47.415403	37.363603	26.066667	100.000000	2.322029
1491	47.414771	37.356722	25.733333	100.000000	2.349125
1492	47.411323	37.398124	26.600000	100.000000	2.327832
1493	47.410685	37.381917	25.866667	100.000000	2.316902
1494	47.412509	37.391502	26.333333	100.000000	2.366754
1495	47.414851	37.367973	25.933333	100.000000	2.325711
1496	47.428721	37.417021	26.200000	100.000000	2.318342
1497	47.421545	37.447779	26.400000	100.000000	2.333031
1498	47.410959	37.381696	26.466667	100.000000	2.333373
1499	47.418272	37.449223	26.333333	100.000000	2.337413
1500	47.415727	37.448324	26.066667	100.000000	2.327135
1501	47.416419	37.427071	26.333333	100.000000	2.312986
1502	47.421220	37.373093	25.866667	100.000000	2.328714
1503	47.419345	37.455380	26.333333	100.000000	2.343869
1504	47.417933	37.425839	26.266667	100.000000	2.319826
1505	47.428566	37.434311	26.333333	100.000000	2.311619
1506	47.436118	37.412201	26.000000	100.000000	2.334363
1507	47.425288	37.405713	26.200000	100.000000	2.338226
1508	47.429243	37.394022	26.333333	100.000000	2.335966
1509	47.427499	37.405424	25.533333	100.000000	2.318370
1510	47.415590	37.388987	25.733333	100.000000	2.323658
1511	47.423697	37.449910	26.000000	100.000000	2.323850
1512	47.432882	37.435261	25.466667	100.000000	2.331425
1513	47.437733	37.450250	26.066667	100.000000	2.338360
1514	47.424239	37.406564	25.666667	100.000000	2.319151
1515	47.433084	37.384885	25.466667	100.000000	2.323371
1516	47.422236	37.386856	25.666667	100.000000	2.344425
1517	47.419897	37.397958	26.600000	100.000000	2.326598
1518	47.415820	37.408074	25.800000	100.000000	2.320297
1519	47.418511	37.393581	25.866667	100.000000	2.327084
1520	47.409716	37.385824	25.733333	100.000000	2.336233
1521	47.425202	37.482217	26.333333	100.000000	2.334123
1522	47.426787	37.500815	26.733333	100.000000	2.326487
1523	47.435719	37.465014	26.800000	100.000000	2.313518
1524	47.420752	37.458561	26.466667	100.000000	2.312483
1525	47.426277	37.491768	26.466667	100.000000	2.337259
1526	47.425753	37.469413	26.000000	100.000000	2.340364
1527	47.420311	37.528320	26.466667	100.000000	2.316652
1528	47.417077	37.488493	27.066667	100.000000	2.318487
1529	47.428894	37.458842	26.600000	100.000000	2.347488
1530	47.419876	37.417593	25.933333	100.000000	2.333349
1531	47.426856	37.484954	26.666667	100.000000	2.338910
1532	47.437662	37.466016	25.466667	100.000000	2.335352
1533	47.417969	37.412844	25.733333	100.000000	2.338261
1534	47.406030	37.444178	25.466667	100.000000	2.341527
1535	47.417790	37.451257	25.666667	100.000000	2.348085
1536	47.424495	37.419519	25.333333	100.000000	2.327663
1537	47.423500	37.403471	26.066667	100.000000	2.338249
1538	47.677773	37.841115	27.666667	100.000000	2.304603
1539	47.721720	37.940673	28.333333	100.000000	2.312352
1540	47.742695	38.020711	28.000000	100.000000	2.329596
1541	47.754011	38.059391	28.866667	100.000000	2.348744
1542	47.764131	38.078124	28.400000	100.000000	2.323813
1543	47.761083	38.118154	28.733333	100.000000	2.326077
1544	47.771329	38.062904	28.266667	100.000000	2.343926
1545	47.773904	38.108147	29.200000	100.000000	2.314929
1546	47.774875	38.118075	28.800000	100.000000	2.331534
1547	47.777563	38.083000	28.266667	100.000000	2.332119
1548	47.783792	38.136041	28.533333	100.000000	2.324430
1549	47.787830	38.147008	28.933333	100.000000	2.341072
1550	47.795787	38.123446	29.000000	100.000000	2.320232
1551	47.794145	38.126173	29.533333	100.000000	2.333722
1552	47.797787	38.128980	29.333333	100.000000	2.332633
1553	47.802675	38.158778	28.666667	100.000000	2.323427
1554	47.806334	38.114225	28.466667	100.000000	2.313129
1555	47.809923	38.149240	29.066667	100.000000	2.315932
1556	47.812685	38.145960	28.533333	100.000000	2.325426
1557	47.820362	38.150069	29.466667	100.000000	2.330002
1558	47.821975	38.132679	29.000000	100.000000	2.338369
1559	47.823620	38.136545	29.066667	100.000000	2.339450
1560	47.827911	38.110812	28.933333	100.000000	2.315742
1561	47.820711	38.119498	28.600000	100.000000	2.338396
1562	47.825223	38.144652	28.866667	100.000000	2.321449
1563	47.824240	38.125636	28.800000	100.000000	2.336904
1564	47.834399	38.149190	28.733333	100.000000	2.324180
1565	47.835058	38.159225	29.200000	100.000000	2.326162
1566	47.829819	38.164959	28.733333	100.000000	2.325611
1567	47.834516	38.143415	28.400000	100.000000	2.337078
1568	47.832724	38.189485	28.800000	100.000000	2.319623
1569	47.829062	38.196533	29.000000	100.000000	2.317258
1570	47.826365	38.180968	29.066667	100.000000	2.319310
1571	47.829610	38.196661	29.000000	100.000000	2.350536
1572	47.828180	38.190825	28.933333	100.000000	2.327699
1573	47.827274	38.220255	28.400000	100.000000	2.328664
1574	47.834495	38.234788	29.800000	100.000000	2.327035
1575	47.835696	38.230086	29.200000	100.000000	2.328035
1576	47.832423	38.203763	29.200000	100.000000	2.328915
1577	47.825754	38.190409	29.933333	100.000000	2.338486
1578	47.827080	38.180355	29.266667	100.000000	2.312437
1579	47.830492	38.179148	28.866667	100.000000	2.318545
1580	47.833797	38.186825	28.733333	100.000000	2.350901
1581	47.832769	38.201159	28.800000	100.000000	2.315099
1582	47.839576	38.164984	28.666667	100.000000	2.328612
1583	47.834954	38.205765	29.733333	100.000000	2.329480
1584	47.842807	38.192346	29.133333	100.000000	2.330692
1585	47.839200	38.221707	29.666667	100.000000	2.329079
1586	47.842431	38.181904	29.533333	100.000000	2.331865
1587	47.834069	38.183365	29.000000	100.000000	2.333164
1588	47.833985	38.195359	29.400000	100.000000	2.324820
1589	47.835651	38.204351	29.533333	100.000000	2.342005
1590	47.841561	38.221611	29.733333	100.000000	2.323031
1591	47.844672	38.219596	29.866667	100.000000	2.313596
1592	47.842908	38.211952	29.666667	100.000000	2.326112
1593	47.836959	38.214519	30.066667	100.000000	2.345931
1594	47.835788	38.236282	30.200000	100.000000	2.323923
1595	47.841114	38.247554	29.666667	100.000000	2.327909
1596	47.840521	38.224939	29.466667	100.000000	2.319276
1597	47.831133	38.220233	29.400000	100.000000	2.314663
1598	47.833616	38.259544	29.333333	100.000000	2.339004
1599	47.842938	38.220509	28.933333	100.000000	2.342944
1600	47.833699	38.219616	29.000000	100.000000	2.315867
1601	47.841144	38.252781	29.333333	100.000000	2.331228
1602	47.843748	38.217383	29.200000	100.000000	2.347211
1603	47.837859	38.223758	29.200000	100.000000	2.316002
1604	47.838557	38.237713	29.200000	100.000000	2.320685
1605	47.839689	38.252610	29.200000	100.000000	2.327751
1606	47.838849	38.209635	29.200000	100.000000	2.331172
1607	47.843233	38.266294	29.600000	100.000000	2.322159
1608	47.841188	38.247600	29.066667	100.000000	2.338506
1609	47.841305	38.256505	29.666667	100.000000	2.321430
1610	47.841454	38.250856	29.200000	100.000000	2.320936
1611	47.847155	38.243388	29.066667	100.000000	2.336986
1612	47.846609	38.252883	29.000000	100.000000	2.332155
1613	47.856548	38.261486	29.133333	100.000000	2.323020
1614	47.854382	38.216319	28.666667	100.000000	2.321559
1615	47.856537	38.260985	29.800000	100.000000	2.340830
1616	47.852629	38.259781	29.333333	100.000000	2.319360
1617	47.860935	38.256689	29.400000	100.000000	2.337162
1618	47.858763	38.266145	29.133333	100.000000	2.321878
1619	47.859147	38.274014	29.200000	100.000000	2.316930
1620	47.857517	38.258540	30.066667	100.000000	2.320018
1621	47.861606	38.308534	29.400000	100.000000	2.340933
1622	47.857928	38.273759	29.733333	100.000000	2.323226
1623	47.858214	38.309650	28.866667	100.000000	2.320981
1624	47.860852	38.319585	29.133333	100.000000	2.335359
1625	47.858492	38.285435	29.600000	100.000000	2.327550
1626	47.859550	38.313201	29.200000	100.000000	2.325366
1627	47.865182	38.299522	29.533333	100.000000	2.331871
1628	47.864577	38.265359	29.466667	100.000000	2.316731
1629	47.872892	38.268650	29.466667	100.000000	2.317637
1630	47.865701	38.273150	29.733333	100.000000	2.324873
1631	47.863263	38.293469	29.466667	100.000000	2.343005
1632	47.862238	38.289332	28.800000	100.000000	2.322057
1633	47.854403	38.319956	29.733333	100.000000	2.323321
1634	47.860259	38.311435	28.933333	100.000000	2.336438
1635	47.864416	38.319949	29.600000	100.000000	2.330341
1636	47.864747	38.348037	29.733333	100.000000	2.331335
1637	47.857758	38.324334	30.000000	100.000000	2.325978
1638	47.855976	38.309718	29.066667	100.000000	2.329499
1639	47.863045	38.299333	29.133333	100.000000	2.336648
1640	47.860509	38.308651	29.400000	100.000000	2.336991
1641	47.863835	38.322705	29.600000	100.000000	2.316977
1642	47.857520	38.297075	29.666667	100.000000	2.307609
1643	47.866401	38.283664	29.333333	100.000000	2.322704
1644	47.867388	38.316161	29.400000	100.000000	2.352340
1645	47.870106	38.332169	29.866667	100.000000	2.328707
1646	47.869509	38.339528	30.066667	100.000000	2.327265
1647	47.870722	38.365729	29.400000	100.000000	2.323669
1648	47.864074	38.350048	29.466667	100.000000	2.317795
1649	47.861946	38.354178	29.466667	100.000000	2.329726
1650	47.870547	38.349843	29.333333	100.000000	2.339087
1651	47.873339	38.359828	29.933333	100.000000	2.309685
1652	47.875842	38.325431	29.600000	100.000000	2.317504
1653	47.866613	38.336500	29.333333	100.000000	2.340337
1654	47.872186	38.332357	29.600000	100.000000	2.343874
1655	47.873962	38.323696	29.933333	100.000000	2.331500
1656	47.871533	38.339080	30.400000	100.000000	2.376138
1657	47.874725	38.357511	29.800000	100.000000	2.344606
1658	47.875065	38.367665	30.200000	100.000000	2.360795
1659	47.876453	38.373436	30.000000	100.000000	2.348340
1660	47.868532	38.371828	29.666667	100.000000	2.334667
1661	47.869593	38.374366	29.533333	100.000000	2.358375
1662	47.866035	38.350678	29.066667	100.000000	2.331139
1663	47.863173	38.376188	29.866667	100.000000	2.359122
1664	47.868642	38.334450	28.666667	100.000000	2.337401
1665	47.866607	38.368493	29.133333	100.000000	2.320568
1666	47.871023	38.345184	29.400000	100.000000	2.365364
1667	47.871971	38.349336	29.666667	100.000000	2.339478
1668	47.869074	38.338782	28.933333	100.000000	2.339420
1669	47.878224	38.340081	28.266667	100.000000	2.352724
1670	47.869617	38.347764	29.200000	100.000000	2.326189
1671	47.862950	38.344858	29.266667	100.000000	2.372882
1672	47.862595	38.333491	29.066667	100.000000	2.340411
1673	47.862166	38.330842	29.200000	100.000000	2.339249
1674	47.863126	38.328666	28.666667	100.000000	2.340761
1675	47.866616	38.365326	29.800000	100.000000	2.326060
1676	47.864097	38.358128	29.400000	100.000000	2.325799
1677	47.872311	38.360001	29.333333	100.000000	2.354088
1678	47.873551	38.331487	29.333333	100.000000	2.315520
1679	47.872907	38.353466	29.200000	100.000000	2.328912
1680	47.870991	38.334850	29.600000	100.000000	2.324737
1681	47.875157	38.357986	29.200000	100.000000	2.329241
1682	47.864515	38.341170	29.400000	100.000000	2.323295
1683	47.870326	38.345660	29.866667	100.000000	2.341583
1684	47.873533	38.363991	29.333333	100.000000	2.312347
1685	47.868136	38.368824	29.533333	100.000000	2.311745
1686	47.867501	38.364705	29.666667	100.000000	2.330394
1687	47.872043	38.404749	29.800000	100.000000	2.346421
1688	47.877371	38.391331	29.600000	100.000000	2.328030
1689	47.881186	38.386758	29.866667	100.000000	2.323287
1690	47.871116	38.360393	29.133333	100.000000	2.346077
1691	47.875804	38.366487	29.866667	100.000000	2.323294
1692	47.873726	38.353519	29.666667	100.000000	2.334056
1693	47.868961	38.359751	30.066667	100.000000	2.326896
1694	47.873086	38.352112	29.866667	100.000000	2.323848
1695	47.870177	38.367486	30.066667	100.000000	2.348941
1696	47.867548	38.395220	29.533333	100.000000	2.340803
1697	47.868568	38.376709	29.800000	100.000000	2.328924
1698	47.872853	38.389775	29.866667	100.000000	2.343729
1699	47.871190	38.384345	30.000000	100.000000	2.337443
1700	47.876880	38.385664	29.800000	100.000000	2.336606
1701	47.880661	38.391556	29.933333	100.000000	2.349921
1702	47.874600	38.385318	29.866667	100.000000	2.337757
1703	47.872204	38.367514	29.666667	100.000000	2.327887
1704	47.874638	38.335078	29.800000	100.000000	2.361400
1705	47.869569	38.392819	29.733333	100.000000	2.333638
1706	47.867244	38.352108	28.866667	100.000000	2.347319
1707	47.865131	38.356454	29.733333	100.000000	2.342643
1708	47.872072	38.348479	29.266667	100.000000	2.318884
1709	47.866932	38.353143	29.466667	100.000000	2.321711
1710	47.864658	38.345301	29.400000	100.000000	2.352247
1711	47.861278	38.384705	29.666667	100.000000	2.328805
1712	47.865161	38.338309	29.600000	100.000000	2.326789
1713	47.863513	38.348198	29.200000	100.000000	2.327993
1714	47.866499	38.330658	29.266667	100.000000	2.318281
1715	47.869182	38.347840	29.266667	100.000000	2.334813
1716	47.868237	38.365427	29.266667	100.000000	2.333231
1717	47.873145	38.407131	29.666667	100.000000	2.316221
1718	47.872245	38.394088	29.800000	100.000000	2.325370
1719	47.868568	38.407923	30.266667	100.000000	2.353386
1720	47.869506	38.404601	29.733333	100.000000	2.319009
1721	47.868913	38.380272	30.000000	100.000000	2.324612
1722	47.870091	38.363826	29.400000	100.000000	2.353521
1723	47.867286	38.387917	29.400000	100.000000	2.325912
1724	47.867221	38.371605	29.733333	100.000000	2.327438
1725	47.869483	38.370054	30.133333	100.000000	2.338581
1726	47.880232	38.377988	29.466667	100.000000	2.318279
1727	47.876051	38.397615	29.400000	100.000000	2.336158
1728	47.876757	38.391078	29.333333	100.000000	2.328879
1729	47.872543	38.401397	29.400000	100.000000	2.313174
1730	47.872695	38.383258	29.666667	100.000000	2.318783
1731	47.874919	38.362068	29.800000	100.000000	2.325907
1732	47.874364	38.373832	29.133333	100.000000	2.342485
1733	47.873044	38.367513	29.600000	100.000000	2.329427
1734	47.864020	38.325358	29.400000	100.000000	2.319189
1735	47.870550	38.330092	29.333333	100.000000	2.320837
1736	47.875383	38.353791	29.466667	100.000000	2.313427
1737	47.872561	38.335954	29.466667	100.000000	2.333840
1738	47.872156	38.384135	29.533333	100.000000	2.334745
1739	47.874266	38.387893	29.333333	100.000000	2.320922
1740	47.868466	38.373014	29.400000	100.000000	2.103038
1741	47.942722	38.513272	30.533333	100.000000	2.122869
1742	47.944814	38.514155	30.400000	100.000000	2.139179
1743	47.946149	38.512949	30.600000	100.000000	2.109196
1744	47.946578	38.515033	30.733333	100.000000	2.123223
1745	47.946945	38.515930	30.800000	100.000000	2.124705
1746	47.947186	38.516850	30.800000	100.000000	2.109676
1747	47.947502	38.518085	30.733333	100.000000	2.125844
1748	47.947314	38.518299	30.933333	100.000000	2.122612
1749	47.947299	38.517276	30.733333	100.000000	2.123466
1750	47.947425	38.517091	30.733333	100.000000	2.118490
1751	47.947535	38.516956	30.800000	100.000000	2.122022
1752	47.947460	38.517021	30.733333	100.000000	2.104311
1753	47.947463	38.517192	30.733333	100.000000	2.119235
1754	47.947434	38.517146	30.733333	100.000000	2.104960
1755	47.947407	38.516757	30.800000	100.000000	2.118783
1756	47.947407	38.516757	30.800000	100.000000	2.134528
1757	47.947407	38.516757	30.800000	100.000000	2.122803
1758	47.947407	38.516757	30.800000	100.000000	2.113005
1759	47.947407	38.516757	30.800000	100.000000	2.107769
1760	47.947407	38.516757	30.800000	100.000000	2.106512
1761	47.947407	38.516757	30.800000	100.000000	2.123186
1762	47.947407	38.516757	30.800000	100.000000	2.135755
1763	47.947407	38.516757	30.800000	100.000000	2.116121
1764	47.947407	38.516757	30.800000	100.000000	2.125187
1765	47.947407	38.516757	30.800000	100.000000	2.130898
1766	47.947407	38.516757	30.800000	100.000000	2.128469
1767	47.947407	38.516757	30.800000	100.000000	2.112718
1768	47.947407	38.516757	30.800000	100.000000	2.131962
1769	47.947407	38.516757	30.800000	100.000000	2.116365
1770	47.947407	38.516757	30.800000	100.000000	2.111331
1771	47.947407	38.516757	30.800000	100.000000	2.132422
1772	47.947407	38.516757	30.800000	100.000000	2.133421
1773	47.947407	38.516757	30.800000	100.000000	2.117596
1774	47.947407	38.516757	30.800000	100.000000	2.115289
1775	47.947407	38.516757	30.800000	100.000000	2.109199
1776	47.947407	38.516757	30.800000	100.000000	2.113735
1777	47.947407	38.516757	30.800000	100.000000	2.137014
1778	47.947407	38.516757	30.800000	100.000000	2.125785
1779	47.947407	38.516757	30.800000	100.000000	2.102735
1780	47.947407	38.516757	30.800000	100.000000	2.119423
1781	47.947407	38.516757	30.800000	100.000000	2.112724
1782	47.947407	38.516757	30.800000	100.000000	2.128217
1783	47.947407	38.516757	30.800000	100.000000	2.137236
1784	47.947407	38.516757	30.800000	100.000000	2.110674
1785	47.947407	38.516757	30.800000	100.000000	2.107349
1786	47.947407	38.516757	30.800000	100.000000	2.110582
1787	47.947407	38.516757	30.800000	100.000000	2.107713
1788	47.947407	38.516757	30.800000	100.000000	2.115912
1789	47.947407	38.516757	30.800000	100.000000	2.143238
1790	47.947407	38.516757	30.800000	100.000000	2.124503
1791	47.947407	38.516757	30.800000	100.000000	2.122098
1792	47.947407	38.516757	30.800000	100.000000	2.106463
1793	47.947407	38.516757	30.800000	100.000000	2.111837
1794	47.947407	38.516757	30.800000	100.000000	2.115565
1795	47.947407	38.516757	30.800000	100.000000	2.124930
1796	47.947407	38.516757	30.800000	100.000000	2.104586
1797	47.947407	38.516757	30.800000	100.000000	2.137577
