1	27.083308	3.099236	0.000000	91.400000	2.288564
2	32.756346	4.532855	0.000000	91.400000	2.307078
3	37.287450	4.834616	0.000000	91.400000	2.395307
4	39.898452	4.754532	0.000000	91.400000	2.276576
5	41.384816	4.693383	0.000000	91.400000	2.270363
6	42.316696	4.813974	0.000000	91.400000	2.389937
7	42.957056	4.702776	0.000000	91.400000	2.292068
8	43.391123	4.601525	0.000000	91.400000	2.283078
9	43.719298	4.599566	0.000000	91.400000	2.336175
10	43.987471	4.651164	0.000000	91.400000	2.390405
11	44.185168	4.789953	0.000000	91.400000	2.453038
12	44.351810	4.676620	0.000000	91.400000	2.381052
13	44.491804	4.701439	0.000000	91.400000	2.470049
14	44.627661	4.823092	0.000000	91.400000	2.443248
15	44.733506	4.878004	0.000000	91.400000	2.301897
16	44.854236	4.888248	0.000000	91.400000	2.468626
17	44.955802	4.924614	0.000000	91.400000	2.452521
18	45.041892	4.893768	0.000000	91.400000	2.396552
19	45.131296	4.832225	0.000000	91.400000	2.472697
20	45.205986	4.917476	0.000000	91.400000	2.365736
21	45.266426	4.920778	0.000000	91.400000	2.384429
22	45.319247	4.962474	0.000000	91.400000	2.476610
23	45.351505	4.956567	0.000000	91.400000	2.421022
24	45.395812	5.101541	0.000000	91.400000	2.425003
25	45.428795	5.043801	0.000000	91.400000	2.471227
26	45.460039	5.176432	0.000000	91.400000	2.452716
27	45.501333	5.233812	0.000000	91.400000	2.305796
28	45.540258	5.350452	0.000000	91.400000	2.491359
29	45.569080	5.270397	0.000000	91.400000	2.469700
30	45.591921	5.338432	0.000000	91.400000	2.375785
31	45.601481	5.426205	0.000000	91.400000	2.466605
32	45.636684	5.485234	0.000000	91.400000	2.382072
33	45.625141	5.579042	0.000000	91.400000	2.384542
34	45.656049	5.618942	0.000000	91.400000	2.566588
35	45.701364	5.663412	0.000000	91.400000	2.385872
36	45.721301	5.719128	0.000000	91.400000	2.449410
37	45.733520	5.748374	0.000000	91.400000	2.465695
38	45.734137	5.817937	0.000000	91.400000	2.384930
39	45.761541	5.726445	0.000000	91.400000	2.416220
40	45.793101	5.742019	0.000000	91.400000	2.499110
41	45.803142	5.801230	0.000000	91.400000	2.465705
42	45.818609	5.863796	0.000000	91.400000	2.302801
43	45.825416	5.890928	0.000000	91.400000	2.584529
44	45.818317	5.857353	0.000000	91.400000	2.398296
45	45.841599	5.841948	0.000000	91.400000	2.305057
46	45.864016	5.843420	0.000000	91.400000	2.298103
47	45.868325	5.891316	0.000000	91.400000	2.302406
48	45.871067	5.876524	0.000000	91.400000	2.309117
49	45.874786	5.963076	0.000000	91.400000	2.312017
50	45.897323	5.945247	0.000000	91.400000	2.400290
51	45.908266	5.911510	0.000000	91.400000	2.310302
52	45.914531	5.927578	0.000000	91.400000	2.293534
53	45.924759	5.917144	0.000000	91.400000	2.358257
54	45.925075	5.942465	0.000000	91.400000	2.473946
55	45.933643	5.916268	0.000000	91.400000	2.472672
56	45.941645	5.993355	0.000000	91.400000	2.472962
57	45.948231	6.021236	0.000000	91.400000	2.388875
58	45.949361	6.044797	0.000000	91.400000	2.508330
59	45.974118	6.136611	0.000000	91.400000	2.394011
60	45.972970	6.115052	0.000000	91.400000	2.397165
61	45.979935	6.034088	0.000000	91.400000	2.382745
62	45.986384	6.027846	0.000000	91.400000	2.474445
63	45.998031	6.012383	0.000000	91.400000	2.365713
64	46.012396	6.015075	0.000000	91.400000	2.408596
65	46.000129	6.005235	0.000000	91.400000	2.337213
66	46.011257	6.072570	0.000000	91.400000	2.537837
67	46.014756	5.959038	0.000000	91.400000	2.460510
68	46.025604	5.944543	0.000000	91.400000	2.304382
69	46.022958	6.067826	0.000000	91.400000	2.313338
70	46.056062	6.029250	0.000000	91.400000	2.409568
71	46.053255	6.047477	0.000000	91.400000	2.311750
72	46.054703	6.095882	0.000000	91.400000	2.291026
73	46.061707	6.024673	0.000000	91.400000	2.287748
74	46.061856	6.129831	0.000000	91.400000	2.306896
75	46.075642	6.096718	0.000000	91.400000	2.313257
76	46.086049	6.056960	0.000000	91.400000	2.392301
77	46.086711	6.066332	0.000000	91.400000	2.381943
78	46.094918	5.980846	0.000000	91.400000	2.381659
79	46.101278	6.026035	0.000000	91.400000	2.289230
80	46.095797	6.016778	0.000000	91.400000	2.481596
81	46.097237	6.029884	0.000000	91.400000	2.312746
82	46.091640	6.043448	0.000000	91.400000	2.305035
83	46.092385	6.069203	0.000000	91.400000	2.386954
84	46.101719	6.074999	0.000000	91.400000	2.477212
85	46.101803	6.183677	0.000000	91.400000	2.477651
86	46.102971	6.178781	0.000000	91.400000	2.310758
87	46.123010	6.082914	0.000000	91.400000	2.292855
88	46.116680	6.108488	0.000000	91.400000	2.392112
89	46.124077	6.043516	0.000000	91.400000	2.404587
90	46.128857	6.031850	0.000000	91.400000	2.483864
91	46.121433	6.107518	0.000000	91.400000	2.461648
92	46.128443	6.080990	0.000000	91.400000	2.391674
93	46.139941	6.064516	0.000000	91.400000	2.487870
94	46.131819	6.029748	0.000000	91.400000	2.396879
95	46.147144	6.033458	0.000000	91.400000	2.471476
96	46.150672	6.029907	0.000000	91.400000	2.468780
97	46.143669	6.081450	0.000000	91.400000	2.479144
98	46.142703	6.030289	0.000000	91.400000	2.403106
99	46.152216	5.961524	0.000000	91.400000	2.403728
100	46.155292	5.917634	0.000000	91.400000	2.460616
101	46.144995	6.006884	0.000000	91.400000	2.464347
102	46.151322	5.926086	0.000000	91.400000	2.485345
103	46.148956	5.999121	0.000000	91.400000	2.471784
104	46.163410	6.013895	0.000000	91.400000	2.473149
105	46.166211	6.066665	0.000000	91.400000	2.395916
106	46.157765	6.062794	0.000000	91.400000	2.397855
107	46.157527	6.072815	0.000000	91.400000	2.409918
108	46.158487	6.062365	0.000000	91.400000	2.450665
109	46.181434	6.133628	0.000000	91.400000	2.471171
110	46.186787	6.041661	0.000000	91.400000	2.453358
111	46.195433	6.100197	0.000000	91.400000	2.461157
112	46.190965	6.169978	0.000000	91.400000	2.373579
113	46.201670	6.051787	0.000000	91.400000	2.320996
114	46.203601	6.011923	0.000000	91.400000	2.344149
115	46.202710	5.945854	0.000000	91.400000	2.527700
116	46.220660	6.018025	0.000000	91.400000	2.551629
117	46.207803	5.999454	0.000000	91.400000	2.467946
118	46.201932	6.062581	0.000000	91.400000	2.288593
119	46.218422	6.115872	0.000000	91.400000	2.304125
120	46.216744	6.034665	0.000000	91.400000	2.403011
121	46.225622	5.985289	0.000000	91.400000	2.401830
122	46.217200	6.097228	0.000000	91.400000	2.307736
123	46.229768	6.113829	0.000000	91.400000	2.296974
124	46.221772	6.099358	0.000000	91.400000	2.400509
125	46.224502	6.156312	0.000000	91.400000	2.391500
126	46.230492	6.078192	0.000000	91.400000	2.390178
127	46.228012	6.006353	0.000000	91.400000	2.288789
128	46.223691	5.996449	0.000000	91.400000	2.471220
129	46.231878	6.098915	0.000000	91.400000	2.472371
130	46.248263	6.026358	0.000000	91.400000	2.472764
131	46.239963	6.098923	0.000000	91.400000	2.447368
132	46.239215	6.086142	0.000000	91.400000	2.392438
133	46.244103	6.103944	0.000000	91.400000	2.447313
134	46.238196	6.074066	0.000000	91.400000	2.496659
135	46.238339	6.064217	0.000000	91.400000	2.472647
136	46.241432	6.104418	0.000000	91.400000	2.474787
137	46.250829	6.096168	0.000000	91.400000	2.468751
138	46.270925	6.048296	0.000000	91.400000	2.390344
139	46.264863	6.080225	0.000000	91.400000	2.443017
140	46.257746	6.077513	0.000000	91.400000	2.410688
141	46.249521	6.054458	0.000000	91.400000	2.567719
142	46.226728	6.078809	0.000000	91.400000	2.473058
143	46.239662	6.096249	0.000000	91.400000	2.380654
144	46.218097	6.087219	0.000000	91.400000	2.563284
145	46.227047	6.098437	0.000000	91.400000	2.393269
146	46.218115	6.070953	0.000000	91.400000	2.311105
147	46.222538	6.130085	0.000000	91.400000	2.304517
148	46.219754	6.096653	0.000000	91.400000	2.392330
149	46.218371	6.149064	0.000000	91.400000	2.309814
150	46.223557	6.141612	0.000000	91.400000	2.394684
151	46.217734	6.014020	0.000000	91.400000	2.465616
152	46.237397	6.070985	0.000000	91.400000	2.313611
153	46.242654	6.097962	0.000000	91.400000	2.280296
154	46.235263	6.016877	0.000000	91.400000	2.390941
155	46.241090	6.132132	0.000000	91.400000	2.493023
156	46.230862	6.096355	0.000000	91.400000	2.399545
157	46.239233	6.132255	0.000000	91.400000	2.400735
158	46.233851	6.171718	0.000000	91.400000	2.476377
159	46.239030	6.149938	0.000000	91.400000	2.467821
160	46.235615	6.180114	0.000000	91.400000	2.376613
161	46.235505	6.124743	0.000000	91.400000	2.301616
162	46.241701	6.148345	0.000000	91.400000	2.479231
163	46.240026	6.144498	0.000000	91.400000	2.480494
164	46.261817	6.152074	0.000000	91.400000	2.489607
165	46.253657	6.187584	0.000000	91.400000	2.311144
166	46.261793	6.127917	0.000000	91.400000	2.408145
167	46.253288	6.196856	0.000000	91.400000	2.398759
168	46.268710	6.135016	0.000000	91.400000	2.315915
169	46.283859	6.184298	0.000000	91.400000	2.303511
170	46.303904	6.207203	0.000000	91.400000	2.299529
171	46.288961	6.191029	0.000000	91.400000	2.291625
172	46.292454	6.198627	0.000000	91.400000	2.306998
173	46.292555	6.218465	0.000000	91.400000	2.484587
174	46.287227	6.238884	0.000000	91.400000	2.486309
175	46.292955	6.303474	0.000000	91.400000	2.464128
176	46.311438	6.247293	0.000000	91.400000	2.484684
177	46.295235	6.205016	0.000000	91.400000	2.472194
178	46.301430	6.189497	0.000000	91.400000	2.456963
179	46.291137	6.082182	0.000000	91.400000	2.409503
180	46.290207	6.111830	0.000000	91.400000	2.472790
181	46.275091	6.175429	0.000000	91.400000	2.319494
182	46.274370	6.251321	0.000000	91.400000	2.317526
183	46.288431	6.223443	0.000000	91.400000	2.293514
184	46.299410	6.155969	0.000000	91.400000	2.403024
185	46.302149	6.084113	0.000000	91.400000	2.317434
186	46.301192	6.107443	0.000000	91.400000	2.298854
187	46.304029	6.142815	0.000000	91.400000	2.305155
188	46.305317	6.090715	0.000000	91.400000	2.495051
189	46.286690	6.104389	0.000000	91.400000	2.473783
190	46.295887	6.123696	0.000000	91.400000	2.473661
191	46.294159	6.180147	0.000000	91.400000	2.553869
192	46.302608	6.203429	0.000000	91.400000	2.374439
193	46.303791	6.266171	0.000000	91.400000	2.478786
194	46.307153	6.177843	0.000000	91.400000	2.392766
195	46.297774	6.219975	0.000000	91.400000	2.486233
196	46.295482	6.197968	0.000000	91.400000	2.460788
197	46.307510	6.198132	0.000000	91.400000	2.555031
198	46.292651	6.257415	0.000000	91.400000	2.459819
199	46.307924	6.189842	0.000000	91.400000	2.487338
200	46.301609	6.292748	0.000000	91.400000	2.303785
201	46.303236	6.291278	0.000000	91.400000	2.397881
202	46.303800	6.257760	0.000000	91.400000	2.297746
203	46.295357	6.199691	0.000000	91.400000	2.488307
204	46.300089	6.224964	0.000000	91.400000	2.384455
205	46.293664	6.292961	0.000000	91.400000	2.398908
206	46.295261	6.322920	0.000000	91.400000	2.371018
207	46.280879	6.249742	0.000000	91.400000	2.406514
208	46.273732	6.260488	0.000000	91.400000	2.325269
209	46.279156	6.284614	0.000000	91.400000	2.298016
210	46.298286	6.241745	0.000000	91.400000	2.288823
211	46.300417	6.195137	0.000000	91.400000	2.480033
212	46.293515	6.194760	0.000000	91.400000	2.268896
213	46.290439	6.160165	0.000000	91.400000	2.288745
214	46.304360	6.214555	0.000000	91.400000	2.459190
215	46.285075	6.227781	0.000000	91.400000	2.474175
216	46.298933	6.279408	0.000000	91.400000	2.446748
217	46.297896	6.206926	0.000000	91.400000	2.464635
218	46.299675	6.251564	0.000000	91.400000	2.576133
219	46.302390	6.285402	0.000000	91.400000	2.395916
220	46.298939	6.349741	0.000000	91.400000	2.458765
221	46.287060	6.326381	0.000000	91.400000	2.465561
222	46.298963	6.370815	0.000000	91.400000	2.493241
223	46.283185	6.214268	0.000000	91.400000	2.383277
224	46.286571	6.361017	0.000000	91.400000	2.469043
225	46.278447	6.348935	0.000000	91.400000	2.474638
226	46.300888	6.353320	0.000000	91.400000	2.560719
227	46.299076	6.368025	0.000000	91.400000	2.390178
228	46.485502	6.319003	0.000000	91.400000	2.498198
229	46.550047	6.371417	0.000000	91.400000	2.480649
230	46.582794	6.362557	0.000000	91.400000	2.388828
231	46.607602	6.334460	0.000000	91.400000	2.378187
232	46.604729	6.392852	0.000000	91.400000	2.391741
233	46.602094	6.453190	0.000000	91.400000	2.306515
234	46.615615	6.391243	0.000000	91.400000	2.294654
235	46.617430	6.508617	0.000000	91.400000	2.304232
236	46.617681	6.448387	0.000000	91.400000	2.496479
237	46.615082	6.446187	0.000000	91.400000	2.316220
238	46.623480	6.412342	0.000000	91.400000	2.293235
239	46.639824	6.380432	0.000000	91.400000	2.398652
240	46.644858	6.331453	0.000000	91.400000	2.499687
241	46.647257	6.388919	0.000000	91.400000	2.402028
242	46.632302	6.404126	0.000000	91.400000	2.502517
243	46.644482	6.366452	0.000000	91.400000	2.396683
244	46.638602	6.431383	0.000000	91.400000	2.470061
245	46.645856	6.476475	0.000000	91.400000	2.469119
246	46.643490	6.524583	0.000000	91.400000	2.490593
247	46.650833	6.509753	0.000000	91.400000	2.497865
248	46.651822	6.487684	0.000000	91.400000	2.406522
249	46.659493	6.395002	0.000000	91.400000	2.497514
250	46.674308	6.422111	0.000000	91.400000	2.486251
251	46.662086	6.353119	0.000000	91.400000	2.378374
252	46.666080	6.453104	0.000000	91.400000	2.482340
253	46.657556	6.464857	0.000000	91.400000	2.483860
254	46.653926	6.448069	0.000000	91.400000	2.497654
255	46.662545	6.407046	0.000000	91.400000	2.500152
256	46.663541	6.433637	0.000000	91.400000	2.383377
257	46.664935	6.417661	0.000000	91.400000	2.456267
258	46.665126	6.417608	0.000000	91.400000	2.482288
259	46.657309	6.351229	0.000000	91.400000	2.462745
260	46.662325	6.391109	0.000000	91.400000	2.488510
261	46.677899	6.442824	0.000000	91.400000	2.397294
262	46.679267	6.445322	0.000000	91.400000	2.492089
263	46.667266	6.561308	0.000000	91.400000	2.410228
264	46.660945	6.479064	0.000000	91.400000	2.396743
265	46.665424	6.507589	0.000000	91.400000	2.464390
266	46.668050	6.443879	0.000000	91.400000	2.469374
267	46.665555	6.454359	0.000000	91.400000	2.474040
268	46.666068	6.458562	0.000000	91.400000	2.281601
269	46.682656	6.393104	0.000000	91.400000	2.467695
270	46.671167	6.433443	0.000000	91.400000	2.481975
271	46.669698	6.462410	0.000000	91.400000	2.311973
272	46.671021	6.402308	0.000000	91.400000	2.402276
273	46.694234	6.381274	0.000000	91.400000	2.385592
274	46.684301	6.363387	0.000000	91.400000	2.418860
275	46.672601	6.370425	0.000000	91.400000	2.392716
276	46.679860	6.405781	0.000000	91.400000	2.293098
277	46.664381	6.391568	0.000000	91.400000	2.295812
278	46.684486	6.378959	0.000000	91.400000	2.382333
279	46.678773	6.356385	0.000000	91.400000	2.299567
280	46.675873	6.477173	0.000000	91.400000	2.297691
281	46.686155	6.516928	0.000000	91.400000	2.467559
282	46.681637	6.500045	0.000000	91.400000	2.440467
283	46.686873	6.500736	0.000000	91.400000	2.500532
284	46.691319	6.466314	0.000000	91.400000	2.481621
285	46.696895	6.450915	0.000000	91.400000	2.459764
286	46.678627	6.479059	0.000000	91.400000	2.392845
287	46.677601	6.504010	0.000000	91.400000	2.459110
288	46.676397	6.487813	0.000000	91.400000	2.475953
289	46.676850	6.534156	0.000000	91.400000	2.582391
290	46.681386	6.528047	0.000000	91.400000	2.400872
291	46.680084	6.550803	0.000000	91.400000	2.397498
292	46.689498	6.538099	0.000000	91.400000	2.463113
293	46.683347	6.449966	0.000000	91.400000	2.474048
294	46.692711	6.547109	0.000000	91.400000	2.479697
295	46.695691	6.573595	0.000000	91.400000	2.382556
296	46.696788	6.514936	0.000000	91.400000	2.537886
297	46.688026	6.484308	0.000000	91.400000	2.481622
298	46.685439	6.530401	0.000000	91.400000	2.481592
299	46.694818	6.489391	0.000000	91.400000	2.470670
300	46.693772	6.542722	0.000000	91.400000	2.387740
301	46.699056	6.509741	0.000000	91.400000	2.368923
302	46.697199	6.498152	0.000000	91.400000	2.393183
303	46.700975	6.521680	0.000000	91.400000	2.301975
304	46.683145	6.456945	0.000000	91.400000	2.306610
305	46.678227	6.488231	0.000000	91.400000	2.300315
306	46.676028	6.414227	0.000000	91.400000	2.403427
307	46.694544	6.434736	0.000000	91.400000	2.490247
308	46.689850	6.456812	0.000000	91.400000	2.488397
309	46.694058	6.417173	0.000000	91.400000	2.302828
310	46.693635	6.522065	0.000000	91.400000	2.316611
311	46.696717	6.469957	0.000000	91.400000	2.400760
312	46.699858	6.465881	0.000000	91.400000	2.405953
313	46.686500	6.512209	0.000000	91.400000	2.490382
314	46.688405	6.439393	0.000000	91.400000	2.465340
315	46.702272	6.398714	0.000000	91.400000	2.384905
316	46.701652	6.447770	0.000000	91.400000	2.402539
317	46.702912	6.485093	0.000000	91.400000	2.483427
318	46.692091	6.489170	0.000000	91.400000	2.371203
319	46.699214	6.520817	0.000000	91.400000	2.323971
320	46.694332	6.612609	0.000000	91.400000	2.356372
321	46.696359	6.551725	0.000000	91.400000	2.293774
322	46.697104	6.543256	0.000000	91.400000	2.407301
323	46.695486	6.448541	0.000000	91.400000	2.396190
324	46.716899	6.492089	0.000000	91.400000	2.317122
325	46.705973	6.502842	0.000000	91.400000	2.308068
326	46.708930	6.429835	0.000000	91.400000	2.389373
327	46.705669	6.494038	0.000000	91.400000	2.413449
328	46.716344	6.552608	0.000000	91.400000	2.386383
329	46.708882	6.520394	0.000000	91.400000	2.292529
330	46.695483	6.564617	0.000000	91.400000	2.440576
331	46.691734	6.548422	0.000000	91.400000	2.476570
332	46.676359	6.553865	0.000000	91.400000	2.488088
333	46.699709	6.490683	0.000000	91.400000	2.465286
334	46.699739	6.412533	0.000000	91.400000	2.308584
335	46.692282	6.423647	0.000000	91.400000	2.587948
336	46.690094	6.437855	0.000000	91.400000	2.598072
337	46.683949	6.451163	0.000000	91.400000	2.302550
338	46.687448	6.567900	0.000000	91.400000	2.315861
339	46.692514	6.461598	0.000000	91.400000	2.316894
340	46.686876	6.457057	0.000000	91.400000	2.396143
341	46.682751	6.471217	0.000000	91.400000	2.317205
342	46.686333	6.480751	0.000000	91.400000	2.306906
343	46.704638	6.598882	0.000000	91.400000	2.399367
344	46.687934	6.643848	0.000000	91.400000	2.306911
345	46.692824	6.604043	0.000000	91.400000	2.379956
346	46.693993	6.633988	0.000000	91.400000	2.489948
347	46.719706	6.567640	0.000000	91.400000	2.466897
348	46.700552	6.568346	0.000000	91.400000	2.398142
349	46.706653	6.606744	0.000000	91.400000	2.394647
350	46.702003	6.506632	0.000000	91.400000	2.486878
351	46.705282	6.507837	0.000000	91.400000	2.476394
352	46.690238	6.526409	0.000000	91.400000	2.374336
353	46.700376	6.491108	0.000000	91.400000	2.473380
354	46.698409	6.454382	0.000000	91.400000	2.362373
355	46.688798	6.554940	0.000000	91.400000	2.284435
356	46.688771	6.507024	0.000000	91.400000	2.543342
357	46.692044	6.556353	0.000000	91.400000	2.348927
358	46.698868	6.508719	0.000000	91.400000	2.489724
359	46.699232	6.476935	0.000000	91.400000	2.473560
360	46.694928	6.544762	0.000000	91.400000	2.515008
361	46.691254	6.509797	0.000000	91.400000	2.523270
362	46.692768	6.498512	0.000000	91.400000	2.490838
363	46.707070	6.479797	0.000000	91.400000	2.399945
364	46.698576	6.509968	0.000000	91.400000	2.411632
365	46.706122	6.508142	0.000000	91.400000	2.370906
366	46.699801	6.573445	0.000000	91.400000	2.397488
367	46.695042	6.567158	0.000000	91.400000	2.302602
368	46.702772	6.535115	0.000000	91.400000	2.309910
369	46.713305	6.482064	0.000000	91.400000	2.305716
370	46.701664	6.522130	0.000000	91.400000	2.394928
371	46.715194	6.561693	0.000000	91.400000	2.311193
372	46.715751	6.484489	0.000000	91.400000	2.298404
373	46.702570	6.569107	0.000000	91.400000	2.457093
374	46.684897	6.529764	0.000000	91.400000	2.450557
375	46.700251	6.514564	0.000000	91.400000	2.478267
376	46.701550	6.502320	0.000000	91.400000	2.501130
377	46.702379	6.549291	0.000000	91.400000	2.381971
378	46.698347	6.517881	0.000000	91.400000	2.429650
379	46.698120	6.489225	0.000000	91.400000	2.481202
380	46.708456	6.515900	0.000000	91.400000	2.506530
381	46.704844	6.518074	0.000000	91.400000	2.290904
382	46.706206	6.549568	0.000000	91.400000	2.314886
383	46.705106	6.545529	0.000000	91.400000	2.290407
384	46.710777	6.597760	0.000000	91.400000	2.311164
385	46.710917	6.547104	0.000000	91.400000	2.403087
386	46.710065	6.584720	0.000000	91.400000	2.306245
387	46.709225	6.611857	0.000000	91.400000	2.304359
388	46.707574	6.616851	0.000000	91.400000	2.497409
389	46.706858	6.624359	0.000000	91.400000	2.390800
390	46.697181	6.616488	0.000000	91.400000	2.409201
391	46.693781	6.608266	0.000000	91.400000	2.459500
392	46.694067	6.587478	0.000000	91.400000	2.473179
393	46.696788	6.630823	0.000000	91.400000	2.494705
394	46.689713	6.689049	0.000000	91.400000	2.487054
395	46.695781	6.643153	0.000000	91.400000	2.485974
396	46.688420	6.565343	0.000000	91.400000	2.468387
397	46.692151	6.634788	0.000000	91.400000	2.389781
398	46.697634	6.604755	0.000000	91.400000	2.488050
399	46.868789	6.628437	0.000000	91.400000	2.489323
400	46.917015	6.592620	0.000000	91.400000	2.365587
401	46.941823	6.635329	0.000000	91.400000	2.478983
402	46.952632	6.618792	0.000000	91.400000	2.485028
403	46.952564	6.648297	0.000000	91.400000	2.473700
404	46.966437	6.627099	0.000000	91.400000	2.382476
405	46.971375	6.597758	0.000000	91.400000	2.472911
406	46.977448	6.580532	0.000000	91.400000	2.506220
407	46.993017	6.579664	0.000000	91.400000	2.405431
408	46.993577	6.577967	0.000000	91.400000	2.405221
409	46.994948	6.580286	0.000000	91.400000	2.364779
410	46.997279	6.593015	0.000000	91.400000	2.298784
411	46.997908	6.638802	0.000000	91.400000	2.486295
412	46.998465	6.645825	0.000000	91.400000	2.316602
413	47.010216	6.700853	0.000000	91.400000	2.406938
414	46.996236	6.764309	0.000000	91.400000	2.391997
415	46.994001	6.744223	0.000000	91.400000	2.497461
416	46.986175	6.755983	0.000000	91.400000	2.399406
417	46.986592	6.684875	0.000000	91.400000	2.329783
418	46.979052	6.710583	0.000000	91.400000	2.307459
419	46.987015	6.718358	0.000000	91.400000	2.294394
420	46.992230	6.678341	0.000000	91.400000	2.387986
421	47.004080	6.662645	0.000000	91.400000	2.422836
422	46.997905	6.667184	0.000000	91.400000	2.293533
423	47.006136	6.665909	0.000000	91.400000	2.398089
424	46.996295	6.712082	0.000000	91.400000	2.447159
425	46.998233	6.650417	0.000000	91.400000	2.496461
426	47.006941	6.707837	0.000000	91.400000	2.391809
427	47.005242	6.697524	0.000000	91.400000	2.409919
428	47.013134	6.659987	0.000000	91.400000	2.421648
429	47.010076	6.662426	0.000000	91.400000	2.294306
430	47.022885	6.685126	0.000000	91.400000	2.298750
431	47.021300	6.742336	0.000000	91.400000	2.312011
432	47.021300	6.673942	0.000000	91.400000	2.414459
433	47.030395	6.608924	0.000000	91.400000	2.298007
434	47.032869	6.594544	0.000000	91.400000	2.307920
435	47.024381	6.608785	0.000000	91.400000	2.407857
436	47.022355	6.582227	0.000000	91.400000	2.485527
437	47.021908	6.615498	0.000000	91.400000	2.391226
438	47.015911	6.578560	0.000000	91.400000	2.400113
439	47.018504	6.599520	0.000000	91.400000	2.374013
440	47.010988	6.619765	0.000000	91.400000	2.353658
441	47.023878	6.564063	0.000000	91.400000	2.343723
442	47.011524	6.576769	0.000000	91.400000	2.313850
443	47.021854	6.538870	0.000000	91.400000	2.487798
444	47.021300	6.566830	0.000000	91.400000	2.400603
445	47.014892	6.579188	0.000000	91.400000	2.417541
446	47.020489	6.536533	0.000000	91.400000	2.309567
447	47.033140	6.592345	0.000000	91.400000	2.302284
448	47.035521	6.601952	0.000000	91.400000	2.404726
449	47.037172	6.683678	0.000000	91.400000	2.398799
450	47.035554	6.684863	0.000000	91.400000	2.318398
451	47.039849	6.589571	0.000000	91.400000	2.293450
452	47.042716	6.671748	0.000000	91.400000	2.485261
453	47.045186	6.609674	0.000000	91.400000	2.478782
454	47.060484	6.613394	0.000000	91.400000	2.483488
455	47.048455	6.628958	0.000000	91.400000	2.464015
456	47.049981	6.598153	0.000000	91.400000	2.404564
457	47.041810	6.529910	0.000000	91.400000	2.446956
458	47.034311	6.595651	0.000000	91.400000	2.513668
459	47.043198	6.595511	0.000000	91.400000	2.436108
460	47.048426	6.594912	0.000000	91.400000	2.470877
461	47.044602	6.571617	0.000000	91.400000	2.418215
462	47.048545	6.583513	0.000000	91.400000	2.563283
463	47.052312	6.635184	0.000000	91.400000	2.389414
464	47.049952	6.669309	0.000000	91.400000	2.567724
465	47.053957	6.554315	0.000000	91.400000	2.474731
466	47.043604	6.628501	0.000000	91.400000	2.476384
467	47.059864	6.633785	0.000000	91.400000	2.467717
468	47.059178	6.629622	0.000000	91.400000	2.491800
469	47.049558	6.626213	0.000000	91.400000	2.455533
470	47.067773	6.663952	0.000000	91.400000	2.327407
471	47.060910	6.646841	0.000000	91.400000	2.317594
472	47.066087	6.643115	0.000000	91.400000	2.302080
473	47.063062	6.630759	0.000000	91.400000	2.295768
474	47.075135	6.650612	0.000000	91.400000	2.403550
475	47.073320	6.644259	0.000000	91.400000	2.400218
476	47.072011	6.690718	0.000000	91.400000	2.316283
477	47.068715	6.702486	0.000000	91.400000	2.312877
478	47.057498	6.746573	0.000000	91.400000	2.399386
479	47.047919	6.732542	0.000000	91.400000	2.498907
480	47.038954	6.625245	0.000000	91.400000	2.489906
481	47.045565	6.637114	0.000000	91.400000	2.471911
482	47.044051	6.662511	0.000000	91.400000	2.483615
483	47.049236	6.647590	0.000000	91.400000	2.392273
484	47.056305	6.715193	0.000000	91.400000	2.492743
485	47.048700	6.685792	0.000000	91.400000	2.381100
486	47.046426	6.716321	0.000000	91.400000	2.475875
487	47.051066	6.800921	0.000000	91.400000	2.471071
488	47.056675	6.808883	0.000000	91.400000	2.391847
489	47.046798	6.828069	0.000000	91.400000	2.452170
490	47.038347	6.728629	0.000000	91.400000	2.375193
491	47.034666	6.783830	0.000000	91.400000	2.301512
492	47.034609	6.814869	0.000000	91.400000	2.459676
493	47.034436	6.842497	0.000000	91.400000	2.498989
494	47.043282	6.732594	0.000000	91.400000	2.396854
495	47.026932	6.735904	0.000000	91.400000	2.528963
496	47.028369	6.746477	0.000000	91.400000	2.388905
497	47.029877	6.703794	0.000000	91.400000	2.497832
498	47.034341	6.724764	0.000000	91.400000	2.497965
499	47.032875	6.767023	0.000000	91.400000	2.314285
500	47.036022	6.716974	0.000000	91.400000	2.299180
501	47.040612	6.641097	0.000000	91.400000	2.379266
502	47.037244	6.661279	0.000000	91.400000	2.317008
503	47.044361	6.704685	0.000000	91.400000	2.311132
504	47.042358	6.675595	0.000000	91.400000	2.400466
505	47.052488	6.670999	0.000000	91.400000	2.406598
506	47.045469	6.712431	0.000000	91.400000	2.392246
507	47.043535	6.737370	0.000000	91.400000	2.304116
508	47.056970	6.651989	0.000000	91.400000	2.383678
509	47.052777	6.618874	0.000000	91.400000	2.565223
510	47.061533	6.664843	0.000000	91.400000	2.477018
511	47.043741	6.644486	0.000000	91.400000	2.475637
512	47.046703	6.619629	0.000000	91.400000	2.381516
513	47.050560	6.674511	0.000000	91.400000	2.399833
514	47.043473	6.682802	0.000000	91.400000	2.577803
515	47.044399	6.671987	0.000000	91.400000	2.397513
516	47.048944	6.739102	0.000000	91.400000	2.568994
517	47.047651	6.781629	0.000000	91.400000	2.386383
518	47.061408	6.787217	0.000000	91.400000	2.443364
519	47.068569	6.758246	0.000000	91.400000	2.499218
520	47.065574	6.715041	0.000000	91.400000	2.492510
521	47.054532	6.743177	0.000000	91.400000	2.435448
522	47.054186	6.717117	0.000000	91.400000	2.415023
523	47.049406	6.666365	0.000000	91.400000	2.400987
524	47.055650	6.662056	0.000000	91.400000	2.306604
525	47.051352	6.657397	0.000000	91.400000	2.330694
526	47.214746	6.673937	0.000000	91.400000	2.311081
527	47.249585	6.692668	0.000000	91.400000	2.311206
528	47.267681	6.699295	0.000000	91.400000	2.493579
529	47.279716	6.730653	0.000000	91.400000	2.311000
530	47.288620	6.771513	0.000000	91.400000	2.309953
531	47.289860	6.765024	0.000000	91.400000	2.403831
532	47.287709	6.782341	0.000000	91.400000	2.481264
533	47.288048	6.796101	0.000000	91.400000	2.486219
534	47.296268	6.829071	0.000000	91.400000	2.479040
535	47.298265	6.818858	0.000000	91.400000	2.384703
536	47.297773	6.835455	0.000000	91.400000	2.477809
537	47.299007	6.858310	0.000000	91.400000	2.493855
538	47.302979	6.862463	0.000000	91.400000	2.472722
539	47.298110	6.959496	0.000000	91.400000	2.461302
540	47.303852	7.004737	0.000000	91.400000	2.493262
541	47.303656	7.014532	0.000000	91.400000	2.413932
542	47.301096	7.022428	0.000000	91.400000	2.399809
543	47.304964	7.037417	0.000000	91.400000	2.489619
544	47.308829	7.013124	0.000000	91.400000	2.478341
545	47.314689	6.988841	0.000000	91.400000	2.386423
546	47.313064	7.028854	0.000000	91.400000	2.373390
547	47.305173	7.065376	0.000000	91.400000	2.406806
548	47.309929	7.031349	0.000000	91.400000	2.303293
549	47.304824	7.065690	0.000000	91.400000	2.504484
550	47.312689	7.037181	0.000000	91.400000	2.474586
551	47.306359	7.053867	0.000000	91.400000	2.412376
552	47.306952	7.059193	0.000000	91.400000	2.477870
553	47.308457	7.057116	0.000000	91.400000	2.560859
554	47.309911	7.057013	0.000000	91.400000	2.314775
555	47.313029	7.126811	0.000000	91.400000	2.500105
556	47.311887	7.146128	0.000000	91.400000	2.314950
557	47.317353	7.148631	0.000000	91.400000	2.414026
558	47.313994	7.126761	0.000000	91.400000	2.409692
559	47.308922	7.144184	0.000000	91.400000	2.496057
560	47.310689	7.169669	0.000000	91.400000	2.407625
561	47.307825	7.197624	0.000000	91.400000	2.323947
562	47.312850	7.223369	0.000000	91.400000	2.312225
563	47.312051	7.222863	0.000000	91.400000	2.287130
564	47.305954	7.199776	0.000000	91.400000	2.390773
565	47.307307	7.234147	0.000000	91.400000	2.411513
566	47.303939	7.239145	0.000000	91.400000	2.407160
567	47.299975	7.213581	0.000000	91.400000	2.290048
568	47.302568	7.253960	0.000000	91.400000	2.379377
569	47.305751	7.276727	0.000000	91.400000	2.551980
570	47.305125	7.297346	0.000000	91.400000	2.383829
571	47.304899	7.318937	0.000000	91.400000	2.560723
572	47.307184	7.345261	0.000000	91.400000	2.388446
573	47.311664	7.354550	0.000000	91.400000	2.488360
574	47.309399	7.355463	0.000000	91.400000	2.392064
575	47.319716	7.358510	0.000000	91.400000	2.315330
576	47.314966	7.373180	0.000000	91.400000	2.309062
577	47.315568	7.332185	0.000000	91.400000	2.489938
578	47.322485	7.396868	0.000000	91.400000	2.323894
579	47.317702	7.405913	0.000000	91.400000	2.316019
580	47.320560	7.414225	0.000000	91.400000	2.306544
581	47.327131	7.426779	0.000000	91.400000	2.295518
582	47.326183	7.434152	0.000000	91.400000	2.301360
583	47.325408	7.450061	0.000000	91.400000	2.509396
584	47.321576	7.442588	0.000000	91.400000	2.403403
585	47.326419	7.459236	0.000000	91.400000	2.490728
586	47.325704	7.495282	0.000000	91.400000	2.473927
587	47.334510	7.488758	0.000000	91.400000	2.384662
588	47.330695	7.499677	0.000000	91.400000	2.482213
589	47.331384	7.500530	0.000000	91.400000	2.418129
590	47.332591	7.577883	0.000000	91.400000	2.485802
591	47.332823	7.576128	0.000000	91.400000	2.392607
592	47.335398	7.558929	0.000000	91.400000	2.419740
593	47.337770	7.559695	0.000000	91.400000	2.294201
594	47.339258	7.595881	0.000000	91.400000	2.315663
595	47.334445	7.569705	0.000000	91.400000	2.318331
596	47.333190	7.606156	0.000000	91.400000	2.494796
597	47.336531	7.596867	0.000000	91.400000	2.294909
598	47.336543	7.625937	0.000000	91.400000	2.396923
599	47.333026	7.632929	0.000000	91.400000	2.294895
600	47.338381	7.634725	0.000000	91.400000	2.381297
601	47.335839	7.590106	0.000000	91.400000	2.394993
602	47.340703	7.640726	0.000000	91.400000	2.295151
603	47.339565	7.605576	0.000000	91.400000	2.302237
604	47.339609	7.658505	0.000000	91.400000	2.492104
605	47.332788	7.675105	0.000000	91.400000	2.474583
606	47.332314	7.657247	0.000000	91.400000	2.387707
607	47.334415	7.650967	0.000000	91.400000	2.568348
608	47.336611	7.656839	0.000000	91.400000	2.401622
609	47.330391	7.696821	0.000000	91.400000	2.480289
610	47.330123	7.679027	0.000000	91.400000	2.470052
611	47.330987	7.670615	0.000000	91.400000	2.467291
612	47.328973	7.673374	0.000000	91.400000	2.402483
613	47.333410	7.687961	0.000000	91.400000	2.443790
614	47.332877	7.666168	0.000000	91.400000	2.317946
615	47.331637	7.707752	0.000000	91.400000	2.304767
616	47.331852	7.731701	0.000000	91.400000	2.579002
617	47.339639	7.713366	0.000000	91.400000	2.303345
618	47.339445	7.721154	0.000000	91.400000	2.312367
619	47.340089	7.725537	0.000000	91.400000	2.303122
620	47.342256	7.774291	0.000000	91.400000	2.325404
621	47.339189	7.733492	0.000000	91.400000	2.299696
622	47.339642	7.764777	0.000000	91.400000	2.389975
623	47.334146	7.754144	0.000000	91.400000	2.395760
624	47.341755	7.758451	0.000000	91.400000	2.396096
625	47.338134	7.770798	0.000000	91.400000	2.475514
626	47.340119	7.781012	0.000000	91.400000	2.288841
627	47.341990	7.790536	0.000000	91.400000	2.485937
628	47.344828	7.799639	0.000000	91.400000	2.479614
629	47.339201	7.785286	0.000000	91.400000	2.308241
630	47.344261	7.758406	0.000000	91.400000	2.486468
631	47.346431	7.794058	0.000000	91.400000	2.489533
632	47.352457	7.790239	0.000000	91.400000	2.485462
633	47.346711	7.803822	0.000000	91.400000	2.414786
634	47.350767	7.784298	0.000000	91.400000	2.548910
635	47.351262	7.764245	0.000000	91.400000	2.476223
636	47.343758	7.752687	0.000000	91.400000	2.304278
637	47.348887	7.763058	0.000000	91.400000	2.304312
638	47.340465	7.784226	0.000000	91.400000	2.377425
639	47.346705	7.808505	0.000000	91.400000	2.399553
640	47.352716	7.828515	0.000000	91.400000	2.308869
641	47.348017	7.812662	0.000000	91.400000	2.398320
642	47.351784	7.810494	0.000000	91.400000	2.415027
643	47.349268	7.850776	0.000000	91.400000	2.396951
644	47.356212	7.843895	0.000000	91.400000	2.294862
645	47.350389	7.847386	0.000000	91.400000	2.299533
646	47.346807	7.803898	0.000000	91.400000	2.454555
647	47.346184	7.806616	0.000000	91.400000	2.412529
648	47.350529	7.804841	0.000000	91.400000	2.571994
649	47.351092	7.764926	0.000000	91.400000	2.394963
650	47.348279	7.818064	0.000000	91.400000	2.319534
651	47.348785	7.843243	0.000000	91.400000	2.413136
652	47.353500	7.794562	0.000000	91.400000	2.289257
653	47.352573	7.841571	0.000000	91.400000	2.312682
654	47.356063	7.830392	0.000000	91.400000	2.412989
655	47.357547	7.829744	0.000000	91.400000	2.307980
656	47.360438	7.827810	0.000000	91.400000	2.306613
657	47.358748	7.877240	0.000000	91.400000	2.301781
658	47.361946	7.829508	0.000000	91.400000	2.483447
659	47.358945	7.845387	0.000000	91.400000	2.507163
660	47.356367	7.840099	0.000000	91.400000	2.395086
661	47.358868	7.813571	0.000000	91.400000	2.463962
662	47.355711	7.825084	0.000000	91.400000	2.482621
663	47.361600	7.859779	0.000000	91.400000	2.405335
664	47.360528	7.850831	0.000000	91.400000	2.493180
665	47.365755	7.860029	0.000000	91.400000	2.492791
666	47.364089	7.845146	0.000000	91.400000	2.402852
667	47.358149	7.881150	0.000000	91.400000	2.465954
668	47.358510	7.875788	0.000000	91.400000	2.457463
669	47.358221	7.912534	0.000000	91.400000	2.505733
670	47.359058	7.904030	0.000000	91.400000	2.416075
671	47.360966	7.881883	0.000000	91.400000	2.488412
672	47.359926	7.873489	0.000000	91.400000	2.405996
673	47.361141	7.880253	0.000000	91.400000	2.467473
674	47.356310	7.884394	0.000000	91.400000	2.468674
675	47.359583	7.869227	0.000000	91.400000	2.491704
676	47.362602	7.923634	0.000000	91.400000	2.404061
677	47.359222	7.897336	0.000000	91.400000	2.495364
678	47.362608	7.888582	0.000000	91.400000	2.414510
679	47.362226	7.883158	0.000000	91.400000	2.391718
680	47.363064	7.921960	0.000000	91.400000	2.407175
681	47.363791	7.933748	0.000000	91.400000	2.375834
682	47.356927	7.938482	0.000000	91.400000	2.307245
683	47.361052	7.954686	0.000000	91.400000	2.384174
684	47.360215	7.954765	0.000000	91.400000	2.493017
685	47.362894	7.966800	0.000000	91.400000	2.498806
686	47.354874	7.945682	0.000000	91.400000	2.323135
687	47.354299	7.948985	0.000000	91.400000	2.310027
688	47.353381	7.963119	0.000000	91.400000	2.381756
689	47.350723	7.974045	0.000000	91.400000	2.412742
690	47.354555	7.961400	0.000000	91.400000	2.303442
691	47.357002	7.948670	0.000000	91.400000	2.310445
692	47.360903	7.936898	0.000000	91.400000	2.409968
693	47.355038	7.931879	0.000000	91.400000	2.306804
694	47.356635	7.957208	0.000000	91.400000	2.365340
695	47.361761	7.965667	0.000000	91.400000	2.417215
696	47.359052	7.949713	0.000000	91.400000	2.483688
697	47.358066	7.939001	0.000000	91.400000	2.475497
698	47.357631	7.967194	0.000000	91.400000	2.450561
699	47.350144	7.942730	0.000000	91.400000	2.326985
700	47.355962	7.930990	0.000000	91.400000	2.594299
701	47.360981	7.935267	0.000000	91.400000	2.391348
702	47.357422	7.959615	0.000000	91.400000	2.561192
703	47.352529	7.974820	0.000000	91.400000	2.386426
704	47.362345	7.979672	0.000000	91.400000	2.484010
705	47.361928	7.994312	0.000000	91.400000	2.389084
706	47.357631	8.010647	0.000000	91.400000	2.384741
707	47.362405	8.009753	0.000000	91.400000	2.408780
708	47.364080	7.995880	0.000000	91.400000	2.285891
709	47.358096	8.004456	0.000000	91.400000	2.299544
710	47.355467	7.992268	0.000000	91.400000	2.309346
711	47.361094	7.943166	0.000000	91.400000	2.317999
712	47.353557	8.007281	0.000000	91.400000	2.298533
713	47.360551	7.983721	0.000000	91.400000	2.389704
714	47.354800	8.022291	0.000000	91.400000	2.489093
715	47.357896	7.975771	0.000000	91.400000	2.482009
716	47.357962	7.976365	0.000000	91.400000	2.287254
717	47.403657	7.971697	0.000000	91.400000	2.201442
718	47.407165	7.960467	0.000000	91.400000	2.143331
719	47.408187	7.959253	0.000000	91.400000	2.099527
720	47.408262	7.957125	0.000000	91.400000	2.224557
721	47.408694	7.954207	0.000000	91.400000	2.193391
722	47.408935	7.955053	0.000000	91.400000	2.101815
723	47.408867	7.955395	0.000000	91.400000	2.193373
724	47.409043	7.955749	0.000000	91.400000	2.094257
725	47.409019	7.955784	0.000000	91.400000	2.085652
726	47.408980	7.956062	0.000000	91.400000	2.099952
727	47.409099	7.956487	0.000000	91.400000	2.106888
728	47.409099	7.955954	0.000000	91.400000	2.115412
729	47.409040	7.956330	0.000000	91.400000	2.123595
730	47.409040	7.956330	0.000000	91.400000	2.100714
731	47.409040	7.956330	0.000000	91.400000	2.175751
732	47.409040	7.956330	0.000000	91.400000	2.198573
733	47.409040	7.956330	0.000000	91.400000	2.319907
734	47.409040	7.956330	0.000000	91.400000	2.173609
735	47.409040	7.956330	0.000000	91.400000	2.101015
736	47.409040	7.956330	0.000000	91.400000	2.105049
737	47.409040	7.956330	0.000000	91.400000	2.108386
738	47.409040	7.956330	0.000000	91.400000	2.188445
739	47.409040	7.956330	0.000000	91.400000	2.080857
740	47.409040	7.956330	0.000000	91.400000	2.104470
741	47.409040	7.956330	0.000000	91.400000	2.202958
742	47.409040	7.956330	0.000000	91.400000	2.090034
743	47.409040	7.956330	0.000000	91.400000	2.089922
744	47.409040	7.956330	0.000000	91.400000	2.328202
745	47.409040	7.956330	0.000000	91.400000	2.069730
746	47.409040	7.956330	0.000000	91.400000	2.189923
747	47.409040	7.956330	0.000000	91.400000	2.205425
748	47.409040	7.956330	0.000000	91.400000	2.177922
749	47.409040	7.956330	0.000000	91.400000	2.297617
750	47.409040	7.956330	0.000000	91.400000	2.180516
751	47.409040	7.956330	0.000000	91.400000	2.106189
752	47.409040	7.956330	0.000000	91.400000	2.093735
753	47.409040	7.956330	0.000000	91.400000	2.111395
754	47.409040	7.956330	0.000000	91.400000	2.083026
755	47.409040	7.956330	0.000000	91.400000	2.202661
756	47.409040	7.956330	0.000000	91.400000	2.257889
757	47.409040	7.956330	0.000000	91.400000	2.220710
758	47.409040	7.956330	0.000000	91.400000	2.069129
759	47.409040	7.956330	0.000000	91.400000	2.094096
760	47.409040	7.956330	0.000000	91.400000	2.105535
761	47.409040	7.956330	0.000000	91.400000	2.117396
762	47.409040	7.956330	0.000000	91.400000	2.191645
763	47.409040	7.956330	0.000000	91.400000	2.197277
764	47.409040	7.956330	0.000000	91.400000	2.182870
765	47.409040	7.956330	0.000000	91.400000	2.103139
766	47.409040	7.956330	0.000000	91.400000	2.105827
767	47.409040	7.956330	0.000000	91.400000	2.214848
768	47.409040	7.956330	0.000000	91.400000	2.089282
769	47.409040	7.956330	0.000000	91.400000	2.112776
770	47.409040	7.956330	0.000000	91.400000	2.104798
771	47.409040	7.956330	0.000000	91.400000	2.209280
772	47.409040	7.956330	0.000000	91.400000	2.079715
773	47.409040	7.956330	0.000000	91.400000	2.197482
774	47.409040	7.956330	0.000000	91.400000	2.100827
