1	30.387831	5.961869	0.000000	91.400000	2.302044
2	36.724085	8.997112	0.000000	91.400000	2.325377
3	40.199110	10.142747	0.000000	91.400000	2.305580
4	42.193395	10.678835	0.000000	91.400000	2.304774
5	43.404710	10.958162	0.000000	91.400000	2.407141
6	44.175833	11.029607	0.000000	91.400000	2.399994
7	44.676411	10.960970	0.000000	91.400000	2.487056
8	45.052201	11.033735	0.000000	91.400000	2.408788
9	45.331341	11.010767	0.000000	91.400000	2.411805
10	45.585850	10.980157	0.000000	91.400000	2.485767
11	45.772034	11.093972	0.000000	91.400000	2.405652
12	45.933878	11.158786	0.000000	91.400000	2.408447
13	46.071985	11.133054	0.000000	91.400000	2.406154
14	46.187884	11.118883	0.000000	91.400000	2.460675
15	46.270323	11.059292	0.000000	91.400000	2.491746
16	46.345830	11.148236	0.072939	91.400000	2.383980
17	46.422094	11.177540	0.000000	91.400000	2.490083
18	46.479610	11.202353	0.000000	91.400000	2.396554
19	46.534324	11.126826	0.000000	91.400000	2.488692
20	46.599281	11.184977	0.000000	91.400000	2.475087
21	46.645910	11.233245	0.072939	91.400000	2.403800
22	46.678156	11.225265	0.145879	91.400000	2.409164
23	46.727544	11.348888	0.072939	91.400000	2.503736
24	46.756575	11.344540	0.072939	91.400000	2.395476
25	46.764609	11.297306	0.072939	91.400000	2.403738
26	46.790260	11.267280	0.072939	91.400000	2.394757
27	46.816450	11.307008	0.072939	91.400000	2.400464
28	46.834403	11.347848	0.145879	91.400000	2.312714
29	46.858943	11.275938	0.145879	91.400000	2.328182
30	46.860567	11.379201	0.072939	91.400000	2.411774
31	46.865046	11.311391	0.072939	91.400000	2.299938
32	46.887302	11.334371	0.072939	91.400000	2.409417
33	46.894640	11.356352	0.072939	91.400000	2.314140
34	46.896428	11.424651	0.072939	91.400000	2.299043
35	46.917769	11.429375	0.072939	91.400000	2.411660
36	46.947783	11.350361	0.072939	91.400000	2.395990
37	46.942580	11.358531	0.145879	91.400000	2.300917
38	46.951765	11.401880	0.072939	91.400000	2.301515
39	46.968716	11.329190	0.218818	91.400000	2.503390
40	46.980679	11.307282	0.145879	91.400000	2.398833
41	46.985224	11.283631	0.145879	91.400000	2.397801
42	46.982861	11.279904	0.145879	91.400000	2.571931
43	46.986040	11.245305	0.145879	91.400000	2.396868
44	46.998057	11.313978	0.145879	91.400000	2.504739
45	47.005308	11.327605	0.000000	91.400000	2.405391
46	47.003657	11.365108	0.072939	91.400000	2.404216
47	47.011539	11.391707	0.000000	91.400000	2.605029
48	47.016740	11.401779	0.000000	91.400000	2.477094
49	47.032124	11.363583	0.072939	91.400000	2.402584
50	47.035170	11.244462	0.072939	91.400000	2.495366
51	47.031319	11.341624	0.000000	91.400000	2.413255
52	47.037378	11.473343	0.072939	91.400000	2.500633
53	47.026563	11.327969	0.000000	91.400000	2.493234
54	47.034165	11.473867	0.072939	91.400000	2.413593
55	47.034538	11.370204	0.000000	91.400000	2.496109
56	47.044241	11.362505	0.072939	91.400000	2.404796
57	47.061312	11.330622	0.072939	91.400000	2.422422
58	47.060451	11.336116	0.072939	91.400000	2.320949
59	47.071791	11.347975	0.072939	91.400000	2.330756
60	47.072619	11.305872	0.000000	91.400000	2.588389
61	47.094068	11.318223	0.072939	91.400000	2.299839
62	47.099948	11.333050	0.072939	91.400000	2.314099
63	47.111183	11.382431	0.145879	91.400000	2.328666
64	47.094202	11.404696	0.145879	91.400000	2.392579
65	47.094083	11.442785	0.145879	91.400000	2.332911
66	47.104421	11.449503	0.145879	91.400000	2.293730
67	47.120252	11.466888	0.145879	91.400000	2.391469
68	47.131300	11.374690	0.145879	91.400000	2.505041
69	47.119585	11.391449	0.145879	91.400000	2.411658
70	47.124743	11.393743	0.145879	91.400000	2.410704
71	47.114065	11.326388	0.218818	91.400000	2.486983
72	47.131389	11.411105	0.145879	91.400000	2.507945
73	47.143003	11.371889	0.145879	91.400000	2.414195
74	47.139135	11.399857	0.145879	91.400000	2.499782
75	47.144544	11.468236	0.072939	91.400000	2.408173
76	47.134382	11.383125	0.072939	91.400000	2.514471
77	47.143316	11.424401	0.072939	91.400000	2.397036
78	47.137922	11.470676	0.072939	91.400000	2.501790
79	47.130382	11.400585	0.072939	91.400000	2.399332
80	47.150615	11.299122	0.072939	91.400000	2.511161
81	47.147036	11.347005	0.145879	91.400000	2.415408
82	47.145298	11.383101	0.072939	91.400000	2.503253
83	47.162098	11.399595	0.072939	91.400000	2.503525
84	47.165304	11.412671	0.145879	91.400000	2.405834
85	47.146094	11.512076	0.072939	91.400000	2.502447
86	47.166765	11.440825	0.072939	91.400000	2.413132
87	47.165108	11.432676	0.145879	91.400000	2.515366
88	47.137728	11.399195	0.145879	91.400000	2.387411
89	47.155330	11.330312	0.145879	91.400000	2.508242
90	47.183847	11.346322	0.072939	91.400000	2.507759
91	47.167900	11.391917	0.072939	91.400000	2.412534
92	47.185752	11.398483	0.000000	91.400000	2.500586
93	47.175634	11.467066	0.000000	91.400000	2.416209
94	47.185126	11.419356	0.072939	91.400000	2.496759
95	47.165784	11.361215	0.072939	91.400000	2.419678
96	47.163081	11.342820	0.145879	91.400000	2.491001
97	47.171730	11.381733	0.072939	91.400000	2.497350
98	47.158682	11.443077	0.072939	91.400000	2.505759
99	47.163534	11.429219	0.072939	91.400000	2.412286
100	47.168964	11.402186	0.072939	91.400000	2.408351
101	47.187340	11.416906	0.145879	91.400000	2.509358
102	47.176075	11.404933	0.072939	91.400000	2.430688
103	47.191614	11.404246	0.072939	91.400000	2.503280
104	47.192264	11.460788	0.072939	91.400000	2.492577
105	47.208849	11.395457	0.218818	91.400000	2.409017
106	47.191131	11.427725	0.072939	91.400000	2.503684
107	47.187418	11.493731	0.145879	91.400000	2.404464
108	47.208989	11.458269	0.000000	91.400000	2.508289
109	47.201598	11.438984	0.072939	91.400000	2.412954
110	47.208327	11.395090	0.000000	91.400000	2.511510
111	47.211546	11.478568	0.000000	91.400000	2.491571
112	47.194999	11.407079	0.000000	91.400000	2.402472
113	47.191572	11.496031	0.218818	91.400000	2.506624
114	47.188532	11.483963	0.072939	91.400000	2.492655
115	47.194177	11.503891	0.145879	91.400000	2.415609
116	47.207671	11.490067	0.072939	91.400000	2.512637
117	47.213283	11.408804	0.145879	91.400000	2.404840
118	47.201663	11.483440	0.145879	91.400000	2.496643
119	47.201329	11.485634	0.145879	91.400000	2.413197
120	47.217649	11.531575	0.145879	91.400000	2.418565
121	47.214085	11.627624	0.145879	91.400000	2.384851
122	47.206238	11.508217	0.145879	91.400000	2.384792
123	47.201666	11.514977	0.218818	91.400000	2.346593
124	47.198480	11.429175	0.145879	91.400000	2.312925
125	47.223377	11.497429	0.072939	91.400000	2.508141
126	47.213656	11.537982	0.145879	91.400000	2.335749
127	47.218573	11.443198	0.072939	91.400000	2.305981
128	47.209594	11.542664	0.072939	91.400000	2.328635
129	47.196689	11.514905	0.145879	91.400000	2.389016
130	47.199866	11.590469	0.145879	91.400000	2.437739
131	47.201544	11.481201	0.145879	91.400000	2.413764
132	47.198433	11.506477	0.145879	91.400000	2.305964
133	47.213835	11.405167	0.000000	91.400000	2.513837
134	47.223389	11.495459	0.072939	91.400000	2.489624
135	47.216523	11.536462	0.072939	91.400000	2.499705
136	47.225928	11.572413	0.072939	91.400000	2.404892
137	47.212610	11.556557	0.145879	91.400000	2.562550
138	47.207582	11.544696	0.072939	91.400000	2.503326
139	47.215205	11.593971	0.072939	91.400000	2.483943
140	47.215971	11.565039	0.145879	91.400000	2.416051
141	47.219828	11.508325	0.072939	91.400000	2.485159
142	47.218090	11.510785	0.145879	91.400000	2.506645
143	47.212178	11.514985	0.145879	91.400000	2.414805
144	47.225159	11.571717	0.145879	91.400000	2.463303
145	47.220162	11.565152	0.145879	91.400000	2.434110
146	47.229671	11.488096	0.072939	91.400000	2.415294
147	47.212297	11.585529	0.145879	91.400000	2.417499
148	47.215360	11.490501	0.145879	91.400000	2.302125
149	47.218430	11.503915	0.145879	91.400000	2.318782
150	47.219348	11.536940	0.145879	91.400000	2.407488
151	47.214708	11.509543	0.145879	91.400000	2.347280
152	47.212851	11.554817	0.145879	91.400000	2.309225
153	47.220650	11.611694	0.145879	91.400000	2.404205
154	47.227025	11.609775	0.145879	91.400000	2.410534
155	47.225219	11.596382	0.145879	91.400000	2.422069
156	47.220322	11.572131	0.145879	91.400000	2.482968
157	47.219962	11.422777	0.145879	91.400000	2.479107
158	47.222495	11.492844	0.072939	91.400000	2.492968
159	47.220910	11.506205	0.072939	91.400000	2.407266
160	47.228581	11.555418	0.072939	91.400000	2.522884
161	47.196412	11.502952	0.072939	91.400000	2.501005
162	47.215700	11.556539	0.072939	91.400000	2.496714
163	47.214681	11.477676	0.072939	91.400000	2.412305
164	47.216755	11.499298	0.072939	91.400000	2.532272
165	47.214174	11.484428	0.072939	91.400000	2.399996
166	47.199720	11.462567	0.072939	91.400000	2.495932
167	47.201616	11.331752	0.072939	91.400000	2.492557
168	47.218156	11.443000	0.145879	91.400000	2.502877
169	47.217557	11.475861	0.145879	91.400000	2.494538
170	47.213548	11.516616	0.145879	91.400000	2.410352
171	47.223324	11.469484	0.145879	91.400000	2.528298
172	47.244614	11.433687	0.145879	91.400000	2.393117
173	47.236612	11.374074	0.145879	91.400000	2.495543
174	47.209200	11.434026	0.145879	91.400000	2.491949
175	47.209758	11.453630	0.145879	91.400000	2.417100
176	47.197136	11.441789	0.145879	91.400000	2.502741
177	47.213697	11.502439	0.145879	91.400000	2.495145
178	47.223759	11.476759	0.145879	91.400000	2.504056
179	47.223938	11.484219	0.145879	91.400000	2.493696
180	47.230220	11.559891	0.145879	91.400000	2.507392
181	47.207487	11.495519	0.145879	91.400000	2.417751
182	47.210360	11.420684	0.145879	91.400000	2.497144
183	47.228953	11.478841	0.145879	91.400000	2.408544
184	47.231168	11.418474	0.145879	91.400000	2.426998
185	47.231406	11.420032	0.072939	91.400000	2.578572
186	47.219270	11.554850	0.000000	91.400000	2.417647
187	47.215000	11.584414	0.145879	91.400000	2.412112
188	47.215015	11.655653	0.145879	91.400000	2.403805
189	47.224319	11.599011	0.145879	91.400000	2.326389
190	47.220126	11.638941	0.145879	91.400000	2.540707
191	47.218597	11.698286	0.145879	91.400000	2.363287
192	47.221670	11.569019	0.072939	91.400000	2.344476
193	47.222883	11.593234	0.072939	91.400000	2.322698
194	47.225159	11.583719	0.072939	91.400000	2.299967
195	47.213125	11.518024	0.072939	91.400000	2.416915
196	47.208911	11.470222	0.145879	91.400000	2.408500
197	47.208372	11.502217	0.145879	91.400000	2.397560
198	47.210708	11.556645	0.145879	91.400000	2.385019
199	47.211856	11.458413	0.145879	91.400000	2.438278
200	47.192526	11.528162	0.145879	91.400000	2.473953
201	47.207397	11.457941	0.145879	91.400000	2.484334
202	47.199470	11.453677	0.145879	91.400000	2.522976
203	47.201836	11.450336	0.145879	91.400000	2.482700
204	47.187778	11.351010	0.145879	91.400000	2.485691
205	47.205162	11.452519	0.145879	91.400000	2.517463
206	47.202694	11.400335	0.145879	91.400000	2.487373
207	47.218373	11.485520	0.145879	91.400000	2.478542
208	47.211182	11.484566	0.145879	91.400000	2.506292
209	47.212821	11.426382	0.145879	91.400000	2.508600
210	47.211134	11.390987	0.145879	91.400000	2.459616
211	47.207528	11.396735	0.145879	91.400000	2.481602
212	47.224343	11.435420	0.145879	91.400000	2.490670
213	47.227150	11.425313	0.145879	91.400000	2.613118
214	47.232211	11.453808	0.145879	91.400000	2.412521
215	47.220910	11.416159	0.145879	91.400000	2.556876
216	47.226781	11.486211	0.145879	91.400000	2.482225
217	47.234344	11.511512	0.145879	91.400000	2.494504
218	47.243819	11.446127	0.145879	91.400000	2.512715
219	47.242832	11.484572	0.145879	91.400000	2.410118
220	47.252503	11.406672	0.145879	91.400000	2.466244
221	47.253445	11.485784	0.145879	91.400000	2.445916
222	47.237897	11.431818	0.072939	91.400000	2.416548
223	47.246003	11.348035	0.072939	91.400000	2.417057
224	47.244081	11.354496	0.072939	91.400000	2.302744
225	47.262859	11.384956	0.072939	91.400000	2.326532
226	47.272095	11.399348	0.145879	91.400000	2.349156
227	47.249401	11.402610	0.145879	91.400000	2.327957
228	47.256994	11.497653	0.145879	91.400000	2.319963
229	47.257411	11.478830	0.145879	91.400000	2.408146
230	47.252089	11.473520	0.145879	91.400000	2.480057
231	47.259063	11.498847	0.145879	91.400000	2.495018
232	47.275940	11.411979	0.072939	91.400000	2.487699
233	47.269166	11.479281	0.145879	91.400000	2.403301
234	47.280952	11.536541	0.072939	91.400000	2.494377
235	47.263351	11.397431	0.072939	91.400000	2.508571
236	47.253016	11.458963	0.072939	91.400000	2.395937
237	47.256985	11.455360	0.072939	91.400000	2.577956
238	47.266704	11.503779	0.072939	91.400000	2.421697
239	47.261670	11.500795	0.072939	91.400000	2.410832
240	47.265816	11.420557	0.000000	91.400000	2.497433
241	47.261181	11.481166	0.000000	91.400000	2.518275
242	47.270590	11.456942	0.000000	91.400000	2.498014
243	47.266856	11.416040	0.072939	91.400000	2.422535
244	47.250146	11.516601	0.145879	91.400000	2.526454
245	47.266880	11.575982	0.072939	91.400000	2.421117
246	47.267330	11.558530	0.145879	91.400000	2.499883
247	47.271863	11.588381	0.072939	91.400000	2.502037
248	47.254485	11.557253	0.072939	91.400000	2.438593
249	47.252333	11.469762	0.000000	91.400000	2.520817
250	47.250289	11.569371	0.000000	91.400000	2.527229
251	47.278243	11.490902	0.000000	91.400000	2.524082
252	47.265643	11.486402	0.145879	91.400000	2.391044
253	47.276837	11.487251	0.145879	91.400000	2.484010
254	47.268039	11.562274	0.145879	91.400000	2.482934
255	47.276583	11.552051	0.145879	91.400000	2.479430
256	47.266096	11.541664	0.145879	91.400000	2.485179
257	47.263426	11.438872	0.145879	91.400000	2.394402
258	47.273764	11.465539	0.145879	91.400000	2.483833
259	47.258377	11.388996	0.145879	91.400000	2.499473
260	47.269350	11.443703	0.145879	91.400000	2.408098
261	47.253969	11.493672	0.145879	91.400000	2.420283
262	47.268036	11.466373	0.145879	91.400000	2.394856
263	47.259861	11.422941	0.145879	91.400000	2.328655
264	47.262961	11.413364	0.072939	91.400000	2.415613
265	47.259322	11.459658	0.145879	91.400000	2.299257
266	47.279400	11.422372	0.145879	91.400000	2.410601
267	47.263968	11.406641	0.145879	91.400000	2.311544
268	47.262824	11.428908	0.072939	91.400000	2.399214
269	47.267097	11.476731	0.145879	91.400000	2.429540
270	47.272831	11.484334	0.145879	91.400000	2.340549
271	47.278711	11.501110	0.072939	91.400000	2.314102
272	47.275138	11.466191	0.218818	91.400000	2.571222
273	47.272867	11.491110	0.072939	91.400000	2.395783
274	47.268701	11.409516	0.072939	91.400000	2.495155
275	47.284687	11.361329	0.072939	91.400000	2.463386
276	47.281063	11.407104	0.072939	91.400000	2.520499
277	47.278309	11.360101	0.072939	91.400000	2.406745
278	47.266674	11.428942	0.072939	91.400000	2.490274
279	47.254205	11.411516	0.072939	91.400000	2.502601
280	47.263798	11.461252	0.072939	91.400000	2.512163
281	47.253498	11.516822	0.072939	91.400000	2.431457
282	47.276673	11.436514	0.218818	91.400000	2.440449
283	47.258896	11.436423	0.072939	91.400000	2.580225
284	47.271746	11.422624	0.000000	91.400000	2.406270
285	47.272938	11.396990	0.145879	91.400000	2.483593
286	47.272515	11.342208	0.145879	91.400000	2.472622
287	47.277874	11.313618	0.145879	91.400000	2.507256
288	47.285450	11.294287	0.000000	91.400000	2.432434
289	47.267985	11.378239	0.145879	91.400000	2.344685
290	47.281411	11.334454	0.072939	91.400000	2.314873
291	47.274357	11.384066	0.072939	91.400000	2.322022
292	47.285852	11.388099	0.145879	91.400000	2.352296
293	47.277582	11.458387	0.072939	91.400000	2.330832
294	47.278011	11.393931	0.145879	91.400000	2.334046
295	47.274607	11.463081	0.145879	91.400000	2.352924
296	47.273672	11.344423	0.000000	91.400000	2.530409
297	47.271436	11.442097	0.000000	91.400000	2.513525
298	47.285461	11.456222	0.000000	91.400000	2.520268
299	47.288486	11.378100	0.072939	91.400000	2.427277
300	47.281089	11.338085	0.072939	91.400000	2.496140
301	47.284412	11.468440	0.072939	91.400000	2.494217
302	47.274435	11.422999	0.145879	91.400000	2.484399
303	47.295356	11.454179	0.072939	91.400000	2.491841
304	47.288698	11.431968	0.072939	91.400000	2.483791
305	47.283834	11.405951	0.072939	91.400000	2.419705
306	47.280762	11.402186	0.072939	91.400000	2.436406
307	47.281098	11.358471	0.072939	91.400000	2.485718
308	47.275180	11.336832	0.072939	91.400000	2.408702
309	47.276485	11.262934	0.072939	91.400000	2.409100
310	47.294369	11.198947	0.072939	91.400000	2.386226
311	47.290653	11.278720	0.000000	91.400000	2.327290
312	47.301328	11.344856	0.072939	91.400000	2.565653
313	47.305506	11.361320	0.072939	91.400000	2.352334
314	47.306877	11.407607	0.072939	91.400000	2.341995
315	47.317582	11.354135	0.000000	91.400000	2.506313
316	47.311074	11.493973	0.072939	91.400000	2.489638
317	47.308999	11.502769	0.072939	91.400000	2.514075
318	47.307253	11.496398	0.145879	91.400000	2.401742
319	47.302324	11.492209	0.072939	91.400000	2.499554
320	47.311127	11.471017	0.072939	91.400000	2.602621
321	47.317037	11.422030	0.072939	91.400000	2.500701
322	47.312972	11.437222	0.072939	91.400000	2.387307
323	47.302893	11.387809	0.145879	91.400000	2.331736
324	47.299930	11.393667	0.145879	91.400000	2.426966
325	47.297993	11.361404	0.145879	91.400000	2.303157
326	47.308365	11.388761	0.145879	91.400000	2.431913
327	47.310072	11.429869	0.145879	91.400000	2.409450
328	47.314161	11.409300	0.072939	91.400000	2.318261
329	47.298586	11.435131	0.072939	91.400000	2.321895
330	47.294289	11.386452	0.145879	91.400000	2.488448
331	47.294998	11.388420	0.072939	91.400000	2.507132
332	47.287142	11.357803	0.072939	91.400000	2.408409
333	47.298783	11.380919	0.145879	91.400000	2.485088
334	47.299850	11.400954	0.072939	91.400000	2.517853
335	47.297037	11.450198	0.072939	91.400000	2.477791
336	47.305086	11.441406	0.145879	91.400000	2.414916
337	47.305161	11.373175	0.000000	91.400000	2.583149
338	47.317597	11.428605	0.145879	91.400000	2.419951
339	47.302571	11.405977	0.072939	91.400000	2.461790
340	47.310069	11.340374	0.072939	91.400000	2.611591
341	47.311622	11.310626	0.072939	91.400000	2.404052
342	47.306266	11.334233	0.145879	91.400000	2.485800
343	47.304344	11.283615	0.000000	91.400000	2.486113
344	47.297269	11.375832	0.145879	91.400000	2.419505
345	47.305489	11.398511	0.145879	91.400000	2.310383
346	47.289157	11.368194	0.145879	91.400000	2.321152
347	47.291833	11.396775	0.072939	91.400000	2.334634
348	47.303358	11.452570	0.145879	91.400000	2.320735
349	47.304136	11.425410	0.072939	91.400000	2.293296
350	47.304970	11.289015	0.072939	91.400000	2.422762
351	47.306538	11.269676	0.145879	91.400000	2.473913
352	47.305319	11.325829	0.145879	91.400000	2.489500
353	47.304824	11.345598	0.145879	91.400000	2.491524
354	47.311434	11.428733	0.145879	91.400000	2.508725
355	47.303659	11.400803	0.072939	91.400000	2.316922
356	47.303623	11.356367	0.145879	91.400000	2.418234
357	47.293627	11.304918	0.145879	91.400000	2.491479
358	47.311437	11.253869	0.072939	91.400000	2.410843
359	47.313637	11.280639	0.072939	91.400000	2.326632
360	47.310179	11.297855	0.000000	91.400000	2.559016
361	47.307026	11.233644	0.072939	91.400000	2.540094
362	47.313780	11.268631	0.072939	91.400000	2.316821
363	47.320303	11.248479	0.072939	91.400000	2.351936
364	47.287875	11.281903	0.145879	91.400000	2.304309
365	47.311416	11.251765	0.072939	91.400000	2.322103
366	47.312582	11.257232	0.072939	91.400000	2.319013
367	47.316894	11.332575	0.072939	91.400000	2.319398
368	47.301361	11.403779	0.072939	91.400000	2.314600
369	47.299266	11.399860	0.072939	91.400000	2.490952
370	47.286895	11.466121	0.072939	91.400000	2.416386
371	47.300321	11.321767	0.072939	91.400000	2.431316
372	47.294605	11.318469	0.145879	91.400000	2.302387
373	47.307053	11.290938	0.072939	91.400000	2.331788
374	47.302154	11.413178	0.072939	91.400000	2.326054
375	47.291404	11.354562	0.072939	91.400000	2.434237
376	47.294152	11.282479	0.072939	91.400000	2.321856
377	47.299111	11.290450	0.072939	91.400000	2.332171
378	47.307342	11.302038	0.000000	91.400000	2.402226
379	47.315738	11.337513	0.072939	91.400000	2.488023
380	47.320598	11.323670	0.072939	91.400000	2.516069
381	47.314578	11.314600	0.072939	91.400000	2.400454
382	47.301167	11.369012	0.072939	91.400000	2.499103
383	47.301430	11.353217	0.072939	91.400000	2.409387
384	47.319412	11.355948	0.072939	91.400000	2.499875
385	47.318268	11.401485	0.072939	91.400000	2.493846
386	47.303760	11.428049	0.072939	91.400000	2.523260
387	47.307265	11.406540	0.072939	91.400000	2.395498
388	47.315562	11.375688	0.145879	91.400000	2.579631
389	47.313598	11.319115	0.072939	91.400000	2.405761
390	47.297019	11.339239	0.072939	91.400000	2.490045
391	47.311217	11.315388	0.072939	91.400000	2.421529
392	47.306123	11.333398	0.072939	91.400000	2.413010
393	47.311634	11.400855	0.072939	91.400000	2.509459
394	47.302729	11.366917	0.072939	91.400000	2.403887
395	47.302175	11.398178	0.072939	91.400000	2.316009
396	47.320527	11.415064	0.072939	91.400000	2.505560
397	47.303498	11.475907	0.000000	91.400000	2.510345
398	47.306997	11.488027	0.000000	91.400000	2.508244
399	47.309312	11.437915	0.000000	91.400000	2.508574
400	47.319269	11.376886	0.072939	91.400000	2.321330
401	47.324371	11.392807	0.000000	91.400000	2.341605
402	47.319329	11.418634	0.000000	91.400000	2.333646
403	47.313565	11.349142	0.145879	91.400000	2.332786
404	47.306019	11.376938	0.145879	91.400000	2.324911
405	47.318166	11.347833	0.072939	91.400000	2.426079
406	47.309124	11.298456	0.000000	91.400000	2.387960
407	47.302678	11.280031	0.072939	91.400000	2.288680
408	47.305501	11.269060	0.072939	91.400000	2.462723
409	47.304565	11.306754	0.072939	91.400000	2.480968
410	47.297865	11.283522	0.072939	91.400000	2.454131
411	47.294480	11.305536	0.072939	91.400000	2.539304
412	47.316840	11.316206	0.072939	91.400000	2.607169
413	47.294742	11.202427	0.072939	91.400000	2.449073
414	47.295773	11.252910	0.145879	91.400000	2.532251
415	47.302824	11.285616	0.072939	91.400000	2.400836
416	47.301096	11.336982	0.072939	91.400000	2.466811
417	47.310063	11.373406	0.072939	91.400000	2.431185
418	47.295496	11.340535	0.072939	91.400000	2.418069
419	47.295186	11.392098	0.072939	91.400000	2.316648
420	47.301158	11.445368	0.072939	91.400000	2.324328
421	47.303051	11.505548	0.072939	91.400000	2.319235
422	47.306615	11.439093	0.072939	91.400000	2.494996
423	47.297704	11.441659	0.072939	91.400000	2.512078
424	47.298744	11.386304	0.072939	91.400000	2.322663
425	47.294140	11.457077	0.072939	91.400000	2.309361
426	47.295773	11.420062	0.000000	91.400000	2.394456
427	47.294474	11.454523	0.072939	91.400000	2.497473
428	47.312519	11.408776	0.072939	91.400000	2.504887
429	47.300619	11.412999	0.072939	91.400000	2.416467
430	47.304070	11.472888	0.072939	91.400000	2.559716
431	47.301531	11.528380	0.072939	91.400000	2.419472
432	47.318411	11.483026	0.072939	91.400000	2.501608
433	47.302610	11.485404	0.145879	91.400000	2.510761
434	47.309077	11.444777	0.072939	91.400000	2.510323
435	47.306085	11.466868	0.072939	91.400000	2.423723
436	47.316349	11.443708	0.072939	91.400000	2.508455
437	47.321469	11.485451	0.072939	91.400000	2.492541
438	47.322896	11.475612	0.072939	91.400000	2.513058
439	47.311509	11.515532	0.072939	91.400000	2.511839
440	47.316951	11.457181	0.072939	91.400000	2.402586
441	47.304037	11.470761	0.072939	91.400000	2.319808
442	47.305000	11.407693	0.145879	91.400000	2.313011
443	47.314978	11.483149	0.000000	91.400000	2.329269
444	47.302306	11.490186	0.072939	91.400000	2.305675
445	47.312289	11.415535	0.000000	91.400000	2.418884
446	47.319049	11.501697	0.072939	91.400000	2.330909
447	47.321659	11.481699	0.072939	91.400000	2.316783
448	47.303900	11.499546	0.000000	91.400000	2.326052
449	47.311276	11.524731	0.072939	91.400000	2.345391
450	47.293365	11.556180	0.000000	91.400000	2.321717
451	47.303283	11.550152	0.000000	91.400000	2.324815
452	47.311485	11.528440	0.000000	91.400000	2.443165
453	47.485092	11.560051	0.000000	91.400000	2.394682
454	47.547293	11.552951	0.000000	91.400000	2.316207
455	47.572982	11.488957	0.000000	91.400000	2.491839
456	47.581461	11.588864	0.000000	91.400000	2.399562
457	47.585160	11.574063	0.000000	91.400000	2.414964
458	47.589946	11.514362	0.000000	91.400000	2.339680
459	47.589326	11.518158	0.000000	91.400000	2.338492
460	47.591436	11.582519	0.000000	91.400000	2.410748
461	47.601432	11.569495	0.072939	91.400000	2.350155
462	47.610939	11.504627	0.072939	91.400000	2.499693
463	47.611189	11.428074	0.000000	91.400000	2.337853
464	47.612041	11.410253	0.000000	91.400000	2.436918
465	47.601438	11.380876	0.000000	91.400000	2.475591
466	47.601527	11.399060	0.072939	91.400000	2.297681
467	47.611007	11.422865	0.072939	91.400000	2.300781
468	47.614092	11.410818	0.000000	91.400000	2.318605
469	47.626072	11.397185	0.000000	91.400000	2.421790
470	47.634172	11.487274	0.072939	91.400000	2.431511
471	47.633389	11.525045	0.072939	91.400000	2.331351
472	47.631875	11.511400	0.145879	91.400000	2.318437
473	47.632256	11.460710	0.145879	91.400000	2.305732
474	47.630227	11.502511	0.145879	91.400000	2.326256
475	47.634280	11.507453	0.145879	91.400000	2.417922
476	47.632438	11.490187	0.145879	91.400000	2.496504
477	47.647786	11.444692	0.145879	91.400000	2.426989
478	47.638145	11.512497	0.145879	91.400000	2.405596
479	47.643751	11.474850	0.000000	91.400000	2.320741
480	47.653383	11.505635	0.145879	91.400000	2.422231
481	47.650576	11.501761	0.072939	91.400000	2.316472
482	47.636050	11.485676	0.072939	91.400000	2.355707
483	47.645655	11.500366	0.072939	91.400000	2.335206
484	47.653323	11.525254	0.072939	91.400000	2.438202
485	47.651559	11.444536	0.000000	91.400000	2.329142
486	47.649619	11.536479	0.072939	91.400000	2.453103
487	47.649616	11.463523	0.072939	91.400000	2.402881
488	47.647056	11.569653	0.072939	91.400000	2.442343
489	47.642469	11.588337	0.000000	91.400000	2.406542
490	47.637469	11.517358	0.072939	91.400000	2.351149
491	47.634298	11.530728	0.072939	91.400000	2.343308
492	47.643620	11.473468	0.072939	91.400000	2.428445
493	47.666559	11.475798	0.072939	91.400000	2.423774
494	47.652179	11.542288	0.072939	91.400000	2.342061
495	47.655740	11.452153	0.072939	91.400000	2.324228
496	47.652808	11.393059	0.000000	91.400000	2.327301
497	47.650439	11.345276	0.072939	91.400000	2.350574
498	47.651333	11.366013	0.072939	91.400000	2.347037
499	47.642836	11.414342	0.000000	91.400000	2.369568
500	47.643462	11.462097	0.072939	91.400000	2.338241
501	47.639865	11.439270	0.072939	91.400000	2.337460
502	47.632319	11.476853	0.072939	91.400000	2.338701
503	47.644985	11.565828	0.072939	91.400000	2.343998
504	47.630417	11.513606	0.072939	91.400000	2.347485
505	47.641790	11.466993	0.072939	91.400000	2.345816
506	47.639194	11.423264	0.072939	91.400000	2.328017
507	47.643405	11.475014	0.072939	91.400000	2.349435
508	47.653928	11.489097	0.072939	91.400000	2.336641
509	47.646511	11.483404	0.072939	91.400000	2.313314
510	47.631401	11.502242	0.072939	91.400000	2.315147
511	47.641417	11.504108	0.072939	91.400000	2.333930
512	47.660834	11.569819	0.000000	91.400000	2.307359
513	47.658762	11.533799	0.000000	91.400000	2.295600
514	47.644913	11.513389	0.000000	91.400000	2.306450
515	47.656554	11.506419	0.000000	91.400000	2.304638
516	47.656173	11.463537	0.000000	91.400000	2.320980
517	47.654888	11.406950	0.000000	91.400000	2.289190
518	47.665426	11.419950	0.000000	91.400000	2.317381
519	47.666404	11.359343	0.000000	91.400000	2.334554
520	47.654897	11.367902	0.072939	91.400000	2.329504
521	47.659844	11.364240	0.072939	91.400000	2.327188
522	47.661656	11.432253	0.072939	91.400000	2.326573
523	47.656974	11.410677	0.072939	91.400000	2.332143
524	47.665930	11.404340	0.000000	91.400000	2.316439
525	47.670376	11.447145	0.000000	91.400000	2.434558
526	47.652891	11.435378	0.000000	91.400000	2.496330
527	47.662181	11.506989	0.000000	91.400000	2.321020
528	47.672683	11.521236	0.000000	91.400000	2.326037
529	47.680002	11.496300	0.072939	91.400000	2.345141
530	47.671744	11.494395	0.072939	91.400000	2.301242
531	47.665495	11.465600	0.072939	91.400000	2.515678
532	47.669750	11.451024	0.145879	91.400000	2.443676
533	47.670788	11.540579	0.145879	91.400000	2.353443
534	47.665676	11.502591	0.145879	91.400000	2.357592
535	47.662246	11.521853	0.072939	91.400000	2.413842
536	47.657248	11.582502	0.000000	91.400000	2.350507
537	47.660333	11.521719	0.072939	91.400000	2.516002
538	47.656241	11.482613	0.072939	91.400000	2.549424
539	47.661611	11.464607	0.000000	91.400000	2.581645
540	47.660875	11.535189	0.072939	91.400000	2.513352
541	47.674143	11.556949	0.145879	91.400000	2.372681
542	47.673386	11.475920	0.145879	91.400000	2.559207
543	47.669983	11.459968	0.072939	91.400000	2.317784
544	47.664171	11.482843	0.072939	91.400000	2.424249
545	47.664133	11.510747	0.145879	91.400000	2.494151
546	47.660577	11.477145	0.000000	91.400000	2.484851
547	47.665638	11.508286	0.072939	91.400000	2.362137
548	47.669882	11.534527	0.072939	91.400000	2.502990
549	47.665745	11.474366	0.000000	91.400000	2.523978
550	47.656763	11.508113	0.000000	91.400000	2.312824
551	47.678423	11.544378	0.000000	91.400000	2.420387
552	47.675744	11.609781	0.072939	91.400000	2.428041
553	47.683346	11.531603	0.072939	91.400000	2.335585
554	47.678596	11.538260	0.072939	91.400000	2.411846
555	47.680721	11.492301	0.072939	91.400000	2.337561
556	47.672105	11.428401	0.000000	91.400000	2.316633
557	47.693178	11.518943	0.072939	91.400000	2.316173
558	47.693163	11.614867	0.000000	91.400000	2.315700
559	47.698379	11.617662	0.000000	91.400000	2.326688
560	47.687340	11.603774	0.072939	91.400000	2.299402
561	47.678939	11.528866	0.072939	91.400000	2.319222
562	47.690359	11.471137	0.072939	91.400000	2.307593
563	47.682238	11.557640	0.072939	91.400000	2.305398
564	47.681171	11.528897	0.072939	91.400000	2.307724
565	47.674912	11.491444	0.000000	91.400000	2.313393
566	47.681749	11.491289	0.072939	91.400000	2.326567
567	47.698683	11.407224	0.072939	91.400000	2.322607
568	47.683972	11.473832	0.000000	91.400000	2.321745
569	47.693771	11.510498	0.072939	91.400000	2.326446
570	47.694898	11.439477	0.145879	91.400000	2.344745
571	47.681400	11.503243	0.072939	91.400000	2.300040
572	47.681391	11.591882	0.072939	91.400000	2.413458
573	47.676146	11.514360	0.145879	91.400000	2.311272
574	47.679824	11.530998	0.145879	91.400000	2.311702
575	47.688335	11.476185	0.072939	91.400000	2.333360
576	47.681731	11.501954	0.072939	91.400000	2.426956
577	47.689644	11.455764	0.072939	91.400000	2.431778
578	47.684419	11.555605	0.145879	91.400000	2.400790
579	47.671717	11.478378	0.145879	91.400000	2.302722
580	47.690213	11.441342	0.145879	91.400000	2.298276
581	47.680137	11.444172	0.145879	91.400000	2.421429
582	47.691256	11.434218	0.072939	91.400000	2.499034
583	47.695097	11.519702	0.072939	91.400000	2.591599
584	47.689432	11.473877	0.072939	91.400000	2.308317
585	47.691667	11.560807	0.072939	91.400000	2.404305
586	47.693452	11.470968	0.072939	91.400000	2.469544
587	47.685993	11.545239	0.145879	91.400000	2.512803
588	47.686026	11.470353	0.072939	91.400000	2.410403
589	47.685865	11.541016	0.072939	91.400000	2.329201
590	47.676274	11.531448	0.072939	91.400000	2.413110
591	47.684085	11.571228	0.145879	91.400000	2.314905
592	47.686404	11.609557	0.145879	91.400000	2.318604
593	47.689140	11.597560	0.145879	91.400000	2.319174
594	47.691709	11.592121	0.145879	91.400000	2.422971
595	47.676909	11.574065	0.072939	91.400000	2.424543
596	47.669870	11.568114	0.072939	91.400000	2.318364
597	47.682798	11.666151	0.072939	91.400000	2.310543
598	47.690552	11.549202	0.072939	91.400000	2.506883
599	47.682172	11.529066	0.145879	91.400000	2.401441
600	47.677740	11.573999	0.145879	91.400000	2.504658
601	47.677132	11.563097	0.145879	91.400000	2.500670
602	47.681254	11.547472	0.072939	91.400000	2.398235
603	47.676164	11.577064	0.145879	91.400000	2.523316
604	47.679108	11.517605	0.145879	91.400000	2.429769
605	47.680801	11.529900	0.072939	91.400000	2.509598
606	47.675133	11.552541	0.072939	91.400000	2.481736
607	47.666353	11.557300	0.145879	91.400000	2.411901
608	47.678107	11.547611	0.072939	91.400000	2.503583
609	47.676969	11.529510	0.145879	91.400000	2.507257
610	47.682804	11.584361	0.218818	91.400000	2.408993
611	47.681564	11.596376	0.145879	91.400000	2.530473
612	47.673979	11.624967	0.145879	91.400000	2.495048
613	47.697300	11.614586	0.145879	91.400000	2.396217
614	47.707450	11.556943	0.145879	91.400000	2.506371
615	47.701424	11.586061	0.145879	91.400000	2.499494
616	47.694486	11.552723	0.145879	91.400000	2.415050
617	47.694367	11.550421	0.145879	91.400000	2.493351
618	47.689143	11.544054	0.291758	91.400000	2.494587
619	47.699940	11.538915	0.218818	91.400000	2.488864
620	47.699028	11.481985	0.218818	91.400000	2.506402
621	47.695431	11.519673	0.145879	91.400000	2.505934
622	47.685778	11.526391	0.072939	91.400000	2.418090
623	47.694263	11.579702	0.218818	91.400000	2.416118
624	47.683451	11.615680	0.145879	91.400000	2.512243
625	47.697380	11.602650	0.145879	91.400000	2.496932
626	47.704780	11.650724	0.145879	91.400000	2.498417
627	47.685918	11.611347	0.072939	91.400000	2.513952
628	47.687811	11.606619	0.072939	91.400000	2.318481
629	47.679579	11.671777	0.072939	91.400000	2.325999
630	47.677410	11.721468	0.072939	91.400000	2.321672
631	47.680327	11.642955	0.072939	91.400000	2.418396
632	47.679555	11.638738	0.072939	91.400000	2.311453
633	47.683439	11.611299	0.072939	91.400000	2.339908
634	47.676244	11.549062	0.072939	91.400000	2.524827
635	47.671226	11.570729	0.072939	91.400000	2.318080
636	47.666109	11.562176	0.145879	91.400000	2.326454
637	47.673661	11.557159	0.072939	91.400000	2.488078
638	47.683507	11.517790	0.145879	91.400000	2.456710
639	47.680521	11.510036	0.145879	91.400000	2.451501
640	47.691602	11.595949	0.145879	91.400000	2.328100
641	47.685999	11.581239	0.072939	91.400000	2.321912
642	47.675455	11.534050	0.072939	91.400000	2.342366
643	47.682774	11.524231	0.145879	91.400000	2.314603
644	47.692204	11.525022	0.145879	91.400000	2.335040
645	47.683012	11.506900	0.145879	91.400000	2.499969
646	47.681037	11.508534	0.145879	91.400000	2.510597
647	47.691447	11.532040	0.218818	91.400000	2.510893
648	47.696155	11.532152	0.218818	91.400000	2.493190
649	47.686428	11.496576	0.218818	91.400000	2.528961
650	47.704822	11.497698	0.145879	91.400000	2.401096
651	47.690907	11.454819	0.145879	91.400000	2.508885
652	47.689566	11.483512	0.218818	91.400000	2.507751
653	47.691929	11.529390	0.072939	91.400000	2.427336
654	47.689641	11.506609	0.145879	91.400000	2.502890
655	47.690356	11.512088	0.145879	91.400000	2.488390
656	47.701582	11.474049	0.218818	91.400000	2.492414
657	47.699937	11.434124	0.145879	91.400000	2.518802
658	47.704744	11.407566	0.145879	91.400000	2.499176
659	47.699779	11.446113	0.145879	91.400000	2.421418
660	47.696310	11.447830	0.072939	91.400000	2.491936
661	47.691861	11.442991	0.218818	91.400000	2.509282
662	47.683516	11.500967	0.218818	91.400000	2.489178
663	47.679782	11.524237	0.218818	91.400000	2.496961
664	47.679710	11.487604	0.218818	91.400000	2.398576
665	47.690278	11.516707	0.218818	91.400000	2.514421
666	47.839653	11.502931	0.218818	91.400000	2.398057
667	47.889876	11.546315	0.145879	91.400000	2.357200
668	47.904980	11.558629	0.145879	91.400000	2.351589
669	47.913694	11.515514	0.145879	91.400000	2.331301
670	47.922504	11.505231	0.218818	91.400000	2.337023
671	47.937688	11.548442	0.145879	91.400000	2.330387
672	47.936976	11.601731	0.145879	91.400000	2.412946
673	47.948015	11.596089	0.218818	91.400000	2.418694
674	47.945809	11.645266	0.145879	91.400000	2.398857
675	47.963053	11.544894	0.072939	91.400000	2.429720
676	47.960472	11.566787	0.145879	91.400000	2.488348
677	47.961900	11.585648	0.145879	91.400000	2.523080
678	47.964793	11.557779	0.145879	91.400000	2.352872
679	47.972322	11.592161	0.145879	91.400000	2.344728
680	47.960708	11.614577	0.218818	91.400000	2.362081
681	47.965917	11.580336	0.145879	91.400000	2.330650
682	47.964889	11.633048	0.218818	91.400000	2.425870
683	47.972336	11.585237	0.145879	91.400000	2.329150
684	47.976357	11.535963	0.145879	91.400000	2.317214
685	47.980142	11.549661	0.145879	91.400000	2.442763
686	47.977650	11.490599	0.145879	91.400000	2.525411
687	47.988957	11.497394	0.145879	91.400000	2.530057
688	47.974712	11.592088	0.145879	91.400000	2.423472
689	47.981137	11.616945	0.145879	91.400000	2.504165
690	47.976261	11.572986	0.145879	91.400000	2.441013
691	47.983766	11.631830	0.145879	91.400000	2.399196
692	47.981298	11.597117	0.145879	91.400000	2.328678
693	47.995281	11.608211	0.145879	91.400000	2.320910
694	47.978723	11.587761	0.145879	91.400000	2.347965
695	47.983006	11.621083	0.218818	91.400000	2.358671
696	47.981003	11.597079	0.145879	91.400000	2.324559
697	47.986275	11.592672	0.218818	91.400000	2.416532
698	47.983441	11.641899	0.218818	91.400000	2.403463
699	47.983575	11.585572	0.072939	91.400000	2.424253
700	47.987008	11.584758	0.145879	91.400000	2.311754
701	47.986144	11.581216	0.145879	91.400000	2.467556
702	47.978443	11.566230	0.072939	91.400000	2.460488
703	47.984451	11.597170	0.145879	91.400000	2.338697
704	47.986206	11.642340	0.145879	91.400000	2.443175
705	47.982591	11.682224	0.145879	91.400000	2.328223
706	47.982150	11.684167	0.145879	91.400000	2.325794
707	47.982278	11.613726	0.145879	91.400000	2.418951
708	47.976735	11.513616	0.145879	91.400000	2.350908
709	47.973770	11.604411	0.218818	91.400000	2.342275
710	47.976488	11.563763	0.145879	91.400000	2.428604
711	47.978544	11.574816	0.072939	91.400000	2.513304
712	47.976464	11.585679	0.145879	91.400000	2.525759
713	47.979695	11.572396	0.145879	91.400000	2.429090
714	47.978261	11.553420	0.145879	91.400000	2.494109
715	47.985157	11.566405	0.072939	91.400000	2.533793
716	47.976828	11.592414	0.145879	91.400000	2.508857
717	47.970229	11.601773	0.145879	91.400000	2.418529
718	47.976667	11.535126	0.145879	91.400000	2.528358
719	47.974050	11.519832	0.145879	91.400000	2.516146
720	47.976613	11.549215	0.145879	91.400000	2.420556
721	47.982106	11.563143	0.145879	91.400000	2.517591
722	47.982574	11.570215	0.072939	91.400000	2.506329
723	47.986424	11.609334	0.145879	91.400000	2.509169
724	47.979057	11.622556	0.218818	91.400000	2.511807
725	47.974265	11.631924	0.218818	91.400000	2.503680
726	47.986162	11.660712	0.145879	91.400000	2.493329
727	47.989136	11.677238	0.218818	91.400000	2.521769
728	48.008627	11.613234	0.218818	91.400000	2.426720
729	47.999430	11.664205	0.145879	91.400000	2.518723
730	47.998321	11.624818	0.145879	91.400000	2.433370
731	47.999364	11.596898	0.145879	91.400000	2.525367
732	47.990513	11.595957	0.145879	91.400000	2.533338
733	47.985077	11.637124	0.145879	91.400000	2.528912
734	47.988930	11.641873	0.072939	91.400000	2.397106
735	47.979847	11.658375	0.072939	91.400000	2.525649
736	47.987622	11.636080	0.072939	91.400000	2.348472
737	47.980040	11.647158	0.072939	91.400000	2.444806
738	47.985160	11.686877	0.072939	91.400000	2.305214
739	47.978896	11.647502	0.072939	91.400000	2.590562
740	47.989565	11.629275	0.145879	91.400000	2.336816
741	47.986978	11.623321	0.145879	91.400000	2.517754
742	47.985876	11.646398	0.145879	91.400000	2.331854
743	47.992522	11.613648	0.145879	91.400000	2.346563
744	47.987145	11.627288	0.145879	91.400000	2.450517
745	47.993708	11.651454	0.072939	91.400000	2.441855
746	47.992754	11.647109	0.145879	91.400000	2.309849
747	47.988498	11.693745	0.072939	91.400000	2.416639
748	47.980195	11.693457	0.145879	91.400000	2.409884
749	47.988874	11.658110	0.145879	91.400000	2.405941
750	47.989815	11.636965	0.218818	91.400000	2.407617
751	47.995514	11.637648	0.145879	91.400000	2.374918
752	47.994649	11.627705	0.145879	91.400000	2.436371
753	47.994274	11.622821	0.218818	91.400000	2.414575
754	47.988376	11.591868	0.145879	91.400000	2.566602
755	47.985655	11.639603	0.145879	91.400000	2.464779
756	47.986454	11.625258	0.072939	91.400000	2.454621
757	47.986042	11.703410	0.072939	91.400000	2.424021
758	47.987986	11.652754	0.218818	91.400000	2.304466
759	47.990811	11.688802	0.145879	91.400000	2.319371
760	47.986251	11.616795	0.145879	91.400000	2.409400
761	47.985476	11.669483	0.072939	91.400000	2.406790
762	47.989523	11.647433	0.218818	91.400000	2.342837
763	47.985911	11.671164	0.218818	91.400000	2.323647
764	47.991884	11.652652	0.145879	91.400000	2.420881
765	47.986615	11.616693	0.218818	91.400000	2.530833
766	47.992754	11.618324	0.218818	91.400000	2.505390
767	47.995937	11.607407	0.072939	91.400000	2.392683
768	47.984260	11.639183	0.145879	91.400000	2.508469
769	47.986454	11.627119	0.218818	91.400000	2.411913
770	47.979391	11.575085	0.218818	91.400000	2.518684
771	47.977734	11.614685	0.145879	91.400000	2.382463
772	47.979936	11.673935	0.145879	91.400000	2.521752
773	47.980547	11.613872	0.218818	91.400000	2.494797
774	47.986674	11.650985	0.145879	91.400000	2.518318
775	47.990215	11.697322	0.145879	91.400000	2.408599
776	47.984004	11.621013	0.072939	91.400000	2.511657
777	47.989514	11.649019	0.072939	91.400000	2.386622
778	47.995979	11.713473	0.145879	91.400000	2.490625
779	47.999945	11.666346	0.145879	91.400000	2.509706
780	48.143554	11.670527	0.145879	91.400000	2.419883
781	48.171300	11.658264	0.145879	91.400000	2.529277
782	48.181522	11.625388	0.145879	91.400000	2.493511
783	48.184237	11.680014	0.145879	91.400000	2.307247
784	48.194188	11.680701	0.072939	91.400000	2.409245
785	48.192149	11.669867	0.072939	91.400000	2.309689
786	48.195463	11.645762	0.072939	91.400000	2.340503
787	48.192012	11.643385	0.145879	91.400000	2.501506
788	48.192221	11.647505	0.145879	91.400000	2.519452
789	48.197889	11.665472	0.072939	91.400000	2.520370
790	48.200494	11.651385	0.072939	91.400000	2.451433
791	48.201394	11.661640	0.145879	91.400000	2.390461
792	48.200929	11.633492	0.145879	91.400000	2.344815
793	48.205924	11.645193	0.145879	91.400000	2.422542
794	48.204321	11.654949	0.145879	91.400000	2.414923
795	48.208255	11.665738	0.145879	91.400000	2.335888
796	48.203266	11.667286	0.145879	91.400000	2.310188
797	48.200393	11.690979	0.145879	91.400000	2.423262
798	48.202553	11.689147	0.145879	91.400000	2.330386
799	48.207119	11.664317	0.145879	91.400000	2.329380
800	48.212212	11.662291	0.145879	91.400000	2.425599
801	48.218864	11.649713	0.145879	91.400000	2.496374
802	48.208672	11.657786	0.145879	91.400000	2.493338
803	48.217589	11.648252	0.145879	91.400000	2.430677
804	48.211947	11.674906	0.145879	91.400000	2.476470
805	48.214501	11.673127	0.145879	91.400000	2.502662
806	48.209307	11.639934	0.145879	91.400000	2.483160
807	48.217034	11.663150	0.145879	91.400000	2.501970
808	48.216841	11.647615	0.145879	91.400000	2.417489
809	48.208532	11.641906	0.145879	91.400000	2.488151
810	48.208097	11.633461	0.145879	91.400000	2.500805
811	48.207915	11.648525	0.145879	91.400000	2.469591
812	48.203251	11.671477	0.145879	91.400000	2.490143
813	48.214638	11.673453	0.145879	91.400000	2.437958
814	48.211879	11.657936	0.145879	91.400000	2.493742
815	48.214787	11.639675	0.145879	91.400000	2.430338
816	48.214000	11.629161	0.145879	91.400000	2.342140
817	48.211685	11.625405	0.145879	91.400000	2.314778
818	48.211151	11.606283	0.218818	91.400000	2.334912
819	48.222679	11.604509	0.145879	91.400000	2.322551
820	48.224849	11.609003	0.145879	91.400000	2.445653
821	48.222697	11.607796	0.145879	91.400000	2.316647
822	48.221713	11.612263	0.145879	91.400000	2.306943
823	48.219872	11.650456	0.145879	91.400000	2.420386
824	48.223096	11.608475	0.145879	91.400000	2.511620
825	48.222077	11.606209	0.145879	91.400000	2.403255
826	48.227179	11.595095	0.145879	91.400000	2.496695
827	48.226395	11.605409	0.145879	91.400000	2.491323
828	48.228163	11.607697	0.145879	91.400000	2.478569
829	48.225626	11.597743	0.145879	91.400000	2.420279
830	48.222625	11.608250	0.145879	91.400000	2.430707
831	48.226401	11.623434	0.145879	91.400000	2.512701
832	48.226303	11.621474	0.145879	91.400000	2.508675
833	48.223537	11.615921	0.145879	91.400000	2.322488
834	48.221213	11.621507	0.145879	91.400000	2.507912
835	48.223868	11.650304	0.145879	91.400000	2.395485
836	48.225665	11.644894	0.145879	91.400000	2.316105
837	48.230708	11.644680	0.145879	91.400000	2.341228
838	48.228374	11.664891	0.145879	91.400000	2.422675
839	48.230267	11.620876	0.145879	91.400000	2.466188
840	48.232406	11.647123	0.145879	91.400000	2.323540
841	48.227245	11.649757	0.145879	91.400000	2.323165
842	48.227575	11.637855	0.145879	91.400000	2.319536
843	48.228651	11.642058	0.145879	91.400000	2.389927
844	48.225921	11.643847	0.145879	91.400000	2.351127
845	48.228538	11.636062	0.145879	91.400000	2.327835
846	48.229426	11.676579	0.145879	91.400000	2.519162
847	48.230356	11.672599	0.145879	91.400000	2.402232
848	48.229671	11.706095	0.145879	91.400000	2.491676
849	48.226291	11.657581	0.145879	91.400000	2.489503
850	48.230293	11.637955	0.145879	91.400000	2.490071
851	48.226404	11.630440	0.072939	91.400000	2.491263
852	48.222557	11.642634	0.145879	91.400000	2.490780
853	48.225218	11.625894	0.145879	91.400000	2.526856
854	48.220927	11.640126	0.145879	91.400000	2.490279
855	48.223364	11.669141	0.145879	91.400000	2.416589
856	48.223209	11.656872	0.145879	91.400000	2.518108
857	48.216969	11.648257	0.145879	91.400000	2.423650
858	48.226577	11.667684	0.145879	91.400000	2.495872
859	48.227113	11.671518	0.145879	91.400000	2.497421
860	48.230481	11.655325	0.145879	91.400000	2.497530
861	48.223329	11.659305	0.145879	91.400000	2.501409
862	48.223323	11.692763	0.145879	91.400000	2.423775
863	48.221588	11.697832	0.145879	91.400000	2.569652
864	48.223120	11.663775	0.145879	91.400000	2.445971
865	48.229304	11.661640	0.145879	91.400000	2.558062
866	48.231393	11.690297	0.145879	91.400000	2.497802
867	48.224089	11.676241	0.145879	91.400000	2.408511
868	48.229602	11.656536	0.145879	91.400000	2.481354
869	48.231664	11.662551	0.145879	91.400000	2.525706
870	48.233235	11.626413	0.145879	91.400000	2.516696
871	48.232993	11.631683	0.145879	91.400000	2.414032
872	48.228085	11.661271	0.145879	91.400000	2.492055
873	48.223716	11.654038	0.145879	91.400000	2.409750
874	48.229134	11.669042	0.145879	91.400000	2.515341
875	48.227924	11.647696	0.145879	91.400000	2.464195
876	48.231101	11.651750	0.145879	91.400000	2.548803
877	48.236033	11.645060	0.145879	91.400000	2.411757
878	48.235783	11.657918	0.145879	91.400000	2.503326
879	48.236066	11.641045	0.145879	91.400000	2.545328
880	48.235166	11.629309	0.145879	91.400000	2.429915
881	48.236990	11.625525	0.145879	91.400000	2.464772
882	48.239380	11.607162	0.145879	91.400000	2.492783
883	48.229548	11.626946	0.145879	91.400000	2.529815
884	48.228610	11.604621	0.145879	91.400000	2.486098
885	48.232412	11.643778	0.145879	91.400000	2.408319
886	48.229593	11.658518	0.145879	91.400000	2.589640
887	48.229831	11.673362	0.145879	91.400000	2.420203
888	48.226607	11.702403	0.145879	91.400000	2.422256
889	48.226470	11.685275	0.145879	91.400000	2.409324
890	48.231858	11.649466	0.145879	91.400000	2.577880
891	48.236325	11.681655	0.145879	91.400000	2.512280
892	48.240572	11.698317	0.145879	91.400000	2.503448
893	48.239687	11.700709	0.145879	91.400000	2.469748
894	48.239163	11.704666	0.145879	91.400000	2.512677
895	48.230225	11.681186	0.145879	91.400000	2.497625
896	48.238653	11.671370	0.145879	91.400000	2.420686
897	48.235878	11.646752	0.145879	91.400000	2.490391
898	48.235691	11.668064	0.145879	91.400000	2.507335
899	48.234996	11.680049	0.145879	91.400000	2.506522
900	48.241410	11.683277	0.145879	91.400000	2.414263
901	48.236144	11.656948	0.145879	91.400000	2.506079
902	48.237699	11.658935	0.145879	91.400000	2.409147
903	48.237795	11.622138	0.145879	91.400000	2.481208
904	48.236221	11.686070	0.145879	91.400000	2.350307
905	48.234019	11.716870	0.145879	91.400000	2.425635
906	48.235020	11.682928	0.145879	91.400000	2.509937
907	48.236525	11.715746	0.145879	91.400000	2.516415
908	48.233238	11.713450	0.145879	91.400000	2.411552
909	48.233217	11.769871	0.145879	91.400000	2.323640
910	48.238540	11.738603	0.145879	91.400000	2.341551
911	48.244604	11.710917	0.145879	91.400000	2.332592
912	48.243505	11.680489	0.145879	91.400000	2.318522
913	48.238784	11.701259	0.145879	91.400000	2.352751
914	48.241711	11.697707	0.145879	91.400000	2.336526
915	48.237956	11.696973	0.145879	91.400000	2.454036
916	48.237717	11.672579	0.145879	91.400000	2.518584
917	48.239136	11.680735	0.145879	91.400000	2.520766
918	48.232388	11.674088	0.145879	91.400000	2.413347
919	48.238295	11.678996	0.145879	91.400000	2.402771
920	48.241553	11.701031	0.145879	91.400000	2.340767
921	48.235744	11.697848	0.145879	91.400000	2.321003
922	48.240083	11.699356	0.145879	91.400000	2.418256
923	48.235664	11.676198	0.145879	91.400000	2.360929
924	48.237836	11.676728	0.145879	91.400000	2.418584
925	48.230672	11.703075	0.072939	91.400000	2.321226
926	48.230416	11.725897	0.145879	91.400000	2.337507
927	48.232186	11.762272	0.072939	91.400000	2.412173
928	48.231125	11.775832	0.145879	91.400000	2.421440
929	48.229077	11.723023	0.145879	91.400000	2.412550
930	48.237959	11.704688	0.145879	91.400000	2.341335
931	48.231375	11.726019	0.145879	91.400000	2.340763
932	48.234588	11.725298	0.145879	91.400000	2.495569
933	48.233682	11.745495	0.145879	91.400000	2.426390
934	48.231882	11.774790	0.145879	91.400000	2.460436
935	48.230952	11.750816	0.145879	91.400000	2.525476
936	48.237178	11.758282	0.145879	91.400000	2.421483
937	48.235637	11.739911	0.145879	91.400000	2.517790
938	48.236296	11.771813	0.145879	91.400000	2.421050
939	48.231843	11.705890	0.145879	91.400000	2.502029
940	48.234713	11.702844	0.145879	91.400000	2.501593
941	48.237652	11.736039	0.072939	91.400000	2.424823
942	48.229980	11.775261	0.145879	91.400000	2.423224
943	48.231673	11.730348	0.145879	91.400000	2.424283
944	48.232281	11.752685	0.145879	91.400000	2.675389
945	48.237586	11.722002	0.145879	91.400000	2.416189
946	48.239082	11.738683	0.145879	91.400000	2.502201
947	48.235554	11.754561	0.145879	91.400000	2.514514
948	48.238072	11.738249	0.145879	91.400000	2.420478
949	48.240232	11.757052	0.145879	91.400000	2.491728
950	48.241737	11.705885	0.145879	91.400000	2.397723
951	48.241839	11.732827	0.145879	91.400000	2.477223
952	48.234898	11.750362	0.145879	91.400000	2.515567
953	48.238689	11.693427	0.145879	91.400000	2.480927
954	48.232666	11.729905	0.145879	91.400000	2.496144
955	48.234776	11.753500	0.145879	91.400000	2.504356
956	48.242196	11.720124	0.145879	91.400000	2.483119
957	48.235685	11.715352	0.145879	91.400000	2.511831
958	48.236448	11.728436	0.145879	91.400000	2.517706
959	48.242277	11.779512	0.145879	91.400000	2.396269
960	48.242682	11.726013	0.145879	91.400000	2.414456
961	48.241925	11.748642	0.145879	91.400000	2.409913
962	48.241758	11.733895	0.145879	91.400000	2.146275
963	48.276863	11.748458	0.145879	91.400000	2.231157
964	48.277330	11.749663	0.145879	91.400000	2.225428
965	48.276883	11.754403	0.145879	91.400000	2.232385
966	48.277265	11.756350	0.145879	91.400000	2.086110
967	48.277092	11.756574	0.145879	91.400000	2.146926
968	48.277396	11.756436	0.145879	91.400000	2.117014
969	48.277533	11.756495	0.145879	91.400000	2.107132
970	48.277459	11.757681	0.145879	91.400000	2.135606
971	48.277456	11.758035	0.145879	91.400000	2.128557
972	48.277456	11.758035	0.145879	91.400000	2.124804
973	48.277456	11.758035	0.145879	91.400000	2.284248
974	48.277456	11.758035	0.145879	91.400000	2.149980
975	48.277456	11.758035	0.145879	91.400000	2.222203
976	48.277456	11.758035	0.145879	91.400000	2.121170
977	48.277456	11.758035	0.145879	91.400000	2.098356
978	48.277456	11.758035	0.145879	91.400000	2.156552
979	48.277456	11.758035	0.145879	91.400000	2.112948
980	48.277456	11.758035	0.145879	91.400000	2.119639
981	48.277456	11.758035	0.145879	91.400000	2.208947
982	48.277456	11.758035	0.145879	91.400000	2.344805
983	48.277456	11.758035	0.145879	91.400000	2.202028
984	48.277456	11.758035	0.145879	91.400000	2.124448
985	48.277456	11.758035	0.145879	91.400000	2.172541
986	48.277456	11.758035	0.145879	91.400000	2.358845
987	48.277456	11.758035	0.145879	91.400000	2.093554
988	48.277456	11.758035	0.145879	91.400000	2.140588
989	48.277456	11.758035	0.145879	91.400000	2.223403
990	48.277456	11.758035	0.145879	91.400000	2.214341
991	48.277456	11.758035	0.145879	91.400000	2.127801
992	48.277456	11.758035	0.145879	91.400000	2.135225
993	48.277456	11.758035	0.145879	91.400000	2.206388
994	48.277456	11.758035	0.145879	91.400000	2.129318
995	48.277456	11.758035	0.145879	91.400000	2.124713
996	48.277456	11.758035	0.145879	91.400000	2.216269
997	48.277456	11.758035	0.145879	91.400000	2.101670
998	48.277456	11.758035	0.145879	91.400000	2.142533
999	48.277456	11.758035	0.145879	91.400000	2.207859
1000	48.277456	11.758035	0.145879	91.400000	2.129775
1001	48.277456	11.758035	0.145879	91.400000	2.104716
1002	48.277456	11.758035	0.145879	91.400000	2.122248
1003	48.277456	11.758035	0.145879	91.400000	2.206021
1004	48.277456	11.758035	0.145879	91.400000	2.215571
1005	48.277456	11.758035	0.145879	91.400000	2.229086
1006	48.277456	11.758035	0.145879	91.400000	2.105685
1007	48.277456	11.758035	0.145879	91.400000	2.138298
1008	48.277456	11.758035	0.145879	91.400000	2.123227
1009	48.277456	11.758035	0.145879	91.400000	2.107853
1010	48.277456	11.758035	0.145879	91.400000	2.129962
1011	48.277456	11.758035	0.145879	91.400000	2.213768
1012	48.277456	11.758035	0.145879	91.400000	2.132636
1013	48.277456	11.758035	0.145879	91.400000	2.211761
1014	48.277456	11.758035	0.145879	91.400000	2.134754
1015	48.277456	11.758035	0.145879	91.400000	2.122159
1016	48.277456	11.758035	0.145879	91.400000	2.311141
1017	48.277456	11.758035	0.145879	91.400000	2.101795
1018	48.277456	11.758035	0.145879	91.400000	2.148106
1019	48.277456	11.758035	0.145879	91.400000	2.121491
