1	26.813591	2.062547	0.000000	91.400000	2.291964
2	32.577026	3.314460	0.000000	91.400000	2.404823
3	36.988282	3.463513	0.000000	91.400000	2.451811
4	39.502090	3.179344	0.000000	91.400000	2.371702
5	41.014999	3.086925	0.000000	91.400000	2.301000
6	41.987896	2.889247	0.000000	91.400000	2.449143
7	42.672476	2.889073	0.000000	91.400000	2.388281
8	43.176967	2.833216	0.000000	91.400000	2.472665
9	43.546182	2.840885	0.000000	91.400000	2.532609
10	43.848073	2.839622	0.000000	91.400000	2.347587
11	44.045791	2.960741	0.000000	91.400000	2.462685
12	44.236094	2.952227	0.000000	91.400000	2.458496
13	44.378889	2.985993	0.000000	91.400000	2.287584
14	44.479489	2.999559	0.000000	91.400000	2.293874
15	44.594485	3.055915	0.000000	91.400000	2.307404
16	44.670209	2.986642	0.000000	91.400000	2.299330
17	44.757959	2.959877	0.000000	91.400000	2.291676
18	44.809204	3.016362	0.000000	91.400000	2.391096
19	44.880021	2.895642	0.000000	91.400000	2.404814
20	44.954601	2.915797	0.000000	91.400000	2.291435
21	45.013487	2.990257	0.000000	91.400000	2.290371
22	45.058799	3.050510	0.000000	91.400000	2.424405
23	45.089197	2.936650	0.000000	91.400000	2.477275
24	45.135298	3.087681	0.000000	91.400000	2.437696
25	45.176935	3.009071	0.000000	91.400000	2.491097
26	45.232305	2.974900	0.000000	91.400000	2.456913
27	45.269942	2.972834	0.000000	91.400000	2.463430
28	45.285851	2.991386	0.000000	91.400000	2.370914
29	45.314389	3.014009	0.000000	91.400000	2.459563
30	45.357871	2.999945	0.000000	91.400000	2.480526
31	45.378086	3.000601	0.000000	91.400000	2.462313
32	45.405543	2.992868	0.000000	91.400000	2.317416
33	45.448124	3.060214	0.000000	91.400000	2.569521
34	45.465779	2.927814	0.000000	91.400000	2.397162
35	45.490929	2.939768	0.000000	91.400000	2.449229
36	45.515054	2.959961	0.000000	91.400000	2.479687
37	45.555335	2.883717	0.000000	91.400000	2.385626
38	45.578364	2.887487	0.000000	91.400000	2.382981
39	45.612216	2.946391	0.000000	91.400000	2.383588
40	45.629707	3.044421	0.000000	91.400000	2.593220
41	45.664728	2.967636	0.000000	91.400000	2.391401
42	45.668834	2.865292	0.000000	91.400000	2.470047
43	45.718282	2.898974	0.000000	91.400000	2.460768
44	45.752358	2.889303	0.000000	91.400000	2.480880
45	45.780009	2.818268	0.000000	91.400000	2.400087
46	45.800233	2.829365	0.000000	91.400000	2.431777
47	45.824522	2.714201	0.000000	91.400000	2.492819
48	45.831764	2.699729	0.000000	91.400000	2.396312
49	45.851788	2.783418	0.000000	91.400000	2.536432
50	45.850736	2.740426	0.000000	91.400000	2.393367
51	45.878199	2.766601	0.000000	91.400000	2.467262
52	45.883140	2.804930	0.000000	91.400000	2.473007
53	45.905441	2.782466	0.000000	91.400000	2.440553
54	45.911798	2.804493	0.000000	91.400000	2.421522
55	45.925003	2.777685	0.000000	91.400000	2.486012
56	45.936328	2.737859	0.000000	91.400000	2.475329
57	45.924944	2.658218	0.000000	91.400000	2.474952
58	45.927650	2.652667	0.000000	91.400000	2.413317
59	45.930547	2.640208	0.000000	91.400000	2.467970
60	45.934752	2.619539	0.000000	91.400000	2.443019
61	45.929849	2.783726	0.000000	91.400000	2.483028
62	45.940796	2.655508	0.000000	91.400000	2.491816
63	45.939893	2.773823	0.000000	91.400000	2.448558
64	45.955488	2.737287	0.000000	91.400000	2.409199
65	45.973396	2.701480	0.000000	91.400000	2.458622
66	45.973629	2.780678	0.000000	91.400000	2.456217
67	45.967519	2.783548	0.000000	91.400000	2.461229
68	45.975286	2.870687	0.000000	91.400000	2.484501
69	45.982823	2.909674	0.000000	91.400000	2.372441
70	45.989609	2.811331	0.000000	91.400000	2.475398
71	45.988655	2.800852	0.000000	91.400000	2.478189
72	45.994776	2.773615	0.000000	91.400000	2.469227
73	46.008825	2.830469	0.000000	91.400000	2.472766
74	46.015763	2.852291	0.000000	91.400000	2.397011
75	46.008605	2.863929	0.000000	91.400000	2.436493
76	46.032822	2.911361	0.000000	91.400000	2.502907
77	46.044207	2.814683	0.000000	91.400000	2.304242
78	46.043032	2.794387	0.000000	91.400000	2.313121
79	46.033740	2.882081	0.000000	91.400000	2.324398
80	46.045610	2.853664	0.000000	91.400000	2.308382
81	46.046585	2.861460	0.000000	91.400000	2.404217
82	46.056163	2.901457	0.000000	91.400000	2.309750
83	46.056300	2.864870	0.000000	91.400000	2.306755
84	46.057111	2.846524	0.000000	91.400000	2.292630
85	46.049345	2.900706	0.000000	91.400000	2.485641
86	46.059501	2.907267	0.000000	91.400000	2.400358
87	46.054956	2.940196	0.000000	91.400000	2.465064
88	46.059930	2.939302	0.000000	91.400000	2.468739
89	46.077025	2.809220	0.000000	91.400000	2.496093
90	46.061382	2.753001	0.000000	91.400000	2.411338
91	46.068913	2.825176	0.000000	91.400000	2.486510
92	46.073440	2.884957	0.000000	91.400000	2.380524
93	46.067357	2.917684	0.000000	91.400000	2.548040
94	46.072820	2.809311	0.000000	91.400000	2.487853
95	46.074152	2.901603	0.000000	91.400000	2.466261
96	46.086502	2.868337	0.000000	91.400000	2.390675
97	46.082860	2.842423	0.000000	91.400000	2.492899
98	46.095845	2.846182	0.000000	91.400000	2.385641
99	46.086016	2.853800	0.000000	91.400000	2.475756
100	46.090853	2.834970	0.000000	91.400000	2.472496
101	46.114635	2.952906	0.000000	91.400000	2.496769
102	46.097296	2.921265	0.000000	91.400000	2.400208
103	46.099314	2.835092	0.000000	91.400000	2.390460
104	46.097821	2.852730	0.000000	91.400000	2.461428
105	46.115831	2.820989	0.000000	91.400000	2.374371
106	46.104500	2.932848	0.000000	91.400000	2.365951
107	46.110010	2.881541	0.000000	91.400000	2.349125
108	46.100330	2.912053	0.000000	91.400000	2.415128
109	46.123713	2.971494	0.000000	91.400000	2.386482
110	46.127212	2.976839	0.000000	91.400000	2.413994
111	46.135661	3.016989	0.000000	91.400000	2.321491
112	46.150416	3.067024	0.000000	91.400000	2.290472
113	46.121946	3.002532	0.000000	91.400000	2.295145
114	46.123987	3.076719	0.000000	91.400000	2.497833
115	46.136650	2.997110	0.000000	91.400000	2.483694
116	46.143383	2.988600	0.000000	91.400000	2.274152
117	46.140790	2.961995	0.000000	91.400000	2.290539
118	46.137935	2.977647	0.000000	91.400000	2.482213
119	46.148342	2.984609	0.000000	91.400000	2.396882
120	46.165663	2.987255	0.000000	91.400000	2.448120
121	46.177047	2.959287	0.000000	91.400000	2.449419
122	46.154147	3.000206	0.000000	91.400000	2.509070
123	46.160471	2.963848	0.000000	91.400000	2.528317
124	46.171114	2.988619	0.000000	91.400000	2.405303
125	46.183300	3.069581	0.000000	91.400000	2.484677
126	46.175230	2.935206	0.000000	91.400000	2.470234
127	46.167848	2.996885	0.000000	91.400000	2.380921
128	46.169388	2.916998	0.000000	91.400000	2.317962
129	46.165770	3.017996	0.000000	91.400000	2.510629
130	46.193665	3.017879	0.000000	91.400000	2.301798
131	46.182981	3.010007	0.000000	91.400000	2.301315
132	46.179211	2.988079	0.000000	91.400000	2.305469
133	46.194518	3.026347	0.000000	91.400000	2.324628
134	46.179485	3.075163	0.000000	91.400000	2.287822
135	46.190786	3.057716	0.000000	91.400000	2.400433
136	46.204615	2.975681	0.000000	91.400000	2.488619
137	46.202680	3.028249	0.000000	91.400000	2.490903
138	46.212435	2.976689	0.000000	91.400000	2.464535
139	46.215582	3.031497	0.000000	91.400000	2.462511
140	46.225965	3.023206	0.000000	91.400000	2.415038
141	46.226972	3.007382	0.000000	91.400000	2.499615
142	46.206695	2.977923	0.000000	91.400000	2.386993
143	46.211568	2.884193	0.000000	91.400000	2.457325
144	46.229821	2.886943	0.000000	91.400000	2.492612
145	46.229073	2.964588	0.000000	91.400000	2.481743
146	46.222115	2.944977	0.000000	91.400000	2.419684
147	46.212783	2.844254	0.000000	91.400000	2.488717
148	46.210569	2.856232	0.000000	91.400000	2.490403
149	46.220213	2.947308	0.000000	91.400000	2.468945
150	46.217465	2.874670	0.000000	91.400000	2.479460
151	46.219051	2.950365	0.000000	91.400000	2.479592
152	46.211532	2.936483	0.000000	91.400000	2.459989
153	46.227336	2.934113	0.000000	91.400000	2.493360
154	46.228236	2.913429	0.000000	91.400000	2.394280
155	46.242875	2.991684	0.000000	91.400000	2.482773
156	46.228433	2.986271	0.000000	91.400000	2.470630
157	46.248507	2.995276	0.000000	91.400000	2.476417
158	46.247292	3.033840	0.000000	91.400000	2.480824
159	46.246517	3.029495	0.000000	91.400000	2.380781
160	46.246451	3.008863	0.000000	91.400000	2.468598
161	46.233863	3.025974	0.000000	91.400000	2.472701
162	46.241596	3.061597	0.000000	91.400000	2.485295
163	46.232963	3.026771	0.000000	91.400000	2.272606
164	46.231917	3.074626	0.000000	91.400000	2.391487
165	46.256623	3.070321	0.000000	91.400000	2.309026
166	46.250451	3.073207	0.000000	91.400000	2.404966
167	46.241230	3.107370	0.000000	91.400000	2.374835
168	46.231228	3.038660	0.000000	91.400000	2.306833
169	46.248484	3.056270	0.000000	91.400000	2.415544
170	46.236914	2.964461	0.000000	91.400000	2.304586
171	46.255878	3.088265	0.000000	91.400000	2.302987
172	46.242118	3.066898	0.000000	91.400000	2.404763
173	46.225575	3.023779	0.000000	91.400000	2.391248
174	46.239245	3.050150	0.000000	91.400000	2.383301
175	46.235728	3.013899	0.000000	91.400000	2.366200
176	46.235234	3.022907	0.000000	91.400000	2.390687
177	46.235564	3.051246	0.000000	91.400000	2.392305
178	46.216145	3.011216	0.000000	91.400000	2.310678
179	46.229434	3.002685	0.000000	91.400000	2.304535
180	46.232402	2.996884	0.000000	91.400000	2.385991
181	46.246350	2.982071	0.000000	91.400000	2.296168
182	46.253252	3.116627	0.000000	91.400000	2.478655
183	46.257645	3.186342	0.000000	91.400000	2.306592
184	46.255636	3.152340	0.000000	91.400000	2.294765
185	46.258485	3.110411	0.000000	91.400000	2.494854
186	46.259844	3.082919	0.000000	91.400000	2.387644
187	46.264973	3.059042	0.000000	91.400000	2.486999
188	46.261936	2.947218	0.000000	91.400000	2.459310
189	46.270603	3.063970	0.000000	91.400000	2.503417
190	46.247900	2.981382	0.000000	91.400000	2.394278
191	46.255180	2.974253	0.000000	91.400000	2.476498
192	46.254933	2.959907	0.000000	91.400000	2.393379
193	46.263862	3.003801	0.000000	91.400000	2.379769
194	46.262389	2.981791	0.000000	91.400000	2.379797
195	46.252036	2.972385	0.000000	91.400000	2.388153
196	46.274534	2.993137	0.000000	91.400000	2.322014
197	46.258587	3.049945	0.000000	91.400000	2.492728
198	46.268260	2.954233	0.000000	91.400000	2.489159
199	46.259880	2.939758	0.000000	91.400000	2.490889
200	46.266985	2.919360	0.000000	91.400000	2.443991
201	46.256644	2.877474	0.000000	91.400000	2.512924
202	46.269402	2.891822	0.000000	91.400000	2.321864
203	46.268290	2.862565	0.000000	91.400000	2.308390
204	46.269313	2.911724	0.000000	91.400000	2.314713
205	46.274036	2.898180	0.000000	91.400000	2.290494
206	46.275604	2.906450	0.000000	91.400000	2.299619
207	46.272725	2.830037	0.000000	91.400000	2.392737
208	46.267584	2.871665	0.000000	91.400000	2.393056
209	46.263179	2.964195	0.000000	91.400000	2.297151
210	46.278608	2.879899	0.000000	91.400000	2.471466
211	46.268612	2.925033	0.000000	91.400000	2.470531
212	46.275261	2.919899	0.000000	91.400000	2.393849
213	46.283343	2.862487	0.000000	91.400000	2.384507
214	46.284905	2.878425	0.000000	91.400000	2.378578
215	46.267784	2.966428	0.000000	91.400000	2.287066
216	46.267581	2.995877	0.000000	91.400000	2.300215
217	46.282440	2.940908	0.000000	91.400000	2.304673
218	46.273530	2.965954	0.000000	91.400000	2.407187
219	46.273673	3.035787	0.000000	91.400000	2.307338
220	46.267623	3.036970	0.000000	91.400000	2.302703
221	46.272272	3.052521	0.000000	91.400000	2.480452
222	46.287149	3.035102	0.000000	91.400000	2.493173
223	46.275383	3.027649	0.000000	91.400000	2.465506
224	46.282548	2.994708	0.000000	91.400000	2.392780
225	46.278021	3.077104	0.000000	91.400000	2.461679
226	46.282554	3.056793	0.000000	91.400000	2.472722
227	46.283105	3.032564	0.000000	91.400000	2.465163
228	46.277654	3.022860	0.000000	91.400000	2.479376
229	46.272886	3.007536	0.000000	91.400000	2.465858
230	46.286428	3.082771	0.000000	91.400000	2.486857
231	46.261784	3.081693	0.000000	91.400000	2.393265
232	46.278867	2.984992	0.000000	91.400000	2.483259
233	46.285290	2.989989	0.000000	91.400000	2.387579
234	46.284273	2.980041	0.000000	91.400000	2.373039
235	46.267405	3.073555	0.000000	91.400000	2.491800
236	46.282870	3.017543	0.000000	91.400000	2.480067
237	46.266443	3.048745	0.000000	91.400000	2.285342
238	46.254700	3.017061	0.000000	91.400000	2.427743
239	46.263006	3.112126	0.000000	91.400000	2.334579
240	46.271014	3.127116	0.000000	91.400000	2.306169
241	46.279681	3.102959	0.000000	91.400000	2.510721
242	46.276259	3.110763	0.000000	91.400000	2.314053
243	46.267092	3.120893	0.000000	91.400000	2.297214
244	46.266797	3.053391	0.000000	91.400000	2.295023
245	46.265420	3.066198	0.000000	91.400000	2.469639
246	46.262568	3.134571	0.000000	91.400000	2.267673
247	46.263117	3.062207	0.000000	91.400000	2.292973
248	46.247721	3.106517	0.000000	91.400000	2.479507
249	46.262023	3.088738	0.000000	91.400000	2.385824
250	46.271500	3.113990	0.000000	91.400000	2.547450
251	46.268216	3.037484	0.000000	91.400000	2.481920
252	46.280152	3.061385	0.000000	91.400000	2.490096
253	46.277940	3.068066	0.000000	91.400000	2.363273
254	46.278411	3.041214	0.000000	91.400000	2.397925
255	46.294206	3.099551	0.000000	91.400000	2.303156
256	46.284068	3.061265	0.000000	91.400000	2.308252
257	46.288660	3.060388	0.000000	91.400000	2.295790
258	46.290272	3.011686	0.000000	91.400000	2.411407
259	46.277761	3.083586	0.000000	91.400000	2.410275
260	46.275938	3.177304	0.000000	91.400000	2.404147
261	46.294317	3.110736	0.000000	91.400000	2.305632
262	46.277216	3.122176	0.000000	91.400000	2.298406
263	46.293330	3.096187	0.000000	91.400000	2.482967
264	46.295482	3.194434	0.000000	91.400000	2.483032
265	46.307814	3.238576	0.000000	91.400000	2.460447
266	46.301767	3.247970	0.000000	91.400000	2.503105
267	46.302563	3.239270	0.000000	91.400000	2.400643
268	46.298268	3.209019	0.000000	91.400000	2.477760
269	46.290150	3.154907	0.000000	91.400000	2.470386
270	46.299517	3.217548	0.000000	91.400000	2.473882
271	46.298194	3.226955	0.000000	91.400000	2.479326
272	46.290103	3.192684	0.000000	91.400000	2.476213
273	46.294180	3.114985	0.000000	91.400000	2.470998
274	46.298769	3.059910	0.000000	91.400000	2.398299
275	46.303010	3.118055	0.000000	91.400000	2.482035
276	46.304002	3.083183	0.000000	91.400000	2.489407
277	46.313781	3.016481	0.000000	91.400000	2.270967
278	46.296924	3.048167	0.000000	91.400000	2.490022
279	46.298009	3.144695	0.000000	91.400000	2.482144
280	46.305284	3.221338	0.000000	91.400000	2.289723
281	46.304253	3.178597	0.000000	91.400000	2.307453
282	46.286577	3.171295	0.000000	91.400000	2.388406
283	46.302631	3.128061	0.000000	91.400000	2.376289
284	46.300936	3.149001	0.000000	91.400000	2.595378
285	46.291035	3.172673	0.000000	91.400000	2.371872
286	46.288276	3.212348	0.000000	91.400000	2.324013
287	46.288624	3.234252	0.000000	91.400000	2.308983
288	46.294168	3.220820	0.000000	91.400000	2.306288
289	46.293947	3.187816	0.000000	91.400000	2.377320
290	46.285668	3.105432	0.000000	91.400000	2.420213
291	46.287790	3.176960	0.000000	91.400000	2.399845
292	46.293032	3.161784	0.000000	91.400000	2.274163
293	46.290243	3.211525	0.000000	91.400000	2.417001
294	46.289164	3.217792	0.000000	91.400000	2.353389
295	46.296510	3.198663	0.000000	91.400000	2.311151
296	46.288133	3.196462	0.000000	91.400000	2.304830
297	46.294937	3.164207	0.000000	91.400000	2.302669
298	46.299183	3.194253	0.000000	91.400000	2.321497
299	46.304545	3.226586	0.000000	91.400000	2.290351
300	46.286607	3.236741	0.000000	91.400000	2.388058
301	46.290880	3.206000	0.000000	91.400000	2.484081
302	46.299779	3.251998	0.000000	91.400000	2.454405
303	46.289235	3.243946	0.000000	91.400000	2.503707
304	46.301165	3.238264	0.000000	91.400000	2.388882
305	46.294916	3.208435	0.000000	91.400000	2.483338
306	46.312475	3.246597	0.000000	91.400000	2.476560
307	46.297008	3.259310	0.000000	91.400000	2.470618
308	46.301121	3.214977	0.000000	91.400000	2.481677
309	46.300378	3.177225	0.000000	91.400000	2.487597
310	46.301597	3.224707	0.000000	91.400000	2.478506
311	46.298599	3.155768	0.000000	91.400000	2.454065
312	46.304888	3.098857	0.000000	91.400000	2.397807
313	46.298939	3.188149	0.000000	91.400000	2.466246
314	46.299303	3.248928	0.000000	91.400000	2.464630
315	46.313226	3.158989	0.000000	91.400000	2.482956
316	46.319246	3.272374	0.000000	91.400000	2.463676
317	46.331924	3.250819	0.000000	91.400000	2.487141
318	46.312779	3.354537	0.000000	91.400000	2.402648
319	46.323884	3.260047	0.000000	91.400000	2.484673
320	46.329924	3.237039	0.000000	91.400000	2.393717
321	46.325666	3.210555	0.000000	91.400000	2.372920
322	46.322525	3.249096	0.000000	91.400000	2.481781
323	46.324563	3.327127	0.000000	91.400000	2.471820
324	46.301979	3.291042	0.000000	91.400000	2.461088
325	46.309194	3.254743	0.000000	91.400000	2.470039
326	46.309584	3.214284	0.000000	91.400000	2.410925
327	46.319658	3.195359	0.000000	91.400000	2.382256
328	46.330881	3.194432	0.000000	91.400000	2.284413
329	46.313226	3.186441	0.000000	91.400000	2.484812
330	46.299043	3.186075	0.000000	91.400000	2.559582
331	46.312797	3.200105	0.000000	91.400000	2.329789
332	46.317005	3.224936	0.000000	91.400000	2.412265
333	46.323544	3.260165	0.000000	91.400000	2.370108
334	46.301532	3.214246	0.000000	91.400000	2.463920
335	46.302301	3.249364	0.000000	91.400000	2.414053
336	46.322733	3.197937	0.000000	91.400000	2.393244
337	46.329626	3.216034	0.000000	91.400000	2.295610
338	46.335584	3.299380	0.000000	91.400000	2.298101
339	46.331578	3.310070	0.000000	91.400000	2.394314
340	46.336979	3.287526	0.000000	91.400000	2.319210
341	46.317190	3.202683	0.000000	91.400000	2.375237
342	46.341687	3.162504	0.000000	91.400000	2.393903
343	46.341908	3.167792	0.000000	91.400000	2.430451
344	46.350861	3.208399	0.000000	91.400000	2.475712
345	46.356660	3.268368	0.000000	91.400000	2.503944
346	46.366245	3.220630	0.000000	91.400000	2.477448
347	46.350753	3.199509	0.000000	91.400000	2.474195
348	46.351361	3.195772	0.000000	91.400000	2.467983
349	46.368027	3.262325	0.000000	91.400000	2.467979
350	46.350139	3.274320	0.000000	91.400000	2.388282
351	46.361491	3.247439	0.000000	91.400000	2.562696
352	46.364444	3.169969	0.000000	91.400000	2.390764
353	46.366680	3.086068	0.000000	91.400000	2.441967
354	46.374425	3.174747	0.000000	91.400000	2.498848
355	46.387368	3.189499	0.000000	91.400000	2.372041
356	46.387213	3.150140	0.000000	91.400000	2.575842
357	46.388918	3.148860	0.000000	91.400000	2.385210
358	46.392661	3.204036	0.000000	91.400000	2.551826
359	46.382016	3.267211	0.000000	91.400000	2.459158
360	46.378082	3.250566	0.000000	91.400000	2.476856
361	46.395785	3.220324	0.000000	91.400000	2.484625
362	46.382946	3.228758	0.000000	91.400000	2.462405
363	46.402109	3.184679	0.000000	91.400000	2.462916
364	46.383572	3.141292	0.000000	91.400000	2.455617
365	46.383542	3.169735	0.000000	91.400000	2.480917
366	46.384293	3.093284	0.000000	91.400000	2.490465
367	46.391821	3.086373	0.000000	91.400000	2.462776
368	46.379653	3.093212	0.000000	91.400000	2.482987
369	46.359962	3.098229	0.000000	91.400000	2.468031
370	46.361321	3.176346	0.000000	91.400000	2.378676
371	46.372908	3.145841	0.000000	91.400000	2.570228
372	46.385536	3.151427	0.000000	91.400000	2.479467
373	46.388793	3.138359	0.000000	91.400000	2.453978
374	46.375054	3.110157	0.000000	91.400000	2.395756
375	46.364775	3.073639	0.000000	91.400000	2.561260
376	46.368599	3.094002	0.000000	91.400000	2.418869
377	46.372756	3.119109	0.000000	91.400000	2.425777
378	46.378630	3.205170	0.000000	91.400000	2.531249
379	46.377125	3.215023	0.000000	91.400000	2.466354
380	46.371987	3.195376	0.000000	91.400000	2.406142
381	46.376494	3.176810	0.000000	91.400000	2.386619
382	46.375805	3.231714	0.000000	91.400000	2.285017
383	46.381921	3.208104	0.000000	91.400000	2.300800
384	46.398026	3.197265	0.000000	91.400000	2.305566
385	46.393204	3.272605	0.000000	91.400000	2.488528
386	46.415216	3.280684	0.000000	91.400000	2.405341
387	46.397662	3.196141	0.000000	91.400000	2.305500
388	46.401489	3.183170	0.000000	91.400000	2.294980
389	46.405813	3.203278	0.000000	91.400000	2.411744
390	46.404275	3.158301	0.000000	91.400000	2.458964
391	46.391383	3.068194	0.000000	91.400000	2.371219
392	46.387222	3.149702	0.000000	91.400000	2.510664
393	46.385530	3.098785	0.000000	91.400000	2.380685
394	46.374410	3.146144	0.000000	91.400000	2.315505
395	46.378618	3.147791	0.000000	91.400000	2.491901
396	46.385443	3.152448	0.000000	91.400000	2.481400
397	46.401152	3.198103	0.000000	91.400000	2.550904
398	46.390986	3.238523	0.000000	91.400000	2.326369
399	46.396542	3.193073	0.000000	91.400000	2.487212
400	46.388179	3.183707	0.000000	91.400000	2.500628
401	46.388987	3.196872	0.000000	91.400000	2.397308
402	46.381807	3.118012	0.000000	91.400000	2.473451
403	46.379280	3.096043	0.000000	91.400000	2.516107
404	46.391818	3.156213	0.000000	91.400000	2.369196
405	46.377349	3.215472	0.000000	91.400000	2.403996
406	46.381283	3.261229	0.000000	91.400000	2.403476
407	46.380299	3.202957	0.000000	91.400000	2.402397
408	46.399468	3.181617	0.000000	91.400000	2.408921
409	46.388867	3.165534	0.000000	91.400000	2.299391
410	46.390742	3.111833	0.000000	91.400000	2.293232
411	46.391696	3.157113	0.000000	91.400000	2.398686
412	46.376035	3.194176	0.000000	91.400000	2.388062
413	46.377546	3.188929	0.000000	91.400000	2.277861
414	46.372586	3.162543	0.000000	91.400000	2.280354
415	46.367410	3.132769	0.000000	91.400000	2.312288
416	46.368456	3.180251	0.000000	91.400000	2.390041
417	46.374434	3.113135	0.000000	91.400000	2.311304
418	46.374118	3.160626	0.000000	91.400000	2.309498
419	46.390405	3.125238	0.000000	91.400000	2.487507
420	46.364689	3.068426	0.000000	91.400000	2.396220
421	46.389514	3.126559	0.000000	91.400000	2.314575
422	46.400589	3.120647	0.000000	91.400000	2.398343
423	46.376851	3.181061	0.000000	91.400000	2.413123
424	46.377459	3.219711	0.000000	91.400000	2.483604
425	46.382797	3.227043	0.000000	91.400000	2.471071
426	46.366912	3.248428	0.000000	91.400000	2.479121
427	46.366680	3.198259	0.000000	91.400000	2.479768
428	46.370918	3.210576	0.000000	91.400000	2.474908
429	46.374863	3.162687	0.000000	91.400000	2.462222
430	46.388203	3.223770	0.000000	91.400000	2.406453
431	46.380627	3.249354	0.000000	91.400000	2.477879
432	46.389365	3.186742	0.000000	91.400000	2.474818
433	46.386364	3.176730	0.000000	91.400000	2.451373
434	46.385896	3.240464	0.000000	91.400000	2.487436
435	46.389931	3.259208	0.000000	91.400000	2.468056
436	46.384209	3.255846	0.000000	91.400000	2.472849
437	46.396428	3.236503	0.000000	91.400000	2.500847
438	46.572495	3.246391	0.000000	91.400000	2.399178
439	46.629688	3.357565	0.000000	91.400000	2.492510
440	46.641725	3.294951	0.000000	91.400000	2.382517
441	46.671805	3.273134	0.000000	91.400000	2.469881
442	46.684778	3.323700	0.000000	91.400000	2.574358
443	46.693298	3.336022	0.000000	91.400000	2.390888
444	46.680984	3.357702	0.000000	91.400000	2.488092
445	46.702397	3.397395	0.000000	91.400000	2.465497
446	46.707147	3.384488	0.000000	91.400000	2.486088
447	46.703607	3.331188	0.000000	91.400000	2.487938
448	46.709591	3.294758	0.000000	91.400000	2.387804
449	46.722057	3.267609	0.000000	91.400000	2.472460
450	46.721631	3.287881	0.000000	91.400000	2.489698
451	46.728754	3.280520	0.000000	91.400000	2.507414
452	46.726280	3.217594	0.000000	91.400000	2.484602
453	46.737885	3.332315	0.000000	91.400000	2.415802
454	46.735993	3.304593	0.000000	91.400000	2.496742
455	46.730483	3.353565	0.000000	91.400000	2.389465
456	46.733907	3.343857	0.000000	91.400000	2.461840
457	46.724352	3.335286	0.000000	91.400000	2.490888
458	46.732655	3.356821	0.000000	91.400000	2.508110
459	46.735400	3.385825	0.000000	91.400000	2.385472
460	46.735281	3.316807	0.000000	91.400000	2.487205
461	46.746439	3.369411	0.000000	91.400000	2.482758
462	46.747148	3.395981	0.000000	91.400000	2.477149
463	46.730578	3.367480	0.000000	91.400000	2.464083
464	46.724433	3.313622	0.000000	91.400000	2.398801
465	46.747482	3.253191	0.000000	91.400000	2.503863
466	46.751672	3.290358	0.000000	91.400000	2.500671
467	46.736127	3.332503	0.000000	91.400000	2.485914
468	46.724695	3.358250	0.000000	91.400000	2.374291
469	46.716571	3.384131	0.000000	91.400000	2.465097
470	46.713623	3.321971	0.000000	91.400000	2.473256
471	46.711498	3.393309	0.000000	91.400000	2.479236
472	46.727216	3.369934	0.000000	91.400000	2.497511
473	46.723884	3.353963	0.000000	91.400000	2.402960
474	46.733797	3.294034	0.000000	91.400000	2.493362
475	46.728879	3.251621	0.000000	91.400000	2.491728
476	46.729684	3.304211	0.000000	91.400000	2.381645
477	46.735466	3.331304	0.000000	91.400000	2.466079
478	46.734920	3.324057	0.000000	91.400000	2.489728
479	46.735656	3.356600	0.000000	91.400000	2.498967
480	46.727216	3.363901	0.000000	91.400000	2.403001
481	46.736023	3.395895	0.000000	91.400000	2.490775
482	46.737444	3.291952	0.000000	91.400000	2.382440
483	46.747881	3.291390	0.000000	91.400000	2.558543
484	46.757454	3.253847	0.000000	91.400000	2.399085
485	46.739548	3.227157	0.000000	91.400000	2.502218
486	46.727586	3.331231	0.000000	91.400000	2.418428
487	46.728468	3.360374	0.000000	91.400000	2.493788
488	46.732044	3.466582	0.000000	91.400000	2.484739
489	46.741295	3.408032	0.000000	91.400000	2.363006
490	46.752822	3.442227	0.000000	91.400000	2.403384
491	46.764687	3.395393	0.000000	91.400000	2.376477
492	46.753168	3.303072	0.000000	91.400000	2.317382
493	46.753198	3.299718	0.000000	91.400000	2.492998
494	46.764117	3.308473	0.000000	91.400000	2.497106
495	46.756011	3.281192	0.000000	91.400000	2.477116
496	46.750480	3.375275	0.000000	91.400000	2.487554
497	46.766457	3.297347	0.000000	91.400000	2.304835
498	46.754712	3.316522	0.000000	91.400000	2.307836
499	46.746105	3.315931	0.000000	91.400000	2.389388
500	46.762589	3.253025	0.000000	91.400000	2.317449
501	46.760017	3.323528	0.000000	91.400000	2.296778
502	46.760052	3.314459	0.000000	91.400000	2.388525
503	46.759978	3.388718	0.000000	91.400000	2.317528
504	46.762830	3.323998	0.000000	91.400000	2.299609
505	46.766728	3.291557	0.000000	91.400000	2.457755
506	46.761608	3.226039	0.000000	91.400000	2.415909
507	46.770999	3.284801	0.000000	91.400000	2.387047
508	46.755010	3.292622	0.000000	91.400000	2.290811
509	46.756405	3.213064	0.000000	91.400000	2.301154
510	46.763766	3.294989	0.000000	91.400000	2.303370
511	46.763936	3.365011	0.000000	91.400000	2.474970
512	46.769732	3.311333	0.000000	91.400000	2.398252
513	46.760195	3.250923	0.000000	91.400000	2.315211
514	46.746004	3.234992	0.000000	91.400000	2.314552
515	46.756887	3.269734	0.000000	91.400000	2.395015
516	46.764889	3.359706	0.000000	91.400000	2.394600
517	46.771359	3.363969	0.000000	91.400000	2.287342
518	46.766397	3.361361	0.000000	91.400000	2.477180
519	46.766442	3.345189	0.000000	91.400000	2.483844
520	46.779382	3.346440	0.000000	91.400000	2.485193
521	46.773624	3.350796	0.000000	91.400000	2.324443
522	46.773696	3.265435	0.000000	91.400000	2.322754
523	46.770495	3.292580	0.000000	91.400000	2.323803
524	46.779385	3.286164	0.000000	91.400000	2.315037
525	46.783507	3.196130	0.000000	91.400000	2.289142
526	46.783680	3.241303	0.000000	91.400000	2.395950
527	46.771103	3.290352	0.000000	91.400000	2.288486
528	46.778426	3.265974	0.000000	91.400000	2.393132
529	46.763659	3.234391	0.000000	91.400000	2.392759
530	46.765175	3.195908	0.000000	91.400000	2.312240
531	46.754634	3.195800	0.000000	91.400000	2.324390
532	46.774405	3.237023	0.000000	91.400000	2.321920
533	46.767277	3.205878	0.000000	91.400000	2.507929
534	46.769038	3.133300	0.000000	91.400000	2.413001
535	46.765339	3.163882	0.000000	91.400000	2.396908
536	46.775132	3.195977	0.000000	91.400000	2.307470
537	46.768343	3.227017	0.000000	91.400000	2.408262
538	46.769071	3.240478	0.000000	91.400000	2.398400
539	46.771410	3.267470	0.000000	91.400000	2.484073
540	46.768594	3.303877	0.000000	91.400000	2.492474
541	46.777031	3.290424	0.000000	91.400000	2.474442
542	46.773696	3.297658	0.000000	91.400000	2.486375
543	46.765935	3.289664	0.000000	91.400000	2.495868
544	46.774739	3.248390	0.000000	91.400000	2.397643
545	46.773368	3.313793	0.000000	91.400000	2.481631
546	46.772891	3.268739	0.000000	91.400000	2.472561
547	46.781075	3.209567	0.000000	91.400000	2.473842
548	46.774393	3.220911	0.000000	91.400000	2.306039
549	46.780583	3.281821	0.000000	91.400000	2.296220
550	46.781173	3.181531	0.000000	91.400000	2.308950
551	46.782225	3.205066	0.000000	91.400000	2.411099
552	46.783692	3.233814	0.000000	91.400000	2.410253
553	46.789983	3.208621	0.000000	91.400000	2.317323
554	46.787965	3.206385	0.000000	91.400000	2.299706
555	46.793097	3.260911	0.000000	91.400000	2.304475
556	46.788648	3.315279	0.000000	91.400000	2.385335
557	46.781680	3.315469	0.000000	91.400000	2.328033
558	46.782339	3.327573	0.000000	91.400000	2.321994
559	46.761042	3.243564	0.000000	91.400000	2.328136
560	46.755919	3.287313	0.000000	91.400000	2.441071
561	46.762747	3.326300	0.000000	91.400000	2.448117
562	46.772686	3.375282	0.000000	91.400000	2.482006
563	46.772796	3.364103	0.000000	91.400000	2.409833
564	46.766397	3.356467	0.000000	91.400000	2.300357
565	46.769688	3.311527	0.000000	91.400000	2.403633
566	46.776813	3.322117	0.000000	91.400000	2.581119
567	46.788245	3.285327	0.000000	91.400000	2.426152
568	46.802306	3.310796	0.000000	91.400000	2.387100
569	46.798539	3.266329	0.000000	91.400000	2.317903
570	46.781331	3.311346	0.000000	91.400000	2.315300
571	46.778223	3.335523	0.000000	91.400000	2.298578
572	46.784121	3.332018	0.000000	91.400000	2.562014
573	46.787530	3.325858	0.000000	91.400000	2.414756
574	46.805027	3.321721	0.000000	91.400000	2.422852
575	46.796888	3.267882	0.000000	91.400000	2.525505
576	46.796387	3.377430	0.000000	91.400000	2.374377
577	46.795160	3.318157	0.000000	91.400000	2.294852
578	46.793985	3.286684	0.000000	91.400000	2.402467
579	46.782258	3.289283	0.000000	91.400000	2.297054
580	46.796024	3.291977	0.000000	91.400000	2.396872
581	46.776789	3.330135	0.000000	91.400000	2.298668
582	46.775323	3.284856	0.000000	91.400000	2.592122
583	46.797565	3.311972	0.000000	91.400000	2.500812
584	46.797940	3.309793	0.000000	91.400000	2.400856
585	46.796173	3.312720	0.000000	91.400000	2.299070
586	46.804619	3.319157	0.000000	91.400000	2.311219
587	46.805322	3.213852	0.000000	91.400000	2.318012
588	46.799031	3.232867	0.000000	91.400000	2.310146
589	46.790057	3.271187	0.000000	91.400000	2.303983
590	46.790946	3.304217	0.000000	91.400000	2.417719
591	46.802115	3.289922	0.000000	91.400000	2.305218
592	46.796423	3.278851	0.000000	91.400000	2.310635
593	46.790671	3.249359	0.000000	91.400000	2.310629
594	46.783251	3.305289	0.000000	91.400000	2.306102
595	46.784264	3.332062	0.000000	91.400000	2.404013
596	46.783933	3.225329	0.000000	91.400000	2.575363
597	46.782675	3.253213	0.000000	91.400000	2.407553
598	46.770179	3.229925	0.000000	91.400000	2.493329
599	46.772933	3.230146	0.000000	91.400000	2.382682
600	46.778312	3.212483	0.000000	91.400000	2.288494
601	46.784025	3.219650	0.000000	91.400000	2.392404
602	46.782896	3.263182	0.000000	91.400000	2.304302
603	46.788406	3.252816	0.000000	91.400000	2.300805
604	46.788907	3.175296	0.000000	91.400000	2.297068
605	46.791595	3.291391	0.000000	91.400000	2.303256
606	46.794194	3.330023	0.000000	91.400000	2.311316
607	46.789551	3.329678	0.000000	91.400000	2.298238
608	46.774361	3.314313	0.000000	91.400000	2.294397
609	46.783102	3.243339	0.000000	91.400000	2.299760
610	46.788561	3.341910	0.000000	91.400000	2.310757
611	46.793854	3.313494	0.000000	91.400000	2.309510
612	46.787202	3.323886	0.000000	91.400000	2.290024
613	46.791154	3.296910	0.000000	91.400000	2.282203
614	46.784765	3.308576	0.000000	91.400000	2.273846
615	46.796477	3.314101	0.000000	91.400000	2.301169
616	46.788543	3.278134	0.000000	91.400000	2.306598
617	46.790171	3.351653	0.000000	91.400000	2.306139
618	46.791983	3.272353	0.000000	91.400000	2.299425
619	46.791595	3.282733	0.000000	91.400000	2.296219
620	46.790290	3.209942	0.000000	91.400000	2.305643
621	46.793741	3.232289	0.000000	91.400000	2.304147
622	46.790445	3.329901	0.000000	91.400000	2.304602
623	46.784198	3.309529	0.000000	91.400000	2.287832
624	46.783137	3.332652	0.000000	91.400000	2.301942
625	46.784723	3.231884	0.000000	91.400000	2.292369
626	46.795553	3.261956	0.000000	91.400000	2.300299
627	46.800274	3.293356	0.000000	91.400000	2.285002
628	46.797073	3.349507	0.000000	91.400000	2.287685
629	46.788788	3.343362	0.000000	91.400000	2.289488
630	46.782333	3.388925	0.000000	91.400000	2.303309
631	46.782425	3.385055	0.000000	91.400000	2.401703
632	46.796447	3.327215	0.000000	91.400000	2.298491
633	46.793693	3.291813	0.000000	91.400000	2.382807
634	46.779114	3.305456	0.000000	91.400000	2.473557
635	46.792513	3.360654	0.000000	91.400000	2.382357
636	46.800646	3.238304	0.000000	91.400000	2.291794
637	46.772876	3.279950	0.000000	91.400000	2.409992
638	46.775961	3.271475	0.000000	91.400000	2.303263
639	46.950817	3.361971	0.000000	91.400000	2.448714
640	47.000960	3.328533	0.000000	91.400000	2.405827
641	47.034007	3.333287	0.000000	91.400000	2.283416
642	47.043589	3.380929	0.000000	91.400000	2.404243
643	47.061905	3.371898	0.000000	91.400000	2.488036
644	47.058228	3.344176	0.000000	91.400000	2.500463
645	47.070915	3.324111	0.000000	91.400000	2.393201
646	47.074550	3.321079	0.000000	91.400000	2.379120
647	47.076452	3.313593	0.000000	91.400000	2.391881
648	47.080678	3.392179	0.000000	91.400000	2.285988
649	47.084880	3.379816	0.000000	91.400000	2.397213
650	47.084641	3.373777	0.000000	91.400000	2.412842
651	47.090000	3.344316	0.000000	91.400000	2.405692
652	47.079334	3.333132	0.000000	91.400000	2.396026
653	47.082990	3.341660	0.000000	91.400000	2.317654
654	47.090188	3.368016	0.000000	91.400000	2.586599
655	47.092587	3.323018	0.000000	91.400000	2.403269
656	47.094256	3.311448	0.000000	91.400000	2.373075
657	47.097525	3.317897	0.000000	91.400000	2.602251
658	47.079223	3.286977	0.000000	91.400000	2.383813
659	47.085714	3.317577	0.000000	91.400000	2.300947
660	47.080597	3.289409	0.000000	91.400000	2.413693
661	47.088948	3.332803	0.000000	91.400000	2.600800
662	47.099131	3.314576	0.000000	91.400000	2.300681
663	47.093013	3.320449	0.000000	91.400000	2.301098
664	47.098625	3.311064	0.000000	91.400000	2.293663
665	47.100586	3.347272	0.000000	91.400000	2.304886
666	47.102523	3.325767	0.000000	91.400000	2.315290
667	47.106692	3.326469	0.000000	91.400000	2.316906
668	47.105202	3.246538	0.000000	91.400000	2.301632
669	47.096440	3.326151	0.000000	91.400000	2.302263
670	47.089833	3.380775	0.000000	91.400000	2.309343
671	47.095537	3.386278	0.000000	91.400000	2.307973
672	47.093183	3.338659	0.000000	91.400000	2.304368
673	47.100812	3.360673	0.000000	91.400000	2.293835
674	47.105286	3.348557	0.000000	91.400000	2.304029
675	47.100171	3.300366	0.000000	91.400000	2.315382
676	47.104076	3.296245	0.000000	91.400000	2.310196
677	47.102553	3.283879	0.000000	91.400000	2.381320
678	47.105166	3.339705	0.000000	91.400000	2.397918
679	47.094584	3.347410	0.000000	91.400000	2.392655
680	47.098750	3.351298	0.000000	91.400000	2.479852
681	47.090870	3.345910	0.000000	91.400000	2.410283
682	47.100073	3.360655	0.000000	91.400000	2.403732
683	47.087818	3.307164	0.000000	91.400000	2.409858
684	47.098398	3.289057	0.000000	91.400000	2.405611
685	47.109216	3.305403	0.000000	91.400000	2.387624
686	47.113338	3.341497	0.000000	91.400000	2.410316
687	47.110784	3.327929	0.000000	91.400000	2.401423
688	47.092646	3.325023	0.000000	91.400000	2.395357
689	47.102451	3.321309	0.000000	91.400000	2.402457
690	47.109616	3.313643	0.000000	91.400000	2.300122
691	47.097433	3.341630	0.000000	91.400000	2.316115
692	47.109431	3.332639	0.000000	91.400000	2.409163
693	47.111011	3.294855	0.000000	91.400000	2.406003
694	47.113359	3.318638	0.000000	91.400000	2.400290
695	47.102371	3.320000	0.000000	91.400000	2.404132
696	47.101945	3.362531	0.000000	91.400000	2.481923
697	47.113985	3.312917	0.000000	91.400000	2.372127
698	47.106129	3.361121	0.000000	91.400000	2.303380
699	47.106469	3.355710	0.000000	91.400000	2.352052
700	47.113994	3.360305	0.000000	91.400000	2.407926
701	47.104591	3.439469	0.000000	91.400000	2.476403
702	47.098142	3.434895	0.000000	91.400000	2.384326
703	47.102943	3.428689	0.000000	91.400000	2.466778
704	47.101194	3.327352	0.000000	91.400000	2.468830
705	47.107124	3.288138	0.000000	91.400000	2.468334
706	47.094837	3.382470	0.000000	91.400000	2.393201
707	47.105461	3.413336	0.000000	91.400000	2.462404
708	47.099432	3.386510	0.000000	91.400000	2.499037
709	47.102368	3.375460	0.000000	91.400000	2.393485
710	47.099584	3.352983	0.000000	91.400000	2.427662
711	47.105891	3.371000	0.000000	91.400000	2.489444
712	47.105211	3.356304	0.000000	91.400000	2.484267
713	47.094804	3.369237	0.000000	91.400000	2.382102
714	47.097069	3.374200	0.000000	91.400000	2.400958
715	47.092649	3.406741	0.000000	91.400000	2.319080
716	47.103265	3.423781	0.000000	91.400000	2.311548
717	47.101873	3.430939	0.000000	91.400000	2.305441
718	47.113055	3.435616	0.000000	91.400000	2.308426
719	47.116202	3.454382	0.000000	91.400000	2.318854
720	47.115883	3.496285	0.000000	91.400000	2.313193
721	47.111017	3.445877	0.000000	91.400000	2.383596
722	47.120747	3.376867	0.000000	91.400000	2.484325
723	47.115630	3.399624	0.000000	91.400000	2.394912
724	47.116929	3.347717	0.000000	91.400000	2.403853
725	47.124350	3.379126	0.000000	91.400000	2.463231
726	47.115132	3.424177	0.000000	91.400000	2.479944
727	47.106111	3.358171	0.000000	91.400000	2.475624
728	47.103906	3.392288	0.000000	91.400000	2.400183
729	47.097120	3.404064	0.000000	91.400000	2.385508
730	47.087836	3.475104	0.000000	91.400000	2.547067
731	47.094658	3.484194	0.000000	91.400000	2.398978
732	47.102439	3.366266	0.000000	91.400000	2.414800
733	47.096691	3.369741	0.000000	91.400000	2.486958
734	47.103095	3.348243	0.000000	91.400000	2.488278
735	47.099862	3.348124	0.000000	91.400000	2.475855
736	47.114643	3.401866	0.000000	91.400000	2.474692
737	47.109810	3.452616	0.000000	91.400000	2.397079
738	47.112167	3.438649	0.000000	91.400000	2.417687
739	47.101188	3.424437	0.000000	91.400000	2.485260
740	47.117266	3.412400	0.000000	91.400000	2.485112
741	47.130549	3.438262	0.000000	91.400000	2.378598
742	47.138506	3.406532	0.000000	91.400000	2.407671
743	47.132173	3.400101	0.000000	91.400000	2.373363
744	47.129112	3.392225	0.000000	91.400000	2.320493
745	47.136021	3.392765	0.000000	91.400000	2.314620
746	47.135621	3.399495	0.000000	91.400000	2.314084
747	47.138712	3.373535	0.000000	91.400000	2.490824
748	47.119665	3.369511	0.000000	91.400000	2.328782
749	47.126335	3.394567	0.000000	91.400000	2.305693
750	47.123268	3.420700	0.000000	91.400000	2.389060
751	47.117466	3.388070	0.000000	91.400000	2.402945
752	47.123611	3.492561	0.000000	91.400000	2.294097
753	47.117972	3.431638	0.000000	91.400000	2.308465
754	47.117639	3.469193	0.000000	91.400000	2.401011
755	47.118399	3.469332	0.000000	91.400000	2.396330
756	47.106004	3.471952	0.000000	91.400000	2.320117
757	47.101527	3.432501	0.000000	91.400000	2.302631
758	47.112992	3.411964	0.000000	91.400000	2.310604
759	47.107983	3.379403	0.000000	91.400000	2.421217
760	47.116166	3.380388	0.000000	91.400000	2.399235
761	47.108561	3.341642	0.000000	91.400000	2.418638
762	47.104764	3.308318	0.000000	91.400000	2.496491
763	47.111398	3.328623	0.000000	91.400000	2.415061
764	47.105044	3.364057	0.000000	91.400000	2.300459
765	47.105625	3.378723	0.000000	91.400000	2.399564
766	47.110844	3.398346	0.000000	91.400000	2.384487
767	47.104442	3.372035	0.000000	91.400000	2.418566
768	47.107571	3.358832	0.000000	91.400000	2.487896
769	47.103694	3.376227	0.000000	91.400000	2.481145
770	47.108668	3.442795	0.000000	91.400000	2.478845
771	47.124821	3.386247	0.000000	91.400000	2.481262
772	47.125506	3.435757	0.000000	91.400000	2.484652
773	47.116229	3.393789	0.000000	91.400000	2.389209
774	47.119486	3.383275	0.000000	91.400000	2.490370
775	47.116151	3.484238	0.000000	91.400000	2.398033
776	47.118235	3.491986	0.000000	91.400000	2.483725
777	47.118452	3.483602	0.000000	91.400000	2.504228
778	47.123647	3.411225	0.000000	91.400000	2.483962
779	47.118682	3.408794	0.000000	91.400000	2.484984
780	47.122586	3.373338	0.000000	91.400000	2.478136
781	47.120938	3.298319	0.000000	91.400000	2.462070
782	47.127619	3.309889	0.000000	91.400000	2.399531
783	47.136784	3.341001	0.000000	91.400000	2.498256
784	47.137356	3.358178	0.000000	91.400000	2.496004
785	47.123629	3.379046	0.000000	91.400000	2.475160
786	47.123492	3.351130	0.000000	91.400000	2.478970
787	47.136754	3.384724	0.000000	91.400000	2.392735
788	47.132146	3.378449	0.000000	91.400000	2.502976
789	47.131336	3.441405	0.000000	91.400000	2.404035
790	47.124398	3.420637	0.000000	91.400000	2.491482
791	47.127610	3.359787	0.000000	91.400000	2.482938
792	47.121418	3.375238	0.000000	91.400000	2.381224
793	47.122371	3.386352	0.000000	91.400000	2.558763
794	47.133011	3.375662	0.000000	91.400000	2.482753
795	47.130543	3.368205	0.000000	91.400000	2.463184
796	47.134686	3.360302	0.000000	91.400000	2.397865
797	47.129822	3.387905	0.000000	91.400000	2.473887
798	47.131503	3.416760	0.000000	91.400000	2.477484
799	47.307226	3.431304	0.000000	91.400000	2.476521
800	47.334179	3.438159	0.000000	91.400000	2.483235
801	47.346565	3.499552	0.000000	91.400000	2.396352
802	47.363859	3.472064	0.000000	91.400000	2.511099
803	47.361189	3.441761	0.000000	91.400000	2.398127
804	47.374710	3.465680	0.000000	91.400000	2.480362
805	47.379452	3.434705	0.000000	91.400000	2.475309
806	47.381741	3.449768	0.000000	91.400000	2.486066
807	47.384715	3.449200	0.000000	91.400000	2.484765
808	47.386473	3.439021	0.000000	91.400000	2.392465
809	47.387803	3.464291	0.000000	91.400000	2.486656
810	47.394210	3.481721	0.000000	91.400000	2.386933
811	47.391358	3.450326	0.000000	91.400000	2.576890
812	47.400606	3.426149	0.000000	91.400000	2.404973
813	47.395992	3.439621	0.000000	91.400000	2.487260
814	47.396433	3.387221	0.000000	91.400000	2.454708
815	47.392458	3.399457	0.000000	91.400000	2.493774
816	47.390640	3.408356	0.000000	91.400000	2.498937
817	47.397938	3.434753	0.000000	91.400000	2.400016
818	47.392547	3.366911	0.000000	91.400000	2.494774
819	47.397494	3.378013	0.000000	91.400000	2.491942
820	47.405237	3.402547	0.000000	91.400000	2.477954
821	47.392619	3.371904	0.000000	91.400000	2.482663
822	47.394904	3.363314	0.000000	91.400000	2.388923
823	47.394243	3.389938	0.000000	91.400000	2.503644
824	47.396636	3.404904	0.000000	91.400000	2.402647
825	47.398037	3.392271	0.000000	91.400000	2.488448
826	47.399411	3.414043	0.000000	91.400000	2.486442
827	47.390527	3.415137	0.000000	91.400000	2.468010
828	47.387797	3.418280	0.000000	91.400000	2.481357
829	47.389802	3.428151	0.000000	91.400000	2.395266
830	47.391680	3.448994	0.000000	91.400000	2.422114
831	47.393069	3.418129	0.000000	91.400000	2.485279
832	47.402000	3.405724	0.000000	91.400000	2.490919
833	47.394222	3.416639	0.000000	91.400000	2.478605
834	47.393435	3.415454	0.000000	91.400000	2.482549
835	47.397441	3.434402	0.000000	91.400000	2.482086
836	47.394338	3.463663	0.000000	91.400000	2.396881
837	47.392410	3.445706	0.000000	91.400000	2.427459
838	47.397155	3.401133	0.000000	91.400000	2.486265
839	47.395054	3.418963	0.000000	91.400000	2.489819
840	47.394240	3.380324	0.000000	91.400000	2.477492
841	47.397351	3.430580	0.000000	91.400000	2.476728
842	47.396088	3.407241	0.000000	91.400000	2.402423
843	47.389644	3.367351	0.000000	91.400000	2.508415
844	47.397521	3.399729	0.000000	91.400000	2.311544
845	47.399577	3.351717	0.000000	91.400000	2.313946
846	47.400910	3.366058	0.000000	91.400000	2.311714
847	47.397029	3.306063	0.000000	91.400000	2.488245
848	47.398323	3.315350	0.000000	91.400000	2.495029
849	47.399420	3.283789	0.000000	91.400000	2.509578
850	47.402102	3.284201	0.000000	91.400000	2.313204
851	47.396260	3.310163	0.000000	91.400000	2.319879
852	47.391245	3.340185	0.000000	91.400000	2.321454
853	47.397852	3.369512	0.000000	91.400000	2.290514
854	47.402465	3.357468	0.000000	91.400000	2.307135
855	47.401157	3.379718	0.000000	91.400000	2.304100
856	47.398740	3.373151	0.000000	91.400000	2.310919
857	47.392809	3.401911	0.000000	91.400000	2.383513
858	47.398776	3.391975	0.000000	91.400000	2.408587
859	47.399914	3.389248	0.000000	91.400000	2.310813
860	47.406060	3.390422	0.000000	91.400000	2.325043
861	47.407073	3.385358	0.000000	91.400000	2.316363
862	47.402892	3.409347	0.000000	91.400000	2.397232
863	47.408733	3.392605	0.000000	91.400000	2.405547
864	47.406620	3.392526	0.000000	91.400000	2.310967
865	47.412163	3.400060	0.000000	91.400000	2.305151
866	47.410765	3.411305	0.000000	91.400000	2.404582
867	47.406763	3.393868	0.000000	91.400000	2.390749
868	47.411376	3.401434	0.000000	91.400000	2.502435
869	47.406504	3.420352	0.000000	91.400000	2.482442
870	47.409135	3.386995	0.000000	91.400000	2.450731
871	47.407636	3.378717	0.000000	91.400000	2.496420
872	47.407120	3.419517	0.000000	91.400000	2.477790
873	47.408867	3.395874	0.000000	91.400000	2.396639
874	47.409934	3.364434	0.000000	91.400000	2.499436
875	47.404265	3.385718	0.000000	91.400000	2.383343
876	47.406068	3.428794	0.000000	91.400000	2.391961
877	47.408614	3.420673	0.000000	91.400000	2.295628
878	47.408262	3.423037	0.000000	91.400000	2.313026
879	47.406769	3.470325	0.000000	91.400000	2.421634
880	47.404647	3.409829	0.000000	91.400000	2.381931
881	47.407472	3.417081	0.000000	91.400000	2.519020
882	47.405168	3.389410	0.000000	91.400000	2.288854
883	47.410446	3.385334	0.000000	91.400000	2.302437
884	47.408634	3.363276	0.000000	91.400000	2.303171
885	47.413009	3.385730	0.000000	91.400000	2.407933
886	47.410893	3.370317	0.000000	91.400000	2.486070
887	47.423118	3.371820	0.000000	91.400000	2.388544
888	47.419119	3.369016	0.000000	91.400000	2.420043
889	47.417891	3.356054	0.000000	91.400000	2.404826
890	47.417194	3.354646	0.000000	91.400000	2.288783
891	47.412917	3.409814	0.000000	91.400000	2.549496
892	47.416246	3.406773	0.000000	91.400000	2.393775
893	47.414869	3.440988	0.000000	91.400000	2.483411
894	47.412506	3.403775	0.000000	91.400000	2.410546
895	47.413766	3.391315	0.000000	91.400000	2.455552
896	47.418702	3.403277	0.000000	91.400000	2.495456
897	47.420138	3.398754	0.000000	91.400000	2.490539
898	47.423303	3.422608	0.000000	91.400000	2.478404
899	47.423285	3.373459	0.000000	91.400000	2.490210
900	47.421849	3.413212	0.000000	91.400000	2.402059
901	47.428513	3.404070	0.000000	91.400000	2.461258
902	47.429651	3.407454	0.000000	91.400000	2.393615
903	47.423083	3.357457	0.000000	91.400000	2.565703
904	47.423935	3.399640	0.000000	91.400000	2.474986
905	47.429007	3.406789	0.000000	91.400000	2.471762
906	47.422045	3.372444	0.000000	91.400000	2.397015
907	47.420800	3.379629	0.000000	91.400000	2.477249
908	47.420630	3.392099	0.000000	91.400000	2.431513
909	47.417915	3.407186	0.000000	91.400000	2.505190
910	47.424072	3.403448	0.000000	91.400000	2.494367
911	47.417402	3.434142	0.000000	91.400000	2.469327
912	47.422409	3.415140	0.000000	91.400000	2.464115
913	47.421628	3.382196	0.000000	91.400000	2.490123
914	47.420591	3.425307	0.000000	91.400000	2.484777
915	47.424209	3.431485	0.000000	91.400000	2.461910
916	47.429204	3.387971	0.000000	91.400000	2.403798
917	47.428983	3.404675	0.000000	91.400000	2.470309
918	47.432512	3.403116	0.000000	91.400000	2.485014
919	47.432014	3.416853	0.000000	91.400000	2.469870
920	47.436899	3.369795	0.000000	91.400000	2.394280
921	47.432262	3.386796	0.000000	91.400000	2.533802
922	47.430372	3.404794	0.000000	91.400000	2.482412
923	47.428364	3.413461	0.000000	91.400000	2.406484
924	47.429219	3.367823	0.000000	91.400000	2.317313
925	47.424585	3.414001	0.000000	91.400000	2.428375
926	47.421706	3.420834	0.000000	91.400000	2.639559
927	47.424445	3.451566	0.000000	91.400000	2.408289
928	47.421658	3.439856	0.000000	91.400000	2.561344
929	47.415692	3.452507	0.000000	91.400000	2.393485
930	47.421822	3.428981	0.000000	91.400000	2.494437
931	47.415808	3.404232	0.000000	91.400000	2.399822
932	47.423548	3.408861	0.000000	91.400000	2.554771
933	47.418350	3.404356	0.000000	91.400000	2.385626
934	47.418404	3.400408	0.000000	91.400000	2.408514
935	47.419578	3.421695	0.000000	91.400000	2.566534
936	47.419712	3.391305	0.000000	91.400000	2.500221
937	47.422016	3.398656	0.000000	91.400000	2.379288
938	47.421056	3.388107	0.000000	91.400000	2.448900
939	47.424778	3.358601	0.000000	91.400000	2.439027
940	47.422755	3.414376	0.000000	91.400000	2.585805
941	47.426587	3.395217	0.000000	91.400000	2.404242
942	47.424033	3.429163	0.000000	91.400000	2.474833
943	47.429699	3.410294	0.000000	91.400000	2.494882
944	47.430810	3.414098	0.000000	91.400000	2.463208
945	47.434089	3.456291	0.000000	91.400000	2.397646
946	47.429314	3.401304	0.000000	91.400000	2.564519
947	47.437027	3.425229	0.000000	91.400000	2.452955
948	47.434041	3.409708	0.000000	91.400000	2.412892
949	47.429526	3.428399	0.000000	91.400000	2.471344
950	47.425973	3.406029	0.000000	91.400000	2.506407
951	47.427779	3.386023	0.000000	91.400000	2.485460
952	47.426879	3.396287	0.000000	91.400000	2.458360
953	47.426921	3.423626	0.000000	91.400000	2.403212
954	47.433823	3.431375	0.000000	91.400000	2.305368
955	47.428310	3.424528	0.000000	91.400000	2.332360
956	47.428137	3.422492	0.000000	91.400000	2.359365
957	47.422147	3.415419	0.000000	91.400000	2.356198
958	47.435263	3.386242	0.000000	91.400000	2.310043
959	47.427619	3.416914	0.000000	91.400000	2.316467
960	47.435990	3.425028	0.000000	91.400000	2.285359
961	47.427231	3.456966	0.000000	91.400000	2.386689
962	47.433788	3.422699	0.000000	91.400000	2.484822
963	47.424024	3.407313	0.000000	91.400000	2.469979
964	47.424364	3.378196	0.000000	91.400000	2.488646
965	47.428483	3.388680	0.000000	91.400000	2.388394
966	47.429210	3.365968	0.000000	91.400000	2.392455
967	47.420743	3.425554	0.000000	91.400000	2.408201
968	47.425643	3.380080	0.000000	91.400000	2.500696
969	47.424805	3.398423	0.000000	91.400000	2.374276
970	47.427809	3.401567	0.000000	91.400000	2.293993
971	47.422206	3.407063	0.000000	91.400000	2.493139
972	47.425252	3.406062	0.000000	91.400000	2.389304
973	47.426361	3.401306	0.000000	91.400000	2.499752
974	47.422627	3.440384	0.000000	91.400000	2.322712
975	47.429311	3.386158	0.000000	91.400000	2.300797
976	47.428459	3.352564	0.000000	91.400000	2.392333
977	47.421247	3.389150	0.000000	91.400000	2.321792
978	47.424555	3.379173	0.000000	91.400000	2.299357
979	47.427070	3.398876	0.000000	91.400000	2.389863
980	47.430620	3.378617	0.000000	91.400000	2.321744
981	47.428367	3.340690	0.000000	91.400000	2.313396
982	47.427386	3.354459	0.000000	91.400000	2.454287
983	47.426665	3.351543	0.000000	91.400000	2.335249
984	47.428697	3.354812	0.000000	91.400000	2.329989
985	47.431993	3.369683	0.000000	91.400000	2.319116
986	47.428504	3.366708	0.000000	91.400000	2.292981
987	47.425377	3.402612	0.000000	91.400000	2.400785
988	47.426325	3.396226	0.000000	91.400000	2.324056
989	47.427529	3.355897	0.000000	91.400000	2.289720
990	47.422403	3.391178	0.000000	91.400000	2.478292
991	47.422814	3.402688	0.000000	91.400000	2.399118
992	47.423583	3.370744	0.000000	91.400000	2.467713
993	47.428530	3.404289	0.000000	91.400000	2.466609
994	47.426736	3.385825	0.000000	91.400000	2.417387
995	47.430152	3.368632	0.000000	91.400000	2.397056
996	47.426730	3.376251	0.000000	91.400000	2.421366
997	47.426414	3.374785	0.000000	91.400000	2.374218
998	47.426647	3.376256	0.000000	91.400000	2.099996
999	47.473216	3.371562	0.000000	91.400000	2.197362
1000	47.472841	3.374467	0.000000	91.400000	2.116667
1001	47.473621	3.378162	0.000000	91.400000	2.100961
1002	47.473410	3.375355	0.000000	91.400000	2.108760
1003	47.473747	3.375291	0.000000	91.400000	2.197701
1004	47.474027	3.376763	0.000000	91.400000	2.102185
1005	47.474045	3.376456	0.000000	91.400000	2.180411
1006	47.474086	3.377201	0.000000	91.400000	2.114540
1007	47.474223	3.377168	0.000000	91.400000	2.111685
1008	47.474223	3.377168	0.000000	91.400000	2.213524
1009	47.474223	3.377168	0.000000	91.400000	2.232006
1010	47.474223	3.377168	0.000000	91.400000	2.110882
1011	47.474223	3.377168	0.000000	91.400000	2.103576
1012	47.474223	3.377168	0.000000	91.400000	2.092783
1013	47.474223	3.377168	0.000000	91.400000	2.207138
1014	47.474223	3.377168	0.000000	91.400000	2.194623
1015	47.474223	3.377168	0.000000	91.400000	2.284726
1016	47.474223	3.377168	0.000000	91.400000	2.113019
1017	47.474223	3.377168	0.000000	91.400000	2.108803
1018	47.474223	3.377168	0.000000	91.400000	2.164109
1019	47.474223	3.377168	0.000000	91.400000	2.151301
1020	47.474223	3.377168	0.000000	91.400000	2.195349
1021	47.474223	3.377168	0.000000	91.400000	2.295713
1022	47.474223	3.377168	0.000000	91.400000	2.177191
1023	47.474223	3.377168	0.000000	91.400000	2.207609
1024	47.474223	3.377168	0.000000	91.400000	2.204369
1025	47.474223	3.377168	0.000000	91.400000	2.101313
1026	47.474223	3.377168	0.000000	91.400000	2.094195
1027	47.474223	3.377168	0.000000	91.400000	2.119697
1028	47.474223	3.377168	0.000000	91.400000	2.093600
1029	47.474223	3.377168	0.000000	91.400000	2.208478
1030	47.474223	3.377168	0.000000	91.400000	2.185052
1031	47.474223	3.377168	0.000000	91.400000	2.191268
1032	47.474223	3.377168	0.000000	91.400000	2.113081
1033	47.474223	3.377168	0.000000	91.400000	2.215530
1034	47.474223	3.377168	0.000000	91.400000	2.222275
1035	47.474223	3.377168	0.000000	91.400000	2.376537
1036	47.474223	3.377168	0.000000	91.400000	2.096246
1037	47.474223	3.377168	0.000000	91.400000	2.106203
1038	47.474223	3.377168	0.000000	91.400000	2.221665
1039	47.474223	3.377168	0.000000	91.400000	2.084363
1040	47.474223	3.377168	0.000000	91.400000	2.201059
1041	47.474223	3.377168	0.000000	91.400000	2.114322
1042	47.474223	3.377168	0.000000	91.400000	2.188740
1043	47.474223	3.377168	0.000000	91.400000	2.357450
1044	47.474223	3.377168	0.000000	91.400000	2.348018
1045	47.474223	3.377168	0.000000	91.400000	2.074310
1046	47.474223	3.377168	0.000000	91.400000	2.101755
1047	47.474223	3.377168	0.000000	91.400000	2.202923
1048	47.474223	3.377168	0.000000	91.400000	2.182334
1049	47.474223	3.377168	0.000000	91.400000	2.210454
1050	47.474223	3.377168	0.000000	91.400000	2.116657
1051	47.474223	3.377168	0.000000	91.400000	2.297132
1052	47.474223	3.377168	0.000000	91.400000	2.091774
1053	47.474223	3.377168	0.000000	91.400000	2.117121
1054	47.474223	3.377168	0.000000	91.400000	2.192965
1055	47.474223	3.377168	0.000000	91.400000	2.101491
1056	47.474223	3.377168	0.000000	91.400000	2.184833
1057	47.474223	3.377168	0.000000	91.400000	2.092871
