1	30.387831	5.961869	0.000000	91.400000	2.250057
2	36.724085	8.997112	0.000000	91.400000	2.290140
3	40.199110	10.142747	0.000000	91.400000	2.302275
4	42.193395	10.678835	0.000000	91.400000	2.301011
5	43.404710	10.958162	0.000000	91.400000	2.294279
6	44.175833	11.029607	0.000000	91.400000	2.296710
7	44.676411	10.960970	0.000000	91.400000	2.278551
8	45.052201	11.033735	0.000000	91.400000	2.300998
9	45.331341	11.010767	0.000000	91.400000	2.307760
10	45.585850	10.980157	0.000000	91.400000	2.302522
11	45.772034	11.093972	0.000000	91.400000	2.304622
12	45.933878	11.158786	0.000000	91.400000	2.292723
13	46.071985	11.133054	0.000000	91.400000	2.308073
14	46.187884	11.118883	0.000000	91.400000	2.302652
15	46.270323	11.059292	0.000000	91.400000	2.323662
16	46.345830	11.148236	0.072939	91.400000	2.287908
17	46.422094	11.177540	0.000000	91.400000	2.300381
18	46.479610	11.202353	0.000000	91.400000	2.305727
19	46.534324	11.126826	0.000000	91.400000	2.316557
20	46.599281	11.184977	0.000000	91.400000	2.304043
21	46.645910	11.233245	0.072939	91.400000	2.303059
22	46.678156	11.225265	0.145879	91.400000	2.326168
23	46.727544	11.348888	0.072939	91.400000	2.324308
24	46.756575	11.344540	0.072939	91.400000	2.302328
25	46.764609	11.297306	0.072939	91.400000	2.305794
26	46.790260	11.267280	0.072939	91.400000	2.326415
27	46.816450	11.307008	0.072939	91.400000	2.334557
28	46.834403	11.347848	0.145879	91.400000	2.323555
29	46.858943	11.275938	0.145879	91.400000	2.325247
30	46.860567	11.379201	0.072939	91.400000	2.316074
31	46.865046	11.311391	0.072939	91.400000	2.310613
32	46.887302	11.334371	0.072939	91.400000	2.310387
33	46.894640	11.356352	0.072939	91.400000	2.326527
34	46.896428	11.424651	0.072939	91.400000	2.323557
35	46.917769	11.429375	0.072939	91.400000	2.333514
36	46.947783	11.350361	0.072939	91.400000	2.311116
37	46.942580	11.358531	0.145879	91.400000	2.320101
38	46.951765	11.401880	0.072939	91.400000	2.307152
39	46.968716	11.329190	0.218818	91.400000	2.418811
40	46.980679	11.307282	0.145879	91.400000	2.399814
41	46.985224	11.283631	0.145879	91.400000	2.320058
42	46.982861	11.279904	0.145879	91.400000	2.319988
43	46.986040	11.245305	0.145879	91.400000	2.410711
44	46.998057	11.313978	0.145879	91.400000	2.431567
45	47.005308	11.327605	0.000000	91.400000	2.417965
46	47.003657	11.365108	0.072939	91.400000	2.405666
47	47.011539	11.391707	0.000000	91.400000	2.507902
48	47.016740	11.401779	0.000000	91.400000	2.416238
49	47.032124	11.363583	0.072939	91.400000	2.411219
50	47.035170	11.244462	0.072939	91.400000	2.423205
51	47.031319	11.341624	0.000000	91.400000	2.329387
52	47.037378	11.473343	0.072939	91.400000	2.523073
53	47.026563	11.327969	0.000000	91.400000	2.416485
54	47.034165	11.473867	0.072939	91.400000	2.423270
55	47.034538	11.370204	0.000000	91.400000	2.421851
56	47.044241	11.362505	0.072939	91.400000	2.423261
57	47.061312	11.330622	0.072939	91.400000	2.516328
58	47.060451	11.336116	0.072939	91.400000	2.405320
59	47.071791	11.347975	0.072939	91.400000	2.422642
60	47.072619	11.305872	0.000000	91.400000	2.415508
61	47.094068	11.318223	0.072939	91.400000	2.504564
62	47.099948	11.333050	0.072939	91.400000	2.490996
63	47.111183	11.382431	0.145879	91.400000	2.431738
64	47.094202	11.404696	0.145879	91.400000	2.416719
65	47.094083	11.442785	0.145879	91.400000	2.432199
66	47.104421	11.449503	0.145879	91.400000	2.486029
67	47.120252	11.466888	0.145879	91.400000	2.486167
68	47.131300	11.374690	0.145879	91.400000	2.484859
69	47.119585	11.391449	0.145879	91.400000	2.516961
70	47.124743	11.393743	0.145879	91.400000	2.499454
71	47.114065	11.326388	0.218818	91.400000	2.517059
72	47.131389	11.411105	0.145879	91.400000	2.506675
73	47.143003	11.371889	0.145879	91.400000	2.420105
74	47.139135	11.399857	0.145879	91.400000	2.399753
75	47.144544	11.468236	0.072939	91.400000	2.356547
76	47.134382	11.383125	0.072939	91.400000	2.360477
77	47.143316	11.424401	0.072939	91.400000	2.305733
78	47.137922	11.470676	0.072939	91.400000	2.440621
79	47.130382	11.400585	0.072939	91.400000	2.321136
80	47.150615	11.299122	0.072939	91.400000	2.353390
81	47.147036	11.347005	0.145879	91.400000	2.401555
82	47.145298	11.383101	0.072939	91.400000	2.409550
83	47.162098	11.399595	0.072939	91.400000	2.502533
84	47.165304	11.412671	0.145879	91.400000	2.311664
85	47.146094	11.512076	0.072939	91.400000	2.517736
86	47.166765	11.440825	0.072939	91.400000	2.529749
87	47.165108	11.432676	0.145879	91.400000	2.518687
88	47.137728	11.399195	0.145879	91.400000	2.517176
89	47.155330	11.330312	0.145879	91.400000	2.354179
90	47.183847	11.346322	0.072939	91.400000	2.418223
91	47.167900	11.391917	0.072939	91.400000	2.520821
92	47.185752	11.398483	0.000000	91.400000	2.435126
93	47.175634	11.467066	0.000000	91.400000	2.362656
94	47.185126	11.419356	0.072939	91.400000	2.323470
95	47.165784	11.361215	0.072939	91.400000	2.435810
96	47.163081	11.342820	0.145879	91.400000	2.409569
97	47.171730	11.381733	0.072939	91.400000	2.325744
98	47.158682	11.443077	0.072939	91.400000	2.488157
99	47.163534	11.429219	0.072939	91.400000	2.481366
100	47.168964	11.402186	0.072939	91.400000	2.625899
101	47.187340	11.416906	0.145879	91.400000	2.498957
102	47.176075	11.404933	0.072939	91.400000	2.361962
103	47.191614	11.404246	0.072939	91.400000	2.341866
104	47.192264	11.460788	0.072939	91.400000	2.317201
105	47.208849	11.395457	0.218818	91.400000	2.459318
106	47.191131	11.427725	0.072939	91.400000	2.453517
107	47.187418	11.493731	0.145879	91.400000	2.426666
108	47.208989	11.458269	0.000000	91.400000	2.316010
109	47.201598	11.438984	0.072939	91.400000	2.429999
110	47.208327	11.395090	0.000000	91.400000	2.507452
111	47.211546	11.478568	0.000000	91.400000	2.472080
112	47.194999	11.407079	0.000000	91.400000	2.497488
113	47.191572	11.496031	0.218818	91.400000	2.507679
114	47.188532	11.483963	0.072939	91.400000	2.490833
115	47.194177	11.503891	0.145879	91.400000	2.516184
116	47.207671	11.490067	0.072939	91.400000	2.483448
117	47.213283	11.408804	0.145879	91.400000	2.502279
118	47.201663	11.483440	0.145879	91.400000	2.501163
119	47.201329	11.485634	0.145879	91.400000	2.391749
120	47.217649	11.531575	0.145879	91.400000	2.516801
121	47.214085	11.627624	0.145879	91.400000	2.498300
122	47.206238	11.508217	0.145879	91.400000	2.507859
123	47.201666	11.514977	0.218818	91.400000	2.505362
124	47.198480	11.429175	0.145879	91.400000	2.481834
125	47.223377	11.497429	0.072939	91.400000	2.486049
126	47.213656	11.537982	0.145879	91.400000	2.495393
127	47.218573	11.443198	0.072939	91.400000	2.400717
128	47.209594	11.542664	0.072939	91.400000	2.507554
129	47.196689	11.514905	0.145879	91.400000	2.484019
130	47.199866	11.590469	0.145879	91.400000	2.414608
131	47.201544	11.481201	0.145879	91.400000	2.523039
132	47.198433	11.506477	0.145879	91.400000	2.515200
133	47.213835	11.405167	0.000000	91.400000	2.414216
134	47.223389	11.495459	0.072939	91.400000	2.399567
135	47.216523	11.536462	0.072939	91.400000	2.507992
136	47.225928	11.572413	0.072939	91.400000	2.491318
137	47.212610	11.556557	0.145879	91.400000	2.379252
138	47.207582	11.544696	0.072939	91.400000	2.323555
139	47.215205	11.593971	0.072939	91.400000	2.509900
140	47.215971	11.565039	0.145879	91.400000	2.324473
141	47.219828	11.508325	0.072939	91.400000	2.537512
142	47.218090	11.510785	0.145879	91.400000	2.379991
143	47.212178	11.514985	0.145879	91.400000	2.439017
144	47.225159	11.571717	0.145879	91.400000	2.389807
145	47.220162	11.565152	0.145879	91.400000	2.422186
146	47.229671	11.488096	0.072939	91.400000	2.392063
147	47.212297	11.585529	0.145879	91.400000	2.324587
148	47.215360	11.490501	0.145879	91.400000	2.309136
149	47.218430	11.503915	0.145879	91.400000	2.396341
150	47.219348	11.536940	0.145879	91.400000	2.400253
151	47.214708	11.509543	0.145879	91.400000	2.318247
152	47.212851	11.554817	0.145879	91.400000	2.307035
153	47.220650	11.611694	0.145879	91.400000	2.476056
154	47.227025	11.609775	0.145879	91.400000	2.497120
155	47.225219	11.596382	0.145879	91.400000	2.406670
156	47.220322	11.572131	0.145879	91.400000	2.416436
157	47.219962	11.422777	0.145879	91.400000	2.414037
158	47.222495	11.492844	0.072939	91.400000	2.578745
159	47.220910	11.506205	0.072939	91.400000	2.496831
160	47.228581	11.555418	0.072939	91.400000	2.413697
161	47.196412	11.502952	0.072939	91.400000	2.507596
162	47.215700	11.556539	0.072939	91.400000	2.395647
163	47.214681	11.477676	0.072939	91.400000	2.453648
164	47.216755	11.499298	0.072939	91.400000	2.500299
165	47.214174	11.484428	0.072939	91.400000	2.515773
166	47.199720	11.462567	0.072939	91.400000	2.414500
167	47.201616	11.331752	0.072939	91.400000	2.475244
168	47.218156	11.443000	0.145879	91.400000	2.502333
169	47.217557	11.475861	0.145879	91.400000	2.396328
170	47.213548	11.516616	0.145879	91.400000	2.498316
171	47.223324	11.469484	0.145879	91.400000	2.500288
172	47.244614	11.433687	0.145879	91.400000	2.412163
173	47.236612	11.374074	0.145879	91.400000	2.473001
174	47.209200	11.434026	0.145879	91.400000	2.501330
175	47.209758	11.453630	0.145879	91.400000	2.506553
176	47.197136	11.441789	0.145879	91.400000	2.402316
177	47.213697	11.502439	0.145879	91.400000	2.401930
178	47.223759	11.476759	0.145879	91.400000	2.449395
179	47.223938	11.484219	0.145879	91.400000	2.441668
180	47.230220	11.559891	0.145879	91.400000	2.346216
181	47.207487	11.495519	0.145879	91.400000	2.426461
182	47.210360	11.420684	0.145879	91.400000	2.336707
183	47.228953	11.478841	0.145879	91.400000	2.318142
184	47.231168	11.418474	0.145879	91.400000	2.326655
185	47.231406	11.420032	0.072939	91.400000	2.312101
186	47.219270	11.554850	0.000000	91.400000	2.295926
187	47.215000	11.584414	0.145879	91.400000	2.484823
188	47.215015	11.655653	0.145879	91.400000	2.495261
189	47.224319	11.599011	0.145879	91.400000	2.400604
190	47.220126	11.638941	0.145879	91.400000	2.491064
191	47.218597	11.698286	0.145879	91.400000	2.509751
192	47.221670	11.569019	0.072939	91.400000	2.519033
193	47.222883	11.593234	0.072939	91.400000	2.395945
194	47.225159	11.583719	0.072939	91.400000	2.500030
195	47.213125	11.518024	0.072939	91.400000	2.406930
196	47.208911	11.470222	0.145879	91.400000	2.500595
197	47.208372	11.502217	0.145879	91.400000	2.494533
198	47.210708	11.556645	0.145879	91.400000	2.494270
199	47.211856	11.458413	0.145879	91.400000	2.490917
200	47.192526	11.528162	0.145879	91.400000	2.388242
201	47.207397	11.457941	0.145879	91.400000	2.487254
202	47.199470	11.453677	0.145879	91.400000	2.402966
203	47.201836	11.450336	0.145879	91.400000	2.514251
204	47.187778	11.351010	0.145879	91.400000	2.381290
205	47.205162	11.452519	0.145879	91.400000	2.378922
206	47.202694	11.400335	0.145879	91.400000	2.398301
207	47.218373	11.485520	0.145879	91.400000	2.307038
208	47.211182	11.484566	0.145879	91.400000	2.425699
209	47.212821	11.426382	0.145879	91.400000	2.333263
210	47.211134	11.390987	0.145879	91.400000	2.320286
211	47.207528	11.396735	0.145879	91.400000	2.411447
212	47.224343	11.435420	0.145879	91.400000	2.415237
213	47.227150	11.425313	0.145879	91.400000	2.422413
214	47.232211	11.453808	0.145879	91.400000	2.416974
215	47.220910	11.416159	0.145879	91.400000	2.383323
216	47.226781	11.486211	0.145879	91.400000	2.399681
217	47.234344	11.511512	0.145879	91.400000	2.409312
218	47.243819	11.446127	0.145879	91.400000	2.497899
219	47.242832	11.484572	0.145879	91.400000	2.504872
220	47.252503	11.406672	0.145879	91.400000	2.473280
221	47.253445	11.485784	0.145879	91.400000	2.504454
222	47.237897	11.431818	0.072939	91.400000	2.411142
223	47.246003	11.348035	0.072939	91.400000	2.320628
224	47.244081	11.354496	0.072939	91.400000	2.331464
225	47.262859	11.384956	0.072939	91.400000	2.328605
226	47.272095	11.399348	0.145879	91.400000	2.453387
227	47.249401	11.402610	0.145879	91.400000	2.423711
228	47.256994	11.497653	0.145879	91.400000	2.309483
229	47.257411	11.478830	0.145879	91.400000	2.412515
230	47.252089	11.473520	0.145879	91.400000	2.395228
231	47.259063	11.498847	0.145879	91.400000	2.484674
232	47.275940	11.411979	0.072939	91.400000	2.408071
233	47.269166	11.479281	0.145879	91.400000	2.522419
234	47.280952	11.536541	0.072939	91.400000	2.502953
235	47.263351	11.397431	0.072939	91.400000	2.419373
236	47.253016	11.458963	0.072939	91.400000	2.501544
237	47.256985	11.455360	0.072939	91.400000	2.408230
238	47.266704	11.503779	0.072939	91.400000	2.511278
239	47.261670	11.500795	0.072939	91.400000	2.400274
240	47.265816	11.420557	0.000000	91.400000	2.513041
241	47.261181	11.481166	0.000000	91.400000	2.510388
242	47.270590	11.456942	0.000000	91.400000	2.400394
243	47.266856	11.416040	0.072939	91.400000	2.513252
244	47.250146	11.516601	0.145879	91.400000	2.401120
245	47.266880	11.575982	0.072939	91.400000	2.512584
246	47.267330	11.558530	0.145879	91.400000	2.393842
247	47.271863	11.588381	0.072939	91.400000	2.511333
248	47.254485	11.557253	0.072939	91.400000	2.508998
249	47.252333	11.469762	0.000000	91.400000	2.417141
250	47.250289	11.569371	0.000000	91.400000	2.405129
251	47.278243	11.490902	0.000000	91.400000	2.502431
252	47.265643	11.486402	0.145879	91.400000	2.486276
253	47.276837	11.487251	0.145879	91.400000	2.398648
254	47.268039	11.562274	0.145879	91.400000	2.430888
255	47.276583	11.552051	0.145879	91.400000	2.486267
256	47.266096	11.541664	0.145879	91.400000	2.390361
257	47.263426	11.438872	0.145879	91.400000	2.306160
258	47.273764	11.465539	0.145879	91.400000	2.312255
259	47.258377	11.388996	0.145879	91.400000	2.418336
260	47.269350	11.443703	0.145879	91.400000	2.415932
261	47.253969	11.493672	0.145879	91.400000	2.333121
262	47.268036	11.466373	0.145879	91.400000	2.301607
263	47.259861	11.422941	0.145879	91.400000	2.447478
264	47.262961	11.413364	0.072939	91.400000	2.404337
265	47.259322	11.459658	0.145879	91.400000	2.408256
266	47.279400	11.422372	0.145879	91.400000	2.316915
267	47.263968	11.406641	0.145879	91.400000	2.408211
268	47.262824	11.428908	0.072939	91.400000	2.404122
269	47.267097	11.476731	0.145879	91.400000	2.333316
270	47.272831	11.484334	0.145879	91.400000	2.455144
271	47.278711	11.501110	0.072939	91.400000	2.327434
272	47.275138	11.466191	0.218818	91.400000	2.325099
273	47.272867	11.491110	0.072939	91.400000	2.316817
274	47.268701	11.409516	0.072939	91.400000	2.318871
275	47.284687	11.361329	0.072939	91.400000	2.298406
276	47.281063	11.407104	0.072939	91.400000	2.499161
277	47.278309	11.360101	0.072939	91.400000	2.487067
278	47.266674	11.428942	0.072939	91.400000	2.515556
279	47.254205	11.411516	0.072939	91.400000	2.397692
280	47.263798	11.461252	0.072939	91.400000	2.408904
281	47.253498	11.516822	0.072939	91.400000	2.509551
282	47.276673	11.436514	0.218818	91.400000	2.535579
283	47.258896	11.436423	0.072939	91.400000	2.493543
284	47.271746	11.422624	0.000000	91.400000	2.413909
285	47.272938	11.396990	0.145879	91.400000	2.510515
286	47.272515	11.342208	0.145879	91.400000	2.387247
287	47.277874	11.313618	0.145879	91.400000	2.498859
288	47.285450	11.294287	0.000000	91.400000	2.404056
289	47.267985	11.378239	0.145879	91.400000	2.524972
290	47.281411	11.334454	0.072939	91.400000	2.500630
291	47.274357	11.384066	0.072939	91.400000	2.405422
292	47.285852	11.388099	0.145879	91.400000	2.495417
293	47.277582	11.458387	0.072939	91.400000	2.409320
294	47.278011	11.393931	0.145879	91.400000	2.407177
295	47.274607	11.463081	0.145879	91.400000	2.497385
296	47.273672	11.344423	0.000000	91.400000	2.420902
297	47.271436	11.442097	0.000000	91.400000	2.298070
298	47.285461	11.456222	0.000000	91.400000	2.340815
299	47.288486	11.378100	0.072939	91.400000	2.341275
300	47.281089	11.338085	0.072939	91.400000	2.323247
301	47.284412	11.468440	0.072939	91.400000	2.333730
302	47.274435	11.422999	0.145879	91.400000	2.311722
303	47.295356	11.454179	0.072939	91.400000	2.419424
304	47.288698	11.431968	0.072939	91.400000	2.311903
305	47.283834	11.405951	0.072939	91.400000	2.318640
306	47.280762	11.402186	0.072939	91.400000	2.410526
307	47.281098	11.358471	0.072939	91.400000	2.564060
308	47.275180	11.336832	0.072939	91.400000	2.492707
309	47.276485	11.262934	0.072939	91.400000	2.413918
310	47.294369	11.198947	0.072939	91.400000	2.410507
311	47.290653	11.278720	0.000000	91.400000	2.441566
312	47.301328	11.344856	0.072939	91.400000	2.288450
313	47.305506	11.361320	0.072939	91.400000	2.351914
314	47.306877	11.407607	0.072939	91.400000	2.319108
315	47.317582	11.354135	0.000000	91.400000	2.421634
316	47.311074	11.493973	0.072939	91.400000	2.496632
317	47.308999	11.502769	0.072939	91.400000	2.415464
318	47.307253	11.496398	0.145879	91.400000	2.324357
319	47.302324	11.492209	0.072939	91.400000	2.342107
320	47.311127	11.471017	0.072939	91.400000	2.497186
321	47.317037	11.422030	0.072939	91.400000	2.414323
322	47.312972	11.437222	0.072939	91.400000	2.497363
323	47.302893	11.387809	0.145879	91.400000	2.402595
324	47.299930	11.393667	0.145879	91.400000	2.481918
325	47.297993	11.361404	0.145879	91.400000	2.495688
326	47.308365	11.388761	0.145879	91.400000	2.489687
327	47.310072	11.429869	0.145879	91.400000	2.517751
328	47.314161	11.409300	0.072939	91.400000	2.414593
329	47.298586	11.435131	0.072939	91.400000	2.496086
330	47.294289	11.386452	0.145879	91.400000	2.387490
331	47.294998	11.388420	0.072939	91.400000	2.524461
332	47.287142	11.357803	0.072939	91.400000	2.419158
333	47.298783	11.380919	0.145879	91.400000	2.506310
334	47.299850	11.400954	0.072939	91.400000	2.490887
335	47.297037	11.450198	0.072939	91.400000	2.406471
336	47.305086	11.441406	0.145879	91.400000	2.414893
337	47.305161	11.373175	0.000000	91.400000	2.390429
338	47.317597	11.428605	0.145879	91.400000	2.530643
339	47.302571	11.405977	0.072939	91.400000	2.305162
340	47.310069	11.340374	0.072939	91.400000	2.324533
341	47.311622	11.310626	0.072939	91.400000	2.409266
342	47.306266	11.334233	0.145879	91.400000	2.308412
343	47.304344	11.283615	0.000000	91.400000	2.393431
344	47.297269	11.375832	0.145879	91.400000	2.315071
345	47.305489	11.398511	0.145879	91.400000	2.315297
346	47.289157	11.368194	0.145879	91.400000	2.398819
347	47.291833	11.396775	0.072939	91.400000	2.328434
348	47.303358	11.452570	0.145879	91.400000	2.307790
349	47.304136	11.425410	0.072939	91.400000	2.449290
350	47.304970	11.289015	0.072939	91.400000	2.528151
351	47.306538	11.269676	0.145879	91.400000	2.473538
352	47.305319	11.325829	0.145879	91.400000	2.416820
353	47.304824	11.345598	0.145879	91.400000	2.414307
354	47.311434	11.428733	0.145879	91.400000	2.338588
355	47.303659	11.400803	0.072939	91.400000	2.516726
356	47.303623	11.356367	0.145879	91.400000	2.317999
357	47.293627	11.304918	0.145879	91.400000	2.303353
358	47.311437	11.253869	0.072939	91.400000	2.323017
359	47.313637	11.280639	0.072939	91.400000	2.428316
360	47.310179	11.297855	0.000000	91.400000	2.415303
361	47.307026	11.233644	0.072939	91.400000	2.327621
362	47.313780	11.268631	0.072939	91.400000	2.294515
363	47.320303	11.248479	0.072939	91.400000	2.491499
364	47.287875	11.281903	0.145879	91.400000	2.475543
365	47.311416	11.251765	0.072939	91.400000	2.501996
366	47.312582	11.257232	0.072939	91.400000	2.406441
367	47.316894	11.332575	0.072939	91.400000	2.375029
368	47.301361	11.403779	0.072939	91.400000	2.332908
369	47.299266	11.399860	0.072939	91.400000	2.507114
370	47.286895	11.466121	0.072939	91.400000	2.326084
371	47.300321	11.321767	0.072939	91.400000	2.500220
372	47.294605	11.318469	0.145879	91.400000	2.491232
373	47.307053	11.290938	0.072939	91.400000	2.497305
374	47.302154	11.413178	0.072939	91.400000	2.500685
375	47.291404	11.354562	0.072939	91.400000	2.509195
376	47.294152	11.282479	0.072939	91.400000	2.517350
377	47.299111	11.290450	0.072939	91.400000	2.342753
378	47.307342	11.302038	0.000000	91.400000	2.418893
379	47.315738	11.337513	0.072939	91.400000	2.392065
380	47.320598	11.323670	0.072939	91.400000	2.341810
381	47.314578	11.314600	0.072939	91.400000	2.294230
382	47.301167	11.369012	0.072939	91.400000	2.323123
383	47.301430	11.353217	0.072939	91.400000	2.405752
384	47.319412	11.355948	0.072939	91.400000	2.298014
385	47.318268	11.401485	0.072939	91.400000	2.324368
386	47.303760	11.428049	0.072939	91.400000	2.501401
387	47.307265	11.406540	0.072939	91.400000	2.473602
388	47.315562	11.375688	0.145879	91.400000	2.492096
389	47.313598	11.319115	0.072939	91.400000	2.393267
390	47.297019	11.339239	0.072939	91.400000	2.444932
391	47.311217	11.315388	0.072939	91.400000	2.510360
392	47.306123	11.333398	0.072939	91.400000	2.418517
393	47.311634	11.400855	0.072939	91.400000	2.394330
394	47.302729	11.366917	0.072939	91.400000	2.410395
395	47.302175	11.398178	0.072939	91.400000	2.293571
396	47.320527	11.415064	0.072939	91.400000	2.302477
397	47.303498	11.475907	0.000000	91.400000	2.409077
398	47.306997	11.488027	0.000000	91.400000	2.321904
399	47.309312	11.437915	0.000000	91.400000	2.302450
400	47.319269	11.376886	0.072939	91.400000	2.397299
401	47.324371	11.392807	0.000000	91.400000	2.401512
402	47.319329	11.418634	0.000000	91.400000	2.508719
403	47.313565	11.349142	0.145879	91.400000	2.495623
404	47.306019	11.376938	0.145879	91.400000	2.413361
405	47.318166	11.347833	0.072939	91.400000	2.500963
406	47.309124	11.298456	0.000000	91.400000	2.490736
407	47.302678	11.280031	0.072939	91.400000	2.484874
408	47.305501	11.269060	0.072939	91.400000	2.475605
409	47.304565	11.306754	0.072939	91.400000	2.481343
410	47.297865	11.283522	0.072939	91.400000	2.501121
411	47.294480	11.305536	0.072939	91.400000	2.492949
412	47.316840	11.316206	0.072939	91.400000	2.403566
413	47.294742	11.202427	0.072939	91.400000	2.496801
414	47.295773	11.252910	0.145879	91.400000	2.399576
415	47.302824	11.285616	0.072939	91.400000	2.579475
416	47.301096	11.336982	0.072939	91.400000	2.376474
417	47.310063	11.373406	0.072939	91.400000	2.484698
418	47.295496	11.340535	0.072939	91.400000	2.508654
419	47.295186	11.392098	0.072939	91.400000	2.400653
420	47.301158	11.445368	0.072939	91.400000	2.515308
421	47.303051	11.505548	0.072939	91.400000	2.400374
422	47.306615	11.439093	0.072939	91.400000	2.484371
423	47.297704	11.441659	0.072939	91.400000	2.499239
424	47.298744	11.386304	0.072939	91.400000	2.389557
425	47.294140	11.457077	0.072939	91.400000	2.474763
426	47.295773	11.420062	0.000000	91.400000	2.477300
427	47.294474	11.454523	0.072939	91.400000	2.495613
428	47.312519	11.408776	0.072939	91.400000	2.412005
429	47.300619	11.412999	0.072939	91.400000	2.492414
430	47.304070	11.472888	0.072939	91.400000	2.574237
431	47.301531	11.528380	0.072939	91.400000	2.406528
432	47.318411	11.483026	0.072939	91.400000	2.489872
433	47.302610	11.485404	0.145879	91.400000	2.398019
434	47.309077	11.444777	0.072939	91.400000	2.490191
435	47.306085	11.466868	0.072939	91.400000	2.496674
436	47.316349	11.443708	0.072939	91.400000	2.423013
437	47.321469	11.485451	0.072939	91.400000	2.502701
438	47.322896	11.475612	0.072939	91.400000	2.499299
439	47.311509	11.515532	0.072939	91.400000	2.419335
440	47.316951	11.457181	0.072939	91.400000	2.402956
441	47.304037	11.470761	0.072939	91.400000	2.506830
442	47.305000	11.407693	0.145879	91.400000	2.510343
443	47.314978	11.483149	0.000000	91.400000	2.404726
444	47.302306	11.490186	0.072939	91.400000	2.494561
445	47.312289	11.415535	0.000000	91.400000	2.492973
446	47.319049	11.501697	0.072939	91.400000	2.570471
447	47.321659	11.481699	0.072939	91.400000	2.375160
448	47.303900	11.499546	0.000000	91.400000	2.505694
449	47.311276	11.524731	0.072939	91.400000	2.400928
450	47.293365	11.556180	0.000000	91.400000	2.519753
451	47.303283	11.550152	0.000000	91.400000	2.406197
452	47.311485	11.528440	0.000000	91.400000	2.498659
453	47.485092	11.560051	0.000000	91.400000	2.486750
454	47.547293	11.552951	0.000000	91.400000	2.493583
455	47.572982	11.488957	0.000000	91.400000	2.415285
456	47.581461	11.588864	0.000000	91.400000	2.498744
457	47.585160	11.574063	0.000000	91.400000	2.498554
458	47.589946	11.514362	0.000000	91.400000	2.416706
459	47.589326	11.518158	0.000000	91.400000	2.507470
460	47.591436	11.582519	0.000000	91.400000	2.504454
461	47.601432	11.569495	0.072939	91.400000	2.422667
462	47.610939	11.504627	0.072939	91.400000	2.503594
463	47.611189	11.428074	0.000000	91.400000	2.418362
464	47.612041	11.410253	0.000000	91.400000	2.513206
465	47.601438	11.380876	0.000000	91.400000	2.388628
466	47.601527	11.399060	0.072939	91.400000	2.502324
467	47.611007	11.422865	0.072939	91.400000	2.408592
468	47.614092	11.410818	0.000000	91.400000	2.508485
469	47.626072	11.397185	0.000000	91.400000	2.418737
470	47.634172	11.487274	0.072939	91.400000	2.504418
471	47.633389	11.525045	0.072939	91.400000	2.406257
472	47.631875	11.511400	0.145879	91.400000	2.425742
473	47.632256	11.460710	0.145879	91.400000	2.408478
474	47.630227	11.502511	0.145879	91.400000	2.503000
475	47.634280	11.507453	0.145879	91.400000	2.306868
476	47.632438	11.490187	0.145879	91.400000	2.350525
477	47.647786	11.444692	0.145879	91.400000	2.531594
478	47.638145	11.512497	0.145879	91.400000	2.322950
479	47.643751	11.474850	0.000000	91.400000	2.326476
480	47.653383	11.505635	0.145879	91.400000	2.377634
481	47.650576	11.501761	0.072939	91.400000	2.325604
482	47.636050	11.485676	0.072939	91.400000	2.349421
483	47.645655	11.500366	0.072939	91.400000	2.349476
484	47.653323	11.525254	0.072939	91.400000	2.333728
485	47.651559	11.444536	0.000000	91.400000	2.326328
486	47.649619	11.536479	0.072939	91.400000	2.446874
487	47.649616	11.463523	0.072939	91.400000	2.481981
488	47.647056	11.569653	0.072939	91.400000	2.491693
489	47.642469	11.588337	0.000000	91.400000	2.496552
490	47.637469	11.517358	0.072939	91.400000	2.509131
491	47.634298	11.530728	0.072939	91.400000	2.516339
492	47.643620	11.473468	0.072939	91.400000	2.416225
493	47.666559	11.475798	0.072939	91.400000	2.473787
494	47.652179	11.542288	0.072939	91.400000	2.470898
495	47.655740	11.452153	0.072939	91.400000	2.625347
496	47.652808	11.393059	0.000000	91.400000	2.400075
497	47.650439	11.345276	0.072939	91.400000	2.409375
498	47.651333	11.366013	0.072939	91.400000	2.487742
499	47.642836	11.414342	0.000000	91.400000	2.496054
500	47.643462	11.462097	0.072939	91.400000	2.499899
501	47.639865	11.439270	0.072939	91.400000	2.509331
502	47.632319	11.476853	0.072939	91.400000	2.510167
503	47.644985	11.565828	0.072939	91.400000	2.488014
504	47.630417	11.513606	0.072939	91.400000	2.435393
505	47.641790	11.466993	0.072939	91.400000	2.473934
506	47.639194	11.423264	0.072939	91.400000	2.499618
507	47.643405	11.475014	0.072939	91.400000	2.427250
508	47.653928	11.489097	0.072939	91.400000	2.398315
509	47.646511	11.483404	0.072939	91.400000	2.331929
510	47.631401	11.502242	0.072939	91.400000	2.323626
511	47.641417	11.504108	0.072939	91.400000	2.335046
512	47.660834	11.569819	0.000000	91.400000	2.305468
513	47.658762	11.533799	0.000000	91.400000	2.405987
514	47.644913	11.513389	0.000000	91.400000	2.320244
515	47.656554	11.506419	0.000000	91.400000	2.305474
516	47.656173	11.463537	0.000000	91.400000	2.421036
517	47.654888	11.406950	0.000000	91.400000	2.501873
518	47.665426	11.419950	0.000000	91.400000	2.497497
519	47.666404	11.359343	0.000000	91.400000	2.492064
520	47.654897	11.367902	0.072939	91.400000	2.398001
521	47.659844	11.364240	0.072939	91.400000	2.475432
522	47.661656	11.432253	0.072939	91.400000	2.498218
523	47.656974	11.410677	0.072939	91.400000	2.425674
524	47.665930	11.404340	0.000000	91.400000	2.428638
525	47.670376	11.447145	0.000000	91.400000	2.516414
526	47.652891	11.435378	0.000000	91.400000	2.371609
527	47.662181	11.506989	0.000000	91.400000	2.491287
528	47.672683	11.521236	0.000000	91.400000	2.495956
529	47.680002	11.496300	0.072939	91.400000	2.414581
530	47.671744	11.494395	0.072939	91.400000	2.515525
531	47.665495	11.465600	0.072939	91.400000	2.426207
532	47.669750	11.451024	0.145879	91.400000	2.511524
533	47.670788	11.540579	0.145879	91.400000	2.403479
534	47.665676	11.502591	0.145879	91.400000	2.509009
535	47.662246	11.521853	0.072939	91.400000	2.497736
536	47.657248	11.582502	0.000000	91.400000	2.408657
537	47.660333	11.521719	0.072939	91.400000	2.319966
538	47.656241	11.482613	0.072939	91.400000	2.504891
539	47.661611	11.464607	0.000000	91.400000	2.489637
540	47.660875	11.535189	0.072939	91.400000	2.302329
541	47.674143	11.556949	0.145879	91.400000	2.329775
542	47.673386	11.475920	0.145879	91.400000	2.513412
543	47.669983	11.459968	0.072939	91.400000	2.497584
544	47.664171	11.482843	0.072939	91.400000	2.529272
545	47.664133	11.510747	0.145879	91.400000	2.487934
546	47.660577	11.477145	0.000000	91.400000	2.340175
547	47.665638	11.508286	0.072939	91.400000	2.324423
548	47.669882	11.534527	0.072939	91.400000	2.354573
549	47.665745	11.474366	0.000000	91.400000	2.422155
550	47.656763	11.508113	0.000000	91.400000	2.321250
551	47.678423	11.544378	0.000000	91.400000	2.422145
552	47.675744	11.609781	0.072939	91.400000	2.430681
553	47.683346	11.531603	0.072939	91.400000	2.419609
554	47.678596	11.538260	0.072939	91.400000	2.520720
555	47.680721	11.492301	0.072939	91.400000	2.394720
556	47.672105	11.428401	0.000000	91.400000	2.425390
557	47.693178	11.518943	0.072939	91.400000	2.287092
558	47.693163	11.614867	0.000000	91.400000	2.581070
559	47.698379	11.617662	0.000000	91.400000	2.497560
560	47.687340	11.603774	0.072939	91.400000	2.410807
561	47.678939	11.528866	0.072939	91.400000	2.506502
562	47.690359	11.471137	0.072939	91.400000	2.401617
563	47.682238	11.557640	0.072939	91.400000	2.401532
564	47.681171	11.528897	0.072939	91.400000	2.334015
565	47.674912	11.491444	0.000000	91.400000	2.324238
566	47.681749	11.491289	0.072939	91.400000	2.331943
567	47.698683	11.407224	0.072939	91.400000	2.340319
568	47.683972	11.473832	0.000000	91.400000	2.422963
569	47.693771	11.510498	0.072939	91.400000	2.332015
570	47.694898	11.439477	0.145879	91.400000	2.319290
571	47.681400	11.503243	0.072939	91.400000	2.491805
572	47.681391	11.591882	0.072939	91.400000	2.511330
573	47.676146	11.514360	0.145879	91.400000	2.388242
574	47.679824	11.530998	0.145879	91.400000	2.402205
575	47.688335	11.476185	0.072939	91.400000	2.510057
576	47.681731	11.501954	0.072939	91.400000	2.500213
577	47.689644	11.455764	0.072939	91.400000	2.417816
578	47.684419	11.555605	0.145879	91.400000	2.494548
579	47.671717	11.478378	0.145879	91.400000	2.496173
580	47.690213	11.441342	0.145879	91.400000	2.498047
581	47.680137	11.444172	0.145879	91.400000	2.413419
582	47.691256	11.434218	0.072939	91.400000	2.533392
583	47.695097	11.519702	0.072939	91.400000	2.382973
584	47.689432	11.473877	0.072939	91.400000	2.517523
585	47.691667	11.560807	0.072939	91.400000	2.482510
586	47.693452	11.470968	0.072939	91.400000	2.517114
587	47.685993	11.545239	0.145879	91.400000	2.429325
588	47.686026	11.470353	0.072939	91.400000	2.509190
589	47.685865	11.541016	0.072939	91.400000	2.493180
590	47.676274	11.531448	0.072939	91.400000	2.406454
591	47.684085	11.571228	0.145879	91.400000	2.504305
592	47.686404	11.609557	0.145879	91.400000	2.502164
593	47.689140	11.597560	0.145879	91.400000	2.504670
594	47.691709	11.592121	0.145879	91.400000	2.408700
595	47.676909	11.574065	0.072939	91.400000	2.519103
596	47.669870	11.568114	0.072939	91.400000	2.415095
597	47.682798	11.666151	0.072939	91.400000	2.484795
598	47.690552	11.549202	0.072939	91.400000	2.494113
599	47.682172	11.529066	0.145879	91.400000	2.494822
600	47.677740	11.573999	0.145879	91.400000	2.419196
601	47.677132	11.563097	0.145879	91.400000	2.493586
602	47.681254	11.547472	0.072939	91.400000	2.487713
603	47.676164	11.577064	0.145879	91.400000	2.400696
604	47.679108	11.517605	0.145879	91.400000	2.506815
605	47.680801	11.529900	0.072939	91.400000	2.476002
606	47.675133	11.552541	0.072939	91.400000	2.500520
607	47.666353	11.557300	0.145879	91.400000	2.506948
608	47.678107	11.547611	0.072939	91.400000	2.502259
609	47.676969	11.529510	0.145879	91.400000	2.509535
610	47.682804	11.584361	0.218818	91.400000	2.415459
611	47.681564	11.596376	0.145879	91.400000	2.507569
612	47.673979	11.624967	0.145879	91.400000	2.399895
613	47.697300	11.614586	0.145879	91.400000	2.494240
614	47.707450	11.556943	0.145879	91.400000	2.520319
615	47.701424	11.586061	0.145879	91.400000	2.385826
616	47.694486	11.552723	0.145879	91.400000	2.516438
617	47.694367	11.550421	0.145879	91.400000	2.410493
618	47.689143	11.544054	0.291758	91.400000	2.484413
619	47.699940	11.538915	0.218818	91.400000	2.497482
620	47.699028	11.481985	0.218818	91.400000	2.412527
621	47.695431	11.519673	0.145879	91.400000	2.510304
622	47.685778	11.526391	0.072939	91.400000	2.430972
623	47.694263	11.579702	0.218818	91.400000	2.512623
624	47.683451	11.615680	0.145879	91.400000	2.477127
625	47.697380	11.602650	0.145879	91.400000	2.398567
626	47.704780	11.650724	0.145879	91.400000	2.499188
627	47.685918	11.611347	0.072939	91.400000	2.416241
628	47.687811	11.606619	0.072939	91.400000	2.517374
629	47.679579	11.671777	0.072939	91.400000	2.405202
630	47.677410	11.721468	0.072939	91.400000	2.513112
631	47.680327	11.642955	0.072939	91.400000	2.409442
632	47.679555	11.638738	0.072939	91.400000	2.491396
633	47.683439	11.611299	0.072939	91.400000	2.419456
634	47.676244	11.549062	0.072939	91.400000	2.516685
635	47.671226	11.570729	0.072939	91.400000	2.403937
636	47.666109	11.562176	0.145879	91.400000	2.434863
637	47.673661	11.557159	0.072939	91.400000	2.379583
638	47.683507	11.517790	0.145879	91.400000	2.312468
639	47.680521	11.510036	0.145879	91.400000	2.526397
640	47.691602	11.595949	0.145879	91.400000	2.385297
641	47.685999	11.581239	0.072939	91.400000	2.325119
642	47.675455	11.534050	0.072939	91.400000	2.597614
643	47.682774	11.524231	0.145879	91.400000	2.405011
644	47.692204	11.525022	0.145879	91.400000	2.342911
645	47.683012	11.506900	0.145879	91.400000	2.323867
646	47.681037	11.508534	0.145879	91.400000	2.332874
647	47.691447	11.532040	0.218818	91.400000	2.502285
648	47.696155	11.532152	0.218818	91.400000	2.308136
649	47.686428	11.496576	0.218818	91.400000	2.323982
650	47.704822	11.497698	0.145879	91.400000	2.417746
651	47.690907	11.454819	0.145879	91.400000	2.413716
652	47.689566	11.483512	0.218818	91.400000	2.287510
653	47.691929	11.529390	0.072939	91.400000	2.307063
654	47.689641	11.506609	0.145879	91.400000	2.342541
655	47.690356	11.512088	0.145879	91.400000	2.422527
656	47.701582	11.474049	0.218818	91.400000	2.315836
657	47.699937	11.434124	0.145879	91.400000	2.331571
658	47.704744	11.407566	0.145879	91.400000	2.409279
659	47.699779	11.446113	0.145879	91.400000	2.404783
660	47.696310	11.447830	0.072939	91.400000	2.482394
661	47.691861	11.442991	0.218818	91.400000	2.493346
662	47.683516	11.500967	0.218818	91.400000	2.408427
663	47.679782	11.524237	0.218818	91.400000	2.504882
664	47.679710	11.487604	0.218818	91.400000	2.428344
665	47.690278	11.516707	0.218818	91.400000	2.505163
666	47.839653	11.502931	0.218818	91.400000	2.412255
667	47.889876	11.546315	0.145879	91.400000	2.504467
668	47.904980	11.558629	0.145879	91.400000	2.510928
669	47.913694	11.515514	0.145879	91.400000	2.404348
670	47.922504	11.505231	0.218818	91.400000	2.515798
671	47.937688	11.548442	0.145879	91.400000	2.390393
672	47.936976	11.601731	0.145879	91.400000	2.509849
673	47.948015	11.596089	0.218818	91.400000	2.508355
674	47.945809	11.645266	0.145879	91.400000	2.421108
675	47.963053	11.544894	0.072939	91.400000	2.507780
676	47.960472	11.566787	0.145879	91.400000	2.407668
677	47.961900	11.585648	0.145879	91.400000	2.525385
678	47.964793	11.557779	0.145879	91.400000	2.406935
679	47.972322	11.592161	0.145879	91.400000	2.419341
680	47.960708	11.614577	0.218818	91.400000	2.514889
681	47.965917	11.580336	0.145879	91.400000	2.429295
682	47.964889	11.633048	0.218818	91.400000	2.503085
683	47.972336	11.585237	0.145879	91.400000	2.403271
684	47.976357	11.535963	0.145879	91.400000	2.504806
685	47.980142	11.549661	0.145879	91.400000	2.427535
686	47.977650	11.490599	0.145879	91.400000	2.521631
687	47.988957	11.497394	0.145879	91.400000	2.410565
688	47.974712	11.592088	0.145879	91.400000	2.500303
689	47.981137	11.616945	0.145879	91.400000	2.411497
690	47.976261	11.572986	0.145879	91.400000	2.528065
691	47.983766	11.631830	0.145879	91.400000	2.483035
692	47.981298	11.597117	0.145879	91.400000	2.408804
693	47.995281	11.608211	0.145879	91.400000	2.506608
694	47.978723	11.587761	0.145879	91.400000	2.417680
695	47.983006	11.621083	0.218818	91.400000	2.486542
696	47.981003	11.597079	0.145879	91.400000	2.494610
697	47.986275	11.592672	0.218818	91.400000	2.498975
698	47.983441	11.641899	0.218818	91.400000	2.408147
699	47.983575	11.585572	0.072939	91.400000	2.528583
700	47.987008	11.584758	0.145879	91.400000	2.419602
701	47.986144	11.581216	0.145879	91.400000	2.491999
702	47.978443	11.566230	0.072939	91.400000	2.518643
703	47.984451	11.597170	0.145879	91.400000	2.407266
704	47.986206	11.642340	0.145879	91.400000	2.493357
705	47.982591	11.682224	0.145879	91.400000	2.503963
706	47.982150	11.684167	0.145879	91.400000	2.493284
707	47.982278	11.613726	0.145879	91.400000	2.519786
708	47.976735	11.513616	0.145879	91.400000	2.433832
709	47.973770	11.604411	0.218818	91.400000	2.414086
710	47.976488	11.563763	0.145879	91.400000	2.546087
711	47.978544	11.574816	0.072939	91.400000	2.428482
712	47.976464	11.585679	0.145879	91.400000	2.528138
713	47.979695	11.572396	0.145879	91.400000	2.398310
714	47.978261	11.553420	0.145879	91.400000	2.494909
715	47.985157	11.566405	0.072939	91.400000	2.511232
716	47.976828	11.592414	0.145879	91.400000	2.396566
717	47.970229	11.601773	0.145879	91.400000	2.513158
718	47.976667	11.535126	0.145879	91.400000	2.409646
719	47.974050	11.519832	0.145879	91.400000	2.505675
720	47.976613	11.549215	0.145879	91.400000	2.481539
721	47.982106	11.563143	0.145879	91.400000	2.431381
722	47.982574	11.570215	0.072939	91.400000	2.492473
723	47.986424	11.609334	0.145879	91.400000	2.493804
724	47.979057	11.622556	0.218818	91.400000	2.496632
725	47.974265	11.631924	0.218818	91.400000	2.565051
726	47.986162	11.660712	0.145879	91.400000	2.495992
727	47.989136	11.677238	0.218818	91.400000	2.413627
728	48.008627	11.613234	0.218818	91.400000	2.505113
729	47.999430	11.664205	0.145879	91.400000	2.381373
730	47.998321	11.624818	0.145879	91.400000	2.525072
731	47.999364	11.596898	0.145879	91.400000	2.501000
732	47.990513	11.595957	0.145879	91.400000	2.408030
733	47.985077	11.637124	0.145879	91.400000	2.505824
734	47.988930	11.641873	0.072939	91.400000	2.480466
735	47.979847	11.658375	0.072939	91.400000	2.516429
736	47.987622	11.636080	0.072939	91.400000	2.421481
737	47.980040	11.647158	0.072939	91.400000	2.502239
738	47.985160	11.686877	0.072939	91.400000	2.504702
739	47.978896	11.647502	0.072939	91.400000	2.502591
740	47.989565	11.629275	0.145879	91.400000	2.394356
741	47.986978	11.623321	0.145879	91.400000	2.426244
742	47.985876	11.646398	0.145879	91.400000	2.519943
743	47.992522	11.613648	0.145879	91.400000	2.417469
744	47.987145	11.627288	0.145879	91.400000	2.500387
745	47.993708	11.651454	0.072939	91.400000	2.511696
746	47.992754	11.647109	0.145879	91.400000	2.388800
747	47.988498	11.693745	0.072939	91.400000	2.483609
748	47.980195	11.693457	0.145879	91.400000	2.417948
749	47.988874	11.658110	0.145879	91.400000	2.502050
750	47.989815	11.636965	0.218818	91.400000	2.427352
751	47.995514	11.637648	0.145879	91.400000	2.489886
752	47.994649	11.627705	0.145879	91.400000	2.501889
753	47.994274	11.622821	0.218818	91.400000	2.496289
754	47.988376	11.591868	0.145879	91.400000	2.496330
755	47.985655	11.639603	0.145879	91.400000	2.495267
756	47.986454	11.625258	0.072939	91.400000	2.388036
757	47.986042	11.703410	0.072939	91.400000	2.484205
758	47.987986	11.652754	0.218818	91.400000	2.489000
759	47.990811	11.688802	0.145879	91.400000	2.389954
760	47.986251	11.616795	0.145879	91.400000	2.322201
761	47.985476	11.669483	0.072939	91.400000	2.506541
762	47.989523	11.647433	0.218818	91.400000	2.339412
763	47.985911	11.671164	0.218818	91.400000	2.348808
764	47.991884	11.652652	0.145879	91.400000	2.333314
765	47.986615	11.616693	0.218818	91.400000	2.326818
766	47.992754	11.618324	0.218818	91.400000	2.334444
767	47.995937	11.607407	0.072939	91.400000	2.310512
768	47.984260	11.639183	0.145879	91.400000	2.331470
769	47.986454	11.627119	0.218818	91.400000	2.483588
770	47.979391	11.575085	0.218818	91.400000	2.431814
771	47.977734	11.614685	0.145879	91.400000	2.591267
772	47.979936	11.673935	0.145879	91.400000	2.415765
773	47.980547	11.613872	0.218818	91.400000	2.412612
774	47.986674	11.650985	0.145879	91.400000	2.431062
775	47.990215	11.697322	0.145879	91.400000	2.417364
776	47.984004	11.621013	0.072939	91.400000	2.309758
777	47.989514	11.649019	0.072939	91.400000	2.312272
778	47.995979	11.713473	0.145879	91.400000	2.422093
779	47.999945	11.666346	0.145879	91.400000	2.345274
780	48.143554	11.670527	0.145879	91.400000	2.317294
781	48.171300	11.658264	0.145879	91.400000	2.445350
782	48.181522	11.625388	0.145879	91.400000	2.395609
783	48.184237	11.680014	0.145879	91.400000	2.315039
784	48.194188	11.680701	0.072939	91.400000	2.496496
785	48.192149	11.669867	0.072939	91.400000	2.503061
786	48.195463	11.645762	0.072939	91.400000	2.501254
787	48.192012	11.643385	0.145879	91.400000	2.495061
788	48.192221	11.647505	0.145879	91.400000	2.504119
789	48.197889	11.665472	0.072939	91.400000	2.501050
790	48.200494	11.651385	0.072939	91.400000	2.507291
791	48.201394	11.661640	0.145879	91.400000	2.387790
792	48.200929	11.633492	0.145879	91.400000	2.351148
793	48.205924	11.645193	0.145879	91.400000	2.494088
794	48.204321	11.654949	0.145879	91.400000	2.477776
795	48.208255	11.665738	0.145879	91.400000	2.479150
796	48.203266	11.667286	0.145879	91.400000	2.357906
797	48.200393	11.690979	0.145879	91.400000	2.328840
798	48.202553	11.689147	0.145879	91.400000	2.434859
799	48.207119	11.664317	0.145879	91.400000	2.331141
800	48.212212	11.662291	0.145879	91.400000	2.336803
801	48.218864	11.649713	0.145879	91.400000	2.405384
802	48.208672	11.657786	0.145879	91.400000	2.424611
803	48.217589	11.648252	0.145879	91.400000	2.315312
804	48.211947	11.674906	0.145879	91.400000	2.437466
805	48.214501	11.673127	0.145879	91.400000	2.470273
806	48.209307	11.639934	0.145879	91.400000	2.509217
807	48.217034	11.663150	0.145879	91.400000	2.485963
808	48.216841	11.647615	0.145879	91.400000	2.352833
809	48.208532	11.641906	0.145879	91.400000	2.570343
810	48.208097	11.633461	0.145879	91.400000	2.483492
811	48.207915	11.648525	0.145879	91.400000	2.467083
812	48.203251	11.671477	0.145879	91.400000	2.496208
813	48.214638	11.673453	0.145879	91.400000	2.527318
814	48.211879	11.657936	0.145879	91.400000	2.417436
815	48.214787	11.639675	0.145879	91.400000	2.499615
816	48.214000	11.629161	0.145879	91.400000	2.512702
817	48.211685	11.625405	0.145879	91.400000	2.507556
818	48.211151	11.606283	0.218818	91.400000	2.406260
819	48.222679	11.604509	0.145879	91.400000	2.436014
820	48.224849	11.609003	0.145879	91.400000	2.612047
821	48.222697	11.607796	0.145879	91.400000	2.404707
822	48.221713	11.612263	0.145879	91.400000	2.416492
823	48.219872	11.650456	0.145879	91.400000	2.569605
824	48.223096	11.608475	0.145879	91.400000	2.513754
825	48.222077	11.606209	0.145879	91.400000	2.504041
826	48.227179	11.595095	0.145879	91.400000	2.492184
827	48.226395	11.605409	0.145879	91.400000	2.429554
828	48.228163	11.607697	0.145879	91.400000	2.485900
829	48.225626	11.597743	0.145879	91.400000	2.506593
830	48.222625	11.608250	0.145879	91.400000	2.505591
831	48.226401	11.623434	0.145879	91.400000	2.490630
832	48.226303	11.621474	0.145879	91.400000	2.419408
833	48.223537	11.615921	0.145879	91.400000	2.476359
834	48.221213	11.621507	0.145879	91.400000	2.433782
835	48.223868	11.650304	0.145879	91.400000	2.566534
836	48.225665	11.644894	0.145879	91.400000	2.507196
837	48.230708	11.644680	0.145879	91.400000	2.505986
838	48.228374	11.664891	0.145879	91.400000	2.483599
839	48.230267	11.620876	0.145879	91.400000	2.418690
840	48.232406	11.647123	0.145879	91.400000	2.467927
841	48.227245	11.649757	0.145879	91.400000	2.491094
842	48.227575	11.637855	0.145879	91.400000	2.483716
843	48.228651	11.642058	0.145879	91.400000	2.510581
844	48.225921	11.643847	0.145879	91.400000	2.415120
845	48.228538	11.636062	0.145879	91.400000	2.479025
846	48.229426	11.676579	0.145879	91.400000	2.510170
847	48.230356	11.672599	0.145879	91.400000	2.604589
848	48.229671	11.706095	0.145879	91.400000	2.416781
849	48.226291	11.657581	0.145879	91.400000	2.581761
850	48.230293	11.637955	0.145879	91.400000	2.487655
851	48.226404	11.630440	0.072939	91.400000	2.502550
852	48.222557	11.642634	0.145879	91.400000	2.468561
853	48.225218	11.625894	0.145879	91.400000	2.516557
854	48.220927	11.640126	0.145879	91.400000	2.415638
855	48.223364	11.669141	0.145879	91.400000	2.404289
856	48.223209	11.656872	0.145879	91.400000	2.325738
857	48.216969	11.648257	0.145879	91.400000	2.422621
858	48.226577	11.667684	0.145879	91.400000	2.302559
859	48.227113	11.671518	0.145879	91.400000	2.408858
860	48.230481	11.655325	0.145879	91.400000	2.323564
861	48.223329	11.659305	0.145879	91.400000	2.330796
862	48.223323	11.692763	0.145879	91.400000	2.425250
863	48.221588	11.697832	0.145879	91.400000	2.504879
864	48.223120	11.663775	0.145879	91.400000	2.418776
865	48.229304	11.661640	0.145879	91.400000	2.521943
866	48.231393	11.690297	0.145879	91.400000	2.485986
867	48.224089	11.676241	0.145879	91.400000	2.319548
868	48.229602	11.656536	0.145879	91.400000	2.423712
869	48.231664	11.662551	0.145879	91.400000	2.311240
870	48.233235	11.626413	0.145879	91.400000	2.519637
871	48.232993	11.631683	0.145879	91.400000	2.496351
872	48.228085	11.661271	0.145879	91.400000	2.466243
873	48.223716	11.654038	0.145879	91.400000	2.537274
874	48.229134	11.669042	0.145879	91.400000	2.464348
875	48.227924	11.647696	0.145879	91.400000	2.521868
876	48.231101	11.651750	0.145879	91.400000	2.338830
877	48.236033	11.645060	0.145879	91.400000	2.360150
878	48.235783	11.657918	0.145879	91.400000	2.427048
879	48.236066	11.641045	0.145879	91.400000	2.344687
880	48.235166	11.629309	0.145879	91.400000	2.325443
881	48.236990	11.625525	0.145879	91.400000	2.321947
882	48.239380	11.607162	0.145879	91.400000	2.329337
883	48.229548	11.626946	0.145879	91.400000	2.404293
884	48.228610	11.604621	0.145879	91.400000	2.410291
885	48.232412	11.643778	0.145879	91.400000	2.589519
886	48.229593	11.658518	0.145879	91.400000	2.494199
887	48.229831	11.673362	0.145879	91.400000	2.486391
888	48.226607	11.702403	0.145879	91.400000	2.513266
889	48.226470	11.685275	0.145879	91.400000	2.496404
890	48.231858	11.649466	0.145879	91.400000	2.430577
891	48.236325	11.681655	0.145879	91.400000	2.494348
892	48.240572	11.698317	0.145879	91.400000	2.518407
893	48.239687	11.700709	0.145879	91.400000	2.494891
894	48.239163	11.704666	0.145879	91.400000	2.499410
895	48.230225	11.681186	0.145879	91.400000	2.479424
896	48.238653	11.671370	0.145879	91.400000	2.514977
897	48.235878	11.646752	0.145879	91.400000	2.509361
898	48.235691	11.668064	0.145879	91.400000	2.415235
899	48.234996	11.680049	0.145879	91.400000	2.340357
900	48.241410	11.683277	0.145879	91.400000	2.337144
901	48.236144	11.656948	0.145879	91.400000	2.321214
902	48.237699	11.658935	0.145879	91.400000	2.420306
903	48.237795	11.622138	0.145879	91.400000	2.402906
904	48.236221	11.686070	0.145879	91.400000	2.348670
905	48.234019	11.716870	0.145879	91.400000	2.331655
906	48.235020	11.682928	0.145879	91.400000	2.420058
907	48.236525	11.715746	0.145879	91.400000	2.426842
908	48.233238	11.713450	0.145879	91.400000	2.496908
909	48.233217	11.769871	0.145879	91.400000	2.518635
910	48.238540	11.738603	0.145879	91.400000	2.509177
911	48.244604	11.710917	0.145879	91.400000	2.408864
912	48.243505	11.680489	0.145879	91.400000	2.494862
913	48.238784	11.701259	0.145879	91.400000	2.403768
914	48.241711	11.697707	0.145879	91.400000	2.407397
915	48.237956	11.696973	0.145879	91.400000	2.341575
916	48.237717	11.672579	0.145879	91.400000	2.344915
917	48.239136	11.680735	0.145879	91.400000	2.340761
918	48.232388	11.674088	0.145879	91.400000	2.518658
919	48.238295	11.678996	0.145879	91.400000	2.400541
920	48.241553	11.701031	0.145879	91.400000	2.508049
921	48.235744	11.697848	0.145879	91.400000	2.595999
922	48.240083	11.699356	0.145879	91.400000	2.293965
923	48.235664	11.676198	0.145879	91.400000	2.432383
924	48.237836	11.676728	0.145879	91.400000	2.311523
925	48.230672	11.703075	0.072939	91.400000	2.340857
926	48.230416	11.725897	0.145879	91.400000	2.422824
927	48.232186	11.762272	0.072939	91.400000	2.408543
928	48.231125	11.775832	0.145879	91.400000	2.306660
929	48.229077	11.723023	0.145879	91.400000	2.487506
930	48.237959	11.704688	0.145879	91.400000	2.494320
931	48.231375	11.726019	0.145879	91.400000	2.501633
932	48.234588	11.725298	0.145879	91.400000	2.489194
933	48.233682	11.745495	0.145879	91.400000	2.528208
934	48.231882	11.774790	0.145879	91.400000	2.402864
935	48.230952	11.750816	0.145879	91.400000	2.471340
936	48.237178	11.758282	0.145879	91.400000	2.515167
937	48.235637	11.739911	0.145879	91.400000	2.509915
938	48.236296	11.771813	0.145879	91.400000	2.510378
939	48.231843	11.705890	0.145879	91.400000	2.507095
940	48.234713	11.702844	0.145879	91.400000	2.478929
941	48.237652	11.736039	0.072939	91.400000	2.452177
942	48.229980	11.775261	0.145879	91.400000	2.618086
943	48.231673	11.730348	0.145879	91.400000	2.409858
944	48.232281	11.752685	0.145879	91.400000	2.473673
945	48.237586	11.722002	0.145879	91.400000	2.524125
946	48.239082	11.738683	0.145879	91.400000	2.519165
947	48.235554	11.754561	0.145879	91.400000	2.410297
948	48.238072	11.738249	0.145879	91.400000	2.422971
949	48.240232	11.757052	0.145879	91.400000	2.426807
950	48.241737	11.705885	0.145879	91.400000	2.325729
951	48.241839	11.732827	0.145879	91.400000	2.439560
952	48.234898	11.750362	0.145879	91.400000	2.339410
953	48.238689	11.693427	0.145879	91.400000	2.322652
954	48.232666	11.729905	0.145879	91.400000	2.427016
955	48.234776	11.753500	0.145879	91.400000	2.329856
956	48.242196	11.720124	0.145879	91.400000	2.312373
957	48.235685	11.715352	0.145879	91.400000	2.423982
958	48.236448	11.728436	0.145879	91.400000	2.502715
959	48.242277	11.779512	0.145879	91.400000	2.501127
960	48.242682	11.726013	0.145879	91.400000	2.503098
961	48.241925	11.748642	0.145879	91.400000	2.508318
962	48.241758	11.733895	0.145879	91.400000	2.194050
963	48.276863	11.748458	0.145879	91.400000	2.112978
964	48.277330	11.749663	0.145879	91.400000	2.124513
965	48.276883	11.754403	0.145879	91.400000	2.108008
966	48.277265	11.756350	0.145879	91.400000	2.340713
967	48.277092	11.756574	0.145879	91.400000	2.104651
968	48.277396	11.756436	0.145879	91.400000	2.140821
969	48.277533	11.756495	0.145879	91.400000	2.240288
970	48.277459	11.757681	0.145879	91.400000	2.214972
971	48.277456	11.758035	0.145879	91.400000	2.121169
972	48.277456	11.758035	0.145879	91.400000	2.111985
973	48.277456	11.758035	0.145879	91.400000	2.322193
974	48.277456	11.758035	0.145879	91.400000	2.100177
975	48.277456	11.758035	0.145879	91.400000	2.127577
976	48.277456	11.758035	0.145879	91.400000	2.125765
977	48.277456	11.758035	0.145879	91.400000	2.118093
978	48.277456	11.758035	0.145879	91.400000	2.234124
979	48.277456	11.758035	0.145879	91.400000	2.330071
980	48.277456	11.758035	0.145879	91.400000	2.302137
981	48.277456	11.758035	0.145879	91.400000	2.106614
982	48.277456	11.758035	0.145879	91.400000	2.125123
983	48.277456	11.758035	0.145879	91.400000	2.116075
984	48.277456	11.758035	0.145879	91.400000	2.226161
985	48.277456	11.758035	0.145879	91.400000	2.205034
986	48.277456	11.758035	0.145879	91.400000	2.336828
987	48.277456	11.758035	0.145879	91.400000	2.190045
988	48.277456	11.758035	0.145879	91.400000	2.232934
989	48.277456	11.758035	0.145879	91.400000	2.105594
990	48.277456	11.758035	0.145879	91.400000	2.215953
991	48.277456	11.758035	0.145879	91.400000	2.220968
992	48.277456	11.758035	0.145879	91.400000	2.132162
993	48.277456	11.758035	0.145879	91.400000	2.194970
994	48.277456	11.758035	0.145879	91.400000	2.117662
995	48.277456	11.758035	0.145879	91.400000	2.221101
996	48.277456	11.758035	0.145879	91.400000	2.130267
997	48.277456	11.758035	0.145879	91.400000	2.124700
998	48.277456	11.758035	0.145879	91.400000	2.247106
999	48.277456	11.758035	0.145879	91.400000	2.222738
1000	48.277456	11.758035	0.145879	91.400000	2.286514
1001	48.277456	11.758035	0.145879	91.400000	2.212646
1002	48.277456	11.758035	0.145879	91.400000	2.126846
1003	48.277456	11.758035	0.145879	91.400000	2.211734
1004	48.277456	11.758035	0.145879	91.400000	2.103672
1005	48.277456	11.758035	0.145879	91.400000	2.131537
1006	48.277456	11.758035	0.145879	91.400000	2.228555
1007	48.277456	11.758035	0.145879	91.400000	2.115483
1008	48.277456	11.758035	0.145879	91.400000	2.151911
1009	48.277456	11.758035	0.145879	91.400000	2.203795
1010	48.277456	11.758035	0.145879	91.400000	2.132105
1011	48.277456	11.758035	0.145879	91.400000	2.328129
1012	48.277456	11.758035	0.145879	91.400000	2.116985
1013	48.277456	11.758035	0.145879	91.400000	2.142966
1014	48.277456	11.758035	0.145879	91.400000	2.152503
1015	48.277456	11.758035	0.145879	91.400000	2.119892
1016	48.277456	11.758035	0.145879	91.400000	2.156253
1017	48.277456	11.758035	0.145879	91.400000	2.126442
1018	48.277456	11.758035	0.145879	91.400000	2.117094
1019	48.277456	11.758035	0.145879	91.400000	2.121289
