1	30.387831	5.961869	0.000000	91.400000	2.338940
2	36.724085	8.997112	0.000000	91.400000	2.288361
3	40.199110	10.142747	0.000000	91.400000	2.298177
4	42.193395	10.678835	0.000000	91.400000	2.301838
5	43.404710	10.958162	0.000000	91.400000	2.373417
6	44.175833	11.029607	0.000000	91.400000	2.263183
7	44.676411	10.960970	0.000000	91.400000	2.455609
8	45.052201	11.033735	0.000000	91.400000	2.430668
9	45.331341	11.010767	0.000000	91.400000	2.489952
10	45.585850	10.980157	0.000000	91.400000	2.367884
11	45.772034	11.093972	0.000000	91.400000	2.387335
12	45.933878	11.158786	0.000000	91.400000	2.567744
13	46.071985	11.133054	0.000000	91.400000	2.361182
14	46.187884	11.118883	0.000000	91.400000	2.296777
15	46.270323	11.059292	0.000000	91.400000	2.305416
16	46.345830	11.148236	0.072939	91.400000	2.387277
17	46.422094	11.177540	0.000000	91.400000	2.310661
18	46.479610	11.202353	0.000000	91.400000	2.299189
19	46.534324	11.126826	0.000000	91.400000	2.390518
20	46.599281	11.184977	0.000000	91.400000	2.315541
21	46.645910	11.233245	0.072939	91.400000	2.289710
22	46.678156	11.225265	0.145879	91.400000	2.463424
23	46.727544	11.348888	0.072939	91.400000	2.382419
24	46.756575	11.344540	0.072939	91.400000	2.399266
25	46.764609	11.297306	0.072939	91.400000	2.379927
26	46.790260	11.267280	0.072939	91.400000	2.378334
27	46.816450	11.307008	0.072939	91.400000	2.468733
28	46.834403	11.347848	0.145879	91.400000	2.458557
29	46.858943	11.275938	0.145879	91.400000	2.374114
30	46.860567	11.379201	0.072939	91.400000	2.279482
31	46.865046	11.311391	0.072939	91.400000	2.309879
32	46.887302	11.334371	0.072939	91.400000	2.402064
33	46.894640	11.356352	0.072939	91.400000	2.383922
34	46.896428	11.424651	0.072939	91.400000	2.468467
35	46.917769	11.429375	0.072939	91.400000	2.310742
36	46.947783	11.350361	0.072939	91.400000	2.290188
37	46.942580	11.358531	0.145879	91.400000	2.295923
38	46.951765	11.401880	0.072939	91.400000	2.289789
39	46.968716	11.329190	0.218818	91.400000	2.302954
40	46.980679	11.307282	0.145879	91.400000	2.473040
41	46.985224	11.283631	0.145879	91.400000	2.445715
42	46.982861	11.279904	0.145879	91.400000	2.395421
43	46.986040	11.245305	0.145879	91.400000	2.460851
44	46.998057	11.313978	0.145879	91.400000	2.481308
45	47.005308	11.327605	0.000000	91.400000	2.481839
46	47.003657	11.365108	0.072939	91.400000	2.474026
47	47.011539	11.391707	0.000000	91.400000	2.461161
48	47.016740	11.401779	0.000000	91.400000	2.399489
49	47.032124	11.363583	0.072939	91.400000	2.468409
50	47.035170	11.244462	0.072939	91.400000	2.474131
51	47.031319	11.341624	0.000000	91.400000	2.470502
52	47.037378	11.473343	0.072939	91.400000	2.393293
53	47.026563	11.327969	0.000000	91.400000	2.369185
54	47.034165	11.473867	0.072939	91.400000	2.556639
55	47.034538	11.370204	0.000000	91.400000	2.467219
56	47.044241	11.362505	0.072939	91.400000	2.463836
57	47.061312	11.330622	0.072939	91.400000	2.386581
58	47.060451	11.336116	0.072939	91.400000	2.445998
59	47.071791	11.347975	0.072939	91.400000	2.466649
60	47.072619	11.305872	0.000000	91.400000	2.478327
61	47.094068	11.318223	0.072939	91.400000	2.382819
62	47.099948	11.333050	0.072939	91.400000	2.555008
63	47.111183	11.382431	0.145879	91.400000	2.389331
64	47.094202	11.404696	0.145879	91.400000	2.441925
65	47.094083	11.442785	0.145879	91.400000	2.477185
66	47.104421	11.449503	0.145879	91.400000	2.484972
67	47.120252	11.466888	0.145879	91.400000	2.444407
68	47.131300	11.374690	0.145879	91.400000	2.395982
69	47.119585	11.391449	0.145879	91.400000	2.468238
70	47.124743	11.393743	0.145879	91.400000	2.469547
71	47.114065	11.326388	0.218818	91.400000	2.481109
72	47.131389	11.411105	0.145879	91.400000	2.479647
73	47.143003	11.371889	0.145879	91.400000	2.463849
74	47.139135	11.399857	0.145879	91.400000	2.385453
75	47.144544	11.468236	0.072939	91.400000	2.460096
76	47.134382	11.383125	0.072939	91.400000	2.439211
77	47.143316	11.424401	0.072939	91.400000	2.510141
78	47.137922	11.470676	0.072939	91.400000	2.558177
79	47.130382	11.400585	0.072939	91.400000	2.468941
80	47.150615	11.299122	0.072939	91.400000	2.473653
81	47.147036	11.347005	0.145879	91.400000	2.564853
82	47.145298	11.383101	0.072939	91.400000	2.473711
83	47.162098	11.399595	0.072939	91.400000	2.303686
84	47.165304	11.412671	0.145879	91.400000	2.459321
85	47.146094	11.512076	0.072939	91.400000	2.431084
86	47.166765	11.440825	0.072939	91.400000	2.431004
87	47.165108	11.432676	0.145879	91.400000	2.540421
88	47.137728	11.399195	0.145879	91.400000	2.469832
89	47.155330	11.330312	0.145879	91.400000	2.481626
90	47.183847	11.346322	0.072939	91.400000	2.380176
91	47.167900	11.391917	0.072939	91.400000	2.295410
92	47.185752	11.398483	0.000000	91.400000	2.309890
93	47.175634	11.467066	0.000000	91.400000	2.297281
94	47.185126	11.419356	0.072939	91.400000	2.402904
95	47.165784	11.361215	0.072939	91.400000	2.298902
96	47.163081	11.342820	0.145879	91.400000	2.292513
97	47.171730	11.381733	0.072939	91.400000	2.397220
98	47.158682	11.443077	0.072939	91.400000	2.382003
99	47.163534	11.429219	0.072939	91.400000	2.551354
100	47.168964	11.402186	0.072939	91.400000	2.495812
101	47.187340	11.416906	0.145879	91.400000	2.398631
102	47.176075	11.404933	0.072939	91.400000	2.497532
103	47.191614	11.404246	0.072939	91.400000	2.406687
104	47.192264	11.460788	0.072939	91.400000	2.465587
105	47.208849	11.395457	0.218818	91.400000	2.474452
106	47.191131	11.427725	0.072939	91.400000	2.408945
107	47.187418	11.493731	0.145879	91.400000	2.481656
108	47.208989	11.458269	0.000000	91.400000	2.384495
109	47.201598	11.438984	0.072939	91.400000	2.463669
110	47.208327	11.395090	0.000000	91.400000	2.289688
111	47.211546	11.478568	0.000000	91.400000	2.311765
112	47.194999	11.407079	0.000000	91.400000	2.474697
113	47.191572	11.496031	0.218818	91.400000	2.294060
114	47.188532	11.483963	0.072939	91.400000	2.283054
115	47.194177	11.503891	0.145879	91.400000	2.288965
116	47.207671	11.490067	0.072939	91.400000	2.397158
117	47.213283	11.408804	0.145879	91.400000	2.400834
118	47.201663	11.483440	0.145879	91.400000	2.400317
119	47.201329	11.485634	0.145879	91.400000	2.395403
120	47.217649	11.531575	0.145879	91.400000	2.407157
121	47.214085	11.627624	0.145879	91.400000	2.299012
122	47.206238	11.508217	0.145879	91.400000	2.562006
123	47.201666	11.514977	0.218818	91.400000	2.457539
124	47.198480	11.429175	0.145879	91.400000	2.402010
125	47.223377	11.497429	0.072939	91.400000	2.388895
126	47.213656	11.537982	0.145879	91.400000	2.388527
127	47.218573	11.443198	0.072939	91.400000	2.279370
128	47.209594	11.542664	0.072939	91.400000	2.303894
129	47.196689	11.514905	0.145879	91.400000	2.301714
130	47.199866	11.590469	0.145879	91.400000	2.498459
131	47.201544	11.481201	0.145879	91.400000	2.311284
132	47.198433	11.506477	0.145879	91.400000	2.302751
133	47.213835	11.405167	0.000000	91.400000	2.400083
134	47.223389	11.495459	0.072939	91.400000	2.476464
135	47.216523	11.536462	0.072939	91.400000	2.466119
136	47.225928	11.572413	0.072939	91.400000	2.385900
137	47.212610	11.556557	0.145879	91.400000	2.480616
138	47.207582	11.544696	0.072939	91.400000	2.503687
139	47.215205	11.593971	0.072939	91.400000	2.397700
140	47.215971	11.565039	0.145879	91.400000	2.463317
141	47.219828	11.508325	0.072939	91.400000	2.468945
142	47.218090	11.510785	0.145879	91.400000	2.490906
143	47.212178	11.514985	0.145879	91.400000	2.492780
144	47.225159	11.571717	0.145879	91.400000	2.485832
145	47.220162	11.565152	0.145879	91.400000	2.450574
146	47.229671	11.488096	0.072939	91.400000	2.395621
147	47.212297	11.585529	0.145879	91.400000	2.471924
148	47.215360	11.490501	0.145879	91.400000	2.466881
149	47.218430	11.503915	0.145879	91.400000	2.481387
150	47.219348	11.536940	0.145879	91.400000	2.490624
151	47.214708	11.509543	0.145879	91.400000	2.388766
152	47.212851	11.554817	0.145879	91.400000	2.468687
153	47.220650	11.611694	0.145879	91.400000	2.478889
154	47.227025	11.609775	0.145879	91.400000	2.468800
155	47.225219	11.596382	0.145879	91.400000	2.469505
156	47.220322	11.572131	0.145879	91.400000	2.497220
157	47.219962	11.422777	0.145879	91.400000	2.400310
158	47.222495	11.492844	0.072939	91.400000	2.488241
159	47.220910	11.506205	0.072939	91.400000	2.451432
160	47.228581	11.555418	0.072939	91.400000	2.478709
161	47.196412	11.502952	0.072939	91.400000	2.472699
162	47.215700	11.556539	0.072939	91.400000	2.476587
163	47.214681	11.477676	0.072939	91.400000	2.482920
164	47.216755	11.499298	0.072939	91.400000	2.410527
165	47.214174	11.484428	0.072939	91.400000	2.400130
166	47.199720	11.462567	0.072939	91.400000	2.380401
167	47.201616	11.331752	0.072939	91.400000	2.293434
168	47.218156	11.443000	0.145879	91.400000	2.482897
169	47.217557	11.475861	0.145879	91.400000	2.486794
170	47.213548	11.516616	0.145879	91.400000	2.321194
171	47.223324	11.469484	0.145879	91.400000	2.301656
172	47.244614	11.433687	0.145879	91.400000	2.384326
173	47.236612	11.374074	0.145879	91.400000	2.407156
174	47.209200	11.434026	0.145879	91.400000	2.295723
175	47.209758	11.453630	0.145879	91.400000	2.316540
176	47.197136	11.441789	0.145879	91.400000	2.398742
177	47.213697	11.502439	0.145879	91.400000	2.392492
178	47.223759	11.476759	0.145879	91.400000	2.292233
179	47.223938	11.484219	0.145879	91.400000	2.376912
180	47.230220	11.559891	0.145879	91.400000	2.316586
181	47.207487	11.495519	0.145879	91.400000	2.327357
182	47.210360	11.420684	0.145879	91.400000	2.303552
183	47.228953	11.478841	0.145879	91.400000	2.304600
184	47.231168	11.418474	0.145879	91.400000	2.490704
185	47.231406	11.420032	0.072939	91.400000	2.300661
186	47.219270	11.554850	0.000000	91.400000	2.290686
187	47.215000	11.584414	0.145879	91.400000	2.394432
188	47.215015	11.655653	0.145879	91.400000	2.302457
189	47.224319	11.599011	0.145879	91.400000	2.494798
190	47.220126	11.638941	0.145879	91.400000	2.373528
191	47.218597	11.698286	0.145879	91.400000	2.283797
192	47.221670	11.569019	0.072939	91.400000	2.480049
193	47.222883	11.593234	0.072939	91.400000	2.481282
194	47.225159	11.583719	0.072939	91.400000	2.308029
195	47.213125	11.518024	0.072939	91.400000	2.319177
196	47.208911	11.470222	0.145879	91.400000	2.311469
197	47.208372	11.502217	0.145879	91.400000	2.296863
198	47.210708	11.556645	0.145879	91.400000	2.395800
199	47.211856	11.458413	0.145879	91.400000	2.404776
200	47.192526	11.528162	0.145879	91.400000	2.479406
201	47.207397	11.457941	0.145879	91.400000	2.459192
202	47.199470	11.453677	0.145879	91.400000	2.387519
203	47.201836	11.450336	0.145879	91.400000	2.410878
204	47.187778	11.351010	0.145879	91.400000	2.385131
205	47.205162	11.452519	0.145879	91.400000	2.306043
206	47.202694	11.400335	0.145879	91.400000	2.463413
207	47.218373	11.485520	0.145879	91.400000	2.429493
208	47.211182	11.484566	0.145879	91.400000	2.508820
209	47.212821	11.426382	0.145879	91.400000	2.496533
210	47.211134	11.390987	0.145879	91.400000	2.473299
211	47.207528	11.396735	0.145879	91.400000	2.480263
212	47.224343	11.435420	0.145879	91.400000	2.469524
213	47.227150	11.425313	0.145879	91.400000	2.474277
214	47.232211	11.453808	0.145879	91.400000	2.384148
215	47.220910	11.416159	0.145879	91.400000	2.465977
216	47.226781	11.486211	0.145879	91.400000	2.496546
217	47.234344	11.511512	0.145879	91.400000	2.462573
218	47.243819	11.446127	0.145879	91.400000	2.486776
219	47.242832	11.484572	0.145879	91.400000	2.477106
220	47.252503	11.406672	0.145879	91.400000	2.464190
221	47.253445	11.485784	0.145879	91.400000	2.386613
222	47.237897	11.431818	0.072939	91.400000	2.491102
223	47.246003	11.348035	0.072939	91.400000	2.480509
224	47.244081	11.354496	0.072939	91.400000	2.464185
225	47.262859	11.384956	0.072939	91.400000	2.490835
226	47.272095	11.399348	0.145879	91.400000	2.469880
227	47.249401	11.402610	0.145879	91.400000	2.471073
228	47.256994	11.497653	0.145879	91.400000	2.377950
229	47.257411	11.478830	0.145879	91.400000	2.314169
230	47.252089	11.473520	0.145879	91.400000	2.315593
231	47.259063	11.498847	0.145879	91.400000	2.293565
232	47.275940	11.411979	0.072939	91.400000	2.306715
233	47.269166	11.479281	0.145879	91.400000	2.317542
234	47.280952	11.536541	0.072939	91.400000	2.293963
235	47.263351	11.397431	0.072939	91.400000	2.483007
236	47.253016	11.458963	0.072939	91.400000	2.470332
237	47.256985	11.455360	0.072939	91.400000	2.466656
238	47.266704	11.503779	0.072939	91.400000	2.406830
239	47.261670	11.500795	0.072939	91.400000	2.486886
240	47.265816	11.420557	0.000000	91.400000	2.488146
241	47.261181	11.481166	0.000000	91.400000	2.478511
242	47.270590	11.456942	0.000000	91.400000	2.470393
243	47.266856	11.416040	0.072939	91.400000	2.487545
244	47.250146	11.516601	0.145879	91.400000	2.386164
245	47.266880	11.575982	0.072939	91.400000	2.482216
246	47.267330	11.558530	0.145879	91.400000	2.477404
247	47.271863	11.588381	0.072939	91.400000	2.401259
248	47.254485	11.557253	0.072939	91.400000	2.474702
249	47.252333	11.469762	0.000000	91.400000	2.556157
250	47.250289	11.569371	0.000000	91.400000	2.479134
251	47.278243	11.490902	0.000000	91.400000	2.395232
252	47.265643	11.486402	0.145879	91.400000	2.493148
253	47.276837	11.487251	0.145879	91.400000	2.445075
254	47.268039	11.562274	0.145879	91.400000	2.497959
255	47.276583	11.552051	0.145879	91.400000	2.490773
256	47.266096	11.541664	0.145879	91.400000	2.413321
257	47.263426	11.438872	0.145879	91.400000	2.380608
258	47.273764	11.465539	0.145879	91.400000	2.468572
259	47.258377	11.388996	0.145879	91.400000	2.467813
260	47.269350	11.443703	0.145879	91.400000	2.466661
261	47.253969	11.493672	0.145879	91.400000	2.475746
262	47.268036	11.466373	0.145879	91.400000	2.372323
263	47.259861	11.422941	0.145879	91.400000	2.311562
264	47.262961	11.413364	0.072939	91.400000	2.471310
265	47.259322	11.459658	0.145879	91.400000	2.484020
266	47.279400	11.422372	0.145879	91.400000	2.485069
267	47.263968	11.406641	0.145879	91.400000	2.494583
268	47.262824	11.428908	0.072939	91.400000	2.488957
269	47.267097	11.476731	0.145879	91.400000	2.483363
270	47.272831	11.484334	0.145879	91.400000	2.492308
271	47.278711	11.501110	0.072939	91.400000	2.302750
272	47.275138	11.466191	0.218818	91.400000	2.305638
273	47.272867	11.491110	0.072939	91.400000	2.393344
274	47.268701	11.409516	0.072939	91.400000	2.397105
275	47.284687	11.361329	0.072939	91.400000	2.285381
276	47.281063	11.407104	0.072939	91.400000	2.401824
277	47.278309	11.360101	0.072939	91.400000	2.404427
278	47.266674	11.428942	0.072939	91.400000	2.405752
279	47.254205	11.411516	0.072939	91.400000	2.390913
280	47.263798	11.461252	0.072939	91.400000	2.279561
281	47.253498	11.516822	0.072939	91.400000	2.428556
282	47.276673	11.436514	0.218818	91.400000	2.417463
283	47.258896	11.436423	0.072939	91.400000	2.307447
284	47.271746	11.422624	0.000000	91.400000	2.323874
285	47.272938	11.396990	0.145879	91.400000	2.315632
286	47.272515	11.342208	0.145879	91.400000	2.398923
287	47.277874	11.313618	0.145879	91.400000	2.420094
288	47.285450	11.294287	0.000000	91.400000	2.297213
289	47.267985	11.378239	0.145879	91.400000	2.308187
290	47.281411	11.334454	0.072939	91.400000	2.391569
291	47.274357	11.384066	0.072939	91.400000	2.394687
292	47.285852	11.388099	0.145879	91.400000	2.451058
293	47.277582	11.458387	0.072939	91.400000	2.469735
294	47.278011	11.393931	0.145879	91.400000	2.366184
295	47.274607	11.463081	0.145879	91.400000	2.290336
296	47.273672	11.344423	0.000000	91.400000	2.545362
297	47.271436	11.442097	0.000000	91.400000	2.339711
298	47.285461	11.456222	0.000000	91.400000	2.322688
299	47.288486	11.378100	0.072939	91.400000	2.420743
300	47.281089	11.338085	0.072939	91.400000	2.389722
301	47.284412	11.468440	0.072939	91.400000	2.301464
302	47.274435	11.422999	0.145879	91.400000	2.306063
303	47.295356	11.454179	0.072939	91.400000	2.401651
304	47.288698	11.431968	0.072939	91.400000	2.477711
305	47.283834	11.405951	0.072939	91.400000	2.476047
306	47.280762	11.402186	0.072939	91.400000	2.272483
307	47.281098	11.358471	0.072939	91.400000	2.292867
308	47.275180	11.336832	0.072939	91.400000	2.468857
309	47.276485	11.262934	0.072939	91.400000	2.481340
310	47.294369	11.198947	0.072939	91.400000	2.465954
311	47.290653	11.278720	0.000000	91.400000	2.387321
312	47.301328	11.344856	0.072939	91.400000	2.551804
313	47.305506	11.361320	0.072939	91.400000	2.421621
314	47.306877	11.407607	0.072939	91.400000	2.442583
315	47.317582	11.354135	0.000000	91.400000	2.550777
316	47.311074	11.493973	0.072939	91.400000	2.379790
317	47.308999	11.502769	0.072939	91.400000	2.447731
318	47.307253	11.496398	0.145879	91.400000	2.441808
319	47.302324	11.492209	0.072939	91.400000	2.415988
320	47.311127	11.471017	0.072939	91.400000	2.309063
321	47.317037	11.422030	0.072939	91.400000	2.326632
322	47.312972	11.437222	0.072939	91.400000	2.308722
323	47.302893	11.387809	0.145879	91.400000	2.410669
324	47.299930	11.393667	0.145879	91.400000	2.409931
325	47.297993	11.361404	0.145879	91.400000	2.298338
326	47.308365	11.388761	0.145879	91.400000	2.307423
327	47.310072	11.429869	0.145879	91.400000	2.393789
328	47.314161	11.409300	0.072939	91.400000	2.490942
329	47.298586	11.435131	0.072939	91.400000	2.479821
330	47.294289	11.386452	0.145879	91.400000	2.467005
331	47.294998	11.388420	0.072939	91.400000	2.483979
332	47.287142	11.357803	0.072939	91.400000	2.391691
333	47.298783	11.380919	0.145879	91.400000	2.397367
334	47.299850	11.400954	0.072939	91.400000	2.288353
335	47.297037	11.450198	0.072939	91.400000	2.283931
336	47.305086	11.441406	0.145879	91.400000	2.290112
337	47.305161	11.373175	0.000000	91.400000	2.304364
338	47.317597	11.428605	0.145879	91.400000	2.310419
339	47.302571	11.405977	0.072939	91.400000	2.299522
340	47.310069	11.340374	0.072939	91.400000	2.481118
341	47.311622	11.310626	0.072939	91.400000	2.310518
342	47.306266	11.334233	0.145879	91.400000	2.312130
343	47.304344	11.283615	0.000000	91.400000	2.650312
344	47.297269	11.375832	0.145879	91.400000	2.482555
345	47.305489	11.398511	0.145879	91.400000	2.277793
346	47.289157	11.368194	0.145879	91.400000	2.400660
347	47.291833	11.396775	0.072939	91.400000	2.374510
348	47.303358	11.452570	0.145879	91.400000	2.375234
349	47.304136	11.425410	0.072939	91.400000	2.491359
350	47.304970	11.289015	0.072939	91.400000	2.308252
351	47.306538	11.269676	0.145879	91.400000	2.575537
352	47.305319	11.325829	0.145879	91.400000	2.332353
353	47.304824	11.345598	0.145879	91.400000	2.424526
354	47.311434	11.428733	0.145879	91.400000	2.501602
355	47.303659	11.400803	0.072939	91.400000	2.294963
356	47.303623	11.356367	0.145879	91.400000	2.311337
357	47.293627	11.304918	0.145879	91.400000	2.303144
358	47.311437	11.253869	0.072939	91.400000	2.502790
359	47.313637	11.280639	0.072939	91.400000	2.291140
360	47.310179	11.297855	0.000000	91.400000	2.626245
361	47.307026	11.233644	0.072939	91.400000	2.507288
362	47.313780	11.268631	0.072939	91.400000	2.391152
363	47.320303	11.248479	0.072939	91.400000	2.320158
364	47.287875	11.281903	0.145879	91.400000	2.308396
365	47.311416	11.251765	0.072939	91.400000	2.397621
366	47.312582	11.257232	0.072939	91.400000	2.316031
367	47.316894	11.332575	0.072939	91.400000	2.318635
368	47.301361	11.403779	0.072939	91.400000	2.697436
369	47.299266	11.399860	0.072939	91.400000	2.383770
370	47.286895	11.466121	0.072939	91.400000	2.305567
371	47.300321	11.321767	0.072939	91.400000	2.316767
372	47.294605	11.318469	0.145879	91.400000	2.306529
373	47.307053	11.290938	0.072939	91.400000	2.296258
374	47.302154	11.413178	0.072939	91.400000	2.312347
375	47.291404	11.354562	0.072939	91.400000	2.312950
376	47.294152	11.282479	0.072939	91.400000	2.300058
377	47.299111	11.290450	0.072939	91.400000	2.298110
378	47.307342	11.302038	0.000000	91.400000	2.394818
379	47.315738	11.337513	0.072939	91.400000	2.299117
380	47.320598	11.323670	0.072939	91.400000	2.290775
381	47.314578	11.314600	0.072939	91.400000	2.279622
382	47.301167	11.369012	0.072939	91.400000	2.296246
383	47.301430	11.353217	0.072939	91.400000	2.308160
384	47.319412	11.355948	0.072939	91.400000	2.358911
385	47.318268	11.401485	0.072939	91.400000	2.434213
386	47.303760	11.428049	0.072939	91.400000	2.471822
387	47.307265	11.406540	0.072939	91.400000	2.463161
388	47.315562	11.375688	0.145879	91.400000	2.280716
389	47.313598	11.319115	0.072939	91.400000	2.318242
390	47.297019	11.339239	0.072939	91.400000	2.284503
391	47.311217	11.315388	0.072939	91.400000	2.298375
392	47.306123	11.333398	0.072939	91.400000	2.305784
393	47.311634	11.400855	0.072939	91.400000	2.303578
394	47.302729	11.366917	0.072939	91.400000	2.276615
395	47.302175	11.398178	0.072939	91.400000	2.276799
396	47.320527	11.415064	0.072939	91.400000	2.296301
397	47.303498	11.475907	0.000000	91.400000	2.291706
398	47.306997	11.488027	0.000000	91.400000	2.304920
399	47.309312	11.437915	0.000000	91.400000	2.312293
400	47.319269	11.376886	0.072939	91.400000	2.294310
401	47.324371	11.392807	0.000000	91.400000	2.292219
402	47.319329	11.418634	0.000000	91.400000	2.305675
403	47.313565	11.349142	0.145879	91.400000	2.305951
404	47.306019	11.376938	0.145879	91.400000	2.310338
405	47.318166	11.347833	0.072939	91.400000	2.284622
406	47.309124	11.298456	0.000000	91.400000	2.267898
407	47.302678	11.280031	0.072939	91.400000	2.287957
408	47.305501	11.269060	0.072939	91.400000	2.288696
409	47.304565	11.306754	0.072939	91.400000	2.301749
410	47.297865	11.283522	0.072939	91.400000	2.308416
411	47.294480	11.305536	0.072939	91.400000	2.308296
412	47.316840	11.316206	0.072939	91.400000	2.296377
413	47.294742	11.202427	0.072939	91.400000	2.303627
414	47.295773	11.252910	0.145879	91.400000	2.308682
415	47.302824	11.285616	0.072939	91.400000	2.286117
416	47.301096	11.336982	0.072939	91.400000	2.270147
417	47.310063	11.373406	0.072939	91.400000	2.289676
418	47.295496	11.340535	0.072939	91.400000	2.289291
419	47.295186	11.392098	0.072939	91.400000	2.299782
420	47.301158	11.445368	0.072939	91.400000	2.402142
421	47.303051	11.505548	0.072939	91.400000	2.374978
422	47.306615	11.439093	0.072939	91.400000	2.373651
423	47.297704	11.441659	0.072939	91.400000	2.390651
424	47.298744	11.386304	0.072939	91.400000	2.405623
425	47.294140	11.457077	0.072939	91.400000	2.301955
426	47.295773	11.420062	0.000000	91.400000	2.407326
427	47.294474	11.454523	0.072939	91.400000	2.385311
428	47.312519	11.408776	0.072939	91.400000	2.297291
429	47.300619	11.412999	0.072939	91.400000	2.474138
430	47.304070	11.472888	0.072939	91.400000	2.378971
431	47.301531	11.528380	0.072939	91.400000	2.303018
432	47.318411	11.483026	0.072939	91.400000	2.400184
433	47.302610	11.485404	0.145879	91.400000	2.403059
434	47.309077	11.444777	0.072939	91.400000	2.380319
435	47.306085	11.466868	0.072939	91.400000	2.404933
436	47.316349	11.443708	0.072939	91.400000	2.382667
437	47.321469	11.485451	0.072939	91.400000	2.381958
438	47.322896	11.475612	0.072939	91.400000	2.391551
439	47.311509	11.515532	0.072939	91.400000	2.314763
440	47.316951	11.457181	0.072939	91.400000	2.396171
441	47.304037	11.470761	0.072939	91.400000	2.310973
442	47.305000	11.407693	0.145879	91.400000	2.562511
443	47.314978	11.483149	0.000000	91.400000	2.393040
444	47.302306	11.490186	0.072939	91.400000	2.362905
445	47.312289	11.415535	0.000000	91.400000	2.286970
446	47.319049	11.501697	0.072939	91.400000	2.398532
447	47.321659	11.481699	0.072939	91.400000	2.485334
448	47.303900	11.499546	0.000000	91.400000	2.474808
449	47.311276	11.524731	0.072939	91.400000	2.301781
450	47.293365	11.556180	0.000000	91.400000	2.292550
451	47.303283	11.550152	0.000000	91.400000	2.297377
452	47.311485	11.528440	0.000000	91.400000	2.291421
453	47.485092	11.560051	0.000000	91.400000	2.302087
454	47.547293	11.552951	0.000000	91.400000	2.328892
455	47.572982	11.488957	0.000000	91.400000	2.306397
456	47.581461	11.588864	0.000000	91.400000	2.295902
457	47.585160	11.574063	0.000000	91.400000	2.297978
458	47.589946	11.514362	0.000000	91.400000	2.315671
459	47.589326	11.518158	0.000000	91.400000	2.306734
460	47.591436	11.582519	0.000000	91.400000	2.307248
461	47.601432	11.569495	0.072939	91.400000	2.291760
462	47.610939	11.504627	0.072939	91.400000	2.311681
463	47.611189	11.428074	0.000000	91.400000	2.312852
464	47.612041	11.410253	0.000000	91.400000	2.297803
465	47.601438	11.380876	0.000000	91.400000	2.391913
466	47.601527	11.399060	0.072939	91.400000	2.406217
467	47.611007	11.422865	0.072939	91.400000	2.300375
468	47.614092	11.410818	0.000000	91.400000	2.310656
469	47.626072	11.397185	0.000000	91.400000	2.315223
470	47.634172	11.487274	0.072939	91.400000	2.391072
471	47.633389	11.525045	0.072939	91.400000	2.488304
472	47.631875	11.511400	0.145879	91.400000	2.365802
473	47.632256	11.460710	0.145879	91.400000	2.480688
474	47.630227	11.502511	0.145879	91.400000	2.387100
475	47.634280	11.507453	0.145879	91.400000	2.495088
476	47.632438	11.490187	0.145879	91.400000	2.369153
477	47.647786	11.444692	0.145879	91.400000	2.404578
478	47.638145	11.512497	0.145879	91.400000	2.386622
479	47.643751	11.474850	0.000000	91.400000	2.388495
480	47.653383	11.505635	0.145879	91.400000	2.374705
481	47.650576	11.501761	0.072939	91.400000	2.282151
482	47.636050	11.485676	0.072939	91.400000	2.307767
483	47.645655	11.500366	0.072939	91.400000	2.311781
484	47.653323	11.525254	0.072939	91.400000	2.404835
485	47.651559	11.444536	0.000000	91.400000	2.394870
486	47.649619	11.536479	0.072939	91.400000	2.304291
487	47.649616	11.463523	0.072939	91.400000	2.295340
488	47.647056	11.569653	0.072939	91.400000	2.399620
489	47.642469	11.588337	0.000000	91.400000	2.392802
490	47.637469	11.517358	0.072939	91.400000	2.315776
491	47.634298	11.530728	0.072939	91.400000	2.317255
492	47.643620	11.473468	0.072939	91.400000	2.382734
493	47.666559	11.475798	0.072939	91.400000	2.480427
494	47.652179	11.542288	0.072939	91.400000	2.466063
495	47.655740	11.452153	0.072939	91.400000	2.471787
496	47.652808	11.393059	0.000000	91.400000	2.470279
497	47.650439	11.345276	0.072939	91.400000	2.454524
498	47.651333	11.366013	0.072939	91.400000	2.413744
499	47.642836	11.414342	0.000000	91.400000	2.474853
500	47.643462	11.462097	0.072939	91.400000	2.402675
501	47.639865	11.439270	0.072939	91.400000	2.557316
502	47.632319	11.476853	0.072939	91.400000	2.383106
503	47.644985	11.565828	0.072939	91.400000	2.467847
504	47.630417	11.513606	0.072939	91.400000	2.489710
505	47.641790	11.466993	0.072939	91.400000	2.306062
506	47.639194	11.423264	0.072939	91.400000	2.391438
507	47.643405	11.475014	0.072939	91.400000	2.286349
508	47.653928	11.489097	0.072939	91.400000	2.315598
509	47.646511	11.483404	0.072939	91.400000	2.304124
510	47.631401	11.502242	0.072939	91.400000	2.487321
511	47.641417	11.504108	0.072939	91.400000	2.399705
512	47.660834	11.569819	0.000000	91.400000	2.318510
513	47.658762	11.533799	0.000000	91.400000	2.295824
514	47.644913	11.513389	0.000000	91.400000	2.488790
515	47.656554	11.506419	0.000000	91.400000	2.475975
516	47.656173	11.463537	0.000000	91.400000	2.383707
517	47.654888	11.406950	0.000000	91.400000	2.492284
518	47.665426	11.419950	0.000000	91.400000	2.406351
519	47.666404	11.359343	0.000000	91.400000	2.391160
520	47.654897	11.367902	0.072939	91.400000	2.313119
521	47.659844	11.364240	0.072939	91.400000	2.300242
522	47.661656	11.432253	0.072939	91.400000	2.310041
523	47.656974	11.410677	0.072939	91.400000	2.326534
524	47.665930	11.404340	0.000000	91.400000	2.398880
525	47.670376	11.447145	0.000000	91.400000	2.304950
526	47.652891	11.435378	0.000000	91.400000	2.413347
527	47.662181	11.506989	0.000000	91.400000	2.390287
528	47.672683	11.521236	0.000000	91.400000	2.302854
529	47.680002	11.496300	0.072939	91.400000	2.297108
530	47.671744	11.494395	0.072939	91.400000	2.558794
531	47.665495	11.465600	0.072939	91.400000	2.387951
532	47.669750	11.451024	0.145879	91.400000	2.566862
533	47.670788	11.540579	0.145879	91.400000	2.422208
534	47.665676	11.502591	0.145879	91.400000	2.401401
535	47.662246	11.521853	0.072939	91.400000	2.468306
536	47.657248	11.582502	0.000000	91.400000	2.459234
537	47.660333	11.521719	0.072939	91.400000	2.460208
538	47.656241	11.482613	0.072939	91.400000	2.421681
539	47.661611	11.464607	0.000000	91.400000	2.419932
540	47.660875	11.535189	0.072939	91.400000	2.314149
541	47.674143	11.556949	0.145879	91.400000	2.321441
542	47.673386	11.475920	0.145879	91.400000	2.306638
543	47.669983	11.459968	0.072939	91.400000	2.488014
544	47.664171	11.482843	0.072939	91.400000	2.418159
545	47.664133	11.510747	0.145879	91.400000	2.308074
546	47.660577	11.477145	0.000000	91.400000	2.293971
547	47.665638	11.508286	0.072939	91.400000	2.499300
548	47.669882	11.534527	0.072939	91.400000	2.415147
549	47.665745	11.474366	0.000000	91.400000	2.489578
550	47.656763	11.508113	0.000000	91.400000	2.476035
551	47.678423	11.544378	0.000000	91.400000	2.381118
552	47.675744	11.609781	0.072939	91.400000	2.482747
553	47.683346	11.531603	0.072939	91.400000	2.490661
554	47.678596	11.538260	0.072939	91.400000	2.498516
555	47.680721	11.492301	0.072939	91.400000	2.412912
556	47.672105	11.428401	0.000000	91.400000	2.472027
557	47.693178	11.518943	0.072939	91.400000	2.469825
558	47.693163	11.614867	0.000000	91.400000	2.480823
559	47.698379	11.617662	0.000000	91.400000	2.396770
560	47.687340	11.603774	0.072939	91.400000	2.377405
561	47.678939	11.528866	0.072939	91.400000	2.307188
562	47.690359	11.471137	0.072939	91.400000	2.476881
563	47.682238	11.557640	0.072939	91.400000	2.311471
564	47.681171	11.528897	0.072939	91.400000	2.306379
565	47.674912	11.491444	0.000000	91.400000	2.495742
566	47.681749	11.491289	0.072939	91.400000	2.313830
567	47.698683	11.407224	0.072939	91.400000	2.308912
568	47.683972	11.473832	0.000000	91.400000	2.305885
569	47.693771	11.510498	0.072939	91.400000	2.488671
570	47.694898	11.439477	0.145879	91.400000	2.400103
571	47.681400	11.503243	0.072939	91.400000	2.405326
572	47.681391	11.591882	0.072939	91.400000	2.395603
573	47.676146	11.514360	0.145879	91.400000	2.303678
574	47.679824	11.530998	0.145879	91.400000	2.547822
575	47.688335	11.476185	0.072939	91.400000	2.380540
576	47.681731	11.501954	0.072939	91.400000	2.478252
577	47.689644	11.455764	0.072939	91.400000	2.492033
578	47.684419	11.555605	0.145879	91.400000	2.483620
579	47.671717	11.478378	0.145879	91.400000	2.466665
580	47.690213	11.441342	0.145879	91.400000	2.485121
581	47.680137	11.444172	0.145879	91.400000	2.401998
582	47.691256	11.434218	0.072939	91.400000	2.544276
583	47.695097	11.519702	0.072939	91.400000	2.395995
584	47.689432	11.473877	0.072939	91.400000	2.326440
585	47.691667	11.560807	0.072939	91.400000	2.405116
586	47.693452	11.470968	0.072939	91.400000	2.288672
587	47.685993	11.545239	0.145879	91.400000	2.314677
588	47.686026	11.470353	0.072939	91.400000	2.309520
589	47.685865	11.541016	0.072939	91.400000	2.402519
590	47.676274	11.531448	0.072939	91.400000	2.302547
591	47.684085	11.571228	0.145879	91.400000	2.388621
592	47.686404	11.609557	0.145879	91.400000	2.402807
593	47.689140	11.597560	0.145879	91.400000	2.414171
594	47.691709	11.592121	0.145879	91.400000	2.395319
595	47.676909	11.574065	0.072939	91.400000	2.465225
596	47.669870	11.568114	0.072939	91.400000	2.481195
597	47.682798	11.666151	0.072939	91.400000	2.477711
598	47.690552	11.549202	0.072939	91.400000	2.481616
599	47.682172	11.529066	0.145879	91.400000	2.284601
600	47.677740	11.573999	0.145879	91.400000	2.309626
601	47.677132	11.563097	0.145879	91.400000	2.399799
602	47.681254	11.547472	0.072939	91.400000	2.283023
603	47.676164	11.577064	0.145879	91.400000	2.396065
604	47.679108	11.517605	0.145879	91.400000	2.308998
605	47.680801	11.529900	0.072939	91.400000	2.404342
606	47.675133	11.552541	0.072939	91.400000	2.402832
607	47.666353	11.557300	0.145879	91.400000	2.310370
608	47.678107	11.547611	0.072939	91.400000	2.314521
609	47.676969	11.529510	0.145879	91.400000	2.485311
610	47.682804	11.584361	0.218818	91.400000	2.483467
611	47.681564	11.596376	0.145879	91.400000	2.403857
612	47.673979	11.624967	0.145879	91.400000	2.467674
613	47.697300	11.614586	0.145879	91.400000	2.453399
614	47.707450	11.556943	0.145879	91.400000	2.459608
615	47.701424	11.586061	0.145879	91.400000	2.514747
616	47.694486	11.552723	0.145879	91.400000	2.455012
617	47.694367	11.550421	0.145879	91.400000	2.475337
618	47.689143	11.544054	0.291758	91.400000	2.440344
619	47.699940	11.538915	0.218818	91.400000	2.341404
620	47.699028	11.481985	0.218818	91.400000	2.406864
621	47.695431	11.519673	0.145879	91.400000	2.296494
622	47.685778	11.526391	0.072939	91.400000	2.312977
623	47.694263	11.579702	0.218818	91.400000	2.404812
624	47.683451	11.615680	0.145879	91.400000	2.506932
625	47.697380	11.602650	0.145879	91.400000	2.311373
626	47.704780	11.650724	0.145879	91.400000	2.299400
627	47.685918	11.611347	0.072939	91.400000	2.493754
628	47.687811	11.606619	0.072939	91.400000	2.389946
629	47.679579	11.671777	0.072939	91.400000	2.493360
630	47.677410	11.721468	0.072939	91.400000	2.387671
631	47.680327	11.642955	0.072939	91.400000	2.379392
632	47.679555	11.638738	0.072939	91.400000	2.293994
633	47.683439	11.611299	0.072939	91.400000	2.506797
634	47.676244	11.549062	0.072939	91.400000	2.398730
635	47.671226	11.570729	0.072939	91.400000	2.491395
636	47.666109	11.562176	0.145879	91.400000	2.497166
637	47.673661	11.557159	0.072939	91.400000	2.487410
638	47.683507	11.517790	0.145879	91.400000	2.458289
639	47.680521	11.510036	0.145879	91.400000	2.310730
640	47.691602	11.595949	0.145879	91.400000	2.309675
641	47.685999	11.581239	0.072939	91.400000	2.406974
642	47.675455	11.534050	0.072939	91.400000	2.297729
643	47.682774	11.524231	0.145879	91.400000	2.298294
644	47.692204	11.525022	0.145879	91.400000	2.411238
645	47.683012	11.506900	0.145879	91.400000	2.482899
646	47.681037	11.508534	0.145879	91.400000	2.384976
647	47.691447	11.532040	0.218818	91.400000	2.399853
648	47.696155	11.532152	0.218818	91.400000	2.269865
649	47.686428	11.496576	0.218818	91.400000	2.404467
650	47.704822	11.497698	0.145879	91.400000	2.295918
651	47.690907	11.454819	0.145879	91.400000	2.308470
652	47.689566	11.483512	0.218818	91.400000	2.304505
653	47.691929	11.529390	0.072939	91.400000	2.404960
654	47.689641	11.506609	0.145879	91.400000	2.409575
655	47.690356	11.512088	0.145879	91.400000	2.492543
656	47.701582	11.474049	0.218818	91.400000	2.311695
657	47.699937	11.434124	0.145879	91.400000	2.302897
658	47.704744	11.407566	0.145879	91.400000	2.395529
659	47.699779	11.446113	0.145879	91.400000	2.394567
660	47.696310	11.447830	0.072939	91.400000	2.491502
661	47.691861	11.442991	0.218818	91.400000	2.464611
662	47.683516	11.500967	0.218818	91.400000	2.390681
663	47.679782	11.524237	0.218818	91.400000	2.474067
664	47.679710	11.487604	0.218818	91.400000	2.468045
665	47.690278	11.516707	0.218818	91.400000	2.484863
666	47.839653	11.502931	0.218818	91.400000	2.484560
667	47.889876	11.546315	0.145879	91.400000	2.401289
668	47.904980	11.558629	0.145879	91.400000	2.492705
669	47.913694	11.515514	0.145879	91.400000	2.473153
670	47.922504	11.505231	0.218818	91.400000	2.487675
671	47.937688	11.548442	0.145879	91.400000	2.383014
672	47.936976	11.601731	0.145879	91.400000	2.497920
673	47.948015	11.596089	0.218818	91.400000	2.403764
674	47.945809	11.645266	0.145879	91.400000	2.493374
675	47.963053	11.544894	0.072939	91.400000	2.475033
676	47.960472	11.566787	0.145879	91.400000	2.459018
677	47.961900	11.585648	0.145879	91.400000	2.494580
678	47.964793	11.557779	0.145879	91.400000	2.404258
679	47.972322	11.592161	0.145879	91.400000	2.405130
680	47.960708	11.614577	0.218818	91.400000	2.404417
681	47.965917	11.580336	0.145879	91.400000	2.460182
682	47.964889	11.633048	0.218818	91.400000	2.379213
683	47.972336	11.585237	0.145879	91.400000	2.313786
684	47.976357	11.535963	0.145879	91.400000	2.490354
685	47.980142	11.549661	0.145879	91.400000	2.324386
686	47.977650	11.490599	0.145879	91.400000	2.310207
687	47.988957	11.497394	0.145879	91.400000	2.398491
688	47.974712	11.592088	0.145879	91.400000	2.320049
689	47.981137	11.616945	0.145879	91.400000	2.306520
690	47.976261	11.572986	0.145879	91.400000	2.395805
691	47.983766	11.631830	0.145879	91.400000	2.394568
692	47.981298	11.597117	0.145879	91.400000	2.396087
693	47.995281	11.608211	0.145879	91.400000	2.309163
694	47.978723	11.587761	0.145879	91.400000	2.393583
695	47.983006	11.621083	0.218818	91.400000	2.469627
696	47.981003	11.597079	0.145879	91.400000	2.476933
697	47.986275	11.592672	0.218818	91.400000	2.458826
698	47.983441	11.641899	0.218818	91.400000	2.485013
699	47.983575	11.585572	0.072939	91.400000	2.499100
700	47.987008	11.584758	0.145879	91.400000	2.453568
701	47.986144	11.581216	0.145879	91.400000	2.496802
702	47.978443	11.566230	0.072939	91.400000	2.399614
703	47.984451	11.597170	0.145879	91.400000	2.489159
704	47.986206	11.642340	0.145879	91.400000	2.467829
705	47.982591	11.682224	0.145879	91.400000	2.391238
706	47.982150	11.684167	0.145879	91.400000	2.455735
707	47.982278	11.613726	0.145879	91.400000	2.501186
708	47.976735	11.513616	0.145879	91.400000	2.392992
709	47.973770	11.604411	0.218818	91.400000	2.443445
710	47.976488	11.563763	0.145879	91.400000	2.528622
711	47.978544	11.574816	0.072939	91.400000	2.399878
712	47.976464	11.585679	0.145879	91.400000	2.569206
713	47.979695	11.572396	0.145879	91.400000	2.463932
714	47.978261	11.553420	0.145879	91.400000	2.472703
715	47.985157	11.566405	0.072939	91.400000	2.394329
716	47.976828	11.592414	0.145879	91.400000	2.471920
717	47.970229	11.601773	0.145879	91.400000	2.443912
718	47.976667	11.535126	0.145879	91.400000	2.531356
719	47.974050	11.519832	0.145879	91.400000	2.457972
720	47.976613	11.549215	0.145879	91.400000	2.474067
721	47.982106	11.563143	0.145879	91.400000	2.479091
722	47.982574	11.570215	0.072939	91.400000	2.473938
723	47.986424	11.609334	0.145879	91.400000	2.377425
724	47.979057	11.622556	0.218818	91.400000	2.405296
725	47.974265	11.631924	0.218818	91.400000	2.405782
726	47.986162	11.660712	0.145879	91.400000	2.299460
727	47.989136	11.677238	0.218818	91.400000	2.327358
728	48.008627	11.613234	0.218818	91.400000	2.295951
729	47.999430	11.664205	0.145879	91.400000	2.396364
730	47.998321	11.624818	0.145879	91.400000	2.401070
731	47.999364	11.596898	0.145879	91.400000	2.314951
732	47.990513	11.595957	0.145879	91.400000	2.313550
733	47.985077	11.637124	0.145879	91.400000	2.471838
734	47.988930	11.641873	0.072939	91.400000	2.489640
735	47.979847	11.658375	0.072939	91.400000	2.485178
736	47.987622	11.636080	0.072939	91.400000	2.384290
737	47.980040	11.647158	0.072939	91.400000	2.466336
738	47.985160	11.686877	0.072939	91.400000	2.499955
739	47.978896	11.647502	0.072939	91.400000	2.492915
740	47.989565	11.629275	0.145879	91.400000	2.478823
741	47.986978	11.623321	0.145879	91.400000	2.373055
742	47.985876	11.646398	0.145879	91.400000	2.497040
743	47.992522	11.613648	0.145879	91.400000	2.509872
744	47.987145	11.627288	0.145879	91.400000	2.402464
745	47.993708	11.651454	0.072939	91.400000	2.493040
746	47.992754	11.647109	0.145879	91.400000	2.491461
747	47.988498	11.693745	0.072939	91.400000	2.457835
748	47.980195	11.693457	0.145879	91.400000	2.477994
749	47.988874	11.658110	0.145879	91.400000	2.399296
750	47.989815	11.636965	0.218818	91.400000	2.409893
751	47.995514	11.637648	0.145879	91.400000	2.465892
752	47.994649	11.627705	0.145879	91.400000	2.472093
753	47.994274	11.622821	0.218818	91.400000	2.364319
754	47.988376	11.591868	0.145879	91.400000	2.304743
755	47.985655	11.639603	0.145879	91.400000	2.483938
756	47.986454	11.625258	0.072939	91.400000	2.466377
757	47.986042	11.703410	0.072939	91.400000	2.316632
758	47.987986	11.652754	0.218818	91.400000	2.305978
759	47.990811	11.688802	0.145879	91.400000	2.388833
760	47.986251	11.616795	0.145879	91.400000	2.417364
761	47.985476	11.669483	0.072939	91.400000	2.293526
762	47.989523	11.647433	0.218818	91.400000	2.319391
763	47.985911	11.671164	0.218818	91.400000	2.405067
764	47.991884	11.652652	0.145879	91.400000	2.402765
765	47.986615	11.616693	0.218818	91.400000	2.298519
766	47.992754	11.618324	0.218818	91.400000	2.394232
767	47.995937	11.607407	0.072939	91.400000	2.482664
768	47.984260	11.639183	0.145879	91.400000	2.468962
769	47.986454	11.627119	0.218818	91.400000	2.466418
770	47.979391	11.575085	0.218818	91.400000	2.487263
771	47.977734	11.614685	0.145879	91.400000	2.473030
772	47.979936	11.673935	0.145879	91.400000	2.440351
773	47.980547	11.613872	0.218818	91.400000	2.497731
774	47.986674	11.650985	0.145879	91.400000	2.474022
775	47.990215	11.697322	0.145879	91.400000	2.462240
776	47.984004	11.621013	0.072939	91.400000	2.425259
777	47.989514	11.649019	0.072939	91.400000	2.475411
778	47.995979	11.713473	0.145879	91.400000	2.486548
779	47.999945	11.666346	0.145879	91.400000	2.440276
780	48.143554	11.670527	0.145879	91.400000	2.510565
781	48.171300	11.658264	0.145879	91.400000	2.408105
782	48.181522	11.625388	0.145879	91.400000	2.487650
783	48.184237	11.680014	0.145879	91.400000	2.387298
784	48.194188	11.680701	0.072939	91.400000	2.289434
785	48.192149	11.669867	0.072939	91.400000	2.317754
786	48.195463	11.645762	0.072939	91.400000	2.297565
787	48.192012	11.643385	0.145879	91.400000	2.300894
788	48.192221	11.647505	0.145879	91.400000	2.484076
789	48.197889	11.665472	0.072939	91.400000	2.309799
790	48.200494	11.651385	0.072939	91.400000	2.307848
791	48.201394	11.661640	0.145879	91.400000	2.399111
792	48.200929	11.633492	0.145879	91.400000	2.478432
793	48.205924	11.645193	0.145879	91.400000	2.471461
794	48.204321	11.654949	0.145879	91.400000	2.475207
795	48.208255	11.665738	0.145879	91.400000	2.500129
796	48.203266	11.667286	0.145879	91.400000	2.400746
797	48.200393	11.690979	0.145879	91.400000	2.494525
798	48.202553	11.689147	0.145879	91.400000	2.417160
799	48.207119	11.664317	0.145879	91.400000	2.484242
800	48.212212	11.662291	0.145879	91.400000	2.480454
801	48.218864	11.649713	0.145879	91.400000	2.477250
802	48.208672	11.657786	0.145879	91.400000	2.494528
803	48.217589	11.648252	0.145879	91.400000	2.407533
804	48.211947	11.674906	0.145879	91.400000	2.411018
805	48.214501	11.673127	0.145879	91.400000	2.470907
806	48.209307	11.639934	0.145879	91.400000	2.468583
807	48.217034	11.663150	0.145879	91.400000	2.471435
808	48.216841	11.647615	0.145879	91.400000	2.510950
809	48.208532	11.641906	0.145879	91.400000	2.399078
810	48.208097	11.633461	0.145879	91.400000	2.493281
811	48.207915	11.648525	0.145879	91.400000	2.411574
812	48.203251	11.671477	0.145879	91.400000	2.482495
813	48.214638	11.673453	0.145879	91.400000	2.473365
814	48.211879	11.657936	0.145879	91.400000	2.488112
815	48.214787	11.639675	0.145879	91.400000	2.410117
816	48.214000	11.629161	0.145879	91.400000	2.492173
817	48.211685	11.625405	0.145879	91.400000	2.401185
818	48.211151	11.606283	0.218818	91.400000	2.480726
819	48.222679	11.604509	0.145879	91.400000	2.468918
820	48.224849	11.609003	0.145879	91.400000	2.474720
821	48.222697	11.607796	0.145879	91.400000	2.404932
822	48.221713	11.612263	0.145879	91.400000	2.492834
823	48.219872	11.650456	0.145879	91.400000	2.406054
824	48.223096	11.608475	0.145879	91.400000	2.407998
825	48.222077	11.606209	0.145879	91.400000	2.406890
826	48.227179	11.595095	0.145879	91.400000	2.482292
827	48.226395	11.605409	0.145879	91.400000	2.466457
828	48.228163	11.607697	0.145879	91.400000	2.374925
829	48.225626	11.597743	0.145879	91.400000	2.330447
830	48.222625	11.608250	0.145879	91.400000	2.494587
831	48.226401	11.623434	0.145879	91.400000	2.321426
832	48.226303	11.621474	0.145879	91.400000	2.306336
833	48.223537	11.615921	0.145879	91.400000	2.401479
834	48.221213	11.621507	0.145879	91.400000	2.392121
835	48.223868	11.650304	0.145879	91.400000	2.316162
836	48.225665	11.644894	0.145879	91.400000	2.304659
837	48.230708	11.644680	0.145879	91.400000	2.400858
838	48.228374	11.664891	0.145879	91.400000	2.307046
839	48.230267	11.620876	0.145879	91.400000	2.309850
840	48.232406	11.647123	0.145879	91.400000	2.485628
841	48.227245	11.649757	0.145879	91.400000	2.389899
842	48.227575	11.637855	0.145879	91.400000	2.466935
843	48.228651	11.642058	0.145879	91.400000	2.463262
844	48.225921	11.643847	0.145879	91.400000	2.485733
845	48.228538	11.636062	0.145879	91.400000	2.485309
846	48.229426	11.676579	0.145879	91.400000	2.490123
847	48.230356	11.672599	0.145879	91.400000	2.396405
848	48.229671	11.706095	0.145879	91.400000	2.461751
849	48.226291	11.657581	0.145879	91.400000	2.410927
850	48.230293	11.637955	0.145879	91.400000	2.555365
851	48.226404	11.630440	0.072939	91.400000	2.455887
852	48.222557	11.642634	0.145879	91.400000	2.495637
853	48.225218	11.625894	0.145879	91.400000	2.485876
854	48.220927	11.640126	0.145879	91.400000	2.460324
855	48.223364	11.669141	0.145879	91.400000	2.409692
856	48.223209	11.656872	0.145879	91.400000	2.397961
857	48.216969	11.648257	0.145879	91.400000	2.470632
858	48.226577	11.667684	0.145879	91.400000	2.414076
859	48.227113	11.671518	0.145879	91.400000	2.308170
860	48.230481	11.655325	0.145879	91.400000	2.386267
861	48.223329	11.659305	0.145879	91.400000	2.318392
862	48.223323	11.692763	0.145879	91.400000	2.286741
863	48.221588	11.697832	0.145879	91.400000	2.390836
864	48.223120	11.663775	0.145879	91.400000	2.485138
865	48.229304	11.661640	0.145879	91.400000	2.512419
866	48.231393	11.690297	0.145879	91.400000	2.318099
867	48.224089	11.676241	0.145879	91.400000	2.299628
868	48.229602	11.656536	0.145879	91.400000	2.394531
869	48.231664	11.662551	0.145879	91.400000	2.407498
870	48.233235	11.626413	0.145879	91.400000	2.488592
871	48.232993	11.631683	0.145879	91.400000	2.490974
872	48.228085	11.661271	0.145879	91.400000	2.387662
873	48.223716	11.654038	0.145879	91.400000	2.388569
874	48.229134	11.669042	0.145879	91.400000	2.476534
875	48.227924	11.647696	0.145879	91.400000	2.374669
876	48.231101	11.651750	0.145879	91.400000	2.392309
877	48.236033	11.645060	0.145879	91.400000	2.315578
878	48.235783	11.657918	0.145879	91.400000	2.498096
879	48.236066	11.641045	0.145879	91.400000	2.500519
880	48.235166	11.629309	0.145879	91.400000	2.491447
881	48.236990	11.625525	0.145879	91.400000	2.456642
882	48.239380	11.607162	0.145879	91.400000	2.492746
883	48.229548	11.626946	0.145879	91.400000	2.313617
884	48.228610	11.604621	0.145879	91.400000	2.492793
885	48.232412	11.643778	0.145879	91.400000	2.498408
886	48.229593	11.658518	0.145879	91.400000	2.487020
887	48.229831	11.673362	0.145879	91.400000	2.492616
888	48.226607	11.702403	0.145879	91.400000	2.312478
889	48.226470	11.685275	0.145879	91.400000	2.326266
890	48.231858	11.649466	0.145879	91.400000	2.392869
891	48.236325	11.681655	0.145879	91.400000	2.387326
892	48.240572	11.698317	0.145879	91.400000	2.301852
893	48.239687	11.700709	0.145879	91.400000	2.296910
894	48.239163	11.704666	0.145879	91.400000	2.496170
895	48.230225	11.681186	0.145879	91.400000	2.405337
896	48.238653	11.671370	0.145879	91.400000	2.476887
897	48.235878	11.646752	0.145879	91.400000	2.281074
898	48.235691	11.668064	0.145879	91.400000	2.286826
899	48.234996	11.680049	0.145879	91.400000	2.473712
900	48.241410	11.683277	0.145879	91.400000	2.478143
901	48.236144	11.656948	0.145879	91.400000	2.468038
902	48.237699	11.658935	0.145879	91.400000	2.473125
903	48.237795	11.622138	0.145879	91.400000	2.475527
904	48.236221	11.686070	0.145879	91.400000	2.392132
905	48.234019	11.716870	0.145879	91.400000	2.470910
906	48.235020	11.682928	0.145879	91.400000	2.394182
907	48.236525	11.715746	0.145879	91.400000	2.403074
908	48.233238	11.713450	0.145879	91.400000	2.320740
909	48.233217	11.769871	0.145879	91.400000	2.316770
910	48.238540	11.738603	0.145879	91.400000	2.299009
911	48.244604	11.710917	0.145879	91.400000	2.306652
912	48.243505	11.680489	0.145879	91.400000	2.406707
913	48.238784	11.701259	0.145879	91.400000	2.293932
914	48.241711	11.697707	0.145879	91.400000	2.296716
915	48.237956	11.696973	0.145879	91.400000	2.507720
916	48.237717	11.672579	0.145879	91.400000	2.411157
917	48.239136	11.680735	0.145879	91.400000	2.490479
918	48.232388	11.674088	0.145879	91.400000	2.491107
919	48.238295	11.678996	0.145879	91.400000	2.382716
920	48.241553	11.701031	0.145879	91.400000	2.482667
921	48.235744	11.697848	0.145879	91.400000	2.486718
922	48.240083	11.699356	0.145879	91.400000	2.404190
923	48.235664	11.676198	0.145879	91.400000	2.482743
924	48.237836	11.676728	0.145879	91.400000	2.487868
925	48.230672	11.703075	0.072939	91.400000	2.478296
926	48.230416	11.725897	0.145879	91.400000	2.382354
927	48.232186	11.762272	0.072939	91.400000	2.404541
928	48.231125	11.775832	0.145879	91.400000	2.296080
929	48.229077	11.723023	0.145879	91.400000	2.307596
930	48.237959	11.704688	0.145879	91.400000	2.399696
931	48.231375	11.726019	0.145879	91.400000	2.303838
932	48.234588	11.725298	0.145879	91.400000	2.319677
933	48.233682	11.745495	0.145879	91.400000	2.406412
934	48.231882	11.774790	0.145879	91.400000	2.303422
935	48.230952	11.750816	0.145879	91.400000	2.313553
936	48.237178	11.758282	0.145879	91.400000	2.411040
937	48.235637	11.739911	0.145879	91.400000	2.483228
938	48.236296	11.771813	0.145879	91.400000	2.393952
939	48.231843	11.705890	0.145879	91.400000	2.303702
940	48.234713	11.702844	0.145879	91.400000	2.291507
941	48.237652	11.736039	0.072939	91.400000	2.458916
942	48.229980	11.775261	0.145879	91.400000	2.482741
943	48.231673	11.730348	0.145879	91.400000	2.473644
944	48.232281	11.752685	0.145879	91.400000	2.387080
945	48.237586	11.722002	0.145879	91.400000	2.478581
946	48.239082	11.738683	0.145879	91.400000	2.396538
947	48.235554	11.754561	0.145879	91.400000	2.399135
948	48.238072	11.738249	0.145879	91.400000	2.318319
949	48.240232	11.757052	0.145879	91.400000	2.508066
950	48.241737	11.705885	0.145879	91.400000	2.398664
951	48.241839	11.732827	0.145879	91.400000	2.328007
952	48.234898	11.750362	0.145879	91.400000	2.317770
953	48.238689	11.693427	0.145879	91.400000	2.297613
954	48.232666	11.729905	0.145879	91.400000	2.302608
955	48.234776	11.753500	0.145879	91.400000	2.305027
956	48.242196	11.720124	0.145879	91.400000	2.399941
957	48.235685	11.715352	0.145879	91.400000	2.383935
958	48.236448	11.728436	0.145879	91.400000	2.482869
959	48.242277	11.779512	0.145879	91.400000	2.458780
960	48.242682	11.726013	0.145879	91.400000	2.499503
961	48.241925	11.748642	0.145879	91.400000	2.392680
962	48.241758	11.733895	0.145879	91.400000	2.297442
963	48.276863	11.748458	0.145879	91.400000	2.081253
964	48.277330	11.749663	0.145879	91.400000	2.198217
965	48.276883	11.754403	0.145879	91.400000	2.090116
966	48.277265	11.756350	0.145879	91.400000	2.098166
967	48.277092	11.756574	0.145879	91.400000	2.117530
968	48.277396	11.756436	0.145879	91.400000	2.098480
969	48.277533	11.756495	0.145879	91.400000	2.095947
970	48.277459	11.757681	0.145879	91.400000	2.205753
971	48.277456	11.758035	0.145879	91.400000	2.200090
972	48.277456	11.758035	0.145879	91.400000	2.089844
973	48.277456	11.758035	0.145879	91.400000	2.182570
974	48.277456	11.758035	0.145879	91.400000	2.260546
975	48.277456	11.758035	0.145879	91.400000	2.335065
976	48.277456	11.758035	0.145879	91.400000	2.074841
977	48.277456	11.758035	0.145879	91.400000	2.105830
978	48.277456	11.758035	0.145879	91.400000	2.203055
979	48.277456	11.758035	0.145879	91.400000	2.180398
980	48.277456	11.758035	0.145879	91.400000	2.212497
981	48.277456	11.758035	0.145879	91.400000	2.103184
982	48.277456	11.758035	0.145879	91.400000	2.263889
983	48.277456	11.758035	0.145879	91.400000	2.099417
984	48.277456	11.758035	0.145879	91.400000	2.119269
985	48.277456	11.758035	0.145879	91.400000	2.113906
986	48.277456	11.758035	0.145879	91.400000	2.209421
987	48.277456	11.758035	0.145879	91.400000	2.183881
988	48.277456	11.758035	0.145879	91.400000	2.109107
989	48.277456	11.758035	0.145879	91.400000	2.099926
990	48.277456	11.758035	0.145879	91.400000	2.103022
991	48.277456	11.758035	0.145879	91.400000	2.292427
992	48.277456	11.758035	0.145879	91.400000	2.073920
993	48.277456	11.758035	0.145879	91.400000	2.107844
994	48.277456	11.758035	0.145879	91.400000	2.205419
995	48.277456	11.758035	0.145879	91.400000	2.175133
996	48.277456	11.758035	0.145879	91.400000	2.312353
997	48.277456	11.758035	0.145879	91.400000	2.293828
998	48.277456	11.758035	0.145879	91.400000	2.113075
999	48.277456	11.758035	0.145879	91.400000	2.105024
1000	48.277456	11.758035	0.145879	91.400000	2.314955
1001	48.277456	11.758035	0.145879	91.400000	2.097489
1002	48.277456	11.758035	0.145879	91.400000	2.189295
1003	48.277456	11.758035	0.145879	91.400000	2.094626
1004	48.277456	11.758035	0.145879	91.400000	2.082132
1005	48.277456	11.758035	0.145879	91.400000	2.097413
1006	48.277456	11.758035	0.145879	91.400000	2.094456
1007	48.277456	11.758035	0.145879	91.400000	2.085160
1008	48.277456	11.758035	0.145879	91.400000	2.127660
1009	48.277456	11.758035	0.145879	91.400000	2.109396
1010	48.277456	11.758035	0.145879	91.400000	2.202712
1011	48.277456	11.758035	0.145879	91.400000	2.161004
1012	48.277456	11.758035	0.145879	91.400000	2.297053
1013	48.277456	11.758035	0.145879	91.400000	2.284089
1014	48.277456	11.758035	0.145879	91.400000	2.094043
1015	48.277456	11.758035	0.145879	91.400000	2.092575
1016	48.277456	11.758035	0.145879	91.400000	2.319143
1017	48.277456	11.758035	0.145879	91.400000	2.072675
1018	48.277456	11.758035	0.145879	91.400000	2.180793
1019	48.277456	11.758035	0.145879	91.400000	2.098877
