1	30.387831	5.961869	0.000000	91.400000	2.388758
2	36.724085	8.997112	0.000000	91.400000	2.473751
3	40.199110	10.142747	0.000000	91.400000	2.489316
4	42.193395	10.678835	0.000000	91.400000	2.497423
5	43.404710	10.958162	0.000000	91.400000	2.496954
6	44.175833	11.029607	0.000000	91.400000	2.470288
7	44.676411	10.960970	0.000000	91.400000	2.456431
8	45.052201	11.033735	0.000000	91.400000	2.601904
9	45.331341	11.010767	0.000000	91.400000	2.468549
10	45.585850	10.980157	0.000000	91.400000	2.439718
11	45.772034	11.093972	0.000000	91.400000	2.493276
12	45.933878	11.158786	0.000000	91.400000	2.501928
13	46.071985	11.133054	0.000000	91.400000	2.388300
14	46.187884	11.118883	0.000000	91.400000	2.320215
15	46.270323	11.059292	0.000000	91.400000	2.311935
16	46.345830	11.148236	0.072939	91.400000	2.304288
17	46.422094	11.177540	0.000000	91.400000	2.311719
18	46.479610	11.202353	0.000000	91.400000	2.309983
19	46.534324	11.126826	0.000000	91.400000	2.327128
20	46.599281	11.184977	0.000000	91.400000	2.292747
21	46.645910	11.233245	0.072939	91.400000	2.329427
22	46.678156	11.225265	0.145879	91.400000	2.404804
23	46.727544	11.348888	0.072939	91.400000	2.324576
24	46.756575	11.344540	0.072939	91.400000	2.322487
25	46.764609	11.297306	0.072939	91.400000	2.324490
26	46.790260	11.267280	0.072939	91.400000	2.316104
27	46.816450	11.307008	0.072939	91.400000	2.330564
28	46.834403	11.347848	0.145879	91.400000	2.414463
29	46.858943	11.275938	0.145879	91.400000	2.328645
30	46.860567	11.379201	0.072939	91.400000	2.317534
31	46.865046	11.311391	0.072939	91.400000	2.317485
32	46.887302	11.334371	0.072939	91.400000	2.316614
33	46.894640	11.356352	0.072939	91.400000	2.325215
34	46.896428	11.424651	0.072939	91.400000	2.321778
35	46.917769	11.429375	0.072939	91.400000	2.589128
36	46.947783	11.350361	0.072939	91.400000	2.327197
37	46.942580	11.358531	0.145879	91.400000	2.313767
38	46.951765	11.401880	0.072939	91.400000	2.322433
39	46.968716	11.329190	0.218818	91.400000	2.341459
40	46.980679	11.307282	0.145879	91.400000	2.435605
41	46.985224	11.283631	0.145879	91.400000	2.481854
42	46.982861	11.279904	0.145879	91.400000	2.316281
43	46.986040	11.245305	0.145879	91.400000	2.317721
44	46.998057	11.313978	0.145879	91.400000	2.313991
45	47.005308	11.327605	0.000000	91.400000	2.321167
46	47.003657	11.365108	0.072939	91.400000	2.310576
47	47.011539	11.391707	0.000000	91.400000	2.350567
48	47.016740	11.401779	0.000000	91.400000	2.516463
49	47.032124	11.363583	0.072939	91.400000	2.321267
50	47.035170	11.244462	0.072939	91.400000	2.329778
51	47.031319	11.341624	0.000000	91.400000	2.307518
52	47.037378	11.473343	0.072939	91.400000	2.339936
53	47.026563	11.327969	0.000000	91.400000	2.328508
54	47.034165	11.473867	0.072939	91.400000	2.333294
55	47.034538	11.370204	0.000000	91.400000	2.315280
56	47.044241	11.362505	0.072939	91.400000	2.313408
57	47.061312	11.330622	0.072939	91.400000	2.353276
58	47.060451	11.336116	0.072939	91.400000	2.329977
59	47.071791	11.347975	0.072939	91.400000	2.433359
60	47.072619	11.305872	0.000000	91.400000	2.327868
61	47.094068	11.318223	0.072939	91.400000	2.429757
62	47.099948	11.333050	0.072939	91.400000	2.490052
63	47.111183	11.382431	0.145879	91.400000	2.322263
64	47.094202	11.404696	0.145879	91.400000	2.319790
65	47.094083	11.442785	0.145879	91.400000	2.425731
66	47.104421	11.449503	0.145879	91.400000	2.409473
67	47.120252	11.466888	0.145879	91.400000	2.403328
68	47.131300	11.374690	0.145879	91.400000	2.309708
69	47.119585	11.391449	0.145879	91.400000	2.329176
70	47.124743	11.393743	0.145879	91.400000	2.311752
71	47.114065	11.326388	0.218818	91.400000	2.328702
72	47.131389	11.411105	0.145879	91.400000	2.320924
73	47.143003	11.371889	0.145879	91.400000	2.318726
74	47.139135	11.399857	0.145879	91.400000	2.311706
75	47.144544	11.468236	0.072939	91.400000	2.330696
76	47.134382	11.383125	0.072939	91.400000	2.332908
77	47.143316	11.424401	0.072939	91.400000	2.292938
78	47.137922	11.470676	0.072939	91.400000	2.324783
79	47.130382	11.400585	0.072939	91.400000	2.305377
80	47.150615	11.299122	0.072939	91.400000	2.324377
81	47.147036	11.347005	0.145879	91.400000	2.312020
82	47.145298	11.383101	0.072939	91.400000	2.325799
83	47.162098	11.399595	0.072939	91.400000	2.330548
84	47.165304	11.412671	0.145879	91.400000	2.300981
85	47.146094	11.512076	0.072939	91.400000	2.319535
86	47.166765	11.440825	0.072939	91.400000	2.346598
87	47.165108	11.432676	0.145879	91.400000	2.292547
88	47.137728	11.399195	0.145879	91.400000	2.291385
89	47.155330	11.330312	0.145879	91.400000	2.322710
90	47.183847	11.346322	0.072939	91.400000	2.328171
91	47.167900	11.391917	0.072939	91.400000	2.329724
92	47.185752	11.398483	0.000000	91.400000	2.321772
93	47.175634	11.467066	0.000000	91.400000	2.327147
94	47.185126	11.419356	0.072939	91.400000	2.294509
95	47.165784	11.361215	0.072939	91.400000	2.304727
96	47.163081	11.342820	0.145879	91.400000	2.325038
97	47.171730	11.381733	0.072939	91.400000	2.418315
98	47.158682	11.443077	0.072939	91.400000	2.424538
99	47.163534	11.429219	0.072939	91.400000	2.433253
100	47.168964	11.402186	0.072939	91.400000	2.578187
101	47.187340	11.416906	0.145879	91.400000	2.526913
102	47.176075	11.404933	0.072939	91.400000	2.306214
103	47.191614	11.404246	0.072939	91.400000	2.360143
104	47.192264	11.460788	0.072939	91.400000	2.429914
105	47.208849	11.395457	0.218818	91.400000	2.425794
106	47.191131	11.427725	0.072939	91.400000	2.347973
107	47.187418	11.493731	0.145879	91.400000	2.519278
108	47.208989	11.458269	0.000000	91.400000	2.412670
109	47.201598	11.438984	0.072939	91.400000	2.429187
110	47.208327	11.395090	0.000000	91.400000	2.438984
111	47.211546	11.478568	0.000000	91.400000	2.408832
112	47.194999	11.407079	0.000000	91.400000	2.306884
113	47.191572	11.496031	0.218818	91.400000	2.440178
114	47.188532	11.483963	0.072939	91.400000	2.408312
115	47.194177	11.503891	0.145879	91.400000	2.332408
116	47.207671	11.490067	0.072939	91.400000	2.480019
117	47.213283	11.408804	0.145879	91.400000	2.344146
118	47.201663	11.483440	0.145879	91.400000	2.333592
119	47.201329	11.485634	0.145879	91.400000	2.403501
120	47.217649	11.531575	0.145879	91.400000	2.428415
121	47.214085	11.627624	0.145879	91.400000	2.398120
122	47.206238	11.508217	0.145879	91.400000	2.405257
123	47.201666	11.514977	0.218818	91.400000	2.342468
124	47.198480	11.429175	0.145879	91.400000	2.407357
125	47.223377	11.497429	0.072939	91.400000	2.502738
126	47.213656	11.537982	0.145879	91.400000	2.505774
127	47.218573	11.443198	0.072939	91.400000	2.330158
128	47.209594	11.542664	0.072939	91.400000	2.317804
129	47.196689	11.514905	0.145879	91.400000	2.314834
130	47.199866	11.590469	0.145879	91.400000	2.327889
131	47.201544	11.481201	0.145879	91.400000	2.330618
132	47.198433	11.506477	0.145879	91.400000	2.317999
133	47.213835	11.405167	0.000000	91.400000	2.328714
134	47.223389	11.495459	0.072939	91.400000	2.323056
135	47.216523	11.536462	0.072939	91.400000	2.314098
136	47.225928	11.572413	0.072939	91.400000	2.303515
137	47.212610	11.556557	0.145879	91.400000	2.321302
138	47.207582	11.544696	0.072939	91.400000	2.341921
139	47.215205	11.593971	0.072939	91.400000	2.304021
140	47.215971	11.565039	0.145879	91.400000	2.333061
141	47.219828	11.508325	0.072939	91.400000	2.333367
142	47.218090	11.510785	0.145879	91.400000	2.310006
143	47.212178	11.514985	0.145879	91.400000	2.530176
144	47.225159	11.571717	0.145879	91.400000	2.384742
145	47.220162	11.565152	0.145879	91.400000	2.412036
146	47.229671	11.488096	0.072939	91.400000	2.321333
147	47.212297	11.585529	0.145879	91.400000	2.423096
148	47.215360	11.490501	0.145879	91.400000	2.326394
149	47.218430	11.503915	0.145879	91.400000	2.320704
150	47.219348	11.536940	0.145879	91.400000	2.305670
151	47.214708	11.509543	0.145879	91.400000	2.423880
152	47.212851	11.554817	0.145879	91.400000	2.403512
153	47.220650	11.611694	0.145879	91.400000	2.394635
154	47.227025	11.609775	0.145879	91.400000	2.301284
155	47.225219	11.596382	0.145879	91.400000	2.420356
156	47.220322	11.572131	0.145879	91.400000	2.418106
157	47.219962	11.422777	0.145879	91.400000	2.592648
158	47.222495	11.492844	0.072939	91.400000	2.488030
159	47.220910	11.506205	0.072939	91.400000	2.405369
160	47.228581	11.555418	0.072939	91.400000	2.494538
161	47.196412	11.502952	0.072939	91.400000	2.416106
162	47.215700	11.556539	0.072939	91.400000	2.475748
163	47.214681	11.477676	0.072939	91.400000	2.498271
164	47.216755	11.499298	0.072939	91.400000	2.501613
165	47.214174	11.484428	0.072939	91.400000	2.409813
166	47.199720	11.462567	0.072939	91.400000	2.499139
167	47.201616	11.331752	0.072939	91.400000	2.462934
168	47.218156	11.443000	0.145879	91.400000	2.460446
169	47.217557	11.475861	0.145879	91.400000	2.393588
170	47.213548	11.516616	0.145879	91.400000	2.511719
171	47.223324	11.469484	0.145879	91.400000	2.507724
172	47.244614	11.433687	0.145879	91.400000	2.403928
173	47.236612	11.374074	0.145879	91.400000	2.297669
174	47.209200	11.434026	0.145879	91.400000	2.312573
175	47.209758	11.453630	0.145879	91.400000	2.345559
176	47.197136	11.441789	0.145879	91.400000	2.323463
177	47.213697	11.502439	0.145879	91.400000	2.410103
178	47.223759	11.476759	0.145879	91.400000	2.344410
179	47.223938	11.484219	0.145879	91.400000	2.307667
180	47.230220	11.559891	0.145879	91.400000	2.418349
181	47.207487	11.495519	0.145879	91.400000	2.506262
182	47.210360	11.420684	0.145879	91.400000	2.401795
183	47.228953	11.478841	0.145879	91.400000	2.403706
184	47.231168	11.418474	0.145879	91.400000	2.500988
185	47.231406	11.420032	0.072939	91.400000	2.488133
186	47.219270	11.554850	0.000000	91.400000	2.474841
187	47.215000	11.584414	0.145879	91.400000	2.415994
188	47.215015	11.655653	0.145879	91.400000	2.418544
189	47.224319	11.599011	0.145879	91.400000	2.505206
190	47.220126	11.638941	0.145879	91.400000	2.406927
191	47.218597	11.698286	0.145879	91.400000	2.495371
192	47.221670	11.569019	0.072939	91.400000	2.413985
193	47.222883	11.593234	0.072939	91.400000	2.413991
194	47.225159	11.583719	0.072939	91.400000	2.294097
195	47.213125	11.518024	0.072939	91.400000	2.336332
196	47.208911	11.470222	0.145879	91.400000	2.324957
197	47.208372	11.502217	0.145879	91.400000	2.308922
198	47.210708	11.556645	0.145879	91.400000	2.338795
199	47.211856	11.458413	0.145879	91.400000	2.320309
200	47.192526	11.528162	0.145879	91.400000	2.401875
201	47.207397	11.457941	0.145879	91.400000	2.322752
202	47.199470	11.453677	0.145879	91.400000	2.383526
203	47.201836	11.450336	0.145879	91.400000	2.409539
204	47.187778	11.351010	0.145879	91.400000	2.484845
205	47.205162	11.452519	0.145879	91.400000	2.504112
206	47.202694	11.400335	0.145879	91.400000	2.506005
207	47.218373	11.485520	0.145879	91.400000	2.403826
208	47.211182	11.484566	0.145879	91.400000	2.488953
209	47.212821	11.426382	0.145879	91.400000	2.397470
210	47.211134	11.390987	0.145879	91.400000	2.579079
211	47.207528	11.396735	0.145879	91.400000	2.406528
212	47.224343	11.435420	0.145879	91.400000	2.507857
213	47.227150	11.425313	0.145879	91.400000	2.403476
214	47.232211	11.453808	0.145879	91.400000	2.486644
215	47.220910	11.416159	0.145879	91.400000	2.502471
216	47.226781	11.486211	0.145879	91.400000	2.410934
217	47.234344	11.511512	0.145879	91.400000	2.324071
218	47.243819	11.446127	0.145879	91.400000	2.427823
219	47.242832	11.484572	0.145879	91.400000	2.366461
220	47.252503	11.406672	0.145879	91.400000	2.312120
221	47.253445	11.485784	0.145879	91.400000	2.327269
222	47.237897	11.431818	0.072939	91.400000	2.404465
223	47.246003	11.348035	0.072939	91.400000	2.501725
224	47.244081	11.354496	0.072939	91.400000	2.412530
225	47.262859	11.384956	0.072939	91.400000	2.316688
226	47.272095	11.399348	0.145879	91.400000	2.320267
227	47.249401	11.402610	0.145879	91.400000	2.416864
228	47.256994	11.497653	0.145879	91.400000	2.482255
229	47.257411	11.478830	0.145879	91.400000	2.377858
230	47.252089	11.473520	0.145879	91.400000	2.501465
231	47.259063	11.498847	0.145879	91.400000	2.408003
232	47.275940	11.411979	0.072939	91.400000	2.500903
233	47.269166	11.479281	0.145879	91.400000	2.422554
234	47.280952	11.536541	0.072939	91.400000	2.498206
235	47.263351	11.397431	0.072939	91.400000	2.402636
236	47.253016	11.458963	0.072939	91.400000	2.416384
237	47.256985	11.455360	0.072939	91.400000	2.498509
238	47.266704	11.503779	0.072939	91.400000	2.498624
239	47.261670	11.500795	0.072939	91.400000	2.498216
240	47.265816	11.420557	0.000000	91.400000	2.396519
241	47.261181	11.481166	0.000000	91.400000	2.499495
242	47.270590	11.456942	0.000000	91.400000	2.391887
243	47.266856	11.416040	0.072939	91.400000	2.507951
244	47.250146	11.516601	0.145879	91.400000	2.499774
245	47.266880	11.575982	0.072939	91.400000	2.416645
246	47.267330	11.558530	0.145879	91.400000	2.472633
247	47.271863	11.588381	0.072939	91.400000	2.503855
248	47.254485	11.557253	0.072939	91.400000	2.400820
249	47.252333	11.469762	0.000000	91.400000	2.421295
250	47.250289	11.569371	0.000000	91.400000	2.501620
251	47.278243	11.490902	0.000000	91.400000	2.514891
252	47.265643	11.486402	0.145879	91.400000	2.471374
253	47.276837	11.487251	0.145879	91.400000	2.404430
254	47.268039	11.562274	0.145879	91.400000	2.500959
255	47.276583	11.552051	0.145879	91.400000	2.402622
256	47.266096	11.541664	0.145879	91.400000	2.426122
257	47.263426	11.438872	0.145879	91.400000	2.500139
258	47.273764	11.465539	0.145879	91.400000	2.492931
259	47.258377	11.388996	0.145879	91.400000	2.499766
260	47.269350	11.443703	0.145879	91.400000	2.493769
261	47.253969	11.493672	0.145879	91.400000	2.403610
262	47.268036	11.466373	0.145879	91.400000	2.475921
263	47.259861	11.422941	0.145879	91.400000	2.404623
264	47.262961	11.413364	0.072939	91.400000	2.494802
265	47.259322	11.459658	0.145879	91.400000	2.502614
266	47.279400	11.422372	0.145879	91.400000	2.493611
267	47.263968	11.406641	0.145879	91.400000	2.403230
268	47.262824	11.428908	0.072939	91.400000	2.489639
269	47.267097	11.476731	0.145879	91.400000	2.498106
270	47.272831	11.484334	0.145879	91.400000	2.410065
271	47.278711	11.501110	0.072939	91.400000	2.411790
272	47.275138	11.466191	0.218818	91.400000	2.486529
273	47.272867	11.491110	0.072939	91.400000	2.470608
274	47.268701	11.409516	0.072939	91.400000	2.399786
275	47.284687	11.361329	0.072939	91.400000	2.383937
276	47.281063	11.407104	0.072939	91.400000	2.510786
277	47.278309	11.360101	0.072939	91.400000	2.387569
278	47.266674	11.428942	0.072939	91.400000	2.331812
279	47.254205	11.411516	0.072939	91.400000	2.316079
280	47.263798	11.461252	0.072939	91.400000	2.314262
281	47.253498	11.516822	0.072939	91.400000	2.360305
282	47.276673	11.436514	0.218818	91.400000	2.328079
283	47.258896	11.436423	0.072939	91.400000	2.315040
284	47.271746	11.422624	0.000000	91.400000	2.425778
285	47.272938	11.396990	0.145879	91.400000	2.503719
286	47.272515	11.342208	0.145879	91.400000	2.394917
287	47.277874	11.313618	0.145879	91.400000	2.409369
288	47.285450	11.294287	0.000000	91.400000	2.401935
289	47.267985	11.378239	0.145879	91.400000	2.304615
290	47.281411	11.334454	0.072939	91.400000	2.486439
291	47.274357	11.384066	0.072939	91.400000	2.495336
292	47.285852	11.388099	0.145879	91.400000	2.410455
293	47.277582	11.458387	0.072939	91.400000	2.392497
294	47.278011	11.393931	0.145879	91.400000	2.328295
295	47.274607	11.463081	0.145879	91.400000	2.322722
296	47.273672	11.344423	0.000000	91.400000	2.606555
297	47.271436	11.442097	0.000000	91.400000	2.316651
298	47.285461	11.456222	0.000000	91.400000	2.616751
299	47.288486	11.378100	0.072939	91.400000	2.308329
300	47.281089	11.338085	0.072939	91.400000	2.317904
301	47.284412	11.468440	0.072939	91.400000	2.320162
302	47.274435	11.422999	0.145879	91.400000	2.413084
303	47.295356	11.454179	0.072939	91.400000	2.414023
304	47.288698	11.431968	0.072939	91.400000	2.323990
305	47.283834	11.405951	0.072939	91.400000	2.333357
306	47.280762	11.402186	0.072939	91.400000	2.409192
307	47.281098	11.358471	0.072939	91.400000	2.413044
308	47.275180	11.336832	0.072939	91.400000	2.482165
309	47.276485	11.262934	0.072939	91.400000	2.415597
310	47.294369	11.198947	0.072939	91.400000	2.414362
311	47.290653	11.278720	0.000000	91.400000	2.311445
312	47.301328	11.344856	0.072939	91.400000	2.316311
313	47.305506	11.361320	0.072939	91.400000	2.522488
314	47.306877	11.407607	0.072939	91.400000	2.511214
315	47.317582	11.354135	0.000000	91.400000	2.424046
316	47.311074	11.493973	0.072939	91.400000	2.480807
317	47.308999	11.502769	0.072939	91.400000	2.489453
318	47.307253	11.496398	0.145879	91.400000	2.578176
319	47.302324	11.492209	0.072939	91.400000	2.342926
320	47.311127	11.471017	0.072939	91.400000	2.555319
321	47.317037	11.422030	0.072939	91.400000	2.363600
322	47.312972	11.437222	0.072939	91.400000	2.414047
323	47.302893	11.387809	0.145879	91.400000	2.306738
324	47.299930	11.393667	0.145879	91.400000	2.414798
325	47.297993	11.361404	0.145879	91.400000	2.312940
326	47.308365	11.388761	0.145879	91.400000	2.325995
327	47.310072	11.429869	0.145879	91.400000	2.415733
328	47.314161	11.409300	0.072939	91.400000	2.508929
329	47.298586	11.435131	0.072939	91.400000	2.400408
330	47.294289	11.386452	0.145879	91.400000	2.319715
331	47.294998	11.388420	0.072939	91.400000	2.339062
332	47.287142	11.357803	0.072939	91.400000	2.513206
333	47.298783	11.380919	0.145879	91.400000	2.417865
334	47.299850	11.400954	0.072939	91.400000	2.405767
335	47.297037	11.450198	0.072939	91.400000	2.564599
336	47.305086	11.441406	0.145879	91.400000	2.514802
337	47.305161	11.373175	0.000000	91.400000	2.448306
338	47.317597	11.428605	0.145879	91.400000	2.448333
339	47.302571	11.405977	0.072939	91.400000	2.496794
340	47.310069	11.340374	0.072939	91.400000	2.490279
341	47.311622	11.310626	0.072939	91.400000	2.492666
342	47.306266	11.334233	0.145879	91.400000	2.408541
343	47.304344	11.283615	0.000000	91.400000	2.568411
344	47.297269	11.375832	0.145879	91.400000	2.486097
345	47.305489	11.398511	0.145879	91.400000	2.495469
346	47.289157	11.368194	0.145879	91.400000	2.403357
347	47.291833	11.396775	0.072939	91.400000	2.415651
348	47.303358	11.452570	0.145879	91.400000	2.330212
349	47.304136	11.425410	0.072939	91.400000	2.325680
350	47.304970	11.289015	0.072939	91.400000	2.333173
351	47.306538	11.269676	0.145879	91.400000	2.324960
352	47.305319	11.325829	0.145879	91.400000	2.410781
353	47.304824	11.345598	0.145879	91.400000	2.321561
354	47.311434	11.428733	0.145879	91.400000	2.332195
355	47.303659	11.400803	0.072939	91.400000	2.399936
356	47.303623	11.356367	0.145879	91.400000	2.511226
357	47.293627	11.304918	0.145879	91.400000	2.492527
358	47.311437	11.253869	0.072939	91.400000	2.413476
359	47.313637	11.280639	0.072939	91.400000	2.505411
360	47.310179	11.297855	0.000000	91.400000	2.398380
361	47.307026	11.233644	0.072939	91.400000	2.499254
362	47.313780	11.268631	0.072939	91.400000	2.491014
363	47.320303	11.248479	0.072939	91.400000	2.411521
364	47.287875	11.281903	0.145879	91.400000	2.496928
365	47.311416	11.251765	0.072939	91.400000	2.427209
366	47.312582	11.257232	0.072939	91.400000	2.416958
367	47.316894	11.332575	0.072939	91.400000	2.407700
368	47.301361	11.403779	0.072939	91.400000	2.314215
369	47.299266	11.399860	0.072939	91.400000	2.343560
370	47.286895	11.466121	0.072939	91.400000	2.504036
371	47.300321	11.321767	0.072939	91.400000	2.513551
372	47.294605	11.318469	0.145879	91.400000	2.492842
373	47.307053	11.290938	0.072939	91.400000	2.514959
374	47.302154	11.413178	0.072939	91.400000	2.513895
375	47.291404	11.354562	0.072939	91.400000	2.341111
376	47.294152	11.282479	0.072939	91.400000	2.584163
377	47.299111	11.290450	0.072939	91.400000	2.356442
378	47.307342	11.302038	0.000000	91.400000	2.319982
379	47.315738	11.337513	0.072939	91.400000	2.402314
380	47.320598	11.323670	0.072939	91.400000	2.330930
381	47.314578	11.314600	0.072939	91.400000	2.341486
382	47.301167	11.369012	0.072939	91.400000	2.351888
383	47.301430	11.353217	0.072939	91.400000	2.360564
384	47.319412	11.355948	0.072939	91.400000	2.329325
385	47.318268	11.401485	0.072939	91.400000	2.438380
386	47.303760	11.428049	0.072939	91.400000	2.571916
387	47.307265	11.406540	0.072939	91.400000	2.465027
388	47.315562	11.375688	0.145879	91.400000	2.418354
389	47.313598	11.319115	0.072939	91.400000	2.483896
390	47.297019	11.339239	0.072939	91.400000	2.498802
391	47.311217	11.315388	0.072939	91.400000	2.425246
392	47.306123	11.333398	0.072939	91.400000	2.507475
393	47.311634	11.400855	0.072939	91.400000	2.494132
394	47.302729	11.366917	0.072939	91.400000	2.493553
395	47.302175	11.398178	0.072939	91.400000	2.496082
396	47.320527	11.415064	0.072939	91.400000	2.391203
397	47.303498	11.475907	0.000000	91.400000	2.454554
398	47.306997	11.488027	0.000000	91.400000	2.505461
399	47.309312	11.437915	0.000000	91.400000	2.458792
400	47.319269	11.376886	0.072939	91.400000	2.600203
401	47.324371	11.392807	0.000000	91.400000	2.490896
402	47.319329	11.418634	0.000000	91.400000	2.418674
403	47.313565	11.349142	0.145879	91.400000	2.510807
404	47.306019	11.376938	0.145879	91.400000	2.412859
405	47.318166	11.347833	0.072939	91.400000	2.514045
406	47.309124	11.298456	0.000000	91.400000	2.475727
407	47.302678	11.280031	0.072939	91.400000	2.337134
408	47.305501	11.269060	0.072939	91.400000	2.423672
409	47.304565	11.306754	0.072939	91.400000	2.419032
410	47.297865	11.283522	0.072939	91.400000	2.335514
411	47.294480	11.305536	0.072939	91.400000	2.318535
412	47.316840	11.316206	0.072939	91.400000	2.428007
413	47.294742	11.202427	0.072939	91.400000	2.323581
414	47.295773	11.252910	0.145879	91.400000	2.394689
415	47.302824	11.285616	0.072939	91.400000	2.395931
416	47.301096	11.336982	0.072939	91.400000	2.485936
417	47.310063	11.373406	0.072939	91.400000	2.482423
418	47.295496	11.340535	0.072939	91.400000	2.505409
419	47.295186	11.392098	0.072939	91.400000	2.404826
420	47.301158	11.445368	0.072939	91.400000	2.519535
421	47.303051	11.505548	0.072939	91.400000	2.492457
422	47.306615	11.439093	0.072939	91.400000	2.414746
423	47.297704	11.441659	0.072939	91.400000	2.506932
424	47.298744	11.386304	0.072939	91.400000	2.496205
425	47.294140	11.457077	0.072939	91.400000	2.409860
426	47.295773	11.420062	0.000000	91.400000	2.413179
427	47.294474	11.454523	0.072939	91.400000	2.396424
428	47.312519	11.408776	0.072939	91.400000	2.326676
429	47.300619	11.412999	0.072939	91.400000	2.544895
430	47.304070	11.472888	0.072939	91.400000	2.394363
431	47.301531	11.528380	0.072939	91.400000	2.344901
432	47.318411	11.483026	0.072939	91.400000	2.332111
433	47.302610	11.485404	0.145879	91.400000	2.327689
434	47.309077	11.444777	0.072939	91.400000	2.408864
435	47.306085	11.466868	0.072939	91.400000	2.400295
436	47.316349	11.443708	0.072939	91.400000	2.325801
437	47.321469	11.485451	0.072939	91.400000	2.379806
438	47.322896	11.475612	0.072939	91.400000	2.418058
439	47.311509	11.515532	0.072939	91.400000	2.473405
440	47.316951	11.457181	0.072939	91.400000	2.505011
441	47.304037	11.470761	0.072939	91.400000	2.521764
442	47.305000	11.407693	0.145879	91.400000	2.473694
443	47.314978	11.483149	0.000000	91.400000	2.442194
444	47.302306	11.490186	0.072939	91.400000	2.492531
445	47.312289	11.415535	0.000000	91.400000	2.419688
446	47.319049	11.501697	0.072939	91.400000	2.496257
447	47.321659	11.481699	0.072939	91.400000	2.484586
448	47.303900	11.499546	0.000000	91.400000	2.485750
449	47.311276	11.524731	0.072939	91.400000	2.513215
450	47.293365	11.556180	0.000000	91.400000	2.499095
451	47.303283	11.550152	0.000000	91.400000	2.500952
452	47.311485	11.528440	0.000000	91.400000	2.412923
453	47.485092	11.560051	0.000000	91.400000	2.578859
454	47.547293	11.552951	0.000000	91.400000	2.400120
455	47.572982	11.488957	0.000000	91.400000	2.417420
456	47.581461	11.588864	0.000000	91.400000	2.437927
457	47.585160	11.574063	0.000000	91.400000	2.391755
458	47.589946	11.514362	0.000000	91.400000	2.454057
459	47.589326	11.518158	0.000000	91.400000	2.335469
460	47.591436	11.582519	0.000000	91.400000	2.314170
461	47.601432	11.569495	0.072939	91.400000	2.337479
462	47.610939	11.504627	0.072939	91.400000	2.395237
463	47.611189	11.428074	0.000000	91.400000	2.319402
464	47.612041	11.410253	0.000000	91.400000	2.422271
465	47.601438	11.380876	0.000000	91.400000	2.485494
466	47.601527	11.399060	0.072939	91.400000	2.487451
467	47.611007	11.422865	0.072939	91.400000	2.492236
468	47.614092	11.410818	0.000000	91.400000	2.401539
469	47.626072	11.397185	0.000000	91.400000	2.508403
470	47.634172	11.487274	0.072939	91.400000	2.512041
471	47.633389	11.525045	0.072939	91.400000	2.407183
472	47.631875	11.511400	0.145879	91.400000	2.498339
473	47.632256	11.460710	0.145879	91.400000	2.495323
474	47.630227	11.502511	0.145879	91.400000	2.422058
475	47.634280	11.507453	0.145879	91.400000	2.487178
476	47.632438	11.490187	0.145879	91.400000	2.517723
477	47.647786	11.444692	0.145879	91.400000	2.409934
478	47.638145	11.512497	0.145879	91.400000	2.502773
479	47.643751	11.474850	0.000000	91.400000	2.501800
480	47.653383	11.505635	0.145879	91.400000	2.422670
481	47.650576	11.501761	0.072939	91.400000	2.509006
482	47.636050	11.485676	0.072939	91.400000	2.409497
483	47.645655	11.500366	0.072939	91.400000	2.502553
484	47.653323	11.525254	0.072939	91.400000	2.410016
485	47.651559	11.444536	0.000000	91.400000	2.502084
486	47.649619	11.536479	0.072939	91.400000	2.501574
487	47.649616	11.463523	0.072939	91.400000	2.500057
488	47.647056	11.569653	0.072939	91.400000	2.498901
489	47.642469	11.588337	0.000000	91.400000	2.419185
490	47.637469	11.517358	0.072939	91.400000	2.513860
491	47.634298	11.530728	0.072939	91.400000	2.411727
492	47.643620	11.473468	0.072939	91.400000	2.519157
493	47.666559	11.475798	0.072939	91.400000	2.411735
494	47.652179	11.542288	0.072939	91.400000	2.505354
495	47.655740	11.452153	0.072939	91.400000	2.505498
496	47.652808	11.393059	0.000000	91.400000	2.491578
497	47.650439	11.345276	0.072939	91.400000	2.497291
498	47.651333	11.366013	0.072939	91.400000	2.500329
499	47.642836	11.414342	0.000000	91.400000	2.490242
500	47.643462	11.462097	0.072939	91.400000	2.505438
501	47.639865	11.439270	0.072939	91.400000	2.412955
502	47.632319	11.476853	0.072939	91.400000	2.518259
503	47.644985	11.565828	0.072939	91.400000	2.426023
504	47.630417	11.513606	0.072939	91.400000	2.493064
505	47.641790	11.466993	0.072939	91.400000	2.494394
506	47.639194	11.423264	0.072939	91.400000	2.405978
507	47.643405	11.475014	0.072939	91.400000	2.499040
508	47.653928	11.489097	0.072939	91.400000	2.502882
509	47.646511	11.483404	0.072939	91.400000	2.498643
510	47.631401	11.502242	0.072939	91.400000	2.488739
511	47.641417	11.504108	0.072939	91.400000	2.401413
512	47.660834	11.569819	0.000000	91.400000	2.492497
513	47.658762	11.533799	0.000000	91.400000	2.489929
514	47.644913	11.513389	0.000000	91.400000	2.389422
515	47.656554	11.506419	0.000000	91.400000	2.489025
516	47.656173	11.463537	0.000000	91.400000	2.506119
517	47.654888	11.406950	0.000000	91.400000	2.400768
518	47.665426	11.419950	0.000000	91.400000	2.502873
519	47.666404	11.359343	0.000000	91.400000	2.411363
520	47.654897	11.367902	0.072939	91.400000	2.521724
521	47.659844	11.364240	0.072939	91.400000	2.408853
522	47.661656	11.432253	0.072939	91.400000	2.415691
523	47.656974	11.410677	0.072939	91.400000	2.414998
524	47.665930	11.404340	0.000000	91.400000	2.315586
525	47.670376	11.447145	0.000000	91.400000	2.452085
526	47.652891	11.435378	0.000000	91.400000	2.505361
527	47.662181	11.506989	0.000000	91.400000	2.503830
528	47.672683	11.521236	0.000000	91.400000	2.512380
529	47.680002	11.496300	0.072939	91.400000	2.343682
530	47.671744	11.494395	0.072939	91.400000	2.429309
531	47.665495	11.465600	0.072939	91.400000	2.371614
532	47.669750	11.451024	0.145879	91.400000	2.434454
533	47.670788	11.540579	0.145879	91.400000	2.344246
534	47.665676	11.502591	0.145879	91.400000	2.328259
535	47.662246	11.521853	0.072939	91.400000	2.416111
536	47.657248	11.582502	0.000000	91.400000	2.347080
537	47.660333	11.521719	0.072939	91.400000	2.359909
538	47.656241	11.482613	0.072939	91.400000	2.414259
539	47.661611	11.464607	0.000000	91.400000	2.328681
540	47.660875	11.535189	0.072939	91.400000	2.441145
541	47.674143	11.556949	0.145879	91.400000	2.426086
542	47.673386	11.475920	0.145879	91.400000	2.351718
543	47.669983	11.459968	0.072939	91.400000	2.325938
544	47.664171	11.482843	0.072939	91.400000	2.347008
545	47.664133	11.510747	0.145879	91.400000	2.429644
546	47.660577	11.477145	0.000000	91.400000	2.448295
547	47.665638	11.508286	0.072939	91.400000	2.345106
548	47.669882	11.534527	0.072939	91.400000	2.340381
549	47.665745	11.474366	0.000000	91.400000	2.429903
550	47.656763	11.508113	0.000000	91.400000	2.499614
551	47.678423	11.544378	0.000000	91.400000	2.438841
552	47.675744	11.609781	0.072939	91.400000	2.427640
553	47.683346	11.531603	0.072939	91.400000	2.498256
554	47.678596	11.538260	0.072939	91.400000	2.494359
555	47.680721	11.492301	0.072939	91.400000	2.501835
556	47.672105	11.428401	0.000000	91.400000	2.504254
557	47.693178	11.518943	0.072939	91.400000	2.391534
558	47.693163	11.614867	0.000000	91.400000	2.408426
559	47.698379	11.617662	0.000000	91.400000	2.315102
560	47.687340	11.603774	0.072939	91.400000	2.504039
561	47.678939	11.528866	0.072939	91.400000	2.336300
562	47.690359	11.471137	0.072939	91.400000	2.413618
563	47.682238	11.557640	0.072939	91.400000	2.333443
564	47.681171	11.528897	0.072939	91.400000	2.338314
565	47.674912	11.491444	0.000000	91.400000	2.330575
566	47.681749	11.491289	0.072939	91.400000	2.426510
567	47.698683	11.407224	0.072939	91.400000	2.417590
568	47.683972	11.473832	0.000000	91.400000	2.523494
569	47.693771	11.510498	0.072939	91.400000	2.310595
570	47.694898	11.439477	0.145879	91.400000	2.320121
571	47.681400	11.503243	0.072939	91.400000	2.464678
572	47.681391	11.591882	0.072939	91.400000	2.510007
573	47.676146	11.514360	0.145879	91.400000	2.502245
574	47.679824	11.530998	0.145879	91.400000	2.403308
575	47.688335	11.476185	0.072939	91.400000	2.466262
576	47.681731	11.501954	0.072939	91.400000	2.452606
577	47.689644	11.455764	0.072939	91.400000	2.441594
578	47.684419	11.555605	0.145879	91.400000	2.495862
579	47.671717	11.478378	0.145879	91.400000	2.299376
580	47.690213	11.441342	0.145879	91.400000	2.322568
581	47.680137	11.444172	0.145879	91.400000	2.339296
582	47.691256	11.434218	0.072939	91.400000	2.425933
583	47.695097	11.519702	0.072939	91.400000	2.309995
584	47.689432	11.473877	0.072939	91.400000	2.327246
585	47.691667	11.560807	0.072939	91.400000	2.506969
586	47.693452	11.470968	0.072939	91.400000	2.387465
587	47.685993	11.545239	0.145879	91.400000	2.516921
588	47.686026	11.470353	0.072939	91.400000	2.490306
589	47.685865	11.541016	0.072939	91.400000	2.499706
590	47.676274	11.531448	0.072939	91.400000	2.410607
591	47.684085	11.571228	0.145879	91.400000	2.493144
592	47.686404	11.609557	0.145879	91.400000	2.493325
593	47.689140	11.597560	0.145879	91.400000	2.485127
594	47.691709	11.592121	0.145879	91.400000	2.474745
595	47.676909	11.574065	0.072939	91.400000	2.424316
596	47.669870	11.568114	0.072939	91.400000	2.503879
597	47.682798	11.666151	0.072939	91.400000	2.391579
598	47.690552	11.549202	0.072939	91.400000	2.492862
599	47.682172	11.529066	0.145879	91.400000	2.405150
600	47.677740	11.573999	0.145879	91.400000	2.536879
601	47.677132	11.563097	0.145879	91.400000	2.515032
602	47.681254	11.547472	0.072939	91.400000	2.411248
603	47.676164	11.577064	0.145879	91.400000	2.427711
604	47.679108	11.517605	0.145879	91.400000	2.433630
605	47.680801	11.529900	0.072939	91.400000	2.440936
606	47.675133	11.552541	0.072939	91.400000	2.326733
607	47.666353	11.557300	0.145879	91.400000	2.355791
608	47.678107	11.547611	0.072939	91.400000	2.373870
609	47.676969	11.529510	0.145879	91.400000	2.450884
610	47.682804	11.584361	0.218818	91.400000	2.377551
611	47.681564	11.596376	0.145879	91.400000	2.340305
612	47.673979	11.624967	0.145879	91.400000	2.434388
613	47.697300	11.614586	0.145879	91.400000	2.430273
614	47.707450	11.556943	0.145879	91.400000	2.431369
615	47.701424	11.586061	0.145879	91.400000	2.339053
616	47.694486	11.552723	0.145879	91.400000	2.348246
617	47.694367	11.550421	0.145879	91.400000	2.505728
618	47.689143	11.544054	0.291758	91.400000	2.499350
619	47.699940	11.538915	0.218818	91.400000	2.349578
620	47.699028	11.481985	0.218818	91.400000	2.350081
621	47.695431	11.519673	0.145879	91.400000	2.338614
622	47.685778	11.526391	0.072939	91.400000	2.349105
623	47.694263	11.579702	0.218818	91.400000	2.345371
624	47.683451	11.615680	0.145879	91.400000	2.341641
625	47.697380	11.602650	0.145879	91.400000	2.430624
626	47.704780	11.650724	0.145879	91.400000	2.481076
627	47.685918	11.611347	0.072939	91.400000	2.429873
628	47.687811	11.606619	0.072939	91.400000	2.402385
629	47.679579	11.671777	0.072939	91.400000	2.502508
630	47.677410	11.721468	0.072939	91.400000	2.492610
631	47.680327	11.642955	0.072939	91.400000	2.503596
632	47.679555	11.638738	0.072939	91.400000	2.496019
633	47.683439	11.611299	0.072939	91.400000	2.411410
634	47.676244	11.549062	0.072939	91.400000	2.523219
635	47.671226	11.570729	0.072939	91.400000	2.405348
636	47.666109	11.562176	0.145879	91.400000	2.502504
637	47.673661	11.557159	0.072939	91.400000	2.407432
638	47.683507	11.517790	0.145879	91.400000	2.509514
639	47.680521	11.510036	0.145879	91.400000	2.502900
640	47.691602	11.595949	0.145879	91.400000	2.402611
641	47.685999	11.581239	0.072939	91.400000	2.502860
642	47.675455	11.534050	0.072939	91.400000	2.423186
643	47.682774	11.524231	0.145879	91.400000	2.504541
644	47.692204	11.525022	0.145879	91.400000	2.512913
645	47.683012	11.506900	0.145879	91.400000	2.486751
646	47.681037	11.508534	0.145879	91.400000	2.413371
647	47.691447	11.532040	0.218818	91.400000	2.503803
648	47.696155	11.532152	0.218818	91.400000	2.404864
649	47.686428	11.496576	0.218818	91.400000	2.521719
650	47.704822	11.497698	0.145879	91.400000	2.410448
651	47.690907	11.454819	0.145879	91.400000	2.507416
652	47.689566	11.483512	0.218818	91.400000	2.483553
653	47.691929	11.529390	0.072939	91.400000	2.410385
654	47.689641	11.506609	0.145879	91.400000	2.320695
655	47.690356	11.512088	0.145879	91.400000	2.317963
656	47.701582	11.474049	0.218818	91.400000	2.322361
657	47.699937	11.434124	0.145879	91.400000	2.430834
658	47.704744	11.407566	0.145879	91.400000	2.394473
659	47.699779	11.446113	0.145879	91.400000	2.510950
660	47.696310	11.447830	0.072939	91.400000	2.494597
661	47.691861	11.442991	0.218818	91.400000	2.495278
662	47.683516	11.500967	0.218818	91.400000	2.414274
663	47.679782	11.524237	0.218818	91.400000	2.419954
664	47.679710	11.487604	0.218818	91.400000	2.415413
665	47.690278	11.516707	0.218818	91.400000	2.305844
666	47.839653	11.502931	0.218818	91.400000	2.308295
667	47.889876	11.546315	0.145879	91.400000	2.515910
668	47.904980	11.558629	0.145879	91.400000	2.416589
669	47.913694	11.515514	0.145879	91.400000	2.409292
670	47.922504	11.505231	0.218818	91.400000	2.315775
671	47.937688	11.548442	0.145879	91.400000	2.491131
672	47.936976	11.601731	0.145879	91.400000	2.479306
673	47.948015	11.596089	0.218818	91.400000	2.412603
674	47.945809	11.645266	0.145879	91.400000	2.345624
675	47.963053	11.544894	0.072939	91.400000	2.535623
676	47.960472	11.566787	0.145879	91.400000	2.310915
677	47.961900	11.585648	0.145879	91.400000	2.343793
678	47.964793	11.557779	0.145879	91.400000	2.335555
679	47.972322	11.592161	0.145879	91.400000	2.437922
680	47.960708	11.614577	0.218818	91.400000	2.451432
681	47.965917	11.580336	0.145879	91.400000	2.437083
682	47.964889	11.633048	0.218818	91.400000	2.318728
683	47.972336	11.585237	0.145879	91.400000	2.309560
684	47.976357	11.535963	0.145879	91.400000	2.494127
685	47.980142	11.549661	0.145879	91.400000	2.404972
686	47.977650	11.490599	0.145879	91.400000	2.535278
687	47.988957	11.497394	0.145879	91.400000	2.416129
688	47.974712	11.592088	0.145879	91.400000	2.421963
689	47.981137	11.616945	0.145879	91.400000	2.501720
690	47.976261	11.572986	0.145879	91.400000	2.482576
691	47.983766	11.631830	0.145879	91.400000	2.518269
692	47.981298	11.597117	0.145879	91.400000	2.405123
693	47.995281	11.608211	0.145879	91.400000	2.487046
694	47.978723	11.587761	0.145879	91.400000	2.515990
695	47.983006	11.621083	0.218818	91.400000	2.491937
696	47.981003	11.597079	0.145879	91.400000	2.502982
697	47.986275	11.592672	0.218818	91.400000	2.409480
698	47.983441	11.641899	0.218818	91.400000	2.404134
699	47.983575	11.585572	0.072939	91.400000	2.418919
700	47.987008	11.584758	0.145879	91.400000	2.308432
701	47.986144	11.581216	0.145879	91.400000	2.314516
702	47.978443	11.566230	0.072939	91.400000	2.518390
703	47.984451	11.597170	0.145879	91.400000	2.559759
704	47.986206	11.642340	0.145879	91.400000	2.458218
705	47.982591	11.682224	0.145879	91.400000	2.544142
706	47.982150	11.684167	0.145879	91.400000	2.355147
707	47.982278	11.613726	0.145879	91.400000	2.319488
708	47.976735	11.513616	0.145879	91.400000	2.427015
709	47.973770	11.604411	0.218818	91.400000	2.336634
710	47.976488	11.563763	0.145879	91.400000	2.320657
711	47.978544	11.574816	0.072939	91.400000	2.434083
712	47.976464	11.585679	0.145879	91.400000	2.417175
713	47.979695	11.572396	0.145879	91.400000	2.395683
714	47.978261	11.553420	0.145879	91.400000	2.386694
715	47.985157	11.566405	0.072939	91.400000	2.375398
716	47.976828	11.592414	0.145879	91.400000	2.412484
717	47.970229	11.601773	0.145879	91.400000	2.470948
718	47.976667	11.535126	0.145879	91.400000	2.515788
719	47.974050	11.519832	0.145879	91.400000	2.522399
720	47.976613	11.549215	0.145879	91.400000	2.411779
721	47.982106	11.563143	0.145879	91.400000	2.481225
722	47.982574	11.570215	0.072939	91.400000	2.505315
723	47.986424	11.609334	0.145879	91.400000	2.509587
724	47.979057	11.622556	0.218818	91.400000	2.491467
725	47.974265	11.631924	0.218818	91.400000	2.458688
726	47.986162	11.660712	0.145879	91.400000	2.483507
727	47.989136	11.677238	0.218818	91.400000	2.518297
728	48.008627	11.613234	0.218818	91.400000	2.408323
729	47.999430	11.664205	0.145879	91.400000	2.461832
730	47.998321	11.624818	0.145879	91.400000	2.368174
731	47.999364	11.596898	0.145879	91.400000	2.440459
732	47.990513	11.595957	0.145879	91.400000	2.321716
733	47.985077	11.637124	0.145879	91.400000	2.331784
734	47.988930	11.641873	0.072939	91.400000	2.316557
735	47.979847	11.658375	0.072939	91.400000	2.511863
736	47.987622	11.636080	0.072939	91.400000	2.521896
737	47.980040	11.647158	0.072939	91.400000	2.341556
738	47.985160	11.686877	0.072939	91.400000	2.299998
739	47.978896	11.647502	0.072939	91.400000	2.480770
740	47.989565	11.629275	0.145879	91.400000	2.395602
741	47.986978	11.623321	0.145879	91.400000	2.431191
742	47.985876	11.646398	0.145879	91.400000	2.515347
743	47.992522	11.613648	0.145879	91.400000	2.426866
744	47.987145	11.627288	0.145879	91.400000	2.509163
745	47.993708	11.651454	0.072939	91.400000	2.418515
746	47.992754	11.647109	0.145879	91.400000	2.478073
747	47.988498	11.693745	0.072939	91.400000	2.492470
748	47.980195	11.693457	0.145879	91.400000	2.494797
749	47.988874	11.658110	0.145879	91.400000	2.403136
750	47.989815	11.636965	0.218818	91.400000	2.421594
751	47.995514	11.637648	0.145879	91.400000	2.499351
752	47.994649	11.627705	0.145879	91.400000	2.391637
753	47.994274	11.622821	0.218818	91.400000	2.324740
754	47.988376	11.591868	0.145879	91.400000	2.443592
755	47.985655	11.639603	0.145879	91.400000	2.538844
756	47.986454	11.625258	0.072939	91.400000	2.513071
757	47.986042	11.703410	0.072939	91.400000	2.503904
758	47.987986	11.652754	0.218818	91.400000	2.505265
759	47.990811	11.688802	0.145879	91.400000	2.316634
760	47.986251	11.616795	0.145879	91.400000	2.318164
761	47.985476	11.669483	0.072939	91.400000	2.411081
762	47.989523	11.647433	0.218818	91.400000	2.322536
763	47.985911	11.671164	0.218818	91.400000	2.326085
764	47.991884	11.652652	0.145879	91.400000	2.336634
765	47.986615	11.616693	0.218818	91.400000	2.406345
766	47.992754	11.618324	0.218818	91.400000	2.423034
767	47.995937	11.607407	0.072939	91.400000	2.493840
768	47.984260	11.639183	0.145879	91.400000	2.504975
769	47.986454	11.627119	0.218818	91.400000	2.418040
770	47.979391	11.575085	0.218818	91.400000	2.472841
771	47.977734	11.614685	0.145879	91.400000	2.505790
772	47.979936	11.673935	0.145879	91.400000	2.507011
773	47.980547	11.613872	0.218818	91.400000	2.466953
774	47.986674	11.650985	0.145879	91.400000	2.525268
775	47.990215	11.697322	0.145879	91.400000	2.504833
776	47.984004	11.621013	0.072939	91.400000	2.503749
777	47.989514	11.649019	0.072939	91.400000	2.415029
778	47.995979	11.713473	0.145879	91.400000	2.562040
779	47.999945	11.666346	0.145879	91.400000	2.510327
780	48.143554	11.670527	0.145879	91.400000	2.529977
781	48.171300	11.658264	0.145879	91.400000	2.340232
782	48.181522	11.625388	0.145879	91.400000	2.340165
783	48.184237	11.680014	0.145879	91.400000	2.338753
784	48.194188	11.680701	0.072939	91.400000	2.310546
785	48.192149	11.669867	0.072939	91.400000	2.358094
786	48.195463	11.645762	0.072939	91.400000	2.437600
787	48.192012	11.643385	0.145879	91.400000	2.367282
788	48.192221	11.647505	0.145879	91.400000	2.345109
789	48.197889	11.665472	0.072939	91.400000	2.457155
790	48.200494	11.651385	0.072939	91.400000	2.423276
791	48.201394	11.661640	0.145879	91.400000	2.511217
792	48.200929	11.633492	0.145879	91.400000	2.427970
793	48.205924	11.645193	0.145879	91.400000	2.495309
794	48.204321	11.654949	0.145879	91.400000	2.514354
795	48.208255	11.665738	0.145879	91.400000	2.498539
796	48.203266	11.667286	0.145879	91.400000	2.404857
797	48.200393	11.690979	0.145879	91.400000	2.504613
798	48.202553	11.689147	0.145879	91.400000	2.513909
799	48.207119	11.664317	0.145879	91.400000	2.509647
800	48.212212	11.662291	0.145879	91.400000	2.420413
801	48.218864	11.649713	0.145879	91.400000	2.509300
802	48.208672	11.657786	0.145879	91.400000	2.434775
803	48.217589	11.648252	0.145879	91.400000	2.514705
804	48.211947	11.674906	0.145879	91.400000	2.411786
805	48.214501	11.673127	0.145879	91.400000	2.409984
806	48.209307	11.639934	0.145879	91.400000	2.496022
807	48.217034	11.663150	0.145879	91.400000	2.390370
808	48.216841	11.647615	0.145879	91.400000	2.498706
809	48.208532	11.641906	0.145879	91.400000	2.312704
810	48.208097	11.633461	0.145879	91.400000	2.309292
811	48.207915	11.648525	0.145879	91.400000	2.317698
812	48.203251	11.671477	0.145879	91.400000	2.333354
813	48.214638	11.673453	0.145879	91.400000	2.326762
814	48.211879	11.657936	0.145879	91.400000	2.428038
815	48.214787	11.639675	0.145879	91.400000	2.435441
816	48.214000	11.629161	0.145879	91.400000	2.421818
817	48.211685	11.625405	0.145879	91.400000	2.412606
818	48.211151	11.606283	0.218818	91.400000	2.305058
819	48.222679	11.604509	0.145879	91.400000	2.317805
820	48.224849	11.609003	0.145879	91.400000	2.357490
821	48.222697	11.607796	0.145879	91.400000	2.480058
822	48.221713	11.612263	0.145879	91.400000	2.327863
823	48.219872	11.650456	0.145879	91.400000	2.339251
824	48.223096	11.608475	0.145879	91.400000	2.436181
825	48.222077	11.606209	0.145879	91.400000	2.323676
826	48.227179	11.595095	0.145879	91.400000	2.337678
827	48.226395	11.605409	0.145879	91.400000	2.522997
828	48.228163	11.607697	0.145879	91.400000	2.494675
829	48.225626	11.597743	0.145879	91.400000	2.512032
830	48.222625	11.608250	0.145879	91.400000	2.423348
831	48.226401	11.623434	0.145879	91.400000	2.494140
832	48.226303	11.621474	0.145879	91.400000	2.419451
833	48.223537	11.615921	0.145879	91.400000	2.526221
834	48.221213	11.621507	0.145879	91.400000	2.410099
835	48.223868	11.650304	0.145879	91.400000	2.406333
836	48.225665	11.644894	0.145879	91.400000	2.591705
837	48.230708	11.644680	0.145879	91.400000	2.418492
838	48.228374	11.664891	0.145879	91.400000	2.406991
839	48.230267	11.620876	0.145879	91.400000	2.433230
840	48.232406	11.647123	0.145879	91.400000	2.490844
841	48.227245	11.649757	0.145879	91.400000	2.393157
842	48.227575	11.637855	0.145879	91.400000	2.530664
843	48.228651	11.642058	0.145879	91.400000	2.301043
844	48.225921	11.643847	0.145879	91.400000	2.512792
845	48.228538	11.636062	0.145879	91.400000	2.519924
846	48.229426	11.676579	0.145879	91.400000	2.348385
847	48.230356	11.672599	0.145879	91.400000	2.413480
848	48.229671	11.706095	0.145879	91.400000	2.433014
849	48.226291	11.657581	0.145879	91.400000	2.410336
850	48.230293	11.637955	0.145879	91.400000	2.426950
851	48.226404	11.630440	0.072939	91.400000	2.340013
852	48.222557	11.642634	0.145879	91.400000	2.328402
853	48.225218	11.625894	0.145879	91.400000	2.432603
854	48.220927	11.640126	0.145879	91.400000	2.410520
855	48.223364	11.669141	0.145879	91.400000	2.317428
856	48.223209	11.656872	0.145879	91.400000	2.325621
857	48.216969	11.648257	0.145879	91.400000	2.496572
858	48.226577	11.667684	0.145879	91.400000	2.487155
859	48.227113	11.671518	0.145879	91.400000	2.471293
860	48.230481	11.655325	0.145879	91.400000	2.417113
861	48.223329	11.659305	0.145879	91.400000	2.493380
862	48.223323	11.692763	0.145879	91.400000	2.523791
863	48.221588	11.697832	0.145879	91.400000	2.400376
864	48.223120	11.663775	0.145879	91.400000	2.323070
865	48.229304	11.661640	0.145879	91.400000	2.473240
866	48.231393	11.690297	0.145879	91.400000	2.330459
867	48.224089	11.676241	0.145879	91.400000	2.322190
868	48.229602	11.656536	0.145879	91.400000	2.420123
869	48.231664	11.662551	0.145879	91.400000	2.358473
870	48.233235	11.626413	0.145879	91.400000	2.424390
871	48.232993	11.631683	0.145879	91.400000	2.329782
872	48.228085	11.661271	0.145879	91.400000	2.400264
873	48.223716	11.654038	0.145879	91.400000	2.480666
874	48.229134	11.669042	0.145879	91.400000	2.498554
875	48.227924	11.647696	0.145879	91.400000	2.428266
876	48.231101	11.651750	0.145879	91.400000	2.409592
877	48.236033	11.645060	0.145879	91.400000	2.498517
878	48.235783	11.657918	0.145879	91.400000	2.506590
879	48.236066	11.641045	0.145879	91.400000	2.407140
880	48.235166	11.629309	0.145879	91.400000	2.521820
881	48.236990	11.625525	0.145879	91.400000	2.499933
882	48.239380	11.607162	0.145879	91.400000	2.503827
883	48.229548	11.626946	0.145879	91.400000	2.514122
884	48.228610	11.604621	0.145879	91.400000	2.498280
885	48.232412	11.643778	0.145879	91.400000	2.485706
886	48.229593	11.658518	0.145879	91.400000	2.507087
887	48.229831	11.673362	0.145879	91.400000	2.420308
888	48.226607	11.702403	0.145879	91.400000	2.430951
889	48.226470	11.685275	0.145879	91.400000	2.490153
890	48.231858	11.649466	0.145879	91.400000	2.421016
891	48.236325	11.681655	0.145879	91.400000	2.523842
892	48.240572	11.698317	0.145879	91.400000	2.542973
893	48.239687	11.700709	0.145879	91.400000	2.422388
894	48.239163	11.704666	0.145879	91.400000	2.525515
895	48.230225	11.681186	0.145879	91.400000	2.412196
896	48.238653	11.671370	0.145879	91.400000	2.410743
897	48.235878	11.646752	0.145879	91.400000	2.504754
898	48.235691	11.668064	0.145879	91.400000	2.408078
899	48.234996	11.680049	0.145879	91.400000	2.525795
900	48.241410	11.683277	0.145879	91.400000	2.494331
901	48.236144	11.656948	0.145879	91.400000	2.486622
902	48.237699	11.658935	0.145879	91.400000	2.399514
903	48.237795	11.622138	0.145879	91.400000	2.507293
904	48.236221	11.686070	0.145879	91.400000	2.369871
905	48.234019	11.716870	0.145879	91.400000	2.406015
906	48.235020	11.682928	0.145879	91.400000	2.407810
907	48.236525	11.715746	0.145879	91.400000	2.333430
908	48.233238	11.713450	0.145879	91.400000	2.510175
909	48.233217	11.769871	0.145879	91.400000	2.500801
910	48.238540	11.738603	0.145879	91.400000	2.329180
911	48.244604	11.710917	0.145879	91.400000	2.341720
912	48.243505	11.680489	0.145879	91.400000	2.318518
913	48.238784	11.701259	0.145879	91.400000	2.336952
914	48.241711	11.697707	0.145879	91.400000	2.415517
915	48.237956	11.696973	0.145879	91.400000	2.418087
916	48.237717	11.672579	0.145879	91.400000	2.426844
917	48.239136	11.680735	0.145879	91.400000	2.415542
918	48.232388	11.674088	0.145879	91.400000	2.293740
919	48.238295	11.678996	0.145879	91.400000	2.452461
920	48.241553	11.701031	0.145879	91.400000	2.497885
921	48.235744	11.697848	0.145879	91.400000	2.533805
922	48.240083	11.699356	0.145879	91.400000	2.488958
923	48.235664	11.676198	0.145879	91.400000	2.505052
924	48.237836	11.676728	0.145879	91.400000	2.409303
925	48.230672	11.703075	0.072939	91.400000	2.506500
926	48.230416	11.725897	0.145879	91.400000	2.412477
927	48.232186	11.762272	0.072939	91.400000	2.322654
928	48.231125	11.775832	0.145879	91.400000	2.537566
929	48.229077	11.723023	0.145879	91.400000	2.312531
930	48.237959	11.704688	0.145879	91.400000	2.438867
931	48.231375	11.726019	0.145879	91.400000	2.339626
932	48.234588	11.725298	0.145879	91.400000	2.311305
933	48.233682	11.745495	0.145879	91.400000	2.450367
934	48.231882	11.774790	0.145879	91.400000	2.425656
935	48.230952	11.750816	0.145879	91.400000	2.345329
936	48.237178	11.758282	0.145879	91.400000	2.326772
937	48.235637	11.739911	0.145879	91.400000	2.426252
938	48.236296	11.771813	0.145879	91.400000	2.517931
939	48.231843	11.705890	0.145879	91.400000	2.422890
940	48.234713	11.702844	0.145879	91.400000	2.495619
941	48.237652	11.736039	0.072939	91.400000	2.413801
942	48.229980	11.775261	0.145879	91.400000	2.511132
943	48.231673	11.730348	0.145879	91.400000	2.501735
944	48.232281	11.752685	0.145879	91.400000	2.519495
945	48.237586	11.722002	0.145879	91.400000	2.423866
946	48.239082	11.738683	0.145879	91.400000	2.414301
947	48.235554	11.754561	0.145879	91.400000	2.592640
948	48.238072	11.738249	0.145879	91.400000	2.416111
949	48.240232	11.757052	0.145879	91.400000	2.496386
950	48.241737	11.705885	0.145879	91.400000	2.486377
951	48.241839	11.732827	0.145879	91.400000	2.420742
952	48.234898	11.750362	0.145879	91.400000	2.527637
953	48.238689	11.693427	0.145879	91.400000	2.501752
954	48.232666	11.729905	0.145879	91.400000	2.506667
955	48.234776	11.753500	0.145879	91.400000	2.521304
956	48.242196	11.720124	0.145879	91.400000	2.401366
957	48.235685	11.715352	0.145879	91.400000	2.413068
958	48.236448	11.728436	0.145879	91.400000	2.310144
959	48.242277	11.779512	0.145879	91.400000	2.321136
960	48.242682	11.726013	0.145879	91.400000	2.394878
961	48.241925	11.748642	0.145879	91.400000	2.433028
962	48.241758	11.733895	0.145879	91.400000	2.213829
963	48.276863	11.748458	0.145879	91.400000	2.119559
964	48.277330	11.749663	0.145879	91.400000	2.117563
965	48.276883	11.754403	0.145879	91.400000	2.122571
966	48.277265	11.756350	0.145879	91.400000	2.118540
967	48.277092	11.756574	0.145879	91.400000	2.252538
968	48.277396	11.756436	0.145879	91.400000	2.290379
969	48.277533	11.756495	0.145879	91.400000	2.150276
970	48.277459	11.757681	0.145879	91.400000	2.254990
971	48.277456	11.758035	0.145879	91.400000	2.139990
972	48.277456	11.758035	0.145879	91.400000	2.120900
973	48.277456	11.758035	0.145879	91.400000	2.134760
974	48.277456	11.758035	0.145879	91.400000	2.120879
975	48.277456	11.758035	0.145879	91.400000	2.240420
976	48.277456	11.758035	0.145879	91.400000	2.201633
977	48.277456	11.758035	0.145879	91.400000	2.207728
978	48.277456	11.758035	0.145879	91.400000	2.304976
979	48.277456	11.758035	0.145879	91.400000	2.116736
980	48.277456	11.758035	0.145879	91.400000	2.112040
981	48.277456	11.758035	0.145879	91.400000	2.129125
982	48.277456	11.758035	0.145879	91.400000	2.140333
983	48.277456	11.758035	0.145879	91.400000	2.232267
984	48.277456	11.758035	0.145879	91.400000	2.206093
985	48.277456	11.758035	0.145879	91.400000	2.123862
986	48.277456	11.758035	0.145879	91.400000	2.146726
987	48.277456	11.758035	0.145879	91.400000	2.159562
988	48.277456	11.758035	0.145879	91.400000	2.268143
989	48.277456	11.758035	0.145879	91.400000	2.111094
990	48.277456	11.758035	0.145879	91.400000	2.230692
991	48.277456	11.758035	0.145879	91.400000	2.310225
992	48.277456	11.758035	0.145879	91.400000	2.198653
993	48.277456	11.758035	0.145879	91.400000	2.112847
994	48.277456	11.758035	0.145879	91.400000	2.110191
995	48.277456	11.758035	0.145879	91.400000	2.113614
996	48.277456	11.758035	0.145879	91.400000	2.134818
997	48.277456	11.758035	0.145879	91.400000	2.118679
998	48.277456	11.758035	0.145879	91.400000	2.136705
999	48.277456	11.758035	0.145879	91.400000	2.207624
1000	48.277456	11.758035	0.145879	91.400000	2.122467
1001	48.277456	11.758035	0.145879	91.400000	2.120390
1002	48.277456	11.758035	0.145879	91.400000	2.246591
1003	48.277456	11.758035	0.145879	91.400000	2.189064
1004	48.277456	11.758035	0.145879	91.400000	2.152851
1005	48.277456	11.758035	0.145879	91.400000	2.210685
1006	48.277456	11.758035	0.145879	91.400000	2.127397
1007	48.277456	11.758035	0.145879	91.400000	2.196963
1008	48.277456	11.758035	0.145879	91.400000	2.151596
1009	48.277456	11.758035	0.145879	91.400000	2.105277
1010	48.277456	11.758035	0.145879	91.400000	2.210220
1011	48.277456	11.758035	0.145879	91.400000	2.233552
1012	48.277456	11.758035	0.145879	91.400000	2.128837
1013	48.277456	11.758035	0.145879	91.400000	2.201290
1014	48.277456	11.758035	0.145879	91.400000	2.114700
1015	48.277456	11.758035	0.145879	91.400000	2.232369
1016	48.277456	11.758035	0.145879	91.400000	2.242699
1017	48.277456	11.758035	0.145879	91.400000	2.133456
1018	48.277456	11.758035	0.145879	91.400000	2.320834
1019	48.277456	11.758035	0.145879	91.400000	2.110870
