1	27.390230	3.048842	0.000000	91.400000	2.283448
2	33.147025	3.770253	0.000000	91.400000	2.300421
3	37.176034	3.830654	0.000000	91.400000	2.478501
4	39.696610	3.631487	0.000000	91.400000	2.460403
5	41.311574	3.546490	0.000000	91.400000	2.292361
6	42.300630	3.594109	0.000000	91.400000	2.303479
7	42.958319	3.586645	0.000000	91.400000	2.313126
8	43.460029	3.600120	0.000000	91.400000	2.285950
9	43.802315	3.791849	0.000000	91.400000	2.289109
10	44.092870	3.782570	0.000000	91.400000	2.389449
11	44.305003	3.887241	0.000000	91.400000	2.270056
12	44.495019	3.887113	0.000000	91.400000	2.289653
13	44.673419	3.926465	0.000000	91.400000	2.374391
14	44.815344	3.942423	0.000000	91.400000	2.369349
15	44.916970	3.941146	0.000000	91.400000	2.380201
16	45.009154	3.906983	0.000000	91.400000	2.285602
17	45.090291	3.878847	0.000000	91.400000	2.301558
18	45.168412	3.810393	0.000000	91.400000	2.273243
19	45.239550	3.853848	0.000000	91.400000	2.396803
20	45.321715	3.811054	0.000000	91.400000	2.474658
21	45.398349	3.794461	0.000000	91.400000	2.399417
22	45.453507	3.712069	0.000000	91.400000	2.292452
23	45.510432	3.703839	0.000000	91.400000	2.299458
24	45.579019	3.508707	0.000000	91.400000	2.385554
25	45.609754	3.425324	0.000000	91.400000	2.365741
26	45.673001	3.378539	0.000000	91.400000	2.372980
27	45.711634	3.291989	0.000000	91.400000	2.291787
28	45.743495	3.342134	0.000000	91.400000	2.484549
29	45.776910	3.331041	0.000000	91.400000	2.284856
30	45.798704	3.395022	0.000000	91.400000	2.289144
31	45.818126	3.416160	0.000000	91.400000	2.307324
32	45.835942	3.361013	0.000000	91.400000	2.304753
33	45.846236	3.396627	0.000000	91.400000	2.290664
34	45.874861	3.328179	0.000000	91.400000	2.384018
35	45.886597	3.388527	0.000000	91.400000	2.399578
36	45.890087	3.386311	0.000000	91.400000	2.356244
37	45.897746	3.470356	0.000000	91.400000	2.279217
38	45.909745	3.363538	0.000000	91.400000	2.374715
39	45.914584	3.354224	0.000000	91.400000	2.385948
40	45.927340	3.319325	0.000000	91.400000	2.283221
41	45.931640	3.279377	0.000000	91.400000	2.296210
42	45.941365	3.333918	0.000000	91.400000	2.296257
43	45.961982	3.318632	0.000000	91.400000	2.408243
44	45.982546	3.323825	0.000000	91.400000	2.293216
45	45.975465	3.319763	0.000000	91.400000	2.290237
46	45.986032	3.240386	0.000000	91.400000	2.417490
47	45.982409	3.274311	0.000000	91.400000	2.473459
48	45.992157	3.228416	0.000000	91.400000	2.462469
49	46.006358	3.160114	0.000000	91.400000	2.389114
50	46.002704	3.247613	0.000000	91.400000	2.491551
51	46.022856	3.182101	0.000000	91.400000	2.469311
52	46.014735	3.273810	0.000000	91.400000	2.468221
53	46.025860	3.192156	0.000000	91.400000	2.487543
54	46.033722	3.205967	0.000000	91.400000	2.379962
55	46.026397	3.235724	0.000000	91.400000	2.548532
56	46.030468	3.166375	0.000000	91.400000	2.393647
57	46.050486	3.206787	0.000000	91.400000	2.476740
58	46.048206	3.233459	0.000000	91.400000	2.459752
59	46.045601	3.168974	0.000000	91.400000	2.474556
60	46.046692	3.190547	0.000000	91.400000	2.471544
61	46.047774	3.288727	0.000000	91.400000	2.472135
62	46.051693	3.115741	0.000000	91.400000	2.406469
63	46.060234	3.153906	0.000000	91.400000	2.492962
64	46.060014	3.178591	0.000000	91.400000	2.404037
65	46.059966	3.178126	0.000000	91.400000	2.485568
66	46.071526	3.127726	0.000000	91.400000	2.452281
67	46.063650	3.179312	0.000000	91.400000	2.493571
68	46.050701	3.158648	0.000000	91.400000	2.484477
69	46.074116	3.205545	0.000000	91.400000	2.482183
70	46.059310	3.220830	0.000000	91.400000	2.472075
71	46.052516	3.256307	0.000000	91.400000	2.483005
72	46.067217	3.140280	0.000000	91.400000	2.396415
73	46.070403	3.183522	0.000000	91.400000	2.486992
74	46.082565	3.154303	0.000000	91.400000	2.460846
75	46.075726	3.214584	0.000000	91.400000	2.475232
76	46.080637	3.204864	0.000000	91.400000	2.404480
77	46.087858	3.154904	0.000000	91.400000	2.487360
78	46.090916	3.153419	0.000000	91.400000	2.461278
79	46.077684	3.225977	0.000000	91.400000	2.459066
80	46.075642	3.168805	0.000000	91.400000	2.462936
81	46.086681	3.164228	0.000000	91.400000	2.475724
82	46.100274	3.117422	0.000000	91.400000	2.485182
83	46.097302	3.112721	0.000000	91.400000	2.492896
84	46.093255	3.119371	0.000000	91.400000	2.481974
85	46.106228	3.111759	0.000000	91.400000	2.482165
86	46.106911	3.129822	0.000000	91.400000	2.386947
87	46.086308	3.161232	0.000000	91.400000	2.477514
88	46.096289	3.193656	0.000000	91.400000	2.444749
89	46.078014	3.170503	0.000000	91.400000	2.482063
90	46.064776	3.222372	0.000000	91.400000	2.482882
91	46.082070	3.069721	0.000000	91.400000	2.459866
92	46.091387	3.168876	0.000000	91.400000	2.478642
93	46.085930	3.075519	0.000000	91.400000	2.497738
94	46.097496	3.125578	0.000000	91.400000	2.488686
95	46.099645	3.138750	0.000000	91.400000	2.377013
96	46.088976	3.047194	0.000000	91.400000	2.394461
97	46.104535	3.106277	0.000000	91.400000	2.361935
98	46.094549	3.161349	0.000000	91.400000	2.304119
99	46.094012	3.105345	0.000000	91.400000	2.472674
100	46.096206	3.059766	0.000000	91.400000	2.517868
101	46.102655	3.072879	0.000000	91.400000	2.365585
102	46.102154	3.034505	0.000000	91.400000	2.313612
103	46.117038	3.065267	0.000000	91.400000	2.403211
104	46.112996	2.970101	0.000000	91.400000	2.307199
105	46.122473	3.037361	0.000000	91.400000	2.303838
106	46.116483	3.002254	0.000000	91.400000	2.394929
107	46.116611	2.978646	0.000000	91.400000	2.408746
108	46.131548	2.993012	0.000000	91.400000	2.390899
109	46.126738	3.055967	0.000000	91.400000	2.303777
110	46.128303	3.107490	0.000000	91.400000	2.477950
111	46.118736	3.077113	0.000000	91.400000	2.466223
112	46.107858	2.953448	0.000000	91.400000	2.478261
113	46.103430	2.969568	0.000000	91.400000	2.381678
114	46.114606	3.028336	0.000000	91.400000	2.429616
115	46.114296	3.046565	0.000000	91.400000	2.429398
116	46.114063	3.049233	0.000000	91.400000	2.424601
117	46.120793	3.032978	0.000000	91.400000	2.290206
118	46.115935	3.050475	0.000000	91.400000	2.304230
119	46.128255	3.119392	0.000000	91.400000	2.305908
120	46.137339	3.055294	0.000000	91.400000	2.412092
121	46.108228	3.146965	0.000000	91.400000	2.304209
122	46.115372	3.100414	0.000000	91.400000	2.304439
123	46.118745	3.089622	0.000000	91.400000	2.478172
124	46.115565	3.143867	0.000000	91.400000	2.482097
125	46.125537	3.013999	0.000000	91.400000	2.461174
126	46.118677	3.030884	0.000000	91.400000	2.494504
127	46.132445	2.986813	0.000000	91.400000	2.397752
128	46.132839	3.065556	0.000000	91.400000	2.493560
129	46.124953	3.084181	0.000000	91.400000	2.480504
130	46.129414	3.015734	0.000000	91.400000	2.470469
131	46.116817	3.042631	0.000000	91.400000	2.379283
132	46.118501	3.038580	0.000000	91.400000	2.404012
133	46.114588	3.035820	0.000000	91.400000	2.453950
134	46.124282	3.088531	0.000000	91.400000	2.479592
135	46.123523	3.085915	0.000000	91.400000	2.294729
136	46.130484	3.027849	0.000000	91.400000	2.318650
137	46.138400	2.962756	0.000000	91.400000	2.485345
138	46.133271	2.936247	0.000000	91.400000	2.487564
139	46.134603	2.958980	0.000000	91.400000	2.474705
140	46.139735	2.996078	0.000000	91.400000	2.477246
141	46.128124	3.064949	0.000000	91.400000	2.315181
142	46.119148	3.034321	0.000000	91.400000	2.307629
143	46.128282	3.025812	0.000000	91.400000	2.400697
144	46.146607	2.972714	0.000000	91.400000	2.394642
145	46.138752	2.991735	0.000000	91.400000	2.311672
146	46.134329	2.993385	0.000000	91.400000	2.394781
147	46.127468	3.005199	0.000000	91.400000	2.413393
148	46.134228	3.024100	0.000000	91.400000	2.390503
149	46.136242	3.014379	0.000000	91.400000	2.316029
150	46.135423	3.019210	0.000000	91.400000	2.305602
151	46.142927	3.045709	0.000000	91.400000	2.455824
152	46.136394	2.999065	0.000000	91.400000	2.459342
153	46.140862	3.028748	0.000000	91.400000	2.460233
154	46.143162	3.027002	0.000000	91.400000	2.513621
155	46.150726	3.074787	0.000000	91.400000	2.471126
156	46.179479	3.101649	0.000000	91.400000	2.476132
157	46.159029	3.107436	0.000000	91.400000	2.399676
158	46.159226	2.979260	0.000000	91.400000	2.457896
159	46.162918	2.911890	0.000000	91.400000	2.463466
160	46.148491	2.978232	0.000000	91.400000	2.441423
161	46.164334	3.023091	0.000000	91.400000	2.589762
162	46.170944	2.969828	0.000000	91.400000	2.389265
163	46.169791	3.008428	0.000000	91.400000	2.480256
164	46.168500	2.965810	0.000000	91.400000	2.469724
165	46.156907	3.062564	0.000000	91.400000	2.373158
166	46.166086	3.089975	0.000000	91.400000	2.391634
167	46.174139	3.053688	0.000000	91.400000	2.415625
168	46.164542	3.030942	0.000000	91.400000	2.488716
169	46.186417	3.028552	0.000000	91.400000	2.475659
170	46.204916	2.977358	0.000000	91.400000	2.492964
171	46.198815	2.987881	0.000000	91.400000	2.390590
172	46.184301	3.014635	0.000000	91.400000	2.499624
173	46.182793	3.024312	0.000000	91.400000	2.402183
174	46.192235	3.044142	0.000000	91.400000	2.294434
175	46.190917	3.050069	0.000000	91.400000	2.379433
176	46.187732	3.067184	0.000000	91.400000	2.287734
177	46.194336	3.022100	0.000000	91.400000	2.298843
178	46.190876	3.030036	0.000000	91.400000	2.284663
179	46.185571	3.024458	0.000000	91.400000	2.472972
180	46.190447	3.027027	0.000000	91.400000	2.405924
181	46.197236	3.013598	0.000000	91.400000	2.483154
182	46.181983	3.043842	0.000000	91.400000	2.458940
183	46.197814	3.036732	0.000000	91.400000	2.401915
184	46.198088	3.044261	0.000000	91.400000	2.483951
185	46.201798	3.065424	0.000000	91.400000	2.486242
186	46.210241	3.052537	0.000000	91.400000	2.473423
187	46.200377	2.997764	0.000000	91.400000	2.467437
188	46.207362	2.971584	0.000000	91.400000	2.487239
189	46.194348	3.055179	0.000000	91.400000	2.475206
190	46.193764	3.114981	0.000000	91.400000	2.464791
191	46.196103	3.028763	0.000000	91.400000	2.395443
192	46.205077	2.969842	0.000000	91.400000	2.479248
193	46.191496	2.851111	0.000000	91.400000	2.470183
194	46.200138	2.916573	0.000000	91.400000	2.478861
195	46.208513	2.914497	0.000000	91.400000	2.389416
196	46.204591	2.966388	0.000000	91.400000	2.500019
197	46.200287	2.951582	0.000000	91.400000	2.495281
198	46.194732	2.944346	0.000000	91.400000	2.392514
199	46.202764	3.012446	0.000000	91.400000	2.483763
200	46.197402	3.044929	0.000000	91.400000	2.384141
201	46.211594	3.063882	0.000000	91.400000	2.575650
202	46.208006	3.030181	0.000000	91.400000	2.482919
203	46.203727	2.985529	0.000000	91.400000	2.467395
204	46.195561	2.994603	0.000000	91.400000	2.388240
205	46.222791	2.986440	0.000000	91.400000	2.480984
206	46.216673	2.995995	0.000000	91.400000	2.474745
207	46.199402	3.009733	0.000000	91.400000	2.470804
208	46.207651	2.979848	0.000000	91.400000	2.479978
209	46.206015	2.920134	0.000000	91.400000	2.378528
210	46.209764	2.918892	0.000000	91.400000	2.377776
211	46.206760	2.928626	0.000000	91.400000	2.371632
212	46.210405	2.954928	0.000000	91.400000	2.309776
213	46.211213	3.039016	0.000000	91.400000	2.498525
214	46.209353	3.006506	0.000000	91.400000	2.313232
215	46.219879	2.945352	0.000000	91.400000	2.316416
216	46.228355	3.011963	0.000000	91.400000	2.396460
217	46.220219	3.013719	0.000000	91.400000	2.307158
218	46.215367	3.038985	0.000000	91.400000	2.313168
219	46.221906	3.070397	0.000000	91.400000	2.388320
220	46.225429	3.093969	0.000000	91.400000	2.407234
221	46.232408	3.051326	0.000000	91.400000	2.400643
222	46.232903	2.984546	0.000000	91.400000	2.276913
223	46.197411	2.964389	0.000000	91.400000	2.446247
224	46.187669	3.065878	0.000000	91.400000	2.481041
225	46.205032	3.009973	0.000000	91.400000	2.481574
226	46.215579	3.079993	0.000000	91.400000	2.466652
227	46.203840	3.109780	0.000000	91.400000	2.392482
228	46.218440	3.093950	0.000000	91.400000	2.475149
229	46.206117	3.029348	0.000000	91.400000	2.407210
230	46.217400	3.019343	0.000000	91.400000	2.592541
231	46.227926	3.002274	0.000000	91.400000	2.460814
232	46.228945	3.015399	0.000000	91.400000	2.398961
233	46.234262	3.078913	0.000000	91.400000	2.393607
234	46.225911	3.010505	0.000000	91.400000	2.301174
235	46.223962	2.982187	0.000000	91.400000	2.314264
236	46.237206	2.892508	0.000000	91.400000	2.318128
237	46.237138	2.919186	0.000000	91.400000	2.311960
238	46.230751	2.824419	0.000000	91.400000	2.397339
239	46.235931	2.902300	0.000000	91.400000	2.315717
240	46.236527	2.996988	0.000000	91.400000	2.299577
241	46.234328	2.995093	0.000000	91.400000	2.475328
242	46.236521	2.902156	0.000000	91.400000	2.458195
243	46.238226	2.944626	0.000000	91.400000	2.462557
244	46.233484	2.965858	0.000000	91.400000	2.553768
245	46.229774	2.938150	0.000000	91.400000	2.381376
246	46.244723	2.956451	0.000000	91.400000	2.409398
247	46.243608	2.915588	0.000000	91.400000	2.391043
248	46.255112	2.944529	0.000000	91.400000	2.470076
249	46.250653	2.924282	0.000000	91.400000	2.472487
250	46.243560	2.927886	0.000000	91.400000	2.374234
251	46.251440	2.935548	0.000000	91.400000	2.277703
252	46.249741	2.847430	0.000000	91.400000	2.539868
253	46.244991	2.835212	0.000000	91.400000	2.326164
254	46.259677	2.931919	0.000000	91.400000	2.322424
255	46.242207	2.932182	0.000000	91.400000	2.319576
256	46.252057	2.984135	0.000000	91.400000	2.291948
257	46.252629	2.885633	0.000000	91.400000	2.293977
258	46.264964	2.936664	0.000000	91.400000	2.400167
259	46.257228	2.863811	0.000000	91.400000	2.389091
260	46.250880	2.826539	0.000000	91.400000	2.284584
261	46.254683	2.857725	0.000000	91.400000	2.444165
262	46.240991	2.903509	0.000000	91.400000	2.469583
263	46.237659	2.923376	0.000000	91.400000	2.475703
264	46.252090	2.925403	0.000000	91.400000	2.448142
265	46.251807	2.973370	0.000000	91.400000	2.420783
266	46.254396	3.002346	0.000000	91.400000	2.565194
267	46.263289	2.986622	0.000000	91.400000	2.423286
268	46.267807	2.942584	0.000000	91.400000	2.440137
269	46.257383	2.970917	0.000000	91.400000	2.400606
270	46.265927	2.995765	0.000000	91.400000	2.303581
271	46.280646	2.969737	0.000000	91.400000	2.326065
272	46.267632	2.881431	0.000000	91.400000	2.307319
273	46.248341	2.876207	0.000000	91.400000	2.397336
274	46.265578	2.879532	0.000000	91.400000	2.324213
275	46.266630	2.930279	0.000000	91.400000	2.300416
276	46.262029	2.964823	0.000000	91.400000	2.398757
277	46.265423	2.958871	0.000000	91.400000	2.477893
278	46.261454	2.900728	0.000000	91.400000	2.388076
279	46.254492	2.989999	0.000000	91.400000	2.363689
280	46.264774	2.946740	0.000000	91.400000	2.396477
281	46.273777	2.916814	0.000000	91.400000	2.506273
282	46.258724	2.927749	0.000000	91.400000	2.473472
283	46.256560	2.981062	0.000000	91.400000	2.466593
284	46.262124	2.933295	0.000000	91.400000	2.472336
285	46.261859	2.945047	0.000000	91.400000	2.479247
286	46.243629	2.946446	0.000000	91.400000	2.464098
287	46.261287	2.927045	0.000000	91.400000	2.369350
288	46.279657	2.972070	0.000000	91.400000	2.304545
289	46.271801	2.982283	0.000000	91.400000	2.493633
290	46.259797	2.867223	0.000000	91.400000	2.483363
291	46.273154	2.890599	0.000000	91.400000	2.426557
292	46.258634	2.907687	0.000000	91.400000	2.425637
293	46.261603	2.876846	0.000000	91.400000	2.496699
294	46.273351	2.830182	0.000000	91.400000	2.493547
295	46.285081	2.900387	0.000000	91.400000	2.570897
296	46.289885	2.895060	0.000000	91.400000	2.470082
297	46.300924	2.849067	0.000000	91.400000	2.309672
298	46.292824	2.823043	0.000000	91.400000	2.306427
299	46.292740	2.767600	0.000000	91.400000	2.295353
300	46.282160	2.837088	0.000000	91.400000	2.515573
301	46.295917	2.891192	0.000000	91.400000	2.309632
302	46.297336	2.929883	0.000000	91.400000	2.640137
303	46.289504	2.889345	0.000000	91.400000	2.515049
304	46.297276	2.884894	0.000000	91.400000	2.455844
305	46.300748	2.857252	0.000000	91.400000	2.399867
306	46.288097	2.754651	0.000000	91.400000	2.322640
307	46.288359	2.821478	0.000000	91.400000	2.293070
308	46.319783	2.916334	0.000000	91.400000	2.299927
309	46.329081	2.796288	0.000000	91.400000	2.408687
310	46.312004	2.841305	0.000000	91.400000	2.395585
311	46.293730	2.712111	0.000000	91.400000	2.497721
312	46.296495	2.802449	0.000000	91.400000	2.403473
313	46.278310	2.843969	0.000000	91.400000	2.381843
314	46.276391	2.825678	0.000000	91.400000	2.374761
315	46.291250	2.973096	0.000000	91.400000	2.294205
316	46.307093	2.917724	0.000000	91.400000	2.306741
317	46.302935	2.852131	0.000000	91.400000	2.310397
318	46.301267	2.886370	0.000000	91.400000	2.301367
319	46.319547	2.785020	0.000000	91.400000	2.293517
320	46.296507	2.704246	0.000000	91.400000	2.511486
321	46.296722	2.722006	0.000000	91.400000	2.306344
322	46.314186	2.740491	0.000000	91.400000	2.679107
323	46.309879	2.751828	0.000000	91.400000	2.492326
324	46.304774	2.778584	0.000000	91.400000	2.283851
325	46.305066	2.815960	0.000000	91.400000	2.390931
326	46.311569	2.925782	0.000000	91.400000	2.304494
327	46.299696	2.909171	0.000000	91.400000	2.391255
328	46.313578	2.874718	0.000000	91.400000	2.321534
329	46.309441	2.881561	0.000000	91.400000	2.388105
330	46.321318	2.972775	0.000000	91.400000	2.614718
331	46.321559	2.957945	0.000000	91.400000	2.370591
332	46.325183	2.955399	0.000000	91.400000	2.318590
333	46.330082	2.970494	0.000000	91.400000	2.310973
334	46.341681	2.994076	0.000000	91.400000	2.298435
335	46.341914	2.858260	0.000000	91.400000	2.302750
336	46.319294	2.891799	0.000000	91.400000	2.314374
337	46.325821	2.866517	0.000000	91.400000	2.291849
338	46.333289	2.878240	0.000000	91.400000	2.280611
339	46.320665	2.841698	0.000000	91.400000	2.281497
340	46.326959	2.890571	0.000000	91.400000	2.300018
341	46.315563	2.830795	0.000000	91.400000	2.399016
342	46.320653	2.847742	0.000000	91.400000	2.311397
343	46.312422	2.918693	0.000000	91.400000	2.303258
344	46.306220	2.888759	0.000000	91.400000	2.371440
345	46.306235	2.961348	0.000000	91.400000	2.338555
346	46.320078	2.888603	0.000000	91.400000	2.505001
347	46.298119	2.945670	0.000000	91.400000	2.316189
348	46.316534	2.951164	0.000000	91.400000	2.503914
349	46.308100	2.898544	0.000000	91.400000	2.289156
350	46.318564	2.823743	0.000000	91.400000	2.410898
351	46.300116	2.950562	0.000000	91.400000	2.297882
352	46.288779	2.931224	0.000000	91.400000	2.314644
353	46.295232	2.864658	0.000000	91.400000	2.305140
354	46.320122	2.862065	0.000000	91.400000	2.294063
355	46.331504	2.985465	0.000000	91.400000	2.297435
356	46.324834	2.969960	0.000000	91.400000	2.307378
357	46.317935	2.911582	0.000000	91.400000	2.311685
358	46.321854	2.884115	0.000000	91.400000	2.282214
359	46.323183	2.932879	0.000000	91.400000	2.264136
360	46.301645	2.959332	0.000000	91.400000	2.289820
361	46.312702	2.926267	0.000000	91.400000	2.288911
362	46.312994	2.891945	0.000000	91.400000	2.308380
363	46.305808	2.861054	0.000000	91.400000	2.310715
364	46.296364	2.901071	0.000000	91.400000	2.332279
365	46.295765	2.906700	0.000000	91.400000	2.307738
366	46.303165	2.955771	0.000000	91.400000	2.298265
367	46.301532	2.901924	0.000000	91.400000	2.306487
368	46.296927	2.978944	0.000000	91.400000	2.299557
369	46.289164	2.912552	0.000000	91.400000	2.294624
370	46.302366	2.840491	0.000000	91.400000	2.304723
371	46.293482	2.902722	0.000000	91.400000	2.314843
372	46.306390	2.960305	0.000000	91.400000	2.311026
373	46.312872	2.973093	0.000000	91.400000	2.289879
374	46.315229	2.962192	0.000000	91.400000	2.302866
375	46.316993	2.933912	0.000000	91.400000	2.316392
376	46.318015	2.929187	0.000000	91.400000	2.315494
377	46.303612	2.887316	0.000000	91.400000	2.310740
378	46.303198	2.942586	0.000000	91.400000	2.295744
379	46.291602	2.856281	0.000000	91.400000	2.316577
380	46.284235	2.898769	0.000000	91.400000	2.529924
381	46.285096	2.858448	0.000000	91.400000	2.524458
382	46.285513	2.856861	0.000000	91.400000	2.361141
383	46.289843	2.890814	0.000000	91.400000	2.412114
384	46.312577	2.879607	0.000000	91.400000	2.387598
385	46.301401	2.900532	0.000000	91.400000	2.457168
386	46.287036	2.891885	0.000000	91.400000	2.376883
387	46.464574	2.952878	0.000000	91.400000	2.373185
388	46.521807	3.050847	0.000000	91.400000	2.390878
389	46.559608	3.013287	0.000000	91.400000	2.483098
390	46.567529	3.044331	0.000000	91.400000	2.362663
391	46.583530	2.960936	0.000000	91.400000	2.400271
392	46.585956	2.960615	0.000000	91.400000	2.497303
393	46.601135	3.001229	0.000000	91.400000	2.392609
394	46.605173	2.958136	0.000000	91.400000	2.391116
395	46.602449	2.981128	0.000000	91.400000	2.638999
396	46.609694	2.870332	0.000000	91.400000	2.374908
397	46.603703	2.940298	0.000000	91.400000	2.477361
398	46.623716	2.918578	0.000000	91.400000	2.383992
399	46.626514	2.904053	0.000000	91.400000	2.536558
400	46.622592	2.895385	0.000000	91.400000	2.522338
401	46.636975	2.899630	0.000000	91.400000	2.421764
402	46.639454	2.964179	0.000000	91.400000	2.444050
403	46.637410	2.978425	0.000000	91.400000	2.429645
404	46.632889	2.890517	0.000000	91.400000	2.407940
405	46.621758	2.963192	0.000000	91.400000	2.497313
406	46.638364	2.929389	0.000000	91.400000	2.502668
407	46.622378	3.012955	0.000000	91.400000	2.535671
408	46.631104	2.931297	0.000000	91.400000	2.502228
409	46.629971	3.000892	0.000000	91.400000	2.306765
410	46.635100	2.965951	0.000000	91.400000	2.589593
411	46.636981	3.065271	0.000000	91.400000	2.291173
412	46.629506	3.018252	0.000000	91.400000	2.317086
413	46.628690	3.036341	0.000000	91.400000	2.310781
414	46.619380	3.001199	0.000000	91.400000	2.301367
415	46.633202	3.022301	0.000000	91.400000	2.307619
416	46.648049	3.018813	0.000000	91.400000	2.303458
417	46.643499	3.023857	0.000000	91.400000	2.306667
418	46.633995	2.963889	0.000000	91.400000	2.303751
419	46.648282	3.034035	0.000000	91.400000	2.298884
420	46.655762	3.068392	0.000000	91.400000	2.312427
421	46.653277	3.019963	0.000000	91.400000	2.309550
422	46.642625	3.083640	0.000000	91.400000	2.311960
423	46.658766	2.986194	0.000000	91.400000	2.295594
424	46.641475	2.971492	0.000000	91.400000	2.307148
425	46.646243	2.925740	0.000000	91.400000	2.348113
426	46.652627	2.863750	0.000000	91.400000	2.388638
427	46.631485	2.936689	0.000000	91.400000	2.423411
428	46.638268	2.929989	0.000000	91.400000	2.413235
429	46.643960	2.921637	0.000000	91.400000	2.356617
430	46.644452	2.971661	0.000000	91.400000	2.424792
431	46.649534	2.984943	0.000000	91.400000	2.392580
432	46.635789	3.002631	0.000000	91.400000	2.303043
433	46.640760	3.089360	0.000000	91.400000	2.441445
434	46.637154	2.979478	0.000000	91.400000	2.512769
435	46.636713	3.045987	0.000000	91.400000	2.445137
436	46.626651	3.036566	0.000000	91.400000	2.328612
437	46.637082	2.947830	0.000000	91.400000	2.326924
438	46.640527	2.967483	0.000000	91.400000	2.310117
439	46.626186	2.941579	0.000000	91.400000	2.325653
440	46.645612	2.922042	0.000000	91.400000	2.425002
441	46.635276	3.016939	0.000000	91.400000	2.420002
442	46.643555	2.984111	0.000000	91.400000	2.323127
443	46.642894	2.908036	0.000000	91.400000	2.402130
444	46.650317	2.928191	0.000000	91.400000	2.430305
445	46.642503	2.984944	0.000000	91.400000	2.574103
446	46.651596	2.876997	0.000000	91.400000	2.411737
447	46.656993	2.908691	0.000000	91.400000	2.510648
448	46.674234	2.906601	0.000000	91.400000	2.415371
449	46.659330	2.911873	0.000000	91.400000	2.488248
450	46.669585	2.821239	0.000000	91.400000	2.508800
451	46.646583	2.916612	0.000000	91.400000	2.413613
452	46.665439	2.971236	0.000000	91.400000	2.578436
453	46.661115	2.963218	0.000000	91.400000	2.502087
454	46.653736	3.015216	0.000000	91.400000	2.502976
455	46.655610	2.957115	0.000000	91.400000	2.504457
456	46.655500	2.972321	0.000000	91.400000	2.500510
457	46.647215	2.945012	0.000000	91.400000	2.492867
458	46.641073	2.922649	0.000000	91.400000	2.562461
459	46.639568	2.960290	0.000000	91.400000	2.401197
460	46.639380	3.028659	0.000000	91.400000	2.504030
461	46.647859	2.934911	0.000000	91.400000	2.484705
462	46.645859	2.952669	0.000000	91.400000	2.496901
463	46.657789	2.996873	0.000000	91.400000	2.483451
464	46.663016	3.007895	0.000000	91.400000	2.475515
465	46.660167	2.997035	0.000000	91.400000	2.507819
466	46.664733	3.022603	0.000000	91.400000	2.494566
467	46.663493	3.052843	0.000000	91.400000	2.492057
468	46.666494	3.013761	0.000000	91.400000	2.498062
469	46.670520	2.983862	0.000000	91.400000	2.499048
470	46.656975	2.992327	0.000000	91.400000	2.487279
471	46.650222	3.004681	0.000000	91.400000	2.480705
472	46.654379	2.974543	0.000000	91.400000	2.489987
473	46.666938	2.961867	0.000000	91.400000	2.400450
474	46.662241	2.980472	0.000000	91.400000	2.516623
475	46.664131	2.995871	0.000000	91.400000	2.385639
476	46.662605	3.036356	0.000000	91.400000	2.325339
477	46.649125	3.027344	0.000000	91.400000	2.328840
478	46.658331	2.984859	0.000000	91.400000	2.531284
479	46.658897	3.023425	0.000000	91.400000	2.600480
480	46.661448	2.951554	0.000000	91.400000	2.587166
481	46.676415	2.924110	0.000000	91.400000	2.507951
482	46.661425	2.981274	0.000000	91.400000	2.504053
483	46.659806	3.042743	0.000000	91.400000	2.325427
484	46.673262	3.053627	0.000000	91.400000	2.418231
485	46.651968	3.044462	0.000000	91.400000	2.329796
486	46.664166	3.046799	0.000000	91.400000	2.330195
487	46.680173	3.036771	0.000000	91.400000	2.405992
488	46.674660	2.970587	0.000000	91.400000	2.403902
489	46.663269	2.942750	0.000000	91.400000	2.417487
490	46.674487	3.047943	0.000000	91.400000	2.300914
491	46.667576	3.083632	0.000000	91.400000	2.456114
492	46.679470	3.009948	0.000000	91.400000	2.499989
493	46.671021	3.035740	0.000000	91.400000	2.471085
494	46.671462	3.049015	0.000000	91.400000	2.479836
495	46.678108	3.005380	0.000000	91.400000	2.455283
496	46.677130	2.986432	0.000000	91.400000	2.640247
497	46.681663	2.987413	0.000000	91.400000	2.406045
498	46.672735	2.922690	0.000000	91.400000	2.549501
499	46.674269	3.002269	0.000000	91.400000	2.445973
500	46.668786	2.984754	0.000000	91.400000	2.512978
501	46.685785	3.006384	0.000000	91.400000	2.438254
502	46.677405	2.954657	0.000000	91.400000	2.425452
503	46.677971	2.990918	0.000000	91.400000	2.304573
504	46.682161	2.990729	0.000000	91.400000	2.319743
505	46.675676	3.031299	0.000000	91.400000	2.419558
506	46.680623	2.978906	0.000000	91.400000	2.351611
507	46.662855	3.054285	0.000000	91.400000	2.313378
508	46.678644	2.973160	0.000000	91.400000	2.411474
509	46.673402	3.068868	0.000000	91.400000	2.394995
510	46.683019	3.048086	0.000000	91.400000	2.500583
511	46.667981	3.089726	0.000000	91.400000	2.510202
512	46.678710	3.054745	0.000000	91.400000	2.514890
513	46.683919	2.990729	0.000000	91.400000	2.507920
514	46.663427	3.055837	0.000000	91.400000	2.515741
515	46.657884	3.090136	0.000000	91.400000	2.504556
516	46.667379	3.045007	0.000000	91.400000	2.510635
517	46.665508	3.045627	0.000000	91.400000	2.504152
518	46.667144	3.028393	0.000000	91.400000	2.507802
519	46.663806	3.023501	0.000000	91.400000	2.509460
520	46.656466	3.081030	0.000000	91.400000	2.511629
521	46.644878	3.007189	0.000000	91.400000	2.407495
522	46.653250	3.008257	0.000000	91.400000	2.403473
523	46.649069	3.019090	0.000000	91.400000	2.506142
524	46.656013	3.000800	0.000000	91.400000	2.298926
525	46.657223	2.984601	0.000000	91.400000	2.327464
526	46.652395	2.946796	0.000000	91.400000	2.352728
527	46.644381	2.943490	0.000000	91.400000	2.491531
528	46.645242	3.014874	0.000000	91.400000	2.501190
529	46.647787	2.977900	0.000000	91.400000	2.487340
530	46.665329	3.003827	0.000000	91.400000	2.392087
531	46.662146	2.977713	0.000000	91.400000	2.312047
532	46.665317	3.002853	0.000000	91.400000	2.418154
533	46.671104	3.071711	0.000000	91.400000	2.414342
534	46.664682	3.007294	0.000000	91.400000	2.296551
535	46.673751	2.974257	0.000000	91.400000	2.405079
536	46.677756	2.917328	0.000000	91.400000	2.304930
537	46.664780	2.954616	0.000000	91.400000	2.315293
538	46.680927	2.942749	0.000000	91.400000	2.327904
539	46.680611	2.903931	0.000000	91.400000	2.331391
540	46.669903	2.888072	0.000000	91.400000	2.511922
541	46.663392	2.957728	0.000000	91.400000	2.312491
542	46.657717	2.949585	0.000000	91.400000	2.408524
543	46.663630	2.979407	0.000000	91.400000	2.472527
544	46.656668	2.993497	0.000000	91.400000	2.468799
545	46.656868	3.002786	0.000000	91.400000	2.404106
546	46.673691	2.982909	0.000000	91.400000	2.488791
547	46.671236	3.021866	0.000000	91.400000	2.303077
548	46.664131	2.998983	0.000000	91.400000	2.327855
549	46.652663	2.928744	0.000000	91.400000	2.414958
550	46.655571	2.945194	0.000000	91.400000	2.351910
551	46.645993	2.907499	0.000000	91.400000	2.315060
552	46.662718	2.955499	0.000000	91.400000	2.320855
553	46.829623	3.053050	0.000000	91.400000	2.411051
554	46.868455	3.051742	0.000000	91.400000	2.298188
555	46.900317	2.993008	0.000000	91.400000	2.466892
556	46.914500	3.033530	0.000000	91.400000	2.533705
557	46.932963	3.031573	0.000000	91.400000	2.400320
558	46.937209	3.074017	0.000000	91.400000	2.323362
559	46.932042	3.054219	0.000000	91.400000	2.336864
560	46.930620	3.052590	0.000000	91.400000	2.339180
561	46.932453	3.008816	0.000000	91.400000	2.319797
562	46.939832	2.981223	0.000000	91.400000	2.324742
563	46.945852	2.973881	0.000000	91.400000	2.410547
564	46.944460	2.951533	0.000000	91.400000	2.494220
565	46.953809	2.995048	0.000000	91.400000	2.406339
566	46.942815	2.979373	0.000000	91.400000	2.422107
567	46.950734	2.984513	0.000000	91.400000	2.488256
568	46.948960	2.993101	0.000000	91.400000	2.319228
569	46.962643	3.004558	0.000000	91.400000	2.513965
570	46.970209	3.003057	0.000000	91.400000	2.509168
571	46.970454	3.034206	0.000000	91.400000	2.498469
572	46.974650	3.001259	0.000000	91.400000	2.324382
573	46.971050	2.984476	0.000000	91.400000	2.419802
574	46.967959	3.006431	0.000000	91.400000	2.414267
575	46.962178	2.990997	0.000000	91.400000	2.411642
576	46.969211	3.015136	0.000000	91.400000	2.310567
577	46.969837	3.047302	0.000000	91.400000	2.311918
578	46.979812	3.020322	0.000000	91.400000	2.428751
579	46.980888	3.075515	0.000000	91.400000	2.412966
580	46.978623	3.056892	0.000000	91.400000	2.292456
581	46.980011	3.027101	0.000000	91.400000	2.317471
582	46.978104	3.062340	0.000000	91.400000	2.339178
583	46.963951	3.060785	0.000000	91.400000	2.320488
584	46.977478	2.980623	0.000000	91.400000	2.316850
585	46.979442	3.014751	0.000000	91.400000	2.329605
586	46.980393	3.007329	0.000000	91.400000	2.317718
587	46.968371	3.063004	0.000000	91.400000	2.398862
588	46.985346	3.075200	0.000000	91.400000	2.496559
589	46.982777	3.099074	0.000000	91.400000	2.410584
590	46.983904	3.090468	0.000000	91.400000	2.489721
591	46.979320	3.062802	0.000000	91.400000	2.349364
592	46.983260	3.010126	0.000000	91.400000	2.469395
593	46.976829	3.068998	0.000000	91.400000	2.482150
594	46.982181	3.037489	0.000000	91.400000	2.328938
595	46.968168	3.048348	0.000000	91.400000	2.390203
596	46.982533	3.079547	0.000000	91.400000	2.505918
597	46.986517	3.062210	0.000000	91.400000	2.426124
598	46.973747	3.072152	0.000000	91.400000	2.482116
599	46.983770	3.103302	0.000000	91.400000	2.413539
600	46.979409	3.123511	0.000000	91.400000	2.337735
601	46.978509	3.154770	0.000000	91.400000	2.309033
602	46.975371	3.097995	0.000000	91.400000	2.419077
603	46.984038	3.085074	0.000000	91.400000	2.507995
604	46.986216	3.039001	0.000000	91.400000	2.404387
605	46.987471	3.080055	0.000000	91.400000	2.417568
606	46.983784	3.080712	0.000000	91.400000	2.291329
607	46.990994	3.029874	0.000000	91.400000	2.497318
608	46.993268	3.050261	0.000000	91.400000	2.400085
609	46.991062	3.065359	0.000000	91.400000	2.561899
610	46.983531	3.005766	0.000000	91.400000	2.483246
611	46.987012	3.030761	0.000000	91.400000	2.473191
612	46.981734	3.011753	0.000000	91.400000	2.578690
613	46.985543	2.977972	0.000000	91.400000	2.403997
614	46.980518	3.040463	0.000000	91.400000	2.579356
615	46.993062	3.023724	0.000000	91.400000	2.471931
616	46.998626	3.039140	0.000000	91.400000	2.417986
617	46.996707	3.043387	0.000000	91.400000	2.419319
618	46.996528	3.067755	0.000000	91.400000	2.327658
619	46.982393	3.094123	0.000000	91.400000	2.318279
620	46.994504	3.085397	0.000000	91.400000	2.297604
621	47.007075	3.111850	0.000000	91.400000	2.410455
622	47.005481	3.075307	0.000000	91.400000	2.485633
623	46.994922	3.072648	0.000000	91.400000	2.517541
624	47.003838	3.088633	0.000000	91.400000	2.312000
625	46.996439	3.122785	0.000000	91.400000	2.305300
626	46.994466	3.030327	0.000000	91.400000	2.417072
627	46.987769	3.100549	0.000000	91.400000	2.472224
628	46.994448	3.060994	0.000000	91.400000	2.500466
629	47.001487	3.097588	0.000000	91.400000	2.477686
630	47.004431	3.089627	0.000000	91.400000	2.496122
631	46.992391	3.043765	0.000000	91.400000	2.487477
632	46.999538	3.023954	0.000000	91.400000	2.492748
633	46.997041	3.101106	0.000000	91.400000	2.498446
634	47.007316	3.047823	0.000000	91.400000	2.499225
635	47.008312	3.039003	0.000000	91.400000	2.399327
636	47.006249	3.036800	0.000000	91.400000	2.419014
637	47.002059	2.990892	0.000000	91.400000	2.479942
638	46.991014	3.030406	0.000000	91.400000	2.392189
639	46.997589	3.085336	0.000000	91.400000	2.326626
640	46.990749	3.066405	0.000000	91.400000	2.499547
641	46.994078	3.058759	0.000000	91.400000	2.505723
642	47.005206	3.080827	0.000000	91.400000	2.505480
643	47.012821	3.031565	0.000000	91.400000	2.557522
644	47.008282	3.054810	0.000000	91.400000	2.366928
645	47.001350	3.076292	0.000000	91.400000	2.328572
646	47.007042	3.087116	0.000000	91.400000	2.400502
647	47.002634	3.065382	0.000000	91.400000	2.317971
648	46.983954	3.066183	0.000000	91.400000	2.316609
649	46.981102	3.126205	0.000000	91.400000	2.305673
650	46.973965	3.077475	0.000000	91.400000	2.311110
651	46.979338	3.059525	0.000000	91.400000	2.459796
652	46.991417	3.113572	0.000000	91.400000	2.480962
653	47.002912	3.141038	0.000000	91.400000	2.482087
654	46.988600	3.109321	0.000000	91.400000	2.368771
655	47.000653	3.108309	0.000000	91.400000	2.539857
656	47.001022	3.137921	0.000000	91.400000	2.660598
657	47.010949	3.131374	0.000000	91.400000	2.487017
658	47.006190	3.155489	0.000000	91.400000	2.487713
659	47.008803	3.183486	0.000000	91.400000	2.388603
660	47.009677	3.144276	0.000000	91.400000	2.562114
661	47.010976	3.093300	0.000000	91.400000	2.479946
662	47.006804	3.114991	0.000000	91.400000	2.338508
663	47.005981	3.126823	0.000000	91.400000	2.346894
664	47.006851	3.171265	0.000000	91.400000	2.295029
665	47.006345	3.183666	0.000000	91.400000	2.312671
666	47.007042	3.185904	0.000000	91.400000	2.419472
667	47.006434	3.163828	0.000000	91.400000	2.308116
668	47.010002	3.162400	0.000000	91.400000	2.401366
669	47.009003	3.138844	0.000000	91.400000	2.548247
670	47.007960	3.131395	0.000000	91.400000	2.417137
671	47.007793	3.119360	0.000000	91.400000	2.306234
672	46.996546	3.138807	0.000000	91.400000	2.319861
673	47.005606	3.131719	0.000000	91.400000	2.328196
674	47.002178	3.141404	0.000000	91.400000	2.356637
675	47.000000	3.115235	0.000000	91.400000	2.326436
676	47.004598	3.099574	0.000000	91.400000	2.313123
677	47.004482	3.110630	0.000000	91.400000	2.414144
678	47.003895	3.092336	0.000000	91.400000	2.392801
679	47.000122	3.059469	0.000000	91.400000	2.291901
680	47.000748	3.039831	0.000000	91.400000	2.325401
681	46.992600	3.064287	0.000000	91.400000	2.522660
682	46.996000	3.092009	0.000000	91.400000	2.297759
683	47.000617	3.047957	0.000000	91.400000	2.324576
684	46.999550	3.025084	0.000000	91.400000	2.410472
685	46.994585	3.063703	0.000000	91.400000	2.344081
686	46.988803	3.138638	0.000000	91.400000	2.314250
687	46.984255	3.119038	0.000000	91.400000	2.410601
688	46.993303	3.087495	0.000000	91.400000	2.392534
689	46.984577	3.070058	0.000000	91.400000	2.513618
690	46.992198	3.052197	0.000000	91.400000	2.505342
691	46.996763	3.125961	0.000000	91.400000	2.511446
692	46.992731	3.136931	0.000000	91.400000	2.502628
693	46.999562	3.158758	0.000000	91.400000	2.508066
694	46.995860	3.123430	0.000000	91.400000	2.487927
695	47.148949	3.152232	0.000000	91.400000	2.414637
696	47.178784	3.132556	0.000000	91.400000	2.505405
697	47.198004	3.187146	0.000000	91.400000	2.497353
698	47.208112	3.179030	0.000000	91.400000	2.509829
699	47.215104	3.178305	0.000000	91.400000	2.409003
700	47.221699	3.147724	0.000000	91.400000	2.494690
701	47.225964	3.151345	0.000000	91.400000	2.489243
702	47.227329	3.148280	0.000000	91.400000	2.495080
703	47.229713	3.182801	0.000000	91.400000	2.493279
704	47.236538	3.131103	0.000000	91.400000	2.493668
705	47.234279	3.178569	0.000000	91.400000	2.499926
706	47.237256	3.186273	0.000000	91.400000	2.418093
707	47.239459	3.202823	0.000000	91.400000	2.565752
708	47.244203	3.188224	0.000000	91.400000	2.491668
709	47.236043	3.182157	0.000000	91.400000	2.480354
710	47.242439	3.187755	0.000000	91.400000	2.495492
711	47.242749	3.166582	0.000000	91.400000	2.472769
712	47.244671	3.175165	0.000000	91.400000	2.518285
713	47.249258	3.194592	0.000000	91.400000	2.402575
714	47.247800	3.211003	0.000000	91.400000	2.491001
715	47.251743	3.212096	0.000000	91.400000	2.505588
716	47.249192	3.167159	0.000000	91.400000	2.505051
717	47.253734	3.200311	0.000000	91.400000	2.418900
718	47.250861	3.174760	0.000000	91.400000	2.497412
719	47.249839	3.161106	0.000000	91.400000	2.496035
720	47.255468	3.184394	0.000000	91.400000	2.490856
721	47.256017	3.185374	0.000000	91.400000	2.471428
722	47.261214	3.154001	0.000000	91.400000	2.502301
723	47.255343	3.191724	0.000000	91.400000	2.494421
724	47.251353	3.213679	0.000000	91.400000	2.491050
725	47.260869	3.190871	0.000000	91.400000	2.502320
726	47.249699	3.141525	0.000000	91.400000	2.513863
727	47.248566	3.156743	0.000000	91.400000	2.405838
728	47.252792	3.111542	0.000000	91.400000	2.515358
729	47.256708	3.152405	0.000000	91.400000	2.402231
730	47.258630	3.143668	0.000000	91.400000	2.498248
731	47.249669	3.162895	0.000000	91.400000	2.486029
732	47.259107	3.170165	0.000000	91.400000	2.503195
733	47.269604	3.154348	0.000000	91.400000	2.393213
734	47.269589	3.135089	0.000000	91.400000	2.487421
735	47.263858	3.139024	0.000000	91.400000	2.478283
736	47.267815	3.136425	0.000000	91.400000	2.500884
737	47.266489	3.151891	0.000000	91.400000	2.504733
738	47.266513	3.131798	0.000000	91.400000	2.497482
739	47.266191	3.144459	0.000000	91.400000	2.406778
740	47.268605	3.135186	0.000000	91.400000	2.405600
741	47.268549	3.138374	0.000000	91.400000	2.481487
742	47.272569	3.148959	0.000000	91.400000	2.403399
743	47.269654	3.171833	0.000000	91.400000	2.296150
744	47.261620	3.162755	0.000000	91.400000	2.334281
745	47.264069	3.177713	0.000000	91.400000	2.411077
746	47.264424	3.214501	0.000000	91.400000	2.430501
747	47.265673	3.203844	0.000000	91.400000	2.319859
748	47.269881	3.210068	0.000000	91.400000	2.321632
749	47.270858	3.199577	0.000000	91.400000	2.412965
750	47.271550	3.185261	0.000000	91.400000	2.420668
751	47.276309	3.208512	0.000000	91.400000	2.387264
752	47.273722	3.198898	0.000000	91.400000	2.295060
753	47.273672	3.206162	0.000000	91.400000	2.449497
754	47.269940	3.230314	0.000000	91.400000	2.521563
755	47.271362	3.200423	0.000000	91.400000	2.495267
756	47.266781	3.176355	0.000000	91.400000	2.492383
757	47.268006	3.175739	0.000000	91.400000	2.509465
758	47.270319	3.172294	0.000000	91.400000	2.497446
759	47.265750	3.204933	0.000000	91.400000	2.399756
760	47.265506	3.186538	0.000000	91.400000	2.409802
761	47.269687	3.203266	0.000000	91.400000	2.556175
762	47.274068	3.183316	0.000000	91.400000	2.474546
763	47.272661	3.178163	0.000000	91.400000	2.481070
764	47.275555	3.179787	0.000000	91.400000	2.495904
765	47.269326	3.230321	0.000000	91.400000	2.481677
766	47.269094	3.203512	0.000000	91.400000	2.465981
767	47.272632	3.218767	0.000000	91.400000	2.518373
768	47.274423	3.171463	0.000000	91.400000	2.509037
769	47.273985	3.161724	0.000000	91.400000	2.438745
770	47.280437	3.175035	0.000000	91.400000	2.610058
771	47.278130	3.164371	0.000000	91.400000	2.485214
772	47.279292	3.178809	0.000000	91.400000	2.465489
773	47.276682	3.198888	0.000000	91.400000	2.600062
774	47.281420	3.221363	0.000000	91.400000	2.405174
775	47.284344	3.194818	0.000000	91.400000	2.575729
776	47.282428	3.221921	0.000000	91.400000	2.493722
777	47.282130	3.211992	0.000000	91.400000	2.472844
778	47.280264	3.238540	0.000000	91.400000	2.514482
779	47.280365	3.216089	0.000000	91.400000	2.396958
780	47.281435	3.235330	0.000000	91.400000	2.540502
781	47.280526	3.203764	0.000000	91.400000	2.472865
782	47.284114	3.232893	0.000000	91.400000	2.496015
783	47.279727	3.172892	0.000000	91.400000	2.420883
784	47.281593	3.222572	0.000000	91.400000	2.331591
785	47.279492	3.215530	0.000000	91.400000	2.423168
786	47.285116	3.188456	0.000000	91.400000	2.334858
787	47.285336	3.238274	0.000000	91.400000	2.321684
788	47.279891	3.248828	0.000000	91.400000	2.324357
789	47.287083	3.217838	0.000000	91.400000	2.325120
790	47.284520	3.198057	0.000000	91.400000	2.514743
791	47.291264	3.200590	0.000000	91.400000	2.492813
792	47.284123	3.219795	0.000000	91.400000	2.416469
793	47.282815	3.199052	0.000000	91.400000	2.509919
794	47.280717	3.231633	0.000000	91.400000	2.496540
795	47.284716	3.231458	0.000000	91.400000	2.410350
796	47.284877	3.216246	0.000000	91.400000	2.491347
797	47.284606	3.218433	0.000000	91.400000	2.497505
798	47.285658	3.230944	0.000000	91.400000	2.489642
799	47.285378	3.255495	0.000000	91.400000	2.488172
800	47.279695	3.228741	0.000000	91.400000	2.412314
801	47.274381	3.226001	0.000000	91.400000	2.396065
802	47.285271	3.178254	0.000000	91.400000	2.495780
803	47.282439	3.218820	0.000000	91.400000	2.378167
804	47.286069	3.252970	0.000000	91.400000	2.324881
805	47.285706	3.266146	0.000000	91.400000	2.320934
806	47.287256	3.293093	0.000000	91.400000	2.413330
807	47.287035	3.316973	0.000000	91.400000	2.313485
808	47.284395	3.277100	0.000000	91.400000	2.312103
809	47.278559	3.269716	0.000000	91.400000	2.402636
810	47.283763	3.240703	0.000000	91.400000	2.366506
811	47.286758	3.267091	0.000000	91.400000	2.398674
812	47.289512	3.240302	0.000000	91.400000	2.594944
813	47.290659	3.212623	0.000000	91.400000	2.396664
814	47.285104	3.176951	0.000000	91.400000	2.567367
815	47.290695	3.174746	0.000000	91.400000	2.441702
816	47.290742	3.157025	0.000000	91.400000	2.358513
817	47.287697	3.164288	0.000000	91.400000	2.344229
818	47.286171	3.211545	0.000000	91.400000	2.315588
819	47.286257	3.210365	0.000000	91.400000	2.321831
820	47.293124	3.208146	0.000000	91.400000	2.339988
821	47.294345	3.220710	0.000000	91.400000	2.309810
822	47.291487	3.247498	0.000000	91.400000	2.484570
823	47.291112	3.210669	0.000000	91.400000	2.508950
824	47.298592	3.216891	0.000000	91.400000	2.479233
825	47.298613	3.226205	0.000000	91.400000	2.480074
826	47.289920	3.254025	0.000000	91.400000	2.381732
827	47.292775	3.228237	0.000000	91.400000	2.303549
828	47.292197	3.215493	0.000000	91.400000	2.502136
829	47.298992	3.235828	0.000000	91.400000	2.560830
830	47.288513	3.250819	0.000000	91.400000	2.358581
831	47.289091	3.263674	0.000000	91.400000	2.501881
832	47.284260	3.222545	0.000000	91.400000	2.567976
833	47.289294	3.207495	0.000000	91.400000	2.344455
834	47.291377	3.274134	0.000000	91.400000	2.335297
835	47.292700	3.260143	0.000000	91.400000	2.498152
836	47.293150	3.257627	0.000000	91.400000	2.507616
837	47.291595	3.234722	0.000000	91.400000	2.353287
838	47.296605	3.221467	0.000000	91.400000	2.326077
839	47.296762	3.225136	0.000000	91.400000	2.320205
840	47.308296	3.252335	0.000000	91.400000	2.413662
841	47.303158	3.269230	0.000000	91.400000	2.404485
842	47.294772	3.247824	0.000000	91.400000	2.395963
843	47.297257	3.241855	0.000000	91.400000	2.299185
844	47.299117	3.245153	0.000000	91.400000	2.587136
845	47.300494	3.244075	0.000000	91.400000	2.487266
846	47.295976	3.244952	0.000000	91.400000	2.486826
847	47.293693	3.247617	0.000000	91.400000	2.478609
848	47.288924	3.227190	0.000000	91.400000	2.447950
849	47.293130	3.302633	0.000000	91.400000	2.357664
850	47.295159	3.286996	0.000000	91.400000	2.318996
851	47.295767	3.273976	0.000000	91.400000	2.309472
852	47.289112	3.232340	0.000000	91.400000	2.417321
853	47.298878	3.245971	0.000000	91.400000	2.316105
854	47.298011	3.251006	0.000000	91.400000	2.313998
855	47.292006	3.225566	0.000000	91.400000	2.490317
856	47.301486	3.221126	0.000000	91.400000	2.381620
857	47.300971	3.251125	0.000000	91.400000	2.564457
858	47.300649	3.268125	0.000000	91.400000	2.514905
859	47.301275	3.278949	0.000000	91.400000	2.509860
860	47.301799	3.271920	0.000000	91.400000	2.517132
861	47.297865	3.258067	0.000000	91.400000	2.496090
862	47.299564	3.251155	0.000000	91.400000	2.410995
863	47.301930	3.268887	0.000000	91.400000	2.496774
864	47.300020	3.303691	0.000000	91.400000	2.413587
865	47.304124	3.293227	0.000000	91.400000	2.313713
866	47.303784	3.269503	0.000000	91.400000	2.356295
867	47.306257	3.282552	0.000000	91.400000	2.398326
868	47.302759	3.240655	0.000000	91.400000	2.320259
869	47.300550	3.258047	0.000000	91.400000	2.510962
870	47.301221	3.291036	0.000000	91.400000	2.500170
871	47.303852	3.274492	0.000000	91.400000	2.496662
872	47.294557	3.274652	0.000000	91.400000	2.511340
873	47.298646	3.260192	0.000000	91.400000	2.606921
874	47.299510	3.209736	0.000000	91.400000	2.398111
875	47.300273	3.279978	0.000000	91.400000	2.358599
876	47.305459	3.245443	0.000000	91.400000	2.320826
877	47.303319	3.216466	0.000000	91.400000	2.330739
878	47.304916	3.283609	0.000000	91.400000	2.399652
879	47.296947	3.302007	0.000000	91.400000	2.402487
880	47.298169	3.267847	0.000000	91.400000	2.303870
881	47.292539	3.279414	0.000000	91.400000	2.489000
882	47.295189	3.298575	0.000000	91.400000	2.399460
883	47.296810	3.234948	0.000000	91.400000	2.599312
884	47.300926	3.303334	0.000000	91.400000	2.408174
885	47.296467	3.291309	0.000000	91.400000	2.580060
886	47.297335	3.286961	0.000000	91.400000	2.468597
887	47.299963	3.265185	0.000000	91.400000	2.318000
888	47.297096	3.271135	0.000000	91.400000	2.512043
889	47.290269	3.245105	0.000000	91.400000	2.396905
890	47.292763	3.220505	0.000000	91.400000	2.297015
891	47.298497	3.220541	0.000000	91.400000	2.088054
892	47.339207	3.234913	0.000000	91.400000	2.121784
893	47.341585	3.244517	0.000000	91.400000	2.120579
894	47.342530	3.250985	0.000000	91.400000	2.230393
895	47.342914	3.251621	0.000000	91.400000	2.129471
896	47.343406	3.251914	0.000000	91.400000	2.306019
897	47.343546	3.254189	0.000000	91.400000	2.102879
898	47.343299	3.252588	0.000000	91.400000	2.115380
899	47.343183	3.253340	0.000000	91.400000	2.197698
900	47.343299	3.253078	0.000000	91.400000	2.229913
901	47.343689	3.253341	0.000000	91.400000	2.183060
902	47.343725	3.253352	0.000000	91.400000	2.199841
903	47.343749	3.253246	0.000000	91.400000	2.301483
904	47.343716	3.253933	0.000000	91.400000	2.125109
905	47.343773	3.254177	0.000000	91.400000	2.098524
906	47.343773	3.254190	0.000000	91.400000	2.117985
907	47.343773	3.254190	0.000000	91.400000	2.118614
908	47.343773	3.254190	0.000000	91.400000	2.222924
909	47.343773	3.254190	0.000000	91.400000	2.211032
910	47.343773	3.254190	0.000000	91.400000	2.192036
911	47.343773	3.254190	0.000000	91.400000	2.110233
912	47.343773	3.254190	0.000000	91.400000	2.110554
913	47.343773	3.254190	0.000000	91.400000	2.136572
914	47.343773	3.254190	0.000000	91.400000	2.120908
915	47.343773	3.254190	0.000000	91.400000	2.212800
916	47.343773	3.254190	0.000000	91.400000	2.099889
917	47.343773	3.254190	0.000000	91.400000	2.203451
918	47.343773	3.254190	0.000000	91.400000	2.117086
919	47.343773	3.254190	0.000000	91.400000	2.108900
920	47.343773	3.254190	0.000000	91.400000	2.341414
921	47.343773	3.254190	0.000000	91.400000	2.081326
922	47.343773	3.254190	0.000000	91.400000	2.124241
923	47.343773	3.254190	0.000000	91.400000	2.122982
924	47.343773	3.254190	0.000000	91.400000	2.134640
925	47.343773	3.254190	0.000000	91.400000	2.113799
926	47.343773	3.254190	0.000000	91.400000	2.119952
927	47.343773	3.254190	0.000000	91.400000	2.224791
928	47.343773	3.254190	0.000000	91.400000	2.149874
929	47.343773	3.254190	0.000000	91.400000	2.114499
930	47.343773	3.254190	0.000000	91.400000	2.184234
931	47.343773	3.254190	0.000000	91.400000	2.118029
932	47.343773	3.254190	0.000000	91.400000	2.326032
933	47.343773	3.254190	0.000000	91.400000	2.120210
934	47.343773	3.254190	0.000000	91.400000	2.118828
935	47.343773	3.254190	0.000000	91.400000	2.332048
936	47.343773	3.254190	0.000000	91.400000	2.097729
937	47.343773	3.254190	0.000000	91.400000	2.113354
938	47.343773	3.254190	0.000000	91.400000	2.213076
939	47.343773	3.254190	0.000000	91.400000	2.177265
940	47.343773	3.254190	0.000000	91.400000	2.103142
941	47.343773	3.254190	0.000000	91.400000	2.119100
942	47.343773	3.254190	0.000000	91.400000	2.123312
943	47.343773	3.254190	0.000000	91.400000	2.141915
944	47.343773	3.254190	0.000000	91.400000	2.210755
945	47.343773	3.254190	0.000000	91.400000	2.104437
946	47.343773	3.254190	0.000000	91.400000	2.114576
947	47.343773	3.254190	0.000000	91.400000	2.117579
948	47.343773	3.254190	0.000000	91.400000	2.213984
949	47.343773	3.254190	0.000000	91.400000	2.104577
950	47.343773	3.254190	0.000000	91.400000	2.125754
951	47.343773	3.254190	0.000000	91.400000	2.148797
