1	30.387831	5.961869	0.000000	91.400000	2.303734
2	36.724085	8.997112	0.000000	91.400000	2.294205
3	40.199110	10.142747	0.000000	91.400000	2.373134
4	42.193395	10.678835	0.000000	91.400000	2.362233
5	43.404710	10.958162	0.000000	91.400000	2.470987
6	44.175833	11.029607	0.000000	91.400000	2.460327
7	44.676411	10.960970	0.000000	91.400000	2.371657
8	45.052201	11.033735	0.000000	91.400000	2.475696
9	45.331341	11.010767	0.000000	91.400000	2.452899
10	45.585850	10.980157	0.000000	91.400000	2.472723
11	45.772034	11.093972	0.000000	91.400000	2.461055
12	45.933878	11.158786	0.000000	91.400000	2.386687
13	46.071985	11.133054	0.000000	91.400000	2.475826
14	46.187884	11.118883	0.000000	91.400000	2.469362
15	46.270323	11.059292	0.000000	91.400000	2.370135
16	46.345830	11.148236	0.072939	91.400000	2.393404
17	46.422094	11.177540	0.000000	91.400000	2.449398
18	46.479610	11.202353	0.000000	91.400000	2.273449
19	46.534324	11.126826	0.000000	91.400000	2.298407
20	46.599281	11.184977	0.000000	91.400000	2.479466
21	46.645910	11.233245	0.072939	91.400000	2.475576
22	46.678156	11.225265	0.145879	91.400000	2.472498
23	46.727544	11.348888	0.072939	91.400000	2.493796
24	46.756575	11.344540	0.072939	91.400000	2.302594
25	46.764609	11.297306	0.072939	91.400000	2.294075
26	46.790260	11.267280	0.072939	91.400000	2.310741
27	46.816450	11.307008	0.072939	91.400000	2.305869
28	46.834403	11.347848	0.145879	91.400000	2.307495
29	46.858943	11.275938	0.145879	91.400000	2.388087
30	46.860567	11.379201	0.072939	91.400000	2.288151
31	46.865046	11.311391	0.072939	91.400000	2.356624
32	46.887302	11.334371	0.072939	91.400000	2.395407
33	46.894640	11.356352	0.072939	91.400000	2.480199
34	46.896428	11.424651	0.072939	91.400000	2.432019
35	46.917769	11.429375	0.072939	91.400000	2.404532
36	46.947783	11.350361	0.072939	91.400000	2.544306
37	46.942580	11.358531	0.145879	91.400000	2.377949
38	46.951765	11.401880	0.072939	91.400000	2.392433
39	46.968716	11.329190	0.218818	91.400000	2.383138
40	46.980679	11.307282	0.145879	91.400000	2.378248
41	46.985224	11.283631	0.145879	91.400000	2.275597
42	46.982861	11.279904	0.145879	91.400000	2.306430
43	46.986040	11.245305	0.145879	91.400000	2.308767
44	46.998057	11.313978	0.145879	91.400000	2.401707
45	47.005308	11.327605	0.000000	91.400000	2.315950
46	47.003657	11.365108	0.072939	91.400000	2.307317
47	47.011539	11.391707	0.000000	91.400000	2.485043
48	47.016740	11.401779	0.000000	91.400000	2.397474
49	47.032124	11.363583	0.072939	91.400000	2.477938
50	47.035170	11.244462	0.072939	91.400000	2.363744
51	47.031319	11.341624	0.000000	91.400000	2.477113
52	47.037378	11.473343	0.072939	91.400000	2.381735
53	47.026563	11.327969	0.000000	91.400000	2.465094
54	47.034165	11.473867	0.072939	91.400000	2.365885
55	47.034538	11.370204	0.000000	91.400000	2.303328
56	47.044241	11.362505	0.072939	91.400000	2.465172
57	47.061312	11.330622	0.072939	91.400000	2.298512
58	47.060451	11.336116	0.072939	91.400000	2.296911
59	47.071791	11.347975	0.072939	91.400000	2.390889
60	47.072619	11.305872	0.000000	91.400000	2.311120
61	47.094068	11.318223	0.072939	91.400000	2.398391
62	47.099948	11.333050	0.072939	91.400000	2.416647
63	47.111183	11.382431	0.145879	91.400000	2.393736
64	47.094202	11.404696	0.145879	91.400000	2.398520
65	47.094083	11.442785	0.145879	91.400000	2.403440
66	47.104421	11.449503	0.145879	91.400000	2.267433
67	47.120252	11.466888	0.145879	91.400000	2.449865
68	47.131300	11.374690	0.145879	91.400000	2.397705
69	47.119585	11.391449	0.145879	91.400000	2.392251
70	47.124743	11.393743	0.145879	91.400000	2.295386
71	47.114065	11.326388	0.218818	91.400000	2.301028
72	47.131389	11.411105	0.145879	91.400000	2.289732
73	47.143003	11.371889	0.145879	91.400000	2.315635
74	47.139135	11.399857	0.145879	91.400000	2.290067
75	47.144544	11.468236	0.072939	91.400000	2.468052
76	47.134382	11.383125	0.072939	91.400000	2.479531
77	47.143316	11.424401	0.072939	91.400000	2.369388
78	47.137922	11.470676	0.072939	91.400000	2.482035
79	47.130382	11.400585	0.072939	91.400000	2.475708
80	47.150615	11.299122	0.072939	91.400000	2.483387
81	47.147036	11.347005	0.145879	91.400000	2.472299
82	47.145298	11.383101	0.072939	91.400000	2.490666
83	47.162098	11.399595	0.072939	91.400000	2.397450
84	47.165304	11.412671	0.145879	91.400000	2.416872
85	47.146094	11.512076	0.072939	91.400000	2.482181
86	47.166765	11.440825	0.072939	91.400000	2.466530
87	47.165108	11.432676	0.145879	91.400000	2.479490
88	47.137728	11.399195	0.145879	91.400000	2.481644
89	47.155330	11.330312	0.145879	91.400000	2.466540
90	47.183847	11.346322	0.072939	91.400000	2.483412
91	47.167900	11.391917	0.072939	91.400000	2.475053
92	47.185752	11.398483	0.000000	91.400000	2.381306
93	47.175634	11.467066	0.000000	91.400000	2.465880
94	47.185126	11.419356	0.072939	91.400000	2.476721
95	47.165784	11.361215	0.072939	91.400000	2.457033
96	47.163081	11.342820	0.145879	91.400000	2.381035
97	47.171730	11.381733	0.072939	91.400000	2.471432
98	47.158682	11.443077	0.072939	91.400000	2.463441
99	47.163534	11.429219	0.072939	91.400000	2.282830
100	47.168964	11.402186	0.072939	91.400000	2.295742
101	47.187340	11.416906	0.145879	91.400000	2.312882
102	47.176075	11.404933	0.072939	91.400000	2.328370
103	47.191614	11.404246	0.072939	91.400000	2.303670
104	47.192264	11.460788	0.072939	91.400000	2.396995
105	47.208849	11.395457	0.218818	91.400000	2.409276
106	47.191131	11.427725	0.072939	91.400000	2.398586
107	47.187418	11.493731	0.145879	91.400000	2.301943
108	47.208989	11.458269	0.000000	91.400000	2.290854
109	47.201598	11.438984	0.072939	91.400000	2.438223
110	47.208327	11.395090	0.000000	91.400000	2.597078
111	47.211546	11.478568	0.000000	91.400000	2.393458
112	47.194999	11.407079	0.000000	91.400000	2.489698
113	47.191572	11.496031	0.218818	91.400000	2.475217
114	47.188532	11.483963	0.072939	91.400000	2.457123
115	47.194177	11.503891	0.145879	91.400000	2.400611
116	47.207671	11.490067	0.072939	91.400000	2.445436
117	47.213283	11.408804	0.145879	91.400000	2.584285
118	47.201663	11.483440	0.145879	91.400000	2.398020
119	47.201329	11.485634	0.145879	91.400000	2.490656
120	47.217649	11.531575	0.145879	91.400000	2.390916
121	47.214085	11.627624	0.145879	91.400000	2.554446
122	47.206238	11.508217	0.145879	91.400000	2.380436
123	47.201666	11.514977	0.218818	91.400000	2.468883
124	47.198480	11.429175	0.145879	91.400000	2.568332
125	47.223377	11.497429	0.072939	91.400000	2.394149
126	47.213656	11.537982	0.145879	91.400000	2.489291
127	47.218573	11.443198	0.072939	91.400000	2.483935
128	47.209594	11.542664	0.072939	91.400000	2.364666
129	47.196689	11.514905	0.145879	91.400000	2.568956
130	47.199866	11.590469	0.145879	91.400000	2.393526
131	47.201544	11.481201	0.145879	91.400000	2.379977
132	47.198433	11.506477	0.145879	91.400000	2.398337
133	47.213835	11.405167	0.000000	91.400000	2.652923
134	47.223389	11.495459	0.072939	91.400000	2.401306
135	47.216523	11.536462	0.072939	91.400000	2.396065
136	47.225928	11.572413	0.072939	91.400000	2.310338
137	47.212610	11.556557	0.145879	91.400000	2.323436
138	47.207582	11.544696	0.072939	91.400000	2.317189
139	47.215205	11.593971	0.072939	91.400000	2.312780
140	47.215971	11.565039	0.145879	91.400000	2.492937
141	47.219828	11.508325	0.072939	91.400000	2.308684
142	47.218090	11.510785	0.145879	91.400000	2.305689
143	47.212178	11.514985	0.145879	91.400000	2.397853
144	47.225159	11.571717	0.145879	91.400000	2.495015
145	47.220162	11.565152	0.145879	91.400000	2.487471
146	47.229671	11.488096	0.072939	91.400000	2.469700
147	47.212297	11.585529	0.145879	91.400000	2.495239
148	47.215360	11.490501	0.145879	91.400000	2.469704
149	47.218430	11.503915	0.145879	91.400000	2.380291
150	47.219348	11.536940	0.145879	91.400000	2.455109
151	47.214708	11.509543	0.145879	91.400000	2.481736
152	47.212851	11.554817	0.145879	91.400000	2.470298
153	47.220650	11.611694	0.145879	91.400000	2.474439
154	47.227025	11.609775	0.145879	91.400000	2.495870
155	47.225219	11.596382	0.145879	91.400000	2.485558
156	47.220322	11.572131	0.145879	91.400000	2.384018
157	47.219962	11.422777	0.145879	91.400000	2.372345
158	47.222495	11.492844	0.072939	91.400000	2.466231
159	47.220910	11.506205	0.072939	91.400000	2.460765
160	47.228581	11.555418	0.072939	91.400000	2.474038
161	47.196412	11.502952	0.072939	91.400000	2.299900
162	47.215700	11.556539	0.072939	91.400000	2.498345
163	47.214681	11.477676	0.072939	91.400000	2.308959
164	47.216755	11.499298	0.072939	91.400000	2.301969
165	47.214174	11.484428	0.072939	91.400000	2.309207
166	47.199720	11.462567	0.072939	91.400000	2.310163
167	47.201616	11.331752	0.072939	91.400000	2.315790
168	47.218156	11.443000	0.145879	91.400000	2.303763
169	47.217557	11.475861	0.145879	91.400000	2.297234
170	47.213548	11.516616	0.145879	91.400000	2.472446
171	47.223324	11.469484	0.145879	91.400000	2.492040
172	47.244614	11.433687	0.145879	91.400000	2.460966
173	47.236612	11.374074	0.145879	91.400000	2.385049
174	47.209200	11.434026	0.145879	91.400000	2.551383
175	47.209758	11.453630	0.145879	91.400000	2.445552
176	47.197136	11.441789	0.145879	91.400000	2.588966
177	47.213697	11.502439	0.145879	91.400000	2.460983
178	47.223759	11.476759	0.145879	91.400000	2.390954
179	47.223938	11.484219	0.145879	91.400000	2.564171
180	47.230220	11.559891	0.145879	91.400000	2.445271
181	47.207487	11.495519	0.145879	91.400000	2.477405
182	47.210360	11.420684	0.145879	91.400000	2.501635
183	47.228953	11.478841	0.145879	91.400000	2.462676
184	47.231168	11.418474	0.145879	91.400000	2.487730
185	47.231406	11.420032	0.072939	91.400000	2.466999
186	47.219270	11.554850	0.000000	91.400000	2.443634
187	47.215000	11.584414	0.145879	91.400000	2.578254
188	47.215015	11.655653	0.145879	91.400000	2.460238
189	47.224319	11.599011	0.145879	91.400000	2.486767
190	47.220126	11.638941	0.145879	91.400000	2.387867
191	47.218597	11.698286	0.145879	91.400000	2.552355
192	47.221670	11.569019	0.072939	91.400000	2.459219
193	47.222883	11.593234	0.072939	91.400000	2.413054
194	47.225159	11.583719	0.072939	91.400000	2.425510
195	47.213125	11.518024	0.072939	91.400000	2.336124
196	47.208911	11.470222	0.145879	91.400000	2.302085
197	47.208372	11.502217	0.145879	91.400000	2.301922
198	47.210708	11.556645	0.145879	91.400000	2.307327
199	47.211856	11.458413	0.145879	91.400000	2.508518
200	47.192526	11.528162	0.145879	91.400000	2.388869
201	47.207397	11.457941	0.145879	91.400000	2.323085
202	47.199470	11.453677	0.145879	91.400000	2.301157
203	47.201836	11.450336	0.145879	91.400000	2.492612
204	47.187778	11.351010	0.145879	91.400000	2.390115
205	47.205162	11.452519	0.145879	91.400000	2.491336
206	47.202694	11.400335	0.145879	91.400000	2.477156
207	47.218373	11.485520	0.145879	91.400000	2.453718
208	47.211182	11.484566	0.145879	91.400000	2.484791
209	47.212821	11.426382	0.145879	91.400000	2.482486
210	47.211134	11.390987	0.145879	91.400000	2.377473
211	47.207528	11.396735	0.145879	91.400000	2.483373
212	47.224343	11.435420	0.145879	91.400000	2.493112
213	47.227150	11.425313	0.145879	91.400000	2.487680
214	47.232211	11.453808	0.145879	91.400000	2.393606
215	47.220910	11.416159	0.145879	91.400000	2.548526
216	47.226781	11.486211	0.145879	91.400000	2.404670
217	47.234344	11.511512	0.145879	91.400000	2.376390
218	47.243819	11.446127	0.145879	91.400000	2.469390
219	47.242832	11.484572	0.145879	91.400000	2.374580
220	47.252503	11.406672	0.145879	91.400000	2.310529
221	47.253445	11.485784	0.145879	91.400000	2.493975
222	47.237897	11.431818	0.072939	91.400000	2.387522
223	47.246003	11.348035	0.072939	91.400000	2.520374
224	47.244081	11.354496	0.072939	91.400000	2.359686
225	47.262859	11.384956	0.072939	91.400000	2.309749
226	47.272095	11.399348	0.145879	91.400000	2.396633
227	47.249401	11.402610	0.145879	91.400000	2.384229
228	47.256994	11.497653	0.145879	91.400000	2.309678
229	47.257411	11.478830	0.145879	91.400000	2.312744
230	47.252089	11.473520	0.145879	91.400000	2.302970
231	47.259063	11.498847	0.145879	91.400000	2.391994
232	47.275940	11.411979	0.072939	91.400000	2.610372
233	47.269166	11.479281	0.145879	91.400000	2.468216
234	47.280952	11.536541	0.072939	91.400000	2.273322
235	47.263351	11.397431	0.072939	91.400000	2.297657
236	47.253016	11.458963	0.072939	91.400000	2.293906
237	47.256985	11.455360	0.072939	91.400000	2.312913
238	47.266704	11.503779	0.072939	91.400000	2.403411
239	47.261670	11.500795	0.072939	91.400000	2.305585
240	47.265816	11.420557	0.000000	91.400000	2.311158
241	47.261181	11.481166	0.000000	91.400000	2.304229
242	47.270590	11.456942	0.000000	91.400000	2.289377
243	47.266856	11.416040	0.072939	91.400000	2.300965
244	47.250146	11.516601	0.145879	91.400000	2.307452
245	47.266880	11.575982	0.072939	91.400000	2.323014
246	47.267330	11.558530	0.145879	91.400000	2.308004
247	47.271863	11.588381	0.072939	91.400000	2.531312
248	47.254485	11.557253	0.072939	91.400000	2.438464
249	47.252333	11.469762	0.000000	91.400000	2.464094
250	47.250289	11.569371	0.000000	91.400000	2.394653
251	47.278243	11.490902	0.000000	91.400000	2.314574
252	47.265643	11.486402	0.145879	91.400000	2.401123
253	47.276837	11.487251	0.145879	91.400000	2.308242
254	47.268039	11.562274	0.145879	91.400000	2.327771
255	47.276583	11.552051	0.145879	91.400000	2.313880
256	47.266096	11.541664	0.145879	91.400000	2.304993
257	47.263426	11.438872	0.145879	91.400000	2.586231
258	47.273764	11.465539	0.145879	91.400000	2.389177
259	47.258377	11.388996	0.145879	91.400000	2.468788
260	47.269350	11.443703	0.145879	91.400000	2.272527
261	47.253969	11.493672	0.145879	91.400000	2.291903
262	47.268036	11.466373	0.145879	91.400000	2.300532
263	47.259861	11.422941	0.145879	91.400000	2.307094
264	47.262961	11.413364	0.072939	91.400000	2.385440
265	47.259322	11.459658	0.145879	91.400000	2.414059
266	47.279400	11.422372	0.145879	91.400000	2.298072
267	47.263968	11.406641	0.145879	91.400000	2.302679
268	47.262824	11.428908	0.072939	91.400000	2.316959
269	47.267097	11.476731	0.145879	91.400000	2.323052
270	47.272831	11.484334	0.145879	91.400000	2.673334
271	47.278711	11.501110	0.072939	91.400000	2.481969
272	47.275138	11.466191	0.218818	91.400000	2.361132
273	47.272867	11.491110	0.072939	91.400000	2.295032
274	47.268701	11.409516	0.072939	91.400000	2.309976
275	47.284687	11.361329	0.072939	91.400000	2.304924
276	47.281063	11.407104	0.072939	91.400000	2.312203
277	47.278309	11.360101	0.072939	91.400000	2.298563
278	47.266674	11.428942	0.072939	91.400000	2.298443
279	47.254205	11.411516	0.072939	91.400000	2.409809
280	47.263798	11.461252	0.072939	91.400000	2.290426
281	47.253498	11.516822	0.072939	91.400000	2.307489
282	47.276673	11.436514	0.218818	91.400000	2.326611
283	47.258896	11.436423	0.072939	91.400000	2.309952
284	47.271746	11.422624	0.000000	91.400000	2.290848
285	47.272938	11.396990	0.145879	91.400000	2.300940
286	47.272515	11.342208	0.145879	91.400000	2.304013
287	47.277874	11.313618	0.145879	91.400000	2.311499
288	47.285450	11.294287	0.000000	91.400000	2.306905
289	47.267985	11.378239	0.145879	91.400000	2.295843
290	47.281411	11.334454	0.072939	91.400000	2.299835
291	47.274357	11.384066	0.072939	91.400000	2.308471
292	47.285852	11.388099	0.145879	91.400000	2.306949
293	47.277582	11.458387	0.072939	91.400000	2.282695
294	47.278011	11.393931	0.145879	91.400000	2.267461
295	47.274607	11.463081	0.145879	91.400000	2.293114
296	47.273672	11.344423	0.000000	91.400000	2.300255
297	47.271436	11.442097	0.000000	91.400000	2.306965
298	47.285461	11.456222	0.000000	91.400000	2.309555
299	47.288486	11.378100	0.072939	91.400000	2.290451
300	47.281089	11.338085	0.072939	91.400000	2.294223
301	47.284412	11.468440	0.072939	91.400000	2.309918
302	47.274435	11.422999	0.145879	91.400000	2.314661
303	47.295356	11.454179	0.072939	91.400000	2.302500
304	47.288698	11.431968	0.072939	91.400000	2.293373
305	47.283834	11.405951	0.072939	91.400000	2.306585
306	47.280762	11.402186	0.072939	91.400000	2.304936
307	47.281098	11.358471	0.072939	91.400000	2.287561
308	47.275180	11.336832	0.072939	91.400000	2.275454
309	47.276485	11.262934	0.072939	91.400000	2.287173
310	47.294369	11.198947	0.072939	91.400000	2.286752
311	47.290653	11.278720	0.000000	91.400000	2.308832
312	47.301328	11.344856	0.072939	91.400000	2.305377
313	47.305506	11.361320	0.072939	91.400000	2.331792
314	47.306877	11.407607	0.072939	91.400000	2.390549
315	47.317582	11.354135	0.000000	91.400000	2.408292
316	47.311074	11.493973	0.072939	91.400000	2.297658
317	47.308999	11.502769	0.072939	91.400000	2.397221
318	47.307253	11.496398	0.145879	91.400000	2.400563
319	47.302324	11.492209	0.072939	91.400000	2.415557
320	47.311127	11.471017	0.072939	91.400000	2.301949
321	47.317037	11.422030	0.072939	91.400000	2.401327
322	47.312972	11.437222	0.072939	91.400000	2.462703
323	47.302893	11.387809	0.145879	91.400000	2.289842
324	47.299930	11.393667	0.145879	91.400000	2.670826
325	47.297993	11.361404	0.145879	91.400000	2.492940
326	47.308365	11.388761	0.145879	91.400000	2.301324
327	47.310072	11.429869	0.145879	91.400000	2.384923
328	47.314161	11.409300	0.072939	91.400000	2.486172
329	47.298586	11.435131	0.072939	91.400000	2.381423
330	47.294289	11.386452	0.145879	91.400000	2.285310
331	47.294998	11.388420	0.072939	91.400000	2.391747
332	47.287142	11.357803	0.072939	91.400000	2.465035
333	47.298783	11.380919	0.145879	91.400000	2.284240
334	47.299850	11.400954	0.072939	91.400000	2.316483
335	47.297037	11.450198	0.072939	91.400000	2.304152
336	47.305086	11.441406	0.145879	91.400000	2.471752
337	47.305161	11.373175	0.000000	91.400000	2.552251
338	47.317597	11.428605	0.145879	91.400000	2.299236
339	47.302571	11.405977	0.072939	91.400000	2.411326
340	47.310069	11.340374	0.072939	91.400000	2.395118
341	47.311622	11.310626	0.072939	91.400000	2.308788
342	47.306266	11.334233	0.145879	91.400000	2.306875
343	47.304344	11.283615	0.000000	91.400000	2.303709
344	47.297269	11.375832	0.145879	91.400000	2.308149
345	47.305489	11.398511	0.145879	91.400000	2.303450
346	47.289157	11.368194	0.145879	91.400000	2.292263
347	47.291833	11.396775	0.072939	91.400000	2.299326
348	47.303358	11.452570	0.145879	91.400000	2.302486
349	47.304136	11.425410	0.072939	91.400000	2.306166
350	47.304970	11.289015	0.072939	91.400000	2.319421
351	47.306538	11.269676	0.145879	91.400000	2.290465
352	47.305319	11.325829	0.145879	91.400000	2.300367
353	47.304824	11.345598	0.145879	91.400000	2.301751
354	47.311434	11.428733	0.145879	91.400000	2.311016
355	47.303659	11.400803	0.072939	91.400000	2.278703
356	47.303623	11.356367	0.145879	91.400000	2.290467
357	47.293627	11.304918	0.145879	91.400000	2.283205
358	47.311437	11.253869	0.072939	91.400000	2.298038
359	47.313637	11.280639	0.072939	91.400000	2.297337
360	47.310179	11.297855	0.000000	91.400000	2.388849
361	47.307026	11.233644	0.072939	91.400000	2.405445
362	47.313780	11.268631	0.072939	91.400000	2.468472
363	47.320303	11.248479	0.072939	91.400000	2.396261
364	47.287875	11.281903	0.145879	91.400000	2.398009
365	47.311416	11.251765	0.072939	91.400000	2.507827
366	47.312582	11.257232	0.072939	91.400000	2.277176
367	47.316894	11.332575	0.072939	91.400000	2.401431
368	47.301361	11.403779	0.072939	91.400000	2.321375
369	47.299266	11.399860	0.072939	91.400000	2.393442
370	47.286895	11.466121	0.072939	91.400000	2.311293
371	47.300321	11.321767	0.072939	91.400000	2.315863
372	47.294605	11.318469	0.145879	91.400000	2.393885
373	47.307053	11.290938	0.072939	91.400000	2.408828
374	47.302154	11.413178	0.072939	91.400000	2.392218
375	47.291404	11.354562	0.072939	91.400000	2.393064
376	47.294152	11.282479	0.072939	91.400000	2.282577
377	47.299111	11.290450	0.072939	91.400000	2.298177
378	47.307342	11.302038	0.000000	91.400000	2.464103
379	47.315738	11.337513	0.072939	91.400000	2.385425
380	47.320598	11.323670	0.072939	91.400000	2.299334
381	47.314578	11.314600	0.072939	91.400000	2.316163
382	47.301167	11.369012	0.072939	91.400000	2.315957
383	47.301430	11.353217	0.072939	91.400000	2.310618
384	47.319412	11.355948	0.072939	91.400000	2.302455
385	47.318268	11.401485	0.072939	91.400000	2.406907
386	47.303760	11.428049	0.072939	91.400000	2.395380
387	47.307265	11.406540	0.072939	91.400000	2.315575
388	47.315562	11.375688	0.145879	91.400000	2.305618
389	47.313598	11.319115	0.072939	91.400000	2.489162
390	47.297019	11.339239	0.072939	91.400000	2.378458
391	47.311217	11.315388	0.072939	91.400000	2.552239
392	47.306123	11.333398	0.072939	91.400000	2.398814
393	47.311634	11.400855	0.072939	91.400000	2.503045
394	47.302729	11.366917	0.072939	91.400000	2.394856
395	47.302175	11.398178	0.072939	91.400000	2.466820
396	47.320527	11.415064	0.072939	91.400000	2.486290
397	47.303498	11.475907	0.000000	91.400000	2.386385
398	47.306997	11.488027	0.000000	91.400000	2.494450
399	47.309312	11.437915	0.000000	91.400000	2.372438
400	47.319269	11.376886	0.072939	91.400000	2.471260
401	47.324371	11.392807	0.000000	91.400000	2.497404
402	47.319329	11.418634	0.000000	91.400000	2.395086
403	47.313565	11.349142	0.145879	91.400000	2.402673
404	47.306019	11.376938	0.145879	91.400000	2.487213
405	47.318166	11.347833	0.072939	91.400000	2.476660
406	47.309124	11.298456	0.000000	91.400000	2.480681
407	47.302678	11.280031	0.072939	91.400000	2.397285
408	47.305501	11.269060	0.072939	91.400000	2.481172
409	47.304565	11.306754	0.072939	91.400000	2.361301
410	47.297865	11.283522	0.072939	91.400000	2.486924
411	47.294480	11.305536	0.072939	91.400000	2.487937
412	47.316840	11.316206	0.072939	91.400000	2.409075
413	47.294742	11.202427	0.072939	91.400000	2.487819
414	47.295773	11.252910	0.145879	91.400000	2.375054
415	47.302824	11.285616	0.072939	91.400000	2.476607
416	47.301096	11.336982	0.072939	91.400000	2.484829
417	47.310063	11.373406	0.072939	91.400000	2.408769
418	47.295496	11.340535	0.072939	91.400000	2.483562
419	47.295186	11.392098	0.072939	91.400000	2.468923
420	47.301158	11.445368	0.072939	91.400000	2.466794
421	47.303051	11.505548	0.072939	91.400000	2.393155
422	47.306615	11.439093	0.072939	91.400000	2.494272
423	47.297704	11.441659	0.072939	91.400000	2.478492
424	47.298744	11.386304	0.072939	91.400000	2.478059
425	47.294140	11.457077	0.072939	91.400000	2.372694
426	47.295773	11.420062	0.000000	91.400000	2.475479
427	47.294474	11.454523	0.072939	91.400000	2.474183
428	47.312519	11.408776	0.072939	91.400000	2.487786
429	47.300619	11.412999	0.072939	91.400000	2.394804
430	47.304070	11.472888	0.072939	91.400000	2.482306
431	47.301531	11.528380	0.072939	91.400000	2.387723
432	47.318411	11.483026	0.072939	91.400000	2.550144
433	47.302610	11.485404	0.145879	91.400000	2.402499
434	47.309077	11.444777	0.072939	91.400000	2.370219
435	47.306085	11.466868	0.072939	91.400000	2.475574
436	47.316349	11.443708	0.072939	91.400000	2.291845
437	47.321469	11.485451	0.072939	91.400000	2.303665
438	47.322896	11.475612	0.072939	91.400000	2.292054
439	47.311509	11.515532	0.072939	91.400000	2.308316
440	47.316951	11.457181	0.072939	91.400000	2.412538
441	47.304037	11.470761	0.072939	91.400000	2.298756
442	47.305000	11.407693	0.145879	91.400000	2.305943
443	47.314978	11.483149	0.000000	91.400000	2.411078
444	47.302306	11.490186	0.072939	91.400000	2.396426
445	47.312289	11.415535	0.000000	91.400000	2.390354
446	47.319049	11.501697	0.072939	91.400000	2.343721
447	47.321659	11.481699	0.072939	91.400000	2.407757
448	47.303900	11.499546	0.000000	91.400000	2.488077
449	47.311276	11.524731	0.072939	91.400000	2.472447
450	47.293365	11.556180	0.000000	91.400000	2.382311
451	47.303283	11.550152	0.000000	91.400000	2.432260
452	47.311485	11.528440	0.000000	91.400000	2.438335
453	47.485092	11.560051	0.000000	91.400000	2.535932
454	47.547293	11.552951	0.000000	91.400000	2.313018
455	47.572982	11.488957	0.000000	91.400000	2.331158
456	47.581461	11.588864	0.000000	91.400000	2.297396
457	47.585160	11.574063	0.000000	91.400000	2.296274
458	47.589946	11.514362	0.000000	91.400000	2.492228
459	47.589326	11.518158	0.000000	91.400000	2.397717
460	47.591436	11.582519	0.000000	91.400000	2.302744
461	47.601432	11.569495	0.072939	91.400000	2.294935
462	47.610939	11.504627	0.072939	91.400000	2.490601
463	47.611189	11.428074	0.000000	91.400000	2.492089
464	47.612041	11.410253	0.000000	91.400000	2.460390
465	47.601438	11.380876	0.000000	91.400000	2.465341
466	47.601527	11.399060	0.072939	91.400000	2.464173
467	47.611007	11.422865	0.072939	91.400000	2.394909
468	47.614092	11.410818	0.000000	91.400000	2.399510
469	47.626072	11.397185	0.000000	91.400000	2.483698
470	47.634172	11.487274	0.072939	91.400000	2.381926
471	47.633389	11.525045	0.072939	91.400000	2.313944
472	47.631875	11.511400	0.145879	91.400000	2.494183
473	47.632256	11.460710	0.145879	91.400000	2.467091
474	47.630227	11.502511	0.145879	91.400000	2.496624
475	47.634280	11.507453	0.145879	91.400000	2.493294
476	47.632438	11.490187	0.145879	91.400000	2.321810
477	47.647786	11.444692	0.145879	91.400000	2.493522
478	47.638145	11.512497	0.145879	91.400000	2.500963
479	47.643751	11.474850	0.000000	91.400000	2.502825
480	47.653383	11.505635	0.145879	91.400000	2.396906
481	47.650576	11.501761	0.072939	91.400000	2.490081
482	47.636050	11.485676	0.072939	91.400000	2.479776
483	47.645655	11.500366	0.072939	91.400000	2.568744
484	47.653323	11.525254	0.072939	91.400000	2.319509
485	47.651559	11.444536	0.000000	91.400000	2.498742
486	47.649619	11.536479	0.072939	91.400000	2.506475
487	47.649616	11.463523	0.072939	91.400000	2.487521
488	47.647056	11.569653	0.072939	91.400000	2.489860
489	47.642469	11.588337	0.000000	91.400000	2.457779
490	47.637469	11.517358	0.072939	91.400000	2.324205
491	47.634298	11.530728	0.072939	91.400000	2.306428
492	47.643620	11.473468	0.072939	91.400000	2.481911
493	47.666559	11.475798	0.072939	91.400000	2.402784
494	47.652179	11.542288	0.072939	91.400000	2.403985
495	47.655740	11.452153	0.072939	91.400000	2.304386
496	47.652808	11.393059	0.000000	91.400000	2.303795
497	47.650439	11.345276	0.072939	91.400000	2.403340
498	47.651333	11.366013	0.072939	91.400000	2.304650
499	47.642836	11.414342	0.000000	91.400000	2.315845
500	47.643462	11.462097	0.072939	91.400000	2.403553
501	47.639865	11.439270	0.072939	91.400000	2.577609
502	47.632319	11.476853	0.072939	91.400000	2.481670
503	47.644985	11.565828	0.072939	91.400000	2.399857
504	47.630417	11.513606	0.072939	91.400000	2.404573
505	47.641790	11.466993	0.072939	91.400000	2.446663
506	47.639194	11.423264	0.072939	91.400000	2.458479
507	47.643405	11.475014	0.072939	91.400000	2.414905
508	47.653928	11.489097	0.072939	91.400000	2.392664
509	47.646511	11.483404	0.072939	91.400000	2.488146
510	47.631401	11.502242	0.072939	91.400000	2.394046
511	47.641417	11.504108	0.072939	91.400000	2.496318
512	47.660834	11.569819	0.000000	91.400000	2.301398
513	47.658762	11.533799	0.000000	91.400000	2.316144
514	47.644913	11.513389	0.000000	91.400000	2.321092
515	47.656554	11.506419	0.000000	91.400000	2.501183
516	47.656173	11.463537	0.000000	91.400000	2.407023
517	47.654888	11.406950	0.000000	91.400000	2.408221
518	47.665426	11.419950	0.000000	91.400000	2.304694
519	47.666404	11.359343	0.000000	91.400000	2.302558
520	47.654897	11.367902	0.072939	91.400000	2.488992
521	47.659844	11.364240	0.072939	91.400000	2.400214
522	47.661656	11.432253	0.072939	91.400000	2.492552
523	47.656974	11.410677	0.072939	91.400000	2.477875
524	47.665930	11.404340	0.000000	91.400000	2.472459
525	47.670376	11.447145	0.000000	91.400000	2.492764
526	47.652891	11.435378	0.000000	91.400000	2.402232
527	47.662181	11.506989	0.000000	91.400000	2.487212
528	47.672683	11.521236	0.000000	91.400000	2.475096
529	47.680002	11.496300	0.072939	91.400000	2.475440
530	47.671744	11.494395	0.072939	91.400000	2.492542
531	47.665495	11.465600	0.072939	91.400000	2.400258
532	47.669750	11.451024	0.145879	91.400000	2.488940
533	47.670788	11.540579	0.145879	91.400000	2.383209
534	47.665676	11.502591	0.145879	91.400000	2.552807
535	47.662246	11.521853	0.072939	91.400000	2.399626
536	47.657248	11.582502	0.000000	91.400000	2.406873
537	47.660333	11.521719	0.072939	91.400000	2.468267
538	47.656241	11.482613	0.072939	91.400000	2.368468
539	47.661611	11.464607	0.000000	91.400000	2.387097
540	47.660875	11.535189	0.072939	91.400000	2.324229
541	47.674143	11.556949	0.145879	91.400000	2.311151
542	47.673386	11.475920	0.145879	91.400000	2.316653
543	47.669983	11.459968	0.072939	91.400000	2.397492
544	47.664171	11.482843	0.072939	91.400000	2.302200
545	47.664133	11.510747	0.145879	91.400000	2.408135
546	47.660577	11.477145	0.000000	91.400000	2.396526
547	47.665638	11.508286	0.072939	91.400000	2.411832
548	47.669882	11.534527	0.072939	91.400000	2.405916
549	47.665745	11.474366	0.000000	91.400000	2.300556
550	47.656763	11.508113	0.000000	91.400000	2.296776
551	47.678423	11.544378	0.000000	91.400000	2.400885
552	47.675744	11.609781	0.072939	91.400000	2.560980
553	47.683346	11.531603	0.072939	91.400000	2.445185
554	47.678596	11.538260	0.072939	91.400000	2.488242
555	47.680721	11.492301	0.072939	91.400000	2.474764
556	47.672105	11.428401	0.000000	91.400000	2.397627
557	47.693178	11.518943	0.072939	91.400000	2.310116
558	47.693163	11.614867	0.000000	91.400000	2.305744
559	47.698379	11.617662	0.000000	91.400000	2.298409
560	47.687340	11.603774	0.072939	91.400000	2.296967
561	47.678939	11.528866	0.072939	91.400000	2.313724
562	47.690359	11.471137	0.072939	91.400000	2.300190
563	47.682238	11.557640	0.072939	91.400000	2.401024
564	47.681171	11.528897	0.072939	91.400000	2.503481
565	47.674912	11.491444	0.000000	91.400000	2.483063
566	47.681749	11.491289	0.072939	91.400000	2.399951
567	47.698683	11.407224	0.072939	91.400000	2.485458
568	47.683972	11.473832	0.000000	91.400000	2.397484
569	47.693771	11.510498	0.072939	91.400000	2.466529
570	47.694898	11.439477	0.145879	91.400000	2.488781
571	47.681400	11.503243	0.072939	91.400000	2.502642
572	47.681391	11.591882	0.072939	91.400000	2.416518
573	47.676146	11.514360	0.145879	91.400000	2.485465
574	47.679824	11.530998	0.145879	91.400000	2.471949
575	47.688335	11.476185	0.072939	91.400000	2.385233
576	47.681731	11.501954	0.072939	91.400000	2.484264
577	47.689644	11.455764	0.072939	91.400000	2.490850
578	47.684419	11.555605	0.145879	91.400000	2.415665
579	47.671717	11.478378	0.145879	91.400000	2.484626
580	47.690213	11.441342	0.145879	91.400000	2.467133
581	47.680137	11.444172	0.145879	91.400000	2.496161
582	47.691256	11.434218	0.072939	91.400000	2.390623
583	47.695097	11.519702	0.072939	91.400000	2.482068
584	47.689432	11.473877	0.072939	91.400000	2.480461
585	47.691667	11.560807	0.072939	91.400000	2.462658
586	47.693452	11.470968	0.072939	91.400000	2.478554
587	47.685993	11.545239	0.145879	91.400000	2.399851
588	47.686026	11.470353	0.072939	91.400000	2.477668
589	47.685865	11.541016	0.072939	91.400000	2.457686
590	47.676274	11.531448	0.072939	91.400000	2.488549
591	47.684085	11.571228	0.145879	91.400000	2.500577
592	47.686404	11.609557	0.145879	91.400000	2.487315
593	47.689140	11.597560	0.145879	91.400000	2.271948
594	47.691709	11.592121	0.145879	91.400000	2.492357
595	47.676909	11.574065	0.072939	91.400000	2.380972
596	47.669870	11.568114	0.072939	91.400000	2.317067
597	47.682798	11.666151	0.072939	91.400000	2.401036
598	47.690552	11.549202	0.072939	91.400000	2.493183
599	47.682172	11.529066	0.145879	91.400000	2.496495
600	47.677740	11.573999	0.145879	91.400000	2.490505
601	47.677132	11.563097	0.145879	91.400000	2.473621
602	47.681254	11.547472	0.072939	91.400000	2.489952
603	47.676164	11.577064	0.145879	91.400000	2.322671
604	47.679108	11.517605	0.145879	91.400000	2.314972
605	47.680801	11.529900	0.072939	91.400000	2.301663
606	47.675133	11.552541	0.072939	91.400000	2.296865
607	47.666353	11.557300	0.145879	91.400000	2.407073
608	47.678107	11.547611	0.072939	91.400000	2.398366
609	47.676969	11.529510	0.145879	91.400000	2.408117
610	47.682804	11.584361	0.218818	91.400000	2.402428
611	47.681564	11.596376	0.145879	91.400000	2.302155
612	47.673979	11.624967	0.145879	91.400000	2.388668
613	47.697300	11.614586	0.145879	91.400000	2.450903
614	47.707450	11.556943	0.145879	91.400000	2.417729
615	47.701424	11.586061	0.145879	91.400000	2.393465
616	47.694486	11.552723	0.145879	91.400000	2.394525
617	47.694367	11.550421	0.145879	91.400000	2.398549
618	47.689143	11.544054	0.291758	91.400000	2.309568
619	47.699940	11.538915	0.218818	91.400000	2.406080
620	47.699028	11.481985	0.218818	91.400000	2.413395
621	47.695431	11.519673	0.145879	91.400000	2.307895
622	47.685778	11.526391	0.072939	91.400000	2.306253
623	47.694263	11.579702	0.218818	91.400000	2.389670
624	47.683451	11.615680	0.145879	91.400000	2.503188
625	47.697380	11.602650	0.145879	91.400000	2.501082
626	47.704780	11.650724	0.145879	91.400000	2.396101
627	47.685918	11.611347	0.072939	91.400000	2.489218
628	47.687811	11.606619	0.072939	91.400000	2.387464
629	47.679579	11.671777	0.072939	91.400000	2.472955
630	47.677410	11.721468	0.072939	91.400000	2.491441
631	47.680327	11.642955	0.072939	91.400000	2.497756
632	47.679555	11.638738	0.072939	91.400000	2.499685
633	47.683439	11.611299	0.072939	91.400000	2.418673
634	47.676244	11.549062	0.072939	91.400000	2.492487
635	47.671226	11.570729	0.072939	91.400000	2.389475
636	47.666109	11.562176	0.145879	91.400000	2.463813
637	47.673661	11.557159	0.072939	91.400000	2.486025
638	47.683507	11.517790	0.145879	91.400000	2.491771
639	47.680521	11.510036	0.145879	91.400000	2.504456
640	47.691602	11.595949	0.145879	91.400000	2.417515
641	47.685999	11.581239	0.072939	91.400000	2.486987
642	47.675455	11.534050	0.072939	91.400000	2.475551
643	47.682774	11.524231	0.145879	91.400000	2.474844
644	47.692204	11.525022	0.145879	91.400000	2.391943
645	47.683012	11.506900	0.145879	91.400000	2.492117
646	47.681037	11.508534	0.145879	91.400000	2.404582
647	47.691447	11.532040	0.218818	91.400000	2.387753
648	47.696155	11.532152	0.218818	91.400000	2.287194
649	47.686428	11.496576	0.218818	91.400000	2.312851
650	47.704822	11.497698	0.145879	91.400000	2.294499
651	47.690907	11.454819	0.145879	91.400000	2.488180
652	47.689566	11.483512	0.218818	91.400000	2.404416
653	47.691929	11.529390	0.072939	91.400000	2.396170
654	47.689641	11.506609	0.145879	91.400000	2.308972
655	47.690356	11.512088	0.145879	91.400000	2.309870
656	47.701582	11.474049	0.218818	91.400000	2.403625
657	47.699937	11.434124	0.145879	91.400000	2.392566
658	47.704744	11.407566	0.145879	91.400000	2.393684
659	47.699779	11.446113	0.145879	91.400000	2.308213
660	47.696310	11.447830	0.072939	91.400000	2.472362
661	47.691861	11.442991	0.218818	91.400000	2.486219
662	47.683516	11.500967	0.218818	91.400000	2.410920
663	47.679782	11.524237	0.218818	91.400000	2.537318
664	47.679710	11.487604	0.218818	91.400000	2.488340
665	47.690278	11.516707	0.218818	91.400000	2.457575
666	47.839653	11.502931	0.218818	91.400000	2.401373
667	47.889876	11.546315	0.145879	91.400000	2.459422
668	47.904980	11.558629	0.145879	91.400000	2.517851
669	47.913694	11.515514	0.145879	91.400000	2.477166
670	47.922504	11.505231	0.218818	91.400000	2.391367
671	47.937688	11.548442	0.145879	91.400000	2.401400
672	47.936976	11.601731	0.145879	91.400000	2.309824
673	47.948015	11.596089	0.218818	91.400000	2.310116
674	47.945809	11.645266	0.145879	91.400000	2.309299
675	47.963053	11.544894	0.072939	91.400000	2.309495
676	47.960472	11.566787	0.145879	91.400000	2.497123
677	47.961900	11.585648	0.145879	91.400000	2.323144
678	47.964793	11.557779	0.145879	91.400000	2.302008
679	47.972322	11.592161	0.145879	91.400000	2.401526
680	47.960708	11.614577	0.218818	91.400000	2.386440
681	47.965917	11.580336	0.145879	91.400000	2.507133
682	47.964889	11.633048	0.218818	91.400000	2.499276
683	47.972336	11.585237	0.145879	91.400000	2.407357
684	47.976357	11.535963	0.145879	91.400000	2.494526
685	47.980142	11.549661	0.145879	91.400000	2.408759
686	47.977650	11.490599	0.145879	91.400000	2.503380
687	47.988957	11.497394	0.145879	91.400000	2.489741
688	47.974712	11.592088	0.145879	91.400000	2.482705
689	47.981137	11.616945	0.145879	91.400000	2.392537
690	47.976261	11.572986	0.145879	91.400000	2.491258
691	47.983766	11.631830	0.145879	91.400000	2.484146
692	47.981298	11.597117	0.145879	91.400000	2.401834
693	47.995281	11.608211	0.145879	91.400000	2.488858
694	47.978723	11.587761	0.145879	91.400000	2.483106
695	47.983006	11.621083	0.218818	91.400000	2.478306
696	47.981003	11.597079	0.145879	91.400000	2.399787
697	47.986275	11.592672	0.218818	91.400000	2.478822
698	47.983441	11.641899	0.218818	91.400000	2.485260
699	47.983575	11.585572	0.072939	91.400000	2.385310
700	47.987008	11.584758	0.145879	91.400000	2.558343
701	47.986144	11.581216	0.145879	91.400000	2.485543
702	47.978443	11.566230	0.072939	91.400000	2.486995
703	47.984451	11.597170	0.145879	91.400000	2.395426
704	47.986206	11.642340	0.145879	91.400000	2.490542
705	47.982591	11.682224	0.145879	91.400000	2.482980
706	47.982150	11.684167	0.145879	91.400000	2.399204
707	47.982278	11.613726	0.145879	91.400000	2.486471
708	47.976735	11.513616	0.145879	91.400000	2.479716
709	47.973770	11.604411	0.218818	91.400000	2.475691
710	47.976488	11.563763	0.145879	91.400000	2.494655
711	47.978544	11.574816	0.072939	91.400000	2.402803
712	47.976464	11.585679	0.145879	91.400000	2.478688
713	47.979695	11.572396	0.145879	91.400000	2.476435
714	47.978261	11.553420	0.145879	91.400000	2.455755
715	47.985157	11.566405	0.072939	91.400000	2.491238
716	47.976828	11.592414	0.145879	91.400000	2.478844
717	47.970229	11.601773	0.145879	91.400000	2.383503
718	47.976667	11.535126	0.145879	91.400000	2.489530
719	47.974050	11.519832	0.145879	91.400000	2.490384
720	47.976613	11.549215	0.145879	91.400000	2.399334
721	47.982106	11.563143	0.145879	91.400000	2.490721
722	47.982574	11.570215	0.072939	91.400000	2.475384
723	47.986424	11.609334	0.145879	91.400000	2.493081
724	47.979057	11.622556	0.218818	91.400000	2.485360
725	47.974265	11.631924	0.218818	91.400000	2.397180
726	47.986162	11.660712	0.145879	91.400000	2.487214
727	47.989136	11.677238	0.218818	91.400000	2.402054
728	48.008627	11.613234	0.218818	91.400000	2.466192
729	47.999430	11.664205	0.145879	91.400000	2.468256
730	47.998321	11.624818	0.145879	91.400000	2.502333
731	47.999364	11.596898	0.145879	91.400000	2.419812
732	47.990513	11.595957	0.145879	91.400000	2.492238
733	47.985077	11.637124	0.145879	91.400000	2.406423
734	47.988930	11.641873	0.072939	91.400000	2.493620
735	47.979847	11.658375	0.072939	91.400000	2.490324
736	47.987622	11.636080	0.072939	91.400000	2.474174
737	47.980040	11.647158	0.072939	91.400000	2.488946
738	47.985160	11.686877	0.072939	91.400000	2.384502
739	47.978896	11.647502	0.072939	91.400000	2.492801
740	47.989565	11.629275	0.145879	91.400000	2.390676
741	47.986978	11.623321	0.145879	91.400000	2.472561
742	47.985876	11.646398	0.145879	91.400000	2.489427
743	47.992522	11.613648	0.145879	91.400000	2.496471
744	47.987145	11.627288	0.145879	91.400000	2.508599
745	47.993708	11.651454	0.072939	91.400000	2.399793
746	47.992754	11.647109	0.145879	91.400000	2.495764
747	47.988498	11.693745	0.072939	91.400000	2.402700
748	47.980195	11.693457	0.145879	91.400000	2.505794
749	47.988874	11.658110	0.145879	91.400000	2.479854
750	47.989815	11.636965	0.218818	91.400000	2.476223
751	47.995514	11.637648	0.145879	91.400000	2.492978
752	47.994649	11.627705	0.145879	91.400000	2.394855
753	47.994274	11.622821	0.218818	91.400000	2.481267
754	47.988376	11.591868	0.145879	91.400000	2.479794
755	47.985655	11.639603	0.145879	91.400000	2.461068
756	47.986454	11.625258	0.072939	91.400000	2.474897
757	47.986042	11.703410	0.072939	91.400000	2.473644
758	47.987986	11.652754	0.218818	91.400000	2.486034
759	47.990811	11.688802	0.145879	91.400000	2.384063
760	47.986251	11.616795	0.145879	91.400000	2.487827
761	47.985476	11.669483	0.072939	91.400000	2.401222
762	47.989523	11.647433	0.218818	91.400000	2.502953
763	47.985911	11.671164	0.218818	91.400000	2.482235
764	47.991884	11.652652	0.145879	91.400000	2.489616
765	47.986615	11.616693	0.218818	91.400000	2.485276
766	47.992754	11.618324	0.218818	91.400000	2.408360
767	47.995937	11.607407	0.072939	91.400000	2.505418
768	47.984260	11.639183	0.145879	91.400000	2.401133
769	47.986454	11.627119	0.218818	91.400000	2.410492
770	47.979391	11.575085	0.218818	91.400000	2.484256
771	47.977734	11.614685	0.145879	91.400000	2.495061
772	47.979936	11.673935	0.145879	91.400000	2.479846
773	47.980547	11.613872	0.218818	91.400000	2.466619
774	47.986674	11.650985	0.145879	91.400000	2.402267
775	47.990215	11.697322	0.145879	91.400000	2.494967
776	47.984004	11.621013	0.072939	91.400000	2.497245
777	47.989514	11.649019	0.072939	91.400000	2.494335
778	47.995979	11.713473	0.145879	91.400000	2.469046
779	47.999945	11.666346	0.145879	91.400000	2.400258
780	48.143554	11.670527	0.145879	91.400000	2.494622
781	48.171300	11.658264	0.145879	91.400000	2.403706
782	48.181522	11.625388	0.145879	91.400000	2.489244
783	48.184237	11.680014	0.145879	91.400000	2.471043
784	48.194188	11.680701	0.072939	91.400000	2.466774
785	48.192149	11.669867	0.072939	91.400000	2.489082
786	48.195463	11.645762	0.072939	91.400000	2.502250
787	48.192012	11.643385	0.145879	91.400000	2.492523
788	48.192221	11.647505	0.145879	91.400000	2.420789
789	48.197889	11.665472	0.072939	91.400000	2.503075
790	48.200494	11.651385	0.072939	91.400000	2.407181
791	48.201394	11.661640	0.145879	91.400000	2.487081
792	48.200929	11.633492	0.145879	91.400000	2.477671
793	48.205924	11.645193	0.145879	91.400000	2.475371
794	48.204321	11.654949	0.145879	91.400000	2.507487
795	48.208255	11.665738	0.145879	91.400000	2.393235
796	48.203266	11.667286	0.145879	91.400000	2.497928
797	48.200393	11.690979	0.145879	91.400000	2.387273
798	48.202553	11.689147	0.145879	91.400000	2.475743
799	48.207119	11.664317	0.145879	91.400000	2.478610
800	48.212212	11.662291	0.145879	91.400000	2.494727
801	48.218864	11.649713	0.145879	91.400000	2.411816
802	48.208672	11.657786	0.145879	91.400000	2.494925
803	48.217589	11.648252	0.145879	91.400000	2.491116
804	48.211947	11.674906	0.145879	91.400000	2.389868
805	48.214501	11.673127	0.145879	91.400000	2.471385
806	48.209307	11.639934	0.145879	91.400000	2.470961
807	48.217034	11.663150	0.145879	91.400000	2.417435
808	48.216841	11.647615	0.145879	91.400000	2.483093
809	48.208532	11.641906	0.145879	91.400000	2.486242
810	48.208097	11.633461	0.145879	91.400000	2.484641
811	48.207915	11.648525	0.145879	91.400000	2.477921
812	48.203251	11.671477	0.145879	91.400000	2.481249
813	48.214638	11.673453	0.145879	91.400000	2.404301
814	48.211879	11.657936	0.145879	91.400000	2.417210
815	48.214787	11.639675	0.145879	91.400000	2.397230
816	48.214000	11.629161	0.145879	91.400000	2.484282
817	48.211685	11.625405	0.145879	91.400000	2.372314
818	48.211151	11.606283	0.218818	91.400000	2.303243
819	48.222679	11.604509	0.145879	91.400000	2.458322
820	48.224849	11.609003	0.145879	91.400000	2.447203
821	48.222697	11.607796	0.145879	91.400000	2.387234
822	48.221713	11.612263	0.145879	91.400000	2.319753
823	48.219872	11.650456	0.145879	91.400000	2.324805
824	48.223096	11.608475	0.145879	91.400000	2.305072
825	48.222077	11.606209	0.145879	91.400000	2.294303
826	48.227179	11.595095	0.145879	91.400000	2.401450
827	48.226395	11.605409	0.145879	91.400000	2.303457
828	48.228163	11.607697	0.145879	91.400000	2.378253
829	48.225626	11.597743	0.145879	91.400000	2.410759
830	48.222625	11.608250	0.145879	91.400000	2.496764
831	48.226401	11.623434	0.145879	91.400000	2.416628
832	48.226303	11.621474	0.145879	91.400000	2.468887
833	48.223537	11.615921	0.145879	91.400000	2.483338
834	48.221213	11.621507	0.145879	91.400000	2.482925
835	48.223868	11.650304	0.145879	91.400000	2.481648
836	48.225665	11.644894	0.145879	91.400000	2.398340
837	48.230708	11.644680	0.145879	91.400000	2.489181
838	48.228374	11.664891	0.145879	91.400000	2.432450
839	48.230267	11.620876	0.145879	91.400000	2.491398
840	48.232406	11.647123	0.145879	91.400000	2.486727
841	48.227245	11.649757	0.145879	91.400000	2.445562
842	48.227575	11.637855	0.145879	91.400000	2.470198
843	48.228651	11.642058	0.145879	91.400000	2.347867
844	48.225921	11.643847	0.145879	91.400000	2.414766
845	48.228538	11.636062	0.145879	91.400000	2.407611
846	48.229426	11.676579	0.145879	91.400000	2.313519
847	48.230356	11.672599	0.145879	91.400000	2.587062
848	48.229671	11.706095	0.145879	91.400000	2.301131
849	48.226291	11.657581	0.145879	91.400000	2.303900
850	48.230293	11.637955	0.145879	91.400000	2.416168
851	48.226404	11.630440	0.072939	91.400000	2.404291
852	48.222557	11.642634	0.145879	91.400000	2.330041
853	48.225218	11.625894	0.145879	91.400000	2.304986
854	48.220927	11.640126	0.145879	91.400000	2.401839
855	48.223364	11.669141	0.145879	91.400000	2.388458
856	48.223209	11.656872	0.145879	91.400000	2.510213
857	48.216969	11.648257	0.145879	91.400000	2.403050
858	48.226577	11.667684	0.145879	91.400000	2.495462
859	48.227113	11.671518	0.145879	91.400000	2.491049
860	48.230481	11.655325	0.145879	91.400000	2.372922
861	48.223329	11.659305	0.145879	91.400000	2.490798
862	48.223323	11.692763	0.145879	91.400000	2.482114
863	48.221588	11.697832	0.145879	91.400000	2.410033
864	48.223120	11.663775	0.145879	91.400000	2.487452
865	48.229304	11.661640	0.145879	91.400000	2.482677
866	48.231393	11.690297	0.145879	91.400000	2.488566
867	48.224089	11.676241	0.145879	91.400000	2.459956
868	48.229602	11.656536	0.145879	91.400000	2.399803
869	48.231664	11.662551	0.145879	91.400000	2.500413
870	48.233235	11.626413	0.145879	91.400000	2.495017
871	48.232993	11.631683	0.145879	91.400000	2.501021
872	48.228085	11.661271	0.145879	91.400000	2.373545
873	48.223716	11.654038	0.145879	91.400000	2.402246
874	48.229134	11.669042	0.145879	91.400000	2.568536
875	48.227924	11.647696	0.145879	91.400000	2.404068
876	48.231101	11.651750	0.145879	91.400000	2.504819
877	48.236033	11.645060	0.145879	91.400000	2.506967
878	48.235783	11.657918	0.145879	91.400000	2.418604
879	48.236066	11.641045	0.145879	91.400000	2.499249
880	48.235166	11.629309	0.145879	91.400000	2.390454
881	48.236990	11.625525	0.145879	91.400000	2.475049
882	48.239380	11.607162	0.145879	91.400000	2.481798
883	48.229548	11.626946	0.145879	91.400000	2.483954
884	48.228610	11.604621	0.145879	91.400000	2.416117
885	48.232412	11.643778	0.145879	91.400000	2.485393
886	48.229593	11.658518	0.145879	91.400000	2.486535
887	48.229831	11.673362	0.145879	91.400000	2.386136
888	48.226607	11.702403	0.145879	91.400000	2.492257
889	48.226470	11.685275	0.145879	91.400000	2.475461
890	48.231858	11.649466	0.145879	91.400000	2.499053
891	48.236325	11.681655	0.145879	91.400000	2.505647
892	48.240572	11.698317	0.145879	91.400000	2.404567
893	48.239687	11.700709	0.145879	91.400000	2.484042
894	48.239163	11.704666	0.145879	91.400000	2.480409
895	48.230225	11.681186	0.145879	91.400000	2.461788
896	48.238653	11.671370	0.145879	91.400000	2.389773
897	48.235878	11.646752	0.145879	91.400000	2.503535
898	48.235691	11.668064	0.145879	91.400000	2.490542
899	48.234996	11.680049	0.145879	91.400000	2.489090
900	48.241410	11.683277	0.145879	91.400000	2.457387
901	48.236144	11.656948	0.145879	91.400000	2.405874
902	48.237699	11.658935	0.145879	91.400000	2.503686
903	48.237795	11.622138	0.145879	91.400000	2.491631
904	48.236221	11.686070	0.145879	91.400000	2.478976
905	48.234019	11.716870	0.145879	91.400000	2.458944
906	48.235020	11.682928	0.145879	91.400000	2.408299
907	48.236525	11.715746	0.145879	91.400000	2.492975
908	48.233238	11.713450	0.145879	91.400000	2.405123
909	48.233217	11.769871	0.145879	91.400000	2.504098
910	48.238540	11.738603	0.145879	91.400000	2.492513
911	48.244604	11.710917	0.145879	91.400000	2.481251
912	48.243505	11.680489	0.145879	91.400000	2.474771
913	48.238784	11.701259	0.145879	91.400000	2.398351
914	48.241711	11.697707	0.145879	91.400000	2.494648
915	48.237956	11.696973	0.145879	91.400000	2.399672
916	48.237717	11.672579	0.145879	91.400000	2.504493
917	48.239136	11.680735	0.145879	91.400000	2.492528
918	48.232388	11.674088	0.145879	91.400000	2.472407
919	48.238295	11.678996	0.145879	91.400000	2.480320
920	48.241553	11.701031	0.145879	91.400000	2.400559
921	48.235744	11.697848	0.145879	91.400000	2.488634
922	48.240083	11.699356	0.145879	91.400000	2.403257
923	48.235664	11.676198	0.145879	91.400000	2.492810
924	48.237836	11.676728	0.145879	91.400000	2.467217
925	48.230672	11.703075	0.072939	91.400000	2.492781
926	48.230416	11.725897	0.145879	91.400000	2.492644
927	48.232186	11.762272	0.072939	91.400000	2.399619
928	48.231125	11.775832	0.145879	91.400000	2.491107
929	48.229077	11.723023	0.145879	91.400000	2.402285
930	48.237959	11.704688	0.145879	91.400000	2.484743
931	48.231375	11.726019	0.145879	91.400000	2.485817
932	48.234588	11.725298	0.145879	91.400000	2.472664
933	48.233682	11.745495	0.145879	91.400000	2.499533
934	48.231882	11.774790	0.145879	91.400000	2.397833
935	48.230952	11.750816	0.145879	91.400000	2.484021
936	48.237178	11.758282	0.145879	91.400000	2.476457
937	48.235637	11.739911	0.145879	91.400000	2.478761
938	48.236296	11.771813	0.145879	91.400000	2.394577
939	48.231843	11.705890	0.145879	91.400000	2.511269
940	48.234713	11.702844	0.145879	91.400000	2.496481
941	48.237652	11.736039	0.072939	91.400000	2.406849
942	48.229980	11.775261	0.145879	91.400000	2.494412
943	48.231673	11.730348	0.145879	91.400000	2.375746
944	48.232281	11.752685	0.145879	91.400000	2.496111
945	48.237586	11.722002	0.145879	91.400000	2.488021
946	48.239082	11.738683	0.145879	91.400000	2.498988
947	48.235554	11.754561	0.145879	91.400000	2.500235
948	48.238072	11.738249	0.145879	91.400000	2.403940
949	48.240232	11.757052	0.145879	91.400000	2.489060
950	48.241737	11.705885	0.145879	91.400000	2.401343
951	48.241839	11.732827	0.145879	91.400000	2.495775
952	48.234898	11.750362	0.145879	91.400000	2.494246
953	48.238689	11.693427	0.145879	91.400000	2.476200
954	48.232666	11.729905	0.145879	91.400000	2.494340
955	48.234776	11.753500	0.145879	91.400000	2.400392
956	48.242196	11.720124	0.145879	91.400000	2.480878
957	48.235685	11.715352	0.145879	91.400000	2.395767
958	48.236448	11.728436	0.145879	91.400000	2.484425
959	48.242277	11.779512	0.145879	91.400000	2.469828
960	48.242682	11.726013	0.145879	91.400000	2.486489
961	48.241925	11.748642	0.145879	91.400000	2.508643
962	48.241758	11.733895	0.145879	91.400000	2.089705
963	48.276863	11.748458	0.145879	91.400000	2.105372
964	48.277330	11.749663	0.145879	91.400000	2.118036
965	48.276883	11.754403	0.145879	91.400000	2.107498
966	48.277265	11.756350	0.145879	91.400000	2.301835
967	48.277092	11.756574	0.145879	91.400000	2.098626
968	48.277396	11.756436	0.145879	91.400000	2.199268
969	48.277533	11.756495	0.145879	91.400000	2.104398
970	48.277459	11.757681	0.145879	91.400000	2.175964
971	48.277456	11.758035	0.145879	91.400000	2.315326
972	48.277456	11.758035	0.145879	91.400000	2.176296
973	48.277456	11.758035	0.145879	91.400000	2.107104
974	48.277456	11.758035	0.145879	91.400000	2.088052
975	48.277456	11.758035	0.145879	91.400000	2.118297
976	48.277456	11.758035	0.145879	91.400000	2.097166
977	48.277456	11.758035	0.145879	91.400000	2.205173
978	48.277456	11.758035	0.145879	91.400000	2.248759
979	48.277456	11.758035	0.145879	91.400000	2.137609
980	48.277456	11.758035	0.145879	91.400000	2.132824
981	48.277456	11.758035	0.145879	91.400000	2.091804
982	48.277456	11.758035	0.145879	91.400000	2.105682
983	48.277456	11.758035	0.145879	91.400000	2.106992
984	48.277456	11.758035	0.145879	91.400000	2.189827
985	48.277456	11.758035	0.145879	91.400000	2.112309
986	48.277456	11.758035	0.145879	91.400000	2.109479
987	48.277456	11.758035	0.145879	91.400000	2.205965
988	48.277456	11.758035	0.145879	91.400000	2.098474
989	48.277456	11.758035	0.145879	91.400000	2.220075
990	48.277456	11.758035	0.145879	91.400000	2.173468
991	48.277456	11.758035	0.145879	91.400000	2.103717
992	48.277456	11.758035	0.145879	91.400000	2.108570
993	48.277456	11.758035	0.145879	91.400000	2.179866
994	48.277456	11.758035	0.145879	91.400000	2.199447
995	48.277456	11.758035	0.145879	91.400000	2.097104
996	48.277456	11.758035	0.145879	91.400000	2.102451
997	48.277456	11.758035	0.145879	91.400000	2.094640
998	48.277456	11.758035	0.145879	91.400000	2.325620
999	48.277456	11.758035	0.145879	91.400000	2.064165
1000	48.277456	11.758035	0.145879	91.400000	2.293478
1001	48.277456	11.758035	0.145879	91.400000	2.104941
1002	48.277456	11.758035	0.145879	91.400000	2.206580
1003	48.277456	11.758035	0.145879	91.400000	2.294668
1004	48.277456	11.758035	0.145879	91.400000	2.105500
1005	48.277456	11.758035	0.145879	91.400000	2.106341
1006	48.277456	11.758035	0.145879	91.400000	2.100303
1007	48.277456	11.758035	0.145879	91.400000	2.106527
1008	48.277456	11.758035	0.145879	91.400000	2.100844
1009	48.277456	11.758035	0.145879	91.400000	2.210147
1010	48.277456	11.758035	0.145879	91.400000	2.094188
1011	48.277456	11.758035	0.145879	91.400000	2.097838
1012	48.277456	11.758035	0.145879	91.400000	2.099952
1013	48.277456	11.758035	0.145879	91.400000	2.085651
1014	48.277456	11.758035	0.145879	91.400000	2.113615
1015	48.277456	11.758035	0.145879	91.400000	2.192554
1016	48.277456	11.758035	0.145879	91.400000	2.105170
1017	48.277456	11.758035	0.145879	91.400000	2.199281
1018	48.277456	11.758035	0.145879	91.400000	2.115462
1019	48.277456	11.758035	0.145879	91.400000	2.092766
