1	40.028292	6.684589	0.000000	87.000000	2.686829
2	42.091668	7.313505	0.000000	87.000000	2.348329
3	42.468518	7.343382	0.000000	87.000000	2.305331
4	42.611131	7.449974	0.076628	87.000000	2.315988
5	42.687705	7.401673	0.076628	87.000000	2.319062
6	42.718285	7.356936	0.076628	87.000000	2.326600
7	42.738250	7.334852	0.000000	87.000000	2.410866
8	42.764854	7.280924	0.000000	87.000000	2.325830
9	42.783076	7.308309	0.000000	87.000000	2.324741
10	42.800465	7.388289	0.000000	87.000000	2.464651
11	42.817217	7.402829	0.000000	87.000000	2.412554
12	42.813313	7.375464	0.000000	87.000000	2.329776
13	42.824173	7.373919	0.000000	87.000000	2.323506
14	42.811480	7.345928	0.000000	87.000000	2.348048
15	42.817414	7.415056	0.000000	87.000000	2.326527
16	42.825073	7.346571	0.000000	87.000000	2.326308
17	42.826718	7.375293	0.000000	87.000000	2.322494
18	42.843515	7.381633	0.000000	87.000000	2.362800
19	42.843825	7.437191	0.076628	87.000000	2.317714
20	42.850092	7.450880	0.000000	87.000000	2.401330
21	42.858487	7.444680	0.000000	87.000000	2.305551
22	42.852372	7.450693	0.076628	87.000000	2.439089
23	42.854464	7.479355	0.000000	87.000000	2.386014
24	42.854303	7.350843	0.000000	87.000000	2.330135
25	42.862201	7.475739	0.076628	87.000000	2.341442
26	42.843905	7.463043	0.000000	87.000000	2.515028
27	42.856210	7.534085	0.076628	87.000000	2.334442
28	42.865986	7.497934	0.076628	87.000000	2.356218
29	42.875123	7.461394	0.076628	87.000000	2.344356
30	42.873931	7.432563	0.076628	87.000000	2.317938
31	42.856896	7.479974	0.000000	87.000000	2.323505
32	42.868990	7.507051	0.076628	87.000000	2.439998
33	42.868599	7.501467	0.076628	87.000000	2.353755
34	42.865044	7.466048	0.076628	87.000000	2.430697
35	42.868292	7.547079	0.076628	87.000000	2.403192
36	42.877257	7.581431	0.076628	87.000000	2.328275
37	42.874265	7.524636	0.076628	87.000000	2.304666
38	42.872995	7.558667	0.076628	87.000000	2.514899
39	42.873335	7.624715	0.076628	87.000000	2.408198
40	42.864156	7.711179	0.076628	87.000000	2.368877
41	42.873710	7.695722	0.076628	87.000000	2.589815
42	42.868614	7.678180	0.076628	87.000000	2.514817
43	42.869458	7.703867	0.076628	87.000000	2.486411
44	42.862493	7.796503	0.076628	87.000000	2.419217
45	42.878151	7.748175	0.076628	87.000000	2.409963
46	42.883217	7.656489	0.076628	87.000000	2.486579
47	42.875773	7.589023	0.000000	87.000000	2.512005
48	42.870700	7.605612	0.000000	87.000000	2.424552
49	42.868444	7.621839	0.076628	87.000000	2.481582
50	42.869484	7.594382	0.076628	87.000000	2.545475
51	42.873746	7.726657	0.076628	87.000000	2.411219
52	42.885098	7.774887	0.076628	87.000000	2.539477
53	42.876983	7.780184	0.076628	87.000000	2.589793
54	42.876971	7.723245	0.076628	87.000000	2.340303
55	42.890662	7.747139	0.076628	87.000000	2.321246
56	42.866796	7.800508	0.076628	87.000000	2.417360
57	42.869592	7.690601	0.076628	87.000000	2.331070
58	42.873716	7.777412	0.076628	87.000000	2.462554
59	42.897034	7.779217	0.076628	87.000000	2.432136
60	42.891330	7.840524	0.000000	87.000000	2.344808
61	42.898238	7.789206	0.076628	87.000000	2.629877
62	42.895222	7.779513	0.076628	87.000000	2.532695
63	42.902207	7.828814	0.076628	87.000000	2.328651
64	42.901090	7.794493	0.076628	87.000000	2.375029
65	42.891577	7.790029	0.076628	87.000000	2.329836
66	42.892122	7.810607	0.000000	87.000000	2.438509
67	42.881823	7.771685	0.000000	87.000000	2.309318
68	42.873996	7.722377	0.000000	87.000000	2.367637
69	42.886728	7.690513	0.000000	87.000000	2.357674
70	42.892280	7.727155	0.000000	87.000000	2.351715
71	42.878175	7.768782	0.000000	87.000000	2.438121
72	42.888397	7.773190	0.000000	87.000000	2.405742
73	42.884853	7.844146	0.000000	87.000000	2.415085
74	42.906591	7.843185	0.000000	87.000000	2.357315
75	42.907190	7.851143	0.000000	87.000000	2.416929
76	42.920250	7.820773	0.076628	87.000000	2.348749
77	42.905074	7.784384	0.076628	87.000000	2.405199
78	42.922148	7.802159	0.076628	87.000000	2.364412
79	42.916822	7.841882	0.076628	87.000000	2.340831
80	42.914867	7.812451	0.000000	87.000000	2.364284
81	42.903024	7.921517	0.076628	87.000000	2.344982
82	42.910182	7.971806	0.000000	87.000000	2.425272
83	42.905107	7.942094	0.076628	87.000000	2.611731
84	42.896381	7.846513	0.076628	87.000000	2.396991
85	42.914701	7.893056	0.000000	87.000000	2.335236
86	42.919248	7.913275	0.000000	87.000000	2.325572
87	42.915413	7.949920	0.076628	87.000000	2.346474
88	42.918381	7.916591	0.076628	87.000000	2.345445
89	42.916214	7.828601	0.076628	87.000000	2.418869
90	42.924085	7.862039	0.076628	87.000000	2.427184
91	42.917466	7.928793	0.000000	87.000000	2.342383
92	42.898223	7.925412	0.076628	87.000000	2.335769
93	42.905989	7.869360	0.000000	87.000000	2.445358
94	42.908257	7.855324	0.000000	87.000000	2.497574
95	42.911214	7.858449	0.000000	87.000000	2.534784
96	42.918187	7.806617	0.076628	87.000000	2.422613
97	42.921528	7.915703	0.000000	87.000000	2.448916
98	42.919639	7.902469	0.000000	87.000000	2.443716
99	42.911088	7.913076	0.000000	87.000000	2.435470
100	42.908597	7.926272	0.000000	87.000000	2.634249
101	42.920369	7.958219	0.000000	87.000000	2.420869
102	42.901218	7.908988	0.000000	87.000000	2.333752
103	42.909741	7.951499	0.000000	87.000000	2.305466
104	42.908573	8.032056	0.000000	87.000000	2.337089
105	42.897305	8.097279	0.000000	87.000000	2.361020
106	42.900193	8.095035	0.000000	87.000000	2.552332
107	42.914656	8.075607	0.000000	87.000000	2.344943
108	42.930308	7.979534	0.000000	87.000000	2.332359
109	42.925739	8.021762	0.000000	87.000000	2.299646
110	42.909056	8.056037	0.000000	87.000000	2.314905
111	42.916042	8.076288	0.000000	87.000000	2.309905
112	42.907882	8.033321	0.000000	87.000000	2.333898
113	42.908365	8.016830	0.000000	87.000000	2.322483
114	42.913187	8.136838	0.000000	87.000000	2.326969
115	42.901844	8.166004	0.000000	87.000000	2.330657
116	42.916831	8.128567	0.000000	87.000000	2.305436
117	42.915714	8.146380	0.000000	87.000000	2.349963
118	42.921808	8.118285	0.000000	87.000000	2.339604
119	42.923826	8.134143	0.000000	87.000000	2.323168
120	42.935914	8.124475	0.000000	87.000000	2.351437
121	42.929339	8.070829	0.000000	87.000000	2.344995
122	42.949438	8.071482	0.076628	87.000000	2.339297
123	42.924917	8.058539	0.076628	87.000000	2.360455
124	42.924237	8.043929	0.000000	87.000000	2.307896
125	42.929482	8.066446	0.076628	87.000000	2.320813
126	42.929798	8.101479	0.000000	87.000000	2.313081
127	42.921263	8.120835	0.076628	87.000000	2.314994
128	42.929056	8.013740	0.076628	87.000000	2.315917
129	42.919457	8.061779	0.076628	87.000000	2.304301
130	42.920971	8.066746	0.076628	87.000000	2.330246
131	42.931971	8.021166	0.000000	87.000000	2.300652
132	42.948031	7.989633	0.000000	87.000000	2.293267
133	42.928743	7.996814	0.000000	87.000000	2.301257
134	42.931831	8.111551	0.000000	87.000000	2.359381
135	42.924255	8.226497	0.000000	87.000000	2.324656
136	42.920750	8.175508	0.000000	87.000000	2.321916
137	42.926204	8.139213	0.000000	87.000000	2.337452
138	42.930424	8.228896	0.000000	87.000000	2.361356
139	42.932230	8.218195	0.000000	87.000000	2.330401
140	42.925307	8.190294	0.000000	87.000000	2.417243
141	42.921007	8.221101	0.000000	87.000000	2.286374
142	42.911756	8.155462	0.076628	87.000000	2.321305
143	42.914420	8.156879	0.076628	87.000000	2.492919
144	42.921337	8.227260	0.000000	87.000000	2.413533
145	42.917854	8.155428	0.076628	87.000000	2.297788
146	42.914718	8.170565	0.000000	87.000000	2.313594
147	42.923510	8.185095	0.000000	87.000000	2.502615
148	42.915159	8.169533	0.076628	87.000000	2.409582
149	42.931616	8.181025	0.076628	87.000000	2.354111
150	42.930546	8.217225	0.076628	87.000000	2.345383
151	42.925787	8.228581	0.000000	87.000000	2.434361
152	42.919254	8.242740	0.076628	87.000000	2.353842
153	42.929861	8.212394	0.076628	87.000000	2.436146
154	42.928934	8.245000	0.076628	87.000000	2.409774
155	42.926627	8.184118	0.000000	87.000000	2.406997
156	42.932341	8.248059	0.076628	87.000000	2.499223
157	42.926961	8.249248	0.076628	87.000000	2.399893
158	42.927516	8.253398	0.076628	87.000000	2.374889
159	42.937657	8.206289	0.000000	87.000000	2.524157
160	42.938054	8.192010	0.000000	87.000000	2.445831
161	42.941588	8.275327	0.076628	87.000000	2.378459
162	42.938834	8.303173	0.076628	87.000000	2.375781
163	42.929518	8.280773	0.076628	87.000000	2.465709
164	42.942727	8.286343	0.076628	87.000000	2.385051
165	42.937678	8.311000	0.000000	87.000000	2.369652
166	42.943418	8.330585	0.000000	87.000000	2.502172
167	42.936864	8.362729	0.000000	87.000000	2.461362
168	42.938876	8.343978	0.000000	87.000000	2.387358
169	42.940027	8.224457	0.000000	87.000000	2.436232
170	42.934141	8.161066	0.000000	87.000000	2.361944
171	42.910826	8.166304	0.000000	87.000000	2.335838
172	42.923772	8.211910	0.000000	87.000000	2.359329
173	42.913759	8.226812	0.000000	87.000000	2.332302
174	43.117684	8.129974	0.000000	87.000000	2.315256
175	43.160343	8.183271	0.000000	87.000000	2.343788
176	43.179712	8.191570	0.000000	87.000000	2.356966
177	43.198982	8.170745	0.000000	87.000000	2.339520
178	43.214911	8.174465	0.000000	87.000000	2.335282
179	43.211874	8.189432	0.000000	87.000000	2.345537
180	43.230897	8.190592	0.076628	87.000000	2.321806
181	43.230146	8.323861	0.000000	87.000000	2.334778
182	43.242344	8.347878	0.000000	87.000000	2.316402
183	43.245676	8.293914	0.000000	87.000000	2.306705
184	43.246490	8.267354	0.000000	87.000000	2.330474
185	43.241030	8.332348	0.000000	87.000000	2.520665
186	43.255150	8.313775	0.000000	87.000000	2.419482
187	43.250334	8.322263	0.000000	87.000000	2.396441
188	43.250540	8.373339	0.000000	87.000000	2.404002
189	43.236497	8.313936	0.000000	87.000000	2.329017
190	43.235540	8.316873	0.000000	87.000000	2.317081
191	43.240488	8.289961	0.000000	87.000000	2.520452
192	43.244210	8.369322	0.000000	87.000000	2.344602
193	43.249434	8.328432	0.000000	87.000000	2.337941
194	43.249461	8.343396	0.076628	87.000000	2.544708
195	43.255496	8.372059	0.000000	87.000000	2.407392
196	43.255806	8.308072	0.000000	87.000000	2.432621
197	43.262836	8.314990	0.000000	87.000000	2.625312
198	43.271488	8.225015	0.000000	87.000000	2.328564
199	43.261588	8.299068	0.000000	87.000000	2.377192
200	43.280292	8.268523	0.000000	87.000000	2.431104
201	43.266296	8.303004	0.000000	87.000000	2.351287
202	43.268329	8.331619	0.076628	87.000000	2.409985
203	43.283808	8.297318	0.076628	87.000000	2.342751
204	43.282971	8.341662	0.000000	87.000000	2.316243
205	43.280947	8.423829	0.000000	87.000000	2.450272
206	43.276191	8.372341	0.000000	87.000000	2.387474
207	43.275744	8.446048	0.000000	87.000000	2.337299
208	43.269759	8.414649	0.000000	87.000000	2.314060
209	43.274069	8.405709	0.076628	87.000000	2.485134
210	43.279058	8.440078	0.000000	87.000000	2.504712
211	43.273783	8.358870	0.076628	87.000000	2.404297
212	43.272895	8.351799	0.000000	87.000000	2.409515
213	43.265599	8.336157	0.076628	87.000000	2.406229
214	43.275830	8.389948	0.076628	87.000000	2.312915
215	43.280515	8.387351	0.000000	87.000000	2.352749
216	43.289846	8.455071	0.076628	87.000000	2.324162
217	43.270850	8.472896	0.000000	87.000000	2.331110
218	43.269056	8.380526	0.000000	87.000000	2.504199
219	43.273705	8.363261	0.076628	87.000000	2.328012
220	43.290764	8.372586	0.000000	87.000000	2.339343
221	43.289295	8.448471	0.000000	87.000000	2.333280
222	43.292087	8.416232	0.076628	87.000000	2.512250
223	43.293753	8.356490	0.076628	87.000000	2.408113
224	43.291387	8.346077	0.076628	87.000000	2.492781
225	43.286550	8.295984	0.076628	87.000000	2.399940
226	43.289399	8.332888	0.000000	87.000000	2.511475
227	43.291152	8.388448	0.000000	87.000000	2.515572
228	43.294632	8.350061	0.076628	87.000000	2.415138
229	43.278193	8.362886	0.000000	87.000000	2.500689
230	43.282092	8.307216	0.076628	87.000000	2.402676
231	43.284184	8.300674	0.076628	87.000000	2.495892
232	43.289497	8.359707	0.076628	87.000000	2.494498
233	43.287188	8.438247	0.076628	87.000000	2.516164
234	43.276620	8.391097	0.076628	87.000000	2.409575
235	43.271148	8.473648	0.076628	87.000000	2.517958
236	43.286288	8.459650	0.076628	87.000000	2.496778
237	43.280789	8.444889	0.076628	87.000000	2.499834
238	43.287402	8.408002	0.076628	87.000000	2.505917
239	43.270147	8.507300	0.076628	87.000000	2.503765
240	43.287003	8.485543	0.076628	87.000000	2.491724
241	43.281019	8.475535	0.076628	87.000000	2.497662
242	43.279076	8.432216	0.076628	87.000000	2.409267
243	43.290010	8.429049	0.076628	87.000000	2.528660
244	43.284738	8.425095	0.076628	87.000000	2.411167
245	43.293968	8.386164	0.000000	87.000000	2.509000
246	43.293330	8.374096	0.000000	87.000000	2.486187
247	43.298340	8.394672	0.076628	87.000000	2.504605
248	43.295723	8.394543	0.076628	87.000000	2.513896
249	43.299383	8.412171	0.076628	87.000000	2.515223
250	43.295902	8.390490	0.000000	87.000000	2.510391
251	43.316454	8.316041	0.076628	87.000000	2.408217
252	43.300343	8.389900	0.076628	87.000000	2.506856
253	43.299818	8.441054	0.076628	87.000000	2.412837
254	43.315494	8.489526	0.076628	87.000000	2.524988
255	43.307665	8.460356	0.076628	87.000000	2.495571
256	43.296123	8.474952	0.076628	87.000000	2.423733
257	43.290877	8.501926	0.076628	87.000000	2.509438
258	43.298051	8.460399	0.076628	87.000000	2.501081
259	43.295330	8.455466	0.076628	87.000000	2.427386
260	43.304831	8.422483	0.076628	87.000000	2.427474
261	43.307942	8.459262	0.076628	87.000000	2.487263
262	43.305102	8.424239	0.076628	87.000000	2.482761
263	43.310294	8.433451	0.076628	87.000000	2.485048
264	43.296584	8.418706	0.076628	87.000000	2.516814
265	43.302485	8.463609	0.076628	87.000000	2.499825
266	43.297195	8.420386	0.076628	87.000000	2.517511
267	43.288642	8.478296	0.076628	87.000000	2.505564
268	43.292809	8.442790	0.000000	87.000000	2.509007
269	43.311194	8.501241	0.076628	87.000000	2.494707
270	43.309808	8.624120	0.076628	87.000000	2.491407
271	43.310297	8.555766	0.076628	87.000000	2.507468
272	43.306071	8.530157	0.076628	87.000000	2.496814
273	43.304193	8.519014	0.076628	87.000000	2.412844
274	43.302959	8.523645	0.076628	87.000000	2.525325
275	43.298054	8.524361	0.076628	87.000000	2.500307
276	43.300319	8.512169	0.076628	87.000000	2.515838
277	43.294549	8.553613	0.076628	87.000000	2.400836
278	43.303865	8.561479	0.076628	87.000000	2.499698
279	43.304843	8.540896	0.076628	87.000000	2.405903
280	43.311891	8.544415	0.076628	87.000000	2.502179
281	43.309706	8.487574	0.000000	87.000000	2.492473
282	43.299091	8.470502	0.000000	87.000000	2.410901
283	43.304110	8.472603	0.000000	87.000000	2.437282
284	43.297791	8.578879	0.000000	87.000000	2.486286
285	43.284100	8.545772	0.000000	87.000000	2.503245
286	43.297237	8.578008	0.076628	87.000000	2.501697
287	43.313289	8.586360	0.000000	87.000000	2.316160
288	43.297306	8.586501	0.076628	87.000000	2.323909
289	43.308729	8.598748	0.000000	87.000000	2.329546
290	43.307841	8.460405	0.000000	87.000000	2.409095
291	43.307346	8.467508	0.076628	87.000000	2.329401
292	43.304116	8.476391	0.000000	87.000000	2.318709
293	43.315396	8.468865	0.076628	87.000000	2.326077
294	43.316528	8.457327	0.000000	87.000000	2.337243
295	43.324900	8.433139	0.000000	87.000000	2.577140
296	43.323135	8.441566	0.000000	87.000000	2.476932
297	43.324101	8.360194	0.000000	87.000000	2.425518
298	43.315959	8.324404	0.000000	87.000000	2.423861
299	43.314570	8.309764	0.000000	87.000000	2.326437
300	43.317366	8.292132	0.000000	87.000000	2.339505
301	43.299055	8.278161	0.000000	87.000000	2.332018
302	43.307236	8.335512	0.000000	87.000000	2.427349
303	43.302867	8.310924	0.000000	87.000000	2.362008
304	43.301499	8.373365	0.000000	87.000000	2.312259
305	43.306643	8.385308	0.000000	87.000000	2.513047
306	43.294960	8.345157	0.000000	87.000000	2.506849
307	43.297106	8.342783	0.000000	87.000000	2.417982
308	43.297362	8.356362	0.000000	87.000000	2.419232
309	43.298420	8.384791	0.000000	87.000000	2.399030
310	43.296880	8.397994	0.000000	87.000000	2.531783
311	43.311977	8.428968	0.000000	87.000000	2.304450
312	43.319225	8.419448	0.000000	87.000000	2.334899
313	43.323398	8.386466	0.000000	87.000000	2.333314
314	43.321148	8.409083	0.076628	87.000000	2.410800
315	43.311262	8.392477	0.076628	87.000000	2.322733
316	43.307316	8.346807	0.076628	87.000000	2.443043
317	43.319014	8.373102	0.076628	87.000000	2.414958
318	43.318576	8.349809	0.076628	87.000000	2.425478
319	43.321174	8.352915	0.076628	87.000000	2.326103
320	43.304482	8.325733	0.076628	87.000000	2.463097
321	43.330926	8.391293	0.076628	87.000000	2.504125
322	43.321401	8.283636	0.076628	87.000000	2.462733
323	43.313587	8.284334	0.076628	87.000000	2.515872
324	43.316019	8.358303	0.076628	87.000000	2.481955
325	43.305957	8.408368	0.076628	87.000000	2.510138
326	43.311739	8.422990	0.076628	87.000000	2.495023
327	43.319184	8.450792	0.076628	87.000000	2.332583
328	43.322578	8.511218	0.076628	87.000000	2.351984
329	43.301138	8.450946	0.000000	87.000000	2.336858
330	43.309096	8.412311	0.076628	87.000000	2.324735
331	43.309635	8.427561	0.076628	87.000000	2.428071
332	43.305421	8.352972	0.000000	87.000000	2.336504
333	43.312114	8.362660	0.000000	87.000000	2.306816
334	43.318224	8.329102	0.000000	87.000000	2.589111
335	43.307179	8.418614	0.000000	87.000000	2.415928
336	43.311113	8.332115	0.000000	87.000000	2.481865
337	43.313241	8.357388	0.000000	87.000000	2.513390
338	43.321514	8.350304	0.000000	87.000000	2.495049
339	43.310201	8.375713	0.000000	87.000000	2.404571
340	43.314779	8.416190	0.076628	87.000000	2.604860
341	43.307602	8.458140	0.076628	87.000000	2.301239
342	43.324563	8.325108	0.000000	87.000000	2.350296
343	43.310019	8.389024	0.000000	87.000000	2.435327
344	43.317500	8.384752	0.000000	87.000000	2.519047
345	43.310493	8.414907	0.000000	87.000000	2.512035
346	43.304455	8.454614	0.076628	87.000000	2.582444
347	43.306172	8.414849	0.000000	87.000000	2.341028
348	43.305916	8.468193	0.076628	87.000000	2.367303
349	43.310857	8.382836	0.076628	87.000000	2.509005
350	43.313402	8.386091	0.076628	87.000000	2.430597
351	43.334591	8.392182	0.076628	87.000000	2.438051
352	43.327981	8.385148	0.000000	87.000000	2.327154
353	43.315810	8.427339	0.000000	87.000000	2.351798
354	43.323490	8.360045	0.076628	87.000000	2.423638
355	43.323207	8.307308	0.000000	87.000000	2.429897
356	43.316019	8.268232	0.000000	87.000000	2.420876
357	43.305159	8.295212	0.000000	87.000000	2.373412
358	43.308890	8.339403	0.000000	87.000000	2.423723
359	43.311572	8.393956	0.000000	87.000000	2.345051
360	43.308079	8.415598	0.000000	87.000000	2.336660
361	43.312073	8.388814	0.000000	87.000000	2.310670
362	43.320736	8.412330	0.000000	87.000000	2.328994
363	43.313479	8.389246	0.076628	87.000000	2.351266
364	43.318641	8.386632	0.076628	87.000000	2.322313
365	43.318748	8.406499	0.000000	87.000000	2.424292
366	43.315503	8.442323	0.000000	87.000000	2.425711
367	43.310639	8.376481	0.000000	87.000000	2.402112
368	43.304318	8.393202	0.000000	87.000000	2.382743
369	43.319091	8.363003	0.000000	87.000000	2.353796
370	43.311843	8.430671	0.000000	87.000000	2.340752
371	43.321258	8.380899	0.000000	87.000000	2.340540
372	43.310884	8.382968	0.000000	87.000000	2.329411
373	43.317330	8.390946	0.000000	87.000000	2.406146
374	43.314523	8.384536	0.076628	87.000000	2.418090
375	43.320048	8.433145	0.076628	87.000000	2.438389
376	43.309909	8.344210	0.076628	87.000000	2.315049
377	43.298450	8.416015	0.000000	87.000000	2.480888
378	43.307549	8.343923	0.076628	87.000000	2.422765
379	43.301994	8.316562	0.076628	87.000000	2.584497
380	43.309814	8.440301	0.076628	87.000000	2.418281
381	43.297029	8.349694	0.076628	87.000000	2.508880
382	43.295160	8.344816	0.000000	87.000000	2.324790
383	43.304354	8.359221	0.076628	87.000000	2.339661
384	43.289083	8.380775	0.076628	87.000000	2.415121
385	43.305111	8.388747	0.076628	87.000000	2.360687
386	43.303937	8.382252	0.076628	87.000000	2.340053
387	43.296871	8.394910	0.000000	87.000000	2.444892
388	43.307197	8.388640	0.076628	87.000000	2.326575
389	43.308783	8.322739	0.000000	87.000000	2.420024
390	43.314201	8.372225	0.000000	87.000000	2.519471
391	43.300796	8.403103	0.000000	87.000000	2.504486
392	43.304828	8.330933	0.000000	87.000000	2.424371
393	43.310103	8.369195	0.000000	87.000000	2.482762
394	43.317959	8.378973	0.076628	87.000000	2.317068
395	43.313557	8.435714	0.000000	87.000000	2.323425
396	43.316880	8.448539	0.076628	87.000000	2.332171
397	43.305355	8.503765	0.076628	87.000000	2.335994
398	43.300778	8.402402	0.076628	87.000000	2.422727
399	43.301642	8.369847	0.076628	87.000000	2.311408
400	43.301654	8.285404	0.076628	87.000000	2.317137
401	43.307996	8.349195	0.076628	87.000000	2.457354
402	43.301809	8.295105	0.076628	87.000000	2.433973
403	43.477410	8.245404	0.000000	87.000000	2.297531
404	43.528125	8.231588	0.076628	87.000000	2.324081
405	43.549725	8.235491	0.000000	87.000000	2.536603
406	43.554801	8.219618	0.000000	87.000000	2.309529
407	43.569928	8.251537	0.000000	87.000000	2.332022
408	43.581200	8.201610	0.000000	87.000000	2.335319
409	43.572479	8.235099	0.000000	87.000000	2.416027
410	43.593258	8.238747	0.000000	87.000000	2.352562
411	43.601179	8.315275	0.000000	87.000000	2.338100
412	43.594304	8.302828	0.000000	87.000000	2.437253
413	43.602180	8.282834	0.000000	87.000000	2.521426
414	43.617719	8.263006	0.076628	87.000000	2.490212
415	43.613851	8.302901	0.000000	87.000000	2.511687
416	43.604642	8.301373	0.000000	87.000000	2.501949
417	43.607384	8.244026	0.000000	87.000000	2.502230
418	43.616685	8.296527	0.000000	87.000000	2.491881
419	43.602812	8.230028	0.000000	87.000000	2.503228
420	43.604177	8.273352	0.000000	87.000000	2.510900
421	43.612331	8.325324	0.000000	87.000000	2.501420
422	43.610770	8.358820	0.000000	87.000000	2.425322
423	43.596065	8.384065	0.000000	87.000000	2.536328
424	43.618643	8.394201	0.000000	87.000000	2.387572
425	43.629104	8.335354	0.000000	87.000000	2.434978
426	43.629259	8.319573	0.000000	87.000000	2.427272
427	43.617356	8.291155	0.000000	87.000000	2.325831
428	43.624121	8.327054	0.000000	87.000000	2.336982
429	43.614256	8.363515	0.000000	87.000000	2.347027
430	43.617392	8.316922	0.000000	87.000000	2.328191
431	43.617657	8.367052	0.000000	87.000000	2.332170
432	43.613407	8.302130	0.000000	87.000000	2.438025
433	43.608600	8.338658	0.000000	87.000000	2.433312
434	43.601969	8.344612	0.000000	87.000000	2.318897
435	43.608502	8.314079	0.000000	87.000000	2.331336
436	43.613595	8.303114	0.000000	87.000000	2.412923
437	43.617561	8.321148	0.000000	87.000000	2.414379
438	43.615544	8.348469	0.000000	87.000000	2.352998
439	43.617642	8.395567	0.000000	87.000000	2.347030
440	43.629038	8.286108	0.000000	87.000000	2.318336
441	43.622902	8.337437	0.000000	87.000000	2.420339
442	43.626809	8.274869	0.000000	87.000000	2.353869
443	43.632340	8.286342	0.000000	87.000000	2.329211
444	43.624875	8.311823	0.000000	87.000000	2.435750
445	43.620905	8.358601	0.000000	87.000000	2.421274
446	43.626976	8.390177	0.076628	87.000000	2.423738
447	43.624413	8.334873	0.000000	87.000000	2.504073
448	43.628982	8.302881	0.076628	87.000000	2.503651
449	43.625987	8.303336	0.000000	87.000000	2.421335
450	43.632162	8.289388	0.000000	87.000000	2.425783
451	43.622768	8.295020	0.000000	87.000000	2.426016
452	43.624541	8.298222	0.000000	87.000000	2.403364
453	43.631083	8.268854	0.000000	87.000000	2.516404
454	43.626356	8.244128	0.000000	87.000000	2.503716
455	43.627787	8.209114	0.000000	87.000000	2.311776
456	43.626118	8.288683	0.000000	87.000000	2.335078
457	43.624204	8.288640	0.000000	87.000000	2.419170
458	43.620071	8.252026	0.000000	87.000000	2.448803
459	43.629313	8.279466	0.000000	87.000000	2.451408
460	43.635121	8.297434	0.000000	87.000000	2.340665
461	43.642512	8.269169	0.000000	87.000000	2.321481
462	43.639952	8.260032	0.000000	87.000000	2.401872
463	43.643701	8.239068	0.000000	87.000000	2.439411
464	43.627048	8.295449	0.000000	87.000000	2.389344
465	43.620721	8.287730	0.000000	87.000000	2.314722
466	43.618751	8.405143	0.000000	87.000000	2.314002
467	43.632099	8.345460	0.000000	87.000000	2.338078
468	43.625918	8.364694	0.000000	87.000000	2.419861
469	43.614841	8.349897	0.000000	87.000000	2.332927
470	43.624136	8.313069	0.000000	87.000000	2.436044
471	43.640798	8.442822	0.000000	87.000000	2.436520
472	43.641895	8.425785	0.000000	87.000000	2.341027
473	43.648511	8.438318	0.076628	87.000000	2.329378
474	43.636137	8.406026	0.076628	87.000000	2.573066
475	43.645757	8.428966	0.076628	87.000000	2.521487
476	43.651205	8.409183	0.000000	87.000000	2.489877
477	43.642032	8.457867	0.000000	87.000000	2.425065
478	43.644434	8.514235	0.000000	87.000000	2.489640
479	43.647856	8.505045	0.000000	87.000000	2.495289
480	43.645000	8.446216	0.000000	87.000000	2.505073
481	43.639588	8.442034	0.000000	87.000000	2.422631
482	43.634582	8.431511	0.000000	87.000000	2.510664
483	43.639469	8.387828	0.000000	87.000000	2.521365
484	43.634093	8.458613	0.000000	87.000000	2.501232
485	43.637782	8.453777	0.000000	87.000000	2.522648
486	43.629387	8.445662	0.000000	87.000000	2.524426
487	43.632066	8.434814	0.000000	87.000000	2.494701
488	43.625370	8.420640	0.000000	87.000000	2.499755
489	43.633929	8.353195	0.000000	87.000000	2.511878
490	43.639264	8.363269	0.000000	87.000000	2.517410
491	43.636295	8.371932	0.000000	87.000000	2.497792
492	43.647325	8.426150	0.000000	87.000000	2.486709
493	43.642908	8.420471	0.076628	87.000000	2.402992
494	43.640080	8.418418	0.076628	87.000000	2.526055
495	43.643600	8.421353	0.000000	87.000000	2.516297
496	43.642861	8.413311	0.000000	87.000000	2.490860
497	43.654665	8.472601	0.000000	87.000000	2.429632
498	43.650103	8.408605	0.000000	87.000000	2.438858
499	43.653804	8.454117	0.000000	87.000000	2.322388
500	43.641913	8.436174	0.000000	87.000000	2.348130
501	43.650502	8.355011	0.000000	87.000000	2.515211
502	43.651628	8.418235	0.000000	87.000000	2.527191
503	43.650478	8.434791	0.000000	87.000000	2.331125
504	43.649039	8.385772	0.000000	87.000000	2.343448
505	43.644786	8.450612	0.000000	87.000000	2.417451
506	43.647677	8.400710	0.000000	87.000000	2.357075
507	43.648118	8.413290	0.000000	87.000000	2.329235
508	43.644845	8.348676	0.000000	87.000000	2.440442
509	43.641257	8.397742	0.076628	87.000000	2.416390
510	43.645161	8.369363	0.000000	87.000000	2.430856
511	43.641853	8.329571	0.000000	87.000000	2.321906
512	43.636477	8.379565	0.000000	87.000000	2.418924
513	43.641904	8.326339	0.000000	87.000000	2.582919
514	43.644261	8.425773	0.000000	87.000000	2.402875
515	43.642616	8.384196	0.000000	87.000000	2.594912
516	43.650964	8.390198	0.000000	87.000000	2.423493
517	43.645310	8.405580	0.000000	87.000000	2.338538
518	43.646789	8.444924	0.000000	87.000000	2.332149
519	43.640062	8.381006	0.000000	87.000000	2.333551
520	43.642199	8.402844	0.000000	87.000000	2.335151
521	43.645754	8.385122	0.000000	87.000000	2.351549
522	43.650618	8.404647	0.000000	87.000000	2.311400
523	43.646753	8.383490	0.000000	87.000000	2.423444
524	43.652642	8.309093	0.076628	87.000000	2.501622
525	43.652487	8.359213	0.000000	87.000000	2.515126
526	43.647617	8.318308	0.000000	87.000000	2.421472
527	43.650010	8.304991	0.000000	87.000000	2.506561
528	43.659183	8.369315	0.000000	87.000000	2.501164
529	43.656883	8.340897	0.000000	87.000000	2.424484
530	43.657553	8.341279	0.000000	87.000000	2.513668
531	43.653756	8.396922	0.000000	87.000000	2.424786
532	43.656498	8.384725	0.000000	87.000000	2.498051
533	43.654197	8.448059	0.000000	87.000000	2.428723
534	43.654692	8.434224	0.000000	87.000000	2.488782
535	43.644506	8.453777	0.000000	87.000000	2.518618
536	43.643945	8.436971	0.000000	87.000000	2.414338
537	43.661225	8.453614	0.000000	87.000000	2.500083
538	43.667823	8.435835	0.000000	87.000000	2.490418
539	43.652338	8.408689	0.000000	87.000000	2.502021
540	43.661347	8.382020	0.000000	87.000000	2.509531
541	43.653575	8.379741	0.000000	87.000000	2.506103
542	43.659180	8.419683	0.000000	87.000000	2.404444
543	43.652201	8.393659	0.000000	87.000000	2.499925
544	43.665856	8.438731	0.000000	87.000000	2.503552
545	43.667001	8.418922	0.076628	87.000000	2.407846
546	43.663836	8.454312	0.000000	87.000000	2.419500
547	43.663251	8.381654	0.000000	87.000000	2.394626
548	43.668824	8.397632	0.000000	87.000000	2.328956
549	43.660477	8.342900	0.000000	87.000000	2.357403
550	43.649650	8.390302	0.000000	87.000000	2.332697
551	43.644819	8.332733	0.000000	87.000000	2.444991
552	43.655092	8.346320	0.000000	87.000000	2.338955
553	43.660021	8.316566	0.153257	87.000000	2.324423
554	43.660951	8.319208	0.153257	87.000000	2.407135
555	43.657625	8.359607	0.153257	87.000000	2.422853
556	43.658516	8.386198	0.076628	87.000000	2.406027
557	43.656427	8.384805	0.000000	87.000000	2.313654
558	43.652788	8.367763	0.076628	87.000000	2.415146
559	43.659794	8.367959	0.000000	87.000000	2.312645
560	43.662259	8.353887	0.076628	87.000000	2.301692
561	43.656969	8.358177	0.000000	87.000000	2.327335
562	43.661499	8.344450	0.000000	87.000000	2.333534
563	43.660215	8.353617	0.000000	87.000000	2.326933
564	43.656653	8.354785	0.076628	87.000000	2.346089
565	43.659538	8.323778	0.076628	87.000000	2.424755
566	43.656358	8.327126	0.076628	87.000000	2.429661
567	43.656605	8.308148	0.000000	87.000000	2.519490
568	43.649280	8.341917	0.076628	87.000000	2.507398
569	43.665963	8.378602	0.000000	87.000000	2.413178
570	43.663409	8.405200	0.000000	87.000000	2.513779
571	43.653744	8.376367	0.000000	87.000000	2.514004
572	43.657243	8.370907	0.000000	87.000000	2.398403
573	43.659416	8.357533	0.000000	87.000000	2.500922
574	43.662319	8.347200	0.000000	87.000000	2.506371
575	43.655640	8.371679	0.076628	87.000000	2.414490
576	43.649048	8.424436	0.000000	87.000000	2.421523
577	43.655521	8.517982	0.076628	87.000000	2.529293
578	43.653208	8.450658	0.076628	87.000000	2.512489
579	43.658105	8.413036	0.000000	87.000000	2.499775
580	43.654597	8.460288	0.000000	87.000000	2.419046
581	43.660641	8.445805	0.000000	87.000000	2.494941
582	43.668059	8.464096	0.000000	87.000000	2.515053
583	43.655834	8.447726	0.000000	87.000000	2.507197
584	43.656880	8.421969	0.000000	87.000000	2.398042
585	43.662289	8.441047	0.000000	87.000000	2.530302
586	43.654698	8.393416	0.000000	87.000000	2.332235
587	43.659893	8.385672	0.000000	87.000000	2.408648
588	43.658718	8.374956	0.000000	87.000000	2.331193
589	43.662065	8.383403	0.000000	87.000000	2.323453
590	43.659222	8.335370	0.000000	87.000000	2.304381
591	43.668175	8.328261	0.000000	87.000000	2.322819
592	43.669134	8.398623	0.000000	87.000000	2.336938
593	43.663710	8.375837	0.000000	87.000000	2.498409
594	43.662471	8.356819	0.000000	87.000000	2.415721
595	43.656492	8.382137	0.000000	87.000000	2.417238
596	43.652478	8.378968	0.000000	87.000000	2.310454
597	43.653661	8.373827	0.000000	87.000000	2.472806
598	43.664670	8.375658	0.000000	87.000000	2.419699
599	43.663952	8.319755	0.000000	87.000000	2.422083
600	43.666860	8.307491	0.000000	87.000000	2.319581
601	43.657169	8.324857	0.000000	87.000000	2.430926
602	43.655238	8.333495	0.076628	87.000000	2.326759
603	43.669015	8.317654	0.153257	87.000000	2.427646
604	43.665826	8.343552	0.000000	87.000000	2.320338
605	43.668714	8.385337	0.000000	87.000000	2.342652
606	43.669996	8.304954	0.000000	87.000000	2.338339
607	43.661541	8.327883	0.000000	87.000000	2.418097
608	43.653584	8.340097	0.000000	87.000000	2.500186
609	43.663594	8.297245	0.000000	87.000000	2.503283
610	43.651444	8.348975	0.000000	87.000000	2.499596
611	43.667394	8.302209	0.076628	87.000000	2.505859
612	43.659931	8.351760	0.076628	87.000000	2.417132
613	43.654811	8.361042	0.076628	87.000000	2.525389
614	43.655431	8.350652	0.076628	87.000000	2.423647
615	43.657863	8.368897	0.000000	87.000000	2.574544
616	43.665424	8.378342	0.000000	87.000000	2.432211
617	43.664390	8.394184	0.000000	87.000000	2.509364
618	43.660498	8.359093	0.000000	87.000000	2.408478
619	43.673402	8.383926	0.000000	87.000000	2.505428
620	43.670619	8.365563	0.000000	87.000000	2.492402
621	43.677941	8.429610	0.000000	87.000000	2.517108
622	43.666655	8.386844	0.076628	87.000000	2.494010
623	43.665963	8.407566	0.076628	87.000000	2.486061
624	43.672603	8.445483	0.076628	87.000000	2.404290
625	43.681192	8.412278	0.076628	87.000000	2.523565
626	43.688461	8.481336	0.076628	87.000000	2.417798
627	43.671685	8.470049	0.076628	87.000000	2.517991
628	43.672478	8.420017	0.076628	87.000000	2.497103
629	43.674970	8.441135	0.076628	87.000000	2.313789
630	43.670180	8.364419	0.076628	87.000000	2.335786
631	43.668652	8.360122	0.076628	87.000000	2.318003
632	43.669039	8.350146	0.153257	87.000000	2.399229
633	43.672243	8.357273	0.076628	87.000000	2.348067
634	43.672162	8.395056	0.000000	87.000000	2.339359
635	43.670785	8.381802	0.000000	87.000000	2.337091
636	43.674016	8.435642	0.076628	87.000000	2.430470
637	43.670043	8.406149	0.076628	87.000000	2.321886
638	43.676966	8.414028	0.000000	87.000000	2.409257
639	43.661946	8.432906	0.076628	87.000000	2.481232
640	43.663436	8.441208	0.076628	87.000000	2.343131
641	43.672010	8.369771	0.153257	87.000000	2.355521
642	43.663722	8.395406	0.076628	87.000000	2.351779
643	43.658513	8.442084	0.000000	87.000000	2.337656
644	43.665183	8.376905	0.000000	87.000000	2.429308
645	43.661034	8.408927	0.076628	87.000000	2.424930
646	43.656641	8.400672	0.000000	87.000000	2.330883
647	43.663490	8.396110	0.000000	87.000000	2.336047
648	43.660516	8.426379	0.000000	87.000000	2.488722
649	43.663406	8.414712	0.000000	87.000000	2.503643
650	43.655097	8.469194	0.000000	87.000000	2.409600
651	43.667620	8.493302	0.000000	87.000000	2.515603
652	43.667671	8.481074	0.076628	87.000000	2.498988
653	43.680668	8.478630	0.000000	87.000000	2.520598
654	43.677539	8.486443	0.000000	87.000000	2.499903
655	43.671966	8.463179	0.076628	87.000000	2.417411
656	43.670473	8.445578	0.000000	87.000000	2.499599
657	43.666697	8.452336	0.000000	87.000000	2.507379
658	43.674445	8.420204	0.076628	87.000000	2.502628
659	43.675536	8.347016	0.000000	87.000000	2.507979
660	43.669045	8.319452	0.000000	87.000000	2.400347
661	43.668836	8.367932	0.000000	87.000000	2.523965
662	43.671840	8.404869	0.000000	87.000000	2.491414
663	43.683591	8.427951	0.000000	87.000000	2.508335
664	43.678308	8.429348	0.000000	87.000000	2.417078
665	43.679655	8.387125	0.000000	87.000000	2.565173
666	43.663502	8.396251	0.000000	87.000000	2.515817
667	43.674296	8.403273	0.076628	87.000000	2.413748
668	43.668115	8.396992	0.076628	87.000000	2.498714
669	43.661833	8.437640	0.000000	87.000000	2.517714
670	43.672365	8.391010	0.000000	87.000000	2.404770
671	43.675286	8.429468	0.076628	87.000000	2.504181
672	43.680504	8.393647	0.000000	87.000000	2.440217
673	43.672192	8.373311	0.000000	87.000000	2.577762
674	43.668598	8.411282	0.076628	87.000000	2.513134
675	43.684047	8.451163	0.000000	87.000000	2.508542
676	43.681586	8.362126	0.000000	87.000000	2.422349
677	43.669200	8.364959	0.000000	87.000000	2.490757
678	43.849260	8.374352	0.000000	87.000000	2.403647
679	43.881065	8.368733	0.000000	87.000000	2.407592
680	43.898878	8.373588	0.000000	87.000000	2.322879
681	43.907285	8.330717	0.000000	87.000000	2.516886
682	43.913317	8.339874	0.076628	87.000000	2.317134
683	43.917200	8.369684	0.076628	87.000000	2.338290
684	43.922234	8.353663	0.000000	87.000000	2.344833
685	43.925929	8.341707	0.076628	87.000000	2.309443
686	43.927413	8.314123	0.076628	87.000000	2.454872
687	43.932557	8.328910	0.076628	87.000000	2.422330
688	43.926927	8.295554	0.076628	87.000000	2.409760
689	43.934879	8.303967	0.076628	87.000000	2.323259
690	43.940091	8.266518	0.076628	87.000000	2.343529
691	43.943056	8.314215	0.000000	87.000000	2.418420
692	43.945599	8.377270	0.000000	87.000000	2.331956
693	43.948019	8.382528	0.000000	87.000000	2.337466
694	43.943357	8.321957	0.000000	87.000000	2.319809
695	43.943185	8.354712	0.000000	87.000000	2.437575
696	43.945736	8.324639	0.076628	87.000000	2.345206
697	43.951777	8.338707	0.000000	87.000000	2.316968
698	43.950239	8.320924	0.000000	87.000000	2.407024
699	43.959090	8.367275	0.000000	87.000000	2.514542
700	43.956766	8.347363	0.000000	87.000000	2.517162
701	43.956053	8.332582	0.076628	87.000000	2.500944
702	43.961275	8.371887	0.000000	87.000000	2.503067
703	43.961835	8.316781	0.000000	87.000000	2.412262
704	43.964842	8.310120	0.076628	87.000000	2.505491
705	43.972397	8.292131	0.000000	87.000000	2.516446
706	43.963081	8.355829	0.076628	87.000000	2.486311
707	43.964332	8.366180	0.076628	87.000000	2.403937
708	43.970013	8.339995	0.000000	87.000000	2.499328
709	43.967152	8.350564	0.076628	87.000000	2.510552
710	43.967736	8.341356	0.000000	87.000000	2.408340
711	43.969041	8.304942	0.076628	87.000000	2.510262
712	43.963194	8.302286	0.076628	87.000000	2.509799
713	43.966198	8.295527	0.076628	87.000000	2.483564
714	43.962902	8.322324	0.076628	87.000000	2.407914
715	43.965831	8.289478	0.076628	87.000000	2.501513
716	43.962294	8.323291	0.076628	87.000000	2.510283
717	43.965328	8.354472	0.076628	87.000000	2.523418
718	43.963167	8.307360	0.076628	87.000000	2.516540
719	43.960744	8.287933	0.076628	87.000000	2.507598
720	43.961236	8.291021	0.076628	87.000000	2.416264
721	43.954331	8.315896	0.076628	87.000000	2.511299
722	43.953031	8.274207	0.076628	87.000000	2.490783
723	43.959284	8.281809	0.000000	87.000000	2.501550
724	43.961608	8.326286	0.076628	87.000000	2.511395
725	43.962103	8.306811	0.076628	87.000000	2.420521
726	43.961531	8.297794	0.000000	87.000000	2.416226
727	43.965364	8.285097	0.000000	87.000000	2.510157
728	43.962619	8.310140	0.076628	87.000000	2.488489
729	43.968457	8.277324	0.000000	87.000000	2.484993
730	43.970114	8.333151	0.000000	87.000000	2.486151
731	43.970534	8.328037	0.000000	87.000000	2.497488
732	43.967330	8.333092	0.076628	87.000000	2.500688
733	43.972284	8.304556	0.000000	87.000000	2.426566
734	43.963820	8.291647	0.153257	87.000000	2.438870
735	43.971038	8.223395	0.076628	87.000000	2.510047
736	43.965253	8.209378	0.153257	87.000000	2.500820
737	43.964559	8.219913	0.076628	87.000000	2.428301
738	43.964812	8.252669	0.076628	87.000000	2.502226
739	43.969941	8.321312	0.076628	87.000000	2.487485
740	43.973660	8.274497	0.153257	87.000000	2.433369
741	43.968999	8.294587	0.153257	87.000000	2.508845
742	43.970066	8.262389	0.153257	87.000000	2.514008
743	43.970567	8.259282	0.076628	87.000000	2.412676
744	43.978328	8.270459	0.076628	87.000000	2.507711
745	43.972901	8.259554	0.076628	87.000000	2.508637
746	43.975294	8.287443	0.076628	87.000000	2.416807
747	43.973935	8.240152	0.076628	87.000000	2.519887
748	43.968964	8.291523	0.076628	87.000000	2.521676
749	43.969566	8.297712	0.076628	87.000000	2.393103
750	43.975347	8.263599	0.076628	87.000000	2.502232
751	43.979004	8.255468	0.076628	87.000000	2.408051
752	43.973276	8.257588	0.000000	87.000000	2.434426
753	43.966550	8.221491	0.000000	87.000000	2.506330
754	43.962801	8.259421	0.000000	87.000000	2.504015
755	43.972361	8.294800	0.153257	87.000000	2.502692
756	43.973088	8.289861	0.076628	87.000000	2.496013
757	43.969837	8.312593	0.153257	87.000000	2.497730
758	43.971646	8.276565	0.076628	87.000000	2.519186
759	43.963975	8.265162	0.153257	87.000000	2.395329
760	43.966606	8.280533	0.000000	87.000000	2.342020
761	43.968320	8.295941	0.153257	87.000000	2.530985
762	43.972665	8.361447	0.153257	87.000000	2.365539
763	43.967777	8.377698	0.076628	87.000000	2.575182
764	43.967807	8.311561	0.153257	87.000000	2.330007
765	43.976936	8.368053	0.153257	87.000000	2.347063
766	43.968076	8.338527	0.153257	87.000000	2.303964
767	43.968543	8.357885	0.153257	87.000000	2.344888
768	43.964240	8.314660	0.153257	87.000000	2.344742
769	43.966419	8.324904	0.153257	87.000000	2.393830
770	43.969083	8.326631	0.076628	87.000000	2.436257
771	43.969718	8.357281	0.076628	87.000000	2.294589
772	43.967074	8.340375	0.153257	87.000000	2.405629
773	43.972382	8.327954	0.153257	87.000000	2.351952
774	43.972492	8.311640	0.153257	87.000000	2.345636
775	43.967351	8.326585	0.153257	87.000000	2.422467
776	43.964750	8.345273	0.153257	87.000000	2.317520
777	43.963975	8.329453	0.153257	87.000000	2.408612
778	43.968832	8.355234	0.076628	87.000000	2.359269
779	43.968114	8.330881	0.153257	87.000000	2.338106
780	43.970910	8.364766	0.153257	87.000000	2.352392
781	43.966562	8.371364	0.153257	87.000000	2.425709
782	43.969613	8.308646	0.076628	87.000000	2.536929
783	43.967748	8.312251	0.153257	87.000000	2.411537
784	43.970251	8.284645	0.076628	87.000000	2.498603
785	43.972349	8.305294	0.076628	87.000000	2.489178
786	43.967384	8.304953	0.076628	87.000000	2.410633
787	43.967688	8.300954	0.153257	87.000000	2.504070
788	43.972337	8.305873	0.076628	87.000000	2.408355
789	43.972102	8.306011	0.076628	87.000000	2.519372
790	43.972015	8.337838	0.076628	87.000000	2.414996
791	43.970037	8.336425	0.076628	87.000000	2.418666
792	43.973652	8.334249	0.076628	87.000000	2.570852
793	43.970054	8.298057	0.076628	87.000000	2.423943
794	43.975675	8.302526	0.076628	87.000000	2.417277
795	43.974245	8.295763	0.076628	87.000000	2.510518
796	43.975377	8.319952	0.000000	87.000000	2.490159
797	43.976507	8.340043	0.000000	87.000000	2.417884
798	43.973321	8.348048	0.153257	87.000000	2.506402
799	43.974268	8.316909	0.076628	87.000000	2.494349
800	43.976629	8.315609	0.000000	87.000000	2.417430
801	43.978214	8.308363	0.076628	87.000000	2.511512
802	43.967229	8.297626	0.076628	87.000000	2.307364
803	44.024482	8.290771	0.076628	87.000000	2.092105
804	44.025970	8.300637	0.076628	87.000000	2.126331
805	44.025716	8.303636	0.076628	87.000000	2.119740
806	44.026288	8.304225	0.076628	87.000000	2.118722
807	44.026208	8.304643	0.076628	87.000000	2.124934
808	44.026163	8.304883	0.076628	87.000000	2.211976
809	44.026008	8.305212	0.076628	87.000000	2.145891
810	44.026101	8.304858	0.076628	87.000000	2.211143
811	44.026119	8.305051	0.076628	87.000000	2.144606
812	44.025970	8.304689	0.076628	87.000000	2.131134
813	44.025975	8.304642	0.076628	87.000000	2.229360
814	44.025975	8.304642	0.076628	87.000000	2.215567
815	44.025975	8.304642	0.076628	87.000000	2.130213
816	44.025975	8.304642	0.076628	87.000000	2.119440
817	44.025975	8.304642	0.076628	87.000000	2.223694
818	44.025975	8.304642	0.076628	87.000000	2.222386
819	44.025975	8.304642	0.076628	87.000000	2.136355
820	44.025975	8.304642	0.076628	87.000000	2.123694
821	44.025975	8.304642	0.076628	87.000000	2.112036
822	44.025975	8.304642	0.076628	87.000000	2.120144
823	44.025975	8.304642	0.076628	87.000000	2.117920
824	44.025975	8.304642	0.076628	87.000000	2.117496
825	44.025975	8.304642	0.076628	87.000000	2.127986
826	44.025975	8.304642	0.076628	87.000000	2.148736
827	44.025975	8.304642	0.076628	87.000000	2.123758
828	44.025975	8.304642	0.076628	87.000000	2.149054
829	44.025975	8.304642	0.076628	87.000000	2.124591
830	44.025975	8.304642	0.076628	87.000000	2.209845
831	44.025975	8.304642	0.076628	87.000000	2.130687
832	44.025975	8.304642	0.076628	87.000000	2.141409
833	44.025975	8.304642	0.076628	87.000000	2.233174
834	44.025975	8.304642	0.076628	87.000000	2.139182
835	44.025975	8.304642	0.076628	87.000000	2.121866
836	44.025975	8.304642	0.076628	87.000000	2.150612
837	44.025975	8.304642	0.076628	87.000000	2.119266
838	44.025975	8.304642	0.076628	87.000000	2.114496
839	44.025975	8.304642	0.076628	87.000000	2.219001
840	44.025975	8.304642	0.076628	87.000000	2.243479
841	44.025975	8.304642	0.076628	87.000000	2.138929
842	44.025975	8.304642	0.076628	87.000000	2.143782
843	44.025975	8.304642	0.076628	87.000000	2.229693
844	44.025975	8.304642	0.076628	87.000000	2.098558
845	44.025975	8.304642	0.076628	87.000000	2.106792
846	44.025975	8.304642	0.076628	87.000000	2.241970
847	44.025975	8.304642	0.076628	87.000000	2.215421
848	44.025975	8.304642	0.076628	87.000000	2.199494
849	44.025975	8.304642	0.076628	87.000000	2.122247
850	44.025975	8.304642	0.076628	87.000000	2.127964
851	44.025975	8.304642	0.076628	87.000000	2.345679
852	44.025975	8.304642	0.076628	87.000000	2.108442
853	44.025975	8.304642	0.076628	87.000000	2.115226
854	44.025975	8.304642	0.076628	87.000000	2.247890
855	44.025975	8.304642	0.076628	87.000000	2.100861
856	44.025975	8.304642	0.076628	87.000000	2.346464
