1	56.483841	5.925468	0.000000	87.000000	1.876557
2	58.910275	6.528538	0.000000	87.000000	1.847455
3	60.501748	6.900282	0.000000	87.000000	1.836779
4	61.609060	7.171387	0.000000	87.000000	1.845493
5	62.400067	7.349525	0.000000	87.000000	1.842687
6	62.971216	7.404819	0.000000	87.000000	1.843071
7	63.405418	7.480402	0.000000	87.000000	1.844699
8	63.744569	7.679233	0.000000	87.000000	1.835507
9	64.017260	7.900871	0.000000	87.000000	1.845077
10	64.241421	8.042158	0.000000	87.000000	1.835294
11	64.422548	8.222688	0.000000	87.000000	1.843373
12	64.580357	8.411566	0.000000	87.000000	1.847991
13	64.712262	8.600245	0.000000	87.000000	1.835599
14	64.824849	8.710337	0.000000	87.000000	1.844466
15	64.932764	8.923352	0.000000	87.000000	1.836422
16	65.028954	8.988764	0.000000	87.000000	1.847332
17	65.120029	9.214497	0.000000	87.000000	1.845034
18	65.197772	9.385033	0.000000	87.000000	1.847835
19	65.272486	9.439424	0.000000	87.000000	1.842652
20	65.343487	9.534639	0.000000	87.000000	1.840791
21	65.409148	9.710299	0.000000	87.000000	1.845337
22	65.465784	9.850314	0.000000	87.000000	1.846582
23	65.519345	9.945768	0.000000	87.000000	1.843494
24	65.564638	10.039400	0.000000	87.000000	1.845887
25	65.604526	10.109223	0.000000	87.000000	1.846688
26	65.640032	10.235587	0.000000	87.000000	1.837289
27	65.679210	10.374204	0.000000	87.000000	1.843880
28	65.707207	10.560131	0.000000	87.000000	1.847779
29	65.733874	10.659591	0.000000	87.000000	1.838849
30	65.755546	10.737614	0.000000	87.000000	1.840078
31	65.782833	10.892119	0.000000	87.000000	1.837739
32	65.808696	10.931227	0.000000	87.000000	1.840114
33	65.830463	11.102201	0.000000	87.000000	1.839440
34	65.850031	11.198946	0.000000	87.000000	1.840118
35	65.871131	11.296991	0.000000	87.000000	1.839782
36	65.885091	11.433548	0.000000	87.000000	1.847950
37	65.909052	11.557856	0.000000	87.000000	1.838926
38	65.919638	11.672636	0.000000	87.000000	1.842411
39	65.935230	11.748213	0.000000	87.000000	1.844287
40	65.950119	11.815024	0.000000	87.000000	1.839211
41	65.969646	11.941595	0.000000	87.000000	1.845359
42	65.983057	12.097275	0.000000	87.000000	1.839331
43	65.996647	12.151924	0.000000	87.000000	1.839826
44	66.013050	12.281609	0.000000	87.000000	1.848634
45	66.024333	12.255797	0.000000	87.000000	1.837459
46	66.034847	12.316412	0.000000	87.000000	1.840633
47	66.044009	12.329529	0.000000	87.000000	1.839055
48	66.054881	12.414170	0.000000	87.000000	1.838742
49	66.069078	12.369133	0.000000	87.000000	1.846059
50	66.082823	12.461200	0.000000	87.000000	1.840828
51	66.093755	12.465058	0.000000	87.000000	1.838360
52	66.103673	12.487950	0.000000	87.000000	1.850417
53	66.115236	12.466645	0.000000	87.000000	1.846676
54	66.129780	12.501549	0.000000	87.000000	1.848426
55	66.141927	12.505879	0.000000	87.000000	1.836979
56	66.156030	12.553585	0.000000	87.000000	1.847651
57	66.163808	12.594921	0.000000	87.000000	1.847334
58	66.176951	12.623858	0.000000	87.000000	1.839572
59	66.184783	12.723839	0.000000	87.000000	1.847855
60	66.200018	12.635279	0.000000	87.000000	1.842805
61	66.203892	12.645977	0.000000	87.000000	1.838861
62	66.207993	12.621497	0.000000	87.000000	1.839369
63	66.216159	12.485205	0.000000	87.000000	1.847349
64	66.223311	12.562938	0.000000	87.000000	1.846971
65	66.230488	12.601468	0.000000	87.000000	1.837781
66	66.243792	12.561555	0.000000	87.000000	1.850026
67	66.258198	12.548903	0.000000	87.000000	1.839065
68	66.263980	12.539304	0.000000	87.000000	1.847911
69	66.271693	12.580557	0.000000	87.000000	1.843794
70	66.280913	12.562385	0.000000	87.000000	1.847664
71	66.289258	12.544040	0.000000	87.000000	1.846355
72	66.290212	12.519722	0.000000	87.000000	1.842094
73	66.295075	12.491764	0.000000	87.000000	1.838909
74	66.299880	12.503401	0.000000	87.000000	1.839591
75	66.302603	12.452868	0.000000	87.000000	1.840385
76	66.307330	12.366743	0.000000	87.000000	1.849311
77	66.312224	12.377959	0.000000	87.000000	1.840766
78	66.315585	12.440619	0.000000	87.000000	1.841654
79	66.325253	12.344321	0.000000	87.000000	1.839105
80	66.328031	12.359239	0.000000	87.000000	1.847919
81	66.330874	12.367234	0.000000	87.000000	1.850551
82	66.340089	12.357292	0.000000	87.000000	1.842463
83	66.344142	12.307701	0.000000	87.000000	1.848111
84	66.350281	12.319085	0.000000	87.000000	1.839055
85	66.352332	12.407428	0.000000	87.000000	1.845063
86	66.355264	12.405132	0.000000	87.000000	1.840728
87	66.358286	12.371336	0.000000	87.000000	1.845722
88	66.361606	12.430276	0.000000	87.000000	1.850998
89	66.373277	12.365922	0.000000	87.000000	1.841518
90	66.379547	12.351767	0.000000	87.000000	1.849859
91	66.386819	12.391127	0.000000	87.000000	1.847113
92	66.388810	12.250993	0.000000	87.000000	1.844094
93	66.396779	12.198386	0.000000	87.000000	1.841057
94	66.405940	12.169945	0.000000	87.000000	1.839900
95	66.408998	12.165743	0.000000	87.000000	1.848611
96	66.418594	12.178502	0.000000	87.000000	1.842360
97	66.425997	12.184456	0.000000	87.000000	1.846664
98	66.427362	12.151764	0.000000	87.000000	1.850241
99	66.433930	12.153845	0.000000	87.000000	1.839190
100	66.430819	12.104434	0.000000	87.000000	1.849969
101	66.431212	12.056485	0.000000	87.000000	1.840742
102	66.435897	12.088850	0.000000	87.000000	1.839871
103	66.437376	12.075532	0.000000	87.000000	1.843003
104	66.435564	12.203554	0.000000	87.000000	1.841185
105	66.444242	12.175821	0.000000	87.000000	1.847220
106	66.445708	12.122142	0.000000	87.000000	1.850453
107	66.446948	12.129492	0.000000	87.000000	1.848009
108	66.445351	12.183506	0.000000	87.000000	1.842053
109	66.449058	12.090273	0.000000	87.000000	1.840816
110	66.451240	12.097020	0.000000	87.000000	1.849874
111	66.451156	12.067112	0.000000	87.000000	1.843355
112	66.453230	12.104410	0.000000	87.000000	1.848280
113	66.451687	12.052139	0.000000	87.000000	1.840235
114	66.451466	11.991566	0.000000	87.000000	1.851923
115	66.457528	12.069056	0.000000	87.000000	1.846766
116	66.458237	12.058414	0.000000	87.000000	1.849987
117	66.457844	12.042461	0.000000	87.000000	1.840329
118	66.459137	11.970444	0.000000	87.000000	1.851173
119	66.453063	11.910093	0.000000	87.000000	1.843724
120	66.454297	11.926975	0.000000	87.000000	1.849470
121	66.462195	11.834802	0.000000	87.000000	1.845506
122	66.461754	11.915979	0.000000	87.000000	1.841466
123	66.464609	11.862065	0.000000	87.000000	1.841977
124	66.463399	11.826218	0.000000	87.000000	1.840881
125	66.462064	11.728266	0.000000	87.000000	1.847742
126	66.463971	11.771927	0.000000	87.000000	1.851223
127	66.466570	11.791053	0.000000	87.000000	1.843787
128	66.461790	11.768812	0.000000	87.000000	1.842306
129	66.459769	11.782611	0.000000	87.000000	1.846955
130	66.457760	11.780660	0.000000	87.000000	1.842797
131	66.460896	11.830570	0.000000	87.000000	1.847430
132	66.461104	11.765283	0.000000	87.000000	1.843117
133	66.461217	11.739049	0.000000	87.000000	1.840505
134	66.464615	11.620091	0.000000	87.000000	1.841149
135	66.463131	11.663949	0.000000	87.000000	1.839355
136	66.469038	11.648959	0.000000	87.000000	1.852932
137	66.468549	11.674028	0.000000	87.000000	1.839663
138	66.468006	11.647882	0.000000	87.000000	1.840656
139	66.468686	11.617122	0.000000	87.000000	1.846317
140	66.471255	11.596615	0.000000	87.000000	1.848804
141	66.468877	11.625148	0.000000	87.000000	1.847510
142	66.469443	11.504483	0.000000	87.000000	1.850762
143	66.469371	11.545108	0.000000	87.000000	1.846678
144	66.471863	11.489321	0.000000	87.000000	1.849997
145	66.469753	11.548133	0.000000	87.000000	1.846626
146	66.471624	11.687192	0.000000	87.000000	1.841583
147	66.469407	11.526895	0.000000	87.000000	1.849685
148	66.467482	11.494628	0.000000	87.000000	1.852701
149	66.468632	11.462347	0.000000	87.000000	1.846317
150	66.468108	11.495631	0.000000	87.000000	1.841484
151	66.469431	11.547201	0.000000	87.000000	1.839082
152	66.466630	11.603165	0.000000	87.000000	1.851482
153	66.470939	11.557802	0.000000	87.000000	1.848377
154	66.469073	11.527592	0.000000	87.000000	1.844749
155	66.468006	11.534961	0.000000	87.000000	1.839590
156	66.471809	11.598358	0.000000	87.000000	1.840422
157	66.471767	11.497170	0.000000	87.000000	1.849272
158	66.469991	11.424026	0.000000	87.000000	1.842812
159	66.467977	11.440715	0.000000	87.000000	1.839670
160	66.466022	11.411793	0.000000	87.000000	1.840601
161	66.465366	11.462724	0.000000	87.000000	1.844009
162	66.466910	11.443316	0.000000	87.000000	1.847937
163	66.464579	11.446936	0.000000	87.000000	1.850029
164	66.465276	11.388861	0.000000	87.000000	1.841627
165	66.468072	11.403502	0.000000	87.000000	1.840457
166	66.470635	11.485062	0.000000	87.000000	1.850993
167	66.466385	11.504297	0.000000	87.000000	1.839157
168	66.467738	11.498702	0.000000	87.000000	1.841378
169	66.471434	11.474366	0.000000	87.000000	1.846767
170	66.470587	11.500969	0.000000	87.000000	1.849565
171	66.467083	11.448992	0.000000	87.000000	1.846081
172	66.469479	11.412607	0.000000	87.000000	1.850850
173	66.468793	11.405431	0.000000	87.000000	1.843393
174	66.470075	11.391667	0.000000	87.000000	1.841728
175	66.470242	11.417940	0.000000	87.000000	1.847102
176	66.471624	11.468593	0.000000	87.000000	1.842513
177	66.476631	11.455072	0.000000	87.000000	1.849572
178	66.477299	11.436642	0.000000	87.000000	1.843652
179	66.479927	11.494702	0.000000	87.000000	1.843563
180	66.477382	11.460615	0.000000	87.000000	1.848852
181	66.475719	11.477844	0.000000	87.000000	1.845973
182	66.478932	11.490088	0.000000	87.000000	1.842506
183	66.479015	11.450835	0.000000	87.000000	1.850178
184	66.475642	11.359231	0.000000	87.000000	1.853103
185	66.476166	11.417277	0.000000	87.000000	1.841065
186	66.472590	11.425601	0.000000	87.000000	1.851480
187	66.472101	11.424380	0.000000	87.000000	1.841049
188	66.475677	11.397734	0.000000	87.000000	1.851638
189	66.477036	11.387232	0.000000	87.000000	1.841925
190	66.480702	11.344366	0.000000	87.000000	1.842560
191	66.475439	11.315707	0.000000	87.000000	1.848117
192	66.475147	11.362516	0.000000	87.000000	1.840348
193	66.468310	11.389124	0.000000	87.000000	1.845757
194	66.470474	11.461954	0.000000	87.000000	1.850059
195	66.475105	11.397052	0.000000	87.000000	1.840761
196	66.471565	11.421784	0.000000	87.000000	1.840184
197	66.474366	11.419285	0.000000	87.000000	1.839384
198	66.476303	11.337366	0.000000	87.000000	1.842523
199	66.473836	11.429923	0.000000	87.000000	1.848277
200	66.471648	11.451418	0.000000	87.000000	1.844454
201	66.475749	11.464695	0.000000	87.000000	1.844431
202	66.476083	11.465407	0.000000	87.000000	1.843547
203	66.476721	11.495253	0.000000	87.000000	1.842651
204	66.472584	11.466919	0.000000	87.000000	1.841435
205	66.477501	11.518790	0.000000	87.000000	1.842259
206	66.478086	11.416004	0.000000	87.000000	1.850486
207	66.474152	11.370778	0.000000	87.000000	1.848433
208	66.478932	11.359757	0.000000	87.000000	1.843081
209	66.478455	11.370265	0.000000	87.000000	1.840003
210	66.481793	11.279680	0.000000	87.000000	1.841205
211	66.478658	11.302120	0.000000	87.000000	1.848171
212	66.473901	11.404277	0.000000	87.000000	1.850471
213	66.479599	11.353893	0.000000	87.000000	1.840558
214	66.478431	11.349141	0.000000	87.000000	1.850878
215	66.482127	11.295239	0.000000	87.000000	1.847458
216	66.480434	11.269053	0.000000	87.000000	1.840892
217	66.478717	11.320541	0.000000	87.000000	1.841437
218	66.474223	11.325541	0.000000	87.000000	1.852641
219	66.471666	11.290842	0.000000	87.000000	1.840393
220	66.472894	11.268417	0.000000	87.000000	1.838619
221	66.474169	11.303477	0.000000	87.000000	1.838846
222	66.477334	11.247190	0.000000	87.000000	1.851342
223	66.478133	11.292265	0.000000	87.000000	1.855539
224	66.479319	11.251097	0.000000	87.000000	1.855391
225	66.480887	11.218560	0.000000	87.000000	1.849074
226	66.479182	11.253047	0.000000	87.000000	1.850509
227	66.483879	11.211137	0.000000	87.000000	1.842717
228	66.482890	11.186192	0.000000	87.000000	1.840964
229	66.481435	11.234847	0.000000	87.000000	1.840105
230	66.485792	11.239413	0.000000	87.000000	1.843426
231	66.487265	11.206412	0.000000	87.000000	1.842046
232	66.485447	11.168538	0.000000	87.000000	1.850431
233	66.486967	11.259451	0.000000	87.000000	1.841089
234	66.482091	11.236207	0.000000	87.000000	1.851836
235	66.485858	11.272244	0.000000	87.000000	1.848251
236	66.486102	11.207173	0.000000	87.000000	1.842755
237	66.486466	11.207326	0.000000	87.000000	1.842128
238	66.487151	11.123137	0.000000	87.000000	1.851666
239	66.487694	11.124302	0.000000	87.000000	1.847267
240	66.489172	11.106468	0.000000	87.000000	1.850645
241	66.486335	11.063271	0.000000	87.000000	1.841149
242	66.486251	11.128749	0.000000	87.000000	1.843121
243	66.484725	11.134551	0.000000	87.000000	1.848554
244	66.487408	11.144663	0.000000	87.000000	1.851705
245	66.490698	11.068052	0.000000	87.000000	1.840374
246	66.486502	11.095887	0.000000	87.000000	1.840998
247	66.490614	11.014775	0.000000	87.000000	1.852566
248	66.489023	10.952508	0.000000	87.000000	1.841301
249	66.493452	10.951037	0.000000	87.000000	1.845389
250	66.488653	11.006514	0.000000	87.000000	1.840830
251	66.487288	11.008006	0.000000	87.000000	1.848740
252	66.488230	11.022868	0.000000	87.000000	1.851574
253	66.488779	10.978934	0.000000	87.000000	1.847438
254	66.490740	11.011644	0.000000	87.000000	1.841195
255	66.491389	11.024834	0.000000	87.000000	1.845299
256	66.492522	11.006563	0.000000	87.000000	1.850665
257	66.489297	10.926877	0.000000	87.000000	1.847409
258	66.484553	10.983547	0.000000	87.000000	1.840953
259	66.491085	10.908784	0.000000	87.000000	1.850438
260	66.491032	10.918940	0.000000	87.000000	1.841696
261	66.488558	10.881371	0.000000	87.000000	1.841345
262	66.489512	10.883325	0.000000	87.000000	1.849900
263	66.489035	10.916711	0.000000	87.000000	1.839949
264	66.488397	10.905510	0.000000	87.000000	1.850016
265	66.491377	10.850991	0.000000	87.000000	1.845388
266	66.489768	10.821072	0.000000	87.000000	1.851008
267	66.491544	10.781208	0.000000	87.000000	1.846359
268	66.490304	10.825143	0.000000	87.000000	1.841645
269	66.492653	10.917016	0.000000	87.000000	1.847558
270	66.492665	10.918319	0.000000	87.000000	1.840287
271	66.491061	10.845545	0.000000	87.000000	1.839806
272	66.494155	10.859471	0.000000	87.000000	1.851274
273	66.493738	10.958921	0.000000	87.000000	1.841168
274	66.490769	10.964281	0.000000	87.000000	1.842897
275	66.489434	10.916554	0.000000	87.000000	1.840951
276	66.491562	10.956930	0.000000	87.000000	1.849185
277	66.497469	10.999802	0.000000	87.000000	1.849604
278	66.495144	10.964008	0.000000	87.000000	1.841682
279	66.495961	10.902823	0.000000	87.000000	1.842546
280	66.498995	10.875331	0.000000	87.000000	1.840570
281	66.501415	10.863138	0.000000	87.000000	1.845685
282	66.500366	10.847291	0.000000	87.000000	1.850978
283	66.500604	10.803339	0.000000	87.000000	1.839900
284	66.497898	10.839408	0.000000	87.000000	1.840608
285	66.496384	10.790062	0.000000	87.000000	1.840087
286	66.498435	10.812027	0.000000	87.000000	1.840771
287	66.499805	10.787818	0.000000	87.000000	1.848022
288	66.500086	10.771138	0.000000	87.000000	1.840394
289	66.501534	10.747941	0.000000	87.000000	1.839324
290	66.501641	10.703663	0.000000	87.000000	1.849290
291	66.501200	10.819498	0.000000	87.000000	1.845188
292	66.504204	10.746299	0.000000	87.000000	1.850789
293	66.499066	10.726105	0.000000	87.000000	1.845470
294	66.504252	10.678384	0.000000	87.000000	1.841089
295	66.502637	10.693682	0.000000	87.000000	1.849057
296	66.505593	10.763411	0.000000	87.000000	1.840743
297	66.501439	10.774218	0.000000	87.000000	1.851575
298	66.502190	10.835574	0.000000	87.000000	1.841171
299	66.503489	10.773129	0.000000	87.000000	1.844320
300	66.502249	10.819512	0.000000	87.000000	1.849067
301	66.500956	10.819988	0.000000	87.000000	1.840199
302	66.505027	10.746544	0.000000	87.000000	1.842738
303	66.503274	10.764259	0.000000	87.000000	1.848361
304	66.507339	10.761792	0.000000	87.000000	1.840673
305	66.508412	10.783183	0.000000	87.000000	1.845114
306	66.508591	10.846690	0.000000	87.000000	1.851517
307	66.510534	10.819930	0.000000	87.000000	1.850522
308	66.507518	10.846477	0.000000	87.000000	1.840565
309	66.513830	10.817552	0.000000	87.000000	1.848281
310	66.510510	10.824503	0.000000	87.000000	1.850075
311	66.509557	10.889319	0.000000	87.000000	1.840398
312	66.512990	10.899064	0.000000	87.000000	1.840935
313	66.514301	10.871828	0.000000	87.000000	1.839906
314	66.514689	10.861752	0.000000	87.000000	1.850525
315	66.510904	10.830739	0.000000	87.000000	1.840240
316	66.508657	10.834693	0.000000	87.000000	1.842631
317	66.508836	10.853016	0.000000	87.000000	1.850363
318	66.505998	10.863294	0.000000	87.000000	1.850159
319	66.509461	10.759231	0.000000	87.000000	1.849041
320	66.512644	10.788271	0.000000	87.000000	1.844391
321	66.511410	10.840617	0.000000	87.000000	1.846660
322	66.507840	10.830313	0.000000	87.000000	1.849723
323	66.513002	10.784067	0.000000	87.000000	1.839767
324	66.511333	10.817790	0.000000	87.000000	1.851451
325	66.511440	10.830215	0.000000	87.000000	1.845812
326	66.509926	10.778045	0.000000	87.000000	1.838754
327	66.511726	10.824381	0.000000	87.000000	1.848481
328	66.513842	10.800827	0.000000	87.000000	1.851242
329	66.512167	10.801644	0.000000	87.000000	1.848119
330	66.513366	10.840632	0.000000	87.000000	1.844362
331	66.514242	10.831996	0.000000	87.000000	1.840879
332	66.516644	10.887908	0.000000	87.000000	1.849096
333	66.517878	10.858318	0.000000	87.000000	1.841207
334	66.514933	10.914316	0.000000	87.000000	1.841439
335	66.513801	10.972318	0.000000	87.000000	1.850214
336	66.509551	10.925270	0.000000	87.000000	1.843115
337	66.512001	10.984171	0.000000	87.000000	1.849637
338	66.510749	10.977560	0.000000	87.000000	1.841813
339	66.518497	10.941453	0.000000	87.000000	1.847841
340	66.515660	10.886409	0.000000	87.000000	1.851954
341	66.514146	10.943314	0.000000	87.000000	1.852082
342	66.514683	10.967767	0.000000	87.000000	1.850975
343	66.513383	11.000160	0.000000	87.000000	1.839490
344	66.514343	10.984489	0.000000	87.000000	1.849374
345	66.513860	10.982701	0.000000	87.000000	1.848028
346	66.512358	10.985428	0.000000	87.000000	1.849736
347	66.514397	10.900911	0.000000	87.000000	1.847195
348	66.510183	10.929123	0.000000	87.000000	1.852294
349	66.510093	10.934215	0.000000	87.000000	1.846900
350	66.513127	10.958120	0.000000	87.000000	1.840395
351	66.512609	10.935822	0.000000	87.000000	1.841019
352	66.508162	10.882754	0.000000	87.000000	1.842434
353	66.511226	10.822176	0.000000	87.000000	1.841661
354	66.513574	10.856885	0.000000	87.000000	1.839747
355	66.511518	10.787906	0.000000	87.000000	1.846754
356	66.510808	10.771931	0.000000	87.000000	1.840882
357	66.518295	10.867766	0.000000	87.000000	1.844860
358	66.515207	10.763032	0.000000	87.000000	1.840008
359	66.513735	10.766285	0.000000	87.000000	1.846818
360	66.516650	10.829879	0.000000	87.000000	1.841230
361	66.513872	10.874291	0.000000	87.000000	1.841202
362	66.512102	10.981625	0.000000	87.000000	1.850618
363	66.515684	10.957634	0.000000	87.000000	1.848295
364	66.516823	10.939361	0.000000	87.000000	1.851700
365	66.514528	10.969290	0.000000	87.000000	1.846206
366	66.513658	10.927159	0.000000	87.000000	1.852354
367	66.514099	10.941291	0.000000	87.000000	1.839890
368	66.510558	10.827703	0.000000	87.000000	1.842152
369	66.513598	10.814124	0.000000	87.000000	1.846071
370	66.513097	10.810533	0.000000	87.000000	1.840619
371	66.510439	10.843896	0.000000	87.000000	1.848051
372	66.509831	10.737542	0.000000	87.000000	1.841454
373	66.511631	10.729242	0.000000	87.000000	1.847012
374	66.516787	10.707285	0.000000	87.000000	1.840926
375	66.517770	10.769246	0.000000	87.000000	1.847960
376	66.515791	10.754235	0.000000	87.000000	1.850023
377	66.516167	10.721434	0.000000	87.000000	1.841138
378	66.519451	10.824319	0.000000	87.000000	1.843731
379	66.516536	10.753076	0.000000	87.000000	1.848557
380	66.519105	10.793685	0.000000	87.000000	1.849553
381	66.519678	10.894652	0.000000	87.000000	1.841841
382	66.521108	10.856620	0.000000	87.000000	1.849348
383	66.515505	10.855502	0.000000	87.000000	1.848915
384	66.518283	10.775840	0.000000	87.000000	1.844581
385	66.513491	10.719801	0.000000	87.000000	1.842642
386	66.508162	10.816467	0.000000	87.000000	1.849564
387	66.518188	10.779521	0.000000	87.000000	1.839866
388	66.522157	10.766070	0.000000	87.000000	1.851705
389	66.521418	10.808130	0.000000	87.000000	1.846861
390	66.517317	10.843410	0.000000	87.000000	1.852292
391	66.513121	10.861724	0.000000	87.000000	1.839786
392	66.515291	10.838959	0.000000	87.000000	1.841461
393	66.515529	10.897977	0.000000	87.000000	1.847199
394	66.514516	10.835121	0.000000	87.000000	1.850311
395	66.517740	10.900308	0.000000	87.000000	1.845534
396	66.514641	10.888393	0.000000	87.000000	1.850269
397	66.511965	10.936374	0.000000	87.000000	1.846777
398	66.511512	10.981159	0.000000	87.000000	1.841641
399	66.510141	10.956777	0.000000	87.000000	1.841005
400	66.511899	10.916974	0.000000	87.000000	1.843633
401	66.513050	10.890088	0.000000	87.000000	1.848125
402	66.514647	10.928948	0.000000	87.000000	1.841196
403	66.515768	10.936782	0.000000	87.000000	1.849460
404	66.515762	10.975472	0.000000	87.000000	1.842998
405	66.513515	10.985804	0.000000	87.000000	1.842034
406	66.518652	10.932905	0.000000	87.000000	1.841025
407	66.516840	10.996044	0.000000	87.000000	1.850795
408	66.518813	10.941117	0.000000	87.000000	1.852436
409	66.516632	10.824522	0.000000	87.000000	1.848846
410	66.517681	10.844167	0.000000	87.000000	1.840104
411	66.517073	10.818055	0.000000	87.000000	1.846464
412	66.516495	10.820742	0.000000	87.000000	1.840793
413	66.514421	10.789599	0.000000	87.000000	1.846132
414	66.513401	10.800320	0.000000	87.000000	1.849694
415	66.511416	10.788362	0.000000	87.000000	1.841331
416	66.518134	10.719343	0.000000	87.000000	1.841679
417	66.517746	10.743864	0.000000	87.000000	1.839290
418	66.517842	10.770327	0.000000	87.000000	1.851146
419	66.515052	10.802034	0.000000	87.000000	1.839604
420	66.510105	10.785825	0.000000	87.000000	1.850782
421	66.515923	10.773688	0.000000	87.000000	1.849011
422	66.514409	10.766176	0.000000	87.000000	1.851810
423	66.513115	10.688714	0.000000	87.000000	1.839247
424	66.516513	10.668263	0.000000	87.000000	1.849279
425	66.521454	10.638776	0.000000	87.000000	1.846164
426	66.519034	10.641689	0.000000	87.000000	1.850822
427	66.516501	10.603774	0.000000	87.000000	1.849654
428	66.513610	10.688809	0.000000	87.000000	1.849026
429	66.518575	10.715194	0.000000	87.000000	1.850103
430	66.512996	10.700102	0.000000	87.000000	1.848272
431	66.511005	10.714435	0.000000	87.000000	1.848299
432	66.516483	10.748084	0.000000	87.000000	1.842875
433	66.514564	10.758597	0.000000	87.000000	1.839415
434	66.516989	10.777199	0.000000	87.000000	1.853729
435	66.517586	10.825135	0.000000	87.000000	1.847980
436	66.516763	10.842724	0.000000	87.000000	1.841531
437	66.515768	10.842824	0.000000	87.000000	1.839278
438	66.516054	10.797527	0.000000	87.000000	1.841053
439	66.518271	10.763170	0.000000	87.000000	1.849098
440	66.523796	10.769310	0.000000	87.000000	1.840351
441	66.529918	10.799693	0.000000	87.000000	1.840151
442	66.532516	10.822717	0.000000	87.000000	1.850832
443	66.533875	10.827181	0.000000	87.000000	1.846956
444	66.531944	10.809230	0.000000	87.000000	1.842406
445	66.534400	10.833991	0.000000	87.000000	1.845433
446	66.535592	10.875789	0.000000	87.000000	1.844498
447	66.533774	10.857931	0.000000	87.000000	1.844428
448	66.537058	10.862055	0.000000	87.000000	1.851176
449	66.537750	10.880251	0.000000	87.000000	1.849302
450	66.541445	10.903687	0.000000	87.000000	1.843723
451	66.539729	10.911885	0.000000	87.000000	1.847046
452	66.537350	10.861400	0.000000	87.000000	1.849845
453	66.540539	10.885909	0.000000	87.000000	1.840200
454	66.539097	10.883808	0.000000	87.000000	1.843430
455	66.538334	10.871430	0.000000	87.000000	1.847409
456	66.538227	10.861993	0.000000	87.000000	1.841983
457	66.535890	10.877567	0.000000	87.000000	1.841064
458	66.538221	10.908526	0.000000	87.000000	1.851286
459	66.535604	10.881976	0.000000	87.000000	1.840636
460	66.536593	10.921362	0.000000	87.000000	1.840626
461	66.539532	10.835240	0.000000	87.000000	1.847607
462	66.536951	10.814173	0.000000	87.000000	1.843151
463	66.536421	10.837918	0.000000	87.000000	1.849265
464	66.531479	10.840009	0.000000	87.000000	1.850192
465	66.535902	10.891106	0.000000	87.000000	1.847311
466	66.537809	10.897666	0.000000	87.000000	1.841711
467	66.541231	10.813663	0.000000	87.000000	1.839613
468	66.541892	10.755284	0.000000	87.000000	1.847127
469	66.540599	10.764360	0.000000	87.000000	1.841100
470	66.538215	10.798003	0.000000	87.000000	1.840884
471	66.540861	10.751038	0.000000	87.000000	1.846047
472	66.535741	10.756894	0.000000	87.000000	1.844630
473	66.537130	10.752356	0.000000	87.000000	1.847577
474	66.538090	10.790298	0.000000	87.000000	1.852499
475	66.538620	10.855418	0.000000	87.000000	1.840947
476	66.536188	10.885818	0.000000	87.000000	1.850113
477	66.535389	10.890387	0.000000	87.000000	1.839871
478	66.537523	10.898359	0.000000	87.000000	1.850825
479	66.537446	10.937702	0.000000	87.000000	1.839885
480	66.535711	10.975632	0.000000	87.000000	1.841576
481	66.535872	10.995614	0.000000	87.000000	1.847259
482	66.539764	11.020094	0.000000	87.000000	1.850026
483	66.540802	11.028977	0.000000	87.000000	1.849801
484	66.540360	11.004755	0.000000	87.000000	1.842825
485	66.539872	11.008010	0.000000	87.000000	1.847048
486	66.538626	11.049779	0.000000	87.000000	1.843542
487	66.537493	11.041334	0.000000	87.000000	1.839072
488	66.537935	11.038216	0.000000	87.000000	1.839137
489	66.539937	11.032437	0.000000	87.000000	1.850269
490	66.543096	10.989765	0.000000	87.000000	1.852834
491	66.537964	10.976156	0.000000	87.000000	1.850954
492	66.544247	10.966519	0.000000	87.000000	1.849046
493	66.537988	10.979124	0.000000	87.000000	1.841500
494	66.539156	10.982249	0.000000	87.000000	1.854897
495	66.537303	11.016915	0.000000	87.000000	1.841690
496	66.538399	10.998281	0.000000	87.000000	1.851481
497	66.535413	11.029766	0.000000	87.000000	1.840799
498	66.534382	10.999315	0.000000	87.000000	1.842649
499	66.538227	11.002019	0.000000	87.000000	1.849466
500	66.539299	10.930658	0.000000	87.000000	1.848912
501	66.537189	10.892689	0.000000	87.000000	1.847476
502	66.536653	10.901148	0.000000	87.000000	1.840340
503	66.538548	10.873660	0.000000	87.000000	1.849952
504	66.542709	10.932475	0.000000	87.000000	1.841423
505	66.542506	10.951615	0.000000	87.000000	1.848135
506	66.541082	10.926031	0.000000	87.000000	1.850820
507	66.540527	10.906218	0.000000	87.000000	1.849322
508	66.538417	11.011120	0.000000	87.000000	1.850729
509	66.538692	10.980756	0.000000	87.000000	1.846748
510	66.538781	11.019513	0.000000	87.000000	1.851948
511	66.538167	11.019394	0.000000	87.000000	1.846816
512	66.538012	11.024649	0.000000	87.000000	1.852446
513	66.537797	11.014110	0.000000	87.000000	1.847482
514	66.535300	11.020406	0.000000	87.000000	1.840699
515	66.542011	11.025631	0.000000	87.000000	1.850969
516	66.540670	10.991000	0.000000	87.000000	1.843659
517	66.543663	11.051531	0.000000	87.000000	1.852957
518	66.541535	11.002758	0.000000	87.000000	1.851841
519	66.541207	11.022499	0.000000	87.000000	1.842415
520	66.540968	10.943391	0.000000	87.000000	1.849991
521	66.540492	11.005091	0.000000	87.000000	1.840486
522	66.542006	11.046444	0.000000	87.000000	1.842855
523	66.542840	11.070283	0.000000	87.000000	1.849404
524	66.540086	11.047179	0.000000	87.000000	1.843840
525	66.539204	11.063716	0.000000	87.000000	1.848667
526	66.538012	11.063308	0.000000	87.000000	1.841661
527	66.533768	11.037029	0.000000	87.000000	1.846751
528	66.537577	10.985189	0.000000	87.000000	1.850944
529	66.541481	10.967206	0.000000	87.000000	1.842296
530	66.542017	10.976094	0.000000	87.000000	1.850951
531	66.541350	10.953974	0.000000	87.000000	1.848905
532	66.539603	10.977756	0.000000	87.000000	1.840562
533	66.539216	11.031668	0.000000	87.000000	1.848344
534	66.539192	11.069875	0.000000	87.000000	1.842288
535	66.537488	10.981564	0.000000	87.000000	1.841072
536	66.536963	11.046893	0.000000	87.000000	1.848455
537	66.539133	11.002463	0.000000	87.000000	1.850911
538	66.538328	11.065706	0.000000	87.000000	1.842736
539	66.539967	11.068961	0.000000	87.000000	1.850041
540	66.539639	11.004180	0.000000	87.000000	1.841544
541	66.537249	11.020098	0.000000	87.000000	1.847368
542	66.539681	11.001863	0.000000	87.000000	1.841527
543	66.536981	11.022920	0.000000	87.000000	1.849844
544	66.544408	11.067202	0.000000	87.000000	1.849874
545	66.547620	11.088888	0.000000	87.000000	1.847898
546	66.549814	11.055789	0.000000	87.000000	1.855037
547	66.550148	11.085540	0.000000	87.000000	1.848969
548	66.550934	11.111223	0.000000	87.000000	1.852947
549	66.550511	11.130600	0.000000	87.000000	1.840513
550	66.550767	11.161727	0.000000	87.000000	1.841835
551	66.549355	11.217586	0.000000	87.000000	1.847561
552	66.547000	11.220378	0.000000	87.000000	1.849245
553	66.548038	11.192101	0.000000	87.000000	1.848967
554	66.549039	11.200994	0.000000	87.000000	1.841274
555	66.547239	11.158222	0.000000	87.000000	1.839711
556	66.550064	11.168835	0.000000	87.000000	1.842545
557	66.550601	11.209759	0.000000	87.000000	1.840290
558	66.552711	11.228727	0.000000	87.000000	1.850705
559	66.551667	11.165981	0.000000	87.000000	1.842194
560	66.550767	11.230278	0.000000	87.000000	1.848800
561	66.551244	11.174129	0.000000	87.000000	1.847971
562	66.551220	11.170078	0.000000	87.000000	1.843296
563	66.549891	11.184410	0.000000	87.000000	1.842169
564	66.550052	11.229488	0.000000	87.000000	1.841063
565	66.549528	11.269905	0.000000	87.000000	1.848413
566	66.549981	11.216659	0.000000	87.000000	1.851554
567	66.548634	11.207146	0.000000	87.000000	1.847961
568	66.550028	11.191360	0.000000	87.000000	1.847048
569	66.549677	11.214153	0.000000	87.000000	1.847308
570	66.550958	11.177105	0.000000	87.000000	1.842697
571	66.549063	11.217407	0.000000	87.000000	1.846915
572	66.549027	11.209726	0.000000	87.000000	1.841772
573	66.545010	11.183161	0.000000	87.000000	1.849272
574	66.545546	11.212838	0.000000	87.000000	1.851963
575	66.547942	11.200807	0.000000	87.000000	1.839578
576	66.547042	11.272212	0.000000	87.000000	1.850083
577	66.545308	11.298923	0.000000	87.000000	1.841766
578	66.542125	11.340135	0.000000	87.000000	1.840568
579	66.544104	11.384101	0.000000	87.000000	1.841216
580	66.544729	11.370000	0.000000	87.000000	1.841666
581	66.546333	11.394271	0.000000	87.000000	1.843873
582	66.547626	11.310871	0.000000	87.000000	1.841211
583	66.548228	11.236757	0.000000	87.000000	1.849259
584	66.546249	11.260539	0.000000	87.000000	1.850486
585	66.546237	11.290748	0.000000	87.000000	1.847507
586	66.548735	11.296424	0.000000	87.000000	1.841136
587	66.546810	11.304237	0.000000	87.000000	1.848367
588	66.545081	11.319067	0.000000	87.000000	1.839878
589	66.548699	11.328260	0.000000	87.000000	1.841808
590	66.550446	11.307828	0.000000	87.000000	1.845190
591	66.547394	11.328256	0.000000	87.000000	1.846645
592	66.544384	11.359417	0.000000	87.000000	1.849207
593	66.544497	11.367200	0.000000	87.000000	1.847712
594	66.543943	11.277344	0.000000	87.000000	1.851895
595	66.547656	11.311792	0.000000	87.000000	1.849413
596	66.551983	11.350461	0.000000	87.000000	1.841894
597	66.549420	11.354191	0.000000	87.000000	1.841365
598	66.548741	11.311959	0.000000	87.000000	1.851761
599	66.553414	11.337290	0.000000	87.000000	1.848721
600	66.548336	11.289431	0.000000	87.000000	1.841424
601	66.545373	11.318741	0.000000	87.000000	1.840653
602	66.542506	11.311116	0.000000	87.000000	1.843886
603	66.542709	11.363468	0.000000	87.000000	1.847726
604	66.542023	11.375722	0.000000	87.000000	1.849967
605	66.542548	11.319621	0.000000	87.000000	1.842577
606	66.542375	11.356789	0.000000	87.000000	1.842731
607	66.542983	11.338245	0.000000	87.000000	1.848034
608	66.541785	11.423771	0.000000	87.000000	1.850158
609	66.543019	11.371986	0.000000	87.000000	1.840359
610	66.542315	11.434355	0.000000	87.000000	1.848896
611	66.543370	11.425158	0.000000	87.000000	1.848407
612	66.541243	11.416877	0.000000	87.000000	1.842282
613	66.543275	11.360103	0.000000	87.000000	1.842347
614	66.540110	11.359566	0.000000	87.000000	1.850597
615	66.540778	11.328869	0.000000	87.000000	1.843569
616	66.542751	11.358834	0.000000	87.000000	1.843265
617	66.540802	11.334927	0.000000	87.000000	1.841813
618	66.538835	11.347779	0.000000	87.000000	1.851864
619	66.539288	11.386754	0.000000	87.000000	1.847325
620	66.539586	11.411821	0.000000	87.000000	1.841024
621	66.539633	11.400188	0.000000	87.000000	1.847785
622	66.536927	11.404922	0.000000	87.000000	1.842953
623	66.539150	11.399516	0.000000	87.000000	1.839930
624	66.540253	11.396748	0.000000	87.000000	1.853832
625	66.540015	11.340745	0.000000	87.000000	1.847009
626	66.540790	11.339284	0.000000	87.000000	1.839339
627	66.542208	11.367785	0.000000	87.000000	1.840925
628	66.545832	11.316304	0.000000	87.000000	1.838748
629	66.543031	11.326609	0.000000	87.000000	1.840988
630	66.545475	11.324291	0.000000	87.000000	1.842585
631	66.545773	11.326811	0.000000	87.000000	1.849571
632	66.545141	11.300298	0.000000	87.000000	1.842390
633	66.541791	11.295271	0.000000	87.000000	1.839747
634	66.542339	11.266837	0.000000	87.000000	1.851074
635	66.541284	11.267584	0.000000	87.000000	1.848444
636	66.537869	11.311473	0.000000	87.000000	1.850829
637	66.538918	11.328071	0.000000	87.000000	1.841575
638	66.540188	11.311672	0.000000	87.000000	1.843269
639	66.545725	11.345274	0.000000	87.000000	1.839358
640	66.543770	11.350031	0.000000	87.000000	1.840975
641	66.547388	11.302087	0.000000	87.000000	1.845908
642	66.546977	11.348172	0.000000	87.000000	1.842255
643	66.544831	11.365531	0.000000	87.000000	1.839944
644	66.544193	11.398135	0.000000	87.000000	1.850860
645	66.542840	11.426875	0.000000	87.000000	1.847494
646	66.538888	11.481479	0.000000	87.000000	1.853007
647	66.540265	11.436017	0.000000	87.000000	1.847098
648	66.538817	11.445051	0.000000	87.000000	1.840242
649	66.537333	11.381098	0.000000	87.000000	1.839898
650	66.538537	11.328525	0.000000	87.000000	1.842638
651	66.540754	11.342683	0.000000	87.000000	1.847769
652	66.541052	11.377342	0.000000	87.000000	1.841750
653	66.538334	11.374445	0.000000	87.000000	1.840503
654	66.540301	11.347950	0.000000	87.000000	1.841577
655	66.540134	11.348659	0.000000	87.000000	1.843151
656	66.539598	11.313561	0.000000	87.000000	1.840269
657	66.537380	11.335721	0.000000	87.000000	1.840096
658	66.534913	11.338122	0.000000	87.000000	1.853480
659	66.534573	11.382933	0.000000	87.000000	1.839193
660	66.534245	11.354785	0.000000	87.000000	1.850519
661	66.533995	11.350835	0.000000	87.000000	1.839055
662	66.534060	11.333212	0.000000	87.000000	1.841333
663	66.535556	11.358018	0.000000	87.000000	1.848154
664	66.534019	11.417186	0.000000	87.000000	1.848022
665	66.532701	11.418525	0.000000	87.000000	1.850088
666	66.532618	11.428797	0.000000	87.000000	1.841768
667	66.530806	11.416446	0.000000	87.000000	1.842553
668	66.532302	11.431335	0.000000	87.000000	1.850441
669	66.533369	11.446019	0.000000	87.000000	1.839797
670	66.530097	11.464964	0.000000	87.000000	1.852911
671	66.529173	11.430022	0.000000	87.000000	1.845946
672	66.529119	11.447030	0.000000	87.000000	1.841103
673	66.528505	11.462612	0.000000	87.000000	1.846975
674	66.530520	11.441984	0.000000	87.000000	1.842318
675	66.529763	11.430246	0.000000	87.000000	1.847230
676	66.528797	11.435120	0.000000	87.000000	1.846986
677	66.529959	11.415346	0.000000	87.000000	1.849052
678	66.531658	11.408233	0.000000	87.000000	1.841563
679	66.528130	11.384524	0.000000	87.000000	1.845689
680	66.527760	11.443393	0.000000	87.000000	1.849365
681	66.529244	11.459784	0.000000	87.000000	1.839298
682	66.530669	11.434823	0.000000	87.000000	1.849492
683	66.530228	11.431699	0.000000	87.000000	1.846794
684	66.531646	11.432186	0.000000	87.000000	1.841112
685	66.530299	11.439677	0.000000	87.000000	1.846952
686	66.532594	11.384792	0.000000	87.000000	1.842002
687	66.531658	11.394724	0.000000	87.000000	1.840655
688	66.530764	11.352476	0.000000	87.000000	1.841216
689	66.530895	11.364235	0.000000	87.000000	1.851187
690	66.531301	11.369907	0.000000	87.000000	1.843566
691	66.532385	11.350223	0.000000	87.000000	1.839628
692	66.530311	11.349856	0.000000	87.000000	1.840324
693	66.529840	11.359017	0.000000	87.000000	1.846583
694	66.529965	11.364414	0.000000	87.000000	1.850378
695	66.529900	11.355660	0.000000	87.000000	1.848833
696	66.529560	11.349553	0.000000	87.000000	1.846403
697	66.529930	11.372783	0.000000	87.000000	1.839757
698	66.528547	11.357566	0.000000	87.000000	1.850409
699	66.530538	11.350748	0.000000	87.000000	1.847296
700	66.530848	11.351195	0.000000	87.000000	1.851008
701	66.532373	11.343503	0.000000	87.000000	1.634526
702	66.529930	11.342966	0.000000	87.000000	1.635863
703	66.528130	11.347652	0.000000	87.000000	1.625303
704	66.527653	11.353751	0.000000	87.000000	1.627812
705	66.527247	11.353689	0.000000	87.000000	1.634991
706	66.526961	11.349718	0.000000	87.000000	1.635394
707	66.526729	11.351284	0.000000	87.000000	1.634661
708	66.526663	11.353744	0.000000	87.000000	1.628467
709	66.526419	11.357977	0.000000	87.000000	1.625773
710	66.526318	11.355409	0.000000	87.000000	1.627997
711	66.526282	11.356071	0.000000	87.000000	1.633512
712	66.526103	11.359033	0.000000	87.000000	1.639880
713	66.525996	11.360291	0.000000	87.000000	1.625768
714	66.525912	11.361824	0.000000	87.000000	1.628731
715	66.525793	11.361478	0.000000	87.000000	1.626997
716	66.525793	11.360763	0.000000	87.000000	1.627763
717	66.525722	11.360831	0.000000	87.000000	1.625881
718	66.525829	11.359529	0.000000	87.000000	1.634770
719	66.525793	11.360836	0.000000	87.000000	1.626995
720	66.525829	11.361958	0.000000	87.000000	1.636465
721	66.525698	11.360953	0.000000	87.000000	1.626370
722	66.525531	11.363212	0.000000	87.000000	1.636671
723	66.525507	11.365260	0.000000	87.000000	1.625782
724	66.525483	11.365256	0.000000	87.000000	1.635357
725	66.525447	11.365741	0.000000	87.000000	1.627677
726	66.525340	11.365538	0.000000	87.000000	1.636647
727	66.525346	11.364660	0.000000	87.000000	1.625690
728	66.525376	11.366574	0.000000	87.000000	1.635218
729	66.525352	11.365855	0.000000	87.000000	1.626624
730	66.525352	11.365425	0.000000	87.000000	1.625449
731	66.525328	11.365928	0.000000	87.000000	1.632866
732	66.525352	11.366614	0.000000	87.000000	1.636003
733	66.525328	11.366584	0.000000	87.000000	1.632994
734	66.525322	11.366220	0.000000	87.000000	1.634990
735	66.525316	11.366775	0.000000	87.000000	1.625342
736	66.525292	11.366785	0.000000	87.000000	1.625642
737	66.525328	11.366689	0.000000	87.000000	1.637772
738	66.525328	11.366644	0.000000	87.000000	1.635891
739	66.525370	11.366120	0.000000	87.000000	1.625723
740	66.525358	11.364540	0.000000	87.000000	1.634179
741	66.525352	11.364329	0.000000	87.000000	1.625853
742	66.525358	11.364699	0.000000	87.000000	1.627560
743	66.525400	11.366421	0.000000	87.000000	1.634338
744	66.525400	11.367053	0.000000	87.000000	1.631306
745	66.525418	11.366690	0.000000	87.000000	1.626782
746	66.525429	11.366544	0.000000	87.000000	1.637620
747	66.525370	11.365969	0.000000	87.000000	1.625377
748	66.525304	11.366771	0.000000	87.000000	1.635282
749	66.525316	11.366647	0.000000	87.000000	1.633904
750	66.525275	11.366217	0.000000	87.000000	1.634985
751	66.525364	11.365794	0.000000	87.000000	1.627353
