1	27.787805	3.703095	0.000000	59.933333	2.273706
2	33.989269	5.632443	0.000000	59.933333	2.253511
3	37.600499	6.460917	0.111235	59.933333	2.252816
4	39.709723	6.820079	0.000000	59.933333	2.266628
5	41.027871	6.876244	0.000000	59.933333	2.248036
6	41.905010	6.945882	0.000000	59.933333	2.256289
7	42.433244	6.895263	0.111235	59.933333	2.271343
8	42.826283	6.800156	0.111235	59.933333	2.255407
9	43.105781	6.788638	0.111235	59.933333	2.270358
10	43.335503	6.696229	0.111235	59.933333	2.253567
11	43.552452	6.772124	0.111235	59.933333	2.276116
12	43.695882	6.765035	0.111235	59.933333	2.260006
13	43.840158	6.774383	0.111235	59.933333	2.247825
14	43.933189	6.727723	0.111235	59.933333	2.242862
15	44.015396	6.734797	0.111235	59.933333	2.251815
16	44.120961	6.685646	0.111235	59.933333	2.256305
17	44.185784	6.692575	0.111235	59.933333	2.259719
18	44.244325	6.646329	0.111235	59.933333	2.253373
19	44.303316	6.570508	0.111235	59.933333	2.271750
20	44.368339	6.536880	0.111235	59.933333	2.262018
21	44.393814	6.362838	0.111235	59.933333	2.260118
22	44.457483	6.305120	0.111235	59.933333	2.263764
23	44.474268	6.299595	0.000000	59.933333	2.254026
24	44.501805	6.303698	0.111235	59.933333	2.273234
25	44.514504	6.280720	0.111235	59.933333	2.279986
26	44.546157	6.296324	0.000000	59.933333	2.293079
27	44.571316	6.292086	0.000000	59.933333	2.290891
28	44.608435	6.321598	0.000000	59.933333	2.264900
29	44.605029	6.354979	0.000000	59.933333	2.251488
30	44.647819	6.208383	0.000000	59.933333	2.262701
31	44.670743	6.235373	0.000000	59.933333	2.268253
32	44.682771	6.180838	0.000000	59.933333	2.251245
33	44.724768	6.075362	0.111235	59.933333	2.266605
34	44.737595	5.981931	0.111235	59.933333	2.267415
35	44.743481	6.029423	0.111235	59.933333	2.274298
36	44.763631	6.037102	0.111235	59.933333	2.293266
37	44.780988	6.051818	0.000000	59.933333	2.293327
38	44.796395	6.007302	0.000000	59.933333	2.282950
39	44.812533	6.065598	0.111235	59.933333	2.278252
40	44.825226	6.083043	0.000000	59.933333	2.283238
41	44.849288	6.048134	0.000000	59.933333	2.276879
42	44.870782	5.989770	0.111235	59.933333	2.269625
43	44.896123	6.092603	0.000000	59.933333	2.277819
44	44.916037	6.089378	0.000000	59.933333	2.287788
45	44.952217	5.989784	0.000000	59.933333	2.319353
46	44.950029	5.953949	0.111235	59.933333	2.304283
47	44.967884	5.969960	0.111235	59.933333	2.277189
48	44.971058	5.997734	0.000000	59.933333	2.270005
49	44.987586	5.948655	0.111235	59.933333	2.275359
50	44.987971	5.968955	0.000000	59.933333	2.283079
51	44.999334	5.944954	0.000000	59.933333	2.283140
52	45.021045	5.908646	0.000000	59.933333	2.297841
53	45.025608	5.869231	0.000000	59.933333	2.277827
54	45.044607	5.834586	0.000000	59.933333	2.288061
55	45.032382	5.904683	0.000000	59.933333	2.280702
56	45.044079	5.901024	0.000000	59.933333	2.275635
57	45.031416	5.827044	0.000000	59.933333	2.276114
58	45.047569	5.801909	0.000000	59.933333	2.290414
59	45.057642	5.773687	0.000000	59.933333	2.304808
60	45.057994	5.901217	0.000000	59.933333	2.289619
61	45.078564	5.848976	0.000000	59.933333	2.276093
62	45.070386	5.706724	0.000000	59.933333	2.266392
63	45.084617	5.740979	0.000000	59.933333	2.288931
64	45.101914	5.689690	0.000000	59.933333	2.288420
65	45.110750	5.717470	0.000000	59.933333	2.310759
66	45.137724	5.726626	0.000000	59.933333	2.283998
67	45.126939	5.775661	0.000000	59.933333	2.290192
68	45.149136	5.736381	0.000000	59.933333	2.265622
69	45.154577	5.687927	0.000000	59.933333	2.282883
70	45.150435	5.687529	0.000000	59.933333	2.298774
71	45.141217	5.731935	0.000000	59.933333	2.313068
72	45.144558	5.686072	0.000000	59.933333	2.317561
73	45.144680	5.666218	0.000000	59.933333	2.284012
74	45.159853	5.707803	0.000000	59.933333	2.273346
75	45.165926	5.669543	0.000000	59.933333	2.276161
76	45.166516	5.698723	0.000000	59.933333	2.295007
77	45.149761	5.687629	0.000000	59.933333	2.293773
78	45.151764	5.659958	0.000000	59.933333	2.319014
79	45.163769	5.631041	0.000000	59.933333	2.301535
80	45.161551	5.667052	0.000000	59.933333	2.284911
81	45.171037	5.643504	0.000000	59.933333	2.289466
82	45.180535	5.651602	0.000000	59.933333	2.308499
83	45.188966	5.562157	0.000000	59.933333	2.306024
84	45.174152	5.602549	0.000000	59.933333	2.295768
85	45.182669	5.605203	0.000000	59.933333	2.265285
86	45.182911	5.607690	0.000000	59.933333	2.289179
87	45.195371	5.661657	0.000000	59.933333	2.322069
88	45.203620	5.737584	0.000000	59.933333	2.339104
89	45.201153	5.768944	0.000000	59.933333	2.294988
90	45.195341	5.711693	0.000000	59.933333	2.270303
91	45.190120	5.698245	0.000000	59.933333	2.287462
92	45.200026	5.764427	0.000000	59.933333	2.317617
93	45.190540	5.779074	0.000000	59.933333	2.316757
94	45.197725	5.810598	0.000000	59.933333	2.295057
95	45.204365	5.767254	0.000000	59.933333	2.284121
96	45.203313	5.850594	0.000000	59.933333	2.293363
97	45.192626	5.798551	0.000000	59.933333	2.311759
98	45.200267	5.840216	0.000000	59.933333	2.309355
99	45.198050	5.837956	0.000000	59.933333	2.302867
100	45.206392	5.824971	0.000000	59.933333	2.275839
101	45.212740	5.837947	0.000000	59.933333	2.284012
102	45.211712	5.787134	0.000000	59.933333	2.298270
103	45.195439	5.789619	0.000000	59.933333	2.305381
104	45.207998	5.803915	0.000000	59.933333	2.290703
105	45.214346	5.847899	0.000000	59.933333	2.287753
106	45.210612	5.800700	0.000000	59.933333	2.266088
107	45.217267	5.870123	0.000000	59.933333	2.279791
108	45.208752	5.931487	0.000000	59.933333	2.290575
109	45.231813	5.904091	0.000000	59.933333	2.322452
110	45.235783	5.917591	0.000000	59.933333	2.289849
111	45.223850	6.060803	0.000000	59.933333	2.294122
112	45.240253	5.930867	0.000000	59.933333	2.279440
113	45.225519	5.982209	0.000000	59.933333	2.287581
114	45.241660	5.977864	0.000000	59.933333	2.292581
115	45.217109	5.950769	0.000000	59.933333	2.312514
116	45.233715	5.909567	0.000000	59.933333	2.307527
117	45.231554	5.909046	0.000000	59.933333	2.296496
118	45.228830	5.946374	0.000000	59.933333	2.291755
119	45.224279	5.974536	0.000000	59.933333	2.309406
120	45.251146	5.949681	0.000000	59.933333	2.319214
121	45.248994	5.947243	0.000000	59.933333	2.292975
122	45.261294	5.956293	0.000000	59.933333	2.299164
123	45.238343	5.947541	0.000000	59.933333	2.302179
124	45.229954	5.955354	0.000000	59.933333	2.319203
125	45.255637	5.901569	0.000000	59.933333	2.303192
126	45.256853	5.918145	0.000000	59.933333	2.303609
127	45.261469	5.936089	0.000000	59.933333	2.305037
128	45.233566	5.861266	0.000000	59.933333	2.316414
129	45.243156	5.856623	0.000000	59.933333	2.311399
130	45.255810	5.857183	0.000000	59.933333	2.293316
131	45.272779	6.017132	0.000000	59.933333	2.302304
132	45.263273	5.961294	0.000000	59.933333	2.313001
133	45.269108	5.928047	0.000000	59.933333	2.311141
134	45.260441	5.885093	0.000000	59.933333	2.289049
135	45.267862	5.828596	0.000000	59.933333	2.306767
136	45.275724	5.813366	0.000000	59.933333	2.292377
137	45.263767	5.911602	0.000000	59.933333	2.317608
138	45.259202	5.896222	0.000000	59.933333	2.322580
139	45.270187	5.893422	0.000000	59.933333	2.303112
140	45.270872	5.921413	0.111235	59.933333	2.296299
141	45.269120	5.879711	0.111235	59.933333	2.297411
142	45.271221	5.879869	0.000000	59.933333	2.320530
143	45.265585	5.842274	0.000000	59.933333	2.301996
144	45.277262	5.790800	0.000000	59.933333	2.298054
145	45.281196	5.804174	0.000000	59.933333	2.305108
146	45.283520	5.815379	0.000000	59.933333	2.328698
147	45.277458	5.810251	0.000000	59.933333	2.296936
148	45.287424	5.801734	0.000000	59.933333	2.293700
149	45.293692	5.853170	0.000000	59.933333	2.305585
150	45.301712	5.941676	0.111235	59.933333	2.329191
151	45.318919	5.904159	0.000000	59.933333	2.316334
152	45.302871	5.849052	0.111235	59.933333	2.283127
153	45.290869	5.865169	0.111235	59.933333	2.301265
154	45.298260	5.878170	0.000000	59.933333	2.299998
155	45.299438	5.873520	0.000000	59.933333	2.305782
156	45.297486	5.960312	0.000000	59.933333	2.301472
157	45.297247	5.928836	0.000000	59.933333	2.302626
158	45.302939	5.943627	0.000000	59.933333	2.303237
159	45.311117	5.956703	0.000000	59.933333	2.329846
160	45.310608	5.872752	0.000000	59.933333	2.310652
161	45.305949	5.824619	0.000000	59.933333	2.288874
162	45.317280	5.839464	0.000000	59.933333	2.290812
163	45.324039	5.863490	0.000000	59.933333	2.309932
164	45.330185	5.925007	0.000000	59.933333	2.339519
165	45.343089	5.979362	0.000000	59.933333	2.284400
166	45.333999	5.990372	0.000000	59.933333	2.298771
167	45.325473	5.853312	0.000000	59.933333	2.294032
168	45.316809	5.810290	0.000000	59.933333	2.326166
169	45.313287	5.757660	0.000000	59.933333	2.323549
170	45.327502	5.736389	0.000000	59.933333	2.294162
171	45.335191	5.818477	0.000000	59.933333	2.301391
172	45.341536	5.932750	0.000000	59.933333	2.314628
173	45.343465	5.922912	0.000000	59.933333	2.331791
174	45.338148	5.940253	0.000000	59.933333	2.280311
175	45.335492	5.957978	0.000000	59.933333	2.294526
176	45.346299	5.928633	0.000000	59.933333	2.296879
177	45.337808	5.911517	0.000000	59.933333	2.315658
178	45.321319	5.764074	0.000000	59.933333	2.301135
179	45.334417	5.786415	0.000000	59.933333	2.324489
180	45.345357	5.801776	0.000000	59.933333	2.305813
181	45.344061	5.848719	0.000000	59.933333	2.302270
182	45.338610	5.856132	0.000000	59.933333	2.331545
183	45.348081	5.900044	0.000000	59.933333	2.280215
184	45.355064	5.846096	0.000000	59.933333	2.288538
185	45.366758	5.887040	0.000000	59.933333	2.300642
186	45.352536	5.949677	0.000000	59.933333	2.325078
187	45.358330	5.923726	0.000000	59.933333	2.298130
188	45.341152	5.959219	0.000000	59.933333	2.297750
189	45.342350	5.922002	0.000000	59.933333	2.296732
190	45.348394	5.886003	0.000000	59.933333	2.323781
191	45.348483	5.837252	0.000000	59.933333	2.319521
192	45.357096	5.881972	0.000000	59.933333	2.289153
193	45.354694	5.888466	0.000000	59.933333	2.319840
194	45.344946	5.942133	0.000000	59.933333	2.322902
195	45.365527	5.923893	0.000000	59.933333	2.301162
196	45.358866	5.864731	0.000000	59.933333	2.282037
197	45.365313	5.835343	0.000000	59.933333	2.303428
198	45.366850	5.942891	0.000000	59.933333	2.316550
199	45.365739	5.880942	0.000000	59.933333	2.312211
200	45.359531	5.853289	0.000000	59.933333	2.305519
201	45.359561	5.819133	0.000000	59.933333	2.294887
202	45.348662	5.842781	0.000000	59.933333	2.297807
203	45.349848	5.923845	0.000000	59.933333	2.301737
204	45.349926	5.894642	0.000000	59.933333	2.317710
205	45.346254	5.924735	0.000000	59.933333	2.305557
206	45.357686	5.864114	0.000000	59.933333	2.314268
207	45.365119	5.822774	0.000000	59.933333	2.311418
208	45.365936	5.846745	0.000000	59.933333	2.301004
209	45.372128	5.829696	0.000000	59.933333	2.299847
210	45.387182	5.783830	0.000000	59.933333	2.293353
211	45.394102	5.798175	0.000000	59.933333	2.299599
212	45.384583	5.785054	0.000000	59.933333	2.321434
213	45.393452	5.791040	0.000000	59.933333	2.320629
214	45.397991	5.763006	0.000000	59.933333	2.289257
215	45.388028	5.762034	0.000000	59.933333	2.293907
216	45.376891	5.746679	0.000000	59.933333	2.328829
217	45.370209	5.772672	0.000000	59.933333	2.330747
218	45.377469	5.819685	0.000000	59.933333	2.298932
219	45.362797	5.743647	0.000000	59.933333	2.279558
220	45.367780	5.808724	0.000000	59.933333	2.305371
221	45.379061	5.831713	0.000000	59.933333	2.329732
222	45.382202	5.738286	0.000000	59.933333	2.286439
223	45.382601	5.787749	0.000000	59.933333	2.293999
224	45.384800	5.942078	0.000000	59.933333	2.295664
225	45.389634	5.881444	0.000000	59.933333	2.316947
226	45.398402	5.881992	0.000000	59.933333	2.318820
227	45.400310	5.901705	0.000000	59.933333	2.298677
228	45.413405	5.870532	0.000000	59.933333	2.298581
229	45.422578	5.928497	0.000000	59.933333	2.302095
230	45.399225	5.931630	0.000000	59.933333	2.318019
231	45.388603	5.946401	0.000000	59.933333	2.304298
232	45.383763	5.904469	0.000000	59.933333	2.301338
233	45.396560	5.867124	0.000000	59.933333	2.297274
234	45.407987	5.845295	0.000000	59.933333	2.308900
235	45.411223	5.872742	0.000000	59.933333	2.325370
236	45.427752	5.766632	0.000000	59.933333	2.298068
237	45.416361	5.785218	0.000000	59.933333	2.293267
238	45.407087	5.809268	0.000000	59.933333	2.306974
239	45.416543	5.868047	0.000000	59.933333	2.318158
240	45.412755	5.878286	0.000000	59.933333	2.301748
241	45.418942	5.730503	0.000000	59.933333	2.286954
242	45.437038	5.785504	0.000000	59.933333	2.284358
243	45.433828	5.822503	0.000000	59.933333	2.317611
244	45.453858	5.717710	0.000000	59.933333	2.298599
245	45.449024	5.753883	0.000000	59.933333	2.296414
246	45.444512	5.871324	0.000000	59.933333	2.274665
247	45.458242	5.786206	0.000000	59.933333	2.286188
248	45.462361	5.807119	0.000000	59.933333	2.298770
249	45.454049	5.783705	0.000000	59.933333	2.311476
250	45.447683	5.816642	0.000000	59.933333	2.318564
251	45.460135	5.815617	0.000000	59.933333	2.297871
252	45.453757	5.791590	0.000000	59.933333	2.289226
253	45.448035	5.762347	0.000000	59.933333	2.307815
254	45.452291	5.770808	0.000000	59.933333	2.320163
255	45.451236	5.780576	0.000000	59.933333	2.302071
256	45.437974	5.820021	0.000000	59.933333	2.301243
257	45.431626	5.775289	0.000000	59.933333	2.296095
258	45.454445	5.808771	0.000000	59.933333	2.323954
259	45.454651	5.851762	0.000000	59.933333	2.287744
260	45.459867	5.797927	0.000000	59.933333	2.296324
261	45.455486	5.846408	0.000000	59.933333	2.269334
262	45.447680	5.891219	0.000000	59.933333	2.276711
263	45.450449	5.837159	0.000000	59.933333	2.294092
264	45.459333	5.820195	0.000000	59.933333	2.308393
265	45.474941	5.906974	0.000000	59.933333	2.313508
266	45.436841	5.896312	0.000000	59.933333	2.299062
267	45.468795	5.954289	0.000000	59.933333	2.286875
268	45.452476	5.995197	0.000000	59.933333	2.323333
269	45.466137	5.909209	0.000000	59.933333	2.314464
270	45.471197	5.842763	0.000000	59.933333	2.299623
271	45.466363	5.836004	0.000000	59.933333	2.294484
272	45.464784	5.760152	0.000000	59.933333	2.305840
273	45.463949	5.787749	0.000000	59.933333	2.329405
274	45.463276	5.876378	0.000000	59.933333	2.295927
275	45.471394	5.815066	0.000000	59.933333	2.279024
276	45.460975	5.821876	0.000000	59.933333	2.297521
277	45.477140	5.773857	0.000000	59.933333	2.271357
278	45.482087	5.873732	0.000000	59.933333	2.288832
279	45.470297	5.779264	0.000000	59.933333	2.306786
280	45.485291	5.727878	0.000000	59.933333	2.312604
281	45.464617	5.767870	0.000000	59.933333	2.283549
282	45.467174	5.774570	0.000000	59.933333	2.299219
283	45.470974	5.718686	0.000000	59.933333	2.331170
284	45.465511	5.759199	0.000000	59.933333	2.317904
285	45.465839	5.729041	0.000000	59.933333	2.293980
286	45.440799	5.737935	0.000000	59.933333	2.292522
287	45.469028	5.694004	0.000000	59.933333	2.303160
288	45.467573	5.620770	0.000000	59.933333	2.306249
289	45.467123	5.643603	0.111235	59.933333	2.297335
290	45.461357	5.638104	0.000000	59.933333	2.285584
291	45.464820	5.715905	0.000000	59.933333	2.278300
292	45.466524	5.745808	0.111235	59.933333	2.279630
293	45.475790	5.713825	0.000000	59.933333	2.292304
294	45.472789	5.673905	0.111235	59.933333	2.312133
295	45.460954	5.665609	0.111235	59.933333	2.310277
296	45.490888	5.624112	0.111235	59.933333	2.293312
297	45.479506	5.607763	0.000000	59.933333	2.287805
298	45.477960	5.678549	0.000000	59.933333	2.300757
299	45.477852	5.708673	0.000000	59.933333	2.315490
300	45.486489	5.705474	0.000000	59.933333	2.305379
301	45.481539	5.703955	0.000000	59.933333	2.296921
302	45.485878	5.675088	0.000000	59.933333	2.279965
303	45.476490	5.700808	0.000000	59.933333	2.315674
304	45.488974	5.749584	0.000000	59.933333	2.303955
305	45.481998	5.883710	0.000000	59.933333	2.297385
306	45.460042	5.834543	0.000000	59.933333	2.266061
307	45.469430	5.791870	0.111235	59.933333	2.291969
308	45.474404	5.758976	0.111235	59.933333	2.296802
309	45.479554	5.765017	0.111235	59.933333	2.333075
310	45.452487	5.781007	0.111235	59.933333	2.316918
311	45.480949	5.782172	0.111235	59.933333	2.281883
312	45.478451	5.813373	0.111235	59.933333	2.289964
313	45.472744	5.870624	0.111235	59.933333	2.304337
314	45.475674	5.808309	0.111235	59.933333	2.329191
315	45.477676	5.815653	0.111235	59.933333	2.300102
316	45.462960	5.837328	0.111235	59.933333	2.295858
317	45.474705	5.751011	0.111235	59.933333	2.301914
318	45.443165	5.705239	0.000000	59.933333	2.331653
319	45.472884	5.707483	0.111235	59.933333	2.291211
320	45.467937	5.761687	0.111235	59.933333	2.295133
321	45.472515	5.717456	0.111235	59.933333	2.301607
322	45.468175	5.684098	0.000000	59.933333	2.306409
323	45.454457	5.650358	0.111235	59.933333	2.325278
324	45.477188	5.643449	0.111235	59.933333	2.327366
325	45.476285	5.725343	0.111235	59.933333	2.287040
326	45.484948	5.735250	0.111235	59.933333	2.298873
327	45.463097	5.720232	0.111235	59.933333	2.316459
328	45.462763	5.744622	0.111235	59.933333	2.292736
329	45.469961	5.794332	0.111235	59.933333	2.305200
330	45.475382	5.758380	0.111235	59.933333	2.301737
331	45.451111	5.738506	0.111235	59.933333	2.314153
332	45.462433	5.753681	0.111235	59.933333	2.320946
333	45.479864	5.696062	0.000000	59.933333	2.290799
334	45.463127	5.653196	0.000000	59.933333	2.289468
335	45.473999	5.732816	0.000000	59.933333	2.311514
336	45.468172	5.724399	0.111235	59.933333	2.321972
337	45.474249	5.593942	0.111235	59.933333	2.296417
338	45.465359	5.605320	0.111235	59.933333	2.303700
339	45.458141	5.549565	0.111235	59.933333	2.297062
340	45.473558	5.694677	0.111235	59.933333	2.319933
341	45.478648	5.683916	0.111235	59.933333	2.306202
342	45.491153	5.673704	0.111235	59.933333	2.294117
343	45.489603	5.635005	0.111235	59.933333	2.292531
344	45.486683	5.702569	0.111235	59.933333	2.314545
345	45.472676	5.612198	0.111235	59.933333	2.324512
346	45.458558	5.633958	0.111235	59.933333	2.307965
347	45.467383	5.663565	0.111235	59.933333	2.290500
348	45.471799	5.707762	0.111235	59.933333	2.306916
349	45.462814	5.737976	0.111235	59.933333	2.323975
350	45.471495	5.721421	0.111235	59.933333	2.297940
351	45.481336	5.700039	0.111235	59.933333	2.284051
352	45.465565	5.664494	0.111235	59.933333	2.277052
353	45.457143	5.662720	0.111235	59.933333	2.280751
354	45.469213	5.683668	0.111235	59.933333	2.300190
355	45.471346	5.660832	0.111235	59.933333	2.299683
356	45.474476	5.674399	0.000000	59.933333	2.294904
357	45.468077	5.661992	0.000000	59.933333	2.289423
358	45.470881	5.657298	0.000000	59.933333	2.290887
359	45.467964	5.652624	0.000000	59.933333	2.307917
360	45.472136	5.674476	0.000000	59.933333	2.327789
361	45.484012	5.651543	0.000000	59.933333	2.308859
362	45.468056	5.569052	0.111235	59.933333	2.295974
363	45.470786	5.659562	0.000000	59.933333	2.303947
364	45.476943	5.729625	0.111235	59.933333	2.313820
365	45.467830	5.675257	0.111235	59.933333	2.300012
366	45.462665	5.641606	0.111235	59.933333	2.313623
367	45.456755	5.697590	0.000000	59.933333	2.300998
368	45.466012	5.585092	0.000000	59.933333	2.319815
369	45.472071	5.656777	0.111235	59.933333	2.327890
370	45.469528	5.616317	0.000000	59.933333	2.292329
371	45.469993	5.661087	0.000000	59.933333	2.292432
372	45.487261	5.660101	0.000000	59.933333	2.332675
373	45.453322	5.625469	0.111235	59.933333	2.320641
374	45.453280	5.580383	0.111235	59.933333	2.275661
375	45.467710	5.546163	0.000000	59.933333	2.297840
376	45.456722	5.645553	0.111235	59.933333	2.301428
377	45.467311	5.658170	0.111235	59.933333	2.344208
378	45.485011	5.621582	0.000000	59.933333	2.300163
379	45.488244	5.663809	0.111235	59.933333	2.297387
380	45.494354	5.667328	0.111235	59.933333	2.294076
381	45.475453	5.705594	0.111235	59.933333	2.299826
382	45.496696	5.628890	0.000000	59.933333	2.315023
383	45.503974	5.652870	0.000000	59.933333	2.292245
384	45.490986	5.665389	0.000000	59.933333	2.284676
385	45.483983	5.671519	0.111235	59.933333	2.293152
386	45.483726	5.596156	0.111235	59.933333	2.320944
387	45.476711	5.728793	0.000000	59.933333	2.333102
388	45.480180	5.738447	0.000000	59.933333	2.312396
389	45.472610	5.713956	0.000000	59.933333	2.290918
390	45.480460	5.629623	0.000000	59.933333	2.311336
391	45.488596	5.802957	0.000000	59.933333	2.317890
392	45.504117	5.723352	0.000000	59.933333	2.294211
393	45.502812	5.683933	0.000000	59.933333	2.298250
394	45.493865	5.646760	0.000000	59.933333	2.297499
395	45.492321	5.673265	0.000000	59.933333	2.319983
396	45.499384	5.635293	0.000000	59.933333	2.306102
397	45.489550	5.653628	0.000000	59.933333	2.300653
398	45.499396	5.674847	0.111235	59.933333	2.299843
399	45.486349	5.630833	0.111235	59.933333	2.325691
400	45.487756	5.697459	0.111235	59.933333	2.295002
401	45.509014	5.757824	0.111235	59.933333	2.305176
402	45.505235	5.676997	0.111235	59.933333	2.299721
403	45.486957	5.677989	0.000000	59.933333	2.303037
404	45.490539	5.695688	0.000000	59.933333	2.341333
405	45.489347	5.670371	0.000000	59.933333	2.306839
406	45.484725	5.648181	0.000000	59.933333	2.280895
407	45.493487	5.672560	0.000000	59.933333	2.304533
408	45.495462	5.645176	0.000000	59.933333	2.310428
409	45.486289	5.721978	0.000000	59.933333	2.298321
410	45.498687	5.716208	0.000000	59.933333	2.299499
411	45.507911	5.626493	0.111235	59.933333	2.305279
412	45.495695	5.576950	0.000000	59.933333	2.321859
413	45.487821	5.575298	0.111235	59.933333	2.320458
414	45.505357	5.623022	0.111235	59.933333	2.286998
415	45.496526	5.732867	0.111235	59.933333	2.298354
416	45.486999	5.716764	0.111235	59.933333	2.304530
417	45.505977	5.683546	0.111235	59.933333	2.316787
418	45.495495	5.702344	0.111235	59.933333	2.288620
419	45.508218	5.649319	0.111235	59.933333	2.313622
420	45.504498	5.695551	0.111235	59.933333	2.305110
421	45.508420	5.686513	0.111235	59.933333	2.316790
422	45.496237	5.654033	0.000000	59.933333	2.317544
423	45.477119	5.590927	0.111235	59.933333	2.310735
424	45.490503	5.597527	0.000000	59.933333	2.302058
425	45.491168	5.636534	0.000000	59.933333	2.305740
426	45.508179	5.666768	0.000000	59.933333	2.310718
427	45.481771	5.677964	0.000000	59.933333	2.289402
428	45.480794	5.670497	0.000000	59.933333	2.297925
429	45.488057	5.655196	0.000000	59.933333	2.299039
430	45.491400	5.677711	0.000000	59.933333	2.322701
431	45.499054	5.693875	0.000000	59.933333	2.298273
432	45.504552	5.627230	0.000000	59.933333	2.285573
433	45.506164	5.545341	0.111235	59.933333	2.276543
434	45.507157	5.607171	0.000000	59.933333	2.287210
435	45.525652	5.701240	0.000000	59.933333	2.285583
436	45.517057	5.676071	0.000000	59.933333	2.307804
437	45.509261	5.657954	0.000000	59.933333	2.292094
438	45.508167	5.670154	0.000000	59.933333	2.295374
439	45.512080	5.593439	0.000000	59.933333	2.305628
440	45.514169	5.534007	0.000000	59.933333	2.312509
441	45.502585	5.644800	0.111235	59.933333	2.312480
442	45.517737	5.593258	0.111235	59.933333	2.306168
443	45.519722	5.598551	0.000000	59.933333	2.302430
444	45.510197	5.785314	0.111235	59.933333	2.302531
445	45.521349	5.715474	0.000000	59.933333	2.320175
446	45.519143	5.651650	0.111235	59.933333	2.295135
447	45.523134	5.584377	0.000000	59.933333	2.300243
448	45.520163	5.588647	0.000000	59.933333	2.304120
449	45.506826	5.516567	0.000000	59.933333	2.311648
450	45.499498	5.443551	0.111235	59.933333	2.318382
451	45.497701	5.550242	0.000000	59.933333	2.322975
452	45.506722	5.579400	0.000000	59.933333	2.311597
453	45.510614	5.665562	0.111235	59.933333	2.303797
454	45.502484	5.607362	0.111235	59.933333	2.297795
455	45.495480	5.536027	0.111235	59.933333	2.286517
456	45.498586	5.633520	0.111235	59.933333	2.305321
457	45.503640	5.711971	0.111235	59.933333	2.319611
458	45.501831	5.702871	0.111235	59.933333	2.319141
459	45.485309	5.634353	0.000000	59.933333	2.280486
460	45.499951	5.588397	0.000000	59.933333	2.319968
461	45.483953	5.661097	0.000000	59.933333	2.301630
462	45.490915	5.621764	0.000000	59.933333	2.313718
463	45.502579	5.684870	0.000000	59.933333	2.323464
464	45.499220	5.615609	0.000000	59.933333	2.279914
465	45.490941	5.687231	0.000000	59.933333	2.296400
466	45.498306	5.619604	0.000000	59.933333	2.332217
467	45.514107	5.647854	0.111235	59.933333	2.341887
468	45.514017	5.716992	0.000000	59.933333	2.328185
469	45.498282	5.624691	0.000000	59.933333	2.311510
470	45.505488	5.607964	0.000000	59.933333	2.319743
471	45.502836	5.649705	0.111235	59.933333	2.304416
472	45.517325	5.640308	0.000000	59.933333	2.314475
473	45.508766	5.656971	0.111235	59.933333	2.299542
474	45.502579	5.767490	0.000000	59.933333	2.325807
475	45.499718	5.669429	0.000000	59.933333	2.287331
476	45.509702	5.660999	0.000000	59.933333	2.311208
477	45.501703	5.592183	0.000000	59.933333	2.300835
478	45.517266	5.638267	0.000000	59.933333	2.310762
479	45.501983	5.686169	0.000000	59.933333	2.311510
480	45.494252	5.758953	0.000000	59.933333	2.319340
481	45.484579	5.742877	0.000000	59.933333	2.281556
482	45.484382	5.724540	0.000000	59.933333	2.304649
483	45.490205	5.701606	0.000000	59.933333	2.307126
484	45.484170	5.671399	0.000000	59.933333	2.302683
485	45.484322	5.677580	0.111235	59.933333	2.303059
486	45.488828	5.643739	0.111235	59.933333	2.319677
487	45.702845	5.544365	0.111235	59.933333	2.317881
488	45.756856	5.636674	0.111235	59.933333	2.299031
489	45.785624	5.699838	0.111235	59.933333	2.293334
490	45.805949	5.708490	0.111235	59.933333	2.301886
491	45.810336	5.667816	0.111235	59.933333	2.311359
492	45.825669	5.597595	0.111235	59.933333	2.313505
493	45.830783	5.631119	0.111235	59.933333	2.306171
494	45.835805	5.673582	0.111235	59.933333	2.291740
495	45.837820	5.700315	0.111235	59.933333	2.296440
496	45.836177	5.707508	0.111235	59.933333	2.316477
497	45.840347	5.738788	0.111235	59.933333	2.298541
498	45.839795	5.688387	0.111235	59.933333	2.285288
499	45.844552	5.712323	0.111235	59.933333	2.280963
500	45.846695	5.628079	0.111235	59.933333	2.282665
501	45.849878	5.670948	0.111235	59.933333	2.288476
502	45.854574	5.710507	0.111235	59.933333	2.317099
503	45.867875	5.714007	0.111235	59.933333	2.293479
504	45.873272	5.764293	0.000000	59.933333	2.303615
505	45.871747	5.807033	0.000000	59.933333	2.292619
506	45.873469	5.761288	0.000000	59.933333	2.325221
507	45.860773	5.729026	0.000000	59.933333	2.315423
508	45.868659	5.694143	0.111235	59.933333	2.291288
509	45.873094	5.757791	0.111235	59.933333	2.300023
510	45.870972	5.742094	0.111235	59.933333	2.300542
511	45.874220	5.757053	0.111235	59.933333	2.314991
512	45.870250	5.807569	0.000000	59.933333	2.309505
513	45.857078	5.775522	0.000000	59.933333	2.292338
514	45.872325	5.704714	0.111235	59.933333	2.304309
515	45.865208	5.718943	0.111235	59.933333	2.308224
516	45.868522	5.730293	0.111235	59.933333	2.324467
517	45.868820	5.759393	0.111235	59.933333	2.297942
518	45.862523	5.786252	0.222469	59.933333	2.296574
519	45.868003	5.746466	0.111235	59.933333	2.304909
520	45.872584	5.722668	0.000000	59.933333	2.320254
521	45.872629	5.671622	0.111235	59.933333	2.301942
522	45.888323	5.709753	0.111235	59.933333	2.303694
523	45.868844	5.746314	0.111235	59.933333	2.302769
524	45.867315	5.777082	0.111235	59.933333	2.322830
525	45.856494	5.763175	0.111235	59.933333	2.311637
526	45.868075	5.671861	0.111235	59.933333	2.286676
527	45.878991	5.699013	0.000000	59.933333	2.288992
528	45.872283	5.703632	0.111235	59.933333	2.315160
529	45.876861	5.743767	0.111235	59.933333	2.328336
530	45.867008	5.753483	0.111235	59.933333	2.306569
531	45.842159	5.722794	0.111235	59.933333	2.315975
532	45.865884	5.680178	0.222469	59.933333	2.301839
533	45.857885	5.675295	0.111235	59.933333	2.297707
534	45.865333	5.683800	0.000000	59.933333	2.296380
535	45.860708	5.678473	0.000000	59.933333	2.302242
536	45.851332	5.749405	0.000000	59.933333	2.306926
537	45.859003	5.798182	0.111235	59.933333	2.308982
538	45.882219	5.754238	0.000000	59.933333	2.327844
539	45.883343	5.702027	0.111235	59.933333	2.285619
540	45.882758	5.624505	0.000000	59.933333	2.292056
541	45.870328	5.666883	0.111235	59.933333	2.308317
542	45.884538	5.665174	0.000000	59.933333	2.317186
543	45.891553	5.692375	0.111235	59.933333	2.297092
544	45.884299	5.731453	0.111235	59.933333	2.305615
545	45.875394	5.689302	0.222469	59.933333	2.289919
546	45.865268	5.653422	0.000000	59.933333	2.328120
547	45.869246	5.755818	0.000000	59.933333	2.321325
548	45.868298	5.704517	0.111235	59.933333	2.281369
549	45.871723	5.711558	0.000000	59.933333	2.288044
550	45.885366	5.702321	0.111235	59.933333	2.294953
551	45.890567	5.686837	0.000000	59.933333	2.320243
552	45.879459	5.649935	0.000000	59.933333	2.314524
553	45.884788	5.644199	0.000000	59.933333	2.302111
554	45.882186	5.685107	0.111235	59.933333	2.286611
555	45.887083	5.656613	0.000000	59.933333	2.329571
556	45.902443	5.552837	0.000000	59.933333	2.315060
557	45.895505	5.615616	0.000000	59.933333	2.280892
558	45.888549	5.680313	0.111235	59.933333	2.267480
559	45.888549	5.651077	0.000000	59.933333	2.275615
560	45.894063	5.625502	0.000000	59.933333	2.297159
561	45.896778	5.561766	0.111235	59.933333	2.313654
562	45.897210	5.699506	0.222469	59.933333	2.312528
563	45.901740	5.607280	0.111235	59.933333	2.293539
564	45.902485	5.628774	0.111235	59.933333	2.298779
565	45.918232	5.667226	0.111235	59.933333	2.306437
566	45.901254	5.649670	0.111235	59.933333	2.315478
567	45.899749	5.708248	0.111235	59.933333	2.308395
568	45.906490	5.680958	0.111235	59.933333	2.303307
569	45.911473	5.651857	0.111235	59.933333	2.298999
570	45.920146	5.718427	0.111235	59.933333	2.312001
571	45.913643	5.784277	0.111235	59.933333	2.316322
572	45.911860	5.717941	0.111235	59.933333	2.289573
573	45.905578	5.708294	0.111235	59.933333	2.324814
574	45.903718	5.759068	0.111235	59.933333	2.322083
575	45.904255	5.749412	0.000000	59.933333	2.298720
576	45.901662	5.782972	0.000000	59.933333	2.291043
577	45.897520	5.737787	0.000000	59.933333	2.283704
578	45.899117	5.788368	0.000000	59.933333	2.290410
579	45.902991	5.722825	0.111235	59.933333	2.307635
580	45.902073	5.883503	0.111235	59.933333	2.299858
581	45.891827	5.850975	0.000000	59.933333	2.300554
582	45.911679	5.809032	0.000000	59.933333	2.270088
583	45.903054	5.808733	0.000000	59.933333	2.287891
584	45.901060	5.798305	0.111235	59.933333	2.295832
585	45.897484	5.765931	0.000000	59.933333	2.317158
586	45.883587	5.808106	0.000000	59.933333	2.304952
587	45.896739	5.849954	0.111235	59.933333	2.293202
588	45.891741	5.957935	0.111235	59.933333	2.305233
589	45.887274	5.893722	0.111235	59.933333	2.313069
590	45.884413	5.869738	0.222469	59.933333	2.325003
591	45.902538	5.865630	0.222469	59.933333	2.296365
592	45.901954	5.844180	0.111235	59.933333	2.300481
593	45.894513	5.802249	0.222469	59.933333	2.300971
594	45.890930	5.833532	0.111235	59.933333	2.325720
595	45.902598	5.894468	0.111235	59.933333	2.296139
596	45.921129	5.798990	0.111235	59.933333	2.301764
597	45.904317	5.785353	0.111235	59.933333	2.300763
598	45.909423	5.725515	0.111235	59.933333	2.326638
599	45.913541	5.819737	0.111235	59.933333	2.308279
600	45.906192	5.827298	0.111235	59.933333	2.279469
601	45.907372	5.815091	0.111235	59.933333	2.285887
602	45.901853	5.783158	0.222469	59.933333	2.299880
603	45.906860	5.751197	0.111235	59.933333	2.333026
604	45.900804	5.795950	0.111235	59.933333	2.313406
605	45.908496	5.818840	0.111235	59.933333	2.301835
606	45.896322	5.790389	0.111235	59.933333	2.302280
607	45.894244	5.766288	0.111235	59.933333	2.322692
608	45.899856	5.798069	0.111235	59.933333	2.300949
609	45.902896	5.746637	0.000000	59.933333	2.292514
610	45.903534	5.700493	0.000000	59.933333	2.307430
611	45.910907	5.735223	0.111235	59.933333	2.307236
612	45.890778	5.795646	0.000000	59.933333	2.320611
613	45.891902	5.715793	0.000000	59.933333	2.303009
614	45.878714	5.759893	0.111235	59.933333	2.291581
615	45.888770	5.694039	0.111235	59.933333	2.301916
616	45.894930	5.688391	0.111235	59.933333	2.325712
617	45.895392	5.621052	0.111235	59.933333	2.289192
618	45.900190	5.604058	0.111235	59.933333	2.298490
619	45.902815	5.622207	0.111235	59.933333	2.281327
620	45.899752	5.632881	0.000000	59.933333	2.286638
621	45.898747	5.626635	0.111235	59.933333	2.291298
622	45.901763	5.605955	0.222469	59.933333	2.304131
623	45.914108	5.625147	0.000000	59.933333	2.286055
624	45.914692	5.673476	0.111235	59.933333	2.287169
625	45.896953	5.645987	0.111235	59.933333	2.300562
626	45.898676	5.666311	0.111235	59.933333	2.291209
627	45.894253	5.754992	0.222469	59.933333	2.327176
628	45.886821	5.731804	0.111235	59.933333	2.337839
629	45.902184	5.658938	0.111235	59.933333	2.273707
630	45.906198	5.743624	0.111235	59.933333	2.290132
631	45.919532	5.731173	0.111235	59.933333	2.309526
632	45.911413	5.667256	0.111235	59.933333	2.308022
633	45.920095	5.730021	0.111235	59.933333	2.297137
634	45.915046	5.682456	0.000000	59.933333	2.270082
635	45.906669	5.662242	0.000000	59.933333	2.286047
636	45.898035	5.693309	0.111235	59.933333	2.303761
637	45.901382	5.635254	0.111235	59.933333	2.305458
638	45.899573	5.656894	0.111235	59.933333	2.291160
639	45.899212	5.750481	0.111235	59.933333	2.295379
640	45.902815	5.692456	0.111235	59.933333	2.286855
641	45.896450	5.739639	0.222469	59.933333	2.292153
642	45.893157	5.694868	0.111235	59.933333	2.298366
643	45.888734	5.676149	0.222469	59.933333	2.306352
644	45.912156	5.702652	0.222469	59.933333	2.310436
645	45.926052	5.734218	0.222469	59.933333	2.297445
646	45.919114	5.829493	0.222469	59.933333	2.285944
647	45.898539	5.659751	0.222469	59.933333	2.315180
648	45.896649	5.696783	0.222469	59.933333	2.307869
649	45.907822	5.660336	0.222469	59.933333	2.287355
650	45.902938	5.658551	0.222469	59.933333	2.302054
651	45.914805	5.628181	0.111235	59.933333	2.297092
652	45.915753	5.625182	0.000000	59.933333	2.309925
653	45.920819	5.650340	0.111235	59.933333	2.295212
654	45.898849	5.687924	0.000000	59.933333	2.308305
655	45.915839	5.693153	0.111235	59.933333	2.324423
656	45.896298	5.755173	0.111235	59.933333	2.312799
657	45.897412	5.701945	0.111235	59.933333	2.334573
658	45.912063	5.675360	0.111235	59.933333	2.281879
659	45.920151	5.649822	0.111235	59.933333	2.288498
660	45.903948	5.681130	0.111235	59.933333	2.313172
661	45.900446	5.643345	0.222469	59.933333	2.305988
662	45.896852	5.622242	0.111235	59.933333	2.301353
663	45.883822	5.592215	0.222469	59.933333	2.305780
664	45.883179	5.643213	0.222469	59.933333	2.306024
665	45.904326	5.624122	0.222469	59.933333	2.328829
666	45.916021	5.712712	0.222469	59.933333	2.302291
667	45.907193	5.780288	0.222469	59.933333	2.285619
668	45.902628	5.648253	0.222469	59.933333	2.309078
669	45.903975	5.746565	0.111235	59.933333	2.320882
670	45.905292	5.738604	0.222469	59.933333	2.306890
671	45.911449	5.783546	0.111235	59.933333	2.315174
672	45.906860	5.758577	0.222469	59.933333	2.286377
673	45.901340	5.795845	0.222469	59.933333	2.299406
674	45.914078	5.800790	0.222469	59.933333	2.318174
675	45.912874	5.811173	0.222469	59.933333	2.319622
676	45.903009	5.793330	0.222469	59.933333	2.282430
677	45.912445	5.858466	0.111235	59.933333	2.291291
678	45.928407	5.736672	0.111235	59.933333	2.310937
679	45.931348	5.716877	0.111235	59.933333	2.316399
680	45.922357	5.766465	0.111235	59.933333	2.310928
681	45.912111	5.832716	0.111235	59.933333	2.297110
682	45.904613	5.812946	0.111235	59.933333	2.309784
683	45.907044	5.800102	0.111235	59.933333	2.303937
684	45.912522	5.750304	0.111235	59.933333	2.303904
685	45.919502	5.741537	0.111235	59.933333	2.302708
686	45.911419	5.783716	0.111235	59.933333	2.299509
687	45.910683	5.763443	0.111235	59.933333	2.329655
688	45.901349	5.829434	0.222469	59.933333	2.312383
689	45.904928	5.760908	0.222469	59.933333	2.313037
690	45.898741	5.732850	0.222469	59.933333	2.290957
691	45.897600	5.744343	0.111235	59.933333	2.306761
692	45.904112	5.800143	0.111235	59.933333	2.311720
693	45.892042	5.748727	0.000000	59.933333	2.294480
694	45.902413	5.697406	0.000000	59.933333	2.294271
695	45.902359	5.670731	0.111235	59.933333	2.297637
696	45.899481	5.669201	0.000000	59.933333	2.323128
697	45.907658	5.684239	0.111235	59.933333	2.290425
698	45.911875	5.739420	0.222469	59.933333	2.321117
699	45.914209	5.710807	0.222469	59.933333	2.316367
700	45.915094	5.654156	0.222469	59.933333	2.304698
701	45.909902	5.689297	0.222469	59.933333	2.312706
702	45.922595	5.733804	0.222469	59.933333	2.294585
703	45.920101	5.745675	0.111235	59.933333	2.292115
704	45.921409	5.754401	0.111235	59.933333	2.305908
705	45.919901	5.761749	0.222469	59.933333	2.316818
706	45.917541	5.810401	0.222469	59.933333	2.308229
707	45.937571	5.836393	0.222469	59.933333	2.291332
708	45.927644	5.849649	0.222469	59.933333	2.306818
709	45.919359	5.837263	0.222469	59.933333	2.322594
710	45.912266	5.789504	0.111235	59.933333	2.320204
711	45.931876	5.733536	0.111235	59.933333	2.301794
712	45.927078	5.699221	0.111235	59.933333	2.291134
713	45.937172	5.801744	0.111235	59.933333	2.305540
714	45.924461	5.783521	0.222469	59.933333	2.318553
715	45.924661	5.743454	0.111235	59.933333	2.292144
716	45.924997	5.758995	0.111235	59.933333	2.304407
717	45.924848	5.769620	0.000000	59.933333	2.306213
718	45.924169	5.838521	0.000000	59.933333	2.317872
719	45.915711	5.779481	0.000000	59.933333	2.293056
720	45.904744	5.821884	0.000000	59.933333	2.299757
721	45.904535	5.792794	0.000000	59.933333	2.301044
722	45.915943	5.778590	0.000000	59.933333	2.304371
723	45.916116	5.793264	0.000000	59.933333	2.322711
724	45.897114	5.821505	0.000000	59.933333	2.308241
725	45.904034	5.861946	0.111235	59.933333	2.303011
726	45.917556	5.916823	0.111235	59.933333	2.307151
727	45.910603	5.778529	0.111235	59.933333	2.315800
728	45.898649	5.761049	0.000000	59.933333	2.294356
729	45.902234	5.793524	0.000000	59.933333	2.296917
730	45.902649	5.806080	0.111235	59.933333	2.304212
731	45.910200	5.747495	0.000000	59.933333	2.311280
732	45.910233	5.801919	0.111235	59.933333	2.324954
733	45.923400	5.893845	0.111235	59.933333	2.292951
734	45.911503	5.799731	0.111235	59.933333	2.294247
735	45.917821	5.843105	0.333704	59.933333	2.304807
736	45.911562	5.842104	0.222469	59.933333	2.332351
737	45.912212	5.794029	0.111235	59.933333	2.318185
738	45.908955	5.769517	0.111235	59.933333	2.281316
739	45.915216	5.680286	0.111235	59.933333	2.301586
740	45.916289	5.761520	0.222469	59.933333	2.311947
741	45.921722	5.792508	0.000000	59.933333	2.297858
742	45.923552	5.732983	0.222469	59.933333	2.312778
743	45.914951	5.728795	0.111235	59.933333	2.292210
744	45.909286	5.728493	0.000000	59.933333	2.326225
745	45.901757	5.807002	0.000000	59.933333	2.337798
746	45.892552	5.816264	0.000000	59.933333	2.280213
747	45.896280	5.791225	0.111235	59.933333	2.291311
748	45.918703	5.783912	0.000000	59.933333	2.322039
749	45.914471	5.797759	0.111235	59.933333	2.315773
750	45.912826	5.721574	0.000000	59.933333	2.286367
751	45.908111	5.695433	0.000000	59.933333	2.289282
752	45.904842	5.632783	0.000000	59.933333	2.301635
753	45.899594	5.654273	0.000000	59.933333	2.310098
754	45.899272	5.720694	0.111235	59.933333	2.338895
755	45.907065	5.765845	0.000000	59.933333	2.312478
756	45.923176	5.738866	0.111235	59.933333	2.279135
757	45.917490	5.711752	0.111235	59.933333	2.307999
758	45.919278	5.665342	0.111235	59.933333	2.315574
759	46.085623	5.714811	0.111235	59.933333	2.292192
760	46.124572	5.722148	0.222469	59.933333	2.308722
761	46.151817	5.718388	0.111235	59.933333	2.304913
762	46.173465	5.783829	0.111235	59.933333	2.318206
763	46.169174	5.766947	0.000000	59.933333	2.291214
764	46.179253	5.683253	0.000000	59.933333	2.296929
765	46.169770	5.686565	0.000000	59.933333	2.302246
766	46.184146	5.718276	0.000000	59.933333	2.327231
767	46.186167	5.730571	0.000000	59.933333	2.325986
768	46.192062	5.684231	0.111235	59.933333	2.309345
769	46.196118	5.603015	0.111235	59.933333	2.281471
770	46.181315	5.682907	0.111235	59.933333	2.323551
771	46.185452	5.644342	0.111235	59.933333	2.319849
772	46.188927	5.652819	0.000000	59.933333	2.273664
773	46.187529	5.700243	0.000000	59.933333	2.299991
774	46.191478	5.717957	0.111235	59.933333	2.299278
775	46.196872	5.762500	0.111235	59.933333	2.306597
776	46.201593	5.680073	0.000000	59.933333	2.326006
777	46.197626	5.668316	0.222469	59.933333	2.298755
778	46.202764	5.731972	0.222469	59.933333	2.297830
779	46.199951	5.669544	0.111235	59.933333	2.311535
780	46.204880	5.803313	0.111235	59.933333	2.316775
781	46.209794	5.807298	0.111235	59.933333	2.296145
782	46.201593	5.796582	0.111235	59.933333	2.305623
783	46.207601	5.772789	0.111235	59.933333	2.304902
784	46.208769	5.786495	0.111235	59.933333	2.322706
785	46.207863	5.830812	0.111235	59.933333	2.301776
786	46.210566	5.762227	0.111235	59.933333	2.296390
787	46.210492	5.763822	0.111235	59.933333	2.302167
788	46.208513	5.732021	0.111235	59.933333	2.315896
789	46.207595	5.704477	0.222469	59.933333	2.314440
790	46.211290	5.713202	0.111235	59.933333	2.291945
791	46.208265	5.698073	0.222469	59.933333	2.305507
792	46.215752	5.714536	0.111235	59.933333	2.306193
793	46.221021	5.798957	0.222469	59.933333	2.317912
794	46.208757	5.725480	0.222469	59.933333	2.289963
795	46.212414	5.722262	0.000000	59.933333	2.304872
796	46.216202	5.731302	0.111235	59.933333	2.312708
797	46.224380	5.765854	0.111235	59.933333	2.312856
798	46.216133	5.729222	0.111235	59.933333	2.316979
799	46.209928	5.728747	0.111235	59.933333	2.291654
800	46.213332	5.739608	0.111235	59.933333	2.302379
801	46.213937	5.741924	0.111235	59.933333	2.310642
802	46.213788	5.808307	0.000000	59.933333	2.317332
803	46.219975	5.825427	0.000000	59.933333	2.304181
804	46.218508	5.858831	0.111235	59.933333	2.296726
805	46.220368	5.857258	0.000000	59.933333	2.307569
806	46.224290	5.763712	0.111235	59.933333	2.327386
807	46.229446	5.767802	0.111235	59.933333	2.325452
808	46.220151	5.798285	0.222469	59.933333	2.281081
809	46.208590	5.765064	0.111235	59.933333	2.293366
810	46.214080	5.784525	0.222469	59.933333	2.310973
811	46.211877	5.816837	0.111235	59.933333	2.320410
812	46.213090	5.856848	0.111235	59.933333	2.292600
813	46.215582	5.833151	0.222469	59.933333	2.295131
814	46.212620	5.764862	0.000000	59.933333	2.301232
815	46.213323	5.763188	0.000000	59.933333	2.326326
816	46.224940	5.793402	0.111235	59.933333	2.283875
817	46.226874	5.771085	0.111235	59.933333	2.302807
818	46.221364	5.820292	0.222469	59.933333	2.305383
819	46.223548	5.829220	0.222469	59.933333	2.325769
820	46.220976	5.804130	0.111235	59.933333	2.312650
821	46.225417	5.819555	0.222469	59.933333	2.295578
822	46.228984	5.806809	0.111235	59.933333	2.291050
823	46.227881	5.793069	0.000000	59.933333	2.309304
824	46.225065	5.772019	0.111235	59.933333	2.325445
825	46.234596	5.808216	0.111235	59.933333	2.290687
826	46.234235	5.856602	0.111235	59.933333	2.307249
827	46.234801	5.908915	0.222469	59.933333	2.309573
828	46.234280	5.841263	0.111235	59.933333	2.326361
829	46.232516	5.836870	0.111235	59.933333	2.316108
830	46.239236	5.843761	0.111235	59.933333	2.284339
831	46.240187	5.867774	0.111235	59.933333	2.292259
832	46.231532	5.854659	0.111235	59.933333	2.303942
833	46.223629	5.890519	0.111235	59.933333	2.319435
834	46.231455	5.834933	0.111235	59.933333	2.297243
835	46.238279	5.782015	0.111235	59.933333	2.289770
836	46.236575	5.779366	0.111235	59.933333	2.315707
837	46.234637	5.826923	0.111235	59.933333	2.311247
838	46.236300	5.888342	0.111235	59.933333	2.298712
839	46.235526	5.894184	0.111235	59.933333	2.299865
840	46.226811	5.787310	0.111235	59.933333	2.314259
841	46.235833	5.815650	0.222469	59.933333	2.323443
842	46.235955	5.753624	0.222469	59.933333	2.318986
843	46.234137	5.807716	0.222469	59.933333	2.286087
844	46.238270	5.849994	0.111235	59.933333	2.298411
845	46.230745	5.828412	0.222469	59.933333	2.301507
846	46.242827	5.814499	0.222469	59.933333	2.319783
847	46.226984	5.882328	0.222469	59.933333	2.299256
848	46.225691	5.914399	0.222469	59.933333	2.298699
849	46.230480	5.922516	0.222469	59.933333	2.306078
850	46.233785	5.872492	0.222469	59.933333	2.316243
851	46.242392	5.880008	0.111235	59.933333	2.307103
852	46.247518	5.898764	0.111235	59.933333	2.298059
853	46.244210	5.873456	0.222469	59.933333	2.302613
854	46.243441	5.813004	0.111235	59.933333	2.314316
855	46.249437	5.825800	0.111235	59.933333	2.308330
856	46.242759	5.845527	0.222469	59.933333	2.295837
857	46.240562	5.868048	0.111235	59.933333	2.305479
858	46.239102	5.884414	0.222469	59.933333	2.304448
859	46.239197	5.918879	0.222469	59.933333	2.318000
860	46.238428	5.825868	0.111235	59.933333	2.292846
861	46.245110	5.854027	0.222469	59.933333	2.309523
862	46.239737	5.850872	0.000000	59.933333	2.300601
863	46.253261	5.819915	0.000000	59.933333	2.314103
864	46.239227	5.809270	0.111235	59.933333	2.317657
865	46.248019	5.780603	0.111235	59.933333	2.295357
866	46.257728	5.794941	0.111235	59.933333	2.304739
867	46.251431	5.849074	0.000000	59.933333	2.299229
868	46.246380	5.812733	0.111235	59.933333	2.320902
869	46.245319	5.890037	0.111235	59.933333	2.292342
870	46.246123	5.868881	0.111235	59.933333	2.303863
871	46.236709	5.824245	0.111235	59.933333	2.308071
872	46.242812	5.844773	0.222469	59.933333	2.316540
873	46.240935	5.788366	0.111235	59.933333	2.319212
874	46.233454	5.825809	0.111235	59.933333	2.282662
875	46.236819	5.802284	0.222469	59.933333	2.304240
876	46.236318	5.810129	0.111235	59.933333	2.315104
877	46.231067	5.842355	0.111235	59.933333	2.314812
878	46.236891	5.824215	0.000000	59.933333	2.300641
879	46.239519	5.811997	0.000000	59.933333	2.296854
880	46.237397	5.858965	0.000000	59.933333	2.309515
881	46.243602	5.806737	0.111235	59.933333	2.317673
882	46.240950	5.847429	0.111235	59.933333	2.295167
883	46.232805	5.869223	0.111235	59.933333	2.296783
884	46.239781	5.809384	0.111235	59.933333	2.305830
885	46.241286	5.854401	0.111235	59.933333	2.319439
886	46.248740	5.818246	0.222469	59.933333	2.311093
887	46.228299	5.831393	0.111235	59.933333	2.301298
888	46.242630	5.838444	0.111235	59.933333	2.299357
889	46.237934	5.866639	0.000000	59.933333	2.302815
890	46.238682	5.859069	0.111235	59.933333	2.321249
891	46.238428	5.820982	0.000000	59.933333	2.295175
892	46.234971	5.889458	0.111235	59.933333	2.302698
893	46.241489	5.850396	0.111235	59.933333	2.299915
894	46.240044	5.783738	0.222469	59.933333	2.313674
895	46.238315	5.772033	0.111235	59.933333	2.315176
896	46.248081	5.791069	0.111235	59.933333	2.297009
897	46.239486	5.759140	0.222469	59.933333	2.302719
898	46.247140	5.811942	0.222469	59.933333	2.315878
899	46.242416	5.793279	0.111235	59.933333	2.316263
900	46.244073	5.747956	0.222469	59.933333	2.289905
901	46.248269	5.710659	0.222469	59.933333	2.302803
902	46.243215	5.739131	0.222469	59.933333	2.305209
903	46.241254	5.771684	0.222469	59.933333	2.319777
904	46.249461	5.761483	0.111235	59.933333	2.293942
905	46.249330	5.812181	0.111235	59.933333	2.302948
906	46.241626	5.815344	0.222469	59.933333	2.316332
907	46.245927	5.760492	0.111235	59.933333	2.310016
908	46.249187	5.798872	0.111235	59.933333	2.308636
909	46.253332	5.813530	0.111235	59.933333	2.303007
910	46.252003	5.845261	0.111235	59.933333	2.297772
911	46.247554	5.796371	0.222469	59.933333	2.299739
912	46.240461	5.810744	0.111235	59.933333	2.322636
913	46.226895	5.816925	0.222469	59.933333	2.290031
914	46.239224	5.811911	0.222469	59.933333	2.309343
915	46.238196	5.814992	0.111235	59.933333	2.298938
916	46.248841	5.848544	0.222469	59.933333	2.315125
917	46.249312	5.792531	0.222469	59.933333	2.317341
918	46.402925	5.828957	0.222469	59.933333	2.298038
919	46.427894	5.843101	0.222469	59.933333	2.289304
920	46.435887	5.833215	0.222469	59.933333	2.327946
921	46.447632	5.847922	0.222469	59.933333	2.313056
922	46.447301	5.831846	0.222469	59.933333	2.286725
923	46.450096	5.819131	0.222469	59.933333	2.311699
924	46.454424	5.820775	0.222469	59.933333	2.298649
925	46.458218	5.796441	0.222469	59.933333	2.317267
926	46.453995	5.808688	0.222469	59.933333	2.297964
927	46.453667	5.840271	0.222469	59.933333	2.300204
928	46.452582	5.827159	0.222469	59.933333	2.306307
929	46.457112	5.838050	0.222469	59.933333	2.316337
930	46.450576	5.872488	0.222469	59.933333	2.331924
931	46.448725	5.857370	0.222469	59.933333	2.291302
932	46.453291	5.838854	0.222469	59.933333	2.291176
933	46.450502	5.843562	0.222469	59.933333	2.307103
934	46.452212	5.821966	0.222469	59.933333	2.317769
935	46.448177	5.851402	0.222469	59.933333	2.291923
936	46.446353	5.850208	0.222469	59.933333	2.306667
937	46.449125	5.850351	0.222469	59.933333	2.295608
938	46.448514	5.877746	0.222469	59.933333	2.330981
939	46.453995	5.888003	0.222469	59.933333	2.330039
940	46.452883	5.865557	0.222469	59.933333	2.285312
941	46.449199	5.852257	0.222469	59.933333	2.292084
942	46.454489	5.887763	0.222469	59.933333	2.302801
943	46.455014	5.875561	0.222469	59.933333	2.314252
944	46.452612	5.883550	0.222469	59.933333	2.293572
945	46.452761	5.855494	0.222469	59.933333	2.295890
946	46.452612	5.892289	0.222469	59.933333	2.306189
947	46.454841	5.896909	0.222469	59.933333	2.315863
948	46.451548	5.910577	0.222469	59.933333	2.303672
949	46.457171	5.922818	0.222469	59.933333	2.301930
950	46.453640	5.881640	0.222469	59.933333	2.312211
951	46.454185	5.906151	0.222469	59.933333	2.317284
952	46.455431	5.882618	0.222469	59.933333	2.328230
953	46.454835	5.886218	0.222469	59.933333	2.281510
954	46.454406	5.878931	0.222469	59.933333	2.298712
955	46.460068	5.831082	0.222469	59.933333	2.306383
956	46.457461	5.817827	0.222469	59.933333	2.326177
957	46.454424	5.876686	0.222469	59.933333	2.294787
958	46.454883	5.845745	0.222469	59.933333	2.285340
959	46.452391	5.898706	0.222469	59.933333	2.310452
960	46.452665	5.886176	0.222469	59.933333	2.321534
961	46.455312	5.899090	0.222469	59.933333	2.327420
962	46.457714	5.881918	0.222469	59.933333	2.292129
963	46.458536	5.863500	0.222469	59.933333	2.296347
964	46.455961	5.900530	0.222469	59.933333	2.303174
965	46.456349	5.898880	0.222469	59.933333	2.314227
966	46.451187	5.912494	0.222469	59.933333	2.291620
967	46.456850	5.835651	0.222469	59.933333	2.295647
968	46.463221	5.848411	0.222469	59.933333	2.320982
969	46.462953	5.839616	0.222469	59.933333	2.325351
970	46.459752	5.853545	0.222469	59.933333	2.328493
971	46.459883	5.789252	0.222469	59.933333	2.304651
972	46.457893	5.857811	0.222469	59.933333	2.320300
973	46.459186	5.812856	0.222469	59.933333	2.318541
974	46.455356	5.830337	0.222469	59.933333	2.315536
975	46.455854	5.817140	0.222469	59.933333	2.311790
976	46.461189	5.788041	0.222469	59.933333	2.326441
977	46.465033	5.800454	0.222469	59.933333	2.311932
978	46.461046	5.819427	0.222469	59.933333	2.296457
979	46.466547	5.810838	0.222469	59.933333	2.298961
980	46.468580	5.819122	0.222469	59.933333	2.316954
981	46.468914	5.819336	0.222469	59.933333	2.328221
982	46.473557	5.876339	0.222469	59.933333	2.288551
983	46.469972	5.909168	0.222469	59.933333	2.288645
984	46.471554	5.877650	0.222469	59.933333	2.304883
985	46.476322	5.879326	0.222469	59.933333	2.310031
986	46.475130	5.869547	0.222469	59.933333	2.298188
987	46.472934	5.864338	0.222469	59.933333	2.307800
988	46.478975	5.885276	0.111235	59.933333	2.301318
989	46.467525	5.864677	0.222469	59.933333	2.306095
990	46.464133	5.862575	0.111235	59.933333	2.322533
991	46.466237	5.841917	0.222469	59.933333	2.300343
992	46.466839	5.857181	0.222469	59.933333	2.309244
993	46.462679	5.870417	0.222469	59.933333	2.306011
994	46.465445	5.837428	0.222469	59.933333	2.317701
995	46.463689	5.877960	0.222469	59.933333	2.302617
996	46.462250	5.837223	0.222469	59.933333	2.298320
997	46.464279	5.835826	0.111235	59.933333	2.303039
998	46.461451	5.824015	0.222469	59.933333	2.328172
999	46.464863	5.823064	0.222469	59.933333	2.316700
1000	46.459034	5.878405	0.222469	59.933333	2.296984
1001	46.458727	5.879517	0.222469	59.933333	2.298007
1002	46.458930	5.883168	0.222469	59.933333	2.311297
1003	46.454012	5.844616	0.222469	59.933333	2.322428
1004	46.459305	5.836523	0.222469	59.933333	2.336791
1005	46.463093	5.871167	0.222469	59.933333	2.342045
1006	46.466872	5.843942	0.222469	59.933333	2.324985
1007	46.470797	5.837299	0.222469	59.933333	2.295161
1008	46.466064	5.800342	0.222469	59.933333	2.299743
1009	46.466929	5.846216	0.222469	59.933333	2.311060
1010	46.467024	5.813805	0.222469	59.933333	2.326401
1011	46.468997	5.813146	0.222469	59.933333	2.324928
1012	46.470338	5.853492	0.222469	59.933333	2.344289
1013	46.468794	5.859298	0.222469	59.933333	2.327829
1014	46.468779	5.847221	0.222469	59.933333	2.293921
1015	46.467093	5.817319	0.111235	59.933333	2.293522
1016	46.469721	5.843822	0.222469	59.933333	2.319646
1017	46.466362	5.815299	0.222469	59.933333	2.324094
1018	46.470672	5.847021	0.222469	59.933333	2.289885
1019	46.471405	5.830889	0.222469	59.933333	2.298915
1020	46.466601	5.822705	0.222469	59.933333	2.312622
1021	46.472731	5.811135	0.222469	59.933333	2.324776
1022	46.472460	5.852630	0.222469	59.933333	2.296123
1023	46.467242	5.809834	0.222469	59.933333	2.290808
1024	46.473974	5.827389	0.222469	59.933333	2.304437
1025	46.475881	5.816872	0.222469	59.933333	2.312564
1026	46.474311	5.805379	0.111235	59.933333	2.326981
1027	46.475226	5.813201	0.222469	59.933333	2.290099
1028	46.467054	5.801806	0.222469	59.933333	2.292359
1029	46.477371	5.800751	0.222469	59.933333	2.315846
1030	46.471909	5.803658	0.222469	59.933333	2.338382
1031	46.473899	5.815211	0.222469	59.933333	2.346444
1032	46.479297	5.811282	0.222469	59.933333	2.324559
1033	46.473530	5.816720	0.222469	59.933333	2.317418
1034	46.478128	5.831875	0.222469	59.933333	2.298618
1035	46.476662	5.804982	0.222469	59.933333	2.289613
1036	46.474749	5.872056	0.222469	59.933333	2.321803
1037	46.468782	5.821768	0.222469	59.933333	2.335379
1038	46.475148	5.800638	0.222469	59.933333	2.328198
1039	46.477664	5.805666	0.222469	59.933333	2.329892
1040	46.472171	5.824896	0.222469	59.933333	2.337963
1041	46.476749	5.851185	0.222469	59.933333	2.303538
1042	46.477097	5.774800	0.222469	59.933333	2.296972
1043	46.479630	5.793409	0.222469	59.933333	2.298707
1044	46.478918	5.758337	0.222469	59.933333	2.315193
1045	46.481359	5.801497	0.222469	59.933333	2.295662
1046	46.478766	5.791470	0.222469	59.933333	2.303783
1047	46.476626	5.772661	0.222469	59.933333	2.307819
1048	46.480528	5.776749	0.222469	59.933333	2.325726
1049	46.478033	5.796159	0.222469	59.933333	2.335286
1050	46.480691	5.788526	0.222469	59.933333	2.322886
1051	46.478373	5.774572	0.222469	59.933333	2.350447
1052	46.478504	5.793308	0.222469	59.933333	2.296617
1053	46.476424	5.786979	0.222469	59.933333	2.310867
1054	46.482843	5.810958	0.222469	59.933333	2.305216
1055	46.479839	5.794090	0.222469	59.933333	2.315699
1056	46.481299	5.782379	0.111235	59.933333	2.317975
1057	46.478355	5.769562	0.111235	59.933333	2.303381
1058	46.481347	5.810167	0.222469	59.933333	2.291833
1059	46.477169	5.836754	0.111235	59.933333	2.305294
1060	46.477196	5.819109	0.222469	59.933333	2.318467
1061	46.483141	5.776122	0.111235	59.933333	2.293809
1062	46.481496	5.798393	0.111235	59.933333	2.292184
1063	46.478504	5.802326	0.222469	59.933333	2.316939
1064	46.470803	5.792987	0.222469	59.933333	2.311668
1065	46.474060	5.837832	0.111235	59.933333	2.308901
1066	46.472675	5.832661	0.111235	59.933333	2.301968
1067	46.481371	5.847306	0.222469	59.933333	2.306903
1068	46.484023	5.809090	0.111235	59.933333	2.317094
1069	46.486062	5.810431	0.111235	59.933333	2.332965
1070	46.483266	5.808595	0.111235	59.933333	2.319645
1071	46.482462	5.794047	0.111235	59.933333	2.337647
1072	46.485692	5.799542	0.111235	59.933333	2.327852
1073	46.487314	5.827489	0.111235	59.933333	2.306515
1074	46.490476	5.820257	0.222469	59.933333	2.296249
1075	46.487358	5.845275	0.222469	59.933333	2.320283
1076	46.485496	5.840740	0.222469	59.933333	2.330065
1077	46.480155	5.827590	0.222469	59.933333	2.328073
1078	46.484905	5.805562	0.222469	59.933333	2.346232
1079	46.482378	5.790266	0.222469	59.933333	2.334104
1080	46.487397	5.795063	0.111235	59.933333	2.304533
1081	46.484500	5.808181	0.222469	59.933333	2.304886
1082	46.483189	5.815633	0.111235	59.933333	2.313940
1083	46.481198	5.847237	0.111235	59.933333	2.309345
1084	46.478608	5.792984	0.111235	59.933333	2.293813
1085	46.484655	5.806139	0.111235	59.933333	2.293304
1086	46.482658	5.807068	0.111235	59.933333	2.312201
1087	46.482891	5.819356	0.222469	59.933333	2.313862
1088	46.484405	5.782014	0.111235	59.933333	2.363648
1089	46.484596	5.773746	0.111235	59.933333	2.320447
1090	46.479207	5.816586	0.111235	59.933333	2.339548
1091	46.484265	5.812940	0.111235	59.933333	2.334609
1092	46.488637	5.793673	0.111235	59.933333	2.339562
1093	46.487534	5.811113	0.111235	59.933333	2.321512
1094	46.489015	5.816417	0.111235	59.933333	2.295041
1095	46.490371	5.821577	0.111235	59.933333	2.308030
1096	46.489790	5.802067	0.111235	59.933333	2.311249
1097	46.483147	5.851531	0.111235	59.933333	2.329882
1098	46.481791	5.872231	0.111235	59.933333	2.314200
1099	46.483731	5.875508	0.111235	59.933333	2.318741
1100	46.485153	5.835666	0.111235	59.933333	2.346214
1101	46.490777	5.845743	0.111235	59.933333	2.314722
1102	46.486878	5.824474	0.111235	59.933333	2.302453
1103	46.491519	5.863624	0.111235	59.933333	2.308222
1104	46.488780	5.858752	0.111235	59.933333	2.330246
1105	46.490890	5.898588	0.111235	59.933333	2.317267
1106	46.490109	5.864707	0.111235	59.933333	2.296419
1107	46.492329	5.862489	0.111235	59.933333	2.308528
1108	46.489981	5.840342	0.111235	59.933333	2.314902
1109	46.488321	5.852639	0.111235	59.933333	2.349606
1110	46.496254	5.863123	0.111235	59.933333	2.312063
1111	46.488899	5.880946	0.111235	59.933333	2.323356
1112	46.492520	5.897598	0.111235	59.933333	2.299041
1113	46.490586	5.895100	0.111235	59.933333	2.303938
1114	46.487710	5.907994	0.111235	59.933333	2.303812
1115	46.488726	5.892767	0.111235	59.933333	2.317527
1116	46.488380	5.866921	0.111235	59.933333	2.320590
1117	46.491358	5.879693	0.111235	59.933333	2.291138
1118	46.491447	5.854807	0.111235	59.933333	2.292168
1119	46.489951	5.822818	0.111235	59.933333	2.307244
1120	46.489418	5.857662	0.111235	59.933333	2.319494
1121	46.488154	5.831227	0.111235	59.933333	2.292135
1122	46.493313	5.828586	0.111235	59.933333	2.298827
1123	46.496853	5.879202	0.111235	59.933333	2.307722
1124	46.496680	5.863508	0.111235	59.933333	2.324759
1125	46.498254	5.860375	0.111235	59.933333	2.320086
1126	46.498162	5.854361	0.111235	59.933333	2.287716
1127	46.497023	5.859660	0.111235	59.933333	2.293624
1128	46.499687	5.865124	0.111235	59.933333	2.309688
1129	46.499240	5.874326	0.111235	59.933333	2.319296
1130	46.494162	5.865995	0.111235	59.933333	2.293754
1131	46.494693	5.862980	0.111235	59.933333	2.297872
1132	46.492052	5.851877	0.111235	59.933333	2.311249
1133	46.495685	5.901381	0.111235	59.933333	2.314900
1134	46.497053	5.873070	0.111235	59.933333	2.298104
1135	46.494442	5.859688	0.111235	59.933333	2.298304
1136	46.489424	5.869784	0.111235	59.933333	2.311033
1137	46.484607	5.857475	0.111235	59.933333	2.313597
1138	46.485403	5.835662	0.111235	59.933333	2.313622
1139	46.486431	5.897279	0.111235	59.933333	2.291353
1140	46.489325	5.889281	0.111235	59.933333	2.301907
1141	46.490836	5.862962	0.111235	59.933333	2.311354
1142	46.490112	5.875201	0.111235	59.933333	2.319298
1143	46.484765	5.881879	0.111235	59.933333	2.295434
1144	46.482345	5.906689	0.111235	59.933333	2.300091
1145	46.487248	5.913193	0.111235	59.933333	2.301667
1146	46.488088	5.914783	0.111235	59.933333	2.320606
1147	46.486783	5.918927	0.111235	59.933333	2.311731
1148	46.488705	5.931102	0.111235	59.933333	2.300727
1149	46.484450	5.880912	0.111235	59.933333	2.290409
1150	46.484277	5.891197	0.111235	59.933333	2.309026
1151	46.489370	5.903753	0.111235	59.933333	2.318238
1152	46.484852	5.891762	0.111235	59.933333	2.295214
1153	46.482837	5.939333	0.111235	59.933333	2.299330
1154	46.485659	5.931930	0.111235	59.933333	2.311035
1155	46.491402	5.945281	0.111235	59.933333	2.319092
1156	46.484226	5.956314	0.111235	59.933333	2.293233
1157	46.488881	5.946158	0.111235	59.933333	2.304812
1158	46.485817	5.923910	0.111235	59.933333	2.308432
1159	46.488681	5.927092	0.111235	59.933333	2.309151
1160	46.487015	5.941162	0.111235	59.933333	2.313762
1161	46.484703	5.957317	0.111235	59.933333	2.296082
1162	46.481138	5.949472	0.111235	59.933333	2.301087
1163	46.489063	5.982663	0.111235	59.933333	2.307138
1164	46.484917	5.948605	0.111235	59.933333	2.319535
1165	46.486467	5.937917	0.111235	59.933333	2.293484
1166	46.481878	5.946602	0.111235	59.933333	2.303134
1167	46.479958	5.951760	0.111235	59.933333	2.306567
1168	46.479619	5.962002	0.111235	59.933333	2.318575
1169	46.475005	5.927897	0.111235	59.933333	2.311043
1170	46.479258	5.900995	0.111235	59.933333	2.295494
1171	46.479142	5.920569	0.111235	59.933333	2.294877
1172	46.480936	5.885165	0.111235	59.933333	2.318114
1173	46.474361	5.901753	0.111235	59.933333	2.313741
1174	46.474957	5.951777	0.111235	59.933333	2.294369
1175	46.479478	5.956182	0.111235	59.933333	2.301658
1176	46.477503	5.936426	0.111235	59.933333	2.312487
1177	46.486694	5.965212	0.111235	59.933333	2.315744
1178	46.482959	5.909632	0.111235	59.933333	2.295125
1179	46.478403	5.943107	0.111235	59.933333	2.090599
1180	46.514982	5.943909	0.111235	59.933333	2.098455
1181	46.513689	5.951153	0.111235	59.933333	2.101075
1182	46.513814	5.947939	0.111235	59.933333	2.092596
1183	46.513286	5.948367	0.111235	59.933333	2.084306
1184	46.513361	5.948055	0.111235	59.933333	2.099347
1185	46.513462	5.947306	0.111235	59.933333	2.091717
1186	46.513155	5.945923	0.111235	59.933333	2.100192
1187	46.513182	5.947564	0.111235	59.933333	2.112781
1188	46.513158	5.947844	0.111235	59.933333	2.094062
1189	46.513104	5.949138	0.111235	59.933333	2.122731
1190	46.513104	5.949138	0.111235	59.933333	2.081891
1191	46.513104	5.949138	0.111235	59.933333	2.111585
1192	46.513104	5.949138	0.111235	59.933333	2.117537
1193	46.513104	5.949138	0.111235	59.933333	2.096507
1194	46.513104	5.949138	0.111235	59.933333	2.113419
1195	46.513104	5.949138	0.111235	59.933333	2.086234
1196	46.513104	5.949138	0.111235	59.933333	2.121295
1197	46.513104	5.949138	0.111235	59.933333	2.091555
1198	46.513104	5.949138	0.111235	59.933333	2.122228
1199	46.513104	5.949138	0.111235	59.933333	2.113982
1200	46.513104	5.949138	0.111235	59.933333	2.090801
1201	46.513104	5.949138	0.111235	59.933333	2.118175
1202	46.513104	5.949138	0.111235	59.933333	2.083653
1203	46.513104	5.949138	0.111235	59.933333	2.114480
1204	46.513104	5.949138	0.111235	59.933333	2.096667
1205	46.513104	5.949138	0.111235	59.933333	2.112098
1206	46.513104	5.949138	0.111235	59.933333	2.117709
1207	46.513104	5.949138	0.111235	59.933333	2.087990
1208	46.513104	5.949138	0.111235	59.933333	2.119220
1209	46.513104	5.949138	0.111235	59.933333	2.092915
1210	46.513104	5.949138	0.111235	59.933333	2.114844
1211	46.513104	5.949138	0.111235	59.933333	2.093051
1212	46.513104	5.949138	0.111235	59.933333	2.114724
1213	46.513104	5.949138	0.111235	59.933333	2.111515
1214	46.513104	5.949138	0.111235	59.933333	2.090212
1215	46.513104	5.949138	0.111235	59.933333	2.118219
1216	46.513104	5.949138	0.111235	59.933333	2.095295
1217	46.513104	5.949138	0.111235	59.933333	2.113494
1218	46.513104	5.949138	0.111235	59.933333	2.115577
1219	46.513104	5.949138	0.111235	59.933333	2.088947
1220	46.513104	5.949138	0.111235	59.933333	2.110118
1221	46.513104	5.949138	0.111235	59.933333	2.096956
1222	46.513104	5.949138	0.111235	59.933333	2.122957
1223	46.513104	5.949138	0.111235	59.933333	2.079196
1224	46.513104	5.949138	0.111235	59.933333	2.116935
1225	46.513104	5.949138	0.111235	59.933333	2.120094
1226	46.513104	5.949138	0.111235	59.933333	2.093074
1227	46.513104	5.949138	0.111235	59.933333	2.109852
1228	46.513104	5.949138	0.111235	59.933333	2.097021
1229	46.513104	5.949138	0.111235	59.933333	2.116579
1230	46.513104	5.949138	0.111235	59.933333	2.090888
