1	28.855908	3.888983	0.000000	87.000000	2.340926
2	32.621163	5.206706	0.000000	87.000000	2.385619
3	35.168493	5.909328	0.000000	87.000000	2.389034
4	36.947459	6.147431	0.000000	87.000000	2.376002
5	38.181844	6.166927	0.000000	87.000000	2.390831
6	39.009917	6.340808	0.000000	87.000000	2.377973
7	39.615393	6.491953	0.000000	87.000000	2.385930
8	40.119350	6.646637	0.000000	87.000000	2.364593
9	40.463358	6.656455	0.000000	87.000000	2.400049
10	40.739992	6.734029	0.000000	87.000000	2.376818
11	40.950382	6.780361	0.000000	87.000000	2.364637
12	41.107041	6.791201	0.000000	87.000000	2.346221
13	41.252646	6.835587	0.000000	87.000000	2.370120
14	41.364527	6.851960	0.000000	87.000000	2.381822
15	41.447824	6.965518	0.000000	87.000000	2.408818
16	41.542059	7.011605	0.000000	87.000000	2.354355
17	41.605705	6.965333	0.000000	87.000000	2.392221
18	41.676995	7.046772	0.000000	87.000000	2.350153
19	41.743261	7.104114	0.000000	87.000000	2.373543
20	41.789323	7.147975	0.000000	87.000000	2.330479
21	41.830045	7.193221	0.000000	87.000000	2.349135
22	41.864622	7.071540	0.000000	87.000000	2.351138
23	41.913450	7.043550	0.000000	87.000000	2.368595
24	41.957343	6.964225	0.000000	87.000000	2.357200
25	41.975302	7.041508	0.000000	87.000000	2.348120
26	42.010832	6.979570	0.000000	87.000000	2.333284
27	42.040682	6.993172	0.000000	87.000000	2.340668
28	42.065060	7.026648	0.000000	87.000000	2.360276
29	42.072475	7.019869	0.000000	87.000000	2.348782
30	42.099386	6.970314	0.000000	87.000000	2.357023
31	42.118630	6.981223	0.000000	87.000000	2.382632
32	42.134935	7.010868	0.000000	87.000000	2.332569
33	42.154282	7.061061	0.000000	87.000000	2.375040
34	42.171830	7.013200	0.000000	87.000000	2.357704
35	42.184070	6.988037	0.000000	87.000000	2.410568
36	42.204225	6.982937	0.000000	87.000000	2.367251
37	42.212784	7.060179	0.000000	87.000000	2.378813
38	42.214274	7.102838	0.000000	87.000000	2.318726
39	42.230278	7.133648	0.000000	87.000000	2.326765
40	42.244709	7.176020	0.000000	87.000000	2.367676
41	42.258269	7.122658	0.000000	87.000000	2.374007
42	42.270425	7.074665	0.000000	87.000000	2.363031
43	42.269874	7.109548	0.000000	87.000000	2.334836
44	42.288923	7.168688	0.000000	87.000000	2.334375
45	42.298275	7.224775	0.000000	87.000000	2.382691
46	42.298970	7.135045	0.000000	87.000000	2.340308
47	42.308185	7.154485	0.000000	87.000000	2.376560
48	42.318022	7.189543	0.000000	87.000000	2.332818
49	42.347610	7.112852	0.000000	87.000000	2.374931
50	42.351967	7.168823	0.000000	87.000000	2.321721
51	42.347309	7.162817	0.000000	87.000000	2.374299
52	42.348111	7.192668	0.000000	87.000000	2.366169
53	42.350137	7.158761	0.000000	87.000000	2.356204
54	42.356640	7.202783	0.000000	87.000000	2.335058
55	42.372906	7.145379	0.000000	87.000000	2.381893
56	42.378914	7.188314	0.000000	87.000000	2.338724
57	42.371088	7.100390	0.000000	87.000000	2.352072
58	42.378497	7.059377	0.000000	87.000000	2.323621
59	42.383647	7.060161	0.000000	87.000000	2.363014
60	42.384598	7.002861	0.000000	87.000000	2.340336
61	42.385721	7.107221	0.000000	87.000000	2.336056
62	42.381126	7.106895	0.000000	87.000000	2.379815
63	42.382380	7.079917	0.000000	87.000000	2.333012
64	42.384547	7.097285	0.000000	87.000000	2.338006
65	42.379671	7.051071	0.000000	87.000000	2.344301
66	42.382100	7.061421	0.000000	87.000000	2.331522
67	42.391613	7.105992	0.000000	87.000000	2.383872
68	42.395782	7.076871	0.000000	87.000000	2.355856
69	42.397934	7.019078	0.000000	87.000000	2.376556
70	42.400289	6.985540	0.000000	87.000000	2.365936
71	42.402875	6.991398	0.000000	87.000000	2.360186
72	42.413846	7.058702	0.000000	87.000000	2.335521
73	42.395020	7.015645	0.000000	87.000000	2.348270
74	42.381984	7.046245	0.000000	87.000000	2.342525
75	42.403156	7.037040	0.000000	87.000000	2.368593
76	42.411309	7.072443	0.000000	87.000000	2.369850
77	42.435580	7.100140	0.000000	87.000000	2.346620
78	42.419183	7.072968	0.000000	87.000000	2.325479
79	42.426568	7.074870	0.000000	87.000000	2.380240
80	42.429435	7.061196	0.000000	87.000000	2.333085
81	42.411739	7.134062	0.000000	87.000000	2.374136
82	42.422283	7.198659	0.000000	87.000000	2.330594
83	42.420828	7.197145	0.000000	87.000000	2.341903
84	42.435908	7.110655	0.000000	87.000000	2.365294
85	42.430031	7.059503	0.000000	87.000000	2.361559
86	42.436033	6.996948	0.000000	87.000000	2.346236
87	42.452705	6.996250	0.000000	87.000000	2.387269
88	42.455778	7.037615	0.000000	87.000000	2.338760
89	42.458165	7.061772	0.000000	87.000000	2.374969
90	42.473036	7.097673	0.000000	87.000000	2.369906
91	42.458582	7.037601	0.000000	87.000000	2.378052
92	42.457414	6.996672	0.000000	87.000000	2.376784
93	42.477030	7.021649	0.000000	87.000000	2.339231
94	42.474270	7.028605	0.000000	87.000000	2.382175
95	42.482167	6.975986	0.000000	87.000000	2.336325
96	42.471009	7.024894	0.000000	87.000000	2.380412
97	42.473376	6.998868	0.000000	87.000000	2.379097
98	42.474562	6.978085	0.000000	87.000000	2.334159
99	42.473364	6.984103	0.000000	87.000000	2.345871
100	42.486709	7.007688	0.000000	87.000000	2.345364
101	42.506415	7.066273	0.000000	87.000000	2.374582
102	42.496511	7.056439	0.000000	87.000000	2.351421
103	42.502612	7.081048	0.000000	87.000000	2.372958
104	42.520338	7.152571	0.000000	87.000000	2.379103
105	42.520416	7.165415	0.000000	87.000000	2.379303
106	42.524093	7.158361	0.000000	87.000000	2.348346
107	42.516512	7.088088	0.000000	87.000000	2.343446
108	42.519814	7.185490	0.000000	87.000000	2.343057
109	42.526811	7.181571	0.000000	87.000000	2.346076
110	42.528394	7.180090	0.000000	87.000000	2.338476
111	42.527705	7.179496	0.000000	87.000000	2.345032
112	42.538720	7.203643	0.000000	87.000000	2.369864
113	42.547399	7.153057	0.000000	87.000000	2.351192
114	42.550886	7.310265	0.000000	87.000000	2.362602
115	42.571002	7.240587	0.000000	87.000000	2.355870
116	42.554298	7.249873	0.000000	87.000000	2.346857
117	42.541087	7.265144	0.000000	87.000000	2.363638
118	42.558503	7.246346	0.000000	87.000000	2.380645
119	42.552510	7.296115	0.000000	87.000000	2.390431
120	42.565948	7.239040	0.000000	87.000000	2.381596
121	42.562872	7.140562	0.000000	87.000000	2.353954
122	42.564130	7.233149	0.000000	87.000000	2.341460
123	42.557168	7.316720	0.000000	87.000000	2.344638
124	42.549938	7.339586	0.000000	87.000000	2.347297
125	42.562962	7.332031	0.000000	87.000000	2.350697
126	42.568249	7.282057	0.000000	87.000000	2.361923
127	42.571092	7.308970	0.000000	87.000000	2.360916
128	42.561972	7.307008	0.000000	87.000000	2.356724
129	42.565686	7.324558	0.000000	87.000000	2.380984
130	42.572224	7.183713	0.000000	87.000000	2.345459
131	42.579326	7.173570	0.000000	87.000000	2.354415
132	42.574719	7.235248	0.000000	87.000000	2.336500
133	42.583221	7.299115	0.000000	87.000000	2.376082
134	42.572525	7.292963	0.000000	87.000000	2.351566
135	42.584199	7.220873	0.000000	87.000000	2.347671
136	42.586565	7.107794	0.000000	87.000000	2.382792
137	42.568067	7.137165	0.000000	87.000000	2.347240
138	42.588919	7.149502	0.000000	87.000000	2.356193
139	42.592949	7.208179	0.000000	87.000000	2.342257
140	42.578161	7.125805	0.000000	87.000000	2.343517
141	42.571497	7.155823	0.000000	87.000000	2.377934
142	42.564684	7.166149	0.000000	87.000000	2.387397
143	42.567796	7.185586	0.000000	87.000000	2.343716
144	42.569542	7.097754	0.000000	87.000000	2.347989
145	42.573416	7.093895	0.000000	87.000000	2.366614
146	42.576081	7.218018	0.000000	87.000000	2.340616
147	42.587441	7.190158	0.000000	87.000000	2.365562
148	42.599326	7.205887	0.000000	87.000000	2.359655
149	42.599666	7.223131	0.000000	87.000000	2.377087
150	42.586538	7.141123	0.000000	87.000000	2.349517
151	42.612809	7.152638	0.000000	87.000000	2.373027
152	42.604142	7.147401	0.000000	87.000000	2.352600
153	42.605376	7.131249	0.000000	87.000000	2.358268
154	42.610297	7.045447	0.000000	87.000000	2.351934
155	42.611542	7.156597	0.000000	87.000000	2.367045
156	42.587230	7.223439	0.000000	87.000000	2.365737
157	42.589080	7.181149	0.000000	87.000000	2.354520
158	42.593807	7.063972	0.000000	87.000000	2.365981
159	42.596877	7.067249	0.000000	87.000000	2.359355
160	42.586720	7.122348	0.000000	87.000000	2.367038
161	42.589915	7.156704	0.000000	87.000000	2.365767
162	42.601240	7.161588	0.000000	87.000000	2.382962
163	42.619637	7.198592	0.000000	87.000000	2.379162
164	42.592484	7.124678	0.000000	87.000000	2.366508
165	42.601365	7.235705	0.000000	87.000000	2.380974
166	42.597699	7.201995	0.000000	87.000000	2.366683
167	42.614198	7.114585	0.000000	87.000000	2.364914
168	42.610794	7.147768	0.000000	87.000000	2.369083
169	42.587402	7.108152	0.000000	87.000000	2.353393
170	42.603683	7.102662	0.000000	87.000000	2.336780
171	42.602897	7.100260	0.000000	87.000000	2.350152
172	42.612123	7.110966	0.000000	87.000000	2.355858
173	42.620146	7.192711	0.000000	87.000000	2.341044
174	42.607993	7.253687	0.000000	87.000000	2.365784
175	42.605573	7.275587	0.000000	87.000000	2.345542
176	42.618549	7.329127	0.000000	87.000000	2.341236
177	42.624867	7.141009	0.000000	87.000000	2.385427
178	42.621315	7.177067	0.000000	87.000000	2.338496
179	42.614898	7.147824	0.000000	87.000000	2.377437
180	42.633638	7.199126	0.076628	87.000000	2.344935
181	42.627144	7.216224	0.000000	87.000000	2.359401
182	42.616248	7.236918	0.000000	87.000000	2.340928
183	42.613217	7.101124	0.000000	87.000000	2.366861
184	42.612684	7.114407	0.000000	87.000000	2.363378
185	42.613512	7.169726	0.000000	87.000000	2.375132
186	42.619127	7.210995	0.000000	87.000000	2.380205
187	42.608801	7.237326	0.000000	87.000000	2.343633
188	42.619663	7.187466	0.000000	87.000000	2.378898
189	42.608202	7.110628	0.000000	87.000000	2.341568
190	42.611131	7.123577	0.076628	87.000000	2.363530
191	42.622203	7.093799	0.000000	87.000000	2.350245
192	42.626446	7.094699	0.000000	87.000000	2.364344
193	42.611581	7.050195	0.000000	87.000000	2.387955
194	42.623329	7.128250	0.000000	87.000000	2.372089
195	42.613289	7.102772	0.000000	87.000000	2.350766
196	42.624953	7.261703	0.000000	87.000000	2.339889
197	42.626277	7.235192	0.000000	87.000000	2.383548
198	42.625681	7.210870	0.000000	87.000000	2.341115
199	42.624536	7.163826	0.000000	87.000000	2.386528
200	42.616925	7.133423	0.000000	87.000000	2.364610
201	42.606223	7.170157	0.076628	87.000000	2.355120
202	42.623174	7.216849	0.076628	87.000000	2.377923
203	42.629233	7.148352	0.076628	87.000000	2.345885
204	42.612952	7.126858	0.076628	87.000000	2.350414
205	42.631665	7.136839	0.076628	87.000000	2.368228
206	42.626601	7.114630	0.000000	87.000000	2.349560
207	42.626786	7.166447	0.000000	87.000000	2.340894
208	42.624497	7.149780	0.000000	87.000000	2.383531
209	42.635930	7.111987	0.000000	87.000000	2.355415
210	42.640510	7.090073	0.000000	87.000000	2.362803
211	42.620862	7.044017	0.000000	87.000000	2.350017
212	42.632711	7.108636	0.000000	87.000000	2.360554
213	42.626256	7.123253	0.000000	87.000000	2.350739
214	42.621955	7.004554	0.000000	87.000000	2.343339
215	42.612156	7.038237	0.000000	87.000000	2.352178
216	42.629933	7.073178	0.076628	87.000000	2.375215
217	42.631942	7.273318	0.076628	87.000000	2.365608
218	42.637992	7.237182	0.000000	87.000000	2.364946
219	42.636767	7.280859	0.000000	87.000000	2.352216
220	42.637271	7.286183	0.000000	87.000000	2.373082
221	42.640269	7.239675	0.076628	87.000000	2.369848
222	42.648792	7.283215	0.076628	87.000000	2.369116
223	42.652094	7.289323	0.076628	87.000000	2.376791
224	42.642456	7.298525	0.076628	87.000000	2.372195
225	42.652515	7.304631	0.076628	87.000000	2.352087
226	42.638302	7.315893	0.000000	87.000000	2.365907
227	42.651892	7.411827	0.076628	87.000000	2.370462
228	42.646849	7.331820	0.000000	87.000000	2.376087
229	42.646199	7.326485	0.076628	87.000000	2.369236
230	42.649305	7.340456	0.076628	87.000000	2.372312
231	42.637891	7.371059	0.076628	87.000000	2.370514
232	42.635250	7.400202	0.000000	87.000000	2.382575
233	42.652470	7.411091	0.076628	87.000000	2.345536
234	42.653877	7.416114	0.076628	87.000000	2.386958
235	42.644370	7.379198	0.076628	87.000000	2.368587
236	42.630810	7.413677	0.076628	87.000000	2.345816
237	42.632920	7.411053	0.076628	87.000000	2.387947
238	42.651498	7.418896	0.076628	87.000000	2.376695
239	42.650479	7.394334	0.076628	87.000000	2.376736
240	42.645198	7.489547	0.076628	87.000000	2.382435
241	42.639953	7.446702	0.076628	87.000000	2.361148
242	42.644393	7.379498	0.076628	87.000000	2.351177
243	42.655736	7.297909	0.076628	87.000000	2.352408
244	42.649680	7.258327	0.000000	87.000000	2.353501
245	42.652676	7.173616	0.000000	87.000000	2.353347
246	42.641711	7.122285	0.000000	87.000000	2.349182
247	42.672539	7.312882	0.000000	87.000000	2.351990
248	42.654675	7.368186	0.000000	87.000000	2.369476
249	42.654601	7.272095	0.000000	87.000000	2.354570
250	42.655692	7.248291	0.000000	87.000000	2.351975
251	42.658243	7.296275	0.076628	87.000000	2.384431
252	42.643952	7.216455	0.000000	87.000000	2.343854
253	42.655998	7.232272	0.000000	87.000000	2.391874
254	42.665756	7.165540	0.000000	87.000000	2.336342
255	42.667806	7.236515	0.000000	87.000000	2.380280
256	42.656225	7.235164	0.000000	87.000000	2.346576
257	42.663926	7.359792	0.000000	87.000000	2.349837
258	42.670566	7.362839	0.076628	87.000000	2.352162
259	42.653555	7.276538	0.076628	87.000000	2.365573
260	42.661047	7.318398	0.076628	87.000000	2.341628
261	42.648005	7.384278	0.000000	87.000000	2.372310
262	42.645019	7.289264	0.000000	87.000000	2.340501
263	42.665029	7.197936	0.000000	87.000000	2.382807
264	42.654359	7.221046	0.000000	87.000000	2.387738
265	42.648017	7.265712	0.000000	87.000000	2.386018
266	42.661583	7.227957	0.000000	87.000000	2.365711
267	42.670053	7.298184	0.000000	87.000000	2.402807
268	42.668888	7.192688	0.076628	87.000000	2.385310
269	42.666310	7.285989	0.000000	87.000000	2.374447
270	42.665637	7.363063	0.000000	87.000000	2.400723
271	42.662418	7.425416	0.000000	87.000000	2.377634
272	42.661050	7.267367	0.076628	87.000000	2.363147
273	42.662051	7.345327	0.076628	87.000000	2.395921
274	42.655939	7.347513	0.076628	87.000000	2.344333
275	42.668921	7.331637	0.076628	87.000000	2.387795
276	42.659235	7.343712	0.076628	87.000000	2.374365
277	42.662385	7.248745	0.076628	87.000000	2.389199
278	42.659527	7.162640	0.076628	87.000000	2.367812
279	42.664921	7.272808	0.076628	87.000000	2.356732
280	42.659107	7.263928	0.000000	87.000000	2.352691
281	42.661074	7.231452	0.076628	87.000000	2.357965
282	42.676920	7.221186	0.076628	87.000000	2.347836
283	42.667389	7.160001	0.000000	87.000000	2.414499
284	42.656320	7.232531	0.000000	87.000000	2.383929
285	42.647445	7.251395	0.000000	87.000000	2.398909
286	42.663026	7.280959	0.076628	87.000000	2.385672
287	42.660213	7.240070	0.076628	87.000000	2.364034
288	42.672598	7.234133	0.076628	87.000000	2.354634
289	42.675453	7.183280	0.076628	87.000000	2.347787
290	42.675233	7.170419	0.076628	87.000000	2.387210
291	42.674774	7.261416	0.076628	87.000000	2.346193
292	42.670068	7.167407	0.076628	87.000000	2.351963
293	42.655665	7.163130	0.076628	87.000000	2.373038
294	42.657101	7.218856	0.076628	87.000000	2.338477
295	42.673570	7.182665	0.076628	87.000000	2.350838
296	42.680302	7.286828	0.076628	87.000000	2.345015
297	42.682868	7.248929	0.076628	87.000000	2.370272
298	42.688656	7.283822	0.076628	87.000000	2.359582
299	42.692554	7.223574	0.000000	87.000000	2.364690
300	42.681354	7.222776	0.000000	87.000000	2.373310
301	42.699569	7.140070	0.000000	87.000000	2.354152
302	42.696768	7.195960	0.076628	87.000000	2.364481
303	42.691749	7.141134	0.000000	87.000000	2.378596
304	42.691460	7.145838	0.076628	87.000000	2.363703
305	42.696297	7.117700	0.076628	87.000000	2.344410
306	42.705280	7.090547	0.000000	87.000000	2.372009
307	42.698574	7.138907	0.000000	87.000000	2.352845
308	42.690247	7.165824	0.076628	87.000000	2.345834
309	42.694467	7.225656	0.076628	87.000000	2.349213
310	42.707342	7.200998	0.076628	87.000000	2.358471
311	42.717826	7.179011	0.076628	87.000000	2.364717
312	42.727154	7.212812	0.076628	87.000000	2.349466
313	42.715642	7.131266	0.000000	87.000000	2.371744
314	42.704231	7.123644	0.000000	87.000000	2.338189
315	42.702842	7.206826	0.000000	87.000000	2.366955
316	42.714980	7.136709	0.000000	87.000000	2.367199
317	42.718035	7.064794	0.000000	87.000000	2.359756
318	42.726612	7.054962	0.000000	87.000000	2.365953
319	42.717975	7.065960	0.076628	87.000000	2.348157
320	42.720976	7.046670	0.076628	87.000000	2.380867
321	42.714199	7.079592	0.000000	87.000000	2.344793
322	42.718902	7.099426	0.000000	87.000000	2.343189
323	42.711511	7.129804	0.000000	87.000000	2.377238
324	42.730516	7.109522	0.000000	87.000000	2.386077
325	42.740342	7.104509	0.000000	87.000000	2.375641
326	42.737854	7.167401	0.000000	87.000000	2.344676
327	42.721599	7.134730	0.000000	87.000000	2.389389
328	42.723781	7.031647	0.000000	87.000000	2.370850
329	42.719474	7.002545	0.000000	87.000000	2.384207
330	42.720109	7.053549	0.000000	87.000000	2.354959
331	42.716777	7.098374	0.000000	87.000000	2.349496
332	42.730045	7.094612	0.000000	87.000000	2.372326
333	42.718878	7.042435	0.000000	87.000000	2.345781
334	42.713565	7.042062	0.000000	87.000000	2.369776
335	42.726830	7.096235	0.000000	87.000000	2.380116
336	42.723602	7.128046	0.000000	87.000000	2.378500
337	42.726195	7.128868	0.000000	87.000000	2.368603
338	42.724016	7.223848	0.000000	87.000000	2.337390
339	42.732137	7.151674	0.000000	87.000000	2.355144
340	42.729276	7.133702	0.000000	87.000000	2.361240
341	42.734718	7.037653	0.000000	87.000000	2.380314
342	42.725408	7.051656	0.000000	87.000000	2.384689
343	42.733523	7.012951	0.000000	87.000000	2.351644
344	42.716351	6.974605	0.000000	87.000000	2.381585
345	42.732778	6.982997	0.000000	87.000000	2.356498
346	42.732561	6.955537	0.000000	87.000000	2.354823
347	42.742968	7.041114	0.000000	87.000000	2.384654
348	42.734197	7.093209	0.000000	87.000000	2.372837
349	42.740345	7.049975	0.000000	87.000000	2.358154
350	42.728233	7.137097	0.076628	87.000000	2.389570
351	42.725593	7.076321	0.000000	87.000000	2.377511
352	42.735034	7.056308	0.000000	87.000000	2.350476
353	42.734015	7.069133	0.000000	87.000000	2.350230
354	42.739114	7.054418	0.076628	87.000000	2.373608
355	42.742497	7.038985	0.000000	87.000000	2.379264
356	42.738426	6.940139	0.000000	87.000000	2.349141
357	42.736679	7.123337	0.000000	87.000000	2.357783
358	42.729914	7.018326	0.000000	87.000000	2.362982
359	42.729899	7.141610	0.000000	87.000000	2.360731
360	42.752665	7.024839	0.000000	87.000000	2.365709
361	42.732811	7.042141	0.000000	87.000000	2.373483
362	42.732543	7.067942	0.000000	87.000000	2.373237
363	42.734981	7.002644	0.000000	87.000000	2.345895
364	42.740399	6.986633	0.076628	87.000000	2.366617
365	42.744714	6.994349	0.000000	87.000000	2.345096
366	42.728713	6.964583	0.000000	87.000000	2.354781
367	42.724669	6.962310	0.000000	87.000000	2.362470
368	42.726862	7.053189	0.000000	87.000000	2.367087
369	42.713141	7.062388	0.000000	87.000000	2.355638
370	42.709175	7.050568	0.000000	87.000000	2.366143
371	42.717126	7.026622	0.000000	87.000000	2.350624
372	42.735797	7.097452	0.000000	87.000000	2.356725
373	42.740548	7.001847	0.000000	87.000000	2.379553
374	42.739230	6.984439	0.000000	87.000000	2.373353
375	42.731807	6.966644	0.000000	87.000000	2.371106
376	42.722934	7.095817	0.000000	87.000000	2.389696
377	42.736980	6.994224	0.000000	87.000000	2.372974
378	42.729962	6.936601	0.000000	87.000000	2.372046
379	42.716330	6.939856	0.000000	87.000000	2.338783
380	42.741090	6.909928	0.000000	87.000000	2.351709
381	42.726654	6.844797	0.000000	87.000000	2.352026
382	42.735988	6.942057	0.000000	87.000000	2.348753
383	42.743501	6.990713	0.000000	87.000000	2.385384
384	42.735407	6.980048	0.000000	87.000000	2.365213
385	42.751572	6.969222	0.000000	87.000000	2.385043
386	42.751050	6.966848	0.000000	87.000000	2.362154
387	42.737764	7.015030	0.000000	87.000000	2.353961
388	42.738745	6.907674	0.000000	87.000000	2.372960
389	42.730260	7.004997	0.000000	87.000000	2.365722
390	42.748433	6.933770	0.000000	87.000000	2.352504
391	42.747560	6.998999	0.000000	87.000000	2.379794
392	42.744780	7.020930	0.000000	87.000000	2.343391
393	42.739841	6.964999	0.076628	87.000000	2.378882
394	42.748335	6.992275	0.000000	87.000000	2.350260
395	42.744204	7.070711	0.000000	87.000000	2.361543
396	42.747265	7.105507	0.000000	87.000000	2.351659
397	42.734060	7.111415	0.000000	87.000000	2.350064
398	42.750546	7.040342	0.000000	87.000000	2.345186
399	42.750925	6.996433	0.000000	87.000000	2.346696
400	42.742661	7.059754	0.076628	87.000000	2.337739
401	42.751250	7.026146	0.000000	87.000000	2.353637
402	42.744273	7.104810	0.000000	87.000000	2.366423
403	42.742264	7.051517	0.000000	87.000000	2.358372
404	42.748773	6.981336	0.000000	87.000000	2.369165
405	42.762068	6.962755	0.000000	87.000000	2.350602
406	42.774874	6.924797	0.000000	87.000000	2.338698
407	42.775929	6.916942	0.076628	87.000000	2.346380
408	42.764449	6.976678	0.076628	87.000000	2.353037
409	42.767519	6.980748	0.076628	87.000000	2.373686
410	42.769563	7.028406	0.076628	87.000000	2.381923
411	42.769626	6.959303	0.076628	87.000000	2.373113
412	42.773020	7.012256	0.076628	87.000000	2.368111
413	42.775726	7.070731	0.076628	87.000000	2.341817
414	42.775232	6.928329	0.076628	87.000000	2.343753
415	42.765766	6.942571	0.076628	87.000000	2.385458
416	42.776954	6.932380	0.076628	87.000000	2.343335
417	42.782468	7.020830	0.076628	87.000000	2.349971
418	42.771894	6.910463	0.076628	87.000000	2.363169
419	42.770362	6.908405	0.000000	87.000000	2.387649
420	42.777860	6.817353	0.000000	87.000000	2.370917
421	42.786941	6.821005	0.000000	87.000000	2.355801
422	42.790461	6.888248	0.000000	87.000000	2.358927
423	42.790216	6.922044	0.000000	87.000000	2.358557
424	42.782134	6.915472	0.000000	87.000000	2.383000
425	42.786860	6.991318	0.000000	87.000000	2.390514
426	42.793810	6.918590	0.000000	87.000000	2.374100
427	42.798609	6.950699	0.000000	87.000000	2.376999
428	42.787296	6.933514	0.000000	87.000000	2.369847
429	42.808911	6.893924	0.000000	87.000000	2.370775
430	42.795926	6.853997	0.000000	87.000000	2.373484
431	42.800921	6.957685	0.000000	87.000000	2.385528
432	42.777485	6.917541	0.000000	87.000000	2.346529
433	42.795604	6.925702	0.000000	87.000000	2.381942
434	42.793918	6.903779	0.076628	87.000000	2.368256
435	42.780304	6.822401	0.076628	87.000000	2.350167
436	42.784941	6.925421	0.076628	87.000000	2.386666
437	42.780885	6.923835	0.000000	87.000000	2.371603
438	42.768711	6.998496	0.076628	87.000000	2.371438
439	42.790520	6.968425	0.076628	87.000000	2.379468
440	42.792094	6.973539	0.000000	87.000000	2.336736
441	42.792970	6.946544	0.000000	87.000000	2.351098
442	42.786533	7.045747	0.076628	87.000000	2.365551
443	42.785132	7.010152	0.000000	87.000000	2.376032
444	42.779714	7.014035	0.076628	87.000000	2.388877
445	42.792836	7.000895	0.076628	87.000000	2.368768
446	42.800665	6.993692	0.076628	87.000000	2.386200
447	42.800605	6.880208	0.076628	87.000000	2.349874
448	42.784756	6.922417	0.076628	87.000000	2.374312
449	42.780763	6.903813	0.000000	87.000000	2.343388
450	42.784518	6.917269	0.000000	87.000000	2.357280
451	42.783141	6.984032	0.076628	87.000000	2.357525
452	42.787659	6.948967	0.076628	87.000000	2.359181
453	42.790461	6.982119	0.000000	87.000000	2.358044
454	42.802745	7.126563	0.000000	87.000000	2.371349
455	42.807111	7.078451	0.000000	87.000000	2.364486
456	42.784825	7.028822	0.000000	87.000000	2.345452
457	42.797875	7.054941	0.000000	87.000000	2.383243
458	42.804444	6.942724	0.076628	87.000000	2.361716
459	42.797768	7.010578	0.076628	87.000000	2.344745
460	42.818272	7.010833	0.076628	87.000000	2.381532
461	42.822009	6.982804	0.000000	87.000000	2.353500
462	42.813060	6.971297	0.076628	87.000000	2.364461
463	42.809385	7.029825	0.076628	87.000000	2.373856
464	42.804053	6.954842	0.076628	87.000000	2.376805
465	42.809892	6.943027	0.076628	87.000000	2.374345
466	42.804402	7.089923	0.076628	87.000000	2.370329
467	42.796695	7.114790	0.076628	87.000000	2.344806
468	42.800215	7.066707	0.076628	87.000000	2.363080
469	42.805153	7.062110	0.000000	87.000000	2.351070
470	42.810640	7.014912	0.000000	87.000000	2.345634
471	42.815483	7.041469	0.000000	87.000000	2.351272
472	42.824665	7.058713	0.000000	87.000000	2.333878
473	42.810810	6.994862	0.076628	87.000000	2.351506
474	42.815888	6.923275	0.000000	87.000000	2.342985
475	42.823941	6.956112	0.000000	87.000000	2.394134
476	42.803675	6.946924	0.076628	87.000000	2.342353
477	42.803377	6.997024	0.076628	87.000000	2.390983
478	42.805645	6.948713	0.076628	87.000000	2.354024
479	42.801178	6.939238	0.076628	87.000000	2.354450
480	42.812687	6.930586	0.000000	87.000000	2.352588
481	42.814109	6.961385	0.076628	87.000000	2.364973
482	42.800236	6.938791	0.076628	87.000000	2.387699
483	42.803413	7.012316	0.076628	87.000000	2.376045
484	42.814296	6.930422	0.000000	87.000000	2.385940
485	42.818415	7.017620	0.076628	87.000000	2.370510
486	42.811528	6.961525	0.076628	87.000000	2.346634
487	42.801708	6.993494	0.076628	87.000000	2.349857
488	42.814314	6.950453	0.076628	87.000000	2.376067
489	42.816561	6.951639	0.076628	87.000000	2.349847
490	42.808467	6.987516	0.076628	87.000000	2.387763
491	42.832863	6.968037	0.076628	87.000000	2.344617
492	42.807108	7.036640	0.076628	87.000000	2.383672
493	42.823434	6.937563	0.076628	87.000000	2.359016
494	42.814901	6.863916	0.000000	87.000000	2.346479
495	42.820016	6.848344	0.076628	87.000000	2.387604
496	42.825043	6.872028	0.076628	87.000000	2.365910
497	42.822635	6.974864	0.076628	87.000000	2.383894
498	42.831874	6.955160	0.076628	87.000000	2.351503
499	42.837524	6.999796	0.076628	87.000000	2.383780
500	42.823434	6.957322	0.000000	87.000000	2.348468
501	42.843312	6.916185	0.076628	87.000000	2.372923
502	42.841965	6.974689	0.000000	87.000000	2.364749
503	42.822331	7.020496	0.076628	87.000000	2.353719
504	42.831358	7.183837	0.000000	87.000000	2.377019
505	42.833823	7.163353	0.076628	87.000000	2.350761
506	42.832619	7.103293	0.000000	87.000000	2.372793
507	42.839038	7.021039	0.000000	87.000000	2.386724
508	42.836142	7.019586	0.000000	87.000000	2.348396
509	42.844814	7.027015	0.000000	87.000000	2.366956
510	42.815048	7.136978	0.000000	87.000000	2.350481
511	42.818803	7.051111	0.000000	87.000000	2.343437
512	42.835590	6.995397	0.000000	87.000000	2.382484
513	42.829317	6.976700	0.000000	87.000000	2.342208
514	42.843696	6.966224	0.000000	87.000000	2.350137
515	42.857963	6.948689	0.000000	87.000000	2.346899
516	42.852700	6.829551	0.000000	87.000000	2.337654
517	42.844614	6.944887	0.000000	87.000000	2.389137
518	42.848921	6.913899	0.000000	87.000000	2.383272
519	42.831630	6.901091	0.000000	87.000000	2.350305
520	42.835864	6.925120	0.000000	87.000000	2.350234
521	42.845196	7.001743	0.000000	87.000000	2.351367
522	42.842031	7.046979	0.000000	87.000000	2.374274
523	42.847478	6.986864	0.000000	87.000000	2.350471
524	42.842096	7.006685	0.000000	87.000000	2.381429
525	42.842248	7.072182	0.000000	87.000000	2.352224
526	42.843580	7.091607	0.000000	87.000000	2.366613
527	42.841804	7.102067	0.000000	87.000000	2.354729
528	42.843559	7.138379	0.000000	87.000000	2.353975
529	42.838791	7.058497	0.000000	87.000000	2.386104
530	42.831087	7.030490	0.000000	87.000000	2.378252
531	42.819965	7.079813	0.000000	87.000000	2.366707
532	42.846128	7.078918	0.000000	87.000000	2.382277
533	42.829227	7.072489	0.000000	87.000000	2.359857
534	42.843875	7.069381	0.000000	87.000000	2.382802
535	42.835873	7.078882	0.000000	87.000000	2.348611
536	42.840746	7.062151	0.000000	87.000000	2.344374
537	42.852888	7.047102	0.000000	87.000000	2.366983
538	42.850608	7.061262	0.000000	87.000000	2.374058
539	42.835104	7.079420	0.000000	87.000000	2.348135
540	42.844027	7.109015	0.000000	87.000000	2.363447
541	42.838627	7.145516	0.000000	87.000000	2.378857
542	42.830658	7.102520	0.000000	87.000000	2.390331
543	42.834121	7.047199	0.000000	87.000000	2.345717
544	42.832202	7.065769	0.000000	87.000000	2.370405
545	42.838886	6.994417	0.000000	87.000000	2.387233
546	42.838994	6.978507	0.000000	87.000000	2.331817
547	42.836088	7.037837	0.000000	87.000000	2.354488
548	42.836457	7.058037	0.000000	87.000000	2.343107
549	42.839110	6.985122	0.000000	87.000000	2.380743
550	42.847836	6.995027	0.000000	87.000000	2.342788
551	42.833507	7.003921	0.000000	87.000000	2.349095
552	42.849702	6.956438	0.000000	87.000000	2.364086
553	42.835298	7.025314	0.000000	87.000000	2.362316
554	42.832172	6.926952	0.000000	87.000000	2.366872
555	42.839456	6.961858	0.000000	87.000000	2.379306
556	42.836493	7.020002	0.000000	87.000000	2.347641
557	42.835525	6.964345	0.000000	87.000000	2.345331
558	42.838368	6.925013	0.000000	87.000000	2.341859
559	42.834437	6.958760	0.000000	87.000000	2.349359
560	42.835605	6.919250	0.000000	87.000000	2.373506
561	42.836589	6.924987	0.000000	87.000000	2.359816
562	42.838514	6.992216	0.000000	87.000000	2.344593
563	42.847484	7.080491	0.000000	87.000000	2.391181
564	42.829835	7.079247	0.000000	87.000000	2.342769
565	42.828986	7.029889	0.000000	87.000000	2.369563
566	42.842492	7.075843	0.000000	87.000000	2.370398
567	43.013662	7.084536	0.000000	87.000000	2.353380
568	43.069839	7.086890	0.000000	87.000000	2.345248
569	43.102598	7.093274	0.000000	87.000000	2.369326
570	43.121332	7.056907	0.000000	87.000000	2.366029
571	43.142593	7.118447	0.000000	87.000000	2.370516
572	43.143809	7.102100	0.000000	87.000000	2.380184
573	43.153599	7.061951	0.000000	87.000000	2.344652
574	43.152791	7.069953	0.000000	87.000000	2.378394
575	43.162137	7.068158	0.000000	87.000000	2.346423
576	43.157643	7.052210	0.000000	87.000000	2.369474
577	43.161041	7.022129	0.000000	87.000000	2.359790
578	43.156821	7.049917	0.000000	87.000000	2.368553
579	43.170553	7.048531	0.000000	87.000000	2.363137
580	43.157190	7.056128	0.000000	87.000000	2.373664
581	43.156534	7.042008	0.000000	87.000000	2.359028
582	43.155181	7.041683	0.000000	87.000000	2.357475
583	43.175912	7.071682	0.000000	87.000000	2.361667
584	43.184704	7.022728	0.000000	87.000000	2.379485
585	43.179989	7.064231	0.000000	87.000000	2.386106
586	43.170625	7.048565	0.000000	87.000000	2.343577
587	43.171805	6.996054	0.000000	87.000000	2.393527
588	43.171567	7.020047	0.000000	87.000000	2.353883
589	43.167722	6.978531	0.000000	87.000000	2.382179
590	43.169060	7.026675	0.000000	87.000000	2.373823
591	43.173546	7.048912	0.000000	87.000000	2.378217
592	43.176425	7.027893	0.000000	87.000000	2.373773
593	43.180609	7.052643	0.000000	87.000000	2.386934
594	43.185949	7.121402	0.000000	87.000000	2.358089
595	43.177027	7.111180	0.000000	87.000000	2.375865
596	43.173328	7.110711	0.076628	87.000000	2.375898
597	43.171841	7.104783	0.000000	87.000000	2.354153
598	43.169507	7.058937	0.000000	87.000000	2.372961
599	43.176070	7.020912	0.000000	87.000000	2.355029
600	43.188149	7.034994	0.000000	87.000000	2.372628
601	43.190828	7.062146	0.000000	87.000000	2.372556
602	43.175787	7.059058	0.000000	87.000000	2.333454
603	43.186903	7.081190	0.000000	87.000000	2.358202
604	43.179685	7.122553	0.000000	87.000000	2.342475
605	43.177325	7.112416	0.000000	87.000000	2.384276
606	43.183720	7.064716	0.000000	87.000000	2.377951
607	43.187016	7.097392	0.000000	87.000000	2.374019
608	43.169490	7.069808	0.000000	87.000000	2.382207
609	43.174356	7.117400	0.000000	87.000000	2.350729
610	43.165350	7.111532	0.000000	87.000000	2.356266
611	43.175638	7.077321	0.000000	87.000000	2.356981
612	43.172124	7.013536	0.000000	87.000000	2.367942
613	43.184507	7.090834	0.000000	87.000000	2.353364
614	43.186873	7.007446	0.000000	87.000000	2.344479
615	43.175495	6.989118	0.000000	87.000000	2.353225
616	43.181473	6.966065	0.000000	87.000000	2.368057
617	43.183172	7.056951	0.000000	87.000000	2.392182
618	43.185663	7.018481	0.000000	87.000000	2.367113
619	43.193793	7.044981	0.000000	87.000000	2.377208
620	43.190390	7.073614	0.000000	87.000000	2.377210
621	43.193203	7.098136	0.000000	87.000000	2.358867
622	43.187666	7.014466	0.000000	87.000000	2.348783
623	43.182635	7.038356	0.000000	87.000000	2.350260
624	43.192741	7.056335	0.000000	87.000000	2.370261
625	43.189961	7.047276	0.000000	87.000000	2.347268
626	43.197131	7.053225	0.000000	87.000000	2.357309
627	43.199089	7.014311	0.000000	87.000000	2.345552
628	43.195450	7.020840	0.000000	87.000000	2.359929
629	43.203479	6.989382	0.000000	87.000000	2.381633
630	43.184268	7.057525	0.000000	87.000000	2.345877
631	43.198043	6.987917	0.000000	87.000000	2.366172
632	43.191960	6.990183	0.000000	87.000000	2.345055
633	43.185675	7.133563	0.000000	87.000000	2.355369
634	43.180352	7.068944	0.000000	87.000000	2.368751
635	43.194768	7.104122	0.000000	87.000000	2.360048
636	43.202037	7.130601	0.000000	87.000000	2.362463
637	43.189707	7.106593	0.000000	87.000000	2.391400
638	43.197829	7.140850	0.000000	87.000000	2.382328
639	43.187809	7.127451	0.000000	87.000000	2.375306
640	43.189046	7.082330	0.000000	87.000000	2.366835
641	43.194705	7.111275	0.000000	87.000000	2.385412
642	43.196082	7.155673	0.000000	87.000000	2.372106
643	43.194851	7.242516	0.000000	87.000000	2.389153
644	43.187770	7.218658	0.000000	87.000000	2.347042
645	43.195215	7.159821	0.000000	87.000000	2.352315
646	43.196410	7.194387	0.000000	87.000000	2.350731
647	43.178406	7.164880	0.000000	87.000000	2.376948
648	43.199620	7.128056	0.000000	87.000000	2.352371
649	43.194756	7.081695	0.000000	87.000000	2.373942
650	43.200016	7.146757	0.000000	87.000000	2.372809
651	43.184155	7.140459	0.000000	87.000000	2.390533
652	43.184334	7.188009	0.000000	87.000000	2.366591
653	43.191919	7.193864	0.000000	87.000000	2.361874
654	43.193489	7.102400	0.000000	87.000000	2.345305
655	43.196896	7.102258	0.000000	87.000000	2.370282
656	43.197444	7.150926	0.000000	87.000000	2.357540
657	43.205112	7.102057	0.000000	87.000000	2.373165
658	43.213785	7.091386	0.000000	87.000000	2.361942
659	43.201640	7.062886	0.000000	87.000000	2.354910
660	43.187010	7.044670	0.000000	87.000000	2.384681
661	43.201488	6.970170	0.000000	87.000000	2.370307
662	43.202651	7.077767	0.000000	87.000000	2.361272
663	43.197864	7.086197	0.000000	87.000000	2.370762
664	43.206167	7.104336	0.000000	87.000000	2.390526
665	43.214422	7.116483	0.000000	87.000000	2.363539
666	43.207219	7.189128	0.000000	87.000000	2.355423
667	43.206558	7.128435	0.000000	87.000000	2.376995
668	43.224698	7.083084	0.000000	87.000000	2.348709
669	43.211973	7.108417	0.000000	87.000000	2.399404
670	43.199575	7.123192	0.000000	87.000000	2.353259
671	43.193850	7.085920	0.000000	87.000000	2.399342
672	43.204916	7.117801	0.000000	87.000000	2.358043
673	43.207389	7.089026	0.000000	87.000000	2.361386
674	43.195844	7.122707	0.000000	87.000000	2.372933
675	43.195167	7.091015	0.000000	87.000000	2.393881
676	43.196958	7.109048	0.000000	87.000000	2.384445
677	43.200913	7.042742	0.000000	87.000000	2.367861
678	43.196940	7.161917	0.000000	87.000000	2.373535
679	43.205637	7.108674	0.000000	87.000000	2.395709
680	43.202472	7.076581	0.000000	87.000000	2.379458
681	43.204659	7.095300	0.000000	87.000000	2.395836
682	43.205717	7.091173	0.000000	87.000000	2.351850
683	43.202364	7.186780	0.000000	87.000000	2.364909
684	43.200535	7.203442	0.000000	87.000000	2.346330
685	43.202940	7.168027	0.000000	87.000000	2.378740
686	43.199483	7.174585	0.000000	87.000000	2.355757
687	43.212396	7.206543	0.000000	87.000000	2.413631
688	43.217263	7.229806	0.000000	87.000000	2.367756
689	43.210325	7.220724	0.000000	87.000000	2.353323
690	43.215606	7.230413	0.000000	87.000000	2.382273
691	43.225062	7.199949	0.000000	87.000000	2.378496
692	43.212891	7.167124	0.000000	87.000000	2.358476
693	43.203110	7.136819	0.000000	87.000000	2.388091
694	43.213516	7.147107	0.000000	87.000000	2.397900
695	43.216723	7.152451	0.000000	87.000000	2.390062
696	43.206200	7.201037	0.000000	87.000000	2.374097
697	43.207496	7.222680	0.000000	87.000000	2.401224
698	43.206781	7.193262	0.000000	87.000000	2.353112
699	43.201739	7.176220	0.000000	87.000000	2.375298
700	43.211910	7.231466	0.000000	87.000000	2.369699
701	43.204859	7.241213	0.000000	87.000000	2.383978
702	43.197563	7.179605	0.000000	87.000000	2.367578
703	43.198064	7.177803	0.000000	87.000000	2.390976
704	43.206304	7.168968	0.000000	87.000000	2.372182
705	43.208760	7.197546	0.076628	87.000000	2.353931
706	43.206614	7.281476	0.000000	87.000000	2.363930
707	43.213585	7.206921	0.000000	87.000000	2.380045
708	43.213910	7.174693	0.000000	87.000000	2.364362
709	43.215358	7.172913	0.000000	87.000000	2.394693
710	43.223178	7.076703	0.000000	87.000000	2.351524
711	43.221065	7.140525	0.000000	87.000000	2.392324
712	43.221080	7.161273	0.076628	87.000000	2.352423
713	43.215269	7.176949	0.076628	87.000000	2.353442
714	43.197739	7.229029	0.000000	87.000000	2.372743
715	43.208182	7.237836	0.000000	87.000000	2.370884
716	43.202025	7.223926	0.000000	87.000000	2.362261
717	43.196684	7.219518	0.000000	87.000000	2.349753
718	43.206748	7.261465	0.076628	87.000000	2.348168
719	43.219024	7.232577	0.000000	87.000000	2.375433
720	43.210137	7.209806	0.000000	87.000000	2.373154
721	43.206060	7.173840	0.000000	87.000000	2.354215
722	43.207031	7.082191	0.000000	87.000000	2.377487
723	43.207586	7.110995	0.000000	87.000000	2.384886
724	43.206275	7.220003	0.000000	87.000000	2.354615
725	43.201333	7.275498	0.000000	87.000000	2.375061
726	43.200314	7.271048	0.000000	87.000000	2.365543
727	43.198210	7.250888	0.000000	87.000000	2.359358
728	43.196523	7.145814	0.000000	87.000000	2.382184
729	43.205196	7.119213	0.000000	87.000000	2.356351
730	43.202734	7.154869	0.000000	87.000000	2.341382
731	43.214670	7.167075	0.000000	87.000000	2.349710
732	43.199614	7.140521	0.000000	87.000000	2.379073
733	43.212801	7.142253	0.000000	87.000000	2.360987
734	43.214482	7.176726	0.000000	87.000000	2.371807
735	43.207660	7.190795	0.000000	87.000000	2.378477
736	43.227357	7.113250	0.000000	87.000000	2.345307
737	43.218198	7.061053	0.000000	87.000000	2.384837
738	43.203428	7.087999	0.000000	87.000000	2.378870
739	43.213150	7.065222	0.000000	87.000000	2.374109
740	43.218380	7.068634	0.000000	87.000000	2.347684
741	43.211973	7.105873	0.000000	87.000000	2.348421
742	43.214756	7.135093	0.000000	87.000000	2.376789
743	43.215251	7.069448	0.000000	87.000000	2.381370
744	43.220621	7.034606	0.000000	87.000000	2.343013
745	43.218738	7.117847	0.000000	87.000000	2.352057
746	43.209672	7.185956	0.000000	87.000000	2.335646
747	43.213025	7.175910	0.000000	87.000000	2.355957
748	43.208170	7.154827	0.000000	87.000000	2.378731
749	43.213606	7.267805	0.000000	87.000000	2.357589
750	43.206251	7.257639	0.000000	87.000000	2.384744
751	43.221250	7.204772	0.000000	87.000000	2.370077
752	43.211505	7.114003	0.000000	87.000000	2.371306
753	43.199325	7.089920	0.000000	87.000000	2.369753
754	43.206495	7.109006	0.000000	87.000000	2.372280
755	43.211263	7.104880	0.000000	87.000000	2.340195
756	43.198407	7.073067	0.000000	87.000000	2.378959
757	43.203703	7.247729	0.076628	87.000000	2.389128
758	43.214005	7.233973	0.076628	87.000000	2.339401
759	43.219373	7.216852	0.076628	87.000000	2.342974
760	43.219680	7.177343	0.076628	87.000000	2.340339
761	43.211108	7.275666	0.076628	87.000000	2.367795
762	43.204421	7.253155	0.000000	87.000000	2.341072
763	43.204871	7.232940	0.000000	87.000000	2.381984
764	43.211487	7.194332	0.000000	87.000000	2.366390
765	43.213099	7.230631	0.000000	87.000000	2.363952
766	43.217826	7.195229	0.000000	87.000000	2.338537
767	43.216610	7.178610	0.000000	87.000000	2.386968
768	43.218175	7.248895	0.000000	87.000000	2.336857
769	43.216884	7.200808	0.000000	87.000000	2.365989
770	43.222457	7.212066	0.000000	87.000000	2.365448
771	43.211830	7.245918	0.000000	87.000000	2.341936
772	43.210709	7.203892	0.000000	87.000000	2.370293
773	43.218082	7.189632	0.000000	87.000000	2.347169
774	43.209261	7.179941	0.000000	87.000000	2.376594
775	43.218976	7.061942	0.000000	87.000000	2.357462
776	43.222821	7.086385	0.076628	87.000000	2.355660
777	43.221644	7.117433	0.076628	87.000000	2.372521
778	43.223745	7.131987	0.000000	87.000000	2.362361
779	43.232414	7.099332	0.076628	87.000000	2.380486
780	43.215194	7.188437	0.076628	87.000000	2.363284
781	43.224889	7.169291	0.076628	87.000000	2.385040
782	43.235254	7.113973	0.000000	87.000000	2.372810
783	43.237394	7.038329	0.000000	87.000000	2.359993
784	43.227059	7.174578	0.000000	87.000000	2.361696
785	43.227327	7.125552	0.000000	87.000000	2.351714
786	43.216977	7.107660	0.000000	87.000000	2.382258
787	43.213227	7.070268	0.076628	87.000000	2.376966
788	43.217090	7.040181	0.000000	87.000000	2.362754
789	43.224892	7.120581	0.000000	87.000000	2.384373
790	43.221453	7.122852	0.000000	87.000000	2.345376
791	43.216047	7.180049	0.000000	87.000000	2.381044
792	43.223816	7.113011	0.076628	87.000000	2.381035
793	43.225384	7.089677	0.076628	87.000000	2.347931
794	43.218037	7.045226	0.076628	87.000000	2.353179
795	43.217754	7.098046	0.000000	87.000000	2.348555
796	43.224442	7.084606	0.000000	87.000000	2.370385
797	43.226492	7.092482	0.000000	87.000000	2.369959
798	43.222755	7.086766	0.000000	87.000000	2.350945
799	43.211555	7.054457	0.000000	87.000000	2.380163
800	43.222886	6.993085	0.000000	87.000000	2.349300
801	43.224126	7.064950	0.076628	87.000000	2.354970
802	43.229103	7.102150	0.076628	87.000000	2.382723
803	43.226108	7.018366	0.076628	87.000000	2.374661
804	43.218645	7.052220	0.076628	87.000000	2.382080
805	43.241438	7.041245	0.076628	87.000000	2.355872
806	43.229020	7.011471	0.000000	87.000000	2.361837
807	43.226850	6.997486	0.076628	87.000000	2.346477
808	43.223777	7.001194	0.000000	87.000000	2.365456
809	43.230876	7.015621	0.000000	87.000000	2.352892
810	43.227410	7.119283	0.000000	87.000000	2.363975
811	43.224508	7.036063	0.000000	87.000000	2.353573
812	43.222201	6.974425	0.000000	87.000000	2.372135
813	43.220532	6.965340	0.000000	87.000000	2.385069
814	43.226767	6.941915	0.000000	87.000000	2.340598
815	43.239748	7.031456	0.000000	87.000000	2.357657
816	43.240196	7.011698	0.000000	87.000000	2.342962
817	43.230206	6.989385	0.000000	87.000000	2.358591
818	43.225303	6.928639	0.000000	87.000000	2.346020
819	43.234205	6.907676	0.000000	87.000000	2.341999
820	43.241888	6.996885	0.000000	87.000000	2.383125
821	43.240881	6.935784	0.000000	87.000000	2.387589
822	43.234611	6.922797	0.000000	87.000000	2.345399
823	43.234801	6.962369	0.000000	87.000000	2.377553
824	43.230674	6.976758	0.000000	87.000000	2.338732
825	43.224448	6.895404	0.000000	87.000000	2.345243
826	43.227077	6.883134	0.000000	87.000000	2.363672
827	43.227863	6.944005	0.000000	87.000000	2.372853
828	43.230537	6.924966	0.000000	87.000000	2.341473
829	43.226290	6.921962	0.000000	87.000000	2.371818
830	43.234277	6.944462	0.076628	87.000000	2.370885
831	43.232602	6.923436	0.076628	87.000000	2.356737
832	43.225807	6.946748	0.076628	87.000000	2.339208
833	43.235055	6.933295	0.000000	87.000000	2.362484
834	43.239987	6.967274	0.000000	87.000000	2.346323
835	43.225542	6.953144	0.076628	87.000000	2.357460
836	43.251786	6.977606	0.000000	87.000000	2.371672
837	43.245184	7.037709	0.000000	87.000000	2.364917
838	43.242574	6.985957	0.000000	87.000000	2.362123
839	43.232995	7.046163	0.076628	87.000000	2.348105
840	43.246913	7.005400	0.076628	87.000000	2.360510
841	43.234634	6.964567	0.076628	87.000000	2.349092
842	43.238568	7.046981	0.076628	87.000000	2.374053
843	43.238556	7.093646	0.000000	87.000000	2.368554
844	43.229407	7.009434	0.000000	87.000000	2.363020
845	43.239141	7.005846	0.076628	87.000000	2.406503
846	43.246883	6.971056	0.076628	87.000000	2.377511
847	43.232676	6.980567	0.000000	87.000000	2.398185
848	43.226308	6.993871	0.076628	87.000000	2.353702
849	43.247011	7.045047	0.076628	87.000000	2.359820
850	43.240669	7.018768	0.076628	87.000000	2.379760
851	43.224084	6.971625	0.076628	87.000000	2.389656
852	43.237263	6.995434	0.076628	87.000000	2.385628
853	43.235040	7.078735	0.076628	87.000000	2.373822
854	43.233955	7.036615	0.000000	87.000000	2.354237
855	43.240952	7.023781	0.076628	87.000000	2.405477
856	43.244824	7.047271	0.076628	87.000000	2.382054
857	43.237305	7.071096	0.076628	87.000000	2.404999
858	43.247727	7.034733	0.000000	87.000000	2.380745
859	43.238848	7.019151	0.000000	87.000000	2.377543
860	43.241817	7.024230	0.000000	87.000000	2.396136
861	43.243536	7.050923	0.000000	87.000000	2.378182
862	43.235970	7.072338	0.076628	87.000000	2.377287
863	43.224871	7.024333	0.076628	87.000000	2.393610
864	43.226877	6.981912	0.000000	87.000000	2.375476
865	43.222478	7.019230	0.000000	87.000000	2.381755
866	43.229270	6.987580	0.000000	87.000000	2.374121
867	43.232837	7.021076	0.000000	87.000000	2.387403
868	43.245900	6.956147	0.076628	87.000000	2.359870
869	43.242988	6.960712	0.000000	87.000000	2.366640
870	43.233496	6.978046	0.000000	87.000000	2.361212
871	43.226063	6.979233	0.000000	87.000000	2.406917
872	43.237370	6.907897	0.000000	87.000000	2.382878
873	43.233216	6.804750	0.000000	87.000000	2.365675
874	43.251121	6.794804	0.000000	87.000000	2.353215
875	43.244898	6.932992	0.000000	87.000000	2.353711
876	43.245852	6.868074	0.076628	87.000000	2.358630
877	43.248281	6.920726	0.000000	87.000000	2.362086
878	43.241921	6.976349	0.000000	87.000000	2.364496
879	43.230832	6.931225	0.000000	87.000000	2.410654
880	43.244994	6.911879	0.000000	87.000000	2.360572
881	43.243825	6.945209	0.000000	87.000000	2.389412
882	43.237144	6.960629	0.000000	87.000000	2.413603
883	43.240875	6.943694	0.000000	87.000000	2.433149
884	43.246663	6.932390	0.000000	87.000000	2.369606
885	43.248957	6.843424	0.000000	87.000000	2.408363
886	43.240148	6.950154	0.000000	87.000000	2.404897
887	43.251783	6.923533	0.000000	87.000000	2.398106
888	43.421346	6.885648	0.000000	87.000000	2.393990
889	43.481326	6.961427	0.000000	87.000000	2.397709
890	43.497992	6.932419	0.076628	87.000000	2.402472
891	43.516603	6.904574	0.000000	87.000000	2.415692
892	43.530345	6.926536	0.000000	87.000000	2.375540
893	43.524688	6.932594	0.000000	87.000000	2.391351
894	43.534136	6.910651	0.000000	87.000000	2.349682
895	43.546438	6.924865	0.000000	87.000000	2.385654
896	43.542498	6.925164	0.000000	87.000000	2.362650
897	43.542016	6.925160	0.000000	87.000000	2.363130
898	43.543810	6.919390	0.000000	87.000000	2.337007
899	43.544787	6.963047	0.000000	87.000000	2.378342
900	43.547720	6.985783	0.000000	87.000000	2.384434
901	43.540373	6.903883	0.000000	87.000000	2.379331
902	43.546841	6.947039	0.000000	87.000000	2.382569
903	43.554896	6.962010	0.000000	87.000000	2.378345
904	43.554068	6.922966	0.000000	87.000000	2.337292
905	43.551746	6.957708	0.000000	87.000000	2.375442
906	43.565068	7.025920	0.000000	87.000000	2.349575
907	43.566880	6.948049	0.000000	87.000000	2.343641
908	43.562311	6.945908	0.076628	87.000000	2.375863
909	43.560231	6.948799	0.000000	87.000000	2.369405
910	43.559924	6.891377	0.000000	87.000000	2.390176
911	43.559378	6.874830	0.076628	87.000000	2.392251
912	43.563959	6.856893	0.000000	87.000000	2.340992
913	43.570560	6.871293	0.000000	87.000000	2.375767
914	43.569982	6.865796	0.000000	87.000000	2.390601
915	43.576443	6.890256	0.000000	87.000000	2.367761
916	43.568486	6.938387	0.000000	87.000000	2.358305
917	43.570089	6.922819	0.000000	87.000000	2.355518
918	43.583667	6.903922	0.000000	87.000000	2.359376
919	43.575525	6.906475	0.000000	87.000000	2.347670
920	43.568113	6.809956	0.000000	87.000000	2.370286
921	43.573520	6.821261	0.000000	87.000000	2.358396
922	43.577731	6.862941	0.000000	87.000000	2.371381
923	43.567720	6.846692	0.000000	87.000000	2.387209
924	43.566367	6.932979	0.000000	87.000000	2.392504
925	43.556017	6.969915	0.000000	87.000000	2.382123
926	43.562698	6.961808	0.000000	87.000000	2.346544
927	43.565533	6.903947	0.000000	87.000000	2.358688
928	43.558991	6.877470	0.000000	87.000000	2.337848
929	43.569827	6.923032	0.000000	87.000000	2.392783
930	43.571064	6.876386	0.000000	87.000000	2.342675
931	43.556404	6.881510	0.000000	87.000000	2.395084
932	43.572506	6.888634	0.000000	87.000000	2.342358
933	43.566442	6.885150	0.000000	87.000000	2.353874
934	43.568286	6.866355	0.000000	87.000000	2.341580
935	43.560615	6.953494	0.000000	87.000000	2.359464
936	43.565845	6.873395	0.000000	87.000000	2.372591
937	43.570590	6.883354	0.000000	87.000000	2.350427
938	43.567872	6.852401	0.000000	87.000000	2.340427
939	43.568861	6.883071	0.000000	87.000000	2.386942
940	43.573898	6.859799	0.000000	87.000000	2.376790
941	43.567353	6.827474	0.000000	87.000000	2.385328
942	43.567336	6.857041	0.000000	87.000000	2.353533
943	43.570635	6.883272	0.076628	87.000000	2.347783
944	43.563741	6.933306	0.000000	87.000000	2.351735
945	43.560469	6.928640	0.000000	87.000000	2.360646
946	43.565106	6.923271	0.000000	87.000000	2.374235
947	43.571454	6.921595	0.000000	87.000000	2.390359
948	43.576401	6.908086	0.000000	87.000000	2.364266
949	43.567827	6.901501	0.000000	87.000000	2.365782
950	43.557531	6.832665	0.076628	87.000000	2.386624
951	43.563899	6.865157	0.076628	87.000000	2.384192
952	43.559119	6.917808	0.076628	87.000000	2.340044
953	43.555135	6.948384	0.076628	87.000000	2.389907
954	43.558589	6.879943	0.000000	87.000000	2.339152
955	43.562770	6.895626	0.000000	87.000000	2.369870
956	43.561506	6.878265	0.000000	87.000000	2.378881
957	43.559673	6.922225	0.000000	87.000000	2.358925
958	43.572310	6.900908	0.000000	87.000000	2.347420
959	43.578234	6.932358	0.076628	87.000000	2.366367
960	43.557447	6.898760	0.000000	87.000000	2.388924
961	43.553942	6.902751	0.000000	87.000000	2.361897
962	43.555933	6.894909	0.000000	87.000000	2.378738
963	43.557212	6.899398	0.076628	87.000000	2.415740
964	43.560386	6.895259	0.076628	87.000000	2.406693
965	43.558872	6.894329	0.000000	87.000000	2.388935
966	43.568498	6.869161	0.000000	87.000000	2.407892
967	43.564299	6.907805	0.000000	87.000000	2.374156
968	43.564439	6.925236	0.076628	87.000000	2.395678
969	43.570268	6.884563	0.000000	87.000000	2.397841
970	43.752748	6.836764	0.000000	87.000000	2.376400
971	43.788931	6.880961	0.076628	87.000000	2.350066
972	43.805408	6.866518	0.076628	87.000000	2.411250
973	43.809140	6.886970	0.076628	87.000000	2.370407
974	43.820092	6.863073	0.000000	87.000000	2.362110
975	43.823969	6.824649	0.076628	87.000000	2.395996
976	43.824857	6.828169	0.000000	87.000000	2.375280
977	43.823665	6.822876	0.000000	87.000000	2.364399
978	43.829715	6.803995	0.000000	87.000000	2.391716
979	43.832362	6.835458	0.076628	87.000000	2.419021
980	43.834808	6.825087	0.076628	87.000000	2.387270
981	43.841097	6.869687	0.076628	87.000000	2.371933
982	43.841594	6.885432	0.076628	87.000000	2.399246
983	43.846017	6.858822	0.076628	87.000000	2.360031
984	43.849450	6.843260	0.076628	87.000000	2.398350
985	43.852803	6.891312	0.076628	87.000000	2.361294
986	43.856242	6.871338	0.076628	87.000000	2.357822
987	43.855664	6.854013	0.000000	87.000000	2.413331
988	43.861309	6.852102	0.076628	87.000000	2.362378
989	43.860555	6.866961	0.076628	87.000000	2.367793
990	43.858281	6.861368	0.000000	87.000000	2.366493
991	43.853435	6.872458	0.000000	87.000000	2.363628
992	43.857056	6.872574	0.000000	87.000000	2.373746
993	43.857467	6.851001	0.000000	87.000000	2.382968
994	43.864986	6.869059	0.000000	87.000000	2.351010
995	43.856961	6.901400	0.000000	87.000000	2.374254
996	43.857023	6.875978	0.000000	87.000000	2.391470
997	43.859899	6.899786	0.076628	87.000000	2.363611
998	43.859625	6.874565	0.076628	87.000000	2.387444
999	43.861598	6.845689	0.076628	87.000000	2.381260
1000	43.867499	6.850774	0.076628	87.000000	2.359330
1001	43.865347	6.871952	0.076628	87.000000	2.391838
1002	43.865323	6.848365	0.076628	87.000000	2.389474
1003	43.867987	6.853283	0.076628	87.000000	2.387639
1004	43.868607	6.872123	0.076628	87.000000	2.382170
1005	43.868142	6.868883	0.076628	87.000000	2.407482
1006	43.864626	6.889602	0.076628	87.000000	2.378725
1007	43.867654	6.882000	0.076628	87.000000	2.412427
1008	43.869114	6.880826	0.076628	87.000000	2.360636
1009	43.863672	6.882281	0.076628	87.000000	2.407082
1010	43.869466	6.870562	0.076628	87.000000	2.382120
1011	43.868873	6.906694	0.076628	87.000000	2.423210
1012	43.868530	6.901767	0.076628	87.000000	2.409012
1013	43.870151	6.883296	0.076628	87.000000	2.404883
1014	43.872663	6.841592	0.076628	87.000000	2.380722
1015	43.870470	6.832548	0.076628	87.000000	2.438366
1016	43.881148	6.826713	0.076628	87.000000	2.414677
1017	43.878257	6.841108	0.000000	87.000000	2.422974
1018	43.881005	6.862611	0.076628	87.000000	2.415212
1019	43.876803	6.879291	0.076628	87.000000	2.386964
1020	43.880215	6.861532	0.000000	87.000000	2.366211
1021	43.883038	6.883323	0.076628	87.000000	2.394300
1022	43.877161	6.851063	0.076628	87.000000	2.379541
1023	43.880722	6.864842	0.076628	87.000000	2.366066
1024	43.875068	6.884787	0.076628	87.000000	2.366430
1025	43.879592	6.874162	0.076628	87.000000	2.388075
1026	43.873101	6.905719	0.000000	87.000000	2.396214
1027	43.866980	6.865878	0.076628	87.000000	2.391272
1028	43.873650	6.874588	0.076628	87.000000	2.372334
1029	43.875688	6.869953	0.076628	87.000000	2.393623
1030	43.878630	6.892979	0.076628	87.000000	2.397737
1031	43.873280	6.863192	0.076628	87.000000	2.370971
1032	43.873435	6.904262	0.076628	87.000000	2.384683
1033	43.871289	6.863325	0.000000	87.000000	2.405097
1034	43.873250	6.868118	0.000000	87.000000	2.396556
1035	43.870229	6.887521	0.000000	87.000000	2.354091
1036	43.880397	6.879697	0.000000	87.000000	2.373303
1037	43.878937	6.865801	0.000000	87.000000	2.369166
1038	43.879366	6.897046	0.000000	87.000000	2.380599
1039	43.883437	6.889851	0.000000	87.000000	2.386198
1040	43.883440	6.869854	0.000000	87.000000	2.364578
1041	43.880731	6.881645	0.000000	87.000000	2.360991
1042	43.886238	6.872459	0.000000	87.000000	2.357688
1043	43.891281	6.857495	0.000000	87.000000	2.367615
1044	43.883964	6.912103	0.000000	87.000000	2.353583
1045	43.882900	6.931515	0.000000	87.000000	2.374423
1046	43.886685	6.888518	0.000000	87.000000	2.368185
1047	43.883950	6.925677	0.000000	87.000000	2.415848
1048	43.882233	6.904954	0.000000	87.000000	2.381747
1049	43.885958	6.919271	0.000000	87.000000	2.406032
1050	43.883049	6.921428	0.000000	87.000000	2.371525
1051	43.885857	6.942549	0.000000	87.000000	2.363198
1052	43.882969	6.901319	0.000000	87.000000	2.355146
1053	43.885785	6.873806	0.000000	87.000000	2.406207
1054	43.885192	6.891243	0.000000	87.000000	2.374880
1055	43.883535	6.897074	0.000000	87.000000	2.413615
1056	43.887478	6.890380	0.000000	87.000000	2.352147
1057	43.882298	6.908543	0.000000	87.000000	2.367929
1058	43.885690	6.914291	0.000000	87.000000	2.388594
1059	43.884486	6.902127	0.000000	87.000000	2.387019
1060	43.880177	6.905257	0.000000	87.000000	2.363244
1061	43.878704	6.909587	0.000000	87.000000	2.394572
1062	43.877059	6.934883	0.076628	87.000000	2.380203
1063	43.883061	6.912515	0.000000	87.000000	2.397640
1064	43.879849	6.958695	0.000000	87.000000	2.369765
1065	43.881965	6.977302	0.000000	87.000000	2.400110
1066	43.873870	6.925627	0.000000	87.000000	2.375596
1067	43.877861	6.936387	0.000000	87.000000	2.367061
1068	43.884075	6.941597	0.000000	87.000000	2.380008
1069	43.875009	6.963149	0.000000	87.000000	2.378187
1070	43.880218	6.943293	0.000000	87.000000	2.380557
1071	43.888307	6.965455	0.000000	87.000000	2.378030
1072	43.884891	6.939771	0.000000	87.000000	2.360680
1073	43.881583	6.911928	0.000000	87.000000	2.398496
1074	43.881518	6.914458	0.000000	87.000000	2.372252
1075	43.877590	6.898865	0.000000	87.000000	2.387127
1076	43.885753	6.866987	0.000000	87.000000	2.378403
1077	43.893206	6.892665	0.000000	87.000000	2.392491
1078	43.891561	6.859198	0.000000	87.000000	2.376162
1079	43.897051	6.901899	0.000000	87.000000	2.357479
1080	43.896568	6.908457	0.000000	87.000000	2.346179
1081	43.889162	6.893697	0.000000	87.000000	2.357992
1082	43.896800	6.901131	0.000000	87.000000	2.357749
1083	43.895084	6.933897	0.000000	87.000000	2.364084
1084	43.895826	6.917430	0.000000	87.000000	2.377259
1085	43.892485	6.906924	0.000000	87.000000	2.344508
1086	43.890759	6.927551	0.000000	87.000000	2.358136
1087	43.888435	6.916851	0.000000	87.000000	2.371563
1088	43.893853	6.934452	0.000000	87.000000	2.385240
1089	43.888372	6.963934	0.000000	87.000000	2.381782
1090	43.892938	6.959704	0.076628	87.000000	2.386638
1091	43.892112	6.901659	0.076628	87.000000	2.375240
1092	43.897301	6.943728	0.000000	87.000000	2.384264
1093	43.898273	6.934020	0.000000	87.000000	2.383883
1094	43.900302	6.919506	0.000000	87.000000	2.409454
1095	43.891981	6.928196	0.000000	87.000000	2.395344
1096	43.889797	6.919861	0.000000	87.000000	2.388804
1097	43.888158	6.946351	0.000000	87.000000	2.404017
1098	43.889499	6.981945	0.000000	87.000000	2.375572
1099	43.884641	6.943956	0.000000	87.000000	2.421582
1100	43.884182	6.935555	0.000000	87.000000	2.405234
1101	43.891504	6.899134	0.000000	87.000000	2.373383
1102	43.887034	6.956193	0.000000	87.000000	2.390883
1103	43.891245	6.934757	0.000000	87.000000	2.357547
1104	43.889278	6.902170	0.076628	87.000000	2.352361
1105	43.891400	6.955339	0.000000	87.000000	2.410820
1106	43.895400	6.976158	0.076628	87.000000	2.385516
1107	43.893063	6.951807	0.000000	87.000000	2.408118
1108	43.897277	6.963663	0.076628	87.000000	2.381567
1109	43.896669	6.956168	0.000000	87.000000	2.358287
1110	43.893540	6.923288	0.000000	87.000000	2.372485
1111	43.889239	6.949860	0.000000	87.000000	2.393831
1112	43.883792	6.954120	0.000000	87.000000	2.384604
1113	43.891943	6.935703	0.000000	87.000000	2.384968
1114	43.890694	6.946644	0.076628	87.000000	2.366203
1115	43.896502	6.929485	0.076628	87.000000	2.393323
1116	43.887919	6.949499	0.076628	87.000000	2.353258
1117	43.891281	6.951699	0.076628	87.000000	2.400192
1118	43.895933	6.990165	0.076628	87.000000	2.386514
1119	43.891326	6.957853	0.000000	87.000000	2.409268
1120	43.896767	6.955663	0.076628	87.000000	2.363534
1121	43.884420	6.961278	0.076628	87.000000	2.383367
1122	43.892998	6.951493	0.076628	87.000000	2.361595
1123	43.894112	6.951935	0.076628	87.000000	2.368828
1124	43.882993	6.980739	0.076628	87.000000	2.380476
1125	43.892741	6.996518	0.076628	87.000000	2.385299
1126	43.890756	6.969558	0.076628	87.000000	2.378323
1127	43.895423	7.012329	0.076628	87.000000	2.359691
1128	43.897220	7.000195	0.076628	87.000000	2.376876
1129	43.891156	7.029250	0.076628	87.000000	2.387421
1130	43.895036	7.009902	0.076628	87.000000	2.376194
1131	43.891191	7.012777	0.076628	87.000000	2.352293
1132	43.888196	6.976087	0.076628	87.000000	2.354630
1133	43.886733	6.997599	0.076628	87.000000	2.365902
1134	43.889600	6.970095	0.000000	87.000000	2.334316
1135	43.896410	6.951859	0.076628	87.000000	2.334722
1136	43.897867	7.001217	0.076628	87.000000	2.355768
1137	43.896794	7.013769	0.076628	87.000000	2.335135
1138	43.891969	7.029986	0.076628	87.000000	2.350234
1139	43.890172	7.040345	0.000000	87.000000	2.356195
1140	43.896383	7.011576	0.000000	87.000000	2.329881
1141	43.893743	6.979944	0.076628	87.000000	2.358105
1142	43.895400	6.965130	0.000000	87.000000	2.338521
1143	43.898076	6.945462	0.076628	87.000000	2.337400
1144	43.893468	6.964328	0.076628	87.000000	2.353645
1145	43.890780	6.992956	0.076628	87.000000	2.113656
1146	43.948293	6.990464	0.076628	87.000000	2.161586
1147	43.950024	6.981027	0.076628	87.000000	2.122122
1148	43.950886	6.982452	0.076628	87.000000	2.120142
1149	43.950546	6.984230	0.076628	87.000000	2.133686
1150	43.950588	6.984786	0.076628	87.000000	2.145371
1151	43.950748	6.983627	0.076628	87.000000	2.123488
1152	43.950740	6.984119	0.076628	87.000000	2.121496
1153	43.950701	6.984465	0.076628	87.000000	2.127697
1154	43.950671	6.984752	0.076628	87.000000	2.148849
1155	43.950683	6.985078	0.076628	87.000000	2.126956
1156	43.950683	6.985078	0.076628	87.000000	2.104080
1157	43.950683	6.985078	0.076628	87.000000	2.132452
1158	43.950683	6.985078	0.076628	87.000000	2.140007
1159	43.950683	6.985078	0.076628	87.000000	2.118207
1160	43.950683	6.985078	0.076628	87.000000	2.112480
1161	43.950683	6.985078	0.076628	87.000000	2.122941
1162	43.950683	6.985078	0.076628	87.000000	2.122242
1163	43.950683	6.985078	0.076628	87.000000	2.130390
1164	43.950683	6.985078	0.076628	87.000000	2.140739
1165	43.950683	6.985078	0.076628	87.000000	2.128318
1166	43.950683	6.985078	0.076628	87.000000	2.125972
1167	43.950683	6.985078	0.076628	87.000000	2.133562
1168	43.950683	6.985078	0.076628	87.000000	2.134328
1169	43.950683	6.985078	0.076628	87.000000	2.126387
1170	43.950683	6.985078	0.076628	87.000000	2.121967
1171	43.950683	6.985078	0.076628	87.000000	2.134599
1172	43.950683	6.985078	0.076628	87.000000	2.140386
1173	43.950683	6.985078	0.076628	87.000000	2.123783
1174	43.950683	6.985078	0.076628	87.000000	2.122283
1175	43.950683	6.985078	0.076628	87.000000	2.082454
1176	43.950683	6.985078	0.076628	87.000000	2.098935
1177	43.950683	6.985078	0.076628	87.000000	2.124640
1178	43.950683	6.985078	0.076628	87.000000	2.117925
1179	43.950683	6.985078	0.076628	87.000000	2.134006
1180	43.950683	6.985078	0.076628	87.000000	2.133236
1181	43.950683	6.985078	0.076628	87.000000	2.126804
1182	43.950683	6.985078	0.076628	87.000000	2.112278
1183	43.950683	6.985078	0.076628	87.000000	2.115381
1184	43.950683	6.985078	0.076628	87.000000	2.115160
1185	43.950683	6.985078	0.076628	87.000000	2.149260
1186	43.950683	6.985078	0.076628	87.000000	2.131936
1187	43.950683	6.985078	0.076628	87.000000	2.109329
1188	43.950683	6.985078	0.076628	87.000000	2.085314
1189	43.950683	6.985078	0.076628	87.000000	2.123799
1190	43.950683	6.985078	0.076628	87.000000	2.114509
1191	43.950683	6.985078	0.076628	87.000000	2.111425
1192	43.950683	6.985078	0.076628	87.000000	2.107532
1193	43.950683	6.985078	0.076628	87.000000	2.145209
1194	43.950683	6.985078	0.076628	87.000000	2.117213
1195	43.950683	6.985078	0.076628	87.000000	2.103036
1196	43.950683	6.985078	0.076628	87.000000	2.112183
1197	43.950683	6.985078	0.076628	87.000000	2.130125
1198	43.950683	6.985078	0.076628	87.000000	2.095527
