1	25.343591	2.514255	0.000000	59.933333	2.249357
2	32.160002	4.062797	0.000000	59.933333	2.235343
3	36.741042	4.949805	0.000000	59.933333	2.245770
4	39.075229	5.574259	0.000000	59.933333	2.227058
5	40.426695	5.935406	0.000000	59.933333	2.212281
6	41.265965	6.197269	0.000000	59.933333	2.209831
7	41.881746	6.373349	0.000000	59.933333	2.212957
8	42.332476	6.541140	0.000000	59.933333	2.198047
9	42.705101	6.777150	0.000000	59.933333	2.221077
10	42.973447	6.908248	0.000000	59.933333	2.203243
11	43.179125	6.942549	0.000000	59.933333	2.203474
12	43.349138	7.110572	0.000000	59.933333	2.205578
13	43.467921	7.161690	0.000000	59.933333	2.218254
14	43.589857	7.345043	0.000000	59.933333	2.207209
15	43.680403	7.333552	0.000000	59.933333	2.294102
16	43.756974	7.524302	0.000000	59.933333	2.200885
17	43.825930	7.514678	0.000000	59.933333	2.222676
18	43.893802	7.623247	0.000000	59.933333	2.326221
19	43.933377	7.680293	0.000000	59.933333	2.195563
20	43.971756	7.647019	0.000000	59.933333	2.291796
21	44.000864	7.721694	0.000000	59.933333	2.213987
22	44.053817	7.876268	0.000000	59.933333	2.204746
23	44.097984	7.802546	0.000000	59.933333	2.221542
24	44.139135	7.802333	0.000000	59.933333	2.233138
25	44.182235	7.896007	0.000000	59.933333	2.222843
26	44.216967	7.966777	0.000000	59.933333	2.215880
27	44.244945	7.941456	0.000000	59.933333	2.207909
28	44.285518	7.969688	0.000000	59.933333	2.213001
29	44.323716	8.022419	0.000000	59.933333	2.402933
30	44.343331	8.133075	0.000000	59.933333	2.221395
31	44.365621	8.221727	0.000000	59.933333	2.327188
32	44.371486	8.317573	0.000000	59.933333	2.357123
33	44.400167	8.429789	0.000000	59.933333	2.486434
34	44.421089	8.493190	0.000000	59.933333	2.224975
35	44.444263	8.600923	0.000000	59.933333	2.213075
36	44.470865	8.571393	0.000000	59.933333	2.236703
37	44.489992	8.685673	0.000000	59.933333	2.226120
38	44.502962	8.714320	0.000000	59.933333	2.209898
39	44.520342	8.745902	0.000000	59.933333	2.216998
40	44.551980	8.824534	0.000000	59.933333	2.319659
41	44.553950	8.863370	0.000000	59.933333	2.215762
42	44.581708	8.902769	0.000000	59.933333	2.224323
43	44.586080	8.990122	0.000000	59.933333	2.239567
44	44.605133	9.042678	0.000000	59.933333	2.253943
45	44.614723	9.117405	0.000000	59.933333	2.226273
46	44.631323	9.295850	0.000000	59.933333	2.234917
47	44.633767	9.380652	0.000000	59.933333	2.216146
48	44.650763	9.355071	0.000000	59.933333	2.222744
49	44.658226	9.354249	0.000000	59.933333	2.212374
50	44.675088	9.393105	0.000000	59.933333	2.205257
51	44.704109	9.428062	0.000000	59.933333	2.235065
52	44.710755	9.423849	0.000000	59.933333	2.244382
53	44.728011	9.476106	0.000000	59.933333	2.336637
54	44.714117	9.541718	0.000000	59.933333	2.214628
55	44.720644	9.521195	0.000000	59.933333	2.331797
56	44.746101	9.559216	0.111235	59.933333	2.227538
57	44.754201	9.568032	0.000000	59.933333	2.215215
58	44.756368	9.744333	0.000000	59.933333	2.208653
59	44.786251	9.677162	0.000000	59.933333	2.210891
60	44.791284	9.748563	0.000000	59.933333	2.240509
61	44.823968	9.688887	0.000000	59.933333	2.238717
62	44.837016	9.668054	0.000000	59.933333	2.235588
63	44.852757	9.706294	0.000000	59.933333	2.251433
64	44.846642	9.816706	0.000000	59.933333	2.232779
65	44.866905	9.835201	0.000000	59.933333	2.216908
66	44.878781	9.905558	0.000000	59.933333	2.218342
67	44.870785	9.941033	0.000000	59.933333	2.207430
68	44.885474	9.917368	0.000000	59.933333	2.229409
69	44.891506	9.867903	0.000000	59.933333	2.304361
70	44.917482	9.962422	0.111235	59.933333	2.309091
71	44.907314	9.970076	0.111235	59.933333	2.294191
72	44.919851	10.036977	0.222469	59.933333	2.209679
73	44.948423	10.090025	0.000000	59.933333	2.244441
74	44.961190	10.122018	0.000000	59.933333	2.414618
75	44.963664	10.172202	0.000000	59.933333	2.222429
76	44.976380	10.118375	0.000000	59.933333	2.309708
77	44.982809	10.201767	0.111235	59.933333	2.319635
78	44.988424	10.176292	0.000000	59.933333	2.219146
79	45.008218	10.242027	0.000000	59.933333	2.242922
80	45.036101	10.387379	0.222469	59.933333	2.226931
81	45.056731	10.505235	0.111235	59.933333	2.210641
82	45.059970	10.456198	0.111235	59.933333	2.225550
83	45.064884	10.404997	0.111235	59.933333	2.302906
84	45.067626	10.408720	0.000000	59.933333	2.229546
85	45.075044	10.368386	0.111235	59.933333	2.246351
86	45.081961	10.397240	0.000000	59.933333	2.342434
87	45.093486	10.427400	0.000000	59.933333	2.316906
88	45.099556	10.331100	0.111235	59.933333	2.210531
89	45.106602	10.398979	0.111235	59.933333	2.215956
90	45.123842	10.302984	0.111235	59.933333	2.225463
91	45.152318	10.252728	0.111235	59.933333	2.230735
92	45.135334	10.389158	0.000000	59.933333	2.224567
93	45.140153	10.347055	0.111235	59.933333	2.325241
94	45.142370	10.353966	0.000000	59.933333	2.325272
95	45.142651	10.356576	0.111235	59.933333	2.337392
96	45.151070	10.335987	0.000000	59.933333	2.314929
97	45.162895	10.448205	0.000000	59.933333	2.230299
98	45.172989	10.463705	0.111235	59.933333	2.242794
99	45.182973	10.508609	0.000000	59.933333	2.246940
100	45.198548	10.504032	0.000000	59.933333	2.226889
101	45.192617	10.510061	0.000000	59.933333	2.227904
102	45.206225	10.528362	0.111235	59.933333	2.236120
103	45.199254	10.498626	0.000000	59.933333	2.245899
104	45.197171	10.456895	0.000000	59.933333	2.211318
105	45.203242	10.456336	0.000000	59.933333	2.316203
106	45.201528	10.505793	0.000000	59.933333	2.225863
107	45.197272	10.369055	0.000000	59.933333	2.233128
108	45.211589	10.403081	0.000000	59.933333	2.233584
109	45.182028	10.325367	0.000000	59.933333	2.225368
110	45.194089	10.406766	0.000000	59.933333	2.219034
111	45.203513	10.391151	0.000000	59.933333	2.213255
112	45.195022	10.402182	0.000000	59.933333	2.219953
113	45.203054	10.375121	0.000000	59.933333	2.239661
114	45.215076	10.375678	0.000000	59.933333	2.241153
115	45.199317	10.373361	0.000000	59.933333	2.312262
116	45.210400	10.416562	0.000000	59.933333	2.401149
117	45.239154	10.410685	0.111235	59.933333	2.223602
118	45.214921	10.463426	0.000000	59.933333	2.288542
119	45.225528	10.452101	0.111235	59.933333	2.239162
120	45.223460	10.508653	0.000000	59.933333	2.247540
121	45.240641	10.452271	0.000000	59.933333	2.223319
122	45.227832	10.436141	0.000000	59.933333	2.220608
123	45.224261	10.465952	0.000000	59.933333	2.210248
124	45.236391	10.465128	0.111235	59.933333	2.315785
125	45.226091	10.489486	0.000000	59.933333	2.298433
126	45.241597	10.476060	0.000000	59.933333	2.204129
127	45.232239	10.563721	0.000000	59.933333	2.205451
128	45.242518	10.439017	0.111235	59.933333	2.223743
129	45.241350	10.500494	0.000000	59.933333	2.337988
130	45.228469	10.353007	0.000000	59.933333	2.291663
131	45.208225	10.388267	0.000000	59.933333	2.229718
132	45.209876	10.351299	0.000000	59.933333	2.233031
133	45.203707	10.383533	0.000000	59.933333	2.215439
134	45.219553	10.342021	0.000000	59.933333	2.307023
135	45.221567	10.349411	0.000000	59.933333	2.215859
136	45.241025	10.329190	0.000000	59.933333	2.208757
137	45.244002	10.290248	0.000000	59.933333	2.299353
138	45.240980	10.326395	0.000000	59.933333	2.298714
139	45.228392	10.280090	0.000000	59.933333	2.227354
140	45.233661	10.298062	0.000000	59.933333	2.226440
141	45.235538	10.199993	0.111235	59.933333	2.241937
142	45.244190	10.296606	0.000000	59.933333	2.227047
143	45.259303	10.321661	0.000000	59.933333	2.212332
144	45.261446	10.304004	0.000000	59.933333	2.301444
145	45.258713	10.350383	0.000000	59.933333	2.220029
146	45.261776	10.284052	0.000000	59.933333	2.215007
147	45.253393	10.301091	0.000000	59.933333	2.296283
148	45.253563	10.365442	0.111235	59.933333	2.214092
149	45.270175	10.393268	0.000000	59.933333	2.292629
150	45.273057	10.246673	0.000000	59.933333	2.211639
151	45.259440	10.325669	0.000000	59.933333	2.330984
152	45.263368	10.325354	0.000000	59.933333	2.303395
153	45.258522	10.240742	0.000000	59.933333	2.211291
154	45.266253	10.212902	0.000000	59.933333	2.236038
155	45.267138	10.270074	0.000000	59.933333	2.242636
156	45.285988	10.294675	0.000000	59.933333	2.226504
157	45.277447	10.297358	0.000000	59.933333	2.215192
158	45.280728	10.330085	0.000000	59.933333	2.208261
159	45.278314	10.190355	0.111235	59.933333	2.414961
160	45.276517	10.283197	0.000000	59.933333	2.324289
161	45.292413	10.277314	0.111235	59.933333	2.314806
162	45.277220	10.271693	0.222469	59.933333	2.311098
163	45.279813	10.191868	0.000000	59.933333	2.236534
164	45.279598	10.269789	0.000000	59.933333	2.216852
165	45.272332	10.307967	0.000000	59.933333	2.237338
166	45.276415	10.242716	0.000000	59.933333	2.235281
167	45.273274	10.252690	0.000000	59.933333	2.239026
168	45.285562	10.192350	0.000000	59.933333	2.226918
169	45.275575	10.207921	0.000000	59.933333	2.310071
170	45.273697	10.158279	0.000000	59.933333	2.211971
171	45.299748	10.112756	0.000000	59.933333	2.306922
172	45.295167	10.199358	0.000000	59.933333	2.329935
173	45.292771	10.200583	0.000000	59.933333	2.314042
174	45.276028	10.157349	0.000000	59.933333	2.224692
175	45.280206	10.079263	0.000000	59.933333	2.222761
176	45.280653	10.065124	0.000000	59.933333	2.233277
177	45.293075	10.133927	0.000000	59.933333	2.383051
178	45.292848	10.054658	0.000000	59.933333	2.436638
179	45.302317	10.126527	0.000000	59.933333	2.213979
180	45.312113	10.243189	0.111235	59.933333	2.410363
181	45.304358	10.206408	0.000000	59.933333	2.237736
182	45.292240	10.168163	0.000000	59.933333	2.228437
183	45.283240	10.201018	0.000000	59.933333	2.215269
184	45.272976	10.304588	0.000000	59.933333	2.234766
185	45.295632	10.250276	0.111235	59.933333	2.208965
186	45.287418	10.247007	0.000000	59.933333	2.209248
187	45.290256	10.202789	0.000000	59.933333	2.327609
188	45.285636	10.193472	0.000000	59.933333	2.323969
189	45.291418	10.175067	0.000000	59.933333	2.218731
190	45.289171	10.161052	0.000000	59.933333	2.227733
191	45.291626	10.091036	0.000000	59.933333	2.233363
192	45.289713	10.107092	0.000000	59.933333	2.423922
193	45.290658	10.178375	0.000000	59.933333	2.335990
194	45.302260	10.270901	0.000000	59.933333	2.325799
195	45.310876	10.152155	0.000000	59.933333	2.415009
196	45.286322	10.123243	0.000000	59.933333	2.342659
197	45.289147	10.199489	0.000000	59.933333	2.229912
198	45.301640	10.226431	0.000000	59.933333	2.237874
199	45.304424	10.174887	0.000000	59.933333	2.218550
200	45.286924	10.166596	0.111235	59.933333	2.343708
201	45.290574	10.194319	0.000000	59.933333	2.239255
202	45.292830	10.189109	0.000000	59.933333	2.213648
203	45.292071	10.178173	0.000000	59.933333	2.299073
204	45.288116	10.124338	0.111235	59.933333	2.316947
205	45.281777	10.136994	0.111235	59.933333	2.208628
206	45.280343	10.098813	0.000000	59.933333	2.312582
207	45.290402	10.073151	0.000000	59.933333	2.337826
208	45.291674	10.023890	0.000000	59.933333	2.317061
209	45.286715	10.049374	0.000000	59.933333	2.337756
210	45.289344	10.082920	0.000000	59.933333	2.222344
211	45.299655	10.077459	0.000000	59.933333	2.204651
212	45.290852	10.170047	0.000000	59.933333	2.235997
213	45.297533	10.222022	0.000000	59.933333	2.235554
214	45.307022	10.109238	0.000000	59.933333	2.240083
215	45.305386	10.096527	0.000000	59.933333	2.227321
216	45.313591	10.066697	0.000000	59.933333	2.310246
217	45.303777	10.038900	0.000000	59.933333	2.216886
218	45.322400	10.056036	0.000000	59.933333	2.340797
219	45.319748	10.020635	0.000000	59.933333	2.209589
220	45.319408	10.023512	0.000000	59.933333	2.241314
221	45.322657	10.097349	0.000000	59.933333	2.300311
222	45.306742	10.111856	0.000000	59.933333	2.382490
223	45.297951	10.064035	0.000000	59.933333	2.227591
224	45.305061	10.035676	0.000000	59.933333	2.328724
225	45.307484	10.015553	0.000000	59.933333	2.485387
226	45.311677	9.910355	0.000000	59.933333	2.327232
227	45.306221	9.938807	0.000000	59.933333	2.250359
228	45.304251	9.934329	0.000000	59.933333	2.326102
229	45.311236	10.060897	0.000000	59.933333	2.304366
230	45.295203	10.100017	0.000000	59.933333	2.231996
231	45.289785	10.169690	0.000000	59.933333	2.238202
232	45.304132	10.092804	0.000000	59.933333	2.228735
233	45.284796	10.087286	0.000000	59.933333	2.216638
234	45.300648	10.054443	0.000000	59.933333	2.221626
235	45.288777	10.161815	0.000000	59.933333	2.321768
236	45.289665	10.181593	0.000000	59.933333	2.294551
237	45.287430	10.194286	0.000000	59.933333	2.211239
238	45.302755	10.089428	0.000000	59.933333	2.228143
239	45.304412	10.043764	0.000000	59.933333	2.247295
240	45.321077	10.024139	0.000000	59.933333	2.321779
241	45.315820	10.024254	0.000000	59.933333	2.217034
242	45.292974	10.107589	0.000000	59.933333	2.211290
243	45.310649	10.066480	0.000000	59.933333	2.324541
244	45.319387	10.032242	0.000000	59.933333	2.220090
245	45.314658	9.976635	0.000000	59.933333	2.247879
246	45.300519	9.992338	0.000000	59.933333	2.223584
247	45.313296	9.925656	0.000000	59.933333	2.203785
248	45.313916	9.866590	0.000000	59.933333	2.304889
249	45.314884	9.855176	0.000000	59.933333	2.216915
250	45.327407	9.921808	0.000000	59.933333	2.228951
251	45.326513	9.842679	0.000000	59.933333	2.224891
252	45.338029	9.876759	0.000000	59.933333	2.231323
253	45.317182	9.810493	0.000000	59.933333	2.227627
254	45.321244	9.834415	0.000000	59.933333	2.228262
255	45.321906	9.922922	0.000000	59.933333	2.205465
256	45.316356	9.938447	0.000000	59.933333	2.201123
257	45.306578	9.913721	0.000000	59.933333	2.289192
258	45.322460	9.910698	0.000000	59.933333	2.208350
259	45.329326	9.949816	0.000000	59.933333	2.230271
260	45.318300	9.933121	0.000000	59.933333	2.232407
261	45.323390	9.857324	0.000000	59.933333	2.233004
262	45.332783	9.945064	0.000000	59.933333	2.229764
263	45.326173	9.988577	0.000000	59.933333	2.209895
264	45.323402	9.963634	0.000000	59.933333	2.318170
265	45.346770	9.882697	0.111235	59.933333	2.249305
266	45.333463	9.864764	0.000000	59.933333	2.223962
267	45.332044	9.956830	0.000000	59.933333	2.327067
268	45.326754	9.946610	0.000000	59.933333	2.206284
269	45.328048	9.914485	0.000000	59.933333	2.302566
270	45.328319	9.931210	0.000000	59.933333	2.292692
271	45.343751	9.898059	0.000000	59.933333	2.216502
272	45.343822	9.853405	0.000000	59.933333	2.217873
273	45.360821	9.970464	0.000000	59.933333	2.238780
274	45.348874	9.913606	0.000000	59.933333	2.216071
275	45.341128	9.870042	0.000000	59.933333	2.224661
276	45.334458	9.941777	0.000000	59.933333	2.215987
277	45.326349	9.960477	0.000000	59.933333	2.227996
278	45.344377	9.901923	0.000000	59.933333	2.307971
279	45.317435	9.973059	0.000000	59.933333	2.214902
280	45.319438	9.943839	0.000000	59.933333	2.211508
281	45.334220	9.857516	0.000000	59.933333	2.203577
282	45.307726	9.890899	0.000000	59.933333	2.233285
283	45.317835	9.866580	0.000000	59.933333	2.241683
284	45.323712	9.843004	0.000000	59.933333	2.253285
285	45.338494	9.839253	0.000000	59.933333	2.244225
286	45.345706	9.926645	0.000000	59.933333	2.251289
287	45.342594	9.931253	0.000000	59.933333	2.246029
288	45.342469	9.973109	0.000000	59.933333	2.225371
289	45.333159	9.947774	0.000000	59.933333	2.217726
290	45.343974	9.849635	0.000000	59.933333	2.214324
291	45.323682	9.850210	0.000000	59.933333	2.212728
292	45.339543	9.961701	0.000000	59.933333	2.396775
293	45.333290	9.899982	0.000000	59.933333	2.221258
294	45.332581	9.967119	0.000000	59.933333	2.216757
295	45.332593	9.933472	0.000000	59.933333	2.237723
296	45.333278	9.992565	0.000000	59.933333	2.243147
297	45.330673	9.875269	0.000000	59.933333	2.218577
298	45.338413	9.887371	0.000000	59.933333	2.224837
299	45.337319	9.863202	0.000000	59.933333	2.325710
300	45.330659	9.742039	0.000000	59.933333	2.313304
301	45.340014	9.826683	0.000000	59.933333	2.238295
302	45.331031	9.705203	0.000000	59.933333	2.227478
303	45.331782	9.742693	0.000000	59.933333	2.222801
304	45.338231	9.755235	0.000000	59.933333	2.228459
305	45.339587	9.744039	0.000000	59.933333	2.404110
306	45.331779	9.654131	0.000000	59.933333	2.238940
307	45.336008	9.675812	0.000000	59.933333	2.237702
308	45.326126	9.699051	0.000000	59.933333	2.216873
309	45.341679	9.715145	0.000000	59.933333	2.209865
310	45.351672	9.682211	0.000000	59.933333	2.325935
311	45.346040	9.726295	0.000000	59.933333	2.209365
312	45.353165	9.664656	0.000000	59.933333	2.233340
313	45.342141	9.694010	0.000000	59.933333	2.231275
314	45.346206	9.614522	0.000000	59.933333	2.231048
315	45.352733	9.612661	0.000000	59.933333	2.230784
316	45.349747	9.598082	0.000000	59.933333	2.247030
317	45.347679	9.626076	0.000000	59.933333	2.236731
318	45.353562	9.671090	0.000000	59.933333	2.422390
319	45.370552	9.644602	0.000000	59.933333	2.497771
320	45.375305	9.694612	0.000000	59.933333	2.304914
321	45.375705	9.603310	0.000000	59.933333	2.207392
322	45.371193	9.614380	0.000000	59.933333	2.321229
323	45.378733	9.614739	0.000000	59.933333	2.213233
324	45.371908	9.552667	0.000000	59.933333	2.210745
325	45.376456	9.567495	0.000000	59.933333	2.241771
326	45.351094	9.710714	0.000000	59.933333	2.212116
327	45.375532	9.604636	0.000000	59.933333	2.293600
328	45.373288	9.599602	0.000000	59.933333	2.215481
329	45.369846	9.547923	0.000000	59.933333	2.379712
330	45.350710	9.575071	0.000000	59.933333	2.234212
331	45.347464	9.617080	0.111235	59.933333	2.238758
332	45.348990	9.656723	0.000000	59.933333	2.319938
333	45.345718	9.619138	0.000000	59.933333	2.201037
334	45.340580	9.521041	0.000000	59.933333	2.204483
335	45.353457	9.527047	0.000000	59.933333	2.205920
336	45.365980	9.569707	0.000000	59.933333	2.210061
337	45.352811	9.679191	0.000000	59.933333	2.208376
338	45.353913	9.630873	0.000000	59.933333	2.299977
339	45.354092	9.636406	0.000000	59.933333	2.324460
340	45.366848	9.608224	0.111235	59.933333	2.239271
341	45.360416	9.591877	0.000000	59.933333	2.214536
342	45.353091	9.553685	0.000000	59.933333	2.210193
343	45.358086	9.575311	0.000000	59.933333	2.229810
344	45.369783	9.552914	0.000000	59.933333	2.330585
345	45.353484	9.587718	0.111235	59.933333	2.487703
346	45.355159	9.458710	0.000000	59.933333	2.239832
347	45.358324	9.485170	0.000000	59.933333	2.331854
348	45.363307	9.604211	0.000000	59.933333	2.229667
349	45.356023	9.602117	0.000000	59.933333	2.226741
350	45.336020	9.554981	0.000000	59.933333	2.208697
351	45.335448	9.557704	0.111235	59.933333	2.307537
352	45.331058	9.497370	0.000000	59.933333	2.228425
353	45.332360	9.450209	0.000000	59.933333	2.237416
354	45.347410	9.474936	0.000000	59.933333	2.214038
355	45.339137	9.460031	0.111235	59.933333	2.215603
356	45.338506	9.448918	0.111235	59.933333	2.325711
357	45.349139	9.468323	0.111235	59.933333	2.207705
358	45.355371	9.413703	0.111235	59.933333	2.495590
359	45.338935	9.421899	0.111235	59.933333	2.216246
360	45.346823	9.433812	0.111235	59.933333	2.270769
361	45.339108	9.428140	0.000000	59.933333	2.236040
362	45.361280	9.442210	0.000000	59.933333	2.214371
363	45.365518	9.525199	0.111235	59.933333	2.215011
364	45.360631	9.458752	0.111235	59.933333	2.245416
365	45.359507	9.347612	0.111235	59.933333	2.228453
366	45.350599	9.476960	0.111235	59.933333	2.212318
367	45.341784	9.459007	0.111235	59.933333	2.318910
368	45.339948	9.415064	0.000000	59.933333	2.272430
369	45.346689	9.388756	0.000000	59.933333	2.229584
370	45.345885	9.356893	0.111235	59.933333	2.231823
371	45.339692	9.343841	0.000000	59.933333	2.317844
372	45.352596	9.447673	0.000000	59.933333	2.343398
373	45.346126	9.434166	0.000000	59.933333	2.224742
374	45.344126	9.442256	0.000000	59.933333	2.230529
375	45.549858	9.472655	0.000000	59.933333	2.201857
376	45.605278	9.534191	0.111235	59.933333	2.411694
377	45.615882	9.449248	0.111235	59.933333	2.218048
378	45.630890	9.478983	0.111235	59.933333	2.208463
379	45.657367	9.490638	0.000000	59.933333	2.302929
380	45.661104	9.528203	0.111235	59.933333	2.321345
381	45.663431	9.481975	0.000000	59.933333	2.254291
382	45.668268	9.494554	0.000000	59.933333	2.233164
383	45.678777	9.489087	0.000000	59.933333	2.203067
384	45.679662	9.541628	0.000000	59.933333	2.237118
385	45.700234	9.547985	0.000000	59.933333	2.397788
386	45.702910	9.572480	0.111235	59.933333	2.213109
387	45.693642	9.502132	0.111235	59.933333	2.227843
388	45.679939	9.452345	0.111235	59.933333	2.243427
389	45.692885	9.441619	0.111235	59.933333	2.210974
390	45.697576	9.480294	0.000000	59.933333	2.213754
391	45.697954	9.528185	0.000000	59.933333	2.203166
392	45.697519	9.457322	0.111235	59.933333	2.385421
393	45.697421	9.442786	0.000000	59.933333	2.390067
394	45.699573	9.433127	0.111235	59.933333	2.212699
395	45.691556	9.392426	0.111235	59.933333	2.230158
396	45.695364	9.386922	0.111235	59.933333	2.214181
397	45.689601	9.336703	0.111235	59.933333	2.228924
398	45.695060	9.370554	0.111235	59.933333	2.241212
399	45.697701	9.377165	0.111235	59.933333	2.209756
400	45.709336	9.377310	0.000000	59.933333	2.236350
401	45.705569	9.343675	0.111235	59.933333	2.211350
402	45.700315	9.260563	0.111235	59.933333	2.223824
403	45.711875	9.377195	0.111235	59.933333	2.221050
404	45.700437	9.350559	0.111235	59.933333	2.332982
405	45.709121	9.238119	0.111235	59.933333	2.224369
406	45.722699	9.323038	0.111235	59.933333	2.231313
407	45.709342	9.375090	0.111235	59.933333	2.310779
408	45.713133	9.346843	0.000000	59.933333	2.215706
409	45.711917	9.399848	0.111235	59.933333	2.221483
410	45.707619	9.365330	0.111235	59.933333	2.236035
411	45.714784	9.397991	0.222469	59.933333	2.220661
412	45.718998	9.353073	0.111235	59.933333	2.222059
413	45.706517	9.436760	0.111235	59.933333	2.222678
414	45.710927	9.358303	0.111235	59.933333	2.203249
415	45.715421	9.412245	0.111235	59.933333	2.196830
416	45.720458	9.391042	0.111235	59.933333	2.222687
417	45.725298	9.343098	0.111235	59.933333	2.213221
418	45.721748	9.292130	0.111235	59.933333	2.314135
419	45.709777	9.341418	0.111235	59.933333	2.304430
420	45.712200	9.269027	0.111235	59.933333	2.333407
421	45.704567	9.297773	0.111235	59.933333	2.239703
422	45.708358	9.288821	0.111235	59.933333	2.210986
423	45.718241	9.344342	0.111235	59.933333	2.200916
424	45.710528	9.345506	0.111235	59.933333	2.212446
425	45.699787	9.362904	0.111235	59.933333	2.310753
426	45.695269	9.413659	0.111235	59.933333	2.205249
427	45.700300	9.292477	0.111235	59.933333	2.213558
428	45.704681	9.333490	0.111235	59.933333	2.236173
429	45.723045	9.384425	0.111235	59.933333	2.239666
430	45.723936	9.378132	0.111235	59.933333	2.218426
431	45.718652	9.419689	0.111235	59.933333	2.221063
432	45.714104	9.370199	0.111235	59.933333	2.214715
433	45.717174	9.331250	0.111235	59.933333	2.232335
434	45.718828	9.335328	0.111235	59.933333	2.211852
435	45.724311	9.340822	0.111235	59.933333	2.325214
436	45.711637	9.285241	0.111235	59.933333	2.332922
437	45.721462	9.298461	0.111235	59.933333	2.316399
438	45.713669	9.423930	0.111235	59.933333	2.318071
439	45.717406	9.368697	0.111235	59.933333	2.301634
440	45.724460	9.349984	0.111235	59.933333	2.230890
441	45.724648	9.367638	0.111235	59.933333	2.238222
442	45.735514	9.373774	0.111235	59.933333	2.227270
443	45.734888	9.306073	0.111235	59.933333	2.210006
444	45.730376	9.307642	0.111235	59.933333	2.209702
445	45.734078	9.314828	0.111235	59.933333	2.224372
446	45.741311	9.266125	0.000000	59.933333	2.237610
447	45.734167	9.236473	0.111235	59.933333	2.222730
448	45.742944	9.244955	0.111235	59.933333	2.323688
449	45.742786	9.153187	0.000000	59.933333	2.218253
450	45.744199	9.132545	0.000000	59.933333	2.219594
451	45.742962	9.191247	0.000000	59.933333	2.313962
452	45.750877	9.104869	0.111235	59.933333	2.239830
453	45.753652	9.157256	0.000000	59.933333	2.320441
454	45.748335	9.180008	0.000000	59.933333	2.335538
455	45.743811	9.257972	0.111235	59.933333	2.228806
456	45.748091	9.284293	0.000000	59.933333	2.239291
457	45.745075	9.250225	0.111235	59.933333	2.238224
458	45.743012	9.224206	0.000000	59.933333	2.218372
459	45.735002	9.262406	0.111235	59.933333	2.219768
460	45.740873	9.235008	0.111235	59.933333	2.203266
461	45.747012	9.168016	0.111235	59.933333	2.298726
462	45.736578	9.170867	0.111235	59.933333	2.298064
463	45.743781	9.151887	0.111235	59.933333	2.221874
464	45.760149	9.230689	0.111235	59.933333	2.229574
465	45.755756	9.209318	0.000000	59.933333	2.243636
466	45.753053	9.245005	0.111235	59.933333	2.336467
467	45.761436	9.257634	0.111235	59.933333	2.311952
468	45.749548	9.196173	0.111235	59.933333	2.339224
469	45.743099	9.220568	0.111235	59.933333	2.312039
470	45.764396	9.202844	0.111235	59.933333	2.240717
471	45.782781	9.148592	0.111235	59.933333	2.233322
472	45.772040	9.168904	0.111235	59.933333	2.230793
473	45.757473	9.159844	0.111235	59.933333	2.305935
474	45.757017	9.156847	0.111235	59.933333	2.238310
475	45.766354	9.199072	0.111235	59.933333	2.231620
476	45.760900	9.227407	0.111235	59.933333	2.221130
477	45.762041	9.212143	0.111235	59.933333	2.205812
478	45.750600	9.203201	0.111235	59.933333	2.232328
479	45.760059	9.128670	0.000000	59.933333	2.239733
480	45.765445	9.168965	0.000000	59.933333	2.233232
481	45.757735	9.147845	0.000000	59.933333	2.220900
482	45.749140	9.192211	0.111235	59.933333	2.232455
483	45.757681	9.209249	0.111235	59.933333	2.217379
484	45.759845	9.177731	0.111235	59.933333	2.243205
485	45.753109	9.196891	0.111235	59.933333	2.224388
486	45.765775	9.163336	0.111235	59.933333	2.309780
487	45.772779	9.165830	0.000000	59.933333	2.221394
488	45.753294	9.184475	0.111235	59.933333	2.211713
489	45.759219	9.192724	0.111235	59.933333	2.230946
490	45.744538	9.223632	0.111235	59.933333	2.228086
491	45.755255	9.221245	0.111235	59.933333	2.504878
492	45.739883	9.152552	0.000000	59.933333	2.222577
493	45.755273	9.192482	0.111235	59.933333	2.311280
494	45.769823	9.155281	0.000000	59.933333	2.225049
495	45.754546	9.127562	0.111235	59.933333	2.320973
496	45.755255	9.093862	0.111235	59.933333	2.218534
497	45.753860	9.088710	0.111235	59.933333	2.241752
498	45.750988	9.104430	0.111235	59.933333	2.223086
499	45.754468	9.132473	0.111235	59.933333	2.218551
500	45.748842	9.090566	0.111235	59.933333	2.211051
501	45.746553	9.040254	0.000000	59.933333	2.206041
502	45.744002	8.963601	0.000000	59.933333	2.342314
503	45.750678	9.006937	0.000000	59.933333	2.296120
504	45.746031	9.030261	0.000000	59.933333	2.219085
505	45.748907	8.997272	0.000000	59.933333	2.241438
506	45.753014	8.991047	0.000000	59.933333	2.229604
507	45.755243	9.026184	0.000000	59.933333	2.222873
508	45.767686	9.078772	0.000000	59.933333	2.218036
509	45.766717	9.068712	0.000000	59.933333	2.205488
510	45.761257	9.036618	0.000000	59.933333	2.241517
511	45.760241	9.065229	0.000000	59.933333	2.310200
512	45.760477	9.030730	0.000000	59.933333	2.211165
513	45.753589	9.098651	0.000000	59.933333	2.222138
514	45.776287	9.031737	0.000000	59.933333	2.236933
515	45.764816	9.044319	0.000000	59.933333	2.308599
516	45.768437	9.021813	0.000000	59.933333	2.318652
517	45.775500	9.035220	0.111235	59.933333	2.400555
518	45.780045	9.072835	0.111235	59.933333	2.508489
519	45.758080	9.067015	0.111235	59.933333	2.215689
520	45.759875	8.964347	0.000000	59.933333	2.231583
521	45.776647	9.019067	0.111235	59.933333	2.230618
522	45.758927	9.025438	0.111235	59.933333	2.222324
523	45.924014	9.084526	0.000000	59.933333	2.214251
524	45.960218	9.154706	0.000000	59.933333	2.234999
525	45.994216	9.206415	0.111235	59.933333	2.324528
526	46.005279	9.161759	0.111235	59.933333	2.212699
527	46.011996	9.149458	0.111235	59.933333	2.233802
528	46.012223	9.217709	0.111235	59.933333	2.234298
529	46.019086	9.261440	0.111235	59.933333	2.239692
530	46.017623	9.190228	0.111235	59.933333	2.239663
531	46.024871	9.119861	0.000000	59.933333	2.220796
532	46.023089	9.104190	0.000000	59.933333	2.217214
533	46.019554	9.125831	0.000000	59.933333	2.219373
534	46.028465	9.143531	0.000000	59.933333	2.241018
535	46.021664	9.078470	0.000000	59.933333	2.235155
536	46.017087	9.144108	0.000000	59.933333	2.228672
537	46.011764	9.140014	0.111235	59.933333	2.307292
538	46.028012	9.169478	0.000000	59.933333	2.201056
539	46.033305	9.142788	0.111235	59.933333	2.215122
540	46.039557	9.089417	0.111235	59.933333	2.251770
541	46.034288	9.071095	0.111235	59.933333	2.336391
542	46.036255	9.056001	0.000000	59.933333	2.311450
543	46.034223	9.093885	0.111235	59.933333	2.300422
544	46.035403	9.041549	0.000000	59.933333	2.231741
545	46.033654	9.121845	0.111235	59.933333	2.235075
546	46.046358	9.109009	0.111235	59.933333	2.247849
547	46.040854	9.101742	0.111235	59.933333	2.316514
548	46.032104	9.175433	0.111235	59.933333	2.230745
549	46.042410	9.223570	0.111235	59.933333	2.216586
550	46.050319	9.165194	0.111235	59.933333	2.215604
551	46.043253	9.113722	0.000000	59.933333	2.230322
552	46.046123	9.132381	0.111235	59.933333	2.232438
553	46.054667	9.121387	0.111235	59.933333	2.208103
554	46.057093	9.082409	0.111235	59.933333	2.234709
555	46.042567	9.068317	0.000000	59.933333	2.230419
556	46.043524	9.053037	0.111235	59.933333	2.238603
557	46.052745	9.114434	0.000000	59.933333	2.227680
558	46.043622	9.149783	0.000000	59.933333	2.211418
559	46.049562	9.127286	0.000000	59.933333	2.213346
560	46.054569	9.071554	0.000000	59.933333	2.214369
561	46.046248	9.044833	0.000000	59.933333	2.235887
562	46.051037	9.019160	0.111235	59.933333	2.218216
563	46.048075	9.038791	0.111235	59.933333	2.435413
564	46.044469	9.009067	0.111235	59.933333	2.294557
565	46.053839	8.997145	0.111235	59.933333	2.223016
566	46.052879	9.071577	0.111235	59.933333	2.402667
567	46.046650	9.040933	0.111235	59.933333	2.296860
568	46.042842	9.082665	0.111235	59.933333	2.304999
569	46.054199	9.045215	0.000000	59.933333	2.207517
570	46.052229	9.028452	0.000000	59.933333	2.249588
571	46.036369	9.038054	0.000000	59.933333	2.252103
572	46.046889	9.071716	0.000000	59.933333	2.213791
573	46.044052	9.106952	0.000000	59.933333	2.206421
574	46.050674	9.102891	0.000000	59.933333	2.273690
575	46.055204	9.164292	0.111235	59.933333	2.232704
576	46.059078	9.110120	0.000000	59.933333	2.343654
577	46.056157	9.046366	0.000000	59.933333	2.313138
578	46.052784	9.157772	0.111235	59.933333	2.229403
579	46.045297	9.109657	0.000000	59.933333	2.225276
580	46.046537	9.112745	0.000000	59.933333	2.230088
581	46.054167	9.046676	0.000000	59.933333	2.211069
582	46.057445	9.096632	0.000000	59.933333	2.240260
583	46.056259	9.050652	0.000000	59.933333	2.228011
584	46.041813	9.038452	0.000000	59.933333	2.239682
585	46.056318	9.082804	0.000000	59.933333	2.206654
586	46.050617	9.087896	0.000000	59.933333	2.211120
587	46.049643	9.007170	0.000000	59.933333	2.327475
588	46.038383	9.057748	0.111235	59.933333	2.289801
589	46.047884	9.037539	0.111235	59.933333	2.397116
590	46.057659	9.019836	0.111235	59.933333	2.247900
591	46.048814	9.126592	0.111235	59.933333	2.512221
592	46.057671	9.115642	0.111235	59.933333	2.249490
593	46.053624	9.126552	0.111235	59.933333	2.226487
594	46.048319	9.090493	0.000000	59.933333	2.236380
595	46.046603	9.112347	0.000000	59.933333	2.219833
596	46.041161	9.072301	0.000000	59.933333	2.218236
597	46.048769	9.027267	0.111235	59.933333	2.231412
598	46.053901	9.133483	0.111235	59.933333	2.307102
599	46.049717	9.052728	0.111235	59.933333	2.318381
600	46.062303	9.038343	0.111235	59.933333	2.223607
601	46.057159	9.040040	0.111235	59.933333	2.296750
602	46.048880	8.951743	0.000000	59.933333	2.264811
603	46.057200	9.026804	0.111235	59.933333	2.224636
604	46.064571	9.014818	0.000000	59.933333	2.238118
605	46.075159	9.051655	0.000000	59.933333	2.248679
606	46.063852	9.040147	0.000000	59.933333	2.217895
607	46.065408	9.083557	0.000000	59.933333	2.220177
608	46.057492	9.106983	0.111235	59.933333	2.227713
609	46.055138	9.111264	0.111235	59.933333	2.204613
610	46.061894	9.139126	0.111235	59.933333	2.238669
611	46.060872	9.093010	0.111235	59.933333	2.214289
612	46.053815	9.072378	0.111235	59.933333	2.231353
613	46.059257	8.999474	0.111235	59.933333	2.232893
614	46.052819	9.087734	0.111235	59.933333	2.217478
615	46.050730	9.070770	0.111235	59.933333	2.229810
616	46.065804	9.070374	0.111235	59.933333	2.247346
617	46.064976	9.024814	0.111235	59.933333	2.227022
618	46.062884	9.045013	0.111235	59.933333	2.328839
619	46.062857	9.044148	0.111235	59.933333	2.222556
620	46.061912	9.055741	0.111235	59.933333	2.229691
621	46.059996	9.080940	0.111235	59.933333	2.320125
622	46.061873	9.064701	0.111235	59.933333	2.210243
623	46.059084	9.130261	0.111235	59.933333	2.227249
624	46.056932	9.131197	0.111235	59.933333	2.252745
625	46.063280	9.141994	0.222469	59.933333	2.237010
626	46.052375	9.089596	0.111235	59.933333	2.215072
627	46.055171	9.068136	0.111235	59.933333	2.214840
628	46.062601	9.100701	0.111235	59.933333	2.213933
629	46.056199	9.141875	0.111235	59.933333	2.230026
630	46.070582	9.127791	0.111235	59.933333	2.226352
631	46.073833	9.148894	0.111235	59.933333	2.241027
632	46.063793	9.107029	0.111235	59.933333	2.232673
633	46.058625	9.129246	0.111235	59.933333	2.206264
634	46.061179	9.101394	0.111235	59.933333	2.213751
635	46.063122	9.131560	0.111235	59.933333	2.319515
636	46.066707	9.037621	0.111235	59.933333	2.315011
637	46.070224	8.979630	0.111235	59.933333	2.232172
638	46.061853	9.045964	0.111235	59.933333	2.229874
639	46.062317	9.086978	0.111235	59.933333	2.259768
640	46.061772	9.105765	0.111235	59.933333	2.256192
641	46.071142	9.092151	0.000000	59.933333	2.219913
642	46.079820	9.099598	0.111235	59.933333	2.231391
643	46.084252	9.088485	0.111235	59.933333	2.226437
644	46.092254	9.077480	0.111235	59.933333	2.231128
645	46.084940	9.033320	0.111235	59.933333	2.328975
646	46.087635	9.059108	0.111235	59.933333	2.227500
647	46.093804	9.069296	0.111235	59.933333	2.229388
648	46.095455	8.994001	0.111235	59.933333	2.230298
649	46.093404	9.004356	0.111235	59.933333	2.231291
650	46.089473	8.969617	0.111235	59.933333	2.219884
651	46.092951	9.011852	0.111235	59.933333	2.211313
652	46.085572	9.027304	0.111235	59.933333	2.243608
653	46.088773	8.997172	0.111235	59.933333	2.212462
654	46.089798	8.922241	0.111235	59.933333	2.305700
655	46.094155	8.963201	0.111235	59.933333	2.232238
656	46.096545	8.986732	0.111235	59.933333	2.232965
657	46.097437	9.052134	0.111235	59.933333	2.233952
658	46.110678	9.018298	0.111235	59.933333	2.237720
659	46.106228	9.099385	0.111235	59.933333	2.210759
660	46.091044	9.021296	0.111235	59.933333	2.217700
661	46.081710	9.049148	0.111235	59.933333	2.226611
662	46.089178	9.047035	0.111235	59.933333	2.213921
663	46.083903	9.030548	0.111235	59.933333	2.293019
664	46.082252	9.082247	0.111235	59.933333	2.233274
665	46.093088	9.089631	0.000000	59.933333	2.234710
666	46.097922	9.001854	0.000000	59.933333	2.349366
667	46.088076	8.972274	0.000000	59.933333	2.221320
668	46.083590	9.028871	0.000000	59.933333	2.340629
669	46.076253	9.123521	0.111235	59.933333	2.409454
670	46.079713	9.137108	0.111235	59.933333	2.243515
671	46.084213	9.089114	0.111235	59.933333	2.205366
672	46.086276	9.117233	0.111235	59.933333	2.243302
673	46.093261	9.063266	0.111235	59.933333	2.228933
674	46.092951	9.135391	0.111235	59.933333	2.245739
675	46.094629	9.126879	0.111235	59.933333	2.216621
676	46.086872	9.116552	0.111235	59.933333	2.211516
677	46.089241	9.147527	0.111235	59.933333	2.204772
678	46.089721	9.121549	0.111235	59.933333	2.245954
679	46.097046	9.109268	0.111235	59.933333	2.216243
680	46.093869	9.096484	0.111235	59.933333	2.309588
681	46.095264	9.023794	0.111235	59.933333	2.303403
682	46.100616	9.067470	0.111235	59.933333	2.217476
683	46.100688	9.002258	0.111235	59.933333	2.225131
684	46.093810	8.981853	0.111235	59.933333	2.342757
685	46.102294	9.005616	0.111235	59.933333	2.238620
686	46.099126	8.980673	0.111235	59.933333	2.223448
687	46.100950	9.052253	0.111235	59.933333	2.220556
688	46.092644	9.001924	0.111235	59.933333	2.402596
689	46.095783	9.084440	0.111235	59.933333	2.275427
690	46.106458	9.090790	0.000000	59.933333	2.235142
691	46.102691	9.076000	0.111235	59.933333	2.208250
692	46.104702	9.069644	0.111235	59.933333	2.435891
693	46.105433	9.060526	0.111235	59.933333	2.220288
694	46.092382	9.046828	0.111235	59.933333	2.251519
695	46.093163	9.013911	0.111235	59.933333	2.218057
696	46.103817	9.012963	0.111235	59.933333	2.304575
697	46.094227	9.106516	0.111235	59.933333	2.229122
698	46.101788	9.088725	0.000000	59.933333	2.250666
699	46.089560	9.072857	0.111235	59.933333	2.229515
700	46.090794	9.033938	0.111235	59.933333	2.226636
701	46.097448	9.076662	0.000000	59.933333	2.307563
702	46.095580	9.074003	0.111235	59.933333	2.221832
703	46.090198	9.147287	0.111235	59.933333	2.315220
704	46.096990	9.093732	0.111235	59.933333	2.243759
705	46.094459	9.149814	0.111235	59.933333	2.236746
706	46.097139	9.130624	0.111235	59.933333	2.211394
707	46.100512	9.101236	0.111235	59.933333	2.224403
708	46.102753	9.088384	0.111235	59.933333	2.244802
709	46.109515	9.131976	0.111235	59.933333	2.230264
710	46.257558	9.137021	0.111235	59.933333	2.209209
711	46.289393	9.116804	0.111235	59.933333	2.310532
712	46.307349	9.116202	0.111235	59.933333	2.205367
713	46.309119	9.146472	0.111235	59.933333	2.286661
714	46.313041	9.115513	0.111235	59.933333	2.230492
715	46.316671	9.091669	0.111235	59.933333	2.324251
716	46.315503	9.132037	0.111235	59.933333	2.307646
717	46.320122	9.152191	0.111235	59.933333	2.241528
718	46.314630	9.107923	0.111235	59.933333	2.427014
719	46.318412	9.119060	0.111235	59.933333	2.226867
720	46.319276	9.134289	0.111235	59.933333	2.244329
721	46.321255	9.105403	0.111235	59.933333	2.234419
722	46.326882	9.126791	0.111235	59.933333	2.237134
723	46.322650	9.123642	0.111235	59.933333	2.208513
724	46.323383	9.098613	0.111235	59.933333	2.213374
725	46.315050	9.175959	0.111235	59.933333	2.301799
726	46.320313	9.178865	0.111235	59.933333	2.300155
727	46.327716	9.145899	0.111235	59.933333	2.300305
728	46.319884	9.127523	0.111235	59.933333	2.230814
729	46.323055	9.132908	0.111235	59.933333	2.241732
730	46.319497	9.139438	0.111235	59.933333	2.342473
731	46.324643	9.172126	0.111235	59.933333	2.391387
732	46.326119	9.167742	0.111235	59.933333	2.329774
733	46.328542	9.169638	0.111235	59.933333	2.289991
734	46.329850	9.159239	0.111235	59.933333	2.218102
735	46.322680	9.157483	0.111235	59.933333	2.297601
736	46.325010	9.153178	0.111235	59.933333	2.215780
737	46.322739	9.150661	0.111235	59.933333	2.230811
738	46.319342	9.121049	0.111235	59.933333	2.245519
739	46.324369	9.146545	0.111235	59.933333	2.224595
740	46.322808	9.135629	0.111235	59.933333	2.224768
741	46.322864	9.154718	0.111235	59.933333	2.217535
742	46.320352	9.188417	0.111235	59.933333	2.248811
743	46.323222	9.153499	0.111235	59.933333	2.229692
744	46.318328	9.162427	0.111235	59.933333	2.418010
745	46.326146	9.156113	0.111235	59.933333	2.321713
746	46.326691	9.176541	0.111235	59.933333	2.344234
747	46.324831	9.160204	0.111235	59.933333	2.339496
748	46.327811	9.171735	0.111235	59.933333	2.217006
749	46.335512	9.162289	0.111235	59.933333	2.223317
750	46.330822	9.187719	0.111235	59.933333	2.215185
751	46.325177	9.148070	0.111235	59.933333	2.238885
752	46.337736	9.173703	0.111235	59.933333	2.234125
753	46.333647	9.163659	0.000000	59.933333	2.309119
754	46.328947	9.177595	0.111235	59.933333	2.219218
755	46.334016	9.166223	0.111235	59.933333	2.410517
756	46.333534	9.146757	0.111235	59.933333	2.330269
757	46.330559	9.159919	0.111235	59.933333	2.197979
758	46.339384	9.139080	0.111235	59.933333	2.218527
759	46.336222	9.162640	0.111235	59.933333	2.236120
760	46.339989	9.184938	0.111235	59.933333	2.237332
761	46.340615	9.205294	0.111235	59.933333	2.210777
762	46.339291	9.175635	0.111235	59.933333	2.219739
763	46.337682	9.226446	0.111235	59.933333	2.302653
764	46.336526	9.190635	0.111235	59.933333	2.206862
765	46.340632	9.225097	0.111235	59.933333	2.304824
766	46.334666	9.226648	0.111235	59.933333	2.307329
767	46.344098	9.185155	0.111235	59.933333	2.230216
768	46.339837	9.173098	0.111235	59.933333	2.231741
769	46.337837	9.185417	0.111235	59.933333	2.249943
770	46.339878	9.181656	0.111235	59.933333	2.209974
771	46.343741	9.168218	0.111235	59.933333	2.220819
772	46.333283	9.192775	0.111235	59.933333	2.250478
773	46.335077	9.195730	0.111235	59.933333	2.322017
774	46.332744	9.184276	0.111235	59.933333	2.223400
775	46.335283	9.206340	0.111235	59.933333	2.205266
776	46.331510	9.173923	0.111235	59.933333	2.210718
777	46.336162	9.156063	0.111235	59.933333	2.235173
778	46.339670	9.178701	0.111235	59.933333	2.222576
779	46.336710	9.189033	0.111235	59.933333	2.424290
780	46.336433	9.118766	0.111235	59.933333	2.342985
781	46.338350	9.167687	0.111235	59.933333	2.216384
782	46.338344	9.188932	0.111235	59.933333	2.345657
783	46.338341	9.191285	0.111235	59.933333	2.265536
784	46.334097	9.170531	0.111235	59.933333	2.222282
785	46.334189	9.165912	0.111235	59.933333	2.334107
786	46.338984	9.174571	0.111235	59.933333	2.237053
787	46.334037	9.141185	0.111235	59.933333	2.217512
788	46.336979	9.147380	0.111235	59.933333	2.207767
789	46.339232	9.167806	0.111235	59.933333	2.216378
790	46.335462	9.141524	0.111235	59.933333	2.222704
791	46.335465	9.143244	0.111235	59.933333	2.345582
792	46.327484	9.145915	0.111235	59.933333	2.448572
793	46.330947	9.154799	0.111235	59.933333	2.200500
794	46.336809	9.122529	0.111235	59.933333	2.330784
795	46.343195	9.159975	0.111235	59.933333	2.240637
796	46.338066	9.170663	0.111235	59.933333	2.230809
797	46.331921	9.133775	0.111235	59.933333	2.224693
798	46.332639	9.143875	0.111235	59.933333	2.326307
799	46.332183	9.108499	0.111235	59.933333	2.233212
800	46.330625	9.081587	0.111235	59.933333	2.241245
801	46.332508	9.083624	0.111235	59.933333	2.319865
802	46.335948	9.046922	0.111235	59.933333	2.223179
803	46.334666	9.116202	0.111235	59.933333	2.325262
804	46.333569	9.130276	0.111235	59.933333	2.213086
805	46.331322	9.128549	0.111235	59.933333	2.242959
806	46.335435	9.148728	0.111235	59.933333	2.214468
807	46.334693	9.109384	0.111235	59.933333	2.315173
808	46.339482	9.106100	0.111235	59.933333	2.216520
809	46.336353	9.107723	0.111235	59.933333	2.222303
810	46.339431	9.131155	0.111235	59.933333	2.346646
811	46.335602	9.161215	0.111235	59.933333	2.238316
812	46.336901	9.122772	0.111235	59.933333	2.230836
813	46.337971	9.161767	0.111235	59.933333	2.321871
814	46.336517	9.133061	0.111235	59.933333	2.318033
815	46.330595	9.169515	0.111235	59.933333	2.222518
816	46.338716	9.163586	0.111235	59.933333	2.220257
817	46.338516	9.166966	0.111235	59.933333	2.225904
818	46.331698	9.151597	0.111235	59.933333	2.003057
819	46.371359	9.129388	0.111235	59.933333	2.016570
820	46.373755	9.130567	0.111235	59.933333	1.992868
821	46.372843	9.126099	0.111235	59.933333	1.999496
822	46.372461	9.125832	0.111235	59.933333	2.023680
823	46.372163	9.125993	0.111235	59.933333	1.995666
824	46.372128	9.125343	0.111235	59.933333	2.001149
825	46.372139	9.125779	0.111235	59.933333	2.023636
826	46.372080	9.127374	0.111235	59.933333	2.004026
827	46.372199	9.127597	0.111235	59.933333	1.997260
828	46.371937	9.127747	0.111235	59.933333	2.030109
829	46.371967	9.128030	0.111235	59.933333	2.029317
830	46.371967	9.128631	0.111235	59.933333	2.046315
831	46.371973	9.128964	0.111235	59.933333	2.049164
832	46.371961	9.128833	0.111235	59.933333	2.015795
833	46.371901	9.128871	0.111235	59.933333	2.008776
834	46.371901	9.128871	0.111235	59.933333	2.014482
835	46.371901	9.128871	0.111235	59.933333	2.020764
836	46.371901	9.128871	0.111235	59.933333	2.024767
837	46.371901	9.128871	0.111235	59.933333	2.120085
838	46.371901	9.128871	0.111235	59.933333	1.986516
839	46.371901	9.128871	0.111235	59.933333	2.125249
840	46.371901	9.128871	0.111235	59.933333	2.016967
841	46.371901	9.128871	0.111235	59.933333	2.006560
842	46.371901	9.128871	0.111235	59.933333	1.991031
843	46.371901	9.128871	0.111235	59.933333	2.015458
844	46.371901	9.128871	0.111235	59.933333	2.016325
845	46.371901	9.128871	0.111235	59.933333	2.009046
846	46.371901	9.128871	0.111235	59.933333	2.012006
847	46.371901	9.128871	0.111235	59.933333	2.022016
848	46.371901	9.128871	0.111235	59.933333	2.014957
849	46.371901	9.128871	0.111235	59.933333	1.999597
850	46.371901	9.128871	0.111235	59.933333	2.011898
851	46.371901	9.128871	0.111235	59.933333	2.008203
852	46.371901	9.128871	0.111235	59.933333	2.013524
853	46.371901	9.128871	0.111235	59.933333	2.100413
854	46.371901	9.128871	0.111235	59.933333	2.008026
855	46.371901	9.128871	0.111235	59.933333	2.022228
856	46.371901	9.128871	0.111235	59.933333	2.026934
857	46.371901	9.128871	0.111235	59.933333	2.002405
858	46.371901	9.128871	0.111235	59.933333	2.008320
859	46.371901	9.128871	0.111235	59.933333	2.011911
860	46.371901	9.128871	0.111235	59.933333	2.035128
861	46.371901	9.128871	0.111235	59.933333	2.009192
862	46.371901	9.128871	0.111235	59.933333	2.011299
863	46.371901	9.128871	0.111235	59.933333	2.019009
864	46.371901	9.128871	0.111235	59.933333	2.100545
865	46.371901	9.128871	0.111235	59.933333	2.003035
866	46.371901	9.128871	0.111235	59.933333	2.003712
867	46.371901	9.128871	0.111235	59.933333	2.022046
868	46.371901	9.128871	0.111235	59.933333	2.012267
869	46.371901	9.128871	0.111235	59.933333	1.996540
870	46.371901	9.128871	0.111235	59.933333	2.104776
