1	25.631440	2.013939	0.111235	59.933333	2.204618
2	32.223672	3.713613	0.000000	59.933333	2.217372
3	36.068299	5.088968	0.000000	59.933333	2.210701
4	38.384420	5.926244	0.000000	59.933333	2.201373
5	39.922458	6.267116	0.000000	59.933333	2.202963
6	40.944201	6.621114	0.000000	59.933333	2.217725
7	41.669145	6.943494	0.000000	59.933333	2.216727
8	42.204726	7.144589	0.000000	59.933333	2.292282
9	42.609698	7.294519	0.000000	59.933333	2.210987
10	42.900389	7.423532	0.000000	59.933333	2.196585
11	43.117782	7.366196	0.000000	59.933333	2.202985
12	43.285483	7.431250	0.000000	59.933333	2.284690
13	43.425795	7.507269	0.000000	59.933333	2.210349
14	43.542147	7.611306	0.111235	59.933333	2.219114
15	43.651122	7.697733	0.111235	59.933333	2.211654
16	43.744075	7.823773	0.111235	59.933333	2.202220
17	43.831545	7.838806	0.111235	59.933333	2.217242
18	43.909869	7.953105	0.111235	59.933333	2.218382
19	43.980777	8.091548	0.111235	59.933333	2.208479
20	44.050407	8.186316	0.111235	59.933333	2.195895
21	44.098109	8.326575	0.000000	59.933333	2.196356
22	44.165090	8.453776	0.000000	59.933333	2.209686
23	44.220689	8.555079	0.000000	59.933333	2.205492
24	44.275764	8.638647	0.000000	59.933333	2.202815
25	44.294643	8.697556	0.000000	59.933333	2.402099
26	44.334561	8.770511	0.000000	59.933333	2.209685
27	44.377494	8.819565	0.000000	59.933333	2.199730
28	44.408536	8.927293	0.000000	59.933333	2.214817
29	44.429812	9.061626	0.000000	59.933333	2.203268
30	44.458413	9.186455	0.000000	59.933333	2.198903
31	44.492134	9.195040	0.000000	59.933333	2.188040
32	44.504121	9.150551	0.000000	59.933333	2.374503
33	44.528607	9.355498	0.000000	59.933333	2.178557
34	44.557893	9.461958	0.000000	59.933333	2.210745
35	44.569254	9.542254	0.000000	59.933333	2.208642
36	44.606066	9.693762	0.000000	59.933333	2.206108
37	44.622344	9.805896	0.111235	59.933333	2.197241
38	44.649866	9.860151	0.111235	59.933333	2.197346
39	44.677600	9.867903	0.000000	59.933333	2.200274
40	44.698668	9.915979	0.000000	59.933333	2.214259
41	44.725195	9.966536	0.111235	59.933333	2.203459
42	44.744325	10.056745	0.000000	59.933333	2.204075
43	44.752765	10.105786	0.111235	59.933333	2.293441
44	44.768387	10.140127	0.000000	59.933333	2.224562
45	44.781050	10.194288	0.111235	59.933333	2.211888
46	44.781160	10.311703	0.111235	59.933333	2.303326
47	44.791207	10.368162	0.111235	59.933333	2.196182
48	44.827372	10.434056	0.111235	59.933333	2.198948
49	44.834477	10.497673	0.111235	59.933333	2.210832
50	44.850260	10.524079	0.111235	59.933333	2.206553
51	44.873202	10.517367	0.111235	59.933333	2.306588
52	44.860882	10.635305	0.222469	59.933333	2.207739
53	44.890851	10.654136	0.222469	59.933333	2.203623
54	44.909543	10.646326	0.222469	59.933333	2.203374
55	44.919425	10.676729	0.222469	59.933333	2.214208
56	44.913620	10.686101	0.111235	59.933333	2.292768
57	44.916594	10.712844	0.111235	59.933333	2.215064
58	44.922680	10.757747	0.222469	59.933333	2.203400
59	44.920558	10.889936	0.111235	59.933333	2.204394
60	44.928122	10.918859	0.222469	59.933333	2.214322
61	44.959807	11.084813	0.111235	59.933333	2.218109
62	44.954297	11.156960	0.111235	59.933333	2.201646
63	44.968313	11.275905	0.333704	59.933333	2.205030
64	44.987229	11.346278	0.222469	59.933333	2.211588
65	44.988370	11.351103	0.000000	59.933333	2.319776
66	44.989020	11.454246	0.000000	59.933333	2.293124
67	44.993243	11.494882	0.111235	59.933333	2.215208
68	45.013896	11.578780	0.222469	59.933333	2.496153
69	45.033705	11.601041	0.222469	59.933333	2.297049
70	45.042813	11.694019	0.000000	59.933333	2.211364
71	45.037660	11.747357	0.000000	59.933333	2.317744
72	45.047635	11.776122	0.111235	59.933333	2.212356
73	45.053086	11.814439	0.222469	59.933333	2.206751
74	45.069221	11.912966	0.222469	59.933333	2.207337
75	45.068863	11.943106	0.222469	59.933333	2.293495
76	45.087135	12.079310	0.111235	59.933333	2.221948
77	45.091534	12.223357	0.000000	59.933333	2.273292
78	45.116779	12.321793	0.222469	59.933333	2.305271
79	45.119283	12.397360	0.222469	59.933333	2.204742
80	45.140719	12.480869	0.222469	59.933333	2.212019
81	45.145971	12.595109	0.222469	59.933333	2.300297
82	45.152360	12.702227	0.222469	59.933333	2.208467
83	45.166802	12.868611	0.111235	59.933333	2.303702
84	45.170572	13.054049	0.111235	59.933333	2.205066
85	45.185941	13.097475	0.111235	59.933333	2.201603
86	45.180345	13.181300	0.222469	59.933333	2.204309
87	45.210934	13.368558	0.111235	59.933333	2.199767
88	45.213538	13.450917	0.111235	59.933333	2.203475
89	45.237017	13.695955	0.111235	59.933333	2.211499
90	45.239502	13.810636	0.111235	59.933333	2.214187
91	45.277977	13.934514	0.111235	59.933333	2.210666
92	45.294502	14.011948	0.111235	59.933333	2.194970
93	45.306009	14.205528	0.000000	59.933333	2.296775
94	45.323595	14.415641	0.222469	59.933333	2.195853
95	45.346054	14.433012	0.000000	59.933333	2.211564
96	45.370924	14.619830	0.000000	59.933333	2.223111
97	45.395309	14.722022	0.000000	59.933333	2.211622
98	45.416576	14.904403	0.000000	59.933333	2.292047
99	45.418316	15.014462	0.222469	59.933333	2.210567
100	45.443499	15.151910	0.222469	59.933333	2.361380
101	45.459706	15.200024	0.222469	59.933333	2.222648
102	45.453817	15.241184	0.111235	59.933333	2.211665
103	45.461178	15.335019	0.222469	59.933333	2.227724
104	45.475787	15.566390	0.111235	59.933333	2.216723
105	45.486012	15.738330	0.111235	59.933333	2.206923
106	45.474899	15.801967	0.222469	59.933333	2.212247
107	45.468456	15.780117	0.222469	59.933333	2.298186
108	45.482334	15.891087	0.222469	59.933333	2.204643
109	45.485032	15.939051	0.333704	59.933333	2.197381
110	45.500350	16.089720	0.333704	59.933333	2.200598
111	45.508820	16.138648	0.444939	59.933333	2.297206
112	45.504993	16.230660	0.556174	59.933333	2.274174
113	45.504355	16.390258	0.556174	59.933333	2.216642
114	45.513171	16.437872	0.111235	59.933333	2.333219
115	45.523816	16.569340	0.222469	59.933333	2.283272
116	45.519149	16.707047	0.667408	59.933333	2.403501
117	45.517656	16.840074	0.333704	59.933333	2.208835
118	45.533407	16.918806	0.556174	59.933333	2.194292
119	45.538765	16.957450	0.333704	59.933333	2.214953
120	45.536286	17.068775	0.333704	59.933333	2.221716
121	45.550030	17.283931	0.444939	59.933333	2.217614
122	45.547789	17.233871	0.333704	59.933333	2.213675
123	45.558786	17.425220	0.333704	59.933333	2.290883
124	45.555806	17.634908	0.333704	59.933333	2.212670
125	45.554841	17.781994	0.333704	59.933333	2.212989
126	45.557928	17.905625	0.444939	59.933333	2.205408
127	45.568734	18.052845	0.556174	59.933333	2.211859
128	45.578411	18.236173	0.667408	59.933333	2.211311
129	45.595652	18.415949	0.778643	59.933333	2.215361
130	45.611280	18.530885	0.556174	59.933333	2.223139
131	45.633402	18.700498	1.001112	59.933333	2.203478
132	45.636630	18.970756	1.001112	59.933333	2.201656
133	45.649570	19.220312	1.223582	59.933333	2.293289
134	45.675644	19.527748	1.112347	59.933333	2.205122
135	45.723554	19.739716	1.112347	59.933333	2.218571
136	45.740414	20.085143	1.334816	59.933333	2.196336
137	45.791531	20.446211	1.001112	59.933333	2.315534
138	45.824131	20.809779	1.223582	59.933333	2.291773
139	45.883363	21.265291	1.112347	59.933333	2.205191
140	45.955974	21.516914	1.557286	59.933333	2.213917
141	46.029454	21.956617	2.113459	59.933333	2.213553
142	46.088141	22.350253	2.113459	59.933333	2.299478
143	46.168607	22.754864	2.447164	59.933333	2.305966
144	46.267334	23.217267	2.669633	59.933333	2.203997
145	46.380413	23.607501	3.225806	59.933333	2.391170
146	46.501774	24.041238	3.337041	59.933333	2.213288
147	46.647143	24.562973	4.004449	59.933333	2.217163
148	46.808574	25.178311	4.004449	59.933333	2.203748
149	46.987075	25.666802	4.671858	59.933333	2.293016
150	47.176242	26.157025	4.560623	59.933333	2.203826
151	47.426775	26.714676	5.005562	59.933333	2.206714
152	47.659463	27.276102	5.005562	59.933333	2.212260
153	47.889376	27.652251	5.116796	59.933333	2.202615
154	48.044363	27.896249	5.450501	59.933333	2.295900
155	48.180658	28.248271	5.672970	59.933333	2.212747
156	48.285908	28.454897	6.117909	59.933333	2.206753
157	48.356655	28.525539	6.117909	59.933333	2.214869
158	48.420268	28.701869	5.895439	59.933333	2.382845
159	48.488623	28.840066	6.229143	59.933333	2.218236
160	48.522389	28.923689	5.561735	59.933333	2.211949
161	48.548734	28.975340	6.340378	59.933333	2.198943
162	48.574200	29.069932	6.229143	59.933333	2.203555
163	48.620403	29.110139	6.117909	59.933333	2.194486
164	48.638353	29.236829	6.674082	59.933333	2.306588
165	48.652387	29.336233	6.674082	59.933333	2.289547
166	48.653764	29.366046	6.451613	59.933333	2.212004
167	48.659748	29.343565	6.562848	59.933333	2.209826
168	48.666090	29.456549	6.451613	59.933333	2.319615
169	48.679784	29.440102	7.341491	59.933333	2.360854
170	48.705515	29.437032	6.674082	59.933333	2.223284
171	48.725098	29.506674	6.785317	59.933333	2.220002
172	48.720336	29.511115	6.896552	59.933333	2.221890
173	48.742080	29.544529	6.340378	59.933333	2.203936
174	48.744386	29.583164	7.119021	59.933333	2.300055
175	48.749363	29.620185	6.340378	59.933333	2.217525
176	48.751968	29.650004	7.119021	59.933333	2.208888
177	48.768359	29.586804	6.896552	59.933333	2.289602
178	48.759851	29.550176	7.119021	59.933333	2.202502
179	48.770887	29.632475	6.451613	59.933333	2.283811
180	48.761865	29.616430	7.119021	59.933333	2.209680
181	48.760003	29.668767	6.674082	59.933333	2.213331
182	48.754692	29.632800	6.340378	59.933333	2.317328
183	48.772016	29.701716	6.674082	59.933333	2.486363
184	48.764288	29.696649	6.674082	59.933333	2.211572
185	48.752213	29.665767	6.451613	59.933333	2.384463
186	48.762065	29.724950	6.896552	59.933333	2.486953
187	48.766327	29.724651	6.785317	59.933333	2.209054
188	48.784947	29.842055	6.896552	59.933333	2.490561
189	48.781344	29.807247	6.117909	59.933333	2.200231
190	48.783565	29.800683	6.451613	59.933333	2.307849
191	48.793107	29.784727	6.340378	59.933333	2.409018
192	48.788267	29.816879	6.674082	59.933333	2.303309
193	48.796806	29.856405	6.117909	59.933333	2.473888
194	48.795879	29.851711	5.895439	59.933333	2.389555
195	48.800772	29.808960	6.340378	59.933333	2.238113
196	48.797154	29.858702	6.340378	59.933333	2.220461
197	48.792043	29.938060	6.229143	59.933333	2.203450
198	48.796576	29.897783	6.451613	59.933333	2.208099
199	48.792773	29.760103	6.006674	59.933333	2.305145
200	48.807359	29.775119	5.895439	59.933333	2.292330
201	48.817801	29.876969	6.229143	59.933333	2.201012
202	48.799413	29.892371	6.006674	59.933333	2.205123
203	48.817474	29.886094	6.340378	59.933333	2.205781
204	48.810142	29.828455	7.007786	59.933333	2.208973
205	48.818403	29.876952	6.896552	59.933333	2.317315
206	48.802370	29.942080	6.562848	59.933333	2.301374
207	48.806071	29.903441	6.674082	59.933333	2.311265
208	48.817247	29.905553	6.562848	59.933333	2.403758
209	48.816788	29.911050	6.674082	59.933333	2.412723
210	48.825893	29.797614	6.117909	59.933333	2.198649
211	48.836130	29.899909	6.785317	59.933333	2.210379
212	48.856980	29.928932	6.562848	59.933333	2.195251
213	48.841220	29.893558	7.230256	59.933333	2.309980
214	48.836148	29.857286	6.451613	59.933333	2.204421
215	48.837212	29.912994	6.006674	59.933333	2.193129
216	48.843670	29.858172	6.451613	59.933333	2.301339
217	48.825943	29.787182	6.451613	59.933333	2.211353
218	48.823032	29.920800	6.896552	59.933333	2.285620
219	48.832262	29.868384	6.451613	59.933333	2.218834
220	48.831344	29.829044	6.562848	59.933333	2.208620
221	48.832059	29.846386	6.117909	59.933333	2.325971
222	48.831621	29.869391	5.895439	59.933333	2.478939
223	48.826560	29.846350	6.340378	59.933333	2.316342
224	48.848838	29.930720	6.451613	59.933333	2.383663
225	48.843974	29.859319	6.340378	59.933333	2.220634
226	48.840332	29.915736	6.229143	59.933333	2.305289
227	48.850477	29.991889	6.340378	59.933333	2.195595
228	48.864079	29.984377	6.229143	59.933333	2.219095
229	48.864612	29.992013	6.451613	59.933333	2.203054
230	48.860130	30.038483	6.674082	59.933333	2.213209
231	48.867077	30.063882	6.451613	59.933333	2.308719
232	48.875910	30.083345	7.119021	59.933333	2.210839
233	48.887736	30.119129	6.674082	59.933333	2.293777
234	48.893839	30.092878	6.340378	59.933333	2.294799
235	48.897278	30.090088	7.119021	59.933333	2.364372
236	48.905939	30.134324	7.007786	59.933333	2.402689
237	48.903519	30.069730	6.674082	59.933333	2.192338
238	48.906267	30.046470	7.007786	59.933333	2.294467
239	48.898691	30.070705	6.896552	59.933333	2.302172
240	48.921269	30.153756	6.229143	59.933333	2.204301
241	48.928347	30.118659	6.674082	59.933333	2.387009
242	48.937863	30.119083	6.896552	59.933333	2.308178
243	48.947185	30.156139	7.786429	59.933333	2.224450
244	48.958126	30.116845	7.007786	59.933333	2.211876
245	48.965168	30.108062	6.451613	59.933333	2.210803
246	48.963737	30.194445	7.007786	59.933333	2.204628
247	48.975909	30.242829	7.119021	59.933333	2.193958
248	48.981810	30.236414	7.230256	59.933333	2.195329
249	48.984653	30.324460	7.230256	59.933333	2.207658
250	48.974282	30.353755	6.562848	59.933333	2.210172
251	48.980051	30.391190	6.896552	59.933333	2.204797
252	48.974344	30.464763	6.451613	59.933333	2.364742
253	48.979414	30.451476	6.562848	59.933333	2.283744
254	48.980695	30.391272	6.562848	59.933333	2.204540
255	48.995581	30.387534	7.119021	59.933333	2.196040
256	48.999280	30.496490	6.674082	59.933333	2.298358
257	49.015415	30.448837	6.674082	59.933333	2.299275
258	49.041763	30.402393	7.007786	59.933333	2.208370
259	49.067187	30.451783	7.452725	59.933333	2.286600
260	49.100223	30.431988	6.785317	59.933333	2.207896
261	49.119329	30.460461	6.674082	59.933333	2.215355
262	49.121302	30.348668	7.007786	59.933333	2.216213
263	49.120504	30.443465	7.007786	59.933333	2.205897
264	49.140158	30.405964	6.340378	59.933333	2.200758
265	49.152440	30.366738	6.451613	59.933333	2.206393
266	49.176133	30.358621	6.562848	59.933333	2.322810
267	49.159086	30.441928	6.785317	59.933333	2.205596
268	49.169415	30.528497	6.896552	59.933333	2.197963
269	49.163407	30.543017	6.896552	59.933333	2.196159
270	49.159479	30.469835	7.452725	59.933333	2.300826
271	49.180606	30.465732	7.007786	59.933333	2.389990
272	49.185246	30.521782	7.119021	59.933333	2.213944
273	49.193519	30.541627	7.119021	59.933333	2.286806
274	49.202746	30.512219	7.341491	59.933333	2.198391
275	49.191892	30.550190	6.340378	59.933333	2.206353
276	49.198878	30.541695	7.230256	59.933333	2.189559
277	49.229127	30.527089	7.230256	59.933333	2.189011
278	49.234450	30.589118	7.452725	59.933333	2.291778
279	49.239805	30.533531	7.007786	59.933333	2.198684
280	49.251044	30.509116	6.896552	59.933333	2.210362
281	49.258226	30.469303	6.229143	59.933333	2.201741
282	49.229419	30.523276	6.674082	59.933333	2.200367
283	49.243438	30.488185	6.785317	59.933333	2.281556
284	49.245054	30.590296	7.786429	59.933333	2.336510
285	49.240884	30.435181	7.230256	59.933333	2.213960
286	49.272639	30.461947	6.896552	59.933333	2.202884
287	49.278665	30.489103	7.341491	59.933333	2.300423
288	49.289459	30.530771	7.230256	59.933333	2.197938
289	49.297413	30.561794	7.452725	59.933333	2.203385
290	49.310479	30.486958	6.785317	59.933333	2.202919
291	49.321809	30.573761	7.007786	59.933333	2.285046
292	49.374673	30.521109	6.340378	59.933333	2.209558
293	49.346370	30.565068	7.230256	59.933333	2.212970
294	49.366963	30.593925	7.675195	59.933333	2.307364
295	49.382529	30.620235	7.341491	59.933333	2.310257
296	49.390328	30.627860	7.341491	59.933333	2.214193
297	49.383932	30.666478	7.786429	59.933333	2.373866
298	49.379438	30.585987	6.785317	59.933333	2.212598
299	49.384010	30.536429	7.341491	59.933333	2.207195
300	49.395785	30.636243	7.452725	59.933333	2.202984
301	49.398214	30.559087	8.231368	59.933333	2.209587
302	49.406868	30.616455	7.230256	59.933333	2.212472
303	49.411386	30.639129	7.452725	59.933333	2.216839
304	49.409679	30.580495	7.675195	59.933333	2.200521
305	49.393970	30.580851	7.230256	59.933333	2.205423
306	49.407130	30.556959	7.230256	59.933333	2.301059
307	49.429774	30.529625	7.007786	59.933333	2.206334
308	49.422187	30.506158	7.119021	59.933333	2.204377
309	49.428737	30.593657	7.452725	59.933333	2.204470
310	49.415836	30.599507	7.230256	59.933333	2.209016
311	49.420279	30.523583	6.785317	59.933333	2.314656
312	49.416161	30.616738	7.007786	59.933333	2.210867
313	49.409896	30.614134	7.452725	59.933333	2.198853
314	49.407649	30.573523	7.563960	59.933333	2.213231
315	49.410242	30.619374	7.341491	59.933333	2.296437
316	49.419960	30.625740	6.896552	59.933333	2.216567
317	49.418980	30.582472	7.341491	59.933333	2.198101
318	49.414933	30.590263	7.675195	59.933333	2.192755
319	49.419349	30.630363	8.120133	59.933333	2.285511
320	49.399483	30.628649	7.119021	59.933333	2.184064
321	49.425712	30.592680	7.119021	59.933333	2.172014
322	49.420321	30.654220	7.341491	59.933333	2.185163
323	49.423307	30.680025	7.786429	59.933333	2.175773
324	49.417514	30.729478	7.563960	59.933333	2.179210
325	49.411201	30.609942	7.230256	59.933333	2.178446
326	49.410903	30.571166	6.785317	59.933333	2.179886
327	49.408680	30.562502	6.785317	59.933333	2.173861
328	49.390626	30.562462	7.341491	59.933333	2.172942
329	49.405906	30.566880	7.563960	59.933333	2.177840
330	49.399155	30.528483	6.562848	59.933333	2.180666
331	49.398202	30.558119	7.230256	59.933333	2.169440
332	49.405658	30.650839	6.562848	59.933333	2.177781
333	49.405500	30.665625	6.896552	59.933333	2.176414
334	49.419683	30.669380	7.007786	59.933333	2.174101
335	49.417198	30.634043	7.007786	59.933333	2.170196
336	49.409357	30.578478	7.675195	59.933333	2.185676
337	49.407011	30.565829	7.007786	59.933333	2.170724
338	49.404272	30.623333	7.675195	59.933333	2.338621
339	49.416310	30.528924	6.896552	59.933333	2.214522
340	49.418771	30.560163	7.675195	59.933333	2.211449
341	49.416643	30.644746	7.563960	59.933333	2.213985
342	49.412340	30.592648	6.785317	59.933333	2.218821
343	49.429393	30.648480	7.452725	59.933333	2.207231
344	49.415433	30.593530	7.897664	59.933333	2.195137
345	49.400693	30.613302	7.119021	59.933333	2.180672
346	49.388748	30.628232	7.897664	59.933333	2.169868
347	49.403983	30.647599	7.563960	59.933333	2.172320
348	49.406308	30.626377	7.452725	59.933333	2.176511
349	49.417478	30.634641	7.452725	59.933333	2.170688
350	49.401671	30.575299	7.119021	59.933333	2.174810
351	49.409127	30.566614	7.230256	59.933333	2.178081
352	49.396354	30.528287	7.119021	59.933333	2.180215
353	49.397248	30.465334	7.341491	59.933333	2.163957
354	49.406105	30.616121	6.896552	59.933333	2.189093
355	49.408510	30.576760	6.674082	59.933333	2.371738
356	49.392772	30.621164	6.785317	59.933333	2.288930
357	49.391872	30.594989	7.230256	59.933333	2.188540
358	49.385214	30.541225	6.674082	59.933333	2.255592
359	49.629635	30.790020	7.675195	59.933333	2.213234
360	49.689734	30.842795	7.897664	59.933333	2.205067
361	49.717218	30.847693	7.897664	59.933333	2.394047
362	49.741769	30.827966	7.563960	59.933333	2.204644
363	49.745858	30.914100	8.565072	59.933333	2.319467
364	49.759334	30.885053	8.565072	59.933333	2.195183
365	49.753755	30.886158	8.008899	59.933333	2.288429
366	49.764913	30.944784	8.008899	59.933333	2.205197
367	49.778536	30.889164	7.897664	59.933333	2.212599
368	49.774513	30.936580	7.563960	59.933333	2.220731
369	49.757129	30.919752	7.897664	59.933333	2.215329
370	49.763218	30.975816	8.120133	59.933333	2.299339
371	49.766672	30.911332	8.231368	59.933333	2.292119
372	49.779052	30.893662	7.786429	59.933333	2.204026
373	49.778324	30.870680	7.675195	59.933333	2.316086
374	49.781299	30.815001	7.786429	59.933333	2.204962
375	49.785262	30.812478	7.563960	59.933333	2.217537
376	49.785337	30.875300	7.341491	59.933333	2.305300
377	49.781448	30.891349	7.786429	59.933333	2.198310
378	49.780309	30.867885	7.786429	59.933333	2.217783
379	49.779868	30.853906	7.786429	59.933333	2.297521
380	49.780017	30.830918	7.230256	59.933333	2.226178
381	49.776360	30.884740	7.341491	59.933333	2.201185
382	49.786475	30.909883	7.563960	59.933333	2.320141
383	49.777746	30.930562	7.452725	59.933333	2.205360
384	49.788895	30.956895	8.008899	59.933333	2.207109
385	49.793717	30.948730	8.231368	59.933333	2.296169
386	49.797982	30.919743	8.676307	59.933333	2.312622
387	49.791464	30.855296	8.787542	59.933333	2.307508
388	49.792960	30.853570	8.231368	59.933333	2.293680
389	49.796346	30.833615	8.120133	59.933333	2.290377
390	49.803478	30.845018	8.231368	59.933333	2.214629
391	49.809423	30.892941	8.120133	59.933333	2.202330
392	49.797457	30.873161	8.231368	59.933333	2.288934
393	49.805474	30.868897	7.786429	59.933333	2.390648
394	49.801204	30.850729	7.897664	59.933333	2.209376
395	49.804735	30.869176	8.342603	59.933333	2.390988
396	49.816683	30.879142	7.897664	59.933333	2.390465
397	49.800196	30.894746	7.675195	59.933333	2.210320
398	49.796575	30.954701	7.675195	59.933333	2.406097
399	49.804583	30.951973	8.453838	59.933333	2.289635
400	49.801692	30.896445	7.675195	59.933333	2.196068
401	49.790555	30.976907	8.342603	59.933333	2.199192
402	49.797243	30.930000	7.675195	59.933333	2.207996
403	49.783641	30.893210	8.231368	59.933333	2.216827
404	49.796557	30.923810	8.565072	59.933333	2.207490
405	49.795946	30.914075	7.786429	59.933333	2.289065
406	49.794739	30.928943	7.897664	59.933333	2.295908
407	49.792457	30.885343	8.008899	59.933333	2.295232
408	49.797401	30.896389	7.786429	59.933333	2.189456
409	49.792552	30.926220	8.008899	59.933333	2.283247
410	49.796465	30.868660	8.231368	59.933333	2.290280
411	49.792689	30.955611	8.787542	59.933333	2.299584
412	49.796537	30.905764	8.008899	59.933333	2.295349
413	49.798816	30.862327	8.342603	59.933333	2.310587
414	49.788475	30.842986	8.120133	59.933333	2.194031
415	49.790335	30.789391	8.120133	59.933333	2.203845
416	49.798366	30.808388	7.786429	59.933333	2.207627
417	49.803615	30.838927	8.565072	59.933333	2.296798
418	49.802989	30.880661	8.231368	59.933333	2.209420
419	49.817586	30.945907	8.342603	59.933333	2.201505
420	49.801698	30.889615	8.231368	59.933333	2.286506
421	49.804977	30.917332	8.565072	59.933333	2.193338
422	49.803534	30.915740	8.231368	59.933333	2.390420
423	49.796942	30.939987	8.676307	59.933333	2.189619
424	49.791288	30.942913	8.342603	59.933333	2.190505
425	49.810064	30.870338	8.008899	59.933333	2.204491
426	49.822733	30.913378	8.342603	59.933333	2.317655
427	49.821603	30.913686	8.787542	59.933333	2.297858
428	49.818182	30.914071	8.787542	59.933333	2.194834
429	49.806368	30.963056	8.008899	59.933333	2.217706
430	49.812913	30.927354	7.897664	59.933333	2.198261
431	49.805838	30.976049	7.786429	59.933333	2.206656
432	49.805099	30.944827	8.453838	59.933333	2.297809
433	49.799830	30.900916	8.565072	59.933333	2.287347
434	49.797934	30.998683	7.675195	59.933333	2.270547
435	49.826580	30.978294	8.787542	59.933333	2.317969
436	49.811935	30.888383	8.453838	59.933333	2.211348
437	49.823397	30.909822	8.565072	59.933333	2.315165
438	49.809605	30.906025	8.120133	59.933333	2.365484
439	49.808279	30.851363	7.675195	59.933333	2.307925
440	49.812445	30.827939	8.342603	59.933333	2.281805
441	49.813500	30.884191	8.231368	59.933333	2.212138
442	49.811015	30.815147	8.342603	59.933333	2.307506
443	49.806708	30.899602	8.342603	59.933333	2.299165
444	49.813363	30.919109	7.897664	59.933333	2.383720
445	49.817511	30.839179	7.897664	59.933333	2.300272
446	49.817258	30.895185	7.897664	59.933333	2.287425
447	49.812731	30.819521	8.120133	59.933333	2.206503
448	49.819374	30.870972	7.563960	59.933333	2.213319
449	49.813616	30.912352	8.453838	59.933333	2.307631
450	49.822277	30.887836	8.453838	59.933333	2.218181
451	49.812692	30.901966	8.231368	59.933333	2.203484
452	49.812585	30.840039	8.008899	59.933333	2.203583
453	49.809939	30.893244	8.565072	59.933333	2.302008
454	49.808657	30.844962	7.563960	59.933333	2.282455
455	49.803829	30.874362	7.897664	59.933333	2.189292
456	49.818122	30.880541	8.342603	59.933333	2.190590
457	49.801561	30.857542	8.231368	59.933333	2.207681
458	49.801406	30.842250	8.453838	59.933333	2.310317
459	49.796933	30.868905	8.787542	59.933333	2.465533
460	49.803388	30.918443	8.787542	59.933333	2.321051
461	49.796337	30.913697	8.231368	59.933333	2.380965
462	49.793798	30.885462	7.341491	59.933333	2.221851
463	49.802297	30.836399	8.453838	59.933333	2.196342
464	49.794477	30.872545	7.452725	59.933333	2.205146
465	49.799997	30.950859	7.563960	59.933333	2.215176
466	49.809441	30.959964	7.897664	59.933333	2.212952
467	49.806783	30.861937	8.231368	59.933333	2.203939
468	49.803013	30.903761	7.786429	59.933333	2.212043
469	49.808967	30.864481	7.897664	59.933333	2.201658
470	49.813965	30.858135	8.231368	59.933333	2.200897
471	49.809945	30.902385	8.565072	59.933333	2.207728
472	49.808639	30.913233	7.786429	59.933333	2.202285
473	49.796885	30.865827	8.008899	59.933333	2.202090
474	49.798673	30.873829	8.676307	59.933333	2.218494
475	49.808189	30.914621	8.231368	59.933333	2.206395
476	49.811542	30.899830	8.231368	59.933333	2.199506
477	49.820733	30.894221	8.008899	59.933333	2.296869
478	49.822119	30.918283	8.231368	59.933333	2.188423
479	49.827683	30.886438	8.453838	59.933333	2.201049
480	49.827042	30.905439	9.232481	59.933333	2.222672
481	49.813458	30.903269	8.453838	59.933333	2.208736
482	49.818045	30.889405	8.342603	59.933333	2.417693
483	49.806869	30.848869	7.786429	59.933333	2.380032
484	49.818242	30.856356	8.453838	59.933333	2.213395
485	49.831069	30.828475	7.786429	59.933333	2.207038
486	49.820480	30.780845	8.565072	59.933333	2.206994
487	49.820459	30.860616	8.453838	59.933333	2.214691
488	49.818236	30.830358	8.453838	59.933333	2.211167
489	49.829450	30.856642	7.452725	59.933333	2.198182
490	49.816191	30.825351	7.897664	59.933333	2.209844
491	49.831724	30.884157	8.120133	59.933333	2.297200
492	49.827722	30.908272	7.786429	59.933333	2.216592
493	49.829280	30.961255	8.676307	59.933333	2.218218
494	49.810988	30.883990	8.120133	59.933333	2.213447
495	49.807248	30.910001	7.897664	59.933333	2.300159
496	49.807930	30.875955	7.786429	59.933333	2.307738
497	49.813554	30.908415	7.897664	59.933333	2.207521
498	49.824309	30.884448	8.120133	59.933333	2.200308
499	49.823859	30.918695	8.231368	59.933333	2.297551
500	49.820414	30.863365	7.897664	59.933333	2.212394
501	49.806345	30.840866	8.120133	59.933333	2.203690
502	49.814421	30.885161	8.342603	59.933333	2.196202
503	49.816221	30.877009	8.008899	59.933333	2.296795
504	49.815857	30.918179	8.453838	59.933333	2.195062
505	49.804816	30.944162	8.342603	59.933333	2.281400
506	49.801040	30.919262	8.342603	59.933333	2.206347
507	49.797565	30.855602	8.453838	59.933333	2.309486
508	49.799937	30.827420	8.453838	59.933333	2.201825
509	49.805564	30.839099	7.786429	59.933333	2.282618
510	49.810004	30.815285	7.563960	59.933333	2.296086
511	49.811667	30.836201	7.675195	59.933333	2.196809
512	49.803415	30.888378	7.786429	59.933333	2.206632
513	49.804705	30.908448	8.342603	59.933333	2.300372
514	49.821576	30.877056	8.231368	59.933333	2.197998
515	49.808449	30.929714	7.786429	59.933333	2.301648
516	49.812374	30.885379	8.231368	59.933333	2.291348
517	49.814731	30.938772	8.120133	59.933333	2.202953
518	49.809390	30.932560	8.453838	59.933333	2.289874
519	49.801573	30.937628	8.342603	59.933333	2.206486
520	49.818122	30.847757	8.120133	59.933333	2.205930
521	49.830365	30.818726	7.563960	59.933333	2.205018
522	49.826413	30.912599	7.452725	59.933333	2.212505
523	49.816331	30.847615	8.008899	59.933333	2.223718
524	49.819177	30.883600	8.120133	59.933333	2.312809
525	49.815005	30.868600	8.120133	59.933333	2.214645
526	49.820256	30.838973	8.898776	59.933333	2.213039
527	49.812403	30.818957	8.008899	59.933333	2.205981
528	49.808541	30.859595	8.008899	59.933333	2.299454
529	49.815369	30.894268	7.563960	59.933333	2.203836
530	49.810413	30.784947	7.563960	59.933333	2.293449
531	49.826306	30.772452	7.897664	59.933333	2.214804
532	49.823827	30.743490	7.341491	59.933333	2.211561
533	49.838987	30.887874	7.786429	59.933333	2.422215
534	49.827361	30.861313	7.230256	59.933333	2.282833
535	49.834269	30.842923	7.897664	59.933333	2.211556
536	49.831522	30.842513	7.675195	59.933333	2.292349
537	49.823111	30.858775	7.563960	59.933333	2.195156
538	49.821365	30.804028	7.341491	59.933333	2.215107
539	49.818403	30.788850	7.452725	59.933333	2.219698
540	49.824905	30.819335	7.563960	59.933333	2.201308
541	49.827623	30.823360	7.341491	59.933333	2.202310
542	49.829602	30.828628	8.008899	59.933333	2.289636
543	49.815410	30.876603	7.897664	59.933333	2.212594
544	49.829060	30.812712	7.897664	59.933333	2.215881
545	49.819088	30.805047	8.008899	59.933333	2.206438
546	49.818748	30.835420	7.452725	59.933333	2.298273
547	49.822831	30.881060	8.453838	59.933333	2.387390
548	49.828309	30.878050	8.120133	59.933333	2.219418
549	49.821228	30.889174	8.787542	59.933333	2.226628
550	49.815536	30.890802	8.453838	59.933333	2.214603
551	49.824291	30.839067	8.008899	59.933333	2.201755
552	49.813467	30.894930	8.120133	59.933333	2.200368
553	49.821794	30.902466	7.786429	59.933333	2.200301
554	49.817836	30.939137	7.563960	59.933333	2.208122
555	49.824780	30.915048	8.120133	59.933333	2.219427
556	49.820936	30.862138	8.008899	59.933333	2.216969
557	49.813217	30.863848	8.676307	59.933333	2.214911
558	49.814171	30.823402	8.453838	59.933333	2.307471
559	49.813312	30.842882	8.008899	59.933333	2.308834
560	49.804217	30.842269	8.120133	59.933333	2.306950
561	49.825606	30.832921	7.897664	59.933333	2.195469
562	49.812841	30.942836	8.676307	59.933333	2.228223
563	49.817955	30.885312	8.120133	59.933333	2.209157
564	49.824998	30.903887	8.120133	59.933333	2.209356
565	49.815282	30.869283	8.231368	59.933333	2.201068
566	49.813986	30.835906	8.342603	59.933333	2.285133
567	49.813461	30.879527	8.565072	59.933333	2.295846
568	49.815077	30.866345	7.675195	59.933333	2.289264
569	49.819562	30.874400	7.341491	59.933333	2.218056
570	49.819541	30.938886	7.341491	59.933333	2.313190
571	49.821168	30.889897	8.120133	59.933333	2.201828
572	49.810064	30.892774	7.563960	59.933333	2.303236
573	49.815440	30.857128	7.675195	59.933333	2.207544
574	49.818736	30.898422	7.786429	59.933333	2.202188
575	49.827480	30.961631	8.453838	59.933333	2.296131
576	49.827170	30.938694	8.231368	59.933333	2.214748
577	49.820119	30.880141	8.342603	59.933333	2.205139
578	49.812275	30.916548	8.676307	59.933333	2.296365
579	49.815658	30.886267	8.342603	59.933333	2.206423
580	49.810210	30.881985	7.452725	59.933333	2.200994
581	49.822274	30.887877	7.675195	59.933333	2.213757
582	49.820846	30.908372	8.231368	59.933333	2.199163
583	49.814039	30.854573	8.231368	59.933333	2.211437
584	49.813026	30.917009	8.231368	59.933333	2.205680
585	50.007463	30.997211	8.120133	59.933333	2.201440
586	50.063741	31.005291	8.676307	59.933333	2.313294
587	50.079936	31.035061	9.566185	59.933333	2.207613
588	50.102258	31.026646	8.898776	59.933333	2.198316
589	50.110972	31.044339	8.120133	59.933333	2.203444
590	50.116086	31.033466	8.342603	59.933333	2.202664
591	50.108278	31.117864	8.342603	59.933333	2.211360
592	50.117087	31.115913	9.232481	59.933333	2.214230
593	50.119293	31.043965	8.898776	59.933333	2.292401
594	50.124711	31.062287	8.787542	59.933333	2.209754
595	50.119698	31.061509	9.010011	59.933333	2.205154
596	50.125968	31.041146	8.342603	59.933333	2.293621
597	50.120354	31.073082	8.676307	59.933333	2.218828
598	50.119805	31.038684	8.676307	59.933333	2.196996
599	50.115478	31.048945	8.676307	59.933333	2.195338
600	50.115907	31.064203	8.565072	59.933333	2.297680
601	50.126958	31.076263	9.232481	59.933333	2.199204
602	50.131422	31.106749	8.787542	59.933333	2.277369
603	50.138807	31.029736	8.898776	59.933333	2.204714
604	50.134242	31.058372	9.121246	59.933333	2.300453
605	50.139320	31.018914	9.010011	59.933333	2.191209
606	50.137490	30.974712	8.787542	59.933333	2.302671
607	50.141072	31.059095	8.453838	59.933333	2.204333
608	50.142473	31.084907	8.342603	59.933333	2.207955
609	50.141001	31.152157	8.787542	59.933333	2.206063
610	50.145638	31.095098	8.453838	59.933333	2.196862
611	50.142914	31.142786	9.232481	59.933333	2.191246
612	50.138962	31.184419	8.898776	59.933333	2.375121
613	50.130856	31.116852	8.676307	59.933333	2.393546
614	50.139838	31.120326	7.897664	59.933333	2.280505
615	50.138515	31.048498	9.010011	59.933333	2.388244
616	50.140119	31.099072	8.453838	59.933333	2.202732
617	50.145841	31.062105	8.565072	59.933333	2.211462
618	50.142670	31.149159	9.121246	59.933333	2.218231
619	50.137347	31.129259	9.232481	59.933333	2.200827
620	50.145519	31.079407	9.121246	59.933333	2.190418
621	50.143582	31.067389	9.454950	59.933333	2.209709
622	50.140733	31.124336	8.787542	59.933333	2.220200
623	50.140303	31.147563	8.453838	59.933333	2.209362
624	50.149202	31.158877	8.565072	59.933333	2.193731
625	50.140971	31.154108	8.342603	59.933333	2.196591
626	50.142395	31.173681	8.008899	59.933333	2.209383
627	50.154167	31.110801	8.898776	59.933333	2.206481
628	50.151765	31.135147	8.787542	59.933333	2.205525
629	50.150585	31.134395	9.010011	59.933333	2.310917
630	50.143534	31.143642	8.787542	59.933333	2.208426
631	50.141352	31.178706	8.231368	59.933333	2.212730
632	50.142831	31.195418	8.676307	59.933333	2.210023
633	50.131792	31.144463	9.232481	59.933333	2.200352
634	50.132203	31.178203	9.121246	59.933333	2.291047
635	50.137365	31.178816	9.232481	59.933333	2.300119
636	50.138974	31.194915	8.898776	59.933333	2.278025
637	50.137103	31.173208	8.898776	59.933333	2.215958
638	50.131071	31.157002	8.898776	59.933333	2.228539
639	50.134057	31.137705	8.787542	59.933333	2.322135
640	50.135165	31.114794	9.677419	59.933333	2.202219
641	50.143278	31.124483	8.787542	59.933333	2.297294
642	50.144005	31.127867	8.453838	59.933333	2.207851
643	50.141698	31.123675	8.565072	59.933333	2.199323
644	50.144476	31.121659	8.898776	59.933333	2.198644
645	50.134784	31.092115	9.010011	59.933333	2.199118
646	50.138450	31.124614	9.010011	59.933333	2.206089
647	50.138336	31.095317	8.676307	59.933333	2.207659
648	50.132859	31.058192	8.231368	59.933333	2.225296
649	50.140619	31.078742	8.342603	59.933333	2.210683
650	50.135320	31.109510	8.787542	59.933333	2.198729
651	50.138402	31.116151	9.121246	59.933333	2.285894
652	50.134677	31.035193	8.231368	59.933333	2.195307
653	50.154006	31.114606	8.231368	59.933333	2.211134
654	50.150979	31.122032	8.676307	59.933333	2.211336
655	50.152767	31.140323	8.453838	59.933333	2.212922
656	50.145686	31.162380	8.453838	59.933333	2.299165
657	50.147223	31.172037	8.787542	59.933333	2.210730
658	50.146449	31.164041	8.342603	59.933333	2.217215
659	50.149298	31.168432	9.010011	59.933333	2.224193
660	50.144058	31.149030	8.787542	59.933333	2.208583
661	50.147092	31.151154	8.787542	59.933333	2.391018
662	50.145817	31.160280	8.453838	59.933333	2.310385
663	50.145769	31.132773	8.453838	59.933333	2.294525
664	50.146282	31.099124	8.342603	59.933333	2.296223
665	50.145423	31.183316	8.453838	59.933333	2.203388
666	50.151265	31.204714	8.787542	59.933333	2.202196
667	50.146872	31.236267	8.565072	59.933333	2.311221
668	50.157857	31.207542	8.120133	59.933333	2.300661
669	50.155145	31.178368	8.898776	59.933333	2.220290
670	50.156522	31.130371	8.342603	59.933333	2.203627
671	50.158006	31.163408	8.231368	59.933333	2.193710
672	50.163376	31.170341	9.010011	59.933333	2.308683
673	50.156134	31.136789	8.676307	59.933333	2.197100
674	50.166887	31.098323	8.453838	59.933333	2.208559
675	50.153059	31.037560	8.453838	59.933333	2.399745
676	50.162584	31.085353	9.010011	59.933333	2.220193
677	50.159389	31.135365	8.898776	59.933333	2.210822
678	50.159580	31.142858	8.008899	59.933333	2.298501
679	50.154197	31.203842	8.565072	59.933333	2.300242
680	50.156987	31.176084	8.676307	59.933333	2.211664
681	50.164604	31.194463	8.787542	59.933333	2.223659
682	50.148445	31.176547	8.676307	59.933333	2.199201
683	50.157773	31.188138	8.787542	59.933333	2.194032
684	50.159758	31.173601	8.898776	59.933333	2.210495
685	50.161844	31.113000	8.676307	59.933333	2.212540
686	50.158972	31.179895	8.787542	59.933333	2.215947
687	50.154078	31.139482	9.121246	59.933333	2.211232
688	50.158328	31.142684	9.566185	59.933333	2.201102
689	50.147724	31.175219	9.232481	59.933333	2.310381
690	50.155342	31.177135	9.010011	59.933333	2.202423
691	50.155884	31.212424	9.454950	59.933333	2.291830
692	50.164211	31.283741	9.010011	59.933333	2.209181
693	50.154185	31.245789	8.787542	59.933333	2.201515
694	50.149488	31.221255	8.231368	59.933333	2.201622
695	50.146860	31.102371	7.897664	59.933333	2.211578
696	50.144017	31.050846	8.676307	59.933333	2.207088
697	50.151134	31.090779	8.898776	59.933333	2.216309
698	50.161445	31.116436	8.898776	59.933333	2.197706
699	50.153279	31.123714	8.453838	59.933333	2.205371
700	50.161994	31.177255	8.898776	59.933333	2.209429
701	50.158501	31.217109	8.898776	59.933333	2.210901
702	50.150448	31.203287	9.121246	59.933333	2.202147
703	50.162375	31.208235	8.787542	59.933333	2.207152
704	50.147730	31.179700	8.898776	59.933333	2.294199
705	50.152504	31.191216	9.010011	59.933333	2.206678
706	50.145429	31.238030	8.898776	59.933333	2.210649
707	50.135416	31.223314	9.121246	59.933333	2.315371
708	50.146109	31.186258	9.010011	59.933333	2.212676
709	50.150776	31.176303	8.787542	59.933333	2.193402
710	50.152117	31.141959	8.676307	59.933333	2.202871
711	50.148952	31.129346	9.010011	59.933333	2.214468
712	50.146842	31.173271	8.453838	59.933333	2.205108
713	50.155795	31.169048	8.453838	59.933333	2.208018
714	50.159878	31.162913	8.565072	59.933333	2.308162
715	50.154543	31.136978	8.120133	59.933333	2.216296
716	50.160515	31.149564	9.010011	59.933333	2.204769
717	50.157422	31.199301	8.231368	59.933333	2.200613
718	50.151944	31.146050	8.120133	59.933333	2.203439
719	50.156730	31.145648	8.787542	59.933333	2.213862
720	50.159127	31.163174	8.565072	59.933333	2.211901
721	50.163400	31.248882	9.010011	59.933333	2.211434
722	50.157702	31.228285	9.454950	59.933333	2.204506
723	50.159705	31.244921	9.343715	59.933333	2.197914
724	50.167906	31.288353	8.565072	59.933333	2.197819
725	50.147074	31.249218	8.898776	59.933333	2.209613
726	50.157720	31.226060	9.010011	59.933333	2.210878
727	50.164860	31.294249	8.565072	59.933333	2.203430
728	50.162435	31.297642	8.898776	59.933333	2.202155
729	50.160176	31.274378	8.008899	59.933333	2.311621
730	50.162935	31.217316	8.120133	59.933333	2.209517
731	50.165987	31.309364	9.010011	59.933333	2.200176
732	50.168443	31.297078	8.787542	59.933333	2.195660
733	50.161016	31.274510	9.566185	59.933333	2.310414
734	50.163770	31.248845	8.787542	59.933333	2.292586
735	50.160831	31.298774	8.787542	59.933333	2.298553
736	50.167680	31.327517	8.676307	59.933333	2.209867
737	50.167006	31.252371	8.787542	59.933333	2.207204
738	50.155801	31.299522	8.453838	59.933333	2.301636
739	50.163990	31.272895	8.342603	59.933333	2.304156
740	50.156891	31.251465	9.010011	59.933333	2.312130
741	50.163645	31.293213	8.453838	59.933333	2.311558
742	50.156152	31.298701	8.342603	59.933333	2.208477
743	50.160986	31.319596	8.453838	59.933333	2.200255
744	50.168806	31.305084	9.232481	59.933333	2.301070
745	50.171232	31.303261	8.898776	59.933333	2.285119
746	50.159824	31.317397	9.010011	59.933333	2.195248
747	50.158828	31.339926	9.343715	59.933333	2.208416
748	50.158894	31.320946	9.566185	59.933333	2.217783
749	50.158894	31.243236	9.010011	59.933333	2.222718
750	50.160205	31.220681	8.453838	59.933333	2.213538
751	50.155282	31.301527	9.121246	59.933333	2.286803
752	50.156701	31.287490	8.898776	59.933333	2.214953
753	50.166661	31.282728	8.787542	59.933333	2.204326
754	50.147516	31.250140	8.453838	59.933333	2.307433
755	50.158519	31.292189	9.010011	59.933333	2.300620
756	50.163293	31.313041	9.232481	59.933333	2.215327
757	50.172877	31.347819	8.676307	59.933333	2.201068
758	50.171840	31.359922	8.676307	59.933333	2.302090
759	50.173956	31.354607	8.787542	59.933333	2.310579
760	50.169051	31.353995	9.010011	59.933333	2.209924
761	50.162381	31.308361	8.787542	59.933333	2.222907
762	50.159651	31.300322	9.454950	59.933333	2.206275
763	50.176507	31.311975	8.231368	59.933333	2.206825
764	50.175631	31.316071	8.787542	59.933333	2.193368
765	50.180894	31.267666	8.342603	59.933333	2.206199
766	50.176132	31.306390	8.453838	59.933333	2.204222
767	50.171125	31.319706	9.232481	59.933333	2.207721
768	50.175732	31.250771	8.231368	59.933333	2.201695
769	50.178003	31.299923	8.787542	59.933333	2.200371
770	50.182498	31.278151	8.453838	59.933333	2.204499
771	50.195336	31.343203	8.676307	59.933333	2.217003
772	50.191534	31.283743	8.453838	59.933333	2.390313
773	50.189239	31.321183	8.787542	59.933333	2.314108
774	50.191629	31.293162	8.453838	59.933333	2.201566
775	50.193894	31.282807	8.231368	59.933333	2.202622
776	50.196612	31.309335	8.453838	59.933333	2.293219
777	50.202751	31.280153	8.898776	59.933333	2.213011
778	50.197625	31.282399	8.898776	59.933333	2.205798
779	50.190681	31.330334	8.676307	59.933333	2.212627
780	50.177026	31.320876	8.676307	59.933333	2.396300
781	50.188923	31.329546	8.898776	59.933333	2.196020
782	50.188196	31.339987	8.898776	59.933333	2.198887
783	50.194407	31.349007	9.010011	59.933333	2.210137
784	50.196534	31.363883	8.453838	59.933333	2.206098
785	50.196135	31.343980	8.898776	59.933333	2.225256
786	50.186390	31.326465	9.232481	59.933333	2.210909
787	50.187308	31.402092	9.232481	59.933333	2.213027
788	50.185037	31.306612	9.343715	59.933333	2.199709
789	50.195479	31.321592	9.454950	59.933333	2.197041
790	50.191426	31.308225	9.121246	59.933333	2.205105
791	50.194114	31.329756	8.676307	59.933333	2.205217
792	50.192583	31.304384	8.787542	59.933333	2.218875
793	50.193375	31.350562	9.121246	59.933333	2.208329
794	50.192761	31.361090	9.010011	59.933333	2.297556
795	50.197971	31.310381	8.008899	59.933333	2.204370
796	50.199938	31.305954	7.897664	59.933333	2.204126
797	50.200826	31.343260	8.342603	59.933333	2.299797
798	50.198460	31.284508	9.010011	59.933333	2.303479
799	50.199503	31.295445	8.342603	59.933333	2.225515
800	50.195438	31.277990	8.787542	59.933333	2.207169
801	50.182098	31.340844	8.453838	59.933333	2.196927
802	50.186473	31.325122	8.453838	59.933333	2.289760
803	50.192809	31.323706	8.787542	59.933333	2.201105
804	50.192720	31.311393	8.787542	59.933333	2.215215
805	50.192505	31.293647	8.453838	59.933333	2.220043
806	50.193274	31.296561	8.231368	59.933333	2.217303
807	50.186753	31.323719	8.342603	59.933333	2.304057
808	50.190687	31.329618	8.787542	59.933333	2.315423
809	50.191522	31.333969	8.342603	59.933333	2.195404
810	50.197083	31.366628	8.565072	59.933333	2.213520
811	50.198007	31.299223	8.565072	59.933333	2.214714
812	50.190949	31.281673	8.231368	59.933333	2.299877
813	50.192410	31.302269	8.120133	59.933333	2.287197
814	50.193495	31.295273	8.231368	59.933333	2.200580
815	50.202960	31.314403	8.676307	59.933333	2.208370
816	50.197625	31.272280	7.786429	59.933333	2.213290
817	50.193346	31.316689	8.342603	59.933333	2.210253
818	50.196427	31.270566	8.342603	59.933333	2.299263
819	50.203621	31.271195	8.676307	59.933333	2.206898
820	50.205278	31.278014	9.121246	59.933333	2.196919
821	50.192606	31.298401	8.453838	59.933333	2.299676
822	50.197339	31.296232	8.676307	59.933333	2.299439
823	50.190747	31.312994	8.676307	59.933333	2.224917
824	50.182426	31.323278	8.565072	59.933333	2.204242
825	50.195503	31.341187	9.010011	59.933333	2.193870
826	50.194114	31.333114	8.898776	59.933333	2.301147
827	50.198591	31.285989	8.676307	59.933333	2.372376
828	50.195688	31.309278	8.453838	59.933333	2.252038
829	50.190359	31.329775	9.121246	59.933333	2.211832
830	50.187141	31.311861	8.676307	59.933333	2.208033
831	50.182366	31.317674	8.565072	59.933333	2.311680
832	50.195658	31.323355	8.787542	59.933333	2.202281
833	50.195128	31.354027	8.787542	59.933333	2.203032
834	50.192332	31.337940	8.231368	59.933333	2.205221
835	50.191098	31.337103	7.897664	59.933333	2.293748
836	50.187624	31.304457	8.120133	59.933333	2.203277
837	50.197601	31.330399	8.787542	59.933333	2.200365
838	50.206894	31.290398	8.453838	59.933333	2.213093
839	50.208604	31.318378	8.565072	59.933333	2.215703
840	50.198942	31.331924	8.676307	59.933333	2.222412
841	50.202036	31.368223	8.565072	59.933333	2.295915
842	50.206101	31.375692	8.342603	59.933333	2.212507
843	50.188160	31.306056	8.676307	59.933333	2.208241
844	50.201356	31.371138	8.787542	59.933333	2.299638
845	50.194001	31.338568	8.008899	59.933333	2.213146
846	50.190538	31.309433	8.120133	59.933333	2.205048
847	50.193328	31.354499	8.231368	59.933333	2.292657
848	50.193858	31.314610	8.565072	59.933333	2.285544
849	50.194538	31.290921	8.565072	59.933333	2.209622
850	50.189835	31.219618	8.231368	59.933333	2.209160
851	50.200945	31.250273	8.231368	59.933333	2.213320
852	50.203508	31.318225	8.342603	59.933333	2.487544
853	50.209367	31.353666	9.121246	59.933333	2.222645
854	50.203311	31.338239	9.232481	59.933333	2.390252
855	50.214273	31.302583	8.676307	59.933333	2.217495
856	50.197965	31.296493	8.787542	59.933333	2.306284
857	50.198859	31.297549	9.010011	59.933333	2.215454
858	50.200313	31.331633	8.676307	59.933333	2.224916
859	50.199711	31.317245	9.232481	59.933333	2.205530
860	50.193620	31.274458	9.232481	59.933333	2.304478
861	50.197923	31.265295	8.342603	59.933333	2.202097
862	50.205332	31.282642	8.120133	59.933333	2.291395
863	50.204057	31.303396	7.786429	59.933333	2.309472
864	50.214511	31.256108	8.231368	59.933333	2.300819
865	50.198138	31.249674	8.453838	59.933333	2.296774
866	50.202948	31.251979	8.565072	59.933333	2.203761
867	50.205958	31.311726	9.010011	59.933333	2.225608
868	50.195235	31.308399	8.787542	59.933333	2.216374
869	50.205064	31.355614	9.454950	59.933333	2.202992
870	50.191128	31.315954	9.121246	59.933333	2.197220
871	50.194573	31.348937	8.342603	59.933333	2.209908
872	50.185668	31.375047	8.787542	59.933333	2.209280
873	50.189555	31.281198	8.565072	59.933333	2.195372
874	50.184840	31.314808	8.565072	59.933333	2.391712
875	50.188476	31.326188	8.898776	59.933333	2.291729
876	50.200111	31.317599	9.121246	59.933333	2.318519
877	50.192332	31.316861	9.121246	59.933333	2.214021
878	50.199497	31.352088	9.010011	59.933333	2.293245
879	50.201261	31.317826	8.898776	59.933333	2.221527
880	50.201017	31.329816	8.676307	59.933333	2.222814
881	50.196260	31.269783	9.232481	59.933333	2.202229
882	50.203300	31.303765	8.898776	59.933333	2.194178
883	50.196582	31.277457	8.676307	59.933333	2.206760
884	50.191718	31.312552	8.120133	59.933333	2.286016
885	50.201333	31.293415	8.008899	59.933333	2.201106
886	50.208926	31.302227	8.453838	59.933333	2.210131
887	50.204855	31.316495	8.787542	59.933333	2.215138
888	50.200838	31.271416	9.121246	59.933333	2.215949
889	50.194764	31.252836	8.008899	59.933333	2.212262
890	50.186694	31.283064	8.787542	59.933333	2.199322
891	50.197697	31.300004	8.453838	59.933333	2.198095
892	50.192779	31.285867	8.676307	59.933333	2.304578
893	50.205612	31.220873	8.676307	59.933333	2.302340
894	50.195885	31.277417	8.342603	59.933333	2.298621
895	50.199211	31.338330	9.121246	59.933333	2.220468
896	50.190550	31.360085	8.898776	59.933333	2.203033
897	50.197375	31.367423	9.232481	59.933333	2.197003
898	50.190604	31.329354	9.010011	59.933333	2.296311
899	50.197333	31.270102	8.565072	59.933333	2.212234
900	50.192851	31.276478	8.342603	59.933333	2.208534
901	50.188005	31.259015	8.565072	59.933333	2.494893
902	50.184864	31.249015	8.342603	59.933333	2.224003
903	50.189596	31.288671	8.453838	59.933333	2.218404
904	50.184393	31.274048	8.565072	59.933333	2.218941
905	50.188893	31.318671	8.898776	59.933333	2.204103
906	50.188780	31.308943	9.343715	59.933333	2.204195
907	50.192201	31.292481	8.565072	59.933333	2.204929
908	50.191921	31.305918	8.565072	59.933333	2.296873
909	50.193298	31.229032	9.010011	59.933333	2.207414
910	50.188076	31.270190	8.676307	59.933333	2.214361
911	50.186968	31.302598	9.343715	59.933333	2.300761
912	50.198978	31.262549	8.676307	59.933333	2.215426
913	50.199574	31.320526	8.787542	59.933333	2.399226
914	50.198185	31.369007	9.343715	59.933333	2.204021
915	50.203377	31.317641	8.565072	59.933333	2.203529
916	50.373232	31.400592	9.232481	59.933333	2.204434
917	50.404525	31.405203	9.232481	59.933333	2.293099
918	50.418484	31.405814	8.898776	59.933333	2.209002
919	50.419068	31.438156	9.343715	59.933333	2.209733
920	50.422990	31.428048	8.898776	59.933333	2.289388
921	50.425768	31.391931	8.787542	59.933333	2.291116
922	50.436789	31.385665	8.342603	59.933333	2.308720
923	50.439668	31.359021	8.120133	59.933333	2.205873
924	50.443208	31.408933	8.565072	59.933333	2.219399
925	50.443900	31.402663	8.231368	59.933333	2.391244
926	50.443757	31.380244	8.565072	59.933333	2.238835
927	50.443417	31.378154	9.232481	59.933333	2.221411
928	50.444931	31.431744	9.232481	59.933333	2.198824
929	50.448704	31.428571	9.121246	59.933333	2.212446
930	50.451452	31.415532	9.232481	59.933333	2.200936
931	50.450212	31.426336	9.010011	59.933333	2.294258
932	50.451088	31.448583	9.121246	59.933333	2.290201
933	50.452018	31.453654	9.232481	59.933333	2.214083
934	50.453961	31.414279	9.232481	59.933333	2.376595
935	50.455433	31.397944	8.676307	59.933333	2.202398
936	50.453699	31.396625	8.676307	59.933333	2.322665
937	50.453013	31.410408	9.454950	59.933333	2.286608
938	50.450402	31.398974	8.898776	59.933333	2.216127
939	50.454664	31.403186	9.121246	59.933333	2.219973
940	50.456262	31.383320	9.232481	59.933333	2.216878
941	50.459206	31.423182	9.232481	59.933333	2.219004
942	50.457633	31.391805	9.343715	59.933333	2.210433
943	50.457299	31.418044	9.677419	59.933333	2.196585
944	50.460714	31.419320	9.343715	59.933333	2.290239
945	50.460303	31.438111	9.454950	59.933333	2.304127
946	50.464845	31.409210	9.454950	59.933333	2.216326
947	50.452965	31.415757	9.566185	59.933333	2.209866
948	50.463569	31.420983	9.343715	59.933333	2.319245
949	50.457525	31.415317	9.454950	59.933333	2.292340
950	50.458133	31.371994	10.011123	59.933333	2.392190
951	50.457454	31.386724	9.232481	59.933333	2.301104
952	50.460094	31.416628	9.566185	59.933333	2.399018
953	50.456035	31.401128	9.343715	59.933333	2.321027
954	50.463176	31.383879	9.343715	59.933333	2.388520
955	50.463343	31.400813	9.566185	59.933333	2.284369
956	50.464952	31.410730	9.232481	59.933333	2.392310
957	50.462252	31.427304	9.121246	59.933333	2.225037
958	50.466061	31.435521	9.343715	59.933333	2.490358
959	50.458068	31.461498	9.343715	59.933333	2.204340
960	50.458896	31.448648	8.898776	59.933333	2.485065
961	50.461805	31.436104	9.232481	59.933333	2.204860
962	50.467396	31.441280	9.232481	59.933333	2.299879
963	50.469512	31.487891	9.454950	59.933333	2.483480
964	50.467587	31.490305	9.677419	59.933333	2.213465
965	50.470281	31.481621	9.454950	59.933333	2.302038
966	50.462025	31.473730	9.566185	59.933333	2.296005
967	50.465852	31.447746	9.010011	59.933333	2.228228
968	50.469917	31.447800	9.010011	59.933333	2.209676
969	50.463134	31.429107	8.898776	59.933333	2.311859
970	50.466985	31.429516	9.010011	59.933333	2.205506
971	50.469017	31.436092	9.454950	59.933333	2.296010
972	50.465661	31.428111	9.343715	59.933333	2.303245
973	50.461954	31.409327	9.010011	59.933333	2.206251
974	50.469226	31.444195	9.232481	59.933333	2.207523
975	50.471741	31.485129	9.232481	59.933333	2.214733
976	50.467366	31.459616	9.566185	59.933333	2.205142
977	50.467443	31.481304	9.121246	59.933333	2.289473
978	50.471538	31.439089	9.454950	59.933333	2.200804
979	50.467134	31.431052	8.898776	59.933333	2.209751
980	50.464100	31.432023	9.454950	59.933333	2.222019
981	50.471187	31.433523	8.898776	59.933333	2.218047
982	50.471622	31.432093	9.232481	59.933333	2.201180
983	50.476623	31.456206	9.232481	59.933333	2.301516
984	50.475931	31.454271	9.566185	59.933333	2.296674
985	50.479907	31.420222	9.343715	59.933333	2.204095
986	50.482357	31.429853	9.121246	59.933333	2.213386
987	50.477839	31.454462	9.343715	59.933333	2.389962
988	50.479323	31.465998	9.010011	59.933333	2.311473
989	50.475264	31.461377	9.232481	59.933333	2.201904
990	50.475430	31.472979	9.121246	59.933333	2.303955
991	50.472790	31.473903	9.343715	59.933333	2.370391
992	50.476348	31.454485	9.343715	59.933333	2.384581
993	50.474524	31.490285	9.343715	59.933333	2.291160
994	50.480658	31.443811	9.343715	59.933333	2.295740
995	50.475240	31.485935	9.566185	59.933333	2.210123
996	50.474638	31.499402	9.232481	59.933333	2.218208
997	50.474226	31.487885	9.343715	59.933333	2.201581
998	50.477368	31.487871	9.454950	59.933333	2.203039
999	50.477058	31.426402	9.232481	59.933333	2.199133
1000	50.482196	31.481400	9.343715	59.933333	2.208351
1001	50.487465	31.481782	9.788654	59.933333	2.210486
1002	50.482666	31.479056	9.121246	59.933333	2.297700
1003	50.480056	31.466582	9.121246	59.933333	2.300203
1004	50.481546	31.424662	9.343715	59.933333	2.382078
1005	50.476801	31.460591	9.232481	59.933333	2.233053
1006	50.477898	31.462804	8.898776	59.933333	2.204724
1007	50.477052	31.481380	9.343715	59.933333	2.206069
1008	50.481588	31.462488	9.677419	59.933333	2.291573
1009	50.479335	31.466366	9.454950	59.933333	2.205743
1010	50.478041	31.488295	9.121246	59.933333	2.208640
1011	50.477934	31.435555	9.121246	59.933333	2.291867
1012	50.478655	31.464862	9.788654	59.933333	2.195663
1013	50.478923	31.468632	9.343715	59.933333	2.283355
1014	50.478595	31.474864	9.010011	59.933333	2.189197
1015	50.477415	31.493624	9.677419	59.933333	2.203926
1016	50.478441	31.509394	9.566185	59.933333	2.201890
1017	50.471985	31.487477	9.677419	59.933333	2.193852
1018	50.473559	31.470817	9.677419	59.933333	2.307821
1019	50.475818	31.488996	9.343715	59.933333	2.199836
1020	50.473511	31.480982	9.343715	59.933333	2.194510
1021	50.481558	31.453968	9.788654	59.933333	2.199043
1022	50.479597	31.432571	9.454950	59.933333	2.212363
1023	50.476581	31.482486	9.454950	59.933333	2.215353
1024	50.477922	31.444442	9.788654	59.933333	2.210411
1025	50.474310	31.478583	9.788654	59.933333	2.200542
1026	50.472164	31.476362	9.788654	59.933333	2.206205
1027	50.477928	31.455760	9.343715	59.933333	2.302871
1028	50.479054	31.478696	9.566185	59.933333	2.206186
1029	50.477421	31.450576	9.232481	59.933333	2.205445
1030	50.479496	31.444489	9.677419	59.933333	2.208535
1031	50.479627	31.481305	9.454950	59.933333	2.310406
1032	50.477308	31.483667	9.232481	59.933333	2.196729
1033	50.471556	31.494830	9.677419	59.933333	2.211130
1034	50.479472	31.459144	9.454950	59.933333	2.383069
1035	50.475639	31.476528	9.121246	59.933333	2.314324
1036	50.477308	31.435701	9.121246	59.933333	2.383835
1037	50.473130	31.442235	9.232481	59.933333	2.231710
1038	50.472158	31.453150	9.343715	59.933333	2.223535
1039	50.474346	31.428069	9.566185	59.933333	2.217889
1040	50.479323	31.436371	9.343715	59.933333	2.198305
1041	50.475490	31.435248	9.343715	59.933333	2.288011
1042	50.473094	31.437000	9.343715	59.933333	2.209949
1043	50.473332	31.462554	9.343715	59.933333	2.289357
1044	50.476342	31.458211	9.454950	59.933333	2.218980
1045	50.476873	31.461892	9.566185	59.933333	2.215282
1046	50.472534	31.451991	9.232481	59.933333	2.207230
1047	50.472224	31.461313	9.677419	59.933333	2.204017
1048	50.473678	31.469244	9.343715	59.933333	2.203788
1049	50.475502	31.435427	9.343715	59.933333	2.209701
1050	50.470942	31.488636	9.232481	59.933333	2.207603
1051	50.479686	31.477450	9.677419	59.933333	2.207426
1052	50.481123	31.479806	9.343715	59.933333	2.072739
1053	50.527573	31.472926	9.788654	59.933333	2.013500
1054	50.530094	31.470334	9.899889	59.933333	2.012336
1055	50.530028	31.468738	9.788654	59.933333	1.994645
1056	50.530088	31.471749	9.899889	59.933333	2.085118
1057	50.530148	31.470589	9.899889	59.933333	1.995218
1058	50.530076	31.471109	9.899889	59.933333	2.096303
1059	50.530022	31.471462	9.899889	59.933333	1.994667
1060	50.529921	31.471025	9.899889	59.933333	1.983042
1061	50.529897	31.470976	9.899889	59.933333	1.981785
1062	50.529963	31.470842	9.899889	59.933333	1.988460
1063	50.529993	31.470851	9.899889	59.933333	1.997581
1064	50.529993	31.470851	9.899889	59.933333	2.012234
1065	50.529993	31.470851	9.899889	59.933333	1.997483
1066	50.529993	31.470851	9.899889	59.933333	2.003415
1067	50.529993	31.470851	9.899889	59.933333	2.005894
1068	50.529993	31.470851	9.899889	59.933333	2.201791
1069	50.529993	31.470851	9.899889	59.933333	1.986211
1070	50.529993	31.470851	9.899889	59.933333	2.167092
1071	50.529993	31.470851	9.899889	59.933333	1.987632
1072	50.529993	31.470851	9.899889	59.933333	1.995068
1073	50.529993	31.470851	9.899889	59.933333	1.994812
1074	50.529993	31.470851	9.899889	59.933333	1.998338
1075	50.529993	31.470851	9.899889	59.933333	2.006974
1076	50.529993	31.470851	9.899889	59.933333	2.000768
1077	50.529993	31.470851	9.899889	59.933333	2.004491
1078	50.529993	31.470851	9.899889	59.933333	2.087111
1079	50.529993	31.470851	9.899889	59.933333	2.010146
1080	50.529993	31.470851	9.899889	59.933333	2.085267
1081	50.529993	31.470851	9.899889	59.933333	1.992069
1082	50.529993	31.470851	9.899889	59.933333	1.990010
1083	50.529993	31.470851	9.899889	59.933333	1.986035
1084	50.529993	31.470851	9.899889	59.933333	1.993774
1085	50.529993	31.470851	9.899889	59.933333	2.081014
1086	50.529993	31.470851	9.899889	59.933333	1.989093
1087	50.529993	31.470851	9.899889	59.933333	1.985283
1088	50.529993	31.470851	9.899889	59.933333	2.198428
1089	50.529993	31.470851	9.899889	59.933333	1.970061
1090	50.529993	31.470851	9.899889	59.933333	2.097748
1091	50.529993	31.470851	9.899889	59.933333	2.001333
1092	50.529993	31.470851	9.899889	59.933333	2.002707
1093	50.529993	31.470851	9.899889	59.933333	2.089453
1094	50.529993	31.470851	9.899889	59.933333	2.085281
1095	50.529993	31.470851	9.899889	59.933333	2.082932
1096	50.529993	31.470851	9.899889	59.933333	2.073545
1097	50.529993	31.470851	9.899889	59.933333	1.996063
1098	50.529993	31.470851	9.899889	59.933333	1.994770
1099	50.529993	31.470851	9.899889	59.933333	1.984550
1100	50.529993	31.470851	9.899889	59.933333	1.979257
1101	50.529993	31.470851	9.899889	59.933333	2.113281
1102	50.529993	31.470851	9.899889	59.933333	1.978217
1103	50.529993	31.470851	9.899889	59.933333	2.092794
1104	50.529993	31.470851	9.899889	59.933333	2.012727
