1	28.964180	4.285075	0.000000	100.000000	2.488369
2	33.800328	5.359220	0.000000	100.000000	2.426067
3	36.719364	5.748764	0.000000	100.000000	2.515780
4	38.394618	5.991362	0.000000	100.000000	2.425766
5	39.425790	6.036630	0.000000	100.000000	2.523269
6	40.141219	6.118713	0.000000	100.000000	2.456920
7	40.660608	6.140190	0.000000	100.000000	2.468350
8	41.031510	6.169429	0.000000	100.000000	2.461596
9	41.328681	6.281124	0.000000	100.000000	2.540266
10	41.564989	6.335975	0.000000	100.000000	2.526475
11	41.771710	6.392290	0.000000	100.000000	2.433675
12	41.933447	6.408924	0.000000	100.000000	2.529785
13	42.063412	6.459089	0.000000	100.000000	2.483203
14	42.171088	6.481985	0.000000	100.000000	2.469666
15	42.269754	6.514782	0.000000	100.000000	2.499420
16	42.365950	6.572231	0.000000	100.000000	2.492621
17	42.433935	6.540541	0.000000	100.000000	2.444527
18	42.503309	6.564586	0.000000	100.000000	2.537645
19	42.539269	6.645130	0.000000	100.000000	2.490472
20	42.571855	6.583628	0.000000	100.000000	2.461272
21	42.627120	6.518864	0.000000	100.000000	2.510723
22	42.678472	6.486949	0.000000	100.000000	2.446918
23	42.705110	6.456060	0.000000	100.000000	2.499029
24	42.733115	6.426202	0.000000	100.000000	2.485042
25	42.757428	6.416735	0.000000	100.000000	2.492033
26	42.802575	6.409963	0.000000	100.000000	2.488278
27	42.815554	6.285251	0.000000	100.000000	2.457485
28	42.839354	6.286541	0.000000	100.000000	2.496287
29	42.856610	6.220341	0.000000	100.000000	2.520818
30	42.869806	6.333648	0.000000	100.000000	2.478967
31	42.906058	6.367310	0.000000	100.000000	2.488099
32	42.925900	6.397651	0.066667	100.000000	2.519866
33	42.942956	6.453132	0.000000	100.000000	2.456886
34	42.942134	6.381451	0.000000	100.000000	2.502312
35	42.954841	6.392294	0.000000	100.000000	2.514890
36	42.965811	6.344843	0.000000	100.000000	2.480643
37	42.968106	6.325293	0.066667	100.000000	2.545413
38	42.975909	6.300971	0.066667	100.000000	2.431189
39	42.998856	6.295404	0.066667	100.000000	2.442684
40	43.005803	6.342333	0.000000	100.000000	2.510335
41	43.021250	6.380451	0.000000	100.000000	2.519599
42	43.038863	6.314581	0.000000	100.000000	2.461438
43	43.063831	6.379490	0.000000	100.000000	2.512294
44	43.068478	6.368025	0.000000	100.000000	2.449727
45	43.070251	6.388552	0.000000	100.000000	2.528405
46	43.102384	6.387644	0.000000	100.000000	2.472969
47	43.110210	6.293689	0.000000	100.000000	2.495696
48	43.116951	6.268795	0.000000	100.000000	2.482386
49	43.103707	6.359777	0.000000	100.000000	2.499634
50	43.118295	6.292886	0.000000	100.000000	2.484163
51	43.138713	6.374790	0.000000	100.000000	2.471008
52	43.160802	6.443174	0.000000	100.000000	2.500882
53	43.170053	6.378389	0.000000	100.000000	2.456263
54	43.183506	6.365999	0.000000	100.000000	2.477035
55	43.199265	6.419389	0.000000	100.000000	2.492377
56	43.201470	6.460181	0.000000	100.000000	2.488822
57	43.227619	6.511850	0.000000	100.000000	2.511374
58	43.208450	6.491729	0.000000	100.000000	2.480462
59	43.226877	6.434036	0.000000	100.000000	2.470659
60	43.245131	6.397631	0.000000	100.000000	2.528567
61	43.248671	6.413955	0.000000	100.000000	2.467012
62	43.231183	6.530421	0.000000	100.000000	2.492653
63	43.250537	6.390863	0.000000	100.000000	2.488232
64	43.254447	6.527112	0.000000	100.000000	2.495402
65	43.265200	6.534168	0.000000	100.000000	2.451444
66	43.256706	6.450049	0.000000	100.000000	2.489627
67	43.256468	6.490683	0.000000	100.000000	2.449011
68	43.261969	6.460643	0.000000	100.000000	2.514422
69	43.274936	6.432929	0.000000	100.000000	2.483451
70	43.300542	6.444965	0.000000	100.000000	2.418342
71	43.309343	6.423951	0.000000	100.000000	2.532856
72	43.302006	6.491905	0.000000	100.000000	2.441782
73	43.307298	6.562836	0.000000	100.000000	2.528473
74	43.300891	6.578592	0.000000	100.000000	2.492990
75	43.303645	6.520845	0.066667	100.000000	2.492414
76	43.306631	6.370835	0.066667	100.000000	2.490467
77	43.327498	6.435434	0.000000	100.000000	2.457868
78	43.323618	6.381799	0.000000	100.000000	2.506069
79	43.317348	6.399702	0.000000	100.000000	2.526888
80	43.332267	6.412344	0.000000	100.000000	2.481239
81	43.331677	6.446400	0.000000	100.000000	2.536726
82	43.355441	6.442127	0.000000	100.000000	2.467022
83	43.356031	6.461302	0.000000	100.000000	2.504812
84	43.341622	6.602086	0.000000	100.000000	2.488773
85	43.342170	6.639915	0.000000	100.000000	2.504185
86	43.342453	6.598169	0.000000	100.000000	2.499724
87	43.349630	6.516215	0.000000	100.000000	2.473622
88	43.340814	6.525770	0.000000	100.000000	2.511578
89	43.336022	6.485083	0.000000	100.000000	2.508840
90	43.344238	6.551102	0.000000	100.000000	2.457520
91	43.349665	6.580363	0.000000	100.000000	2.492369
92	43.356496	6.547650	0.000000	100.000000	2.463315
93	43.352991	6.599686	0.000000	100.000000	2.542758
94	43.370745	6.605347	0.000000	100.000000	2.450579
95	43.369371	6.613750	0.000000	100.000000	2.497337
96	43.371367	6.543359	0.000000	100.000000	2.487580
97	43.365434	6.570794	0.000000	100.000000	2.486668
98	43.393922	6.502370	0.000000	100.000000	2.516670
99	43.389863	6.517150	0.000000	100.000000	2.484599
100	43.383479	6.547223	0.066667	100.000000	2.507759
101	43.388271	6.613496	0.066667	100.000000	2.527252
102	43.382743	6.551853	0.066667	100.000000	2.447404
103	43.390116	6.626697	0.066667	100.000000	2.440540
104	43.389314	6.475755	0.000000	100.000000	2.536741
105	43.378538	6.513231	0.000000	100.000000	2.479337
106	43.394861	6.533244	0.000000	100.000000	2.522249
107	43.394071	6.595865	0.000000	100.000000	2.460516
108	43.400818	6.659007	0.000000	100.000000	2.521472
109	43.400067	6.681238	0.000000	100.000000	2.542961
110	43.410802	6.668483	0.000000	100.000000	2.468492
111	43.414700	6.595305	0.000000	100.000000	2.525890
112	43.423584	6.567744	0.000000	100.000000	2.464960
113	43.412435	6.541738	0.000000	100.000000	2.510363
114	43.408829	6.556900	0.000000	100.000000	2.483233
115	43.407971	6.540528	0.000000	100.000000	2.478052
116	43.404001	6.584173	0.000000	100.000000	2.534014
117	43.409288	6.530852	0.000000	100.000000	2.464628
118	43.412662	6.554247	0.000000	100.000000	2.524329
119	43.426159	6.551068	0.000000	100.000000	2.459374
120	43.414342	6.587206	0.000000	100.000000	2.522584
121	43.429121	6.586362	0.000000	100.000000	2.498707
122	43.426466	6.542847	0.000000	100.000000	2.479063
123	43.425339	6.606718	0.000000	100.000000	2.515023
124	43.429393	6.617052	0.000000	100.000000	2.482677
125	43.423951	6.642984	0.000000	100.000000	2.512600
126	43.416917	6.642367	0.000000	100.000000	2.476243
127	43.427408	6.586480	0.000000	100.000000	2.509861
128	43.434709	6.609505	0.000000	100.000000	2.519479
129	43.444073	6.588670	0.000000	100.000000	2.501488
130	43.435222	6.543429	0.000000	100.000000	2.510152
131	43.430245	6.550872	0.000000	100.000000	2.509063
132	43.425500	6.535361	0.000000	100.000000	2.473467
133	43.420047	6.496527	0.000000	100.000000	2.528918
134	43.426177	6.444158	0.000000	100.000000	2.439717
135	43.449929	6.505665	0.000000	100.000000	2.465818
136	43.440580	6.505847	0.000000	100.000000	2.535026
137	43.440986	6.520946	0.000000	100.000000	2.485129
138	43.442160	6.416891	0.000000	100.000000	2.499554
139	43.449911	6.405531	0.000000	100.000000	2.509812
140	43.452442	6.431845	0.000000	100.000000	2.486908
141	43.448901	6.443916	0.000000	100.000000	2.456601
142	43.441489	6.456965	0.000000	100.000000	2.525374
143	43.452662	6.439319	0.000000	100.000000	2.488235
144	43.450552	6.463349	0.000000	100.000000	2.471922
145	43.451321	6.548123	0.000000	100.000000	2.482306
146	43.451577	6.556363	0.000000	100.000000	2.517116
147	43.453360	6.411197	0.000000	100.000000	2.530875
148	43.458247	6.489436	0.000000	100.000000	2.447500
149	43.467265	6.461312	0.000000	100.000000	2.537265
150	43.458974	6.450158	0.000000	100.000000	2.452068
151	43.453568	6.454882	0.000000	100.000000	2.490506
152	43.461889	6.515311	0.000000	100.000000	2.533112
153	43.469554	6.545305	0.000000	100.000000	2.454241
154	43.460613	6.543880	0.000000	100.000000	2.520790
155	43.481290	6.511340	0.000000	100.000000	2.478591
156	43.482837	6.550200	0.000000	100.000000	2.536892
157	43.475595	6.544641	0.000000	100.000000	2.474756
158	43.493891	6.464266	0.000000	100.000000	2.522843
159	43.480527	6.489269	0.000000	100.000000	2.535698
160	43.473276	6.461914	0.000000	100.000000	2.477082
161	43.466878	6.558977	0.000000	100.000000	2.517637
162	43.498471	6.550233	0.000000	100.000000	2.459549
163	43.484986	6.494309	0.000000	100.000000	2.493084
164	43.491715	6.503343	0.000000	100.000000	2.505015
165	43.488199	6.542264	0.000000	100.000000	2.450907
166	43.490976	6.489521	0.000000	100.000000	2.424772
167	43.480685	6.460052	0.000000	100.000000	2.479411
168	43.478954	6.472563	0.000000	100.000000	2.528090
169	43.485573	6.411542	0.066667	100.000000	2.516526
170	43.482250	6.406458	0.000000	100.000000	2.461068
171	43.487543	6.439189	0.000000	100.000000	2.527752
172	43.494332	6.465294	0.000000	100.000000	2.527175
173	43.493178	6.476365	0.000000	100.000000	2.442546
174	43.484849	6.507910	0.000000	100.000000	2.548830
175	43.486452	6.407615	0.000000	100.000000	2.445539
176	43.486989	6.489253	0.000000	100.000000	2.495853
177	43.491793	6.472017	0.000000	100.000000	2.515290
178	43.496490	6.467908	0.000000	100.000000	2.510703
179	43.499595	6.416630	0.000000	100.000000	2.440814
180	43.496221	6.434914	0.000000	100.000000	2.483455
181	43.496120	6.343281	0.000000	100.000000	2.485858
182	43.485528	6.353197	0.000000	100.000000	2.536105
183	43.478164	6.345907	0.000000	100.000000	2.452006
184	43.497998	6.411544	0.000000	100.000000	2.461951
185	43.497413	6.345131	0.000000	100.000000	2.501533
186	43.498501	6.381700	0.000000	100.000000	2.483030
187	43.495220	6.337977	0.000000	100.000000	2.519187
188	43.508354	6.373364	0.000000	100.000000	2.453700
189	43.494776	6.368121	0.000000	100.000000	2.527505
190	43.488050	6.365517	0.000000	100.000000	2.488388
191	43.500042	6.375918	0.000000	100.000000	2.471983
192	43.493253	6.404146	0.000000	100.000000	2.566110
193	43.510330	6.456515	0.000000	100.000000	2.474340
194	43.505120	6.421705	0.000000	100.000000	2.471786
195	43.503845	6.430744	0.000000	100.000000	2.549896
196	43.502855	6.427688	0.000000	100.000000	2.456548
197	43.502045	6.376496	0.000000	100.000000	2.536066
198	43.509409	6.401997	0.000000	100.000000	2.481974
199	43.506455	6.444885	0.000000	100.000000	2.438817
200	43.504298	6.453898	0.000000	100.000000	2.455548
201	43.504190	6.522165	0.000000	100.000000	2.485399
202	43.510062	6.536805	0.000000	100.000000	2.469089
203	43.514594	6.493437	0.000000	100.000000	2.488895
204	43.510807	6.461424	0.000000	100.000000	2.499045
205	43.509704	6.399312	0.000000	100.000000	2.456320
206	43.525138	6.399271	0.000000	100.000000	2.519550
207	43.521136	6.392219	0.000000	100.000000	2.569746
208	43.541086	6.412284	0.000000	100.000000	2.515694
209	43.546423	6.478931	0.000000	100.000000	2.514623
210	43.521363	6.514215	0.000000	100.000000	2.553015
211	43.529505	6.491181	0.000000	100.000000	2.345244
212	43.518445	6.415482	0.000000	100.000000	2.256312
213	43.504956	6.362996	0.000000	100.000000	2.427960
214	43.513963	6.458147	0.000000	100.000000	2.485581
215	43.530184	6.478868	0.000000	100.000000	2.490462
216	43.535113	6.544031	0.000000	100.000000	2.556410
217	43.531865	6.546384	0.000000	100.000000	2.478600
218	43.543586	6.495342	0.000000	100.000000	2.484241
219	43.562859	6.432794	0.000000	100.000000	2.515521
220	43.542296	6.490453	0.000000	100.000000	2.523977
221	43.550926	6.452536	0.000000	100.000000	2.485266
222	43.554115	6.485764	0.000000	100.000000	2.488226
223	43.558487	6.465504	0.000000	100.000000	2.498948
224	43.553120	6.514994	0.000000	100.000000	2.528450
225	43.563014	6.456166	0.000000	100.000000	2.457399
226	43.576822	6.429384	0.000000	100.000000	2.473089
227	43.568015	6.446695	0.000000	100.000000	2.544422
228	43.575382	6.414797	0.000000	100.000000	2.478139
229	43.558836	6.315401	0.000000	100.000000	2.517128
230	43.565655	6.341619	0.000000	100.000000	2.540006
231	43.563515	6.402442	0.000000	100.000000	2.465634
232	43.570006	6.398767	0.000000	100.000000	2.511011
233	43.569601	6.352255	0.000000	100.000000	2.522274
234	43.565732	6.302123	0.000000	100.000000	2.471916
235	43.580464	6.298419	0.000000	100.000000	2.449542
236	43.580452	6.264290	0.000000	100.000000	2.509935
237	43.583596	6.320415	0.000000	100.000000	2.525243
238	43.584180	6.352377	0.000000	100.000000	2.449777
239	43.587971	6.386497	0.000000	100.000000	2.507946
240	43.591797	6.374180	0.000000	100.000000	2.456085
241	43.597662	6.352766	0.000000	100.000000	2.550599
242	43.595782	6.348836	0.000000	100.000000	2.503894
243	43.610203	6.400870	0.000000	100.000000	2.450535
244	43.596309	6.331286	0.000000	100.000000	2.478913
245	43.580645	6.402081	0.000000	100.000000	2.503145
246	43.611425	6.419386	0.000000	100.000000	2.465677
247	43.605989	6.498266	0.000000	100.000000	2.535306
248	43.594635	6.440935	0.000000	100.000000	2.465630
249	43.595275	6.538687	0.000000	100.000000	2.518149
250	43.594635	6.421277	0.000000	100.000000	2.465223
251	43.601060	6.496596	0.000000	100.000000	2.491630
252	43.601078	6.454170	0.000000	100.000000	2.528094
253	43.611425	6.477216	0.000000	100.000000	2.492653
254	43.603918	6.393591	0.000000	100.000000	2.474600
255	43.601751	6.445225	0.000000	100.000000	2.515349
256	43.597054	6.475895	0.000000	100.000000	2.510951
257	43.606883	6.480913	0.000000	100.000000	2.460250
258	43.617022	6.379610	0.000000	100.000000	2.516145
259	43.618566	6.419352	0.000000	100.000000	2.552493
260	43.606573	6.431878	0.000000	100.000000	2.474460
261	43.612164	6.358505	0.000000	100.000000	2.512463
262	43.611875	6.406797	0.000000	100.000000	2.513618
263	43.605566	6.442794	0.000000	100.000000	2.481390
264	43.611673	6.352243	0.000000	100.000000	2.470990
265	43.622226	6.453116	0.000000	100.000000	2.548598
266	43.625450	6.428597	0.000000	100.000000	2.483380
267	43.623519	6.432190	0.000000	100.000000	2.474241
268	43.612599	6.447720	0.000000	100.000000	2.543048
269	43.631107	6.444716	0.000000	100.000000	2.481296
270	43.623993	6.332863	0.000000	100.000000	2.490852
271	43.615425	6.365972	0.000000	100.000000	2.500355
272	43.620428	6.378321	0.000000	100.000000	2.466956
273	43.639448	6.352364	0.000000	100.000000	2.525104
274	43.644220	6.326154	0.000000	100.000000	2.505302
275	43.627971	6.356062	0.000000	100.000000	2.500908
276	43.625325	6.403747	0.000000	100.000000	2.451865
277	43.624017	6.352724	0.000000	100.000000	2.550708
278	43.631631	6.281580	0.000000	100.000000	2.454914
279	43.631387	6.338013	0.000000	100.000000	2.496098
280	43.642110	6.402066	0.000000	100.000000	2.476384
281	43.638879	6.308130	0.000000	100.000000	2.481808
282	43.636644	6.469778	0.000000	100.000000	2.520676
283	43.618894	6.478126	0.000000	100.000000	2.468388
284	43.636489	6.360506	0.000000	100.000000	2.442684
285	43.636781	6.384302	0.000000	100.000000	2.444100
286	43.627059	6.439850	0.000000	100.000000	2.496339
287	43.636423	6.439423	0.000000	100.000000	2.523473
288	43.635905	6.420102	0.000000	100.000000	2.513415
289	43.638116	6.461119	0.000000	100.000000	2.460518
290	43.635058	6.490197	0.000000	100.000000	2.553791
291	43.642241	6.530201	0.000000	100.000000	2.415266
292	43.633068	6.583904	0.000000	100.000000	2.469241
293	43.639460	6.575956	0.000000	100.000000	2.513758
294	43.640971	6.555852	0.000000	100.000000	2.507467
295	43.632305	6.562583	0.000000	100.000000	2.482863
296	43.643141	6.401432	0.000000	100.000000	2.498627
297	43.646425	6.346665	0.000000	100.000000	2.481894
298	43.647641	6.368032	0.000000	100.000000	2.478116
299	43.653563	6.337165	0.000000	100.000000	2.509829
300	43.642965	6.405181	0.000000	100.000000	2.470523
301	43.655127	6.359185	0.000000	100.000000	2.466729
302	43.649325	6.365367	0.000000	100.000000	2.480981
303	43.640462	6.408151	0.000000	100.000000	2.502341
304	43.647242	6.433538	0.000000	100.000000	2.519392
305	43.646169	6.454642	0.000000	100.000000	2.479021
306	43.655473	6.460598	0.000000	100.000000	2.484246
307	43.654710	6.454505	0.000000	100.000000	2.515026
308	43.644929	6.379194	0.000000	100.000000	2.472863
309	43.665779	6.321131	0.000000	100.000000	2.489401
310	43.649989	6.389175	0.000000	100.000000	2.468060
311	43.641132	6.389074	0.000000	100.000000	2.501222
312	43.653381	6.346969	0.000000	100.000000	2.488119
313	43.652356	6.481740	0.000000	100.000000	2.463271
314	43.654147	6.464285	0.000000	100.000000	2.465173
315	43.648550	6.360719	0.000000	100.000000	2.535293
316	43.648207	6.326742	0.000000	100.000000	2.416985
317	43.662837	6.342380	0.000000	100.000000	2.483707
318	43.649834	6.345320	0.000000	100.000000	2.501435
319	43.651253	6.279891	0.000000	100.000000	2.517838
320	43.677700	6.271490	0.000000	100.000000	2.466743
321	43.680191	6.370693	0.000000	100.000000	2.521996
322	43.659219	6.346368	0.000000	100.000000	2.465708
323	43.659699	6.323568	0.000000	100.000000	2.491231
324	43.659168	6.385970	0.000000	100.000000	2.509025
325	43.667376	6.396960	0.000000	100.000000	2.465335
326	43.660623	6.349985	0.000000	100.000000	2.476810
327	43.670452	6.314248	0.000000	100.000000	2.468189
328	43.655109	6.340281	0.000000	100.000000	2.516663
329	43.664268	6.378859	0.000000	100.000000	2.451249
330	43.652415	6.488854	0.000000	100.000000	2.522341
331	43.656573	6.401742	0.000000	100.000000	2.487429
332	43.674332	6.341867	0.000000	100.000000	2.487429
333	43.679565	6.368225	0.000000	100.000000	2.537447
334	43.671960	6.417068	0.000000	100.000000	2.458505
335	43.682557	6.474728	0.000000	100.000000	2.495327
336	43.659461	6.375556	0.000000	100.000000	2.456160
337	43.669099	6.382393	0.000000	100.000000	2.492796
338	43.675861	6.330297	0.000000	100.000000	2.447719
339	43.670025	6.324043	0.000000	100.000000	2.523655
340	43.666542	6.358455	0.000000	100.000000	2.483350
341	43.664819	6.373205	0.000000	100.000000	2.519355
342	43.677121	6.340641	0.000000	100.000000	2.476296
343	43.670157	6.341021	0.000000	100.000000	2.521435
344	43.682003	6.351226	0.000000	100.000000	2.513403
345	43.678758	6.376756	0.000000	100.000000	2.441593
346	43.699521	6.381427	0.000000	100.000000	2.542778
347	43.701369	6.303466	0.000000	100.000000	2.455272
348	43.697655	6.316030	0.000000	100.000000	2.449641
349	43.694049	6.383372	0.000000	100.000000	2.453408
350	43.691221	6.384269	0.000000	100.000000	2.495828
351	43.690503	6.395807	0.000000	100.000000	2.526000
352	43.689638	6.359897	0.000000	100.000000	2.481382
353	43.688333	6.366462	0.000000	100.000000	2.500854
354	43.699262	6.398425	0.000000	100.000000	2.520244
355	43.699229	6.485196	0.000000	100.000000	2.468973
356	43.703693	6.463952	0.000000	100.000000	2.499933
357	43.679178	6.371061	0.000000	100.000000	2.526107
358	43.682963	6.373270	0.000000	100.000000	2.491066
359	43.687657	6.326230	0.000000	100.000000	2.517368
360	43.690312	6.275738	0.000000	100.000000	2.528748
361	43.700242	6.357077	0.000000	100.000000	2.457427
362	43.697816	6.431602	0.000000	100.000000	2.483702
363	43.700472	6.486735	0.000000	100.000000	2.515604
364	43.711680	6.493566	0.000000	100.000000	2.482757
365	43.708062	6.521874	0.000000	100.000000	2.511303
366	43.712553	6.518048	0.000000	100.000000	2.522224
367	43.714800	6.496697	0.000000	100.000000	2.448451
368	43.708688	6.528638	0.000000	100.000000	2.520638
369	43.709487	6.503154	0.000000	100.000000	2.466539
370	43.710190	6.582332	0.000000	100.000000	2.535181
371	43.709773	6.609873	0.000000	100.000000	2.472762
372	43.720305	6.481524	0.000000	100.000000	2.503096
373	43.710545	6.546944	0.000000	100.000000	2.467968
374	43.710852	6.612059	0.000000	100.000000	2.474542
375	43.722519	6.600248	0.000000	100.000000	2.513563
376	43.721819	6.577459	0.000000	100.000000	2.449896
377	43.724078	6.536539	0.000000	100.000000	2.539248
378	43.720633	6.574095	0.000000	100.000000	2.458398
379	43.714845	6.492339	0.000000	100.000000	2.428197
380	43.707794	6.492553	0.000000	100.000000	2.503043
381	43.717372	6.531522	0.000000	100.000000	2.469300
382	43.730927	6.490006	0.000000	100.000000	2.483567
383	43.729129	6.477038	0.000000	100.000000	2.483518
384	43.726665	6.430766	0.000000	100.000000	2.509987
385	43.723798	6.488341	0.000000	100.000000	2.494007
386	43.721509	6.516455	0.000000	100.000000	2.468879
387	43.727624	6.485511	0.000000	100.000000	2.511676
388	43.723950	6.546421	0.000000	100.000000	2.518841
389	43.732476	6.513676	0.000000	100.000000	2.471611
390	43.725494	6.586222	0.000000	100.000000	2.506973
391	43.731177	6.549064	0.000000	100.000000	2.528974
392	43.721265	6.566016	0.000000	100.000000	2.470934
393	43.721455	6.604019	0.000000	100.000000	2.504024
394	43.731034	6.642065	0.000000	100.000000	2.543642
395	43.716240	6.601792	0.000000	100.000000	2.481900
396	43.727353	6.488839	0.000000	100.000000	2.497654
397	43.725276	6.598680	0.000000	100.000000	2.544666
398	43.742025	6.622165	0.000000	100.000000	2.439350
399	43.741319	6.572883	0.000000	100.000000	2.488484
400	43.750492	6.573929	0.000000	100.000000	2.529235
401	43.760157	6.599708	0.000000	100.000000	2.481707
402	43.743551	6.553344	0.000000	100.000000	2.486876
403	43.743831	6.631809	0.000000	100.000000	2.519144
404	43.749142	6.675071	0.000000	100.000000	2.471914
405	43.755969	6.655118	0.000000	100.000000	2.509398
406	43.749374	6.631791	0.000000	100.000000	2.524245
407	43.748713	6.649535	0.000000	100.000000	2.469052
408	43.750018	6.704532	0.000000	100.000000	2.497201
409	43.757123	6.670884	0.000000	100.000000	2.459285
410	43.751520	6.669913	0.000000	100.000000	2.496300
411	43.759739	6.605797	0.000000	100.000000	2.457408
412	43.757734	6.717129	0.000000	100.000000	2.444644
413	43.756163	6.731420	0.000000	100.000000	2.524135
414	43.762624	6.706008	0.000000	100.000000	2.480533
415	43.757010	6.687708	0.000000	100.000000	2.510564
416	43.757296	6.724261	0.000000	100.000000	2.465739
417	43.750405	6.783911	0.000000	100.000000	2.512499
418	43.756175	6.788302	0.000000	100.000000	2.459961
419	43.767965	6.798478	0.000000	100.000000	2.518037
420	43.746042	6.760739	0.000000	100.000000	2.472529
421	43.754631	6.716202	0.000000	100.000000	2.540408
422	43.760023	6.711395	0.066667	100.000000	2.442616
423	43.756405	6.703854	0.000000	100.000000	2.516084
424	43.764889	6.719474	0.000000	100.000000	2.488926
425	43.781805	6.746671	0.000000	100.000000	2.472491
426	43.759775	6.765497	0.000000	100.000000	2.480013
427	43.745911	6.761931	0.000000	100.000000	2.529989
428	43.763682	6.725510	0.000000	100.000000	2.508706
429	43.764645	6.681315	0.000000	100.000000	2.449486
430	43.776500	6.680131	0.000000	100.000000	2.544986
431	43.775544	6.680757	0.000000	100.000000	2.526490
432	43.763292	6.725659	0.000000	100.000000	2.446053
433	43.769950	6.757041	0.000000	100.000000	2.508366
434	43.759233	6.703557	0.000000	100.000000	2.478586
435	43.761277	6.800535	0.000000	100.000000	2.528610
436	43.770492	6.797092	0.000000	100.000000	2.470117
437	43.750483	6.885718	0.000000	100.000000	2.496054
438	43.754965	6.890263	0.000000	100.000000	2.462745
439	43.749654	6.838446	0.000000	100.000000	2.525266
440	43.749994	6.858852	0.000000	100.000000	2.465196
441	43.754840	6.955629	0.000000	100.000000	2.499596
442	43.749660	6.913371	0.000000	100.000000	2.439526
443	43.768770	6.845834	0.000000	100.000000	2.487385
444	43.765193	6.895571	0.000000	100.000000	2.477243
445	43.780339	7.005681	0.000000	100.000000	2.508323
446	43.776953	6.978368	0.000000	100.000000	2.468177
447	43.771064	6.952048	0.000000	100.000000	2.526692
448	43.781263	6.871661	0.000000	100.000000	2.475594
449	43.784088	6.889370	0.000000	100.000000	2.470372
450	43.789959	6.913641	0.000000	100.000000	2.432293
451	43.787134	6.944093	0.000000	100.000000	2.498602
452	43.794829	6.973659	0.000000	100.000000	2.475302
453	43.806943	7.005203	0.000000	100.000000	2.448632
454	43.785286	7.023248	0.000000	100.000000	2.494456
455	43.789530	6.957512	0.000000	100.000000	2.469223
456	43.783396	6.979978	0.000000	100.000000	2.526150
457	43.775937	7.038927	0.000000	100.000000	2.441915
458	43.768397	7.040956	0.000000	100.000000	2.527483
459	43.773848	6.979452	0.000000	100.000000	2.453873
460	43.781203	6.991132	0.000000	100.000000	2.523333
461	43.788034	7.009038	0.000000	100.000000	2.449924
462	43.790621	7.054792	0.000000	100.000000	2.511921
463	43.781012	7.039530	0.000000	100.000000	2.504323
464	43.792009	7.041085	0.000000	100.000000	2.453079
465	43.782407	7.007161	0.000000	100.000000	2.546216
466	43.802547	6.947490	0.000000	100.000000	2.497495
467	43.790984	6.912214	0.000000	100.000000	2.456070
468	43.772763	6.921285	0.000000	100.000000	2.517525
469	43.783990	6.854812	0.000000	100.000000	2.439397
470	43.785015	6.954400	0.000000	100.000000	2.507562
471	43.790483	6.902413	0.000000	100.000000	2.498117
472	43.798220	6.981041	0.000000	100.000000	2.487349
473	43.795836	6.997256	0.000000	100.000000	2.470386
474	43.784833	7.064473	0.000000	100.000000	2.502192
475	43.804473	7.096006	0.000000	100.000000	2.445507
476	43.805462	7.119254	0.000000	100.000000	2.527166
477	43.793166	7.174916	0.000000	100.000000	2.418033
478	43.806985	7.103360	0.000000	100.000000	2.464348
479	43.795508	7.005926	0.000000	100.000000	2.419554
480	43.802208	6.963885	0.000000	100.000000	2.475907
481	43.796957	7.006445	0.000000	100.000000	2.494619
482	43.794948	7.113801	0.000000	100.000000	2.544562
483	43.797901	7.140535	0.000000	100.000000	2.463743
484	43.804038	7.121626	0.000000	100.000000	2.540696
485	43.802595	7.099402	0.000000	100.000000	2.475519
486	43.799585	6.955913	0.000000	100.000000	2.494146
487	43.809155	7.073298	0.000000	100.000000	2.507043
488	43.809637	7.101304	0.000000	100.000000	2.451183
489	43.794274	7.020823	0.000000	100.000000	2.498686
490	43.810570	7.070071	0.000000	100.000000	2.469061
491	43.802220	7.073443	0.000000	100.000000	2.536865
492	43.807352	7.104050	0.000000	100.000000	2.478823
493	43.812683	7.083171	0.000000	100.000000	2.451420
494	43.799365	7.014666	0.000000	100.000000	2.461418
495	43.806425	6.992996	0.000000	100.000000	2.510640
496	43.816429	7.091214	0.000000	100.000000	2.479105
497	43.816856	7.086054	0.000000	100.000000	2.504057
498	43.802428	7.116812	0.000000	100.000000	2.491758
499	43.801045	7.138028	0.000000	100.000000	2.475290
500	43.809900	7.145177	0.000000	100.000000	2.510165
501	43.823379	7.122103	0.000000	100.000000	2.506669
502	43.810222	7.184184	0.000000	100.000000	2.457679
503	43.818438	7.201609	0.000000	100.000000	2.554606
504	43.810329	7.203073	0.000000	100.000000	2.458889
505	43.814671	7.152055	0.000000	100.000000	2.483552
506	43.822551	7.234558	0.000000	100.000000	2.464200
507	43.817437	7.284920	0.000000	100.000000	2.512021
508	43.812251	7.303885	0.000000	100.000000	2.502582
509	43.817511	7.158017	0.000000	100.000000	2.405930
510	43.821436	7.177282	0.000000	100.000000	2.506349
511	43.812835	7.130458	0.000000	100.000000	2.505997
512	43.820962	7.157392	0.000000	100.000000	2.517318
513	43.804413	7.133748	0.000000	100.000000	2.443540
514	43.810153	7.136356	0.000000	100.000000	2.506349
515	43.816251	7.122717	0.000000	100.000000	2.478351
516	43.803665	7.103187	0.000000	100.000000	2.529194
517	43.824762	7.055953	0.000000	100.000000	2.490872
518	43.825072	7.179771	0.000000	100.000000	2.466413
519	43.821019	7.259169	0.000000	100.000000	2.519095
520	43.811500	7.195000	0.000000	100.000000	2.446369
521	43.815494	7.138760	0.000000	100.000000	2.512187
522	43.808484	7.078876	0.000000	100.000000	2.480755
523	43.816930	7.062457	0.000000	100.000000	2.521569
524	43.812460	7.068417	0.000000	100.000000	2.479438
525	43.821287	7.072221	0.000000	100.000000	2.467412
526	43.821454	7.074057	0.000000	100.000000	2.520933
527	43.814856	7.098578	0.000000	100.000000	2.458848
528	43.811792	7.132725	0.000000	100.000000	2.481961
529	43.815064	7.124840	0.000000	100.000000	2.534885
530	43.803853	7.099144	0.000000	100.000000	2.448733
531	43.814948	7.020767	0.000000	100.000000	2.467661
532	43.800268	7.007914	0.000000	100.000000	2.516167
533	43.818736	7.013227	0.000000	100.000000	2.493721
534	43.821734	6.972818	0.000000	100.000000	2.461347
535	43.817061	6.886789	0.000000	100.000000	2.457071
536	43.822014	6.958424	0.000000	100.000000	2.507421
537	43.821251	7.005222	0.000000	100.000000	2.513445
538	43.820280	7.072896	0.000000	100.000000	2.462919
539	43.808243	7.034591	0.000000	100.000000	2.525438
540	43.812269	7.151757	0.000000	100.000000	2.484634
541	43.824339	7.118247	0.000000	100.000000	2.526153
542	43.830609	7.202707	0.000000	100.000000	2.419799
543	43.834475	7.239724	0.000000	100.000000	2.455017
544	43.833584	7.207795	0.000000	100.000000	2.509106
545	43.824804	7.183915	0.000000	100.000000	2.467261
546	43.829602	7.064821	0.000000	100.000000	2.514335
547	43.808013	7.143089	0.000000	100.000000	2.535359
548	43.805194	7.222213	0.000000	100.000000	2.481977
549	43.818223	7.097839	0.000000	100.000000	2.480969
550	43.829769	7.080108	0.000000	100.000000	2.523676
551	43.810156	7.134888	0.000000	100.000000	2.468019
552	43.818390	7.078710	0.000000	100.000000	2.500929
553	43.820426	7.094921	0.000000	100.000000	2.448641
554	43.832588	7.110274	0.000000	100.000000	2.559892
555	43.820029	7.085212	0.000000	100.000000	2.449960
556	43.832448	7.103772	0.000000	100.000000	2.501038
557	43.831116	7.088818	0.000000	100.000000	2.452378
558	43.836409	7.096858	0.000000	100.000000	2.531110
559	43.827796	7.108420	0.000000	100.000000	2.469552
560	43.820667	7.044287	0.000000	100.000000	2.513306
561	43.829346	7.110973	0.000000	100.000000	2.468173
562	43.827546	7.124111	0.000000	100.000000	2.495311
563	43.803996	7.080148	0.000000	100.000000	2.509803
564	43.819863	7.118829	0.000000	100.000000	2.488194
565	43.807483	7.121530	0.000000	100.000000	2.463505
566	43.809325	7.075662	0.000000	100.000000	2.544914
567	43.802491	7.038206	0.000000	100.000000	2.442968
568	43.817115	7.080860	0.000000	100.000000	2.488152
569	43.822286	7.073936	0.000000	100.000000	2.433974
570	43.826127	7.096102	0.000000	100.000000	2.549864
571	43.815616	7.202781	0.000000	100.000000	2.448726
572	43.818831	7.168503	0.000000	100.000000	2.592427
573	43.825984	7.106955	0.000000	100.000000	2.467180
574	43.823045	7.175342	0.000000	100.000000	2.434618
575	43.827003	7.182161	0.000000	100.000000	2.467467
576	43.814224	7.141063	0.000000	100.000000	2.451593
577	43.812993	7.090596	0.000000	100.000000	2.513098
578	43.803400	7.121422	0.000000	100.000000	2.476056
579	43.811095	7.078319	0.000000	100.000000	2.551860
580	43.816873	7.057344	0.000000	100.000000	2.512800
581	43.824577	7.050465	0.000000	100.000000	2.473422
582	43.820646	6.871280	0.000000	100.000000	2.548102
583	43.799463	6.995575	0.000000	100.000000	2.459165
584	43.811548	6.971154	0.000000	100.000000	2.526358
585	43.809891	7.005216	0.000000	100.000000	2.473740
586	43.825489	7.089092	0.000000	100.000000	2.493964
587	43.812418	7.058276	0.000000	100.000000	2.481889
588	43.818790	7.007431	0.000000	100.000000	2.454431
589	43.821180	7.021286	0.000000	100.000000	2.508577
590	43.810892	7.009961	0.000000	100.000000	2.434430
591	43.827713	7.106776	0.000000	100.000000	2.522514
592	43.833947	7.063140	0.000000	100.000000	2.467298
593	43.839103	7.113344	0.000000	100.000000	2.451479
594	43.829912	7.091359	0.000000	100.000000	2.506226
595	43.817201	7.111597	0.000000	100.000000	2.472754
596	43.819463	7.115154	0.000000	100.000000	2.499512
597	43.803883	7.138560	0.000000	100.000000	2.515073
598	43.809009	7.054282	0.000000	100.000000	2.485145
599	43.821162	7.186293	0.000000	100.000000	2.521451
600	43.820316	7.107668	0.000000	100.000000	2.451809
601	43.811667	7.166543	0.000000	100.000000	2.496628
602	43.802798	7.147337	0.000000	100.000000	2.468066
603	43.809357	7.137549	0.000000	100.000000	2.500194
604	43.799403	7.093268	0.000000	100.000000	2.466144
605	43.808007	7.137487	0.000000	100.000000	2.512384
606	43.800819	7.086927	0.000000	100.000000	2.570440
607	43.812248	7.118258	0.000000	100.000000	2.511101
608	43.812683	7.130880	0.000000	100.000000	2.509491
609	43.825811	7.112258	0.000000	100.000000	2.562082
610	43.836570	7.112963	0.000000	100.000000	2.360391
611	43.819895	7.122175	0.000000	100.000000	2.260963
612	43.810955	7.094706	0.000000	100.000000	2.341145
613	43.823862	7.072935	0.000000	100.000000	2.499027
614	43.837577	7.073976	0.000000	100.000000	2.513790
615	43.820804	7.157734	0.000000	100.000000	2.493792
616	43.820933	7.176156	0.000000	100.000000	2.566602
617	43.819582	7.134458	0.000000	100.000000	2.494020
618	43.816680	7.127700	0.000000	100.000000	2.453978
619	43.813062	7.172269	0.000000	100.000000	2.542423
620	43.807030	7.222383	0.000000	100.000000	2.494202
621	43.807870	7.205004	0.000000	100.000000	2.485481
622	43.807775	7.173214	0.000000	100.000000	2.538888
623	43.805444	7.198319	0.000000	100.000000	2.550757
624	43.804747	7.165480	0.000000	100.000000	2.511717
625	43.792349	7.096052	0.000000	100.000000	2.459591
626	43.797660	7.143446	0.000000	100.000000	2.491958
627	43.811670	7.118821	0.000000	100.000000	2.500396
628	43.807757	7.116378	0.000000	100.000000	2.499669
629	43.810785	7.149320	0.000000	100.000000	2.484072
630	43.788016	7.100928	0.000000	100.000000	2.541594
631	43.803760	7.085059	0.000000	100.000000	2.496515
632	43.827218	7.071576	0.000000	100.000000	2.481427
633	43.823045	7.096481	0.000000	100.000000	2.524743
634	43.813166	7.122175	0.000000	100.000000	2.501472
635	43.819559	7.157225	0.000000	100.000000	2.448153
636	43.822920	7.200800	0.000000	100.000000	2.537236
637	43.826950	7.232914	0.000000	100.000000	2.485272
638	43.827569	7.197875	0.000000	100.000000	2.465831
639	43.824285	7.251174	0.000000	100.000000	2.539139
640	43.833587	7.174381	0.000000	100.000000	2.500091
641	43.819767	7.191539	0.000000	100.000000	2.466458
642	43.820706	7.187743	0.000000	100.000000	2.452549
643	43.827093	7.264494	0.000000	100.000000	2.531745
644	43.829417	7.184031	0.000000	100.000000	2.521407
645	44.000065	7.156641	0.000000	100.000000	2.529182
646	44.050470	7.233401	0.000000	100.000000	2.470784
647	44.077027	7.232370	0.066667	100.000000	2.510100
648	44.101816	7.272912	0.000000	100.000000	2.504248
649	44.121498	7.158324	0.000000	100.000000	2.476096
650	44.129470	7.123466	0.000000	100.000000	2.473857
651	44.156712	7.156207	0.000000	100.000000	2.552025
652	44.158417	7.234303	0.000000	100.000000	2.502142
653	44.152582	7.212650	0.000000	100.000000	2.455900
654	44.148320	7.207226	0.000000	100.000000	2.510044
655	44.139370	7.172562	0.000000	100.000000	2.457738
656	44.144610	7.194384	0.000000	100.000000	2.454237
657	44.162381	7.138586	0.000000	100.000000	2.524189
658	44.160157	7.108812	0.000000	100.000000	2.469867
659	44.155729	7.171366	0.000000	100.000000	2.521788
660	44.160920	7.087456	0.000000	100.000000	2.518234
661	44.160739	7.121039	0.000000	100.000000	2.474032
662	44.170386	7.142406	0.000000	100.000000	2.534102
663	44.175214	7.154607	0.000000	100.000000	2.545311
664	44.176677	7.134515	0.000000	100.000000	2.486289
665	44.160268	7.111997	0.000000	100.000000	2.493457
666	44.168180	7.140712	0.000000	100.000000	2.553033
667	44.176611	7.219279	0.000000	100.000000	2.490365
668	44.176054	7.315238	0.000000	100.000000	2.521330
669	44.168860	7.274067	0.000000	100.000000	2.542070
670	44.184905	7.271274	0.000000	100.000000	2.543633
671	44.174153	7.234171	0.000000	100.000000	2.470351
672	44.168097	7.239374	0.000000	100.000000	2.494664
673	44.172680	7.217496	0.000000	100.000000	2.434525
674	44.170141	7.226080	0.000000	100.000000	2.496463
675	44.179350	7.272471	0.000000	100.000000	2.545463
676	44.165522	7.256289	0.000000	100.000000	2.484209
677	44.158328	7.211266	0.000000	100.000000	2.491461
678	44.159764	7.201713	0.000000	100.000000	2.552618
679	44.165152	7.200048	0.000000	100.000000	2.531267
680	44.167131	7.164602	0.000000	100.000000	2.476410
681	44.164664	7.205273	0.000000	100.000000	2.516139
682	44.177610	7.213477	0.000000	100.000000	2.506013
683	44.178092	7.214987	0.000000	100.000000	2.522566
684	44.187632	7.202114	0.000000	100.000000	2.525114
685	44.194868	7.212932	0.000000	100.000000	2.495306
686	44.188648	7.228667	0.000000	100.000000	2.458518
687	44.199383	7.132727	0.000000	100.000000	2.528971
688	44.187301	7.194101	0.000000	100.000000	2.488336
689	44.190332	7.246797	0.000000	100.000000	2.510087
690	44.183111	7.203670	0.000000	100.000000	2.479700
691	44.188124	7.223883	0.000000	100.000000	2.539056
692	44.184518	7.196887	0.000000	100.000000	2.542252
693	44.190258	7.217188	0.000000	100.000000	2.456972
694	44.188100	7.266767	0.000000	100.000000	2.537391
695	44.170526	7.275275	0.000000	100.000000	2.492619
696	44.182771	7.310684	0.000000	100.000000	2.474778
697	44.192177	7.260541	0.000000	100.000000	2.522836
698	44.188863	7.156323	0.000000	100.000000	2.554302
699	44.203189	7.141665	0.000000	100.000000	2.462588
700	44.211459	7.116916	0.000000	100.000000	2.543767
701	44.195366	7.130449	0.000000	100.000000	2.496403
702	44.201314	7.153625	0.000000	100.000000	2.449840
703	44.200850	7.211387	0.000000	100.000000	2.517494
704	44.205648	7.238220	0.000000	100.000000	2.463687
705	44.193026	7.234815	0.000000	100.000000	2.428524
706	44.195613	7.267185	0.000000	100.000000	2.518951
707	44.204143	7.261393	0.000000	100.000000	2.468973
708	44.191578	7.153330	0.000000	100.000000	2.497192
709	44.192207	7.238865	0.000000	100.000000	2.512170
710	44.188344	7.151689	0.000000	100.000000	2.449216
711	44.184473	7.132530	0.000000	100.000000	2.496670
712	44.188952	7.162474	0.000000	100.000000	2.543694
713	44.197488	7.129053	0.000000	100.000000	2.472641
714	44.200164	7.228718	0.000000	100.000000	2.478871
715	44.204545	7.218203	0.000000	100.000000	2.455647
716	44.194028	7.228088	0.000000	100.000000	2.540666
717	44.201449	7.212274	0.000000	100.000000	2.500781
718	44.192863	7.202881	0.000000	100.000000	2.489715
719	44.184023	7.147470	0.000000	100.000000	2.541258
720	44.180447	7.087004	0.000000	100.000000	2.444645
721	44.184613	7.154204	0.000000	100.000000	2.490421
722	44.185370	7.232593	0.000000	100.000000	2.528621
723	44.185883	7.208501	0.000000	100.000000	2.438742
724	44.179881	7.174557	0.000000	100.000000	2.529362
725	44.188863	7.244851	0.000000	100.000000	2.470057
726	44.188693	7.199628	0.000000	100.000000	2.536085
727	44.190747	7.251862	0.000000	100.000000	2.526984
728	44.199806	7.314590	0.000000	100.000000	2.517078
729	44.200331	7.252580	0.000000	100.000000	2.449115
730	44.197524	7.215981	0.000000	100.000000	2.546592
731	44.204000	7.182729	0.000000	100.000000	2.452470
732	44.198391	7.246377	0.000000	100.000000	2.533543
733	44.198164	7.215234	0.000000	100.000000	2.459481
734	44.192564	7.208291	0.000000	100.000000	2.505161
735	44.205025	7.212776	0.000000	100.000000	2.494030
736	44.197193	7.295784	0.000000	100.000000	2.457339
737	44.195965	7.263316	0.000000	100.000000	2.471316
738	44.202465	7.289423	0.000000	100.000000	2.495076
739	44.201133	7.296774	0.000000	100.000000	2.509609
740	44.201025	7.237258	0.000000	100.000000	2.477450
741	44.198343	7.299785	0.000000	100.000000	2.480711
742	44.194812	7.260836	0.000000	100.000000	2.544463
743	44.197249	7.261768	0.000000	100.000000	2.487252
744	44.182917	7.236320	0.000000	100.000000	2.503310
745	44.203168	7.169737	0.000000	100.000000	2.495681
746	44.188824	7.158862	0.000000	100.000000	2.464327
747	44.198954	7.120492	0.000000	100.000000	2.496109
748	44.199502	7.108265	0.000000	100.000000	2.522773
749	44.194216	7.131405	0.000000	100.000000	2.474991
750	44.199550	7.214021	0.000000	100.000000	2.527351
751	44.210488	7.241296	0.000000	100.000000	2.452048
752	44.369069	7.185169	0.000000	100.000000	2.517358
753	44.407317	7.181718	0.000000	100.000000	2.547140
754	44.433683	7.168481	0.000000	100.000000	2.467249
755	44.442138	7.186861	0.000000	100.000000	2.534167
756	44.454217	7.182235	0.000000	100.000000	2.476111
757	44.458705	7.174955	0.000000	100.000000	2.508832
758	44.461834	7.174531	0.000000	100.000000	2.523348
759	44.463760	7.195140	0.000000	100.000000	2.457680
760	44.469610	7.201455	0.000000	100.000000	2.494143
761	44.483662	7.205192	0.000000	100.000000	2.472440
762	44.480541	7.261901	0.000000	100.000000	2.532188
763	44.483003	7.283560	0.000000	100.000000	2.506847
764	44.487035	7.239881	0.000000	100.000000	2.463184
765	44.483483	7.272422	0.000000	100.000000	2.490614
766	44.489506	7.250546	0.000000	100.000000	2.490155
767	44.486547	7.261210	0.000000	100.000000	2.528239
768	44.489226	7.244760	0.000000	100.000000	2.441450
769	44.489896	7.194306	0.000000	100.000000	2.464173
770	44.488806	7.163504	0.000000	100.000000	2.517482
771	44.490558	7.156966	0.000000	100.000000	2.513021
772	44.491649	7.178953	0.000000	100.000000	2.452484
773	44.497216	7.209213	0.000000	100.000000	2.515719
774	44.496822	7.135176	0.000000	100.000000	2.498862
775	44.490656	7.197486	0.000000	100.000000	2.490865
776	44.499734	7.149921	0.000000	100.000000	2.526392
777	44.503033	7.139608	0.000000	100.000000	2.460062
778	44.493544	7.141256	0.000000	100.000000	2.520460
779	44.492447	7.224209	0.000000	100.000000	2.541405
780	44.491839	7.230467	0.000000	100.000000	2.484959
781	44.498283	7.184464	0.000000	100.000000	2.528404
782	44.497031	7.189327	0.000000	100.000000	2.464715
783	44.498110	7.231996	0.000000	100.000000	2.512908
784	44.497025	7.204491	0.000000	100.000000	2.543931
785	44.515675	7.249069	0.000000	100.000000	2.473819
786	44.520313	7.199908	0.000000	100.000000	2.532121
787	44.512430	7.224023	0.000000	100.000000	2.484620
788	44.512498	7.224718	0.000000	100.000000	2.473361
789	44.505119	7.222329	0.000000	100.000000	2.499197
790	44.503605	7.226545	0.000000	100.000000	2.485088
791	44.511399	7.211365	0.000000	100.000000	2.495466
792	44.500631	7.200049	0.000000	100.000000	2.503051
793	44.505924	7.205288	0.000000	100.000000	2.489418
794	44.511601	7.192711	0.000000	100.000000	2.511899
795	44.504625	7.188857	0.000000	100.000000	2.520393
796	44.506064	7.245734	0.000000	100.000000	2.466662
797	44.508058	7.212594	0.000000	100.000000	2.525166
798	44.511309	7.224313	0.000000	100.000000	2.493519
799	44.519126	7.223757	0.000000	100.000000	2.518550
800	44.513053	7.112987	0.000000	100.000000	2.444745
801	44.516170	7.157326	0.000000	100.000000	2.450460
802	44.513047	7.190285	0.000000	100.000000	2.460451
803	44.513100	7.266641	0.000000	100.000000	2.510588
804	44.515920	7.233719	0.000000	100.000000	2.462543
805	44.510812	7.243929	0.000000	100.000000	2.454700
806	44.508815	7.254039	0.000000	100.000000	2.552261
807	44.501334	7.259062	0.000000	100.000000	2.466829
808	44.500491	7.190538	0.000000	100.000000	2.508710
809	44.497567	7.234748	0.000000	100.000000	2.528850
810	44.505286	7.220296	0.000000	100.000000	2.432107
811	44.504943	7.181757	0.000000	100.000000	2.541501
812	44.505060	7.223300	0.000000	100.000000	2.493278
813	44.509795	7.253525	0.000000	100.000000	2.526618
814	44.506782	7.204446	0.000000	100.000000	2.470859
815	44.499129	7.201434	0.000000	100.000000	2.521091
816	44.499946	7.189298	0.000000	100.000000	2.494878
817	44.500297	7.176798	0.000000	100.000000	2.522039
818	44.495082	7.148164	0.000000	100.000000	2.541203
819	44.498104	7.235959	0.000000	100.000000	2.514014
820	44.502586	7.253288	0.000000	100.000000	2.468004
821	44.497317	7.236847	0.000000	100.000000	2.545500
822	44.517475	7.312139	0.000000	100.000000	2.468489
823	44.517681	7.257814	0.000000	100.000000	2.499158
824	44.513929	7.234632	0.000000	100.000000	2.522023
825	44.522509	7.234225	0.000000	100.000000	2.504150
826	44.522315	7.254391	0.000000	100.000000	2.497696
827	44.519585	7.217611	0.000000	100.000000	2.551648
828	44.521332	7.233374	0.000000	100.000000	2.523630
829	44.523251	7.313969	0.000000	100.000000	2.484227
830	44.527990	7.271504	0.000000	100.000000	2.567625
831	44.526142	7.242071	0.000000	100.000000	2.495707
832	44.517487	7.269617	0.000000	100.000000	2.408329
833	44.516569	7.245619	0.000000	100.000000	2.478251
834	44.507110	7.247917	0.000000	100.000000	2.534146
835	44.511473	7.264827	0.000000	100.000000	2.533729
836	44.509253	7.309014	0.000000	100.000000	2.470426
837	44.518203	7.262978	0.000000	100.000000	2.541984
838	44.518304	7.174149	0.000000	100.000000	2.451662
839	44.516677	7.182167	0.000000	100.000000	2.514014
840	44.506425	7.211508	0.000000	100.000000	2.517056
841	44.516063	7.219923	0.000000	100.000000	2.494930
842	44.522303	7.215966	0.000000	100.000000	2.503453
843	44.526270	7.155504	0.000000	100.000000	2.465851
844	44.525376	7.157528	0.000000	100.000000	2.529836
845	44.516656	7.140484	0.000000	100.000000	2.524916
846	44.512844	7.106004	0.000000	100.000000	2.449799
847	44.513839	7.171957	0.000000	100.000000	2.535682
848	44.506383	7.142669	0.000000	100.000000	2.480020
849	44.511271	7.090231	0.000000	100.000000	2.533788
850	44.510204	7.137368	0.000000	100.000000	2.467009
851	44.514376	7.150850	0.000000	100.000000	2.500675
852	44.515252	7.142236	0.000000	100.000000	2.487586
853	44.521454	7.185878	0.000000	100.000000	2.498552
854	44.519177	7.184823	0.000000	100.000000	2.528345
855	44.532579	7.160299	0.000000	100.000000	2.479735
856	44.530401	7.170117	0.000000	100.000000	2.462223
857	44.520938	7.186925	0.000000	100.000000	2.515397
858	44.517812	7.116451	0.000000	100.000000	2.506814
859	44.518718	7.134158	0.000000	100.000000	2.459071
860	44.519365	7.175835	0.000000	100.000000	2.501226
861	44.525588	7.176129	0.000000	100.000000	2.459531
862	44.516146	7.193765	0.000000	100.000000	2.557382
863	44.509071	7.213947	0.000000	100.000000	2.450449
864	44.508910	7.232034	0.000000	100.000000	2.404681
865	44.519728	7.190997	0.000000	100.000000	2.546307
866	44.520515	7.252224	0.000000	100.000000	2.453041
867	44.518977	7.266780	0.000000	100.000000	2.510485
868	44.529778	7.288143	0.000000	100.000000	2.481871
869	44.532183	7.270509	0.000000	100.000000	2.539848
870	44.535828	7.235874	0.000000	100.000000	2.456026
871	44.527042	7.220586	0.000000	100.000000	2.507102
872	44.521236	7.232518	0.000000	100.000000	2.468019
873	44.516909	7.269161	0.000000	100.000000	2.512399
874	44.527155	7.276316	0.000000	100.000000	2.459781
875	44.525516	7.210127	0.000000	100.000000	2.551513
876	44.524133	7.188659	0.000000	100.000000	2.453018
877	44.522548	7.224399	0.000000	100.000000	2.518416
878	44.511557	7.260621	0.000000	100.000000	2.458683
879	44.519258	7.210529	0.000000	100.000000	2.525691
880	44.514328	7.224162	0.000000	100.000000	2.453425
881	44.516695	7.206960	0.000000	100.000000	2.544706
882	44.513109	7.222250	0.000000	100.000000	2.483383
883	44.508764	7.195702	0.000000	100.000000	2.499773
884	44.508743	7.233089	0.000000	100.000000	2.520893
885	44.511884	7.198962	0.000000	100.000000	2.522197
886	44.516385	7.247880	0.000000	100.000000	2.456046
887	44.514012	7.218284	0.000000	100.000000	2.546925
888	44.503474	7.166471	0.000000	100.000000	2.445819
889	44.512182	7.231405	0.000000	100.000000	2.519696
890	44.517952	7.236028	0.000000	100.000000	2.479187
891	44.515222	7.209369	0.000000	100.000000	2.498644
892	44.521016	7.227369	0.000000	100.000000	2.527951
893	44.523466	7.223231	0.000000	100.000000	2.486767
894	44.521469	7.213812	0.000000	100.000000	2.514479
895	44.519383	7.281052	0.000000	100.000000	2.480565
896	44.513252	7.287869	0.000000	100.000000	2.460607
897	44.517052	7.234390	0.000000	100.000000	2.485451
898	44.522175	7.189430	0.000000	100.000000	2.483110
899	44.520158	7.200101	0.000000	100.000000	2.473298
900	44.522065	7.163836	0.000000	100.000000	2.575100
901	44.514352	7.193408	0.000000	100.000000	2.466428
902	44.520324	7.258595	0.000000	100.000000	2.492974
903	44.516930	7.269072	0.000000	100.000000	2.507172
904	44.519514	7.219731	0.000000	100.000000	2.484560
905	44.520926	7.256939	0.000000	100.000000	2.512136
906	44.526106	7.244514	0.000000	100.000000	2.475918
907	44.519019	7.247654	0.000000	100.000000	2.511304
908	44.520605	7.204382	0.000000	100.000000	2.486620
909	44.510683	7.200287	0.000000	100.000000	2.459867
910	44.514823	7.215600	0.000000	100.000000	2.511456
911	44.516575	7.238447	0.000000	100.000000	2.461233
912	44.521320	7.242999	0.000000	100.000000	2.501523
913	44.510600	7.226747	0.000000	100.000000	2.503711
914	44.515270	7.221362	0.000000	100.000000	2.517148
915	44.509643	7.184189	0.000000	100.000000	2.477798
916	44.503796	7.242638	0.000000	100.000000	2.510017
917	44.503129	7.195495	0.000000	100.000000	2.521426
918	44.514900	7.182143	0.000000	100.000000	2.501532
919	44.515839	7.192443	0.000000	100.000000	2.504873
920	44.516015	7.180608	0.000000	100.000000	2.491296
921	44.510168	7.192908	0.000000	100.000000	2.455659
922	44.665802	7.211786	0.000000	100.000000	2.516906
923	44.694543	7.231870	0.000000	100.000000	2.541204
924	44.701660	7.248307	0.000000	100.000000	2.487568
925	44.710207	7.252754	0.000000	100.000000	2.509131
926	44.712314	7.259676	0.000000	100.000000	2.529926
927	44.720417	7.283009	0.000000	100.000000	2.441167
928	44.722998	7.275715	0.000000	100.000000	2.419689
929	44.719809	7.306999	0.000000	100.000000	2.537664
930	44.725284	7.287718	0.000000	100.000000	2.453583
931	44.727594	7.331774	0.000000	100.000000	2.496644
932	44.725889	7.300440	0.000000	100.000000	2.505808
933	44.728735	7.312499	0.000000	100.000000	2.443071
934	44.733399	7.312600	0.000000	100.000000	2.512565
935	44.734579	7.286777	0.000000	100.000000	2.511504
936	44.734871	7.297399	0.000000	100.000000	2.468037
937	44.743297	7.296034	0.000000	100.000000	2.550620
938	44.743466	7.276128	0.000000	100.000000	2.506735
939	44.737026	7.275243	0.000000	100.000000	2.465706
940	44.739646	7.267940	0.000000	100.000000	2.529719
941	44.741049	7.211673	0.000000	100.000000	2.450918
942	44.741219	7.242161	0.000000	100.000000	2.526949
943	44.741306	7.255950	0.000000	100.000000	2.487868
944	44.740433	7.260501	0.000000	100.000000	2.517102
945	44.741464	7.224862	0.000000	100.000000	2.457322
946	44.745106	7.221271	0.000000	100.000000	2.490260
947	44.740644	7.238359	0.000000	100.000000	2.550448
948	44.741103	7.261798	0.000000	100.000000	2.469778
949	44.739202	7.259269	0.000000	100.000000	2.533933
950	44.738272	7.239786	0.000000	100.000000	2.491668
951	44.741356	7.212766	0.000000	100.000000	2.478760
952	44.743389	7.229040	0.000000	100.000000	2.527166
953	44.748855	7.214984	0.000000	100.000000	2.506405
954	44.739777	7.185076	0.000000	100.000000	2.491772
955	44.743627	7.200345	0.000000	100.000000	2.470427
956	44.741768	7.207743	0.000000	100.000000	2.537245
957	44.749326	7.237304	0.000000	100.000000	2.511980
958	44.749245	7.241553	0.000000	100.000000	2.450035
959	44.748899	7.245511	0.000000	100.000000	2.521074
960	44.744697	7.213423	0.000000	100.000000	2.525775
961	44.743645	7.219795	0.000000	100.000000	2.431010
962	44.744599	7.228930	0.000000	100.000000	2.494129
963	44.744173	7.256166	0.000000	100.000000	2.531471
964	44.751379	7.245303	0.000000	100.000000	2.485497
965	44.746354	7.218262	0.000000	100.000000	2.539161
966	44.746572	7.242132	0.000000	100.000000	2.522215
967	44.745904	7.198335	0.000000	100.000000	2.463087
968	44.751024	7.191218	0.000000	100.000000	2.543258
969	44.743356	7.175326	0.000000	100.000000	2.468135
970	44.748980	7.179706	0.000000	100.000000	2.507805
971	44.745904	7.179384	0.000000	100.000000	2.526011
972	44.753745	7.191550	0.000000	100.000000	2.445408
973	44.748801	7.183567	0.000000	100.000000	2.530214
974	44.750938	7.195666	0.000000	100.000000	2.498060
975	44.745857	7.168284	0.000000	100.000000	2.496258
976	44.741526	7.159287	0.000000	100.000000	2.518621
977	44.739610	7.138583	0.000000	100.000000	2.462647
978	44.739485	7.191413	0.000000	100.000000	2.522289
979	44.743577	7.178954	0.000000	100.000000	2.537719
980	44.744802	7.152983	0.000000	100.000000	2.485248
981	44.747472	7.167806	0.000000	100.000000	2.511245
982	44.748542	7.189622	0.000000	100.000000	2.478039
983	44.748488	7.203662	0.000000	100.000000	2.482565
984	44.747439	7.190134	0.000000	100.000000	2.511259
985	44.748124	7.206753	0.000000	100.000000	2.549136
986	44.745371	7.174539	0.000000	100.000000	2.490522
987	44.751924	7.170847	0.000000	100.000000	2.513126
988	44.746733	7.177069	0.000000	100.000000	2.532577
989	44.746742	7.217816	0.000000	100.000000	2.443743
990	44.753593	7.197305	0.000000	100.000000	2.534972
991	44.747943	7.202426	0.000000	100.000000	2.537869
992	44.750035	7.179778	0.000000	100.000000	2.403972
993	44.750506	7.193479	0.000000	100.000000	2.481024
994	44.745535	7.215972	0.000000	100.000000	2.512518
995	44.747519	7.163244	0.000000	100.000000	2.443763
996	44.747055	7.178311	0.000000	100.000000	2.516290
997	44.753981	7.154996	0.000000	100.000000	2.435123
998	44.753569	7.183045	0.000000	100.000000	2.509920
999	44.745737	7.173040	0.000000	100.000000	2.507290
1000	44.743341	7.181441	0.000000	100.000000	2.572432
1001	44.743717	7.157063	0.000000	100.000000	2.525137
1002	44.747806	7.179149	0.000000	100.000000	2.520606
1003	44.747990	7.154585	0.000000	100.000000	2.577919
1004	44.752818	7.170874	0.000000	100.000000	2.352726
1005	44.750747	7.182603	0.000000	100.000000	2.269336
1006	44.744819	7.122051	0.000000	100.000000	2.487800
1007	44.746149	7.138815	0.000000	100.000000	2.490686
1008	44.744667	7.147922	0.000000	100.000000	2.535123
1009	44.738740	7.162959	0.000000	100.000000	2.549973
1010	44.743508	7.191585	0.000000	100.000000	2.506641
1011	44.740236	7.132725	0.000000	100.000000	2.530588
1012	44.741875	7.173479	0.000000	100.000000	2.516256
1013	44.739336	7.191746	0.000000	100.000000	2.528976
1014	44.742990	7.151593	0.000000	100.000000	2.457346
1015	44.752678	7.162598	0.000000	100.000000	2.512016
1016	44.742522	7.194384	0.000000	100.000000	2.485776
1017	44.747490	7.185863	0.000000	100.000000	2.502934
1018	44.751328	7.153689	0.000000	100.000000	2.535406
1019	44.750863	7.169050	0.000000	100.000000	2.537460
1020	44.747621	7.161337	0.000000	100.000000	2.537840
1021	44.757149	7.144261	0.000000	100.000000	2.532588
1022	44.756699	7.120228	0.000000	100.000000	2.502070
1023	44.752169	7.143961	0.000000	100.000000	2.473212
1024	44.754362	7.194509	0.000000	100.000000	2.513356
1025	44.753903	7.143857	0.000000	100.000000	2.482533
1026	44.753408	7.146383	0.000000	100.000000	2.535558
1027	44.749692	7.124367	0.000000	100.000000	2.526566
1028	44.760323	7.165041	0.000000	100.000000	2.472564
1029	44.752482	7.177887	0.000000	100.000000	2.490505
1030	44.750166	7.187460	0.000000	100.000000	2.527321
1031	44.753188	7.183328	0.000000	100.000000	2.492094
1032	44.747889	7.206016	0.000000	100.000000	2.512390
1033	44.750249	7.162766	0.000000	100.000000	2.492216
1034	44.748721	7.167783	0.000000	100.000000	2.468961
1035	44.753093	7.180492	0.000000	100.000000	2.534113
1036	44.748014	7.161407	0.000000	100.000000	2.539485
1037	44.751903	7.144126	0.000000	100.000000	2.470313
1038	44.757551	7.138203	0.000000	100.000000	2.551790
1039	44.751951	7.144359	0.000000	100.000000	2.500743
1040	44.754702	7.145097	0.000000	100.000000	2.498736
1041	44.749936	7.167715	0.000000	100.000000	2.514270
1042	44.755840	7.181977	0.000000	100.000000	2.541100
1043	44.751152	7.192563	0.000000	100.000000	2.518220
1044	44.753301	7.150226	0.000000	100.000000	2.484499
1045	44.755089	7.099905	0.000000	100.000000	2.486076
1046	44.758537	7.117009	0.000000	100.000000	2.503094
1047	44.754171	7.151946	0.000000	100.000000	2.525160
1048	44.751653	7.153151	0.000000	100.000000	2.547898
1049	44.752285	7.156980	0.000000	100.000000	2.500141
1050	44.752955	7.110819	0.000000	100.000000	2.527520
1051	44.752371	7.124151	0.000000	100.000000	2.513004
1052	44.753015	7.107166	0.000000	100.000000	2.476410
1053	44.761953	7.127106	0.000000	100.000000	2.523162
1054	44.761103	7.170793	0.000000	100.000000	2.546714
1055	44.769487	7.154134	0.000000	100.000000	2.480002
1056	44.769877	7.139390	0.000000	100.000000	2.549173
1057	44.767222	7.112139	0.000000	100.000000	2.521847
1058	44.760674	7.109481	0.000000	100.000000	2.468795
1059	44.763523	7.104376	0.000000	100.000000	2.528649
1060	44.758332	7.098956	0.000000	100.000000	2.557183
1061	44.764635	7.081012	0.000000	100.000000	2.526672
1062	44.759950	7.108438	0.000000	100.000000	2.564956
1063	44.761011	7.130009	0.000000	100.000000	2.479857
1064	44.763768	7.132603	0.000000	100.000000	2.532048
1065	44.765890	7.160665	0.000000	100.000000	2.534167
1066	44.761953	7.122532	0.000000	100.000000	2.530644
1067	44.762400	7.123155	0.000000	100.000000	2.519350
1068	44.756025	7.143814	0.000000	100.000000	2.494675
1069	44.766060	7.157213	0.000000	100.000000	2.511223
1070	44.762796	7.156782	0.000000	100.000000	2.535908
1071	44.767195	7.161181	0.000000	100.000000	2.551416
1072	44.758987	7.144075	0.000000	100.000000	2.462988
1073	44.756821	7.149703	0.000000	100.000000	2.527107
1074	44.758600	7.127774	0.000000	100.000000	2.440992
1075	44.764403	7.125189	0.000000	100.000000	2.469932
1076	44.761264	7.144905	0.000000	100.000000	2.508075
1077	44.760996	7.149494	0.000000	100.000000	2.450402
1078	44.760674	7.176056	0.000000	100.000000	2.502737
1079	44.755313	7.192969	0.000000	100.000000	2.479498
1080	44.756582	7.142688	0.000000	100.000000	2.535427
1081	44.759279	7.150400	0.000000	100.000000	2.522658
1082	44.757962	7.150746	0.000000	100.000000	2.469551
1083	44.763148	7.138274	0.000000	100.000000	2.515481
1084	44.765848	7.131041	0.000000	100.000000	2.542103
1085	44.761229	7.164646	0.000000	100.000000	2.496247
1086	44.756025	7.183340	0.000000	100.000000	2.514316
1087	44.761124	7.131781	0.000000	100.000000	2.508350
1088	44.766399	7.162222	0.000000	100.000000	2.467744
1089	44.763750	7.158099	0.000000	100.000000	2.498039
1090	44.759703	7.162306	0.000000	100.000000	2.502263
1091	44.762504	7.124047	0.000000	100.000000	2.472995
1092	44.763866	7.115975	0.000000	100.000000	2.553320
1093	44.755954	7.117798	0.000000	100.000000	2.512154
1094	44.758290	7.113137	0.000000	100.000000	2.476382
1095	44.761828	7.122702	0.000000	100.000000	2.522564
1096	44.752258	7.142945	0.000000	100.000000	2.539452
1097	44.755965	7.141684	0.000000	100.000000	2.552829
1098	44.747066	7.132970	0.000000	100.000000	2.526235
1099	44.754124	7.145691	0.000000	100.000000	2.491086
1100	44.765174	7.167593	0.000000	100.000000	2.530256
1101	44.761032	7.139468	0.000000	100.000000	2.512848
1102	44.759119	7.168142	0.000000	100.000000	2.509577
1103	44.761932	7.154444	0.000000	100.000000	2.480169
1104	44.757956	7.140775	0.000000	100.000000	2.535452
1105	44.756079	7.135668	0.000000	100.000000	2.436384
1106	44.762397	7.137336	0.000000	100.000000	2.451925
1107	44.757012	7.123096	0.000000	100.000000	2.281934
1108	44.801012	7.160144	0.000000	100.000000	2.314047
1109	44.801199	7.162095	0.000000	100.000000	2.229954
1110	44.800830	7.162625	0.000000	100.000000	2.272258
1111	44.800138	7.164982	0.000000	100.000000	2.318367
1112	44.800079	7.165576	0.000000	100.000000	2.236876
1113	44.800043	7.165709	0.000000	100.000000	2.269984
1114	44.800165	7.164654	0.000000	100.000000	2.299982
1115	44.800162	7.164352	0.000000	100.000000	2.230280
1116	44.800174	7.164614	0.000000	100.000000	2.215792
1117	44.800174	7.164614	0.000000	100.000000	2.293382
1118	44.800174	7.164614	0.000000	100.000000	2.307534
1119	44.800174	7.164614	0.000000	100.000000	2.214687
1120	44.800174	7.164614	0.000000	100.000000	2.283753
1121	44.800174	7.164614	0.000000	100.000000	2.271756
1122	44.800174	7.164614	0.000000	100.000000	2.257750
1123	44.800174	7.164614	0.000000	100.000000	2.318148
1124	44.800174	7.164614	0.000000	100.000000	2.240258
1125	44.800174	7.164614	0.000000	100.000000	2.257887
1126	44.800174	7.164614	0.000000	100.000000	2.269226
1127	44.800174	7.164614	0.000000	100.000000	2.313782
1128	44.800174	7.164614	0.000000	100.000000	2.227892
1129	44.800174	7.164614	0.000000	100.000000	2.252728
1130	44.800174	7.164614	0.000000	100.000000	2.308260
1131	44.800174	7.164614	0.000000	100.000000	2.254023
1132	44.800174	7.164614	0.000000	100.000000	2.285090
1133	44.800174	7.164614	0.000000	100.000000	2.262587
1134	44.800174	7.164614	0.000000	100.000000	2.279013
1135	44.800174	7.164614	0.000000	100.000000	2.220216
1136	44.800174	7.164614	0.000000	100.000000	2.259423
1137	44.800174	7.164614	0.000000	100.000000	2.262259
1138	44.800174	7.164614	0.000000	100.000000	2.296437
1139	44.800174	7.164614	0.000000	100.000000	2.253361
1140	44.800174	7.164614	0.000000	100.000000	2.226771
1141	44.800174	7.164614	0.000000	100.000000	2.168847
1142	44.800174	7.164614	0.000000	100.000000	2.247277
1143	44.800174	7.164614	0.000000	100.000000	2.236082
1144	44.800174	7.164614	0.000000	100.000000	2.251079
1145	44.800174	7.164614	0.000000	100.000000	2.251179
1146	44.800174	7.164614	0.000000	100.000000	2.298538
1147	44.800174	7.164614	0.000000	100.000000	2.289430
1148	44.800174	7.164614	0.000000	100.000000	2.257353
1149	44.800174	7.164614	0.000000	100.000000	2.266633
1150	44.800174	7.164614	0.000000	100.000000	2.245320
1151	44.800174	7.164614	0.000000	100.000000	2.251204
1152	44.800174	7.164614	0.000000	100.000000	2.311397
1153	44.800174	7.164614	0.000000	100.000000	2.251215
1154	44.800174	7.164614	0.000000	100.000000	2.253632
1155	44.800174	7.164614	0.000000	100.000000	2.223322
1156	44.800174	7.164614	0.000000	100.000000	2.273640
1157	44.800174	7.164614	0.000000	100.000000	2.308152
1158	44.800174	7.164614	0.000000	100.000000	2.220361
1159	44.800174	7.164614	0.000000	100.000000	2.256897
