1	25.290164	2.074252	0.000000	59.933333	2.219052
2	31.974751	3.346908	0.000000	59.933333	2.205801
3	36.576575	4.015127	0.000000	59.933333	2.199528
4	39.065126	4.479524	0.000000	59.933333	2.301512
5	40.499032	4.608864	0.000000	59.933333	2.197179
6	41.378856	4.762448	0.000000	59.933333	2.195004
7	41.986930	4.935896	0.000000	59.933333	2.211576
8	42.459613	4.992797	0.000000	59.933333	2.209007
9	42.849246	5.046804	0.000000	59.933333	2.207840
10	43.140370	5.104520	0.000000	59.933333	2.201182
11	43.358344	5.185131	0.000000	59.933333	2.200060
12	43.574476	5.230672	0.000000	59.933333	2.225240
13	43.719697	5.193537	0.000000	59.933333	2.297928
14	43.858194	5.207701	0.000000	59.933333	2.199735
15	43.983823	5.238716	0.000000	59.933333	2.285762
16	44.083446	5.320820	0.000000	59.933333	2.192260
17	44.167134	5.342743	0.000000	59.933333	2.198629
18	44.248694	5.210247	0.000000	59.933333	2.208373
19	44.315058	5.382039	0.000000	59.933333	2.206410
20	44.365400	5.427316	0.000000	59.933333	2.205739
21	44.427860	5.286664	0.000000	59.933333	2.197050
22	44.493246	5.348966	0.000000	59.933333	2.186928
23	44.523311	5.285274	0.000000	59.933333	2.190036
24	44.572949	5.362438	0.000000	59.933333	2.302350
25	44.618636	5.336768	0.000000	59.933333	2.203796
26	44.661528	5.345792	0.000000	59.933333	2.211452
27	44.679338	5.419463	0.000000	59.933333	2.293689
28	44.712248	5.406832	0.000000	59.933333	2.204673
29	44.712073	5.425885	0.000000	59.933333	2.199246
30	44.724327	5.520769	0.000000	59.933333	2.286237
31	44.749340	5.560199	0.000000	59.933333	2.204105
32	44.765005	5.538065	0.000000	59.933333	2.203904
33	44.785410	5.543282	0.000000	59.933333	2.214114
34	44.806814	5.556580	0.000000	59.933333	2.404444
35	44.818172	5.620203	0.000000	59.933333	2.211858
36	44.815281	5.676918	0.000000	59.933333	2.199675
37	44.846404	5.688547	0.000000	59.933333	2.176777
38	44.849181	5.804740	0.000000	59.933333	2.169980
39	44.859210	5.716107	0.000000	59.933333	2.174253
40	44.847518	5.671282	0.000000	59.933333	2.176903
41	44.849190	5.747134	0.000000	59.933333	2.174278
42	44.859499	5.796859	0.000000	59.933333	2.179940
43	44.870004	5.784608	0.000000	59.933333	2.177638
44	44.895053	5.857753	0.000000	59.933333	2.178861
45	44.890523	5.856332	0.000000	59.933333	2.169783
46	44.886833	5.815421	0.000000	59.933333	2.176817
47	44.913483	5.814401	0.000000	59.933333	2.176082
48	44.920623	5.851254	0.000000	59.933333	2.175188
49	44.909912	5.786458	0.000000	59.933333	2.179264
50	44.910240	5.846439	0.000000	59.933333	2.177191
51	44.932908	5.946522	0.000000	59.933333	2.174940
52	44.933200	5.873582	0.000000	59.933333	2.175620
53	44.957423	5.878026	0.000000	59.933333	2.181676
54	44.957095	5.859955	0.000000	59.933333	2.172104
55	44.960237	5.849350	0.000000	59.933333	2.173974
56	44.963485	5.936821	0.000000	59.933333	2.457811
57	44.978070	5.983957	0.000000	59.933333	2.324990
58	44.994825	5.989134	0.000000	59.933333	2.214766
59	45.001781	6.017105	0.000000	59.933333	2.218381
60	45.003706	6.036722	0.000000	59.933333	2.211845
61	44.995350	6.087963	0.000000	59.933333	2.305722
62	44.993997	6.007947	0.000000	59.933333	2.281457
63	45.001358	6.000170	0.000000	59.933333	2.184854
64	44.998491	6.013979	0.000000	59.933333	2.167244
65	45.014381	5.996660	0.000000	59.933333	2.176758
66	45.030272	6.017493	0.000000	59.933333	2.187523
67	45.039427	6.065614	0.000000	59.933333	2.170038
68	45.026827	6.052743	0.000000	59.933333	2.172758
69	45.032078	6.139695	0.000000	59.933333	2.181722
70	45.040935	6.092608	0.000000	59.933333	2.196887
71	45.039356	6.196353	0.000000	59.933333	2.192424
72	45.030752	6.228030	0.000000	59.933333	2.177615
73	45.034763	6.323671	0.000000	59.933333	2.300668
74	45.041037	6.380175	0.000000	59.933333	2.301430
75	45.056963	6.338290	0.000000	59.933333	2.198719
76	45.057142	6.358185	0.000000	59.933333	2.302559
77	45.055354	6.377623	0.000000	59.933333	2.302760
78	45.067611	6.385662	0.000000	59.933333	2.305298
79	45.054233	6.401578	0.000000	59.933333	2.205073
80	45.067382	6.460611	0.000000	59.933333	2.214640
81	45.065874	6.428075	0.000000	59.933333	2.208939
82	45.087075	6.548720	0.000000	59.933333	2.307381
83	45.062906	6.561939	0.000000	59.933333	2.215755
84	45.080060	6.586767	0.000000	59.933333	2.199953
85	45.094398	6.488918	0.000000	59.933333	2.198575
86	45.092642	6.524144	0.000000	59.933333	2.298576
87	45.105079	6.496736	0.000000	59.933333	2.298353
88	45.120376	6.570025	0.000000	59.933333	2.208679
89	45.110160	6.690661	0.000000	59.933333	2.197874
90	45.128697	6.722047	0.000000	59.933333	2.210323
91	45.130333	6.805799	0.000000	59.933333	2.211042
92	45.155132	6.788726	0.000000	59.933333	2.313209
93	45.153260	6.815887	0.000000	59.933333	2.313614
94	45.160705	6.907876	0.000000	59.933333	2.294964
95	45.171246	6.960355	0.000000	59.933333	2.199677
96	45.190609	6.931018	0.000000	59.933333	2.205984
97	45.180053	6.920954	0.000000	59.933333	2.203979
98	45.192862	6.970643	0.000000	59.933333	2.210609
99	45.192462	6.997973	0.000000	59.933333	2.297575
100	45.196229	6.944846	0.000000	59.933333	2.215293
101	45.220304	6.928439	0.000000	59.933333	2.202310
102	45.214173	6.949630	0.000000	59.933333	2.209445
103	45.215935	6.943797	0.000000	59.933333	2.210634
104	45.205969	6.951739	0.000000	59.933333	2.308261
105	45.218575	6.908678	0.000000	59.933333	2.304253
106	45.212591	6.876288	0.000000	59.933333	2.199432
107	45.229775	7.059026	0.000000	59.933333	2.284690
108	45.231014	7.063463	0.000000	59.933333	2.215140
109	45.230138	7.131765	0.111235	59.933333	2.203981
110	45.236081	7.071604	0.111235	59.933333	2.302611
111	45.245868	7.098716	0.111235	59.933333	2.213249
112	45.249689	7.062974	0.000000	59.933333	2.200912
113	45.251113	7.068724	0.111235	59.933333	2.196719
114	45.252666	7.079522	0.000000	59.933333	2.201767
115	45.261765	7.060554	0.000000	59.933333	2.222323
116	45.269841	7.033181	0.111235	59.933333	2.210669
117	45.265037	6.990303	0.000000	59.933333	2.197002
118	45.262367	7.009285	0.000000	59.933333	2.195008
119	45.258540	6.993052	0.000000	59.933333	2.214821
120	45.248646	6.994066	0.111235	59.933333	2.204236
121	45.272243	7.027996	0.111235	59.933333	2.215605
122	45.270586	7.086008	0.111235	59.933333	2.292216
123	45.248470	7.111371	0.111235	59.933333	2.218330
124	45.272329	7.045081	0.000000	59.933333	2.301649
125	45.273751	6.910509	0.000000	59.933333	2.218213
126	45.262903	7.039824	0.000000	59.933333	2.209601
127	45.277935	6.933695	0.111235	59.933333	2.207657
128	45.276761	6.881683	0.000000	59.933333	2.202448
129	45.280865	6.947396	0.111235	59.933333	2.195619
130	45.293570	6.976777	0.111235	59.933333	2.304592
131	45.295608	6.964639	0.000000	59.933333	2.206956
132	45.285508	6.911333	0.000000	59.933333	2.200708
133	45.289397	6.973601	0.000000	59.933333	2.309182
134	45.289803	6.888050	0.000000	59.933333	2.296344
135	45.297146	6.935695	0.000000	59.933333	2.302063
136	45.288932	6.945997	0.000000	59.933333	2.214952
137	45.291746	7.021363	0.000000	59.933333	2.299427
138	45.302069	7.030271	0.000000	59.933333	2.207413
139	45.297810	7.049113	0.000000	59.933333	2.202328
140	45.312750	7.045618	0.000000	59.933333	2.210298
141	45.320848	7.081718	0.000000	59.933333	2.200911
142	45.311338	7.051942	0.000000	59.933333	2.215816
143	45.323601	7.079266	0.111235	59.933333	2.218468
144	45.321316	7.150419	0.111235	59.933333	2.202302
145	45.330170	7.217503	0.111235	59.933333	2.196527
146	45.307684	7.171813	0.000000	59.933333	2.200682
147	45.321515	7.199674	0.000000	59.933333	2.214570
148	45.326447	7.230647	0.000000	59.933333	2.217664
149	45.343152	7.384499	0.000000	59.933333	2.205951
150	45.331037	7.325659	0.000000	59.933333	2.207426
151	45.338988	7.212447	0.000000	59.933333	2.203779
152	45.340389	7.239341	0.000000	59.933333	2.197402
153	45.328683	7.156383	0.000000	59.933333	2.199742
154	45.348281	7.276971	0.000000	59.933333	2.207334
155	45.358258	7.269644	0.000000	59.933333	2.278854
156	45.373344	7.178551	0.000000	59.933333	2.225033
157	45.354319	7.190520	0.000000	59.933333	2.225331
158	45.346856	7.133218	0.111235	59.933333	2.203914
159	45.335621	7.141349	0.000000	59.933333	2.303913
160	45.334071	7.127710	0.000000	59.933333	2.305600
161	45.336854	7.159044	0.000000	59.933333	2.202386
162	45.343620	7.109683	0.000000	59.933333	2.225676
163	45.346487	7.018686	0.000000	59.933333	2.197532
164	45.365608	7.001917	0.000000	59.933333	2.202092
165	45.351407	7.085695	0.000000	59.933333	2.198995
166	45.348954	7.089745	0.000000	59.933333	2.208200
167	45.355487	7.051469	0.000000	59.933333	2.210073
168	45.375988	7.064251	0.000000	59.933333	2.210662
169	45.372021	7.100276	0.000000	59.933333	2.294636
170	45.369542	7.070886	0.000000	59.933333	2.203811
171	45.397013	7.181084	0.000000	59.933333	2.296302
172	45.398974	7.224128	0.000000	59.933333	2.210995
173	45.384145	7.191381	0.000000	59.933333	2.312029
174	45.372739	7.078233	0.000000	59.933333	2.216268
175	45.370156	7.098734	0.000000	59.933333	2.194237
176	45.377803	7.091242	0.000000	59.933333	2.303246
177	45.392495	7.201072	0.000000	59.933333	2.297882
178	45.376462	7.177848	0.000000	59.933333	2.292152
179	45.379761	7.194606	0.000000	59.933333	2.204551
180	45.371935	7.174488	0.000000	59.933333	2.228537
181	45.380437	7.156455	0.000000	59.933333	2.211957
182	45.385927	7.128992	0.000000	59.933333	2.387946
183	45.388705	7.170146	0.000000	59.933333	2.385310
184	45.382369	7.196456	0.000000	59.933333	2.339211
185	45.386311	7.271414	0.000000	59.933333	2.293638
186	45.400727	7.254374	0.000000	59.933333	2.393420
187	45.393407	7.267307	0.000000	59.933333	2.233101
188	45.395756	7.243931	0.000000	59.933333	2.211167
189	45.400524	7.216965	0.000000	59.933333	2.311070
190	45.391178	7.193197	0.000000	59.933333	2.210929
191	45.380571	7.170217	0.000000	59.933333	2.213958
192	45.386904	7.142834	0.000000	59.933333	2.200024
193	45.372260	7.178230	0.000000	59.933333	2.290303
194	45.370150	7.257784	0.000000	59.933333	2.298662
195	45.376381	7.333370	0.000000	59.933333	2.215432
196	45.389390	7.121982	0.000000	59.933333	2.199030
197	45.403013	7.103044	0.000000	59.933333	2.295997
198	45.401636	7.128053	0.000000	59.933333	2.213547
199	45.397818	7.203630	0.000000	59.933333	2.206490
200	45.390642	7.312866	0.000000	59.933333	2.369961
201	45.375621	7.218805	0.000000	59.933333	2.310314
202	45.388556	7.228493	0.000000	59.933333	2.504695
203	45.398703	7.271346	0.000000	59.933333	2.204015
204	45.395541	7.211584	0.000000	59.933333	2.232407
205	45.390132	7.274951	0.000000	59.933333	2.219952
206	45.414996	7.299273	0.000000	59.933333	2.204688
207	45.405731	7.245166	0.000000	59.933333	2.290989
208	45.404214	7.212594	0.000000	59.933333	2.216369
209	45.396727	7.168987	0.000000	59.933333	2.217687
210	45.408887	7.178028	0.000000	59.933333	2.192874
211	45.405376	7.287716	0.000000	59.933333	2.205007
212	45.387134	7.336332	0.000000	59.933333	2.202085
213	45.400915	7.414288	0.000000	59.933333	2.215557
214	45.402837	7.476432	0.000000	59.933333	2.380096
215	45.391917	7.320915	0.000000	59.933333	2.406739
216	45.409262	7.297132	0.000000	59.933333	2.230114
217	45.406336	7.265077	0.000000	59.933333	2.220691
218	45.400867	7.173021	0.000000	59.933333	2.195976
219	45.392644	7.205328	0.000000	59.933333	2.206282
220	45.405596	7.259848	0.000000	59.933333	2.302624
221	45.411593	7.362800	0.000000	59.933333	2.203384
222	45.408079	7.302191	0.000000	59.933333	2.299330
223	45.400798	7.271758	0.000000	59.933333	2.205195
224	45.406455	7.266702	0.000000	59.933333	2.195483
225	45.411292	7.244388	0.000000	59.933333	2.215574
226	45.422673	7.303474	0.000000	59.933333	2.211885
227	45.404410	7.262873	0.000000	59.933333	2.211656
228	45.431557	7.289464	0.000000	59.933333	2.294038
229	45.421278	7.214635	0.000000	59.933333	2.212425
230	45.408285	7.221840	0.000000	59.933333	2.221404
231	45.404023	7.339919	0.000000	59.933333	2.206869
232	45.409286	7.414243	0.000000	59.933333	2.200321
233	45.389944	7.354401	0.000000	59.933333	2.298856
234	45.392555	7.420570	0.000000	59.933333	2.299232
235	45.408696	7.423335	0.000000	59.933333	2.209778
236	45.419884	7.409331	0.000000	59.933333	2.205078
237	45.412254	7.324233	0.000000	59.933333	2.215161
238	45.401472	7.334489	0.000000	59.933333	2.200719
239	45.397970	7.388852	0.000000	59.933333	2.200337
240	45.406523	7.388770	0.000000	59.933333	2.213034
241	45.409501	7.315469	0.000000	59.933333	2.212236
242	45.415643	7.410108	0.000000	59.933333	2.202358
243	45.414710	7.375670	0.000000	59.933333	2.199167
244	45.412299	7.325400	0.000000	59.933333	2.200651
245	45.409462	7.419679	0.000000	59.933333	2.217149
246	45.413190	7.295553	0.000000	59.933333	2.219153
247	45.416790	7.275601	0.000000	59.933333	2.194340
248	45.414123	7.284248	0.000000	59.933333	2.200385
249	45.421538	7.264987	0.000000	59.933333	2.312270
250	45.420778	7.355978	0.000000	59.933333	2.302853
251	45.415533	7.379161	0.000000	59.933333	2.211934
252	45.433003	7.335803	0.000000	59.933333	2.204674
253	45.445263	7.349325	0.000000	59.933333	2.202314
254	45.421761	7.359838	0.000000	59.933333	2.377250
255	45.424035	7.280859	0.000000	59.933333	2.305445
256	45.411113	7.246375	0.000000	59.933333	2.196592
257	45.414722	7.301355	0.000000	59.933333	2.227372
258	45.413280	7.319997	0.000000	59.933333	2.217913
259	45.418203	7.325569	0.000000	59.933333	2.211171
260	45.437720	7.334689	0.000000	59.933333	2.302968
261	45.445997	7.304262	0.000000	59.933333	2.287566
262	45.437342	7.150888	0.000000	59.933333	2.201129
263	45.442241	7.268956	0.000000	59.933333	2.216976
264	45.451915	7.254308	0.000000	59.933333	2.200136
265	45.435211	7.219470	0.000000	59.933333	2.200421
266	45.422995	7.291061	0.000000	59.933333	2.297317
267	45.434701	7.263102	0.000000	59.933333	2.198744
268	45.424139	7.248227	0.000000	59.933333	2.215042
269	45.431775	7.265751	0.000000	59.933333	2.212163
270	45.427477	7.282392	0.000000	59.933333	2.319963
271	45.417884	7.288637	0.000000	59.933333	2.316020
272	45.417315	7.249444	0.000000	59.933333	2.301187
273	45.429444	7.306109	0.000000	59.933333	2.204561
274	45.433390	7.285162	0.000000	59.933333	2.196922
275	45.429111	7.322926	0.000000	59.933333	2.294371
276	45.427084	7.330573	0.000000	59.933333	2.302016
277	45.438948	7.287879	0.000000	59.933333	2.207714
278	45.428056	7.382367	0.000000	59.933333	2.201075
279	45.412773	7.339210	0.000000	59.933333	2.214998
280	45.428181	7.296197	0.000000	59.933333	2.206798
281	45.418718	7.220827	0.000000	59.933333	2.202505
282	45.433193	7.207224	0.000000	59.933333	2.221521
283	45.435613	7.276220	0.000000	59.933333	2.201561
284	45.437497	7.292325	0.000000	59.933333	2.198021
285	45.439821	7.350291	0.000000	59.933333	2.197474
286	45.447922	7.202220	0.000000	59.933333	2.218603
287	45.434418	7.301063	0.000000	59.933333	2.200484
288	45.431733	7.376373	0.000000	59.933333	2.209779
289	45.440084	7.352106	0.000000	59.933333	2.199668
290	45.430380	7.315302	0.000000	59.933333	2.204681
291	45.439607	7.298984	0.000000	59.933333	2.303012
292	45.437646	7.384644	0.000000	59.933333	2.306577
293	45.436627	7.290758	0.000000	59.933333	2.215696
294	45.447484	7.338179	0.000000	59.933333	2.203380
295	45.457631	7.394281	0.000000	59.933333	2.215075
296	45.457011	7.444222	0.000000	59.933333	2.212775
297	45.455587	7.392190	0.000000	59.933333	2.203262
298	45.437384	7.298792	0.000000	59.933333	2.208506
299	45.443603	7.333787	0.000000	59.933333	2.292946
300	45.455781	7.305254	0.000000	59.933333	2.308326
301	45.465511	7.386633	0.000000	59.933333	2.275726
302	45.459545	7.465405	0.000000	59.933333	2.212800
303	45.469934	7.358818	0.000000	59.933333	2.220205
304	45.462686	7.460824	0.000000	59.933333	2.214486
305	45.473146	7.414029	0.000000	59.933333	2.307664
306	45.463198	7.368180	0.000000	59.933333	2.202857
307	45.461038	7.329022	0.000000	59.933333	2.212610
308	45.468104	7.293324	0.000000	59.933333	2.205263
309	45.458555	7.290273	0.000000	59.933333	2.195354
310	45.465076	7.369815	0.000000	59.933333	2.207464
311	45.470262	7.403394	0.000000	59.933333	2.219122
312	45.459229	7.390534	0.000000	59.933333	2.200471
313	45.452935	7.405689	0.000000	59.933333	2.207371
314	45.457041	7.380019	0.000000	59.933333	2.294154
315	45.461023	7.359987	0.000000	59.933333	2.206470
316	45.455018	7.315432	0.000000	59.933333	2.207778
317	45.474374	7.445762	0.000000	59.933333	2.307221
318	45.474827	7.522982	0.000000	59.933333	2.332115
319	45.469287	7.516224	0.000000	59.933333	2.203733
320	45.474324	7.468883	0.000000	59.933333	2.210707
321	45.476627	7.455971	0.000000	59.933333	2.211217
322	45.465779	7.487951	0.000000	59.933333	2.289545
323	45.470595	7.568881	0.000000	59.933333	2.204494
324	45.455211	7.580925	0.000000	59.933333	2.199114
325	45.469034	7.485024	0.000000	59.933333	2.208844
326	45.463359	7.459400	0.000000	59.933333	2.307711
327	45.480567	7.473005	0.000000	59.933333	2.478720
328	45.482540	7.497902	0.000000	59.933333	2.407781
329	45.476413	7.541086	0.000000	59.933333	2.222341
330	45.477346	7.434130	0.000000	59.933333	2.201404
331	45.484507	7.531204	0.000000	59.933333	2.295574
332	45.493686	7.575094	0.000000	59.933333	2.301166
333	45.498794	7.566446	0.000000	59.933333	2.208466
334	45.494604	7.578490	0.000000	59.933333	2.226949
335	45.476961	7.581116	0.000000	59.933333	2.205216
336	45.485070	7.694647	0.000000	59.933333	2.301086
337	45.480931	7.653395	0.000000	59.933333	2.299735
338	45.481113	7.675948	0.000000	59.933333	2.205203
339	45.496827	7.691010	0.000000	59.933333	2.206294
340	45.483032	7.607324	0.000000	59.933333	2.200620
341	45.489877	7.607821	0.000000	59.933333	2.215766
342	45.479447	7.522776	0.000000	59.933333	2.197605
343	45.476118	7.531592	0.000000	59.933333	2.204561
344	45.473322	7.595814	0.000000	59.933333	2.218782
345	45.474553	7.519869	0.000000	59.933333	2.215681
346	45.477021	7.557314	0.000000	59.933333	2.205911
347	45.476341	7.612400	0.000000	59.933333	2.300782
348	45.488918	7.519197	0.000000	59.933333	2.290473
349	45.473492	7.517859	0.000000	59.933333	2.300686
350	45.494896	7.607267	0.000000	59.933333	2.211553
351	45.490062	7.595791	0.000000	59.933333	2.207056
352	45.495069	7.597864	0.000000	59.933333	2.213470
353	45.501539	7.678902	0.000000	59.933333	2.309839
354	45.500454	7.674685	0.000000	59.933333	2.303419
355	45.482156	7.661169	0.000000	59.933333	2.209893
356	45.480835	7.696022	0.000000	59.933333	2.215765
357	45.485324	7.639517	0.000000	59.933333	2.204621
358	45.473778	7.691018	0.000000	59.933333	2.199085
359	45.493063	7.685992	0.000000	59.933333	2.202851
360	45.476764	7.635855	0.000000	59.933333	2.202773
361	45.496029	7.672011	0.000000	59.933333	2.214941
362	45.495158	7.687240	0.000000	59.933333	2.208743
363	45.497298	7.705362	0.000000	59.933333	2.298090
364	45.481640	7.692706	0.000000	59.933333	2.388030
365	45.491084	7.731527	0.000000	59.933333	2.307912
366	45.496443	7.654690	0.000000	59.933333	2.389742
367	45.493120	7.675654	0.000000	59.933333	2.340614
368	45.491964	7.632572	0.000000	59.933333	2.299866
369	45.502859	7.773415	0.000000	59.933333	2.387897
370	45.511016	7.707754	0.000000	59.933333	2.317817
371	45.519415	7.641625	0.000000	59.933333	2.305444
372	45.523679	7.708665	0.000000	59.933333	2.209895
373	45.526177	7.685602	0.000000	59.933333	2.210272
374	45.511261	7.640342	0.000000	59.933333	2.301083
375	45.503670	7.750192	0.000000	59.933333	2.232240
376	45.514667	7.700414	0.000000	59.933333	2.209206
377	45.496464	7.777941	0.000000	59.933333	2.204859
378	45.508233	7.839773	0.000000	59.933333	2.289179
379	45.516777	7.893116	0.000000	59.933333	2.392215
380	45.509386	7.841389	0.000000	59.933333	2.316483
381	45.512027	7.764291	0.000000	59.933333	2.296504
382	45.512241	7.795179	0.000000	59.933333	2.201819
383	45.521152	7.860799	0.000000	59.933333	2.296479
384	45.511794	7.884350	0.000000	59.933333	2.209654
385	45.512247	7.849102	0.000000	59.933333	2.202883
386	45.510685	7.837580	0.000000	59.933333	2.312268
387	45.522979	7.899590	0.000000	59.933333	2.292620
388	45.508879	7.803813	0.000000	59.933333	2.369149
389	45.517266	7.712243	0.000000	59.933333	2.234765
390	45.522928	7.896904	0.000000	59.933333	2.213132
391	45.511165	7.861147	0.000000	59.933333	2.225139
392	45.519269	7.790960	0.000000	59.933333	2.218703
393	45.512566	7.836409	0.000000	59.933333	2.201781
394	45.509857	7.940951	0.000000	59.933333	2.196556
395	45.528811	7.903381	0.000000	59.933333	2.204931
396	45.533955	7.867829	0.000000	59.933333	2.205206
397	45.541003	7.879564	0.000000	59.933333	2.211681
398	45.547861	7.923836	0.000000	59.933333	2.388169
399	45.546216	7.832780	0.000000	59.933333	2.305999
400	45.534635	7.785838	0.000000	59.933333	2.219086
401	45.541379	7.927696	0.000000	59.933333	2.201759
402	45.548406	7.962210	0.000000	59.933333	2.208535
403	45.563400	7.907969	0.000000	59.933333	2.213441
404	45.552701	7.922260	0.000000	59.933333	2.209950
405	45.545197	7.978779	0.000000	59.933333	2.293628
406	45.539880	7.981006	0.000000	59.933333	2.294109
407	45.538706	8.084984	0.000000	59.933333	2.300128
408	45.555893	8.010359	0.000000	59.933333	2.197671
409	45.548785	7.958429	0.000000	59.933333	2.216600
410	45.541209	7.906573	0.000000	59.933333	2.336885
411	45.540461	7.932970	0.000000	59.933333	2.287892
412	45.542371	7.885142	0.000000	59.933333	2.205656
413	45.547587	7.990866	0.000000	59.933333	2.307795
414	45.559305	8.094706	0.000000	59.933333	2.305129
415	45.558673	8.064022	0.000000	59.933333	2.301185
416	45.545322	7.990382	0.000000	59.933333	2.223879
417	45.548731	8.028822	0.000000	59.933333	2.218856
418	45.567903	8.004166	0.000000	59.933333	2.203863
419	45.556960	8.103012	0.000000	59.933333	2.190399
420	45.540768	8.089178	0.000000	59.933333	2.195830
421	45.531803	8.079415	0.000000	59.933333	2.208527
422	45.519355	8.031449	0.000000	59.933333	2.222720
423	45.526218	7.988661	0.000000	59.933333	2.205770
424	45.520929	7.961401	0.000000	59.933333	2.293565
425	45.532346	7.973346	0.000000	59.933333	2.204256
426	45.536000	8.051944	0.000000	59.933333	2.208602
427	45.536363	8.005458	0.000000	59.933333	2.294950
428	45.532721	8.019169	0.000000	59.933333	2.211791
429	45.532149	8.104437	0.000000	59.933333	2.204003
430	45.543373	8.061353	0.000000	59.933333	2.195693
431	45.533264	8.062621	0.000000	59.933333	2.203424
432	45.541626	8.005296	0.000000	59.933333	2.216844
433	45.547104	8.042989	0.000000	59.933333	2.230915
434	45.558918	8.050604	0.000000	59.933333	2.325339
435	45.545739	8.070531	0.000000	59.933333	2.406862
436	45.549756	8.069601	0.000000	59.933333	2.211477
437	45.551991	8.024350	0.000000	59.933333	2.494690
438	45.557839	7.946951	0.000000	59.933333	2.304306
439	45.548290	7.954899	0.000000	59.933333	2.196409
440	45.550686	7.977672	0.000000	59.933333	2.402066
441	45.556343	7.925267	0.000000	59.933333	2.321096
442	45.541644	7.834796	0.000000	59.933333	2.312745
443	45.543388	7.746242	0.000000	59.933333	2.489877
444	45.551619	7.868275	0.000000	59.933333	2.301327
445	45.536071	7.869947	0.000000	59.933333	2.206187
446	45.537168	7.933008	0.000000	59.933333	2.311688
447	45.536345	8.051586	0.000000	59.933333	2.295707
448	45.537788	7.961232	0.000000	59.933333	2.220930
449	45.535666	8.062006	0.000000	59.933333	2.213040
450	45.534354	8.067197	0.000000	59.933333	2.202368
451	45.523015	8.187075	0.000000	59.933333	2.301972
452	45.527685	8.147078	0.000000	59.933333	2.306510
453	45.548955	8.236161	0.000000	59.933333	2.204154
454	45.550197	8.185710	0.000000	59.933333	2.293730
455	45.536691	8.191512	0.000000	59.933333	2.210238
456	45.543408	8.191785	0.000000	59.933333	2.215176
457	45.541531	8.268010	0.000000	59.933333	2.309836
458	45.529094	8.254010	0.000000	59.933333	2.400002
459	45.546699	8.126925	0.000000	59.933333	2.398263
460	45.562017	8.124338	0.000000	59.933333	2.214772
461	45.556015	8.061337	0.000000	59.933333	2.309112
462	45.549545	8.066340	0.000000	59.933333	2.408458
463	45.548815	8.091242	0.000000	59.933333	2.196642
464	45.554966	8.076167	0.000000	59.933333	2.399907
465	45.563018	8.094271	0.000000	59.933333	2.316653
466	45.555931	8.052155	0.000000	59.933333	2.308080
467	45.550096	8.039162	0.000000	59.933333	2.375237
468	45.545378	7.989469	0.000000	59.933333	2.311965
469	45.554519	7.956540	0.000000	59.933333	2.297050
470	45.729125	7.946729	0.000000	59.933333	2.393019
471	45.809114	8.016368	0.000000	59.933333	2.312351
472	45.835054	7.969179	0.000000	59.933333	2.217711
473	45.850986	7.966045	0.000000	59.933333	2.203414
474	45.860136	8.003752	0.000000	59.933333	2.201111
475	45.864075	7.975471	0.000000	59.933333	2.207418
476	45.873699	8.030465	0.000000	59.933333	2.211765
477	45.884591	7.998596	0.000000	59.933333	2.294592
478	45.888618	7.958616	0.000000	59.933333	2.319954
479	45.893282	7.947514	0.000000	59.933333	2.203356
480	45.885968	8.033327	0.000000	59.933333	2.202662
481	45.900053	7.978061	0.000000	59.933333	2.216006
482	45.908445	8.020017	0.000000	59.933333	2.212726
483	45.907581	7.971228	0.000000	59.933333	2.298996
484	45.908287	7.965689	0.000000	59.933333	2.210108
485	45.907804	8.031920	0.000000	59.933333	2.220089
486	45.906776	8.040122	0.000000	59.933333	2.206985
487	45.909190	7.940657	0.000000	59.933333	2.198251
488	45.903200	7.952788	0.000000	59.933333	2.298952
489	45.911640	7.983853	0.000000	59.933333	2.198812
490	45.912462	7.975786	0.000000	59.933333	2.202427
491	45.916480	7.953768	0.000000	59.933333	2.309959
492	45.908311	7.971584	0.000000	59.933333	2.304216
493	45.914957	7.965059	0.000000	59.933333	2.196584
494	45.914334	8.009064	0.000000	59.933333	2.220730
495	45.899904	7.918811	0.000000	59.933333	2.205481
496	45.897382	7.980501	0.000000	59.933333	2.209604
497	45.909578	7.888333	0.000000	59.933333	2.211541
498	45.909306	7.881531	0.000000	59.933333	2.208321
499	45.914149	7.850501	0.000000	59.933333	2.297604
500	45.916826	7.935225	0.000000	59.933333	2.292811
501	45.920277	7.868170	0.000000	59.933333	2.310566
502	45.928627	7.863245	0.000000	59.933333	2.210175
503	45.919526	7.887699	0.000000	59.933333	2.205937
504	45.918310	7.840309	0.000000	59.933333	2.211615
505	45.927352	7.787301	0.000000	59.933333	2.201039
506	45.923325	7.769293	0.000000	59.933333	2.314003
507	45.919240	7.776714	0.000000	59.933333	2.213059
508	45.925903	7.793097	0.000000	59.933333	2.207884
509	45.922622	7.841534	0.000000	59.933333	2.202877
510	45.936051	7.867924	0.000000	59.933333	2.293391
511	45.926991	7.762457	0.000000	59.933333	2.287596
512	45.934650	7.840400	0.000000	59.933333	2.294793
513	45.938936	7.889360	0.000000	59.933333	2.224691
514	45.934397	7.914859	0.000000	59.933333	2.297796
515	45.927936	7.832718	0.000000	59.933333	2.307132
516	45.935640	7.880079	0.000000	59.933333	2.220991
517	45.921054	7.816985	0.000000	59.933333	2.209773
518	45.923215	7.834945	0.000000	59.933333	2.201532
519	45.923579	7.836466	0.000000	59.933333	2.204723
520	45.919591	7.853709	0.000000	59.933333	2.212471
521	45.922959	7.802846	0.000000	59.933333	2.298134
522	45.922440	7.867418	0.000000	59.933333	2.211475
523	45.933706	7.903155	0.000000	59.933333	2.201529
524	45.936272	7.839849	0.000000	59.933333	2.294228
525	45.941553	7.818369	0.000000	59.933333	2.203331
526	45.938018	7.833682	0.000000	59.933333	2.215400
527	45.929754	7.748272	0.000000	59.933333	2.214190
528	45.918971	7.802912	0.000000	59.933333	2.211897
529	45.921093	7.788427	0.000000	59.933333	2.300837
530	45.917869	7.798882	0.000000	59.933333	2.305569
531	45.921892	7.756514	0.000000	59.933333	2.215619
532	45.913708	7.798480	0.000000	59.933333	2.200400
533	45.907515	7.858600	0.000000	59.933333	2.206553
534	45.919126	7.886272	0.000000	59.933333	2.297435
535	45.928252	7.829690	0.000000	59.933333	2.300907
536	45.919031	7.904176	0.000000	59.933333	2.213089
537	45.922384	7.827421	0.000000	59.933333	2.204199
538	45.924786	7.861352	0.000000	59.933333	2.204081
539	45.916006	7.882652	0.000000	59.933333	2.213511
540	45.915192	7.924164	0.000000	59.933333	2.290901
541	45.916361	7.903496	0.000000	59.933333	2.205696
542	45.908630	7.889102	0.000000	59.933333	2.204677
543	45.914483	7.892367	0.000000	59.933333	2.305102
544	45.908326	7.915813	0.000000	59.933333	2.310771
545	45.913053	7.872487	0.000000	59.933333	2.303555
546	45.936966	7.874645	0.000000	59.933333	2.218436
547	45.925009	7.890220	0.000000	59.933333	2.215923
548	45.915017	7.855683	0.000000	59.933333	2.305277
549	45.917049	7.822572	0.000000	59.933333	2.300960
550	45.932621	7.863012	0.000000	59.933333	2.304621
551	45.930466	7.836967	0.000000	59.933333	2.378322
552	45.936576	7.888210	0.000000	59.933333	2.308766
553	45.937526	7.899314	0.000000	59.933333	2.205799
554	45.930642	7.867012	0.000000	59.933333	2.212000
555	45.919955	7.840789	0.000000	59.933333	2.220533
556	45.923367	7.849505	0.000000	59.933333	2.211859
557	45.928240	7.847087	0.000000	59.933333	2.204411
558	45.941949	7.851266	0.000000	59.933333	2.205060
559	45.926470	7.877095	0.000000	59.933333	2.201776
560	45.921361	7.910461	0.000000	59.933333	2.208320
561	45.923913	7.864426	0.000000	59.933333	2.201619
562	45.912528	7.876571	0.000000	59.933333	2.205982
563	45.912588	7.859292	0.000000	59.933333	2.208389
564	45.922297	7.858815	0.000000	59.933333	2.201378
565	45.924932	7.912376	0.000000	59.933333	2.375135
566	45.925659	7.878309	0.000000	59.933333	2.304236
567	45.929173	7.965569	0.000000	59.933333	2.220198
568	45.924661	7.861930	0.000000	59.933333	2.199451
569	45.926145	7.798252	0.000000	59.933333	2.310993
570	45.936054	7.748617	0.000000	59.933333	2.221037
571	45.937300	7.789732	0.000000	59.933333	2.210102
572	45.935434	7.861761	0.000000	59.933333	2.191740
573	45.928800	7.885121	0.000000	59.933333	2.401173
574	45.929867	7.926397	0.000000	59.933333	2.305572
575	45.930809	7.832775	0.000000	59.933333	2.221175
576	45.941705	7.837719	0.000000	59.933333	2.295325
577	45.956737	7.884776	0.000000	59.933333	2.223551
578	45.955604	7.837473	0.000000	59.933333	2.203273
579	45.939022	7.846280	0.000000	59.933333	2.201970
580	45.944497	7.884457	0.000000	59.933333	2.197859
581	45.943522	7.877074	0.000000	59.933333	2.215182
582	45.931840	7.861607	0.000000	59.933333	2.315420
583	45.942825	7.857045	0.000000	59.933333	2.200362
584	45.933598	7.921971	0.000000	59.933333	2.299639
585	45.928186	7.893611	0.000000	59.933333	2.295585
586	45.940909	7.951277	0.000000	59.933333	2.302347
587	45.928872	8.029288	0.000000	59.933333	2.217333
588	45.927382	7.975956	0.000000	59.933333	2.211620
589	45.932567	8.001456	0.000000	59.933333	2.203001
590	45.927745	8.027783	0.000000	59.933333	2.202982
591	45.925617	8.124843	0.000000	59.933333	2.212600
592	45.930615	8.027730	0.111235	59.933333	2.208789
593	45.928168	7.985269	0.111235	59.933333	2.206849
594	45.937508	7.939392	0.000000	59.933333	2.208768
595	45.950896	7.930132	0.000000	59.933333	2.194985
596	45.932102	7.932966	0.000000	59.933333	2.297312
597	45.936480	7.887114	0.000000	59.933333	2.207103
598	45.934677	7.943184	0.000000	59.933333	2.198718
599	45.944601	7.928691	0.000000	59.933333	2.209573
600	45.935369	8.011485	0.000000	59.933333	2.219604
601	45.931697	7.933823	0.000000	59.933333	2.213496
602	45.924374	7.947696	0.000000	59.933333	2.206129
603	45.937881	7.959004	0.000000	59.933333	2.206225
604	45.933431	7.920664	0.000000	59.933333	2.198258
605	45.939434	7.903180	0.000000	59.933333	2.205226
606	45.945916	7.919539	0.000000	59.933333	2.206062
607	45.941621	7.893765	0.000000	59.933333	2.203279
608	45.938218	7.969842	0.000000	59.933333	2.212454
609	45.921752	7.913090	0.000000	59.933333	2.195202
610	45.939845	7.890761	0.000000	59.933333	2.207400
611	45.925522	7.930663	0.000000	59.933333	2.315264
612	45.928037	7.930807	0.000000	59.933333	2.204604
613	45.935702	7.895473	0.000000	59.933333	2.203178
614	45.934695	7.950185	0.000000	59.933333	2.199957
615	45.944855	7.947937	0.000000	59.933333	2.294388
616	45.941329	8.061002	0.000000	59.933333	2.205326
617	45.953071	7.933210	0.000000	59.933333	2.205769
618	45.958892	7.981000	0.000000	59.933333	2.212819
619	45.957461	7.968441	0.000000	59.933333	2.199919
620	45.949024	7.975399	0.000000	59.933333	2.210510
621	45.953667	8.000424	0.000000	59.933333	2.208483
622	45.957339	8.050050	0.000000	59.933333	2.292791
623	45.947185	8.002042	0.000000	59.933333	2.215638
624	45.951611	8.017955	0.000000	59.933333	2.293560
625	45.950741	8.011554	0.000000	59.933333	2.207297
626	45.944947	7.993461	0.000000	59.933333	2.216982
627	45.934221	7.952671	0.000000	59.933333	2.213246
628	45.942277	7.953137	0.000000	59.933333	2.209934
629	45.948488	7.938628	0.000000	59.933333	2.300014
630	45.950252	7.905174	0.000000	59.933333	2.385502
631	45.937893	7.965461	0.000000	59.933333	2.403419
632	45.943344	7.950228	0.000000	59.933333	2.214705
633	45.939070	7.866273	0.000000	59.933333	2.223194
634	45.953414	7.911424	0.000000	59.933333	2.201961
635	45.943099	7.886150	0.000000	59.933333	2.299988
636	45.943460	7.876881	0.000000	59.933333	2.222594
637	45.936954	7.878920	0.000000	59.933333	2.208813
638	45.938352	7.910493	0.000000	59.933333	2.195473
639	45.952946	7.903596	0.000000	59.933333	2.314348
640	45.946142	7.913674	0.000000	59.933333	2.265175
641	45.951211	7.901221	0.000000	59.933333	2.229249
642	45.963293	7.893645	0.000000	59.933333	2.200540
643	45.951474	7.904641	0.000000	59.933333	2.212726
644	45.957160	7.889696	0.000000	59.933333	2.205069
645	45.965135	7.922483	0.000000	59.933333	2.208838
646	45.964456	7.909114	0.000000	59.933333	2.216400
647	45.963430	8.022729	0.000000	59.933333	2.203132
648	45.956486	8.012454	0.000000	59.933333	2.195626
649	45.955807	7.955464	0.000000	59.933333	2.201213
650	45.953226	8.018794	0.000000	59.933333	2.208519
651	45.942533	7.906933	0.000000	59.933333	2.212739
652	45.945543	7.866793	0.000000	59.933333	2.209242
653	45.946902	7.933891	0.000000	59.933333	2.210190
654	45.943975	7.971609	0.000000	59.933333	2.308766
655	45.946258	8.036099	0.000000	59.933333	2.213436
656	45.953986	8.001635	0.000000	59.933333	2.206674
657	45.957056	7.939015	0.000000	59.933333	2.200441
658	45.967153	7.901893	0.000000	59.933333	2.297275
659	45.962605	7.987846	0.000000	59.933333	2.382370
660	45.962834	7.966850	0.000000	59.933333	2.201741
661	45.962387	7.978864	0.000000	59.933333	2.224487
662	45.950750	7.974638	0.000000	59.933333	2.216880
663	45.962304	7.938006	0.000000	59.933333	2.203402
664	45.958042	7.918926	0.000000	59.933333	2.292866
665	45.943493	7.929022	0.000000	59.933333	2.206145
666	45.952040	8.033553	0.000000	59.933333	2.205866
667	45.953888	7.987418	0.000000	59.933333	2.299832
668	45.942065	7.897189	0.000000	59.933333	2.294814
669	45.951164	7.882746	0.000000	59.933333	2.210536
670	45.944875	7.920753	0.000000	59.933333	2.212071
671	45.958465	7.903957	0.000000	59.933333	2.203554
672	45.960331	8.050450	0.000000	59.933333	2.219139
673	45.960173	8.025826	0.000000	59.933333	2.224606
674	45.955229	8.016750	0.000000	59.933333	2.207275
675	45.954293	7.949369	0.000000	59.933333	2.203330
676	45.955160	7.993201	0.000000	59.933333	2.207797
677	45.957661	8.086712	0.000000	59.933333	2.205495
678	45.959002	8.017689	0.000000	59.933333	2.194218
679	45.952466	7.968554	0.000000	59.933333	2.303994
680	45.953977	8.011089	0.000000	59.933333	2.199840
681	45.953053	7.934173	0.000000	59.933333	2.287480
682	45.962453	7.963270	0.000000	59.933333	2.203931
683	45.956951	7.958580	0.000000	59.933333	2.295194
684	45.960051	7.952234	0.000000	59.933333	2.231294
685	45.949036	7.993252	0.000000	59.933333	2.297507
686	45.944658	7.944017	0.000000	59.933333	2.204575
687	45.948818	7.957970	0.000000	59.933333	2.203670
688	45.953995	7.931839	0.000000	59.933333	2.219222
689	45.951831	8.017706	0.000000	59.933333	2.201458
690	45.953536	8.002295	0.000000	59.933333	2.197767
691	45.944175	8.010213	0.000000	59.933333	2.208595
692	45.941186	8.029637	0.000000	59.933333	2.297091
693	45.928717	8.032518	0.000000	59.933333	2.298390
694	45.931029	7.952926	0.000000	59.933333	2.204602
695	45.945579	7.934615	0.000000	59.933333	2.310083
696	45.942932	7.942910	0.000000	59.933333	2.402961
697	45.935857	7.917147	0.000000	59.933333	2.319460
698	45.943779	7.875802	0.000000	59.933333	2.205241
699	45.950809	7.919828	0.000000	59.933333	2.203291
700	45.939630	8.003144	0.000000	59.933333	2.218399
701	45.946246	7.992759	0.000000	59.933333	2.224993
702	45.958304	7.918975	0.000000	59.933333	2.195955
703	45.961630	7.816429	0.000000	59.933333	2.206087
704	45.962441	7.883816	0.000000	59.933333	2.206887
705	45.957643	7.868022	0.000000	59.933333	2.208163
706	45.949918	7.923035	0.000000	59.933333	2.215197
707	45.945477	7.967479	0.000000	59.933333	2.285492
708	45.945197	8.047336	0.000000	59.933333	2.306239
709	45.937246	8.029829	0.000000	59.933333	2.298886
710	46.106336	8.004006	0.000000	59.933333	2.313414
711	46.150929	8.002644	0.000000	59.933333	2.218417
712	46.174151	8.065286	0.000000	59.933333	2.203969
713	46.188974	8.036193	0.000000	59.933333	2.298778
714	46.204108	8.041364	0.000000	59.933333	2.299558
715	46.203902	8.050076	0.000000	59.933333	2.213917
716	46.213916	8.034123	0.000000	59.933333	2.199577
717	46.217173	8.036193	0.000000	59.933333	2.384940
718	46.238309	8.066980	0.000000	59.933333	2.211062
719	46.237203	8.007621	0.000000	59.933333	2.219403
720	46.240455	8.060672	0.000000	59.933333	2.321365
721	46.238726	8.058010	0.000000	59.933333	2.200487
722	46.235657	8.088731	0.000000	59.933333	2.203893
723	46.232444	8.093969	0.000000	59.933333	2.311215
724	46.239236	8.081843	0.000000	59.933333	2.209184
725	46.239722	8.026005	0.000000	59.933333	2.201503
726	46.244666	7.960886	0.000000	59.933333	2.219203
727	46.239957	7.980209	0.000000	59.933333	2.214682
728	46.239334	8.006644	0.000000	59.933333	2.302837
729	46.240383	7.880185	0.000000	59.933333	2.390870
730	46.249327	7.935177	0.000000	59.933333	2.309238
731	46.253964	7.944463	0.000000	59.933333	2.294686
732	46.258685	7.906072	0.000000	59.933333	2.204116
733	46.245360	7.985533	0.000000	59.933333	2.205446
734	46.244237	7.927299	0.000000	59.933333	2.313064
735	46.240586	7.936398	0.000000	59.933333	2.204848
736	46.243906	7.930938	0.000000	59.933333	2.296695
737	46.249121	7.916524	0.000000	59.933333	2.212393
738	46.257699	7.874682	0.000000	59.933333	2.208378
739	46.264902	7.901937	0.000000	59.933333	2.204829
740	46.254414	7.853140	0.000000	59.933333	2.207575
741	46.250558	7.909891	0.000000	59.933333	2.207547
742	46.255887	7.877864	0.000000	59.933333	2.215871
743	46.249393	7.850504	0.000000	59.933333	2.209542
744	46.256930	7.779098	0.000000	59.933333	2.299216
745	46.251911	7.778665	0.000000	59.933333	2.417313
746	46.247876	7.797388	0.000000	59.933333	2.209376
747	46.256062	7.865498	0.000000	59.933333	2.225395
748	46.244901	7.880282	0.000000	59.933333	2.287207
749	46.246323	7.861849	0.000000	59.933333	2.212332
750	46.259403	7.868479	0.000000	59.933333	2.201552
751	46.258140	7.932889	0.000000	59.933333	2.207110
752	46.248072	7.851167	0.000000	59.933333	2.199057
753	46.258369	7.880288	0.000000	59.933333	2.297358
754	46.259165	7.903691	0.000000	59.933333	2.306982
755	46.251535	7.890672	0.000000	59.933333	2.205069
756	46.258116	7.945812	0.000000	59.933333	2.195638
757	46.256661	7.924241	0.000000	59.933333	2.312217
758	46.251708	7.907292	0.000000	59.933333	2.411196
759	46.260339	7.910062	0.000000	59.933333	2.205710
760	46.273750	7.848349	0.000000	59.933333	2.293447
761	46.267843	7.838659	0.000000	59.933333	2.213854
762	46.259376	7.916798	0.000000	59.933333	2.206497
763	46.260452	7.955919	0.000000	59.933333	2.296027
764	46.252632	7.901956	0.000000	59.933333	2.398572
765	46.255046	7.924324	0.000000	59.933333	2.216647
766	46.254104	7.911743	0.000000	59.933333	2.205809
767	46.252778	7.878395	0.000000	59.933333	2.202917
768	46.263981	7.897125	0.000000	59.933333	2.207031
769	46.266556	7.848366	0.000000	59.933333	2.316794
770	46.257293	7.838726	0.000000	59.933333	2.288823
771	46.254843	7.794895	0.000000	59.933333	2.216400
772	46.250799	7.812156	0.000000	59.933333	2.299769
773	46.251601	7.798477	0.000000	59.933333	2.378575
774	46.261537	7.844552	0.000000	59.933333	2.304204
775	46.263993	7.921110	0.000000	59.933333	2.307680
776	46.261650	7.900753	0.000000	59.933333	2.225583
777	46.266109	7.871890	0.000000	59.933333	2.215572
778	46.275467	7.899160	0.000000	59.933333	2.313995
779	46.276677	7.832881	0.000000	59.933333	2.204887
780	46.276569	7.852420	0.000000	59.933333	2.197183
781	46.274382	7.853182	0.000000	59.933333	2.204768
782	46.261427	7.830966	0.000000	59.933333	2.199203
783	46.261024	7.884861	0.000000	59.933333	2.211023
784	46.263963	7.927035	0.000000	59.933333	2.313315
785	46.252942	7.918132	0.000000	59.933333	2.204810
786	46.255356	7.895811	0.000000	59.933333	2.295352
787	46.261853	7.888836	0.000000	59.933333	2.300731
788	46.269059	7.814680	0.000000	59.933333	2.208652
789	46.265528	7.871740	0.000000	59.933333	2.211693
790	46.273834	7.824458	0.000000	59.933333	2.219347
791	46.272835	7.902941	0.000000	59.933333	2.299973
792	46.269882	7.854316	0.000000	59.933333	2.295270
793	46.264696	7.866799	0.000000	59.933333	2.204483
794	46.264857	7.885541	0.000000	59.933333	2.209822
795	46.266860	7.882857	0.000000	59.933333	2.205247
796	46.268690	7.878281	0.000000	59.933333	2.210468
797	46.284109	7.858200	0.000000	59.933333	2.298476
798	46.271822	7.866814	0.000000	59.933333	2.210876
799	46.274930	7.897653	0.000000	59.933333	2.212099
800	46.267658	7.908480	0.000000	59.933333	2.321558
801	46.286777	7.834388	0.000000	59.933333	2.209491
802	46.283320	7.922090	0.000000	59.933333	2.214252
803	46.270725	7.904542	0.000000	59.933333	2.214194
804	46.268582	7.924076	0.000000	59.933333	2.312387
805	46.271458	7.880209	0.000000	59.933333	2.206405
806	46.271175	7.836104	0.000000	59.933333	2.291698
807	46.277052	7.802472	0.000000	59.933333	2.231308
808	46.274182	7.870571	0.000000	59.933333	2.235757
809	46.270251	7.875153	0.000000	59.933333	2.205133
810	46.270794	7.854575	0.000000	59.933333	2.199077
811	46.267238	7.924161	0.000000	59.933333	2.210550
812	46.274292	7.876502	0.000000	59.933333	2.217376
813	46.263576	7.861734	0.000000	59.933333	2.217134
814	46.256548	7.853800	0.000000	59.933333	2.203130
815	46.257192	7.861038	0.000000	59.933333	2.305580
816	46.264789	7.844460	0.000000	59.933333	2.379877
817	46.253419	7.817114	0.000000	59.933333	2.201776
818	46.252611	7.806585	0.000000	59.933333	2.215993
819	46.260601	7.784828	0.000000	59.933333	2.213391
820	46.269548	7.797382	0.000000	59.933333	2.299176
821	46.257430	7.785570	0.000000	59.933333	2.217522
822	46.262193	7.779934	0.000000	59.933333	2.296765
823	46.262276	7.795584	0.000000	59.933333	2.209517
824	46.272138	7.765700	0.000000	59.933333	2.218248
825	46.266270	7.797220	0.000000	59.933333	2.216900
826	46.273780	7.815677	0.000000	59.933333	2.199666
827	46.278676	7.840485	0.000000	59.933333	2.372920
828	46.270302	7.810638	0.000000	59.933333	2.395123
829	46.260726	7.832707	0.000000	59.933333	2.300424
830	46.270373	7.875465	0.000000	59.933333	2.318790
831	46.273810	7.904992	0.000000	59.933333	2.209988
832	46.268514	7.889671	0.000000	59.933333	2.207717
833	46.268880	7.930493	0.000000	59.933333	2.207830
834	46.259207	7.874821	0.000000	59.933333	2.201082
835	46.262458	7.868961	0.000000	59.933333	2.200641
836	46.265575	7.817106	0.000000	59.933333	2.219927
837	46.262598	7.900077	0.000000	59.933333	2.216620
838	46.268183	7.935121	0.000000	59.933333	2.202712
839	46.255350	7.888163	0.000000	59.933333	2.203251
840	46.258646	7.864315	0.000000	59.933333	2.307323
841	46.255538	7.856212	0.000000	59.933333	2.209341
842	46.245444	7.811507	0.000000	59.933333	2.208924
843	46.244565	7.899585	0.000000	59.933333	2.401843
844	46.268266	7.909072	0.000000	59.933333	2.203719
845	46.277669	7.973177	0.000000	59.933333	2.202349
846	46.261001	7.917770	0.000000	59.933333	2.296614
847	46.272254	7.942379	0.000000	59.933333	2.207994
848	46.261179	7.888170	0.000000	59.933333	2.212496
849	46.276772	7.868012	0.000000	59.933333	2.207707
850	46.267402	7.845225	0.000000	59.933333	2.306251
851	46.271303	7.854303	0.000000	59.933333	2.306640
852	46.261606	7.848487	0.000000	59.933333	2.303567
853	46.411008	7.831330	0.000000	59.933333	2.213979
854	46.431443	7.803310	0.000000	59.933333	2.301841
855	46.443579	7.779336	0.000000	59.933333	2.218102
856	46.446052	7.853659	0.000000	59.933333	2.203472
857	46.456990	7.814442	0.000000	59.933333	2.220032
858	46.461084	7.815362	0.000000	59.933333	2.206666
859	46.468699	7.849397	0.000000	59.933333	2.199237
860	46.463671	7.835243	0.000000	59.933333	2.298881
861	46.470508	7.841459	0.000000	59.933333	2.201263
862	46.471098	7.856971	0.000000	59.933333	2.209653
863	46.471268	7.850201	0.000000	59.933333	2.261113
864	46.473253	7.875401	0.000000	59.933333	2.430947
865	46.477219	7.860155	0.000000	59.933333	2.388791
866	46.479160	7.867263	0.000000	59.933333	2.313696
867	46.475387	7.863527	0.000000	59.933333	2.229470
868	46.475565	7.868354	0.000000	59.933333	2.308189
869	46.473297	7.880308	0.000000	59.933333	2.215163
870	46.474445	7.894728	0.000000	59.933333	2.303197
871	46.474725	7.911811	0.000000	59.933333	2.484439
872	46.474946	7.889796	0.000000	59.933333	2.318168
873	46.471184	7.899789	0.000000	59.933333	2.210463
874	46.469605	7.869934	0.000000	59.933333	2.216537
875	46.473840	7.884950	0.000000	59.933333	2.213219
876	46.468973	7.881545	0.000000	59.933333	2.306044
877	46.466953	7.912311	0.000000	59.933333	2.205368
878	46.473426	7.920674	0.000000	59.933333	2.232153
879	46.473557	7.905709	0.000000	59.933333	2.235862
880	46.463627	7.922256	0.000000	59.933333	2.228907
881	46.467680	7.904238	0.000000	59.933333	2.306890
882	46.466148	7.895578	0.000000	59.933333	2.223092
883	46.471220	7.894001	0.000000	59.933333	2.222087
884	46.472430	7.961835	0.000000	59.933333	2.225339
885	46.469870	7.924920	0.000000	59.933333	2.322661
886	46.472579	7.919599	0.000000	59.933333	2.215868
887	46.470511	7.915125	0.000000	59.933333	2.317329
888	46.470639	7.967348	0.000000	59.933333	2.216955
889	46.468052	7.924406	0.000000	59.933333	2.291821
890	46.469188	7.924265	0.000000	59.933333	2.317322
891	46.472251	7.941566	0.000000	59.933333	2.414284
892	46.470398	7.922305	0.000000	59.933333	2.206800
893	46.469253	7.896641	0.000000	59.933333	2.303929
894	46.470958	7.903128	0.000000	59.933333	2.202868
895	46.475160	7.876510	0.000000	59.933333	2.204515
896	46.473742	7.903537	0.000000	59.933333	2.308990
897	46.471334	7.910790	0.000000	59.933333	2.221672
898	46.468681	7.941277	0.000000	59.933333	2.236230
899	46.468794	7.917124	0.000000	59.933333	2.245201
900	46.475875	7.961256	0.000000	59.933333	2.315851
901	46.474314	7.946625	0.000000	59.933333	2.219429
902	46.469262	7.948879	0.000000	59.933333	2.220757
903	46.475774	7.963608	0.000000	59.933333	2.223205
904	46.477070	7.942289	0.000000	59.933333	2.230550
905	46.470284	7.968286	0.000000	59.933333	2.213077
906	46.473551	7.969326	0.000000	59.933333	2.205611
907	46.475315	7.978172	0.000000	59.933333	2.203927
908	46.483046	7.972023	0.000000	59.933333	2.214889
909	46.477354	7.996165	0.000000	59.933333	2.308941
910	46.477801	7.964406	0.000000	59.933333	2.209257
911	46.479261	7.941011	0.000000	59.933333	2.206832
912	46.474797	7.978574	0.000000	59.933333	2.187872
913	46.473646	7.993078	0.000000	59.933333	2.194700
914	46.477482	7.939645	0.000000	59.933333	2.189654
915	46.478370	7.935257	0.000000	59.933333	2.203885
916	46.478406	7.942926	0.000000	59.933333	2.182914
917	46.477687	7.946385	0.000000	59.933333	2.173241
918	46.482351	7.981138	0.000000	59.933333	2.191165
919	46.479058	8.023010	0.000000	59.933333	2.192777
920	46.480516	7.977794	0.000000	59.933333	2.207356
921	46.478748	7.969293	0.000000	59.933333	2.200125
922	46.476510	7.979089	0.000000	59.933333	2.200036
923	46.476847	7.948967	0.000000	59.933333	2.199053
924	46.476769	7.985791	0.000000	59.933333	2.186256
925	46.470463	7.971926	0.000000	59.933333	2.183296
926	46.479613	7.959117	0.000000	59.933333	2.187751
927	46.479326	8.007782	0.000000	59.933333	2.185155
928	46.479219	7.990218	0.000000	59.933333	2.198394
929	46.479249	7.961498	0.000000	59.933333	2.196507
930	46.469739	7.967463	0.000000	59.933333	2.199263
931	46.476901	7.970629	0.000000	59.933333	2.188089
932	46.479416	7.948290	0.000000	59.933333	2.477949
933	46.477938	7.944254	0.000000	59.933333	2.396857
934	46.481496	7.939691	0.000000	59.933333	2.201983
935	46.481392	7.992327	0.000000	59.933333	2.287483
936	46.479461	7.938502	0.000000	59.933333	2.216637
937	46.490809	7.975490	0.000000	59.933333	2.206830
938	46.479309	7.937573	0.000000	59.933333	2.192199
939	46.478707	7.978965	0.000000	59.933333	2.194167
940	46.480197	7.952662	0.000000	59.933333	2.202313
941	46.484077	7.999208	0.000000	59.933333	2.211284
942	46.483898	7.996607	0.000000	59.933333	2.201953
943	46.478868	8.039766	0.000000	59.933333	2.215178
944	46.482134	7.994841	0.000000	59.933333	2.205436
945	46.477228	7.982020	0.000000	59.933333	2.210997
946	46.477941	7.954828	0.000000	59.933333	2.211371
947	46.473610	8.006187	0.000000	59.933333	2.222310
948	46.477148	7.978769	0.000000	59.933333	2.237383
949	46.480709	7.991066	0.000000	59.933333	2.216591
950	46.476850	7.980994	0.000000	59.933333	2.399234
951	46.474153	7.969893	0.000000	59.933333	2.246848
952	46.477920	7.995295	0.000000	59.933333	2.340173
953	46.481967	7.999381	0.000000	59.933333	2.214868
954	46.478105	7.998561	0.000000	59.933333	2.223886
955	46.477050	8.026210	0.000000	59.933333	2.222346
956	46.476689	8.014379	0.000000	59.933333	2.227647
957	46.474203	7.978019	0.000000	59.933333	2.222876
958	46.472394	7.978960	0.000000	59.933333	2.314609
959	46.469560	8.028673	0.000000	59.933333	2.310999
960	46.477216	8.043928	0.000000	59.933333	2.207222
961	46.479037	8.029690	0.000000	59.933333	2.399031
962	46.476188	8.025279	0.000000	59.933333	2.315636
963	46.480986	8.009707	0.000000	59.933333	2.294846
964	46.472013	8.005463	0.000000	59.933333	2.318328
965	46.475574	8.041898	0.000000	59.933333	2.312260
966	46.475279	8.023970	0.000000	59.933333	2.217374
967	46.476245	8.041052	0.000000	59.933333	2.324305
968	46.469796	8.021842	0.000000	59.933333	2.303588
969	46.466866	8.025814	0.000000	59.933333	2.406119
970	46.478748	8.035347	0.000000	59.933333	2.305908
971	46.480954	8.049699	0.000000	59.933333	2.306725
972	46.479702	8.020132	0.000000	59.933333	2.319988
973	46.473676	8.063659	0.000000	59.933333	2.239763
974	46.475831	8.026961	0.000000	59.933333	2.224806
975	46.478021	8.004270	0.000000	59.933333	2.219596
976	46.480009	8.035155	0.000000	59.933333	2.315057
977	46.473530	8.048078	0.000000	59.933333	2.234722
978	46.473017	8.023883	0.000000	59.933333	2.237766
979	46.475980	8.015807	0.000000	59.933333	2.304586
980	46.472937	8.016562	0.000000	59.933333	2.303829
981	46.473289	7.996761	0.000000	59.933333	2.324992
982	46.475816	8.010003	0.000000	59.933333	2.318047
983	46.475482	8.041935	0.000000	59.933333	2.201273
984	46.466684	8.052448	0.000000	59.933333	2.241839
985	46.468031	7.987941	0.000000	59.933333	2.414283
986	46.474403	7.993690	0.000000	59.933333	2.233619
987	46.479869	7.986420	0.000000	59.933333	2.443179
988	46.475697	7.999369	0.000000	59.933333	2.076678
989	46.514678	7.999756	0.000000	59.933333	2.012411
990	46.515834	7.995680	0.000000	59.933333	2.100176
991	46.514994	7.994207	0.000000	59.933333	1.998535
992	46.515501	7.995713	0.000000	59.933333	1.997393
993	46.515602	7.995179	0.000000	59.933333	2.005326
994	46.515730	7.994803	0.000000	59.933333	2.119833
995	46.515715	7.993619	0.000000	59.933333	1.987722
996	46.515650	7.993775	0.000000	59.933333	2.015870
997	46.515489	7.993881	0.000000	59.933333	1.999317
998	46.515465	7.994006	0.000000	59.933333	1.996680
999	46.515465	7.994006	0.000000	59.933333	2.012276
1000	46.515465	7.994006	0.000000	59.933333	2.001679
1001	46.515465	7.994006	0.000000	59.933333	1.983482
1002	46.515465	7.994006	0.000000	59.933333	1.998472
1003	46.515465	7.994006	0.000000	59.933333	2.180197
1004	46.515465	7.994006	0.000000	59.933333	2.002927
1005	46.515465	7.994006	0.000000	59.933333	2.057255
1006	46.515465	7.994006	0.000000	59.933333	2.026903
1007	46.515465	7.994006	0.000000	59.933333	1.997013
1008	46.515465	7.994006	0.000000	59.933333	2.001331
1009	46.515465	7.994006	0.000000	59.933333	2.170833
1010	46.515465	7.994006	0.000000	59.933333	2.013002
1011	46.515465	7.994006	0.000000	59.933333	2.004700
1012	46.515465	7.994006	0.000000	59.933333	2.014532
1013	46.515465	7.994006	0.000000	59.933333	1.994082
1014	46.515465	7.994006	0.000000	59.933333	2.013634
1015	46.515465	7.994006	0.000000	59.933333	2.005600
1016	46.515465	7.994006	0.000000	59.933333	2.000895
1017	46.515465	7.994006	0.000000	59.933333	2.003573
1018	46.515465	7.994006	0.000000	59.933333	1.999098
1019	46.515465	7.994006	0.000000	59.933333	1.997896
1020	46.515465	7.994006	0.000000	59.933333	2.090840
1021	46.515465	7.994006	0.000000	59.933333	2.001003
1022	46.515465	7.994006	0.000000	59.933333	1.995780
1023	46.515465	7.994006	0.000000	59.933333	1.995926
1024	46.515465	7.994006	0.000000	59.933333	1.986850
1025	46.515465	7.994006	0.000000	59.933333	2.183362
1026	46.515465	7.994006	0.000000	59.933333	2.002326
1027	46.515465	7.994006	0.000000	59.933333	1.997683
1028	46.515465	7.994006	0.000000	59.933333	2.016207
1029	46.515465	7.994006	0.000000	59.933333	1.996816
1030	46.515465	7.994006	0.000000	59.933333	2.002136
1031	46.515465	7.994006	0.000000	59.933333	2.001505
1032	46.515465	7.994006	0.000000	59.933333	2.008481
1033	46.515465	7.994006	0.000000	59.933333	2.010669
1034	46.515465	7.994006	0.000000	59.933333	2.005440
1035	46.515465	7.994006	0.000000	59.933333	1.999235
1036	46.515465	7.994006	0.000000	59.933333	2.004379
1037	46.515465	7.994006	0.000000	59.933333	1.997837
1038	46.515465	7.994006	0.000000	59.933333	2.075826
1039	46.515465	7.994006	0.000000	59.933333	1.985673
1040	46.515465	7.994006	0.000000	59.933333	1.986023
