1	25.436366	2.289297	0.000000	59.933333	2.228529
2	32.022047	3.841874	0.000000	59.933333	2.228317
3	36.326224	4.838032	0.000000	59.933333	2.196949
4	38.766605	5.266558	0.000000	59.933333	2.194974
5	40.172195	5.513271	0.000000	59.933333	2.211446
6	41.103363	5.860128	0.000000	59.933333	2.190275
7	41.733229	6.051950	0.000000	59.933333	2.309513
8	42.214030	6.182575	0.000000	59.933333	2.274533
9	42.589569	6.204833	0.000000	59.933333	2.288321
10	42.934418	6.290022	0.000000	59.933333	2.194248
11	43.194249	6.360116	0.111235	59.933333	2.198762
12	43.402442	6.319547	0.000000	59.933333	2.196934
13	43.562597	6.369426	0.000000	59.933333	2.205246
14	43.691340	6.446850	0.000000	59.933333	2.199498
15	43.789375	6.482524	0.000000	59.933333	2.199019
16	43.884930	6.518690	0.000000	59.933333	2.203323
17	43.980616	6.581368	0.000000	59.933333	2.211885
18	44.053638	6.646845	0.000000	59.933333	2.222611
19	44.141153	6.732271	0.000000	59.933333	2.213419
20	44.191182	6.721967	0.000000	59.933333	2.195108
21	44.266361	6.732649	0.000000	59.933333	2.197711
22	44.316214	6.709424	0.000000	59.933333	2.202535
23	44.336671	6.781430	0.000000	59.933333	2.211531
24	44.371256	6.902021	0.000000	59.933333	2.208462
25	44.399861	7.088186	0.000000	59.933333	2.217716
26	44.419652	7.120395	0.000000	59.933333	2.209674
27	44.449255	7.205734	0.000000	59.933333	2.206774
28	44.485262	7.285842	0.000000	59.933333	2.192195
29	44.515127	7.340461	0.000000	59.933333	2.300506
30	44.520581	7.278339	0.000000	59.933333	2.368867
31	44.548061	7.311316	0.000000	59.933333	2.225971
32	44.554919	7.275152	0.000000	59.933333	2.213133
33	44.578677	7.326555	0.000000	59.933333	2.215272
34	44.591397	7.358316	0.000000	59.933333	2.198960
35	44.598269	7.367621	0.000000	59.933333	2.198168
36	44.610757	7.451634	0.000000	59.933333	2.214784
37	44.636938	7.433870	0.000000	59.933333	2.214115
38	44.664821	7.404154	0.000000	59.933333	2.222693
39	44.663787	7.438171	0.000000	59.933333	2.206386
40	44.693297	7.559003	0.000000	59.933333	2.303558
41	44.702148	7.558489	0.000000	59.933333	2.202394
42	44.723770	7.624714	0.000000	59.933333	2.206452
43	44.731504	7.647838	0.000000	59.933333	2.206515
44	44.756070	7.656606	0.000000	59.933333	2.207072
45	44.769210	7.704964	0.000000	59.933333	2.204799
46	44.796336	7.656128	0.000000	59.933333	2.206251
47	44.810289	7.766992	0.000000	59.933333	2.206029
48	44.825280	7.698421	0.000000	59.933333	2.200881
49	44.850445	7.771842	0.000000	59.933333	2.196575
50	44.892484	7.749657	0.000000	59.933333	2.422505
51	44.905150	7.935913	0.000000	59.933333	2.288488
52	44.907427	7.889289	0.000000	59.933333	2.210512
53	44.916362	7.875614	0.000000	59.933333	2.213165
54	44.922510	7.833373	0.000000	59.933333	2.306502
55	44.966632	7.950521	0.000000	59.933333	2.211251
56	44.954756	8.030065	0.000000	59.933333	2.214076
57	44.985107	8.064252	0.000000	59.933333	2.292445
58	45.018607	8.144966	0.000000	59.933333	2.206694
59	45.017850	8.159639	0.000000	59.933333	2.284846
60	45.011413	8.116177	0.000000	59.933333	2.217371
61	45.041308	8.284567	0.000000	59.933333	2.390245
62	45.056099	8.359165	0.000000	59.933333	2.211203
63	45.062900	8.398862	0.000000	59.933333	2.235753
64	45.055318	8.347077	0.000000	59.933333	2.322184
65	45.069379	8.387323	0.000000	59.933333	2.188216
66	45.085633	8.333963	0.000000	59.933333	2.202262
67	45.095333	8.446264	0.000000	59.933333	2.211217
68	45.085436	8.415393	0.000000	59.933333	2.210069
69	45.113629	8.513990	0.000000	59.933333	2.202023
70	45.091522	8.528151	0.000000	59.933333	2.201269
71	45.120943	8.614869	0.000000	59.933333	2.303335
72	45.122302	8.594521	0.000000	59.933333	2.297221
73	45.154005	8.626073	0.000000	59.933333	2.281742
74	45.142776	8.591525	0.000000	59.933333	2.224187
75	45.148522	8.591751	0.000000	59.933333	2.201975
76	45.164043	8.566017	0.000000	59.933333	2.396933
77	45.173860	8.532578	0.000000	59.933333	2.217330
78	45.182270	8.599875	0.000000	59.933333	2.323140
79	45.185065	8.757026	0.111235	59.933333	2.315034
80	45.206362	8.750117	0.000000	59.933333	2.309713
81	45.220816	8.671858	0.000000	59.933333	2.306313
82	45.217484	8.800327	0.000000	59.933333	2.291362
83	45.239890	8.827176	0.000000	59.933333	2.215618
84	45.245025	8.886962	0.000000	59.933333	2.206395
85	45.245457	8.821046	0.000000	59.933333	2.299145
86	45.252481	8.753075	0.000000	59.933333	2.211104
87	45.245868	8.882671	0.000000	59.933333	2.301259
88	45.255315	8.931535	0.000000	59.933333	2.203752
89	45.263121	8.873938	0.000000	59.933333	2.207433
90	45.259386	8.951675	0.000000	59.933333	2.210797
91	45.238745	8.937865	0.000000	59.933333	2.413201
92	45.273328	8.952543	0.000000	59.933333	2.196911
93	45.285350	8.945504	0.000000	59.933333	2.394845
94	45.270982	8.857064	0.000000	59.933333	2.421664
95	45.278060	8.878639	0.000000	59.933333	2.201041
96	45.284456	8.897321	0.000000	59.933333	2.389870
97	45.283622	8.949776	0.000000	59.933333	2.295397
98	45.288649	9.054877	0.000000	59.933333	2.213947
99	45.278150	9.053402	0.000000	59.933333	2.212216
100	45.304888	9.001723	0.000000	59.933333	2.310158
101	45.298344	8.983758	0.000000	59.933333	2.216812
102	45.309880	9.010204	0.000000	59.933333	2.204749
103	45.312241	9.054532	0.000000	59.933333	2.302389
104	45.312440	9.168027	0.000000	59.933333	2.297769
105	45.309365	9.098567	0.000000	59.933333	2.308126
106	45.325285	9.111143	0.111235	59.933333	2.315032
107	45.337707	9.115559	0.000000	59.933333	2.201305
108	45.331383	9.161595	0.000000	59.933333	2.212498
109	45.341021	9.081660	0.000000	59.933333	2.217467
110	45.330834	9.154448	0.000000	59.933333	2.486133
111	45.331633	9.143769	0.000000	59.933333	2.397652
112	45.341176	9.199368	0.000000	59.933333	2.204790
113	45.324254	9.246244	0.000000	59.933333	2.206713
114	45.344213	9.222256	0.000000	59.933333	2.214087
115	45.345831	9.315213	0.000000	59.933333	2.213726
116	45.347887	9.321679	0.000000	59.933333	2.207944
117	45.344216	9.334883	0.000000	59.933333	2.297580
118	45.341277	9.289470	0.000000	59.933333	2.291460
119	45.347220	9.350226	0.000000	59.933333	2.309069
120	45.347521	9.421983	0.000000	59.933333	2.304398
121	45.363468	9.362739	0.000000	59.933333	2.310251
122	45.350575	9.461268	0.000000	59.933333	2.207143
123	45.359752	9.465683	0.000000	59.933333	2.214411
124	45.369583	9.534867	0.000000	59.933333	2.205664
125	45.373422	9.597006	0.000000	59.933333	2.213541
126	45.378357	9.678659	0.000000	59.933333	2.198692
127	45.390195	9.794587	0.000000	59.933333	2.318985
128	45.399344	9.888965	0.111235	59.933333	2.210179
129	45.396745	9.970077	0.000000	59.933333	2.203147
130	45.405972	9.912891	0.111235	59.933333	2.294540
131	45.411080	9.819099	0.111235	59.933333	2.307961
132	45.425165	9.951459	0.000000	59.933333	2.374879
133	45.442253	9.928200	0.000000	59.933333	2.209131
134	45.436651	10.001910	0.000000	59.933333	2.298168
135	45.449406	10.078109	0.000000	59.933333	2.216862
136	45.428687	10.087274	0.111235	59.933333	2.216851
137	45.465928	10.191159	0.222469	59.933333	2.201739
138	45.460364	10.153230	0.222469	59.933333	2.196859
139	45.468274	10.198709	0.222469	59.933333	2.218369
140	45.477143	10.160287	0.222469	59.933333	2.208658
141	45.481038	10.069768	0.222469	59.933333	2.208503
142	45.475072	10.136535	0.111235	59.933333	2.300594
143	45.487288	10.238476	0.111235	59.933333	2.208774
144	45.473444	10.344248	0.111235	59.933333	2.210944
145	45.476189	10.365109	0.333704	59.933333	2.312710
146	45.471844	10.446666	0.333704	59.933333	2.205930
147	45.463437	10.500943	0.222469	59.933333	2.303844
148	45.462567	10.539953	0.111235	59.933333	2.198231
149	45.467371	10.504371	0.222469	59.933333	2.303633
150	45.466694	10.456347	0.222469	59.933333	2.206886
151	45.470014	10.389298	0.222469	59.933333	2.300860
152	45.475069	10.507151	0.333704	59.933333	2.218675
153	45.481586	10.555461	0.333704	59.933333	2.198107
154	45.487487	10.550724	0.333704	59.933333	2.301207
155	45.499587	10.595400	0.222469	59.933333	2.207254
156	45.495322	10.642750	0.333704	59.933333	2.297828
157	45.500946	10.723345	0.111235	59.933333	2.216743
158	45.493507	10.760031	0.111235	59.933333	2.213697
159	45.490938	10.792698	0.111235	59.933333	2.301486
160	45.489731	10.901133	0.222469	59.933333	2.300658
161	45.502371	10.938500	0.222469	59.933333	2.215024
162	45.515522	11.092444	0.222469	59.933333	2.209843
163	45.525220	11.087180	0.222469	59.933333	2.209746
164	45.518374	11.089052	0.222469	59.933333	2.298915
165	45.523408	11.170429	0.111235	59.933333	2.295695
166	45.516688	11.160406	0.111235	59.933333	2.296592
167	45.522463	11.278676	0.222469	59.933333	2.209814
168	45.538861	11.378495	0.222469	59.933333	2.216715
169	45.527285	11.392852	0.222469	59.933333	2.317828
170	45.523763	11.393866	0.000000	59.933333	2.310865
171	45.518029	11.413323	0.000000	59.933333	2.195832
172	45.536974	11.473924	0.000000	59.933333	2.394500
173	45.540148	11.547346	0.111235	59.933333	2.308042
174	45.544046	11.599737	0.111235	59.933333	2.309218
175	45.548779	11.686586	0.000000	59.933333	2.208312
176	45.564759	11.737515	0.111235	59.933333	2.209334
177	45.555785	11.728733	0.111235	59.933333	2.309454
178	45.545763	11.789083	0.000000	59.933333	2.225836
179	45.567179	11.753018	0.222469	59.933333	2.204153
180	45.564482	11.779829	0.222469	59.933333	2.292702
181	45.560998	11.828250	0.111235	59.933333	2.288043
182	45.571023	11.867535	0.222469	59.933333	2.303020
183	45.581943	12.006144	0.111235	59.933333	2.373071
184	45.587537	12.070716	0.111235	59.933333	2.221708
185	45.582098	12.062240	0.222469	59.933333	2.293333
186	45.592111	12.022755	0.111235	59.933333	2.217601
187	45.602256	11.973996	0.000000	59.933333	2.214470
188	45.577073	12.119376	0.333704	59.933333	2.414058
189	45.584399	12.126602	0.222469	59.933333	2.214672
190	45.579606	12.197023	0.333704	59.933333	2.206035
191	45.587176	12.296307	0.333704	59.933333	2.203544
192	45.599109	12.272291	0.222469	59.933333	2.215813
193	45.576933	12.274769	0.444939	59.933333	2.193301
194	45.581198	12.280342	0.444939	59.933333	2.193536
195	45.585787	12.282114	0.444939	59.933333	2.380784
196	45.578223	12.279033	0.444939	59.933333	2.304859
197	45.582384	12.331660	0.333704	59.933333	2.219615
198	45.568436	12.343085	0.333704	59.933333	2.233270
199	45.563489	12.352036	0.111235	59.933333	2.203376
200	45.568448	12.364879	0.444939	59.933333	2.200776
201	45.578480	12.331624	0.333704	59.933333	2.198809
202	45.565221	12.330080	0.667408	59.933333	2.295792
203	45.574912	12.307666	0.222469	59.933333	2.201416
204	45.589316	12.332520	0.222469	59.933333	2.209795
205	45.598215	12.346141	0.222469	59.933333	2.302900
206	45.596406	12.475494	0.222469	59.933333	2.299947
207	45.602399	12.536630	0.444939	59.933333	2.294648
208	45.592219	12.546144	0.333704	59.933333	2.302712
209	45.598084	12.600212	0.000000	59.933333	2.286719
210	45.592663	12.562702	0.111235	59.933333	2.211132
211	45.587379	12.521910	0.222469	59.933333	2.223975
212	45.591974	12.552005	0.333704	59.933333	2.494953
213	45.606044	12.667479	0.000000	59.933333	2.215581
214	45.596159	12.739122	0.222469	59.933333	2.224108
215	45.590472	12.863010	0.333704	59.933333	2.198034
216	45.601040	12.689956	0.333704	59.933333	2.220109
217	45.592368	12.729231	0.222469	59.933333	2.208647
218	45.601678	12.866152	0.222469	59.933333	2.301543
219	45.609191	12.873994	0.222469	59.933333	2.301364
220	45.620093	12.860369	0.333704	59.933333	2.294140
221	45.630711	12.830831	0.333704	59.933333	2.207064
222	45.609215	12.896990	0.333704	59.933333	2.373655
223	45.599908	12.889272	0.444939	59.933333	2.390967
224	45.616144	12.925814	0.333704	59.933333	2.281695
225	45.623600	12.994597	0.444939	59.933333	2.200704
226	45.622391	13.094772	0.444939	59.933333	2.205671
227	45.612884	13.061502	0.444939	59.933333	2.407309
228	45.623153	13.020348	0.556174	59.933333	2.301394
229	45.617905	13.010926	0.444939	59.933333	2.211372
230	45.621875	13.005012	0.444939	59.933333	2.212435
231	45.613569	12.977935	0.333704	59.933333	2.211541
232	45.612943	12.996504	0.333704	59.933333	2.210515
233	45.608771	12.944605	0.333704	59.933333	2.196484
234	45.610115	13.021478	0.333704	59.933333	2.204052
235	45.609969	13.058236	0.222469	59.933333	2.389915
236	45.630753	13.143538	0.444939	59.933333	2.204987
237	45.648277	13.163562	0.333704	59.933333	2.295625
238	45.624357	13.252211	0.222469	59.933333	2.207944
239	45.618016	13.268709	0.111235	59.933333	2.208565
240	45.612380	13.264681	0.222469	59.933333	2.388487
241	45.630175	13.321883	0.111235	59.933333	2.224709
242	45.626140	13.276754	0.222469	59.933333	2.508240
243	45.629215	13.406921	0.222469	59.933333	2.221333
244	45.630816	13.449012	0.333704	59.933333	2.212675
245	45.623714	13.473257	0.333704	59.933333	2.293647
246	45.645219	13.398992	0.333704	59.933333	2.217230
247	45.634648	13.409798	0.222469	59.933333	2.211910
248	45.630220	13.419590	0.222469	59.933333	2.313733
249	45.639116	13.393245	0.222469	59.933333	2.216927
250	45.634091	13.362356	0.222469	59.933333	2.203566
251	45.618144	13.396154	0.333704	59.933333	2.298820
252	45.625022	13.430003	0.222469	59.933333	2.201855
253	45.629740	13.532560	0.333704	59.933333	2.206529
254	45.640495	13.554540	0.333704	59.933333	2.217727
255	45.633167	13.602263	0.222469	59.933333	2.300907
256	45.630479	13.571961	0.333704	59.933333	2.202382
257	45.631596	13.557512	0.333704	59.933333	2.208662
258	45.637763	13.570316	0.444939	59.933333	2.302718
259	45.643145	13.670356	0.333704	59.933333	2.206816
260	45.638663	13.563551	0.222469	59.933333	2.193504
261	45.607999	13.524960	0.222469	59.933333	2.192023
262	45.632833	13.553082	0.222469	59.933333	2.207610
263	45.647740	13.523111	0.111235	59.933333	2.197329
264	45.635909	13.635906	0.222469	59.933333	2.400826
265	45.651537	13.649217	0.222469	59.933333	2.218836
266	45.644343	13.633523	0.222469	59.933333	2.212697
267	45.649609	13.662851	0.222469	59.933333	2.295972
268	45.644292	13.665924	0.111235	59.933333	2.201354
269	45.650449	13.706732	0.111235	59.933333	2.213552
270	45.657003	13.688749	0.222469	59.933333	2.304243
271	45.654577	13.644310	0.222469	59.933333	2.205941
272	45.651123	13.775113	0.444939	59.933333	2.300769
273	45.639062	13.708066	0.444939	59.933333	2.288527
274	45.647681	13.788753	0.333704	59.933333	2.213334
275	45.653605	13.942042	0.333704	59.933333	2.220155
276	45.632014	13.848114	0.111235	59.933333	2.216638
277	45.621979	13.871113	0.111235	59.933333	2.212977
278	45.643574	13.897612	0.222469	59.933333	2.389713
279	45.651215	13.854733	0.333704	59.933333	2.310219
280	45.645061	13.792043	0.333704	59.933333	2.207967
281	45.663261	13.917225	0.444939	59.933333	2.197245
282	45.653176	13.879062	0.222469	59.933333	2.296737
283	45.649672	13.998211	0.222469	59.933333	2.221898
284	45.657542	14.066952	0.444939	59.933333	2.216122
285	45.684034	14.035783	0.333704	59.933333	2.198810
286	45.690417	13.996232	0.333704	59.933333	2.298176
287	45.684171	14.023296	0.444939	59.933333	2.300571
288	45.677942	14.116336	0.444939	59.933333	2.293652
289	45.684382	14.244178	0.333704	59.933333	2.299563
290	45.674253	14.199314	0.222469	59.933333	2.227378
291	45.681632	14.247622	0.222469	59.933333	2.209823
292	45.696282	14.205761	0.222469	59.933333	2.209362
293	45.694581	14.248281	0.222469	59.933333	2.308505
294	45.690006	14.303646	0.444939	59.933333	2.206621
295	45.682904	14.264390	0.444939	59.933333	2.213439
296	45.676038	14.336177	0.444939	59.933333	2.208710
297	45.676070	14.286525	0.111235	59.933333	2.201918
298	45.681277	14.323406	0.333704	59.933333	2.204291
299	45.666873	14.350637	0.333704	59.933333	2.195220
300	45.673066	14.363632	0.444939	59.933333	2.213256
301	45.682165	14.409997	0.444939	59.933333	2.313808
302	45.678666	14.379976	0.444939	59.933333	2.298644
303	45.670420	14.361731	0.333704	59.933333	2.400476
304	45.680633	14.408817	0.444939	59.933333	2.312756
305	45.662886	14.439733	0.444939	59.933333	2.410419
306	45.693013	14.541135	0.222469	59.933333	2.202940
307	45.683631	14.484936	0.444939	59.933333	2.199632
308	45.680088	14.553906	0.222469	59.933333	2.194326
309	45.674536	14.392236	0.444939	59.933333	2.298894
310	45.670599	14.465233	0.222469	59.933333	2.322062
311	45.678473	14.411020	0.333704	59.933333	2.210519
312	45.675534	14.406131	0.222469	59.933333	2.198133
313	45.678842	14.477989	0.111235	59.933333	2.200700
314	45.696980	14.434102	0.222469	59.933333	2.213065
315	45.677188	14.336248	0.000000	59.933333	2.205807
316	45.674437	14.421094	0.111235	59.933333	2.309390
317	45.670837	14.413464	0.333704	59.933333	2.198198
318	45.674914	14.495130	0.333704	59.933333	2.303021
319	45.678079	14.569460	0.333704	59.933333	2.205733
320	45.673150	14.547120	0.444939	59.933333	2.222503
321	45.683593	14.608152	0.556174	59.933333	2.204926
322	45.669967	14.544821	0.556174	59.933333	2.203430
323	45.684212	14.600921	0.556174	59.933333	2.192069
324	45.691660	14.660382	0.444939	59.933333	2.210975
325	45.682573	14.701615	0.333704	59.933333	2.212861
326	45.667231	14.602853	0.222469	59.933333	2.207203
327	45.665723	14.578107	0.000000	59.933333	2.297842
328	45.664817	14.642867	0.111235	59.933333	2.207272
329	45.683452	14.611892	0.444939	59.933333	2.200195
330	45.680970	14.598607	0.222469	59.933333	2.306129
331	45.678312	14.636928	0.222469	59.933333	2.209410
332	45.671538	14.683232	0.000000	59.933333	2.201117
333	45.685667	14.689324	0.222469	59.933333	2.292274
334	45.696917	14.753270	0.111235	59.933333	2.195501
335	45.700532	14.841379	0.333704	59.933333	2.200234
336	45.684364	14.893571	0.333704	59.933333	2.209568
337	45.694965	14.779723	0.333704	59.933333	2.219259
338	45.696217	14.806124	0.333704	59.933333	2.209339
339	45.693979	14.736264	0.333704	59.933333	2.213655
340	45.685440	14.710674	0.333704	59.933333	2.206554
341	45.675421	14.759691	0.333704	59.933333	2.305005
342	45.671356	14.746123	0.111235	59.933333	2.203194
343	45.676023	14.823944	0.111235	59.933333	2.296160
344	45.711321	14.862830	0.222469	59.933333	2.294195
345	45.702809	14.877331	0.111235	59.933333	2.222156
346	45.691973	14.867768	0.222469	59.933333	2.213411
347	45.699960	14.882507	0.111235	59.933333	2.208690
348	45.697242	14.969724	0.111235	59.933333	2.209778
349	45.687801	15.005029	0.556174	59.933333	2.206762
350	45.684582	14.960587	0.333704	59.933333	2.208783
351	45.680493	15.123232	0.333704	59.933333	2.216346
352	45.691302	15.176348	0.222469	59.933333	2.205060
353	45.690486	15.110603	0.444939	59.933333	2.196919
354	45.670575	15.152428	0.667408	59.933333	2.295763
355	45.680407	15.178295	0.333704	59.933333	2.290989
356	45.690006	15.181899	0.222469	59.933333	2.306384
357	45.701659	15.209495	0.111235	59.933333	2.205040
358	45.683837	15.211890	0.222469	59.933333	2.218768
359	45.684689	15.155478	0.111235	59.933333	2.209330
360	45.688212	15.164898	0.333704	59.933333	2.291074
361	45.688796	15.229950	0.333704	59.933333	2.317791
362	45.694786	15.209824	0.111235	59.933333	2.212850
363	45.702797	15.332521	0.222469	59.933333	2.217474
364	45.702541	15.395872	0.111235	59.933333	2.217254
365	45.708647	15.366251	0.111235	59.933333	2.201719
366	45.707607	15.425027	0.333704	59.933333	2.186134
367	45.703572	15.439583	0.333704	59.933333	2.392553
368	45.703632	15.467025	0.333704	59.933333	2.201596
369	45.714128	15.511502	0.333704	59.933333	2.210868
370	45.711377	15.525606	0.444939	59.933333	2.204668
371	45.695043	15.569453	0.667408	59.933333	2.217056
372	45.702404	15.550488	0.222469	59.933333	2.210171
373	45.688343	15.569426	0.444939	59.933333	2.206219
374	45.701754	15.685720	0.333704	59.933333	2.203727
375	45.712319	15.760296	0.444939	59.933333	2.198879
376	45.714298	15.664509	0.111235	59.933333	2.386937
377	45.715603	15.729315	0.444939	59.933333	2.202376
378	45.728698	15.715776	0.222469	59.933333	2.302978
379	45.720381	15.773524	0.444939	59.933333	2.196090
380	45.733711	15.912597	0.556174	59.933333	2.227279
381	45.722866	15.981490	0.222469	59.933333	2.394139
382	45.718208	16.075863	0.111235	59.933333	2.216119
383	45.721799	16.048820	0.111235	59.933333	2.217735
384	45.710146	16.186198	0.111235	59.933333	2.203179
385	45.724893	16.258499	0.444939	59.933333	2.209405
386	45.722526	16.291047	0.444939	59.933333	2.201648
387	45.736599	16.296263	0.556174	59.933333	2.295773
388	45.718575	16.357921	0.778643	59.933333	2.205425
389	45.721152	16.444507	0.556174	59.933333	2.295262
390	45.718080	16.490559	0.667408	59.933333	2.210479
391	45.709738	16.514761	0.333704	59.933333	2.218825
392	45.725268	16.620864	0.556174	59.933333	2.223740
393	45.733130	16.631389	0.667408	59.933333	2.299284
394	45.746467	16.689619	0.222469	59.933333	2.373661
395	45.719233	16.732567	0.778643	59.933333	2.215868
396	45.739353	16.783789	0.444939	59.933333	2.219517
397	45.731685	16.940156	0.556174	59.933333	2.207503
398	45.749897	16.920242	0.556174	59.933333	2.209007
399	45.750913	17.091377	0.444939	59.933333	2.203733
400	45.758742	17.105370	0.444939	59.933333	2.201518
401	45.751053	17.199098	0.333704	59.933333	2.286214
402	45.765969	17.290628	0.556174	59.933333	2.226984
403	45.758468	17.409542	0.556174	59.933333	2.204346
404	45.763642	17.449840	0.667408	59.933333	2.215412
405	45.774841	17.574121	0.444939	59.933333	2.305457
406	45.784551	17.706162	0.333704	59.933333	2.211160
407	45.780340	17.781199	0.444939	59.933333	2.213158
408	45.786011	17.852638	0.444939	59.933333	2.206701
409	45.787114	17.909022	0.556174	59.933333	2.196966
410	45.771134	17.897755	0.778643	59.933333	2.204192
411	45.775926	18.085034	0.556174	59.933333	2.201861
412	45.787156	18.186930	0.444939	59.933333	2.212957
413	45.781636	18.258233	0.667408	59.933333	2.205859
414	45.785421	18.377117	0.556174	59.933333	2.299594
415	45.785856	18.350226	0.556174	59.933333	2.200760
416	45.777142	18.345174	0.556174	59.933333	2.208668
417	45.797521	18.423269	0.667408	59.933333	2.311385
418	45.793992	18.511118	0.778643	59.933333	2.208378
419	45.803881	18.599370	0.667408	59.933333	2.198199
420	45.799798	18.630064	0.667408	59.933333	2.298105
421	45.811635	18.699541	0.444939	59.933333	2.287258
422	45.812824	18.685076	0.778643	59.933333	2.207599
423	45.822752	18.825506	0.556174	59.933333	2.199306
424	45.833793	18.874131	0.556174	59.933333	2.212027
425	45.831633	18.968582	0.556174	59.933333	2.403562
426	45.847881	18.972499	0.667408	59.933333	2.236215
427	45.821756	19.041079	0.889878	59.933333	2.201699
428	45.825899	19.100649	0.778643	59.933333	2.296699
429	45.832539	19.159612	0.889878	59.933333	2.206174
430	45.842955	19.238723	1.001112	59.933333	2.205813
431	45.838135	19.318706	0.667408	59.933333	2.212111
432	45.838124	19.331206	0.667408	59.933333	2.198568
433	45.837957	19.420550	0.889878	59.933333	2.210417
434	45.859647	19.544544	0.778643	59.933333	2.216339
435	45.869529	19.547229	0.889878	59.933333	2.214502
436	45.861137	19.667980	1.112347	59.933333	2.198983
437	45.861021	19.770408	0.778643	59.933333	2.297869
438	45.855290	19.898609	0.778643	59.933333	2.194355
439	45.859993	19.926113	1.446051	59.933333	2.210615
440	45.884424	19.952606	1.334816	59.933333	2.295716
441	45.881078	20.055852	1.223582	59.933333	2.303242
442	45.880556	20.141331	0.778643	59.933333	2.215801
443	45.882353	20.210970	0.889878	59.933333	2.197189
444	45.887318	20.365058	1.112347	59.933333	2.305471
445	45.900685	20.405735	1.223582	59.933333	2.296053
446	45.907086	20.443926	1.668521	59.933333	2.311229
447	45.912385	20.574951	1.446051	59.933333	2.214552
448	45.915717	20.730394	1.223582	59.933333	2.224031
449	45.922703	20.715969	1.557286	59.933333	2.209531
450	45.946753	20.802195	1.557286	59.933333	2.196259
451	45.936006	20.912136	1.668521	59.933333	2.203501
452	45.957494	20.912993	1.446051	59.933333	2.210082
453	45.962220	20.961742	1.334816	59.933333	2.205718
454	45.968813	21.036581	1.334816	59.933333	2.199135
455	45.977473	21.156950	1.334816	59.933333	2.287229
456	45.981592	21.303489	1.779755	59.933333	2.214511
457	46.005547	21.429280	1.668521	59.933333	2.209262
458	46.005780	21.539466	2.002225	59.933333	2.204138
459	46.038067	21.605961	1.668521	59.933333	2.210459
460	46.064919	21.561538	1.112347	59.933333	2.219892
461	46.080428	21.864389	1.223582	59.933333	2.204936
462	46.125600	21.861190	1.334816	59.933333	2.214083
463	46.157882	21.978264	1.446051	59.933333	2.201832
464	46.190032	22.119837	1.668521	59.933333	2.203551
465	46.213949	22.189186	1.890990	59.933333	2.293716
466	46.236348	22.326319	2.113459	59.933333	2.303994
467	46.245503	22.352812	2.113459	59.933333	2.202586
468	46.275330	22.476137	2.224694	59.933333	2.293897
469	46.284896	22.599973	2.224694	59.933333	2.209946
470	46.304357	22.687535	2.335929	59.933333	2.210145
471	46.350366	22.861574	2.224694	59.933333	2.319614
472	46.364862	22.980121	2.447164	59.933333	2.196059
473	46.383139	23.054858	2.558398	59.933333	2.200222
474	46.401897	23.088944	2.558398	59.933333	2.208251
475	46.412623	23.130920	2.558398	59.933333	2.207062
476	46.426484	23.316550	2.447164	59.933333	2.310656
477	46.427250	23.376387	2.892102	59.933333	2.198540
478	46.428674	23.381371	3.225806	59.933333	2.294374
479	46.459636	23.514855	2.780868	59.933333	2.303386
480	46.475112	23.674481	3.114572	59.933333	2.209370
481	46.500409	23.714714	2.558398	59.933333	2.216180
482	46.508127	23.822952	3.114572	59.933333	2.216490
483	46.525878	23.897958	2.335929	59.933333	2.210151
484	46.548551	23.965235	3.114572	59.933333	2.217623
485	46.576011	24.139227	2.892102	59.933333	2.204827
486	46.583095	24.186134	3.003337	59.933333	2.195633
487	46.583360	24.291245	3.448276	59.933333	2.196762
488	46.621820	24.372426	3.781980	59.933333	2.301908
489	46.650764	24.372580	3.337041	59.933333	2.204075
490	46.659175	24.472064	3.337041	59.933333	2.210524
491	46.703303	24.724410	3.670745	59.933333	2.213029
492	46.726191	24.829405	3.448276	59.933333	2.390718
493	46.757373	24.974618	3.448276	59.933333	2.208124
494	46.788085	25.158160	3.893215	59.933333	2.483722
495	46.831921	25.264439	4.449388	59.933333	2.224177
496	46.834928	25.424549	4.338154	59.933333	2.327121
497	46.871284	25.521327	4.004449	59.933333	2.480261
498	46.896154	25.698608	4.004449	59.933333	2.225223
499	46.934968	25.879289	4.449388	59.933333	2.220550
500	46.950194	25.983736	4.560623	59.933333	2.197828
501	46.975714	26.132310	4.894327	59.933333	2.212976
502	47.002593	26.271829	4.783092	59.933333	2.292548
503	47.034770	26.422648	4.449388	59.933333	2.215906
504	47.052011	26.553980	4.004449	59.933333	2.293915
505	47.092298	26.708861	4.226919	59.933333	2.207858
506	47.130075	26.816172	4.338154	59.933333	2.204106
507	47.164848	27.056539	4.560623	59.933333	2.214417
508	47.231242	27.207271	4.671858	59.933333	2.200709
509	47.288191	27.359342	4.226919	59.933333	2.374424
510	47.364977	27.490221	4.338154	59.933333	2.223985
511	47.433737	27.671731	4.115684	59.933333	2.201843
512	47.481281	27.810873	4.560623	59.933333	2.208718
513	47.529301	27.867076	5.005562	59.933333	2.302703
514	47.583473	28.023197	4.894327	59.933333	2.205663
515	47.639048	28.114938	4.449388	59.933333	2.208395
516	47.706932	28.309323	5.561735	59.933333	2.198690
517	47.781509	28.474633	5.005562	59.933333	2.306878
518	47.869420	28.676600	5.450501	59.933333	2.207773
519	47.937045	28.762987	5.895439	59.933333	2.223809
520	47.998881	28.890725	5.784205	59.933333	2.214965
521	48.100305	29.125687	6.340378	59.933333	2.300427
522	48.278958	29.318955	6.229143	59.933333	2.207203
523	48.350385	29.508584	6.006674	59.933333	2.211490
524	48.416084	29.618828	6.674082	59.933333	2.203484
525	48.473179	29.643924	6.562848	59.933333	2.289057
526	48.483619	29.526924	6.562848	59.933333	2.293619
527	48.499477	29.551326	6.674082	59.933333	2.213077
528	48.516765	29.694385	6.674082	59.933333	2.209651
529	48.571792	29.671200	6.340378	59.933333	2.211497
530	48.685005	29.806749	6.340378	59.933333	2.215256
531	48.822409	29.866213	6.785317	59.933333	2.295706
532	48.905224	29.818187	6.117909	59.933333	2.210308
533	48.934215	29.898802	5.895439	59.933333	2.212960
534	48.953268	29.901983	6.006674	59.933333	2.216089
535	48.960838	29.970615	6.785317	59.933333	2.305077
536	48.966902	29.964980	6.006674	59.933333	2.212039
537	48.958451	29.930339	6.451613	59.933333	2.204457
538	48.969713	29.988981	5.895439	59.933333	2.303095
539	48.994327	29.969394	6.006674	59.933333	2.296516
540	48.992270	30.082374	6.229143	59.933333	2.299898
541	49.015284	30.101440	6.451613	59.933333	2.199809
542	49.043345	30.069592	6.117909	59.933333	2.203023
543	49.057233	30.138331	6.340378	59.933333	2.207650
544	49.061358	30.069736	6.340378	59.933333	2.309267
545	49.069625	30.097399	6.117909	59.933333	2.214192
546	49.073809	30.207778	6.006674	59.933333	2.206109
547	49.078017	30.188688	7.007786	59.933333	2.207440
548	49.060351	30.220273	7.119021	59.933333	2.292464
549	49.072769	30.160403	6.117909	59.933333	2.205420
550	49.072793	30.252851	6.562848	59.933333	2.195737
551	49.071056	30.152920	6.117909	59.933333	2.205258
552	49.075431	30.168381	6.229143	59.933333	2.208418
553	49.117175	30.235366	5.895439	59.933333	2.216539
554	49.172375	30.176364	6.562848	59.933333	2.206249
555	49.186710	30.158802	6.785317	59.933333	2.212508
556	49.179786	30.161486	6.674082	59.933333	2.297408
557	49.170563	30.106087	6.562848	59.933333	2.226597
558	49.164861	30.218699	6.674082	59.933333	2.207111
559	49.182522	30.272381	6.562848	59.933333	2.292012
560	49.168184	30.254437	6.117909	59.933333	2.192706
561	49.186945	30.378135	6.229143	59.933333	2.197355
562	49.189809	30.368769	7.007786	59.933333	2.224780
563	49.190843	30.289547	6.785317	59.933333	2.199702
564	49.190658	30.277640	6.562848	59.933333	2.209902
565	49.198431	30.219422	6.785317	59.933333	2.211557
566	49.196273	30.163747	6.674082	59.933333	2.207534
567	49.231434	30.242323	6.674082	59.933333	2.201442
568	49.236563	30.311158	6.340378	59.933333	2.302090
569	49.239558	30.319129	6.562848	59.933333	2.193002
570	49.255931	30.363468	7.119021	59.933333	2.394401
571	49.272275	30.305828	6.117909	59.933333	2.280667
572	49.284858	30.289407	7.007786	59.933333	2.232918
573	49.287868	30.257472	7.119021	59.933333	2.218714
574	49.322265	30.329124	6.674082	59.933333	2.222645
575	49.340451	30.403912	7.007786	59.933333	2.388221
576	49.344110	30.413568	6.785317	59.933333	2.312750
577	49.338484	30.457899	7.675195	59.933333	2.298113
578	49.340701	30.404557	6.896552	59.933333	2.218523
579	49.344438	30.387078	6.674082	59.933333	2.196104
580	49.350351	30.316461	7.119021	59.933333	2.295923
581	49.351665	30.358680	7.230256	59.933333	2.300540
582	49.353018	30.374845	6.896552	59.933333	2.221040
583	49.351925	30.430884	7.563960	59.933333	2.204032
584	49.369115	30.382331	6.785317	59.933333	2.202174
585	49.359003	30.335230	6.896552	59.933333	2.264903
586	49.383700	30.297326	6.340378	59.933333	2.241711
587	49.369186	30.373274	7.119021	59.933333	2.206783
588	49.359614	30.369289	6.674082	59.933333	2.224389
589	49.376878	30.356181	7.119021	59.933333	2.297915
590	49.371940	30.339688	6.896552	59.933333	2.209952
591	49.375093	30.377078	7.452725	59.933333	2.210215
592	49.392956	30.395116	6.562848	59.933333	2.211157
593	49.391383	30.397823	6.451613	59.933333	2.201609
594	49.397993	30.409927	6.451613	59.933333	2.203328
595	49.402827	30.375473	7.230256	59.933333	2.194241
596	49.406999	30.400423	7.007786	59.933333	2.220611
597	49.384677	30.347728	7.897664	59.933333	2.225289
598	49.403900	30.439378	7.341491	59.933333	2.309933
599	49.393541	30.399233	7.341491	59.933333	2.205328
600	49.405348	30.487844	7.452725	59.933333	2.207260
601	49.402565	30.416636	6.340378	59.933333	2.204504
602	49.405509	30.436380	6.229143	59.933333	2.193248
603	49.412096	30.496277	6.451613	59.933333	2.289676
604	49.412119	30.503595	7.119021	59.933333	2.295447
605	49.410343	30.474150	7.341491	59.933333	2.314550
606	49.403203	30.398939	6.896552	59.933333	2.403684
607	49.409682	30.371145	7.007786	59.933333	2.191429
608	49.399701	30.436945	7.007786	59.933333	2.279542
609	49.390364	30.461537	7.119021	59.933333	2.209064
610	49.396908	30.413681	7.119021	59.933333	2.208548
611	49.391139	30.359672	6.896552	59.933333	2.392405
612	49.400908	30.449192	6.562848	59.933333	2.201484
613	49.406064	30.394244	6.451613	59.933333	2.478557
614	49.389815	30.407707	6.785317	59.933333	2.204848
615	49.377674	30.298379	6.785317	59.933333	2.300683
616	49.379939	30.356329	7.007786	59.933333	2.303883
617	49.405891	30.371071	7.230256	59.933333	2.214688
618	49.406749	30.487604	7.007786	59.933333	2.215697
619	49.403912	30.433593	7.119021	59.933333	2.207983
620	49.379560	30.375805	6.451613	59.933333	2.206114
621	49.380699	30.404113	6.896552	59.933333	2.208805
622	49.391216	30.427825	6.785317	59.933333	2.215450
623	49.390244	30.500536	6.451613	59.933333	2.207475
624	49.384385	30.452462	6.896552	59.933333	2.295471
625	49.395734	30.490809	6.785317	59.933333	2.259753
626	49.408269	30.478460	7.119021	59.933333	2.319700
627	49.402058	30.540874	6.785317	59.933333	2.218956
628	49.392635	30.474104	6.451613	59.933333	2.208822
629	49.391699	30.465511	7.007786	59.933333	2.216200
630	49.399894	30.496493	6.896552	59.933333	2.206021
631	49.407285	30.452908	6.674082	59.933333	2.202703
632	49.408638	30.449282	7.007786	59.933333	2.300332
633	49.405110	30.483663	7.230256	59.933333	2.291009
634	49.407291	30.466864	6.785317	59.933333	2.204735
635	49.406791	30.465189	6.562848	59.933333	2.202717
636	49.419594	30.539267	6.451613	59.933333	2.207762
637	49.416050	30.623671	6.785317	59.933333	2.298922
638	49.422783	30.595242	7.341491	59.933333	2.299512
639	49.419248	30.591522	7.563960	59.933333	2.209170
640	49.427164	30.596855	7.452725	59.933333	2.208462
641	49.432129	30.524547	7.119021	59.933333	2.203016
642	49.452251	30.559338	7.007786	59.933333	2.308614
643	49.457002	30.564308	7.119021	59.933333	2.292708
644	49.455181	30.578510	5.895439	59.933333	2.205764
645	49.444532	30.513159	6.562848	59.933333	2.199960
646	49.447066	30.523431	6.785317	59.933333	2.290779
647	49.438620	30.582825	6.785317	59.933333	2.303248
648	49.437016	30.535778	6.785317	59.933333	2.199480
649	49.446827	30.593264	6.674082	59.933333	2.197630
650	49.464077	30.584655	6.117909	59.933333	2.196051
651	49.451065	30.620268	6.674082	59.933333	2.217778
652	49.461073	30.634028	7.007786	59.933333	2.210919
653	49.460870	30.602953	6.896552	59.933333	2.206774
654	49.457991	30.565690	7.119021	59.933333	2.295643
655	49.456096	30.528650	6.896552	59.933333	2.280654
656	49.454689	30.579794	6.674082	59.933333	2.196255
657	49.460858	30.466098	7.119021	59.933333	2.199049
658	49.486473	30.526986	7.119021	59.933333	2.381518
659	49.475205	30.512090	7.563960	59.933333	2.224627
660	49.481672	30.556966	8.008899	59.933333	2.217878
661	49.479675	30.531909	7.119021	59.933333	2.195651
662	49.481136	30.626316	6.785317	59.933333	2.202653
663	49.476445	30.549664	6.562848	59.933333	2.308768
664	49.474359	30.589467	6.896552	59.933333	2.207118
665	49.465477	30.508238	6.785317	59.933333	2.298529
666	49.488547	30.622347	6.117909	59.933333	2.314217
667	49.496162	30.617507	7.230256	59.933333	2.201293
668	49.474639	30.538313	6.896552	59.933333	2.217499
669	49.482691	30.573174	7.452725	59.933333	2.315651
670	49.477381	30.549802	7.341491	59.933333	2.366307
671	49.483055	30.556741	7.452725	59.933333	2.309460
672	49.465835	30.566461	7.452725	59.933333	2.283769
673	49.484757	30.531980	7.119021	59.933333	2.202715
674	49.489936	30.600320	7.119021	59.933333	2.203734
675	49.476099	30.634965	7.341491	59.933333	2.193883
676	49.491170	30.617289	8.008899	59.933333	2.204469
677	49.494094	30.587039	7.341491	59.933333	2.204856
678	49.491045	30.510565	6.340378	59.933333	2.197380
679	49.498183	30.645934	6.674082	59.933333	2.284595
680	49.506819	30.667940	6.785317	59.933333	2.199950
681	49.511313	30.741488	7.452725	59.933333	2.207182
682	49.523622	30.695434	7.341491	59.933333	2.215758
683	49.525148	30.671671	7.675195	59.933333	2.206577
684	49.526548	30.642457	7.675195	59.933333	2.212478
685	49.529463	30.622763	7.786429	59.933333	2.210569
686	49.531662	30.499008	7.563960	59.933333	2.300979
687	49.529219	30.533466	7.341491	59.933333	2.207673
688	49.555391	30.531927	7.007786	59.933333	2.296868
689	49.555904	30.697517	7.786429	59.933333	2.305735
690	49.548623	30.604090	7.341491	59.933333	2.203445
691	49.552572	30.631100	7.675195	59.933333	2.216824
692	49.554312	30.622870	7.563960	59.933333	2.213751
693	49.537173	30.580265	7.230256	59.933333	2.208087
694	49.531356	30.541733	6.896552	59.933333	2.379936
695	49.530688	30.502717	6.674082	59.933333	2.216985
696	49.543333	30.520664	7.007786	59.933333	2.218291
697	49.543399	30.601980	7.452725	59.933333	2.209780
698	49.542236	30.566831	7.119021	59.933333	2.212435
699	49.539015	30.542994	6.562848	59.933333	2.204151
700	49.542242	30.590153	7.007786	59.933333	2.192247
701	49.541306	30.592644	6.896552	59.933333	2.300923
702	49.547029	30.619008	7.341491	59.933333	2.209765
703	49.570692	30.608090	7.007786	59.933333	2.208010
704	49.534020	30.585554	7.675195	59.933333	2.219262
705	49.542373	30.560355	8.008899	59.933333	2.312061
706	49.523497	30.510664	7.452725	59.933333	2.407040
707	49.525142	30.582711	7.452725	59.933333	2.300656
708	49.528337	30.479057	7.007786	59.933333	2.494931
709	49.519646	30.480247	6.229143	59.933333	2.309463
710	49.521616	30.536126	7.341491	59.933333	2.207834
711	49.527669	30.537891	6.896552	59.933333	2.302840
712	49.524286	30.539805	6.896552	59.933333	2.210062
713	49.532175	30.619238	7.119021	59.933333	2.220618
714	49.521357	30.633334	7.341491	59.933333	2.218744
715	49.528033	30.580389	6.674082	59.933333	2.217442
716	49.525380	30.486282	6.340378	59.933333	2.217599
717	49.533498	30.554795	7.007786	59.933333	2.211252
718	49.520963	30.469503	6.562848	59.933333	2.304288
719	49.525785	30.497687	6.896552	59.933333	2.223589
720	49.520528	30.527585	7.119021	59.933333	2.211246
721	49.527311	30.533298	6.896552	59.933333	2.383457
722	49.543762	30.593871	7.341491	59.933333	2.220250
723	49.539888	30.528424	7.230256	59.933333	2.212144
724	49.541575	30.508091	7.897664	59.933333	2.195318
725	49.539238	30.539267	7.341491	59.933333	2.199773
726	49.549583	30.548287	7.119021	59.933333	2.212860
727	49.566305	30.584506	7.119021	59.933333	2.308116
728	49.554062	30.549537	7.230256	59.933333	2.196404
729	49.567723	30.579700	7.007786	59.933333	2.297794
730	49.588382	30.598908	7.786429	59.933333	2.210670
731	49.594069	30.615655	7.563960	59.933333	2.212061
732	49.594626	30.557232	7.675195	59.933333	2.218348
733	49.602851	30.602754	7.230256	59.933333	2.209908
734	49.610019	30.617653	8.008899	59.933333	2.210685
735	49.613476	30.644376	7.563960	59.933333	2.195474
736	49.629879	30.683636	7.563960	59.933333	2.196148
737	49.625781	30.582191	7.119021	59.933333	2.210669
738	49.621361	30.605852	6.896552	59.933333	2.208268
739	49.619538	30.537771	6.674082	59.933333	2.216131
740	49.617672	30.580575	6.896552	59.933333	2.202766
741	49.642044	30.590545	6.896552	59.933333	2.289932
742	49.630406	30.686695	7.786429	59.933333	2.204282
743	49.648327	30.719751	7.563960	59.933333	2.205263
744	49.643207	30.775765	7.563960	59.933333	2.304293
745	49.639493	30.709661	7.452725	59.933333	2.203218
746	49.636415	30.631230	7.341491	59.933333	2.201488
747	49.638236	30.604443	7.452725	59.933333	2.302385
748	49.646038	30.684414	7.897664	59.933333	2.297744
749	49.646419	30.711425	7.675195	59.933333	2.221549
750	49.628538	30.620219	7.563960	59.933333	2.215922
751	49.633515	30.624790	7.563960	59.933333	2.223857
752	49.664080	30.531889	6.896552	59.933333	2.204753
753	49.660814	30.483477	7.007786	59.933333	2.205097
754	49.650651	30.524608	7.341491	59.933333	2.203659
755	49.652362	30.584772	7.563960	59.933333	2.202412
756	49.635002	30.635688	7.230256	59.933333	2.290783
757	49.642089	30.689731	8.008899	59.933333	2.199005
758	49.646121	30.681595	8.008899	59.933333	2.285712
759	49.649531	30.708519	7.563960	59.933333	2.197323
760	49.639881	30.606124	7.675195	59.933333	2.288928
761	49.660575	30.598806	8.342603	59.933333	2.312793
762	49.647823	30.650571	7.007786	59.933333	2.285166
763	49.651638	30.584242	6.896552	59.933333	2.296596
764	49.665326	30.637010	7.786429	59.933333	2.299041
765	49.655008	30.639123	7.897664	59.933333	2.393073
766	49.664739	30.633152	8.008899	59.933333	2.303863
767	49.669114	30.660812	7.897664	59.933333	2.209869
768	49.654424	30.666444	8.120133	59.933333	2.215014
769	49.646658	30.713639	7.675195	59.933333	2.211689
770	49.636739	30.742818	8.120133	59.933333	2.199656
771	49.641404	30.773823	7.563960	59.933333	2.206017
772	49.635887	30.699660	7.341491	59.933333	2.288208
773	49.629718	30.705077	7.341491	59.933333	2.296177
774	49.631274	30.756814	8.231368	59.933333	2.280250
775	49.621069	30.645696	7.119021	59.933333	2.386668
776	49.618393	30.712838	7.786429	59.933333	2.281087
777	49.646610	30.676600	7.563960	59.933333	2.191433
778	49.641293	30.677365	7.230256	59.933333	2.207575
779	49.632129	30.589194	7.563960	59.933333	2.222092
780	49.640986	30.609103	7.341491	59.933333	2.215610
781	49.649799	30.693614	8.008899	59.933333	2.213473
782	49.645078	30.730443	7.452725	59.933333	2.210870
783	49.668986	30.616963	7.230256	59.933333	2.198482
784	49.658298	30.636543	7.007786	59.933333	2.294872
785	49.656790	30.703004	7.452725	59.933333	2.196318
786	49.654835	30.740933	7.786429	59.933333	2.203331
787	49.647057	30.715642	7.786429	59.933333	2.208117
788	49.640036	30.776203	8.676307	59.933333	2.204002
789	49.650091	30.695857	8.453838	59.933333	2.210746
790	49.642950	30.651084	7.675195	59.933333	2.205288
791	49.635041	30.739367	7.675195	59.933333	2.200329
792	49.646538	30.656187	7.563960	59.933333	2.198394
793	49.646491	30.720058	7.897664	59.933333	2.291790
794	49.630094	30.743699	7.897664	59.933333	2.201938
795	49.631679	30.673920	8.008899	59.933333	2.293893
796	49.623963	30.676122	7.341491	59.933333	2.216380
797	49.642310	30.668562	7.119021	59.933333	2.210140
798	49.640322	30.604916	7.007786	59.933333	2.218222
799	49.633467	30.652871	7.230256	59.933333	2.206444
800	49.645799	30.667992	7.007786	59.933333	2.213475
801	49.648041	30.683109	7.786429	59.933333	2.210778
802	49.656221	30.693424	7.897664	59.933333	2.300123
803	49.655718	30.679385	8.453838	59.933333	2.295949
804	49.655688	30.724519	8.231368	59.933333	2.210092
805	49.646607	30.759119	7.675195	59.933333	2.393691
806	49.650133	30.735585	8.120133	59.933333	2.283356
807	49.660292	30.614398	7.675195	59.933333	2.227105
808	49.656215	30.688416	7.341491	59.933333	2.216897
809	49.663728	30.744760	7.007786	59.933333	2.220988
810	49.645638	30.725085	7.230256	59.933333	2.296857
811	49.635041	30.688278	7.341491	59.933333	2.213053
812	49.636525	30.740635	7.341491	59.933333	2.304391
813	49.647093	30.698553	7.675195	59.933333	2.208543
814	49.644947	30.661344	8.120133	59.933333	2.227831
815	49.657863	30.678481	8.008899	59.933333	2.207338
816	49.661997	30.724626	7.675195	59.933333	2.202330
817	49.656332	30.801113	7.119021	59.933333	2.288836
818	49.656457	30.764329	7.119021	59.933333	2.308884
819	49.868667	30.911339	7.675195	59.933333	2.204518
820	49.934241	30.959648	8.231368	59.933333	2.203753
821	49.969977	30.998749	8.120133	59.933333	2.204839
822	49.981567	31.079320	7.897664	59.933333	2.199665
823	49.986234	31.056127	7.230256	59.933333	2.205299
824	49.974507	31.034583	8.008899	59.933333	2.315067
825	49.983263	31.021775	8.342603	59.933333	2.197834
826	49.978250	31.105556	8.231368	59.933333	2.211739
827	49.986345	31.053538	8.120133	59.933333	2.307154
828	49.991637	30.970594	8.120133	59.933333	2.288774
829	49.994782	30.961209	7.786429	59.933333	2.214317
830	49.992916	31.020900	7.786429	59.933333	2.219518
831	49.997413	31.058715	7.897664	59.933333	2.204989
832	50.001478	30.998463	7.563960	59.933333	2.392475
833	49.994302	30.997238	8.453838	59.933333	2.313099
834	50.003117	31.106010	8.008899	59.933333	2.302463
835	50.002778	31.095994	8.008899	59.933333	2.207275
836	49.988151	30.974378	8.008899	59.933333	2.209072
837	49.991405	31.045892	8.120133	59.933333	2.297343
838	50.009614	31.002055	8.453838	59.933333	2.217997
839	50.011158	31.068471	8.231368	59.933333	2.208320
840	50.007904	31.046929	7.563960	59.933333	2.305847
841	50.015777	30.973443	8.231368	59.933333	2.296977
842	49.997833	31.016670	7.897664	59.933333	2.315925
843	50.012314	30.935602	7.786429	59.933333	2.205348
844	50.019598	31.003701	7.786429	59.933333	2.210528
845	50.027651	30.994260	8.120133	59.933333	2.210373
846	50.020224	31.032116	8.231368	59.933333	2.209981
847	50.021839	31.052521	7.786429	59.933333	2.199708
848	50.004041	31.032511	7.897664	59.933333	2.212327
849	49.998537	31.060888	8.231368	59.933333	2.206742
850	49.994349	31.023918	8.120133	59.933333	2.203441
851	49.995384	30.974760	7.452725	59.933333	2.299358
852	50.019920	31.033137	8.342603	59.933333	2.298169
853	50.016570	31.015295	7.675195	59.933333	2.199908
854	50.006485	31.018392	8.008899	59.933333	2.216221
855	50.000912	30.976508	7.675195	59.933333	2.211106
856	50.003386	30.996000	8.231368	59.933333	2.383045
857	50.009263	31.006473	8.231368	59.933333	2.295609
858	50.014782	30.976878	8.120133	59.933333	2.380725
859	50.011963	30.989036	8.120133	59.933333	2.232796
860	50.011629	30.980112	7.897664	59.933333	2.201366
861	49.991649	30.993009	8.231368	59.933333	2.210960
862	50.012732	31.035885	8.008899	59.933333	2.212957
863	50.000703	31.056588	8.008899	59.933333	2.195464
864	50.005877	31.026600	8.453838	59.933333	2.293199
865	50.000596	31.011585	7.675195	59.933333	2.284878
866	50.010717	30.988774	8.565072	59.933333	2.296475
867	50.009465	31.033235	7.897664	59.933333	2.203737
868	50.014818	31.090950	8.342603	59.933333	2.197567
869	50.018752	31.096558	8.231368	59.933333	2.378214
870	50.005794	31.030400	8.231368	59.933333	2.209802
871	49.995792	31.058605	8.565072	59.933333	2.295682
872	49.998412	31.065456	8.231368	59.933333	2.387009
873	50.003153	31.035307	8.676307	59.933333	2.480847
874	50.008774	30.974782	8.120133	59.933333	2.381220
875	50.015384	30.987013	8.231368	59.933333	2.304738
876	50.007272	31.007445	7.897664	59.933333	2.196168
877	50.009692	31.030995	7.341491	59.933333	2.303948
878	50.016433	31.080367	7.675195	59.933333	2.306366
879	50.010502	31.097155	8.231368	59.933333	2.200679
880	50.010228	31.055805	8.008899	59.933333	2.211804
881	50.022161	31.038180	8.231368	59.933333	2.291375
882	50.009400	31.029858	8.120133	59.933333	2.204291
883	50.003815	30.976979	8.453838	59.933333	2.207146
884	50.012887	30.979805	8.565072	59.933333	2.215201
885	50.020319	30.972162	8.120133	59.933333	2.216052
886	50.019246	30.942733	8.120133	59.933333	2.216238
887	50.016987	30.964284	8.453838	59.933333	2.201696
888	50.013292	30.980777	8.787542	59.933333	2.200190
889	50.018841	30.994824	8.565072	59.933333	2.213261
890	50.009382	30.914930	7.786429	59.933333	2.214652
891	50.004810	30.959700	7.675195	59.933333	2.200712
892	50.010842	30.991664	8.231368	59.933333	2.193840
893	50.007594	31.061349	7.675195	59.933333	2.283487
894	49.997783	31.008990	8.231368	59.933333	2.212365
895	50.008404	30.971916	7.897664	59.933333	2.200016
896	50.012785	31.023308	8.453838	59.933333	2.324290
897	50.192118	31.167403	8.453838	59.933333	2.301110
898	50.238019	31.245817	8.787542	59.933333	2.299086
899	50.266743	31.228451	9.232481	59.933333	2.203506
900	50.268102	31.277647	8.565072	59.933333	2.212871
901	50.270933	31.238150	8.453838	59.933333	2.202941
902	50.273639	31.238115	8.008899	59.933333	2.292788
903	50.281423	31.261569	8.676307	59.933333	2.289351
904	50.271416	31.266350	8.898776	59.933333	2.214222
905	50.271285	31.267745	8.453838	59.933333	2.205842
906	50.281680	31.261337	8.898776	59.933333	2.219545
907	50.288677	31.259323	8.787542	59.933333	2.303342
908	50.287241	31.263705	8.787542	59.933333	2.206667
909	50.277358	31.306060	8.676307	59.933333	2.195962
910	50.282395	31.286818	8.898776	59.933333	2.216236
911	50.284111	31.278461	9.343715	59.933333	2.316574
912	50.283527	31.299243	8.898776	59.933333	2.213721
913	50.294340	31.299841	8.676307	59.933333	2.215490
914	50.289607	31.272678	8.898776	59.933333	2.206366
915	50.297457	31.246020	8.676307	59.933333	2.285417
916	50.291204	31.284866	8.453838	59.933333	2.210953
917	50.292331	31.294238	8.342603	59.933333	2.215594
918	50.282168	31.272808	9.010011	59.933333	2.277669
919	50.287521	31.285152	9.121246	59.933333	2.218877
920	50.280333	31.255194	9.010011	59.933333	2.301238
921	50.290978	31.268843	8.676307	59.933333	2.208632
922	50.286627	31.270828	8.453838	59.933333	2.208037
923	50.297332	31.277592	8.898776	59.933333	2.202036
924	50.298488	31.307579	8.565072	59.933333	2.287100
925	50.304884	31.325562	9.343715	59.933333	2.212247
926	50.298989	31.268340	9.010011	59.933333	2.215976
927	50.299430	31.311579	8.787542	59.933333	2.314187
928	50.309289	31.362732	9.010011	59.933333	2.480985
929	50.312018	31.279211	8.898776	59.933333	2.198289
930	50.310701	31.342303	9.232481	59.933333	2.306934
931	50.317329	31.323439	8.787542	59.933333	2.195820
932	50.302553	31.285383	8.787542	59.933333	2.224725
933	50.295919	31.294044	9.010011	59.933333	2.218504
934	50.303251	31.250286	8.342603	59.933333	2.219039
935	50.301492	31.304717	8.565072	59.933333	2.212413
936	50.297809	31.338771	9.010011	59.933333	2.197905
937	50.305659	31.324966	8.565072	59.933333	2.293797
938	50.294226	31.314067	9.343715	59.933333	2.313615
939	50.296742	31.332792	8.565072	59.933333	2.306610
940	50.300610	31.333929	9.566185	59.933333	2.204422
941	50.301611	31.310535	9.010011	59.933333	2.222548
942	50.300694	31.348928	9.454950	59.933333	2.212597
943	50.289834	31.319689	10.011123	59.933333	2.199576
944	50.309300	31.334735	9.788654	59.933333	2.214557
945	50.317436	31.335734	9.566185	59.933333	2.204339
946	50.312704	31.290576	9.454950	59.933333	2.202088
947	50.308728	31.346091	9.566185	59.933333	2.199373
948	50.315499	31.337097	8.898776	59.933333	2.204607
949	50.313920	31.350624	9.121246	59.933333	2.294387
950	50.313514	31.336435	9.454950	59.933333	2.208683
951	50.317574	31.319938	9.343715	59.933333	2.204743
952	50.313169	31.306109	9.232481	59.933333	2.210989
953	50.311244	31.383989	9.788654	59.933333	2.310137
954	50.314885	31.358815	9.232481	59.933333	2.401793
955	50.316298	31.339073	8.898776	59.933333	2.315283
956	50.312138	31.331459	9.343715	59.933333	2.212340
957	50.309557	31.337764	8.676307	59.933333	2.195823
958	50.305319	31.307804	9.454950	59.933333	2.401770
959	50.307643	31.278593	8.676307	59.933333	2.213213
960	50.316739	31.324913	9.454950	59.933333	2.199110
961	50.332361	31.283144	9.121246	59.933333	2.185000
962	50.320822	31.386276	9.788654	59.933333	2.208482
963	50.319988	31.319578	9.010011	59.933333	2.190483
964	50.313139	31.360366	8.676307	59.933333	2.192448
965	50.319254	31.332625	9.232481	59.933333	2.186545
966	50.320280	31.296506	9.010011	59.933333	2.189129
967	50.321388	31.309558	9.010011	59.933333	2.176661
968	50.319362	31.252224	8.676307	59.933333	2.184761
969	50.318992	31.241459	8.453838	59.933333	2.182837
970	50.320917	31.305003	8.676307	59.933333	2.182638
971	50.321305	31.316794	9.121246	59.933333	2.177037
972	50.326890	31.329487	9.010011	59.933333	2.182166
973	50.324363	31.305636	9.121246	59.933333	2.190955
974	50.323701	31.257057	9.454950	59.933333	2.197602
975	50.325751	31.275502	8.453838	59.933333	2.188402
976	50.319856	31.282578	9.121246	59.933333	2.175325
977	50.323015	31.308821	9.121246	59.933333	2.183679
978	50.324661	31.292915	9.232481	59.933333	2.194471
979	50.312418	31.267333	8.787542	59.933333	2.191262
980	50.310981	31.279812	8.898776	59.933333	2.458142
981	50.313586	31.295869	9.232481	59.933333	2.301251
982	50.314975	31.268321	9.566185	59.933333	2.306502
983	50.311959	31.329820	9.454950	59.933333	2.292593
984	50.316000	31.305136	9.677419	59.933333	2.211647
985	50.315642	31.289999	9.677419	59.933333	2.304324
986	50.313580	31.406321	10.122358	59.933333	2.197379
987	50.311339	31.341254	9.232481	59.933333	2.188768
988	50.312757	31.319881	8.898776	59.933333	2.181533
989	50.319117	31.267227	9.121246	59.933333	2.170015
990	50.319326	31.318895	8.898776	59.933333	2.181401
991	50.319541	31.318178	9.566185	59.933333	2.188396
992	50.320369	31.317293	9.454950	59.933333	2.183578
993	50.312567	31.309577	9.566185	59.933333	2.178770
994	50.318849	31.283686	9.232481	59.933333	2.177571
995	50.320089	31.332158	8.565072	59.933333	2.185128
996	50.316989	31.322461	8.787542	59.933333	2.203420
997	50.317150	31.357295	9.343715	59.933333	2.312919
998	50.305641	31.307723	9.343715	59.933333	2.218437
999	50.311160	31.350650	8.898776	59.933333	2.300796
1000	50.305259	31.392808	9.677419	59.933333	2.312773
1001	50.313485	31.349931	9.788654	59.933333	2.213997
1002	50.320750	31.337838	9.454950	59.933333	2.206805
1003	50.316644	31.393509	8.787542	59.933333	2.198556
1004	50.309592	31.307914	9.232481	59.933333	2.299451
1005	50.312155	31.337050	8.787542	59.933333	2.204225
1006	50.318700	31.319878	9.788654	59.933333	2.211759
1007	50.323069	31.336230	9.121246	59.933333	2.203352
1008	50.313234	31.392529	9.232481	59.933333	2.304743
1009	50.310755	31.386555	9.343715	59.933333	2.306980
1010	50.302660	31.342969	9.232481	59.933333	2.305692
1011	50.306404	31.296095	8.787542	59.933333	2.287001
1012	50.313425	31.279436	9.566185	59.933333	2.225311
1013	50.479043	31.356442	9.899889	59.933333	2.209984
1014	50.500476	31.392985	9.788654	59.933333	2.203549
1015	50.506139	31.421987	10.122358	59.933333	2.390710
1016	50.512385	31.419173	9.899889	59.933333	2.227629
1017	50.512671	31.438664	10.233593	59.933333	2.212104
1018	50.513089	31.414168	10.011123	59.933333	2.209787
1019	50.515443	31.428754	9.788654	59.933333	2.208772
1020	50.519049	31.416038	9.566185	59.933333	2.216461
1021	50.515145	31.429442	10.011123	59.933333	2.286495
1022	50.519228	31.409592	10.011123	59.933333	2.195438
1023	50.514233	31.438997	9.899889	59.933333	2.297446
1024	50.514305	31.421610	9.788654	59.933333	2.200055
1025	50.510597	31.464316	10.344828	59.933333	2.306074
1026	50.518882	31.442338	10.011123	59.933333	2.305350
1027	50.515240	31.444514	10.122358	59.933333	2.214741
1028	50.520265	31.480985	10.233593	59.933333	2.320706
1029	50.521612	31.426258	9.788654	59.933333	2.285676
1030	50.518054	31.438712	9.677419	59.933333	2.222846
1031	50.516623	31.446082	10.122358	59.933333	2.218895
1032	50.529897	31.471595	10.678532	59.933333	2.211574
1033	50.523448	31.434088	9.677419	59.933333	2.195879
1034	50.526071	31.422345	9.677419	59.933333	2.306335
1035	50.525498	31.436700	9.788654	59.933333	2.206564
1036	50.527155	31.431848	10.122358	59.933333	2.212432
1037	50.520980	31.454507	9.566185	59.933333	2.204125
1038	50.521779	31.450943	10.122358	59.933333	2.303734
1039	50.521070	31.434178	10.122358	59.933333	2.205220
1040	50.526243	31.454726	10.456062	59.933333	2.205735
1041	50.526452	31.450709	10.456062	59.933333	2.208788
1042	50.520772	31.475325	10.567297	59.933333	2.394145
1043	50.520968	31.453869	9.899889	59.933333	2.208750
1044	50.525951	31.451518	10.344828	59.933333	2.311069
1045	50.524151	31.480026	10.122358	59.933333	2.292363
1046	50.518042	31.474852	10.456062	59.933333	2.212428
1047	50.521082	31.469504	9.899889	59.933333	2.205334
1048	50.526607	31.460581	10.122358	59.933333	2.213948
1049	50.521886	31.458219	10.122358	59.933333	2.196815
1050	50.521481	31.460009	10.456062	59.933333	2.218199
1051	50.519669	31.471345	10.456062	59.933333	2.294057
1052	50.518334	31.489251	10.011123	59.933333	2.276888
1053	50.527942	31.467639	10.233593	59.933333	2.226056
1054	50.523645	31.492174	10.122358	59.933333	2.220498
1055	50.520003	31.476487	9.899889	59.933333	2.211275
1056	50.517237	31.485260	10.344828	59.933333	2.297122
1057	50.517583	31.484851	10.233593	59.933333	2.200369
1058	50.524580	31.513249	10.122358	59.933333	2.310069
1059	50.523955	31.541539	10.456062	59.933333	2.215035
1060	50.519639	31.508259	10.233593	59.933333	2.214237
1061	50.524592	31.481833	10.344828	59.933333	2.195615
1062	50.525439	31.491008	9.677419	59.933333	2.206100
1063	50.528181	31.504342	9.566185	59.933333	2.293340
1064	50.526339	31.520413	10.344828	59.933333	2.382777
1065	50.525707	31.466434	10.456062	59.933333	2.291811
1066	50.528306	31.478694	10.122358	59.933333	2.209165
1067	50.524884	31.466655	10.233593	59.933333	2.218769
1068	50.522822	31.466140	10.011123	59.933333	2.224298
1069	50.530952	31.463827	9.677419	59.933333	2.387977
1070	50.527751	31.477284	10.344828	59.933333	2.397229
1071	50.526845	31.450022	10.011123	59.933333	2.232821
1072	50.524008	31.467822	10.011123	59.933333	2.214328
1073	50.527287	31.487819	10.233593	59.933333	2.303371
1074	50.528598	31.435643	10.122358	59.933333	2.210287
1075	50.525016	31.462039	9.899889	59.933333	2.215404
1076	50.523794	31.495886	10.233593	59.933333	2.212707
1077	50.526947	31.509815	10.233593	59.933333	2.197693
1078	50.529844	31.503119	10.122358	59.933333	2.205519
1079	50.522161	31.488765	10.011123	59.933333	2.205211
1080	50.521863	31.493949	10.011123	59.933333	2.207296
1081	50.522798	31.495847	10.011123	59.933333	2.207680
1082	50.518566	31.482735	10.122358	59.933333	2.391675
1083	50.521338	31.468728	10.456062	59.933333	2.316875
1084	50.525719	31.490301	10.011123	59.933333	2.309421
1085	50.522888	31.492408	10.344828	59.933333	2.302679
1086	50.524485	31.497591	10.678532	59.933333	2.204994
1087	50.526559	31.474222	9.788654	59.933333	2.207322
1088	50.525486	31.449383	10.344828	59.933333	2.309814
1089	50.527132	31.428276	10.122358	59.933333	2.213097
1090	50.520271	31.471689	10.344828	59.933333	2.217039
1091	50.519323	31.458537	10.567297	59.933333	2.205022
1092	50.520849	31.498327	10.456062	59.933333	2.390553
1093	50.526190	31.443696	9.788654	59.933333	2.292122
1094	50.526077	31.462057	10.344828	59.933333	2.307484
1095	50.526404	31.462056	9.566185	59.933333	2.198364
1096	50.528634	31.444574	10.344828	59.933333	2.219489
1097	50.526136	31.447815	10.233593	59.933333	2.216863
1098	50.526011	31.474685	10.344828	59.933333	2.294770
1099	50.526357	31.413794	10.233593	59.933333	2.296999
1100	50.526005	31.428188	10.122358	59.933333	2.209465
1101	50.523973	31.443441	10.122358	59.933333	2.207635
1102	50.525796	31.484005	9.899889	59.933333	2.213092
1103	50.525534	31.487720	10.122358	59.933333	2.207603
1104	50.528085	31.465920	9.788654	59.933333	2.292076
1105	50.523490	31.492921	10.011123	59.933333	2.209305
1106	50.529265	31.459043	10.678532	59.933333	2.206659
1107	50.526917	31.458155	10.567297	59.933333	2.305667
1108	50.528383	31.455256	9.899889	59.933333	2.214190
1109	50.527251	31.490288	9.677419	59.933333	2.205439
1110	50.527442	31.471200	9.899889	59.933333	2.205514
1111	50.528526	31.457991	10.901001	59.933333	2.196535
1112	50.530815	31.468938	10.011123	59.933333	2.213189
1113	50.532067	31.445524	10.344828	59.933333	2.205143
1114	50.530958	31.450548	10.456062	59.933333	2.210465
1115	50.529951	31.443881	10.233593	59.933333	2.299432
1116	50.529063	31.437773	10.678532	59.933333	2.201683
1117	50.534725	31.450429	10.233593	59.933333	2.211138
1118	50.533104	31.480204	10.344828	59.933333	2.209655
1119	50.528252	31.432687	10.122358	59.933333	2.199236
1120	50.526285	31.432279	10.344828	59.933333	2.309361
1121	50.531852	31.453403	10.233593	59.933333	2.207011
1122	50.529587	31.465038	9.899889	59.933333	2.207008
1123	50.531673	31.472808	9.899889	59.933333	2.210909
1124	50.529659	31.459534	10.122358	59.933333	2.205685
1125	50.528240	31.455300	10.122358	59.933333	2.284138
1126	50.526935	31.428272	10.233593	59.933333	2.309937
1127	50.525504	31.453037	10.122358	59.933333	2.292876
1128	50.527024	31.447313	9.899889	59.933333	2.201886
1129	50.530076	31.452421	10.344828	59.933333	2.220150
1130	50.526810	31.435679	10.344828	59.933333	2.214851
1131	50.531662	31.428875	10.122358	59.933333	2.310755
1132	50.530517	31.475892	10.233593	59.933333	2.392813
1133	50.527954	31.445321	10.456062	59.933333	2.307777
1134	50.533152	31.452841	10.344828	59.933333	2.304026
1135	50.527418	31.458166	9.677419	59.933333	2.208877
1136	50.530672	31.476723	10.122358	59.933333	2.205846
1137	50.531960	31.486295	9.899889	59.933333	2.310448
1138	50.529921	31.443792	10.456062	59.933333	2.215485
1139	50.529706	31.430634	9.677419	59.933333	2.215068
1140	50.527751	31.452269	9.788654	59.933333	2.198452
1141	50.529850	31.420259	9.788654	59.933333	2.391016
1142	50.531799	31.467290	9.899889	59.933333	2.287127
1143	50.533056	31.475171	10.233593	59.933333	2.207217
1144	50.524569	31.452584	10.011123	59.933333	2.304369
1145	50.527442	31.462446	10.233593	59.933333	2.304386
1146	50.530213	31.473671	10.233593	59.933333	2.212468
1147	50.526321	31.482403	10.011123	59.933333	2.221017
1148	50.531441	31.463136	10.233593	59.933333	2.306523
1149	50.536048	31.458074	10.122358	59.933333	2.484205
1150	50.528109	31.435223	10.233593	59.933333	2.212092
1151	50.530320	31.468420	10.344828	59.933333	2.220271
1152	50.534403	31.471475	10.344828	59.933333	2.211868
1153	50.532842	31.427032	10.456062	59.933333	2.195823
1154	50.532329	31.460285	10.233593	59.933333	2.306850
1155	50.531995	31.420156	10.344828	59.933333	2.296105
1156	50.536215	31.387295	10.456062	59.933333	2.210466
1157	50.536740	31.412485	10.456062	59.933333	2.301711
1158	50.532073	31.403878	10.011123	59.933333	2.215099
1159	50.533336	31.420642	10.456062	59.933333	2.201722
1160	50.532883	31.436086	10.233593	59.933333	2.214141
1161	50.535339	31.439382	9.677419	59.933333	2.206566
1162	50.531447	31.436694	10.344828	59.933333	2.297972
1163	50.535464	31.445506	10.011123	59.933333	2.198478
1164	50.534821	31.489786	10.122358	59.933333	2.213670
1165	50.531185	31.468775	10.567297	59.933333	2.303784
1166	50.529349	31.494666	10.456062	59.933333	2.208197
1167	50.536680	31.466616	10.567297	59.933333	2.202599
1168	50.530452	31.463303	10.567297	59.933333	2.205186
1169	50.531352	31.437718	10.344828	59.933333	2.209917
1170	50.533473	31.486502	10.456062	59.933333	2.216514
1171	50.529772	31.459620	9.899889	59.933333	2.206563
1172	50.533861	31.469439	10.233593	59.933333	2.200824
1173	50.537813	31.485649	10.011123	59.933333	2.285548
1174	50.532514	31.451654	9.899889	59.933333	2.216022
1175	50.533819	31.458254	10.456062	59.933333	2.214585
1176	50.532556	31.480534	9.788654	59.933333	2.303692
1177	50.530988	31.447424	10.122358	59.933333	2.204150
1178	50.530148	31.469841	10.456062	59.933333	2.205189
1179	50.528151	31.463843	10.011123	59.933333	2.198444
1180	50.524962	31.459225	10.456062	59.933333	2.215071
1181	50.526774	31.474743	10.122358	59.933333	2.214328
1182	50.523657	31.483163	9.899889	59.933333	2.205902
1183	50.531948	31.465975	9.899889	59.933333	2.201320
1184	50.529981	31.477489	10.567297	59.933333	2.199949
1185	50.528485	31.504504	9.788654	59.933333	2.295852
1186	50.528920	31.485968	10.122358	59.933333	2.300116
1187	50.530678	31.476629	9.788654	59.933333	2.210175
1188	50.525254	31.490179	9.788654	59.933333	2.210238
1189	50.522065	31.483977	9.788654	59.933333	2.207685
1190	50.522864	31.490966	10.233593	59.933333	2.208123
1191	50.526667	31.460717	10.011123	59.933333	2.214799
1192	50.526786	31.481419	9.788654	59.933333	2.209447
1193	50.532365	31.457308	10.122358	59.933333	2.308314
1194	50.531763	31.462547	10.567297	59.933333	2.309770
1195	50.532508	31.466006	9.899889	59.933333	2.301564
1196	50.530601	31.474365	10.011123	59.933333	2.207189
1197	50.529933	31.471151	10.011123	59.933333	2.197958
1198	50.524253	31.465974	10.011123	59.933333	2.211686
1199	50.528783	31.465057	10.122358	59.933333	2.196354
1200	50.526923	31.489441	10.122358	59.933333	2.205668
1201	50.521880	31.486015	10.233593	59.933333	2.197057
1202	50.520390	31.506110	10.233593	59.933333	2.215702
1203	50.524247	31.483948	10.567297	59.933333	2.213071
1204	50.521201	31.422805	10.233593	59.933333	2.203523
1205	50.521588	31.470496	10.233593	59.933333	2.207697
1206	50.521916	31.468680	10.567297	59.933333	2.203941
1207	50.521743	31.489916	10.122358	59.933333	2.194819
1208	50.523430	31.466536	10.456062	59.933333	2.204552
1209	50.524819	31.479669	10.344828	59.933333	2.288904
1210	50.521541	31.453955	10.456062	59.933333	2.303140
1211	50.520492	31.459286	10.567297	59.933333	2.205887
1212	50.523555	31.465607	10.456062	59.933333	2.227713
1213	50.526822	31.464846	10.233593	59.933333	2.216710
1214	50.528646	31.460110	10.344828	59.933333	2.207227
1215	50.523973	31.434333	10.567297	59.933333	2.196500
1216	50.523067	31.464283	10.122358	59.933333	2.206817
1217	50.522006	31.458229	10.122358	59.933333	2.289911
1218	50.520551	31.448366	9.788654	59.933333	2.199939
1219	50.522244	31.468180	9.899889	59.933333	2.204545
1220	50.522280	31.482275	10.233593	59.933333	2.293485
1221	50.521100	31.488542	10.122358	59.933333	2.321665
1222	50.525385	31.477060	10.567297	59.933333	2.211635
1223	50.527108	31.494050	10.233593	59.933333	2.213066
1224	50.525272	31.483227	10.344828	59.933333	1.976841
1225	50.563085	31.479827	10.344828	59.933333	2.004805
1226	50.563407	31.482904	10.344828	59.933333	1.993549
1227	50.563812	31.484134	10.344828	59.933333	2.011949
1228	50.563753	31.484923	10.344828	59.933333	2.178714
1229	50.564051	31.484378	10.344828	59.933333	1.999021
1230	50.564277	31.484412	10.344828	59.933333	1.987621
1231	50.564253	31.486215	10.344828	59.933333	1.988843
1232	50.564134	31.485683	10.344828	59.933333	1.989889
1233	50.564075	31.486375	10.344828	59.933333	1.986531
1234	50.564009	31.486337	10.344828	59.933333	2.003976
1235	50.563991	31.486325	10.344828	59.933333	1.993015
1236	50.563991	31.485810	10.344828	59.933333	2.004853
1237	50.563991	31.485810	10.344828	59.933333	2.005280
1238	50.563991	31.485810	10.344828	59.933333	2.012616
1239	50.563991	31.485810	10.344828	59.933333	2.089697
1240	50.563991	31.485810	10.344828	59.933333	2.003280
1241	50.563991	31.485810	10.344828	59.933333	2.069539
1242	50.563991	31.485810	10.344828	59.933333	2.011479
1243	50.563991	31.485810	10.344828	59.933333	1.985106
1244	50.563991	31.485810	10.344828	59.933333	2.074261
1245	50.563991	31.485810	10.344828	59.933333	1.999983
1246	50.563991	31.485810	10.344828	59.933333	2.004596
1247	50.563991	31.485810	10.344828	59.933333	1.999725
1248	50.563991	31.485810	10.344828	59.933333	2.005476
1249	50.563991	31.485810	10.344828	59.933333	2.018429
1250	50.563991	31.485810	10.344828	59.933333	2.005730
1251	50.563991	31.485810	10.344828	59.933333	1.994317
1252	50.563991	31.485810	10.344828	59.933333	2.007738
1253	50.563991	31.485810	10.344828	59.933333	2.004244
1254	50.563991	31.485810	10.344828	59.933333	2.004415
1255	50.563991	31.485810	10.344828	59.933333	2.001975
1256	50.563991	31.485810	10.344828	59.933333	2.015029
1257	50.563991	31.485810	10.344828	59.933333	2.001534
1258	50.563991	31.485810	10.344828	59.933333	2.001438
1259	50.563991	31.485810	10.344828	59.933333	2.082626
1260	50.563991	31.485810	10.344828	59.933333	2.009629
1261	50.563991	31.485810	10.344828	59.933333	2.001132
1262	50.563991	31.485810	10.344828	59.933333	2.026344
1263	50.563991	31.485810	10.344828	59.933333	2.015042
1264	50.563991	31.485810	10.344828	59.933333	1.995930
1265	50.563991	31.485810	10.344828	59.933333	2.002453
1266	50.563991	31.485810	10.344828	59.933333	1.997613
1267	50.563991	31.485810	10.344828	59.933333	2.011416
1268	50.563991	31.485810	10.344828	59.933333	2.101580
1269	50.563991	31.485810	10.344828	59.933333	1.994725
1270	50.563991	31.485810	10.344828	59.933333	2.072982
1271	50.563991	31.485810	10.344828	59.933333	1.993444
1272	50.563991	31.485810	10.344828	59.933333	1.991384
1273	50.563991	31.485810	10.344828	59.933333	2.057114
1274	50.563991	31.485810	10.344828	59.933333	2.017569
1275	50.563991	31.485810	10.344828	59.933333	1.996945
1276	50.563991	31.485810	10.344828	59.933333	1.992877
1277	50.563991	31.485810	10.344828	59.933333	1.993391
1278	50.563991	31.485810	10.344828	59.933333	2.010175
1279	50.563991	31.485810	10.344828	59.933333	1.981094
1280	50.563991	31.485810	10.344828	59.933333	1.990287
