1	25.530857	2.182526	0.000000	59.933333	2.213644
2	32.304490	3.643601	0.000000	59.933333	2.208319
3	36.399442	4.503793	0.000000	59.933333	2.225041
4	38.640273	5.018393	0.000000	59.933333	2.295724
5	40.042311	5.273313	0.000000	59.933333	2.300105
6	40.970916	5.464068	0.000000	59.933333	2.300385
7	41.674465	5.591216	0.000000	59.933333	2.210166
8	42.185646	5.613956	0.000000	59.933333	2.218179
9	42.569786	5.769427	0.000000	59.933333	2.211447
10	42.867962	5.830915	0.111235	59.933333	2.187474
11	43.111616	5.765005	0.111235	59.933333	2.199228
12	43.271601	5.838617	0.111235	59.933333	2.208938
13	43.391120	5.946959	0.000000	59.933333	2.217778
14	43.511313	5.997383	0.000000	59.933333	2.219811
15	43.617660	6.016131	0.000000	59.933333	2.198049
16	43.717504	6.138987	0.000000	59.933333	2.188784
17	43.816614	6.013719	0.000000	59.933333	2.208563
18	43.906903	6.130703	0.000000	59.933333	2.308174
19	43.970180	6.205921	0.000000	59.933333	2.202362
20	44.022310	6.222461	0.000000	59.933333	2.217204
21	44.084668	6.191148	0.000000	59.933333	2.208592
22	44.113111	6.173072	0.000000	59.933333	2.209013
23	44.136128	6.244961	0.000000	59.933333	2.194208
24	44.179147	6.335077	0.000000	59.933333	2.208947
25	44.229078	6.427986	0.000000	59.933333	2.209815
26	44.267315	6.473965	0.000000	59.933333	2.470946
27	44.309703	6.581764	0.000000	59.933333	2.200725
28	44.362915	6.688980	0.000000	59.933333	2.489583
29	44.394803	6.686926	0.000000	59.933333	2.208793
30	44.421723	6.796952	0.000000	59.933333	2.393339
31	44.472879	6.821038	0.000000	59.933333	2.184822
32	44.484508	6.775221	0.000000	59.933333	2.294341
33	44.501987	6.893716	0.000000	59.933333	2.199712
34	44.540209	7.065212	0.000000	59.933333	2.203525
35	44.545054	7.014464	0.000000	59.933333	2.207842
36	44.572508	7.070230	0.000000	59.933333	2.200090
37	44.579667	7.171635	0.000000	59.933333	2.200438
38	44.598505	7.217341	0.000000	59.933333	2.300608
39	44.600117	7.231521	0.000000	59.933333	2.202040
40	44.626945	7.245015	0.000000	59.933333	2.224331
41	44.642216	7.269976	0.000000	59.933333	2.216346
42	44.657928	7.267524	0.000000	59.933333	2.200387
43	44.667989	7.404645	0.000000	59.933333	2.203862
44	44.674829	7.378425	0.000000	59.933333	2.210282
45	44.686660	7.488265	0.000000	59.933333	2.203718
46	44.696367	7.390908	0.000000	59.933333	2.209221
47	44.709191	7.418197	0.000000	59.933333	2.300008
48	44.721964	7.457871	0.000000	59.933333	2.298246
49	44.730556	7.516267	0.000000	59.933333	2.372997
50	44.715977	7.431798	0.000000	59.933333	2.209587
51	44.712383	7.419438	0.000000	59.933333	2.271339
52	44.730935	7.551218	0.000000	59.933333	2.205581
53	44.748622	7.448256	0.000000	59.933333	2.198918
54	44.769996	7.343651	0.000000	59.933333	2.303821
55	44.768226	7.448190	0.000000	59.933333	2.310295
56	44.774324	7.445134	0.000000	59.933333	2.289102
57	44.789696	7.530621	0.000000	59.933333	2.294097
58	44.799960	7.477816	0.000000	59.933333	2.191265
59	44.802970	7.441326	0.000000	59.933333	2.206072
60	44.826782	7.483875	0.000000	59.933333	2.218367
61	44.830388	7.605021	0.000000	59.933333	2.210622
62	44.838285	7.608153	0.000000	59.933333	2.305959
63	44.835898	7.568670	0.000000	59.933333	2.208370
64	44.827271	7.541577	0.000000	59.933333	2.208776
65	44.834277	7.513813	0.000000	59.933333	2.202780
66	44.859558	7.530652	0.000000	59.933333	2.207782
67	44.870049	7.469557	0.000000	59.933333	2.210032
68	44.870451	7.422258	0.000000	59.933333	2.212037
69	44.885769	7.387576	0.000000	59.933333	2.312401
70	44.892943	7.441645	0.000000	59.933333	2.217881
71	44.899029	7.472648	0.000000	59.933333	2.201068
72	44.902441	7.454883	0.000000	59.933333	2.195628
73	44.913566	7.574076	0.000000	59.933333	2.289463
74	44.912440	7.606859	0.000000	59.933333	2.202144
75	44.911963	7.513309	0.000000	59.933333	2.207595
76	44.892719	7.568260	0.000000	59.933333	2.211043
77	44.916618	7.423623	0.000000	59.933333	2.484421
78	44.926506	7.536533	0.000000	59.933333	2.221429
79	44.935954	7.556513	0.000000	59.933333	2.306834
80	44.942260	7.448819	0.000000	59.933333	2.470903
81	44.950032	7.504890	0.000000	59.933333	2.399946
82	44.945231	7.514286	0.000000	59.933333	2.214789
83	44.967785	7.628899	0.000000	59.933333	2.194925
84	44.979030	7.594108	0.000000	59.933333	2.193583
85	44.999987	7.631635	0.000000	59.933333	2.188653
86	44.988197	7.590859	0.000000	59.933333	2.294181
87	44.994593	7.598262	0.000000	59.933333	2.206964
88	45.015615	7.685670	0.000000	59.933333	2.207487
89	45.012957	7.672202	0.000000	59.933333	2.205524
90	45.021927	7.692943	0.000000	59.933333	2.216688
91	45.035040	7.737020	0.000000	59.933333	2.203646
92	45.058358	7.672320	0.000000	59.933333	2.285946
93	45.060354	7.641219	0.000000	59.933333	2.199154
94	45.059210	7.660712	0.000000	59.933333	2.204771
95	45.069933	7.630077	0.000000	59.933333	2.308406
96	45.073533	7.626002	0.000000	59.933333	2.203820
97	45.076966	7.618704	0.000000	59.933333	2.211668
98	45.088089	7.687218	0.000000	59.933333	2.207818
99	45.103908	7.745925	0.000000	59.933333	2.304396
100	45.097458	7.733575	0.000000	59.933333	2.302710
101	45.100111	7.671307	0.000000	59.933333	2.200739
102	45.094594	7.639219	0.000000	59.933333	2.213439
103	45.103228	7.601177	0.000000	59.933333	2.219204
104	45.100993	7.731795	0.000000	59.933333	2.318999
105	45.113292	7.748079	0.000000	59.933333	2.306608
106	45.122257	7.784003	0.000000	59.933333	2.304834
107	45.118803	7.730676	0.000000	59.933333	2.289601
108	45.126456	7.757892	0.000000	59.933333	2.204153
109	45.139441	7.756260	0.000000	59.933333	2.208795
110	45.138648	7.711294	0.000000	59.933333	2.190662
111	45.145372	7.742896	0.000000	59.933333	2.204659
112	45.153964	7.747161	0.000000	59.933333	2.210891
113	45.160818	7.892811	0.000000	59.933333	2.224439
114	45.162627	7.798394	0.000000	59.933333	2.208746
115	45.163450	7.809262	0.000000	59.933333	2.204776
116	45.180795	7.737877	0.000000	59.933333	2.288524
117	45.167202	7.863346	0.000000	59.933333	2.205202
118	45.179537	7.901347	0.000000	59.933333	2.198472
119	45.193103	7.900572	0.000000	59.933333	2.311249
120	45.187142	8.054119	0.000000	59.933333	2.201412
121	45.180458	7.889372	0.000000	59.933333	2.205743
122	45.191759	7.977684	0.000000	59.933333	2.214456
123	45.180243	7.967716	0.000000	59.933333	2.299680
124	45.210305	7.955170	0.000000	59.933333	2.216128
125	45.200270	7.962431	0.000000	59.933333	2.204024
126	45.194983	8.040199	0.000000	59.933333	2.211770
127	45.196706	8.037683	0.000000	59.933333	2.195130
128	45.203510	8.027601	0.000000	59.933333	2.287168
129	45.205861	8.023817	0.000000	59.933333	2.195454
130	45.201951	8.075736	0.000000	59.933333	2.214242
131	45.188022	8.148111	0.000000	59.933333	2.209658
132	45.197654	8.156099	0.000000	59.933333	2.221065
133	45.198286	8.208742	0.000000	59.933333	2.212191
134	45.193383	8.137750	0.000000	59.933333	2.207995
135	45.205119	8.128956	0.000000	59.933333	2.210833
136	45.197588	8.124626	0.000000	59.933333	2.210174
137	45.190513	8.104832	0.000000	59.933333	2.286521
138	45.196825	8.143973	0.000000	59.933333	2.205048
139	45.208961	8.151181	0.000000	59.933333	2.211682
140	45.208281	8.167856	0.000000	59.933333	2.223701
141	45.204037	8.173922	0.000000	59.933333	2.209794
142	45.214266	8.079026	0.000000	59.933333	2.201436
143	45.209020	8.078486	0.000000	59.933333	2.200436
144	45.225927	8.224102	0.000000	59.933333	2.204924
145	45.206401	8.148397	0.000000	59.933333	2.211677
146	45.208839	8.124114	0.000000	59.933333	2.390288
147	45.221227	8.154491	0.000000	59.933333	2.318264
148	45.218912	8.123250	0.000000	59.933333	2.302314
149	45.219800	8.097426	0.000000	59.933333	2.390847
150	45.230067	8.075020	0.000000	59.933333	2.334578
151	45.219529	8.076343	0.000000	59.933333	2.286424
152	45.218772	8.174950	0.000000	59.933333	2.219596
153	45.233792	8.203750	0.000000	59.933333	2.211749
154	45.240045	8.156248	0.000000	59.933333	2.312633
155	45.224875	8.216336	0.000000	59.933333	2.215260
156	45.225120	8.212288	0.000000	59.933333	2.207774
157	45.236683	8.209534	0.000000	59.933333	2.288893
158	45.210558	8.227662	0.000000	59.933333	2.197380
159	45.208246	8.276708	0.000000	59.933333	2.206105
160	45.210010	8.256188	0.000000	59.933333	2.200584
161	45.205429	8.277254	0.000000	59.933333	2.294566
162	45.209512	8.234608	0.000000	59.933333	2.222151
163	45.230493	8.112651	0.000000	59.933333	2.201180
164	45.228732	8.160123	0.000000	59.933333	2.370503
165	45.226729	8.243178	0.000000	59.933333	2.214963
166	45.221901	8.145246	0.000000	59.933333	2.221203
167	45.201546	8.152665	0.000000	59.933333	2.212572
168	45.220160	8.162607	0.000000	59.933333	2.212981
169	45.224172	8.112778	0.000000	59.933333	2.207331
170	45.241046	8.095642	0.000000	59.933333	2.319627
171	45.242777	8.145427	0.000000	59.933333	2.199727
172	45.231411	8.096526	0.000000	59.933333	2.289145
173	45.243156	8.143044	0.000000	59.933333	2.298959
174	45.258218	8.145228	0.000000	59.933333	2.225711
175	45.237565	8.144137	0.000000	59.933333	2.206749
176	45.243040	8.247323	0.000000	59.933333	2.212892
177	45.242071	8.261396	0.000000	59.933333	2.198335
178	45.244437	8.226043	0.000000	59.933333	2.216673
179	45.244318	8.180950	0.000000	59.933333	2.209287
180	45.242125	8.235225	0.000000	59.933333	2.293642
181	45.257789	8.255403	0.000000	59.933333	2.205379
182	45.234525	8.221573	0.000000	59.933333	2.297586
183	45.234546	8.220262	0.000000	59.933333	2.207860
184	45.242548	8.226452	0.000000	59.933333	2.394063
185	45.255855	8.213907	0.000000	59.933333	2.207452
186	45.258671	8.193473	0.000000	59.933333	2.211545
187	45.253634	8.106744	0.000000	59.933333	2.210351
188	45.253184	8.122567	0.000000	59.933333	2.318087
189	45.242256	8.157936	0.000000	59.933333	2.203497
190	45.257711	8.137790	0.000000	59.933333	2.196878
191	45.249182	8.055947	0.000000	59.933333	2.198716
192	45.261258	8.012433	0.000000	59.933333	2.302652
193	45.241186	8.067041	0.000000	59.933333	2.214663
194	45.243147	8.069324	0.000000	59.933333	2.206174
195	45.255813	8.077165	0.000000	59.933333	2.290476
196	45.263883	8.208128	0.000000	59.933333	2.303347
197	45.265830	8.269269	0.000000	59.933333	2.279148
198	45.258892	8.192717	0.000000	59.933333	2.217551
199	45.253283	8.128246	0.000000	59.933333	2.225526
200	45.251405	8.292143	0.000000	59.933333	2.212844
201	45.249462	8.165264	0.000000	59.933333	2.285137
202	45.249230	8.227128	0.000000	59.933333	2.326738
203	45.259458	8.230944	0.000000	59.933333	2.217561
204	45.259547	8.226523	0.000000	59.933333	2.210602
205	45.253530	8.242038	0.000000	59.933333	2.207852
206	45.260501	8.333553	0.000000	59.933333	2.203140
207	45.259544	8.381359	0.000000	59.933333	2.298265
208	45.260024	8.279103	0.000000	59.933333	2.196541
209	45.261508	8.345283	0.000000	59.933333	2.281602
210	45.269239	8.279747	0.000000	59.933333	2.194460
211	45.270568	8.246174	0.000000	59.933333	2.204064
212	45.279044	8.227431	0.000000	59.933333	2.212009
213	45.274201	8.250762	0.000000	59.933333	2.223950
214	45.269427	8.201538	0.000000	59.933333	2.217969
215	45.267737	8.183859	0.000000	59.933333	2.209119
216	45.271832	8.287139	0.000000	59.933333	2.211586
217	45.270607	8.326005	0.000000	59.933333	2.204648
218	45.248693	8.318943	0.000000	59.933333	2.207090
219	45.261532	8.205846	0.000000	59.933333	2.209695
220	45.260412	8.232953	0.000000	59.933333	2.220757
221	45.263249	8.261479	0.000000	59.933333	2.199550
222	45.273185	8.254795	0.000000	59.933333	2.307532
223	45.281413	8.334968	0.000000	59.933333	2.289812
224	45.277154	8.320544	0.000000	59.933333	2.317112
225	45.268321	8.369356	0.000000	59.933333	2.202216
226	45.264283	8.319205	0.000000	59.933333	2.216551
227	45.284480	8.418040	0.000000	59.933333	2.209305
228	45.257372	8.397969	0.000000	59.933333	2.202998
229	45.251700	8.362178	0.000000	59.933333	2.203089
230	45.270735	8.363609	0.000000	59.933333	2.307402
231	45.281601	8.394637	0.000000	59.933333	2.205225
232	45.278943	8.410418	0.000000	59.933333	2.213021
233	45.270765	8.446817	0.000000	59.933333	2.202707
234	45.275253	8.501145	0.000000	59.933333	2.202400
235	45.275849	8.514400	0.000000	59.933333	2.306098
236	45.278800	8.539096	0.000000	59.933333	2.211225
237	45.284653	8.422766	0.000000	59.933333	2.209518
238	45.294243	8.363205	0.000000	59.933333	2.212180
239	45.288283	8.379411	0.000000	59.933333	2.194721
240	45.278609	8.323305	0.000000	59.933333	2.298285
241	45.282480	8.457876	0.000000	59.933333	2.287932
242	45.285058	8.412359	0.000000	59.933333	2.223801
243	45.262921	8.370087	0.000000	59.933333	2.205344
244	45.266193	8.448707	0.000000	59.933333	2.203181
245	45.270750	8.458517	0.000000	59.933333	2.485452
246	45.285159	8.480027	0.000000	59.933333	2.222738
247	45.281702	8.367938	0.000000	59.933333	2.384216
248	45.280486	8.402185	0.000000	59.933333	2.233448
249	45.282343	8.400848	0.000000	59.933333	2.294340
250	45.267844	8.407296	0.000000	59.933333	2.219545
251	45.272475	8.436531	0.000000	59.933333	2.203796
252	45.276728	8.444204	0.000000	59.933333	2.202752
253	45.287028	8.429408	0.000000	59.933333	2.293229
254	45.291221	8.444254	0.000000	59.933333	2.200978
255	45.300132	8.414876	0.000000	59.933333	2.212656
256	45.297140	8.441868	0.000000	59.933333	2.211855
257	45.303291	8.389803	0.000000	59.933333	2.208787
258	45.293051	8.406239	0.000000	59.933333	2.217998
259	45.294726	8.402740	0.000000	59.933333	2.303243
260	45.303380	8.446652	0.000000	59.933333	2.206433
261	45.301738	8.379524	0.000000	59.933333	2.200256
262	45.289803	8.380781	0.000000	59.933333	2.298356
263	45.301840	8.446370	0.000000	59.933333	2.310888
264	45.294607	8.463187	0.000000	59.933333	2.218116
265	45.300907	8.538125	0.000000	59.933333	2.210371
266	45.318770	8.441850	0.000000	59.933333	2.210661
267	45.320451	8.383142	0.000000	59.933333	2.295927
268	45.298669	8.474729	0.000000	59.933333	2.200264
269	45.315409	8.552937	0.000000	59.933333	2.205204
270	45.303410	8.528013	0.000000	59.933333	2.294309
271	45.311368	8.636543	0.000000	59.933333	2.207662
272	45.297095	8.725695	0.000000	59.933333	2.479983
273	45.303506	8.685948	0.000000	59.933333	2.209819
274	45.307964	8.674696	0.000000	59.933333	2.421209
275	45.291504	8.679110	0.000000	59.933333	2.375655
276	45.279408	8.654255	0.000000	59.933333	2.222711
277	45.296729	8.680299	0.000000	59.933333	2.315217
278	45.302939	8.667496	0.000000	59.933333	2.484491
279	45.302603	8.645323	0.000000	59.933333	2.217405
280	45.297095	8.703903	0.000000	59.933333	2.321999
281	45.307910	8.741436	0.000000	59.933333	2.207879
282	45.309913	8.747048	0.000000	59.933333	2.198328
283	45.312098	8.710650	0.000000	59.933333	2.210244
284	45.322856	8.600225	0.000000	59.933333	2.212855
285	45.316723	8.592744	0.000000	59.933333	2.210614
286	45.305276	8.605006	0.000000	59.933333	2.212523
287	45.308587	8.682454	0.000000	59.933333	2.198712
288	45.311230	8.616622	0.000000	59.933333	2.207555
289	45.282727	8.572930	0.000000	59.933333	2.309179
290	45.290852	8.643184	0.000000	59.933333	2.321367
291	45.310122	8.654846	0.000000	59.933333	2.301206
292	45.314544	8.678863	0.000000	59.933333	2.214339
293	45.304000	8.585942	0.000000	59.933333	2.206791
294	45.302019	8.694763	0.000000	59.933333	2.214636
295	45.290822	8.667767	0.000000	59.933333	2.206865
296	45.299765	8.623227	0.000000	59.933333	2.196986
297	45.291358	8.600308	0.000000	59.933333	2.194950
298	45.315057	8.675279	0.000000	59.933333	2.221451
299	45.297372	8.752934	0.000000	59.933333	2.205604
300	45.300987	8.723529	0.000000	59.933333	2.206330
301	45.298839	8.785115	0.000000	59.933333	2.195932
302	45.303789	8.687157	0.000000	59.933333	2.206863
303	45.297712	8.694722	0.000000	59.933333	2.207171
304	45.298976	8.670513	0.000000	59.933333	2.218665
305	45.298523	8.657980	0.000000	59.933333	2.199969
306	45.306712	8.727782	0.000000	59.933333	2.205697
307	45.299307	8.733368	0.000000	59.933333	2.189170
308	45.300019	8.770757	0.000000	59.933333	2.204323
309	45.300278	8.666449	0.000000	59.933333	2.207066
310	45.305574	8.654929	0.000000	59.933333	2.305563
311	45.316690	8.662772	0.000000	59.933333	2.200995
312	45.304224	8.700766	0.000000	59.933333	2.208069
313	45.305371	8.697571	0.000000	59.933333	2.213098
314	45.305181	8.677006	0.000000	59.933333	2.201885
315	45.305824	8.742912	0.000000	59.933333	2.201927
316	45.306128	8.763734	0.000000	59.933333	2.307131
317	45.309877	8.747816	0.000000	59.933333	2.295020
318	45.319700	8.849440	0.000000	59.933333	2.212152
319	45.332444	8.836836	0.000000	59.933333	2.195884
320	45.336950	8.818848	0.000000	59.933333	2.222448
321	45.327556	8.878863	0.000000	59.933333	2.312100
322	45.320818	8.748592	0.000000	59.933333	2.301217
323	45.310342	8.777858	0.000000	59.933333	2.287180
324	45.303863	8.817422	0.000000	59.933333	2.215925
325	45.311803	8.810113	0.000000	59.933333	2.197372
326	45.310667	8.725464	0.000000	59.933333	2.202715
327	45.304456	8.672849	0.000000	59.933333	2.206155
328	45.301560	8.916504	0.000000	59.933333	2.293928
329	45.310029	8.825705	0.000000	59.933333	2.211890
330	45.308518	8.698622	0.000000	59.933333	2.212579
331	45.311522	8.758355	0.000000	59.933333	2.321834
332	45.304090	8.706450	0.000000	59.933333	2.362596
333	45.294964	8.724013	0.000000	59.933333	2.225793
334	45.296139	8.720226	0.000000	59.933333	2.219697
335	45.295155	8.711627	0.000000	59.933333	2.382719
336	45.293152	8.778398	0.000000	59.933333	2.228868
337	45.301577	8.730933	0.000000	59.933333	2.207553
338	45.307180	8.752549	0.000000	59.933333	2.199361
339	45.305121	8.786832	0.000000	59.933333	2.206441
340	45.309758	8.772495	0.000000	59.933333	2.202217
341	45.293424	8.754850	0.000000	59.933333	2.202624
342	45.297992	8.849324	0.000000	59.933333	2.208498
343	45.305726	8.853361	0.000000	59.933333	2.290542
344	45.299563	8.876063	0.000000	59.933333	2.225058
345	45.316511	8.945521	0.000000	59.933333	2.223002
346	45.306957	8.958786	0.000000	59.933333	2.205157
347	45.300329	9.000804	0.000000	59.933333	2.289268
348	45.300627	9.007850	0.000000	59.933333	2.213430
349	45.288754	9.070707	0.000000	59.933333	2.198509
350	45.291111	9.025221	0.000000	59.933333	2.312708
351	45.297223	8.965681	0.000000	59.933333	2.203495
352	45.304829	9.011645	0.000000	59.933333	2.302310
353	45.318007	9.003224	0.000000	59.933333	2.299583
354	45.301929	8.964364	0.000000	59.933333	2.302291
355	45.300362	9.006563	0.000000	59.933333	2.219518
356	45.294434	9.043612	0.000000	59.933333	2.214883
357	45.295787	9.075653	0.000000	59.933333	2.208515
358	45.286894	8.970576	0.000000	59.933333	2.319916
359	45.304585	8.917357	0.000000	59.933333	2.206385
360	45.300409	8.939953	0.000000	59.933333	2.298179
361	45.315570	8.950597	0.000000	59.933333	2.204588
362	45.311785	8.928126	0.000000	59.933333	2.205140
363	45.326966	8.945697	0.000000	59.933333	2.304705
364	45.327544	9.001602	0.000000	59.933333	2.213627
365	45.323545	8.978096	0.000000	59.933333	2.205442
366	45.311332	8.987416	0.000000	59.933333	2.203187
367	45.312566	8.982778	0.000000	59.933333	2.391270
368	45.317039	9.057646	0.000000	59.933333	2.205830
369	45.291072	9.155650	0.000000	59.933333	2.213793
370	45.298204	9.147328	0.000000	59.933333	2.215499
371	45.290732	9.097127	0.000000	59.933333	2.198033
372	45.516300	9.097559	0.000000	59.933333	2.299605
373	45.563528	8.995078	0.000000	59.933333	2.490450
374	45.592725	8.982425	0.000000	59.933333	2.214672
375	45.608845	9.106065	0.000000	59.933333	2.500116
376	45.605463	9.150868	0.000000	59.933333	2.218816
377	45.615962	9.097288	0.000000	59.933333	2.213485
378	45.632732	9.083914	0.000000	59.933333	2.208614
379	45.628113	9.078632	0.000000	59.933333	2.209601
380	45.638180	9.110295	0.000000	59.933333	2.200009
381	45.639673	9.086351	0.000000	59.933333	2.284954
382	45.642391	9.105760	0.000000	59.933333	2.203933
383	45.643270	9.122461	0.000000	59.933333	2.209691
384	45.653689	9.089881	0.000000	59.933333	2.209525
385	45.663285	9.017853	0.000000	59.933333	2.217354
386	45.648110	9.049987	0.000000	59.933333	2.215019
387	45.662165	9.091191	0.000000	59.933333	2.301727
388	45.666331	9.049575	0.000000	59.933333	2.204370
389	45.669597	9.032814	0.000000	59.933333	2.214793
390	45.669293	9.090686	0.000000	59.933333	2.305216
391	45.665091	9.137506	0.000000	59.933333	2.204790
392	45.665476	9.123600	0.000000	59.933333	2.215640
393	45.664194	9.123566	0.000000	59.933333	2.197387
394	45.691073	9.156271	0.000000	59.933333	2.291314
395	45.668507	9.088802	0.000000	59.933333	2.293212
396	45.677149	9.206996	0.000000	59.933333	2.219004
397	45.680958	9.191135	0.000000	59.933333	2.296149
398	45.678630	9.141441	0.000000	59.933333	2.226622
399	45.678523	9.123389	0.111235	59.933333	2.225164
400	45.675805	9.107485	0.000000	59.933333	2.307494
401	45.682162	9.103730	0.000000	59.933333	2.501031
402	45.692039	9.121202	0.000000	59.933333	2.222238
403	45.683968	9.250988	0.000000	59.933333	2.201033
404	45.689163	9.269821	0.000000	59.933333	2.201446
405	45.680588	9.242637	0.000000	59.933333	2.200063
406	45.683175	9.284091	0.000000	59.933333	2.208919
407	45.681170	9.197658	0.000000	59.933333	2.195764
408	45.683196	9.161519	0.000000	59.933333	2.205661
409	45.664263	9.161422	0.111235	59.933333	2.200818
410	45.689255	9.197332	0.000000	59.933333	2.211546
411	45.675683	9.182062	0.111235	59.933333	2.301525
412	45.693877	9.144731	0.111235	59.933333	2.298596
413	45.690528	9.175572	0.000000	59.933333	2.296679
414	45.690060	9.222200	0.000000	59.933333	2.212044
415	45.689046	9.310810	0.000000	59.933333	2.207784
416	45.692292	9.176803	0.000000	59.933333	2.206461
417	45.683080	9.199740	0.000000	59.933333	2.199053
418	45.677021	9.196028	0.000000	59.933333	2.202642
419	45.705286	9.234006	0.000000	59.933333	2.308534
420	45.693165	9.197185	0.000000	59.933333	2.396025
421	45.685947	9.285538	0.000000	59.933333	2.302445
422	45.690495	9.204299	0.000000	59.933333	2.287877
423	45.696020	9.150131	0.000000	59.933333	2.207696
424	45.692283	9.149689	0.000000	59.933333	2.221392
425	45.691478	9.164811	0.000000	59.933333	2.223669
426	45.685181	9.200797	0.000000	59.933333	2.206474
427	45.696497	9.288170	0.000000	59.933333	2.199847
428	45.680350	9.299641	0.000000	59.933333	2.207035
429	45.679617	9.258637	0.000000	59.933333	2.207441
430	45.677060	9.248457	0.000000	59.933333	2.217500
431	45.685673	9.280959	0.000000	59.933333	2.203271
432	45.691091	9.316721	0.000000	59.933333	2.206101
433	45.696592	9.331820	0.000000	59.933333	2.200185
434	45.693675	9.322325	0.000000	59.933333	2.202296
435	45.703438	9.325981	0.000000	59.933333	2.303390
436	45.681798	9.283876	0.000000	59.933333	2.317705
437	45.694035	9.262784	0.000000	59.933333	2.297451
438	45.691198	9.282350	0.000000	59.933333	2.211710
439	45.685333	9.353433	0.000000	59.933333	2.209752
440	45.689422	9.328351	0.000000	59.933333	2.205400
441	45.696184	9.336210	0.000000	59.933333	2.289769
442	45.687246	9.256847	0.000000	59.933333	2.216314
443	45.691475	9.274069	0.000000	59.933333	2.198885
444	45.694530	9.356282	0.000000	59.933333	2.298087
445	45.682383	9.366909	0.000000	59.933333	2.287863
446	45.694816	9.381162	0.000000	59.933333	2.223578
447	45.707959	9.443321	0.000000	59.933333	2.205066
448	45.683289	9.450590	0.000000	59.933333	2.206800
449	45.696896	9.414732	0.000000	59.933333	2.217355
450	45.697024	9.406657	0.000000	59.933333	2.309800
451	45.695555	9.377427	0.000000	59.933333	2.208752
452	45.703721	9.309385	0.000000	59.933333	2.217080
453	45.699120	9.292099	0.000000	59.933333	2.227231
454	45.690012	9.340332	0.000000	59.933333	2.214510
455	45.704335	9.335655	0.000000	59.933333	2.293690
456	45.685410	9.261273	0.000000	59.933333	2.302685
457	45.692483	9.284345	0.000000	59.933333	2.281482
458	45.697308	9.341198	0.000000	59.933333	2.302701
459	45.696425	9.420369	0.000000	59.933333	2.210430
460	45.707870	9.410419	0.000000	59.933333	2.220973
461	45.704550	9.395929	0.000000	59.933333	2.304111
462	45.702177	9.373236	0.000000	59.933333	2.421845
463	45.705926	9.367410	0.000000	59.933333	2.191397
464	45.697802	9.291371	0.000000	59.933333	2.489863
465	45.687521	9.334621	0.000000	59.933333	2.211785
466	45.705849	9.289439	0.000000	59.933333	2.315394
467	45.709097	9.320592	0.000000	59.933333	2.305556
468	45.692259	9.251969	0.000000	59.933333	2.211837
469	45.692015	9.264827	0.000000	59.933333	2.207438
470	45.690069	9.280297	0.000000	59.933333	2.213114
471	45.704621	9.361406	0.000000	59.933333	2.207979
472	45.713481	9.322238	0.000000	59.933333	2.192045
473	45.697093	9.227194	0.000000	59.933333	2.286917
474	45.698178	9.270034	0.000000	59.933333	2.304651
475	45.718452	9.258049	0.000000	59.933333	2.303001
476	45.711911	9.296324	0.000000	59.933333	2.217021
477	45.700258	9.352330	0.000000	59.933333	2.202826
478	45.703250	9.276435	0.000000	59.933333	2.313682
479	45.686832	9.293353	0.000000	59.933333	2.279732
480	45.702875	9.340755	0.000000	59.933333	2.324476
481	45.698771	9.289847	0.000000	59.933333	2.374925
482	45.696980	9.312676	0.000000	59.933333	2.229463
483	45.689017	9.381226	0.000000	59.933333	2.205311
484	45.680761	9.361532	0.000000	59.933333	2.197756
485	45.702589	9.332356	0.000000	59.933333	2.208323
486	45.710081	9.347511	0.000000	59.933333	2.214893
487	45.708796	9.403926	0.000000	59.933333	2.204006
488	45.694631	9.360842	0.000000	59.933333	2.210221
489	45.697045	9.374646	0.000000	59.933333	2.296259
490	45.703822	9.376279	0.000000	59.933333	2.217450
491	45.708945	9.322996	0.000000	59.933333	2.215322
492	45.697844	9.333652	0.000000	59.933333	2.296974
493	45.689073	9.310424	0.000000	59.933333	2.414663
494	45.694473	9.337870	0.000000	59.933333	2.197786
495	45.692459	9.297637	0.000000	59.933333	2.291940
496	45.689201	9.306867	0.000000	59.933333	2.200245
497	45.689777	9.324365	0.000000	59.933333	2.209073
498	45.679015	9.439167	0.000000	59.933333	2.208760
499	45.696443	9.463001	0.000000	59.933333	2.210596
500	45.679176	9.426348	0.000000	59.933333	2.204029
501	45.686874	9.393851	0.000000	59.933333	2.281106
502	45.690060	9.419590	0.000000	59.933333	2.317279
503	45.685530	9.509743	0.000000	59.933333	2.200401
504	45.677733	9.460939	0.000000	59.933333	2.219522
505	45.681298	9.500522	0.000000	59.933333	2.303104
506	45.693028	9.500743	0.000000	59.933333	2.213260
507	45.690864	9.428469	0.000000	59.933333	2.301196
508	45.687073	9.431586	0.000000	59.933333	2.208043
509	45.691442	9.463688	0.000000	59.933333	2.211348
510	45.690167	9.504787	0.000000	59.933333	2.205929
511	45.705765	9.511804	0.000000	59.933333	2.197282
512	45.678329	9.488035	0.000000	59.933333	2.208081
513	45.698687	9.532267	0.000000	59.933333	2.212536
514	45.695150	9.564546	0.000000	59.933333	2.216816
515	45.687997	9.471245	0.000000	59.933333	2.215177
516	45.690858	9.506443	0.000000	59.933333	2.205938
517	45.687798	9.461128	0.000000	59.933333	2.305874
518	45.697263	9.458923	0.000000	59.933333	2.207967
519	45.683914	9.476852	0.000000	59.933333	2.201191
520	45.691448	9.448268	0.000000	59.933333	2.210552
521	45.686275	9.502955	0.000000	59.933333	2.201890
522	45.678711	9.536551	0.000000	59.933333	2.310158
523	45.681670	9.579190	0.000000	59.933333	2.386020
524	45.676282	9.443994	0.000000	59.933333	2.313954
525	45.680410	9.444261	0.000000	59.933333	2.289778
526	45.688623	9.512168	0.000000	59.933333	2.300213
527	45.843333	9.508819	0.000000	59.933333	2.204432
528	45.884687	9.559483	0.000000	59.933333	2.214558
529	45.912248	9.536053	0.000000	59.933333	2.222168
530	45.927447	9.544262	0.000000	59.933333	2.325221
531	45.940173	9.555730	0.000000	59.933333	2.490339
532	45.941970	9.584206	0.000000	59.933333	2.212459
533	45.947409	9.537431	0.000000	59.933333	2.313462
534	45.956945	9.534160	0.000000	59.933333	2.481177
535	45.962557	9.578705	0.000000	59.933333	2.208035
536	45.961931	9.540947	0.000000	59.933333	2.214682
537	45.955127	9.494290	0.000000	59.933333	2.210238
538	45.967758	9.468662	0.000000	59.933333	2.210162
539	45.960671	9.508189	0.000000	59.933333	2.203451
540	45.965683	9.496083	0.000000	59.933333	2.198487
541	45.961010	9.515550	0.000000	59.933333	2.196185
542	45.965898	9.478857	0.000000	59.933333	2.208955
543	45.976639	9.514405	0.000000	59.933333	2.210901
544	45.982772	9.475918	0.000000	59.933333	2.215529
545	45.975542	9.480957	0.000000	59.933333	2.194164
546	45.971018	9.516291	0.000000	59.933333	2.206415
547	45.977443	9.449419	0.000000	59.933333	2.294545
548	45.973679	9.404114	0.000000	59.933333	2.303459
549	45.977369	9.557715	0.111235	59.933333	2.209927
550	45.975870	9.593957	0.000000	59.933333	2.201515
551	45.982951	9.524307	0.000000	59.933333	2.286620
552	45.977753	9.597135	0.000000	59.933333	2.285219
553	45.973933	9.570552	0.000000	59.933333	2.209236
554	45.983183	9.578024	0.000000	59.933333	2.193874
555	45.978811	9.591951	0.000000	59.933333	2.312032
556	45.984954	9.617171	0.000000	59.933333	2.288039
557	45.985660	9.624774	0.000000	59.933333	2.208286
558	45.992056	9.611061	0.000000	59.933333	2.399661
559	45.979339	9.618642	0.000000	59.933333	2.295512
560	45.988217	9.647859	0.000000	59.933333	2.309155
561	45.982111	9.633710	0.000000	59.933333	2.205240
562	45.983547	9.633224	0.000000	59.933333	2.203317
563	45.978385	9.635393	0.000000	59.933333	2.201534
564	45.987263	9.671544	0.000000	59.933333	2.199861
565	45.984888	9.670923	0.000000	59.933333	2.203509
566	45.992520	9.649697	0.000000	59.933333	2.208116
567	45.982164	9.668461	0.000000	59.933333	2.208266
568	45.988947	9.567323	0.000000	59.933333	2.318723
569	45.988998	9.631903	0.000000	59.933333	2.207786
570	45.995402	9.662480	0.000000	59.933333	2.205584
571	46.010858	9.703753	0.000000	59.933333	2.201758
572	46.000481	9.615521	0.000000	59.933333	2.213269
573	45.992243	9.615811	0.000000	59.933333	2.203344
574	45.996121	9.559117	0.000000	59.933333	2.209465
575	45.993829	9.576918	0.000000	59.933333	2.301622
576	45.998937	9.560257	0.000000	59.933333	2.302320
577	45.993638	9.539315	0.000000	59.933333	2.209709
578	45.990026	9.638094	0.000000	59.933333	2.211400
579	45.991075	9.643977	0.000000	59.933333	2.215849
580	46.002701	9.584304	0.000000	59.933333	2.213785
581	46.002290	9.602802	0.000000	59.933333	2.200926
582	45.997882	9.609645	0.000000	59.933333	2.212617
583	45.995161	9.570276	0.000000	59.933333	2.222717
584	45.997941	9.548107	0.111235	59.933333	2.227212
585	45.999014	9.571693	0.000000	59.933333	2.307934
586	46.000209	9.577129	0.000000	59.933333	2.224527
587	45.999575	9.612177	0.000000	59.933333	2.212357
588	46.002460	9.610881	0.000000	59.933333	2.204952
589	46.000910	9.644811	0.111235	59.933333	2.200976
590	45.995843	9.644057	0.111235	59.933333	2.210945
591	46.003968	9.632902	0.111235	59.933333	2.205960
592	45.996132	9.717880	0.000000	59.933333	2.308033
593	45.994622	9.668959	0.000000	59.933333	2.302370
594	45.993495	9.674979	0.000000	59.933333	2.309322
595	45.990893	9.688173	0.111235	59.933333	2.206799
596	45.986849	9.686786	0.000000	59.933333	2.208407
597	45.991629	9.701634	0.000000	59.933333	2.201122
598	46.007818	9.656745	0.000000	59.933333	2.310795
599	45.999151	9.539507	0.000000	59.933333	2.195846
600	46.004751	9.552578	0.000000	59.933333	2.218541
601	46.007276	9.542494	0.000000	59.933333	2.311494
602	46.000201	9.523829	0.111235	59.933333	2.194490
603	46.006989	9.556625	0.000000	59.933333	2.367172
604	46.003419	9.507989	0.000000	59.933333	2.230145
605	46.012598	9.529607	0.000000	59.933333	2.206958
606	46.007496	9.581944	0.000000	59.933333	2.213428
607	46.007207	9.558088	0.111235	59.933333	2.208376
608	46.015048	9.589292	0.000000	59.933333	2.209161
609	46.011764	9.518419	0.000000	59.933333	2.289988
610	46.011272	9.513948	0.000000	59.933333	2.311436
611	46.017480	9.529250	0.000000	59.933333	2.379777
612	46.027941	9.524314	0.000000	59.933333	2.208156
613	46.014032	9.541815	0.000000	59.933333	2.213147
614	46.014380	9.525625	0.000000	59.933333	2.209033
615	46.018839	9.552555	0.111235	59.933333	2.306411
616	46.021307	9.521628	0.000000	59.933333	2.309423
617	46.017319	9.525201	0.000000	59.933333	2.202971
618	46.011883	9.556477	0.000000	59.933333	2.214329
619	46.011785	9.547683	0.000000	59.933333	2.305779
620	46.006984	9.533777	0.000000	59.933333	2.211930
621	46.010250	9.506014	0.000000	59.933333	2.204726
622	46.014339	9.527703	0.000000	59.933333	2.202650
623	46.012431	9.546106	0.000000	59.933333	2.204707
624	46.007138	9.615719	0.000000	59.933333	2.209345
625	46.015912	9.569591	0.000000	59.933333	2.232914
626	46.017039	9.619133	0.000000	59.933333	2.304848
627	46.018544	9.554424	0.000000	59.933333	2.388244
628	46.009424	9.564053	0.000000	59.933333	2.484551
629	46.002913	9.592382	0.000000	59.933333	2.213070
630	46.012795	9.570212	0.000000	59.933333	2.309530
631	46.012104	9.539178	0.000000	59.933333	2.481776
632	46.019509	9.602956	0.000000	59.933333	2.394289
633	46.021020	9.649187	0.000000	59.933333	2.233916
634	46.029252	9.678486	0.000000	59.933333	2.216232
635	46.015796	9.660220	0.000000	59.933333	2.218313
636	46.012402	9.641537	0.000000	59.933333	2.211783
637	46.026626	9.593007	0.000000	59.933333	2.318897
638	46.019322	9.584707	0.000000	59.933333	2.292693
639	46.013016	9.585698	0.000000	59.933333	2.197782
640	46.008340	9.615640	0.000000	59.933333	2.217594
641	46.015012	9.645765	0.000000	59.933333	2.199869
642	46.006721	9.645779	0.000000	59.933333	2.417941
643	46.017221	9.633662	0.000000	59.933333	2.195702
644	46.014667	9.632204	0.000000	59.933333	2.301857
645	46.014985	9.603916	0.000000	59.933333	2.203820
646	46.006486	9.561928	0.000000	59.933333	2.201533
647	46.008420	9.617077	0.000000	59.933333	2.221274
648	46.007797	9.602918	0.000000	59.933333	2.214158
649	46.005315	9.584090	0.000000	59.933333	2.296370
650	46.000808	9.533713	0.000000	59.933333	2.307202
651	46.010736	9.491434	0.000000	59.933333	2.294651
652	46.023941	9.522044	0.000000	59.933333	2.298425
653	46.018153	9.528407	0.000000	59.933333	2.208610
654	46.024182	9.551479	0.000000	59.933333	2.216031
655	46.019137	9.568064	0.000000	59.933333	2.209027
656	46.020821	9.620074	0.000000	59.933333	2.307898
657	46.017963	9.546366	0.000000	59.933333	2.394931
658	46.003991	9.487421	0.000000	59.933333	2.419270
659	46.014363	9.575873	0.000000	59.933333	2.374609
660	46.010759	9.606921	0.000000	59.933333	2.234205
661	46.005708	9.575740	0.000000	59.933333	2.204013
662	46.020943	9.583809	0.000000	59.933333	2.210973
663	46.011156	9.607977	0.000000	59.933333	2.210479
664	46.007198	9.605855	0.000000	59.933333	2.396281
665	46.009749	9.627531	0.000000	59.933333	2.209964
666	46.006179	9.550524	0.000000	59.933333	2.205506
667	46.014881	9.500811	0.000000	59.933333	2.300055
668	46.017945	9.441380	0.000000	59.933333	2.203562
669	46.027160	9.468122	0.000000	59.933333	2.213679
670	46.013018	9.441936	0.000000	59.933333	2.302316
671	46.009734	9.436462	0.000000	59.933333	2.216820
672	46.019629	9.454548	0.000000	59.933333	2.405231
673	46.013397	9.486241	0.000000	59.933333	2.299596
674	46.022594	9.417957	0.000000	59.933333	2.305067
675	46.018627	9.510303	0.000000	59.933333	2.302100
676	46.017107	9.509689	0.000000	59.933333	2.207181
677	46.011353	9.506952	0.000000	59.933333	2.206125
678	46.006387	9.491167	0.000000	59.933333	2.317085
679	46.012720	9.402820	0.000000	59.933333	2.212811
680	46.010184	9.411406	0.000000	59.933333	2.213891
681	46.017805	9.380753	0.000000	59.933333	2.199070
682	46.006393	9.378029	0.000000	59.933333	2.296633
683	46.016866	9.414957	0.000000	59.933333	2.304759
684	46.020931	9.475899	0.000000	59.933333	2.194837
685	46.020430	9.461308	0.000000	59.933333	2.212059
686	46.156597	9.467213	0.000000	59.933333	2.209611
687	46.178886	9.423136	0.000000	59.933333	2.294122
688	46.190292	9.492093	0.000000	59.933333	2.213543
689	46.198207	9.475422	0.000000	59.933333	2.217916
690	46.197006	9.463558	0.000000	59.933333	2.220586
691	46.196753	9.524772	0.000000	59.933333	2.216016
692	46.201515	9.464414	0.000000	59.933333	2.211806
693	46.211821	9.477832	0.000000	59.933333	2.294093
694	46.207026	9.487843	0.000000	59.933333	2.245398
695	46.208400	9.497108	0.000000	59.933333	2.228302
696	46.204481	9.510234	0.000000	59.933333	2.333638
697	46.208116	9.520767	0.000000	59.933333	2.201431
698	46.216053	9.500649	0.000000	59.933333	2.212407
699	46.215945	9.517999	0.000000	59.933333	2.201963
700	46.220607	9.469182	0.000000	59.933333	2.203159
701	46.224821	9.474050	0.000000	59.933333	2.209602
702	46.219710	9.524738	0.000000	59.933333	2.202360
703	46.219158	9.482996	0.000000	59.933333	2.299548
704	46.228516	9.464476	0.000000	59.933333	2.372623
705	46.223366	9.479836	0.000000	59.933333	2.217347
706	46.227351	9.449729	0.000000	59.933333	2.202259
707	46.224660	9.451382	0.000000	59.933333	2.201720
708	46.219999	9.447238	0.000000	59.933333	2.223683
709	46.215701	9.459895	0.000000	59.933333	2.215359
710	46.219563	9.472670	0.000000	59.933333	2.214590
711	46.220130	9.444215	0.000000	59.933333	2.202767
712	46.221751	9.450460	0.000000	59.933333	2.209219
713	46.228221	9.439040	0.000000	59.933333	2.201293
714	46.228188	9.424282	0.000000	59.933333	2.209936
715	46.229923	9.414329	0.000000	59.933333	2.198623
716	46.224737	9.404147	0.000000	59.933333	2.212287
717	46.229836	9.417202	0.000000	59.933333	2.301313
718	46.225572	9.463943	0.000000	59.933333	2.202693
719	46.228755	9.458762	0.000000	59.933333	2.199826
720	46.229941	9.502169	0.000000	59.933333	2.317694
721	46.234179	9.437997	0.000000	59.933333	2.207784
722	46.234256	9.452233	0.000000	59.933333	2.214295
723	46.228790	9.462995	0.000000	59.933333	2.196951
724	46.231687	9.484277	0.000000	59.933333	2.309785
725	46.231458	9.470853	0.000000	59.933333	2.201351
726	46.233022	9.489658	0.000000	59.933333	2.202945
727	46.232456	9.502442	0.000000	59.933333	2.208941
728	46.233863	9.466080	0.000000	59.933333	2.322953
729	46.230012	9.487138	0.000000	59.933333	2.209162
730	46.234661	9.511966	0.000000	59.933333	2.214766
731	46.231717	9.463724	0.000000	59.933333	2.215985
732	46.234083	9.501965	0.000000	59.933333	2.231325
733	46.240860	9.511677	0.000000	59.933333	2.317623
734	46.235195	9.492057	0.000000	59.933333	2.311962
735	46.233425	9.502441	0.000000	59.933333	2.209047
736	46.231979	9.521897	0.000000	59.933333	2.209279
737	46.232513	9.528480	0.000000	59.933333	2.295351
738	46.228683	9.498267	0.000000	59.933333	2.217634
739	46.233344	9.530219	0.000000	59.933333	2.427586
740	46.231437	9.543006	0.000000	59.933333	2.197175
741	46.232221	9.546526	0.000000	59.933333	2.197854
742	46.234626	9.552057	0.000000	59.933333	2.295777
743	46.237063	9.578076	0.000000	59.933333	2.205793
744	46.237785	9.544937	0.000000	59.933333	2.308242
745	46.230540	9.561422	0.000000	59.933333	2.203974
746	46.233207	9.530364	0.000000	59.933333	2.213720
747	46.234739	9.541579	0.000000	59.933333	2.302510
748	46.232641	9.533816	0.000000	59.933333	2.309388
749	46.233913	9.505891	0.000000	59.933333	2.308268
750	46.236849	9.513639	0.000000	59.933333	2.298366
751	46.236289	9.532844	0.000000	59.933333	2.311802
752	46.236122	9.518889	0.000000	59.933333	2.296700
753	46.236432	9.531044	0.000000	59.933333	2.293935
754	46.240330	9.568999	0.000000	59.933333	2.230084
755	46.239203	9.554607	0.000000	59.933333	2.200842
756	46.242756	9.574357	0.000000	59.933333	2.301772
757	46.251953	9.598672	0.000000	59.933333	2.304901
758	46.249428	9.617645	0.000000	59.933333	2.215852
759	46.242505	9.554132	0.000000	59.933333	2.202160
760	46.244758	9.572604	0.000000	59.933333	2.310808
761	46.242720	9.547872	0.000000	59.933333	2.305711
762	46.243817	9.520587	0.000000	59.933333	2.202011
763	46.243358	9.510256	0.000000	59.933333	2.292043
764	46.240547	9.553822	0.000000	59.933333	2.314750
765	46.242875	9.568161	0.000000	59.933333	2.311838
766	46.241921	9.584288	0.000000	59.933333	2.201452
767	46.236634	9.584579	0.000000	59.933333	2.215487
768	46.236181	9.526192	0.000000	59.933333	2.217244
769	46.243078	9.562568	0.000000	59.933333	2.305641
770	46.242961	9.537361	0.000000	59.933333	2.214359
771	46.237677	9.594557	0.000000	59.933333	2.208969
772	46.234959	9.587485	0.000000	59.933333	2.236520
773	46.235427	9.603760	0.000000	59.933333	2.236407
774	46.241122	9.610940	0.000000	59.933333	2.225088
775	46.239996	9.595332	0.000000	59.933333	2.207164
776	46.246469	9.597815	0.000000	59.933333	2.387019
777	46.246573	9.618567	0.000000	59.933333	2.301279
778	46.238542	9.611630	0.000000	59.933333	2.304258
779	46.238989	9.608366	0.000000	59.933333	2.213188
780	46.236330	9.630633	0.000000	59.933333	2.217117
781	46.238777	9.653933	0.000000	59.933333	2.218371
782	46.241277	9.637554	0.000000	59.933333	2.315063
783	46.235371	9.568674	0.000000	59.933333	2.398128
784	46.232426	9.603720	0.000000	59.933333	2.474042
785	46.232754	9.566387	0.000000	59.933333	2.219701
786	46.236631	9.559927	0.000000	59.933333	2.321447
787	46.238181	9.540290	0.000000	59.933333	2.485614
788	46.239206	9.542617	0.000000	59.933333	2.393784
789	46.242291	9.554580	0.000000	59.933333	2.215058
790	46.236953	9.608593	0.000000	59.933333	2.214052
791	46.240300	9.578645	0.000000	59.933333	2.206172
792	46.237254	9.625292	0.000000	59.933333	2.208176
793	46.231976	9.594540	0.000000	59.933333	2.208359
794	46.234679	9.614050	0.000000	59.933333	2.210604
795	46.237576	9.657111	0.000000	59.933333	2.310794
796	46.238661	9.606727	0.000000	59.933333	2.297346
797	46.238911	9.575000	0.000000	59.933333	2.262797
798	46.236092	9.599110	0.000000	59.933333	2.221520
799	46.236342	9.585525	0.000000	59.933333	2.311586
800	46.234161	9.584848	0.000000	59.933333	2.208568
801	46.235728	9.597079	0.000000	59.933333	2.299161
802	46.231526	9.592409	0.000000	59.933333	2.383346
803	46.232131	9.583031	0.000000	59.933333	2.239699
804	46.232003	9.566634	0.000000	59.933333	2.215570
805	46.230784	9.607621	0.000000	59.933333	2.213717
806	46.231449	9.562935	0.000000	59.933333	2.304443
807	46.235651	9.544234	0.000000	59.933333	2.211834
808	46.228933	9.553188	0.000000	59.933333	1.983462
809	46.267211	9.553753	0.000000	59.933333	1.999069
810	46.267682	9.553623	0.000000	59.933333	2.094426
811	46.267471	9.552200	0.000000	59.933333	1.992844
812	46.267474	9.556570	0.000000	59.933333	2.009913
813	46.267360	9.556327	0.000000	59.933333	2.101303
814	46.267211	9.556043	0.000000	59.933333	2.014290
815	46.267277	9.557084	0.000000	59.933333	2.005503
816	46.267197	9.556138	0.000000	59.933333	2.092643
817	46.267107	9.557081	0.000000	59.933333	2.012369
818	46.267045	9.556128	0.000000	59.933333	2.009014
819	46.267202	9.555443	0.000000	59.933333	1.997273
820	46.267211	9.555277	0.000000	59.933333	2.009759
821	46.267223	9.555068	0.000000	59.933333	1.999992
822	46.267235	9.555048	0.000000	59.933333	2.011599
823	46.267235	9.555048	0.000000	59.933333	2.001781
824	46.267235	9.555048	0.000000	59.933333	2.006293
825	46.267235	9.555048	0.000000	59.933333	1.994167
826	46.267235	9.555048	0.000000	59.933333	2.085094
827	46.267235	9.555048	0.000000	59.933333	2.020524
828	46.267235	9.555048	0.000000	59.933333	2.024530
829	46.267235	9.555048	0.000000	59.933333	1.995937
830	46.267235	9.555048	0.000000	59.933333	2.013440
831	46.267235	9.555048	0.000000	59.933333	2.007856
832	46.267235	9.555048	0.000000	59.933333	2.001674
833	46.267235	9.555048	0.000000	59.933333	2.081412
834	46.267235	9.555048	0.000000	59.933333	1.984859
835	46.267235	9.555048	0.000000	59.933333	2.004410
836	46.267235	9.555048	0.000000	59.933333	2.000540
837	46.267235	9.555048	0.000000	59.933333	2.070216
838	46.267235	9.555048	0.000000	59.933333	2.102633
839	46.267235	9.555048	0.000000	59.933333	2.002053
840	46.267235	9.555048	0.000000	59.933333	1.994715
841	46.267235	9.555048	0.000000	59.933333	1.990464
842	46.267235	9.555048	0.000000	59.933333	2.013491
843	46.267235	9.555048	0.000000	59.933333	2.004624
844	46.267235	9.555048	0.000000	59.933333	2.006519
845	46.267235	9.555048	0.000000	59.933333	1.995711
846	46.267235	9.555048	0.000000	59.933333	2.011807
847	46.267235	9.555048	0.000000	59.933333	2.008979
848	46.267235	9.555048	0.000000	59.933333	2.015507
849	46.267235	9.555048	0.000000	59.933333	2.008487
850	46.267235	9.555048	0.000000	59.933333	2.007175
851	46.267235	9.555048	0.000000	59.933333	2.090378
852	46.267235	9.555048	0.000000	59.933333	2.011916
853	46.267235	9.555048	0.000000	59.933333	1.998167
854	46.267235	9.555048	0.000000	59.933333	2.017004
855	46.267235	9.555048	0.000000	59.933333	2.008278
856	46.267235	9.555048	0.000000	59.933333	2.011002
857	46.267235	9.555048	0.000000	59.933333	1.995602
858	46.267235	9.555048	0.000000	59.933333	2.006387
859	46.267235	9.555048	0.000000	59.933333	2.010419
860	46.267235	9.555048	0.000000	59.933333	2.001355
