1	25.481361	2.067576	0.000000	59.933333	2.201069
2	32.374412	3.573179	0.000000	59.933333	2.203506
3	36.717826	4.162753	0.000000	59.933333	2.194381
4	39.086571	4.436266	0.000000	59.933333	2.187930
5	40.450203	4.467390	0.000000	59.933333	2.207884
6	41.314125	4.541325	0.000000	59.933333	2.293543
7	41.897622	4.445813	0.000000	59.933333	2.300281
8	42.332160	4.427307	0.000000	59.933333	2.206790
9	42.638391	4.425356	0.000000	59.933333	2.190245
10	42.879346	4.424976	0.000000	59.933333	2.203768
11	43.051550	4.452201	0.000000	59.933333	2.209217
12	43.200171	4.409222	0.000000	59.933333	2.200865
13	43.355250	4.430205	0.000000	59.933333	2.192940
14	43.491784	4.452167	0.000000	59.933333	2.188148
15	43.622947	4.325187	0.000000	59.933333	2.197904
16	43.716446	4.323351	0.000000	59.933333	2.193974
17	43.828547	4.308924	0.000000	59.933333	2.198786
18	43.914500	4.306695	0.000000	59.933333	2.204455
19	43.997961	4.366090	0.000000	59.933333	2.200707
20	44.079107	4.359528	0.000000	59.933333	2.205379
21	44.144213	4.395328	0.000000	59.933333	2.203782
22	44.195643	4.415741	0.000000	59.933333	2.269905
23	44.244176	4.458791	0.000000	59.933333	2.395142
24	44.281375	4.305627	0.000000	59.933333	2.273212
25	44.321927	4.341367	0.000000	59.933333	2.203118
26	44.349211	4.305794	0.000000	59.933333	2.203209
27	44.368550	4.234985	0.000000	59.933333	2.202639
28	44.399571	4.269538	0.000000	59.933333	2.387465
29	44.423902	4.160776	0.000000	59.933333	2.315032
30	44.437224	4.210339	0.000000	59.933333	2.214372
31	44.476727	4.196716	0.000000	59.933333	2.207273
32	44.500220	4.124445	0.000000	59.933333	2.194011
33	44.530281	4.117631	0.000000	59.933333	2.199866
34	44.543707	4.264586	0.000000	59.933333	2.202669
35	44.574630	4.210512	0.000000	59.933333	2.211660
36	44.596714	4.136392	0.000000	59.933333	2.207032
37	44.610563	4.177067	0.000000	59.933333	2.304843
38	44.619679	4.090809	0.000000	59.933333	2.198881
39	44.611114	4.023698	0.000000	59.933333	2.209767
40	44.642073	4.026116	0.000000	59.933333	2.203613
41	44.674778	4.011842	0.000000	59.933333	2.213301
42	44.697800	4.050600	0.000000	59.933333	2.284508
43	44.726759	4.167090	0.000000	59.933333	2.215073
44	44.736058	4.067713	0.000000	59.933333	2.205034
45	44.737503	4.118489	0.000000	59.933333	2.312722
46	44.750577	4.128377	0.000000	59.933333	2.207057
47	44.758391	4.085941	0.000000	59.933333	2.222137
48	44.767547	4.115621	0.000000	59.933333	2.209363
49	44.788584	4.172287	0.000000	59.933333	2.212400
50	44.798672	4.123179	0.000000	59.933333	2.468557
51	44.812030	4.127977	0.000000	59.933333	2.212117
52	44.826126	4.133269	0.000000	59.933333	2.469795
53	44.833413	4.137834	0.000000	59.933333	2.192649
54	44.877991	3.998202	0.000000	59.933333	2.292696
55	44.874424	4.098491	0.000000	59.933333	2.208568
56	44.880193	4.026763	0.000000	59.933333	2.200212
57	44.900239	4.069636	0.000000	59.933333	2.299833
58	44.908315	4.069021	0.000000	59.933333	2.201613
59	44.911981	4.191860	0.000000	59.933333	2.207170
60	44.926280	4.048230	0.000000	59.933333	2.201482
61	44.934198	4.105036	0.000000	59.933333	2.200999
62	44.945088	4.115066	0.000000	59.933333	2.206053
63	44.928718	4.142788	0.000000	59.933333	2.203721
64	44.961575	4.073618	0.000000	59.933333	2.212578
65	44.956654	4.076766	0.000000	59.933333	2.203494
66	44.945410	4.064897	0.000000	59.933333	2.204905
67	44.947949	4.047270	0.000000	59.933333	2.198905
68	44.958001	4.080592	0.000000	59.933333	2.288075
69	44.954112	4.130420	0.000000	59.933333	2.289805
70	44.965521	4.047313	0.000000	59.933333	2.279260
71	44.967574	4.090267	0.000000	59.933333	2.386504
72	44.985998	4.055435	0.000000	59.933333	2.194053
73	45.010561	4.079027	0.000000	59.933333	2.221343
74	44.996780	4.041415	0.000000	59.933333	2.208678
75	44.981974	4.072056	0.000000	59.933333	2.301171
76	44.994587	4.102468	0.000000	59.933333	2.194021
77	45.001948	4.168152	0.000000	59.933333	2.219796
78	45.004636	4.100922	0.000000	59.933333	2.195919
79	44.995198	4.062251	0.000000	59.933333	2.293663
80	45.010060	4.141248	0.000000	59.933333	2.203572
81	45.027071	3.982609	0.000000	59.933333	2.275395
82	45.030552	4.102847	0.000000	59.933333	2.205734
83	45.022526	4.039028	0.000000	59.933333	2.204580
84	45.025524	4.021297	0.000000	59.933333	2.225689
85	45.048916	4.112687	0.000000	59.933333	2.237789
86	45.045978	4.047333	0.000000	59.933333	2.212500
87	45.046979	3.999297	0.000000	59.933333	2.207172
88	45.054317	4.050987	0.000000	59.933333	2.204710
89	45.048505	4.126304	0.000000	59.933333	2.197818
90	45.043173	4.050250	0.000000	59.933333	2.287666
91	45.046774	4.000957	0.000000	59.933333	2.302648
92	45.050859	4.003048	0.000000	59.933333	2.282184
93	45.046180	4.072793	0.000000	59.933333	2.222934
94	45.055181	4.075091	0.000000	59.933333	2.214969
95	45.053381	4.097546	0.000000	59.933333	2.205878
96	45.058924	4.079399	0.000000	59.933333	2.478130
97	45.051259	4.051793	0.000000	59.933333	2.287018
98	45.055938	4.103698	0.000000	59.933333	2.473769
99	45.089269	4.002304	0.000000	59.933333	2.212253
100	45.077884	4.072745	0.000000	59.933333	2.198073
101	45.074284	4.044950	0.000000	59.933333	2.210605
102	45.082533	4.014473	0.000000	59.933333	2.208672
103	45.078969	4.006106	0.000000	59.933333	2.195642
104	45.079708	4.013018	0.000000	59.933333	2.193880
105	45.080179	4.014740	0.000000	59.933333	2.211817
106	45.074952	3.984438	0.000000	59.933333	2.216412
107	45.084643	4.001897	0.000000	59.933333	2.214291
108	45.090908	4.019210	0.000000	59.933333	2.380105
109	45.112836	3.995187	0.000000	59.933333	2.392736
110	45.109123	3.998486	0.000000	59.933333	2.284118
111	45.115751	3.936627	0.000000	59.933333	2.404203
112	45.111060	3.982304	0.000000	59.933333	2.218627
113	45.092475	3.939322	0.000000	59.933333	2.217128
114	45.095605	3.886025	0.000000	59.933333	2.201931
115	45.093650	3.885008	0.000000	59.933333	2.301825
116	45.091426	3.897114	0.000000	59.933333	2.198873
117	45.107639	3.907969	0.000000	59.933333	2.195737
118	45.105582	3.953424	0.000000	59.933333	2.373839
119	45.101035	3.904158	0.000000	59.933333	2.288883
120	45.116329	3.971755	0.000000	59.933333	2.285327
121	45.104319	3.946987	0.000000	59.933333	2.217463
122	45.129371	4.009252	0.000000	59.933333	2.206026
123	45.106274	3.914787	0.000000	59.933333	2.379600
124	45.113921	3.853086	0.000000	59.933333	2.215382
125	45.125687	3.878906	0.000000	59.933333	2.227984
126	45.131999	3.807211	0.000000	59.933333	2.206226
127	45.127290	3.838062	0.000000	59.933333	2.217675
128	45.127010	3.894464	0.000000	59.933333	2.306063
129	45.112085	3.873937	0.000000	59.933333	2.291922
130	45.138794	3.887053	0.000000	59.933333	2.196180
131	45.137435	3.832126	0.000000	59.933333	2.208457
132	45.137155	3.740707	0.000000	59.933333	2.206026
133	45.150194	3.831842	0.000000	59.933333	2.214312
134	45.154989	3.907660	0.000000	59.933333	2.204846
135	45.170492	3.854630	0.000000	59.933333	2.205223
136	45.149529	3.919004	0.000000	59.933333	2.206228
137	45.150149	3.928535	0.000000	59.933333	2.201243
138	45.154452	3.773861	0.000000	59.933333	2.207365
139	45.150933	3.792269	0.000000	59.933333	2.194655
140	45.157754	3.782515	0.000000	59.933333	2.293612
141	45.176905	3.664706	0.000000	59.933333	2.309372
142	45.180780	3.664735	0.000000	59.933333	2.279774
143	45.174360	3.683272	0.000000	59.933333	2.239370
144	45.180437	3.721346	0.000000	59.933333	2.223740
145	45.183915	3.652625	0.000000	59.933333	2.206180
146	45.193821	3.641072	0.000000	59.933333	2.201552
147	45.192122	3.617345	0.000000	59.933333	2.210788
148	45.173913	3.638242	0.000000	59.933333	2.217072
149	45.173335	3.595874	0.000000	59.933333	2.204740
150	45.182627	3.697338	0.000000	59.933333	2.201297
151	45.190874	3.611014	0.000000	59.933333	2.202623
152	45.195079	3.592835	0.000000	59.933333	2.209126
153	45.186925	3.624502	0.000000	59.933333	2.207629
154	45.198596	3.640682	0.000000	59.933333	2.206781
155	45.181429	3.665357	0.000000	59.933333	2.204125
156	45.180237	3.578774	0.000000	59.933333	2.298985
157	45.201534	3.462372	0.000000	59.933333	2.213515
158	45.195603	3.545299	0.000000	59.933333	2.209685
159	45.186535	3.527597	0.000000	59.933333	2.286573
160	45.170164	3.570804	0.000000	59.933333	2.196187
161	45.187920	3.640477	0.000000	59.933333	2.282534
162	45.188880	3.620609	0.000000	59.933333	2.220555
163	45.193216	3.708699	0.000000	59.933333	2.221016
164	45.196921	3.705472	0.000000	59.933333	2.201461
165	45.191455	3.597746	0.000000	59.933333	2.218880
166	45.187294	3.613485	0.000000	59.933333	2.217752
167	45.196062	3.671330	0.000000	59.933333	2.209152
168	45.206410	3.600387	0.000000	59.933333	2.203092
169	45.199466	3.614383	0.000000	59.933333	2.203927
170	45.183861	3.583764	0.000000	59.933333	2.300889
171	45.196122	3.617515	0.000000	59.933333	2.216352
172	45.207071	3.581963	0.000000	59.933333	2.320298
173	45.203269	3.583766	0.000000	59.933333	2.308277
174	45.217463	3.559000	0.000000	59.933333	2.208524
175	45.217890	3.567440	0.000000	59.933333	2.207962
176	45.220155	3.599971	0.000000	59.933333	2.197950
177	45.227545	3.587078	0.000000	59.933333	2.314942
178	45.226982	3.546143	0.000000	59.933333	2.212045
179	45.234603	3.523506	0.000000	59.933333	2.206698
180	45.243508	3.546897	0.000000	59.933333	2.196052
181	45.222393	3.541809	0.000000	59.933333	2.390527
182	45.214188	3.531321	0.000000	59.933333	2.306605
183	45.238197	3.587028	0.000000	59.933333	2.207037
184	45.254737	3.636798	0.000000	59.933333	2.286686
185	45.251963	3.589632	0.000000	59.933333	2.208937
186	45.233572	3.435175	0.000000	59.933333	2.198499
187	45.229796	3.414497	0.000000	59.933333	2.198729
188	45.244682	3.441460	0.000000	59.933333	2.199099
189	45.243755	3.400256	0.000000	59.933333	2.213289
190	45.259565	3.444326	0.000000	59.933333	2.210117
191	45.254087	3.407792	0.000000	59.933333	2.214304
192	45.261067	3.398905	0.000000	59.933333	2.211099
193	45.259291	3.433837	0.000000	59.933333	2.290493
194	45.269692	3.361237	0.000000	59.933333	2.285943
195	45.267975	3.414655	0.000000	59.933333	2.214289
196	45.266080	3.451802	0.000000	59.933333	2.205040
197	45.264137	3.515387	0.000000	59.933333	2.323100
198	45.268625	3.489636	0.000000	59.933333	2.296151
199	45.256889	3.521533	0.000000	59.933333	2.207631
200	45.274675	3.435372	0.000000	59.933333	2.206580
201	45.272619	3.484638	0.000000	59.933333	2.208697
202	45.280766	3.450802	0.000000	59.933333	2.198783
203	45.288977	3.531789	0.000000	59.933333	2.204534
204	45.297331	3.610508	0.000000	59.933333	2.196225
205	45.298189	3.549080	0.000000	59.933333	2.209616
206	45.278651	3.538090	0.000000	59.933333	2.395182
207	45.281106	3.494921	0.000000	59.933333	2.216689
208	45.294943	3.449092	0.000000	59.933333	2.266348
209	45.286426	3.497575	0.000000	59.933333	2.217395
210	45.301187	3.462926	0.000000	59.933333	2.284348
211	45.295754	3.519608	0.000000	59.933333	2.192670
212	45.306879	3.499938	0.000000	59.933333	2.194538
213	45.315754	3.563730	0.000000	59.933333	2.202978
214	45.315993	3.603257	0.000000	59.933333	2.202839
215	45.302978	3.541718	0.000000	59.933333	2.197169
216	45.312756	3.671415	0.000000	59.933333	2.289715
217	45.327520	3.614832	0.000000	59.933333	2.205583
218	45.338187	3.560440	0.000000	59.933333	2.205142
219	45.340055	3.552280	0.000000	59.933333	2.293187
220	45.335138	3.569646	0.000000	59.933333	2.323503
221	45.326340	3.538711	0.000000	59.933333	2.447360
222	45.323473	3.609378	0.000000	59.933333	2.199465
223	45.319456	3.589461	0.000000	59.933333	2.200958
224	45.331538	3.493464	0.000000	59.933333	2.194169
225	45.331055	3.501965	0.000000	59.933333	2.196353
226	45.342201	3.611966	0.000000	59.933333	2.199024
227	45.353466	3.625681	0.000000	59.933333	2.199969
228	45.331872	3.592809	0.000000	59.933333	2.208358
229	45.332602	3.615037	0.000000	59.933333	2.212133
230	45.349777	3.666131	0.000000	59.933333	2.207232
231	45.351619	3.631543	0.000000	59.933333	2.223297
232	45.366287	3.726821	0.000000	59.933333	2.300162
233	45.372003	3.673818	0.000000	59.933333	2.234300
234	45.368260	3.730324	0.000000	59.933333	2.201437
235	45.345792	3.631213	0.000000	59.933333	2.199172
236	45.352519	3.583332	0.000000	59.933333	2.295870
237	45.346907	3.561541	0.000000	59.933333	2.196880
238	45.354593	3.594878	0.000000	59.933333	2.193149
239	45.346153	3.666033	0.000000	59.933333	2.183870
240	45.351249	3.696500	0.000000	59.933333	2.190517
241	45.364708	3.764145	0.000000	59.933333	2.170582
242	45.349109	3.788670	0.000000	59.933333	2.177012
243	45.354521	3.659904	0.000000	59.933333	2.198530
244	45.356745	3.704927	0.000000	59.933333	2.196858
245	45.346737	3.714394	0.000000	59.933333	2.174856
246	45.357162	3.671623	0.000000	59.933333	2.170400
247	45.352244	3.693657	0.000000	59.933333	2.181452
248	45.345911	3.694342	0.000000	59.933333	2.183135
249	45.345896	3.643529	0.000000	59.933333	2.163239
250	45.352805	3.562530	0.000000	59.933333	2.180948
251	45.364445	3.586028	0.000000	59.933333	2.167796
252	45.360005	3.632589	0.000000	59.933333	2.174078
253	45.355234	3.638685	0.000000	59.933333	2.169984
254	45.367229	3.674947	0.000000	59.933333	2.179442
255	45.363885	3.703380	0.000000	59.933333	2.180085
256	45.358914	3.741951	0.000000	59.933333	2.171801
257	45.360124	3.721644	0.000000	59.933333	2.177823
258	45.355669	3.768873	0.000000	59.933333	2.470031
259	45.350152	3.809139	0.000000	59.933333	2.227394
260	45.367634	3.692444	0.000000	59.933333	2.206401
261	45.359212	3.631422	0.000000	59.933333	2.199475
262	45.373666	3.594241	0.000000	59.933333	2.198756
263	45.389956	3.470575	0.000000	59.933333	2.215556
264	45.376712	3.562692	0.000000	59.933333	2.195440
265	45.379382	3.666050	0.000000	59.933333	2.188266
266	45.370919	3.731128	0.000000	59.933333	2.172312
267	45.376498	3.698425	0.000000	59.933333	2.178590
268	45.366138	3.683525	0.000000	59.933333	2.177337
269	45.369169	3.656897	0.000000	59.933333	2.178889
270	45.366785	3.505176	0.000000	59.933333	2.169677
271	45.370257	3.575654	0.000000	59.933333	2.184279
272	45.373935	3.499146	0.000000	59.933333	2.192032
273	45.366800	3.503932	0.000000	59.933333	2.185009
274	45.361632	3.559674	0.000000	59.933333	2.284822
275	45.361143	3.638356	0.000000	59.933333	2.270679
276	45.371729	3.625766	0.000000	59.933333	2.212336
277	45.366588	3.666469	0.000000	59.933333	2.206017
278	45.371535	3.547287	0.000000	59.933333	2.208977
279	45.377398	3.447811	0.000000	59.933333	2.311061
280	45.374000	3.449448	0.000000	59.933333	2.299575
281	45.366699	3.661921	0.000000	59.933333	2.297024
282	45.347431	3.670037	0.000000	59.933333	2.194000
283	45.351869	3.660162	0.000000	59.933333	2.196115
284	45.356625	3.733338	0.000000	59.933333	2.305714
285	45.358399	3.665293	0.000000	59.933333	2.206295
286	45.367545	3.636881	0.000000	59.933333	2.206361
287	45.365590	3.671245	0.000000	59.933333	2.215526
288	45.360219	3.662662	0.000000	59.933333	2.205206
289	45.368260	3.699382	0.000000	59.933333	2.214356
290	45.372719	3.598947	0.000000	59.933333	2.197699
291	45.372328	3.633004	0.000000	59.933333	2.213906
292	45.386323	3.618309	0.000000	59.933333	2.203118
293	45.385063	3.666574	0.000000	59.933333	2.204237
294	45.388773	3.720489	0.000000	59.933333	2.291141
295	45.389631	3.677580	0.000000	59.933333	2.219331
296	45.384049	3.721052	0.000000	59.933333	2.216522
297	45.383155	3.640278	0.000000	59.933333	2.202536
298	45.381117	3.652362	0.000000	59.933333	2.204163
299	45.377865	3.731572	0.000000	59.933333	2.203351
300	45.374995	3.712688	0.000000	59.933333	2.216019
301	45.386663	3.730861	0.000000	59.933333	2.310765
302	45.379955	3.659050	0.000000	59.933333	2.203172
303	45.361966	3.716219	0.000000	59.933333	2.290509
304	45.363665	3.687718	0.000000	59.933333	2.194415
305	45.361131	3.770029	0.000000	59.933333	2.212521
306	45.365810	3.797655	0.000000	59.933333	2.316040
307	45.365405	3.779760	0.000000	59.933333	2.209666
308	45.352539	3.796209	0.000000	59.933333	2.222618
309	45.354509	3.754225	0.000000	59.933333	2.195484
310	45.376307	3.723876	0.000000	59.933333	2.205311
311	45.358276	3.794442	0.000000	59.933333	2.195579
312	45.364392	3.720182	0.000000	59.933333	2.206956
313	45.373896	3.765351	0.000000	59.933333	2.210245
314	45.363474	3.788588	0.000000	59.933333	2.312460
315	45.550370	3.818041	0.000000	59.933333	2.291302
316	45.626915	3.783263	0.000000	59.933333	2.203990
317	45.643702	3.768098	0.000000	59.933333	2.289850
318	45.658582	3.758608	0.000000	59.933333	2.220296
319	45.669594	3.826678	0.000000	59.933333	2.199439
320	45.686048	3.772539	0.000000	59.933333	2.208282
321	45.702243	3.737780	0.000000	59.933333	2.314996
322	45.698279	3.731412	0.000000	59.933333	2.203948
323	45.705169	3.751573	0.000000	59.933333	2.217085
324	45.719048	3.671553	0.000000	59.933333	2.203183
325	45.723695	3.782452	0.000000	59.933333	2.319759
326	45.730519	3.726705	0.000000	59.933333	2.197691
327	45.723706	3.694944	0.000000	59.933333	2.308741
328	45.731118	3.701313	0.000000	59.933333	2.204211
329	45.730984	3.602931	0.000000	59.933333	2.206871
330	45.734662	3.608479	0.000000	59.933333	2.199668
331	45.734864	3.657023	0.000000	59.933333	2.196831
332	45.736665	3.663182	0.000000	59.933333	2.192294
333	45.746928	3.671761	0.000000	59.933333	2.296986
334	45.759359	3.721933	0.000000	59.933333	2.299648
335	45.770013	3.711179	0.000000	59.933333	2.210490
336	45.770627	3.741767	0.000000	59.933333	2.285069
337	45.770377	3.646419	0.000000	59.933333	2.199115
338	45.768529	3.643853	0.000000	59.933333	2.306302
339	45.758721	3.653240	0.000000	59.933333	2.277772
340	45.765749	3.657205	0.000000	59.933333	2.203312
341	45.776737	3.611414	0.000000	59.933333	2.368084
342	45.783269	3.598621	0.000000	59.933333	2.220907
343	45.762920	3.590798	0.000000	59.933333	2.219457
344	45.774075	3.515886	0.000000	59.933333	2.210549
345	45.769870	3.565756	0.000000	59.933333	2.310345
346	45.773554	3.619213	0.000000	59.933333	2.208448
347	45.779860	3.602296	0.000000	59.933333	2.298452
348	45.782623	3.616026	0.000000	59.933333	2.203489
349	45.772821	3.611324	0.000000	59.933333	2.302147
350	45.766366	3.609626	0.000000	59.933333	2.197461
351	45.784286	3.632704	0.000000	59.933333	2.208874
352	45.771968	3.682719	0.000000	59.933333	2.203058
353	45.772851	3.683839	0.000000	59.933333	2.301448
354	45.777649	3.596834	0.000000	59.933333	2.299331
355	45.779467	3.529066	0.000000	59.933333	2.387096
356	45.765746	3.640470	0.000000	59.933333	2.309224
357	45.772073	3.618517	0.000000	59.933333	2.224625
358	45.775920	3.622775	0.000000	59.933333	2.207475
359	45.768890	3.666815	0.000000	59.933333	2.220425
360	45.769119	3.628404	0.000000	59.933333	2.220222
361	45.769018	3.764712	0.000000	59.933333	2.211947
362	45.780644	3.713538	0.000000	59.933333	2.200801
363	45.783305	3.755508	0.000000	59.933333	2.205868
364	45.773959	3.783922	0.000000	59.933333	2.400613
365	45.780653	3.738578	0.000000	59.933333	2.202285
366	45.773530	3.717254	0.000000	59.933333	2.212408
367	45.767346	3.716357	0.000000	59.933333	2.206107
368	45.787987	3.811860	0.000000	59.933333	2.479026
369	45.778355	3.766812	0.000000	59.933333	2.212978
370	45.784080	3.820816	0.000000	59.933333	2.485969
371	45.789963	3.775083	0.000000	59.933333	2.222957
372	45.788953	3.747035	0.000000	59.933333	2.307790
373	45.788717	3.701115	0.000000	59.933333	2.307484
374	45.785674	3.740476	0.000000	59.933333	2.475623
375	45.786244	3.704630	0.000000	59.933333	2.221305
376	45.788786	3.752918	0.000000	59.933333	2.196914
377	45.787710	3.692018	0.000000	59.933333	2.198714
378	45.789421	3.712684	0.000000	59.933333	2.210699
379	45.787218	3.668562	0.000000	59.933333	2.220620
380	45.783830	3.685661	0.000000	59.933333	2.213008
381	45.785815	3.772886	0.000000	59.933333	2.209189
382	45.804316	3.684087	0.000000	59.933333	2.202922
383	45.795169	3.655335	0.000000	59.933333	2.217232
384	45.787317	3.653068	0.000000	59.933333	2.215938
385	45.783266	3.621786	0.000000	59.933333	2.200204
386	45.792195	3.647309	0.000000	59.933333	2.215645
387	45.790482	3.755223	0.000000	59.933333	2.211714
388	45.799065	3.765474	0.000000	59.933333	2.202248
389	45.801169	3.726684	0.000000	59.933333	2.204501
390	45.788991	3.747403	0.000000	59.933333	2.204632
391	45.787573	3.813219	0.000000	59.933333	2.197995
392	45.779514	3.725288	0.000000	59.933333	2.310472
393	45.796490	3.741374	0.000000	59.933333	2.211562
394	45.778251	3.741683	0.000000	59.933333	2.214835
395	45.784897	3.694905	0.000000	59.933333	2.206634
396	45.796317	3.732919	0.000000	59.933333	2.199656
397	45.805100	3.735273	0.000000	59.933333	2.198120
398	45.804092	3.647017	0.000000	59.933333	2.214441
399	45.794833	3.710270	0.000000	59.933333	2.203311
400	45.810771	3.694733	0.000000	59.933333	2.205284
401	45.809489	3.779669	0.000000	59.933333	2.196883
402	45.813003	3.756285	0.000000	59.933333	2.209325
403	45.812827	3.618135	0.000000	59.933333	2.205929
404	45.829722	3.681067	0.000000	59.933333	2.204624
405	45.819280	3.698854	0.000000	59.933333	2.202913
406	45.820025	3.674083	0.000000	59.933333	2.204498
407	45.814776	3.749560	0.000000	59.933333	2.200970
408	45.808554	3.713150	0.000000	59.933333	2.193453
409	45.824605	3.772760	0.000000	59.933333	2.203243
410	45.822877	3.844781	0.000000	59.933333	2.300187
411	45.818996	3.698278	0.000000	59.933333	2.368448
412	45.821643	3.689128	0.000000	59.933333	2.202054
413	45.814842	3.729643	0.000000	59.933333	2.212083
414	45.822746	3.710411	0.000000	59.933333	2.290429
415	45.820943	3.719272	0.000000	59.933333	2.191869
416	45.826149	3.721334	0.000000	59.933333	2.206509
417	45.807332	3.707069	0.000000	59.933333	2.201492
418	45.812190	3.715432	0.000000	59.933333	2.211004
419	45.804355	3.650355	0.000000	59.933333	2.202624
420	45.812178	3.642203	0.000000	59.933333	2.289378
421	45.815444	3.629231	0.000000	59.933333	2.205633
422	45.806772	3.697978	0.000000	59.933333	2.197609
423	45.820808	3.752276	0.000000	59.933333	2.208982
424	45.819354	3.732128	0.000000	59.933333	2.202339
425	45.799586	3.726929	0.000000	59.933333	2.208242
426	45.808524	3.725762	0.000000	59.933333	2.216142
427	45.808589	3.707734	0.000000	59.933333	2.205933
428	45.803857	3.656616	0.000000	59.933333	2.203308
429	45.809621	3.604561	0.000000	59.933333	2.198731
430	45.815405	3.643512	0.000000	59.933333	2.302607
431	45.809191	3.661194	0.000000	59.933333	2.208468
432	45.812917	3.712246	0.000000	59.933333	2.212534
433	45.804149	3.727516	0.000000	59.933333	2.210745
434	45.809197	3.749414	0.000000	59.933333	2.207003
435	45.805430	3.802521	0.000000	59.933333	2.298500
436	45.800799	3.746169	0.000000	59.933333	2.214703
437	45.797873	3.820179	0.000000	59.933333	2.215225
438	45.783639	3.868332	0.000000	59.933333	2.196759
439	45.796520	3.756374	0.000000	59.933333	2.199350
440	45.803645	3.719833	0.000000	59.933333	2.199229
441	45.792377	3.740391	0.000000	59.933333	2.204808
442	45.803601	3.715707	0.000000	59.933333	2.220330
443	45.798981	3.690117	0.000000	59.933333	2.207437
444	45.794696	3.691268	0.000000	59.933333	2.299672
445	45.787552	3.733974	0.000000	59.933333	2.377691
446	45.808542	3.784799	0.000000	59.933333	2.390789
447	45.811832	3.767041	0.000000	59.933333	2.228949
448	45.817509	3.806392	0.000000	59.933333	2.210171
449	45.818627	3.761079	0.000000	59.933333	2.203249
450	45.809770	3.807465	0.000000	59.933333	2.299606
451	45.815465	3.718994	0.000000	59.933333	2.219063
452	45.820880	3.748319	0.000000	59.933333	2.199098
453	45.822933	3.719973	0.000000	59.933333	2.211228
454	45.817536	3.691912	0.000000	59.933333	2.288991
455	45.813668	3.723727	0.000000	59.933333	2.289215
456	45.984185	3.700373	0.000000	59.933333	2.206010
457	46.028960	3.681940	0.000000	59.933333	2.219991
458	46.040967	3.696972	0.000000	59.933333	2.224697
459	46.051234	3.711863	0.000000	59.933333	2.210783
460	46.063101	3.630862	0.000000	59.933333	2.216264
461	46.079636	3.687431	0.000000	59.933333	2.215571
462	46.083891	3.677534	0.000000	59.933333	2.204817
463	46.075130	3.720761	0.000000	59.933333	2.199554
464	46.076578	3.706696	0.000000	59.933333	2.291000
465	46.094051	3.751803	0.000000	59.933333	2.200379
466	46.095085	3.693915	0.000000	59.933333	2.402532
467	46.093136	3.754215	0.000000	59.933333	2.284497
468	46.097612	3.786208	0.000000	59.933333	2.296866
469	46.088344	3.753633	0.000000	59.933333	2.212366
470	46.092021	3.716573	0.000000	59.933333	2.227708
471	46.099979	3.776423	0.000000	59.933333	2.223897
472	46.097308	3.753285	0.000000	59.933333	2.384808
473	46.103555	3.833945	0.000000	59.933333	2.312529
474	46.114609	3.838535	0.000000	59.933333	2.306370
475	46.104792	3.775503	0.000000	59.933333	2.415267
476	46.109748	3.751908	0.000000	59.933333	2.322283
477	46.108067	3.802350	0.000000	59.933333	2.315684
478	46.104854	3.856850	0.000000	59.933333	2.304104
479	46.098280	3.788179	0.000000	59.933333	2.395226
480	46.110094	3.770286	0.000000	59.933333	2.306836
481	46.121243	3.739743	0.000000	59.933333	2.317770
482	46.115965	3.747075	0.000000	59.933333	2.304760
483	46.108657	3.752451	0.000000	59.933333	2.398121
484	46.108150	3.795931	0.000000	59.933333	2.320336
485	46.111017	3.797012	0.000000	59.933333	2.313182
486	46.115479	3.805197	0.000000	59.933333	2.273284
487	46.111649	3.795293	0.000000	59.933333	2.236205
488	46.109197	3.718733	0.000000	59.933333	2.209460
489	46.107954	3.697558	0.000000	59.933333	2.202209
490	46.119916	3.723784	0.000000	59.933333	2.206830
491	46.122885	3.699135	0.000000	59.933333	2.205111
492	46.122056	3.703543	0.000000	59.933333	2.298199
493	46.114883	3.719902	0.000000	59.933333	2.298979
494	46.116206	3.664057	0.000000	59.933333	2.297874
495	46.122015	3.691505	0.000000	59.933333	2.218935
496	46.117538	3.669073	0.000000	59.933333	2.266048
497	46.117640	3.718635	0.000000	59.933333	2.231924
498	46.121600	3.800075	0.000000	59.933333	2.215354
499	46.125340	3.792494	0.000000	59.933333	2.203311
500	46.120223	3.785373	0.000000	59.933333	2.218064
501	46.115032	3.723526	0.000000	59.933333	2.214195
502	46.124917	3.730485	0.000000	59.933333	2.223978
503	46.126479	3.783474	0.000000	59.933333	2.217744
504	46.119657	3.765669	0.000000	59.933333	2.326187
505	46.118972	3.759365	0.000000	59.933333	2.228793
506	46.132511	3.717604	0.000000	59.933333	2.211671
507	46.129757	3.766337	0.000000	59.933333	2.211709
508	46.123099	3.750397	0.000000	59.933333	2.212422
509	46.123433	3.795081	0.000000	59.933333	2.208334
510	46.130496	3.797071	0.000000	59.933333	2.202792
511	46.125156	3.759739	0.000000	59.933333	2.207901
512	46.127099	3.740959	0.000000	59.933333	2.202972
513	46.120286	3.734484	0.000000	59.933333	2.197838
514	46.127531	3.761565	0.000000	59.933333	2.203763
515	46.132994	3.752688	0.000000	59.933333	2.301952
516	46.139002	3.761197	0.000000	59.933333	2.288410
517	46.137875	3.809807	0.000000	59.933333	2.302709
518	46.135184	3.797950	0.000000	59.933333	2.298828
519	46.138525	3.805851	0.000000	59.933333	2.296174
520	46.135640	3.821885	0.000000	59.933333	2.287087
521	46.125892	3.838254	0.000000	59.933333	2.220742
522	46.132690	3.799038	0.000000	59.933333	2.224863
523	46.126974	3.908381	0.000000	59.933333	2.203709
524	46.117622	3.886794	0.000000	59.933333	2.303576
525	46.121988	3.825382	0.000000	59.933333	2.210488
526	46.113020	3.860298	0.000000	59.933333	2.214389
527	46.125725	3.801485	0.000000	59.933333	2.219570
528	46.116334	3.848429	0.000000	59.933333	2.199222
529	46.127510	3.848695	0.000000	59.933333	2.289376
530	46.132433	3.765384	0.000000	59.933333	2.211228
531	46.133640	3.799521	0.000000	59.933333	2.216326
532	46.134627	3.804236	0.000000	59.933333	2.214743
533	46.134257	3.758943	0.000000	59.933333	2.201968
534	46.134549	3.725960	0.000000	59.933333	2.299579
535	46.137187	3.718411	0.000000	59.933333	2.202561
536	46.128124	3.705044	0.000000	59.933333	2.202645
537	46.127474	3.776272	0.000000	59.933333	2.219421
538	46.131992	3.761001	0.000000	59.933333	2.205602
539	46.130234	3.714153	0.000000	59.933333	2.204191
540	46.138221	3.797839	0.000000	59.933333	2.303367
541	46.144468	3.805547	0.000000	59.933333	2.301682
542	46.137106	3.803637	0.000000	59.933333	2.205945
543	46.137601	3.814773	0.000000	59.933333	2.299324
544	46.142673	3.730082	0.000000	59.933333	2.208434
545	46.137720	3.754770	0.000000	59.933333	2.222943
546	46.138486	3.710112	0.000000	59.933333	2.211565
547	46.144283	3.729649	0.000000	59.933333	2.197484
548	46.144944	3.704111	0.000000	59.933333	2.209994
549	46.153831	3.634491	0.000000	59.933333	2.208014
550	46.146613	3.686886	0.000000	59.933333	2.209022
551	46.139491	3.704246	0.000000	59.933333	2.285631
552	46.140754	3.735098	0.000000	59.933333	2.213033
553	46.149170	3.708576	0.000000	59.933333	2.212734
554	46.138650	3.747569	0.000000	59.933333	2.208290
555	46.147439	3.744589	0.000000	59.933333	2.212828
556	46.156335	3.763159	0.000000	59.933333	2.205227
557	46.158367	3.767658	0.000000	59.933333	2.198935
558	46.154583	3.813011	0.000000	59.933333	2.200563
559	46.157849	3.849456	0.000000	59.933333	2.215418
560	46.155274	3.836449	0.000000	59.933333	2.195384
561	46.141201	3.845354	0.000000	59.933333	2.293857
562	46.144235	3.801083	0.000000	59.933333	2.302225
563	46.147746	3.801861	0.000000	59.933333	2.215706
564	46.148881	3.829232	0.000000	59.933333	2.206141
565	46.145040	3.771782	0.000000	59.933333	2.218307
566	46.138406	3.774505	0.000000	59.933333	2.209856
567	46.147481	3.748563	0.000000	59.933333	2.309218
568	46.150368	3.794409	0.000000	59.933333	2.295154
569	46.150655	3.792348	0.000000	59.933333	2.210043
570	46.157169	3.822321	0.000000	59.933333	2.210447
571	46.151081	3.841561	0.000000	59.933333	2.202690
572	46.149400	3.890867	0.000000	59.933333	2.200918
573	46.158588	3.824657	0.000000	59.933333	2.297805
574	46.156603	3.900111	0.000000	59.933333	2.205625
575	46.158475	3.904116	0.000000	59.933333	2.213648
576	46.150625	3.856488	0.000000	59.933333	2.209620
577	46.152765	3.791897	0.000000	59.933333	2.201700
578	46.151453	3.826759	0.000000	59.933333	2.298003
579	46.145141	3.806175	0.000000	59.933333	2.205212
580	46.154496	3.848883	0.000000	59.933333	2.205656
581	46.152681	3.860386	0.000000	59.933333	2.312493
582	46.150661	3.912448	0.000000	59.933333	2.307922
583	46.157899	3.847919	0.000000	59.933333	2.217028
584	46.149939	3.841291	0.000000	59.933333	2.198130
585	46.156240	3.817004	0.000000	59.933333	2.196654
586	46.159720	3.826485	0.000000	59.933333	2.292676
587	46.161771	3.891584	0.000000	59.933333	2.197949
588	46.156442	3.888732	0.000000	59.933333	2.200124
589	46.149969	3.887446	0.000000	59.933333	2.221613
590	46.140528	3.898762	0.000000	59.933333	2.220942
591	46.152216	3.888586	0.000000	59.933333	2.208223
592	46.153808	3.933755	0.000000	59.933333	2.211788
593	46.153778	3.854260	0.000000	59.933333	2.212696
594	46.140808	3.868787	0.000000	59.933333	2.194182
595	46.164995	3.801370	0.000000	59.933333	2.291695
596	46.169972	3.890077	0.000000	59.933333	2.206840
597	46.180007	3.815300	0.000000	59.933333	2.401271
598	46.180087	3.909677	0.000000	59.933333	2.292706
599	46.166503	3.902052	0.000000	59.933333	2.210053
600	46.167350	3.880286	0.000000	59.933333	2.212459
601	46.163046	3.784744	0.000000	59.933333	2.226366
602	46.166670	3.761764	0.000000	59.933333	2.303604
603	46.164429	3.805846	0.000000	59.933333	2.303212
604	46.166050	3.770713	0.000000	59.933333	2.212590
605	46.161926	3.812398	0.000000	59.933333	2.205317
606	46.163422	3.811530	0.000000	59.933333	2.302716
607	46.172470	3.782699	0.000000	59.933333	2.213410
608	46.178639	3.774923	0.000000	59.933333	2.203233
609	46.175176	3.857778	0.000000	59.933333	2.204206
610	46.177569	3.775222	0.000000	59.933333	2.290461
611	46.165460	3.795689	0.000000	59.933333	2.295023
612	46.169895	3.801643	0.000000	59.933333	2.209159
613	46.169335	3.860181	0.000000	59.933333	2.203906
614	46.179128	3.831253	0.000000	59.933333	2.315195
615	46.177077	3.849499	0.000000	59.933333	2.282187
616	46.182543	3.848531	0.000000	59.933333	2.388963
617	46.170503	3.847783	0.000000	59.933333	2.387202
618	46.175134	3.848218	0.000000	59.933333	2.204821
619	46.175483	3.797810	0.000000	59.933333	2.200337
620	46.175385	3.810855	0.000000	59.933333	2.209397
621	46.175301	3.781708	0.000000	59.933333	2.210881
622	46.173179	3.793254	0.000000	59.933333	2.311125
623	46.182126	3.741174	0.000000	59.933333	2.209702
624	46.172225	3.753674	0.000000	59.933333	2.211338
625	46.167886	3.715433	0.000000	59.933333	2.194597
626	46.174520	3.749044	0.000000	59.933333	2.214357
627	46.179485	3.795893	0.000000	59.933333	2.229771
628	46.173775	3.812411	0.000000	59.933333	2.214706
629	46.171862	3.796579	0.000000	59.933333	2.211146
630	46.167386	3.867028	0.000000	59.933333	2.198694
631	46.182156	3.884662	0.000000	59.933333	2.315274
632	46.172583	3.881203	0.000000	59.933333	2.208704
633	46.173757	3.901859	0.000000	59.933333	2.198981
634	46.164548	3.897969	0.000000	59.933333	2.202908
635	46.161300	3.935213	0.000000	59.933333	2.302034
636	46.166116	3.861867	0.000000	59.933333	2.220164
637	46.166742	3.876337	0.000000	59.933333	2.218360
638	46.167630	3.858002	0.000000	59.933333	2.211308
639	46.161896	3.907229	0.000000	59.933333	2.220055
640	46.156704	3.908036	0.000000	59.933333	2.303030
641	46.159482	3.969034	0.000000	59.933333	2.216958
642	46.159482	3.877851	0.000000	59.933333	2.221327
643	46.162248	3.869787	0.000000	59.933333	2.234715
644	46.157432	3.923879	0.000000	59.933333	2.213810
645	46.163183	3.916491	0.000000	59.933333	2.299333
646	46.156147	3.880585	0.000000	59.933333	2.321476
647	46.163255	3.861364	0.000000	59.933333	2.224569
648	46.162552	3.906649	0.000000	59.933333	2.209388
649	46.155137	3.864049	0.000000	59.933333	2.196254
650	46.158633	3.894334	0.000000	59.933333	2.309623
651	46.178335	3.863123	0.000000	59.933333	2.318854
652	46.180239	3.804804	0.000000	59.933333	2.205096
653	46.176445	3.864616	0.000000	59.933333	2.209281
654	46.169919	3.893417	0.000000	59.933333	2.209347
655	46.164340	3.901984	0.000000	59.933333	2.199732
656	46.164614	3.858617	0.000000	59.933333	2.211852
657	46.176055	3.809892	0.000000	59.933333	2.201319
658	46.173012	3.859614	0.000000	59.933333	2.309010
659	46.174124	3.848023	0.000000	59.933333	2.299743
660	46.179122	3.853638	0.000000	59.933333	2.291168
661	46.179992	3.816288	0.000000	59.933333	2.307686
662	46.171549	3.895340	0.000000	59.933333	2.194251
663	46.172369	3.907155	0.000000	59.933333	2.213029
664	46.170968	3.929304	0.000000	59.933333	2.212671
665	46.174014	3.921128	0.000000	59.933333	2.314056
666	46.171084	3.863477	0.000000	59.933333	2.297744
667	46.169382	3.793626	0.000000	59.933333	2.296895
668	46.306336	3.848923	0.000000	59.933333	2.297051
669	46.334589	3.871328	0.000000	59.933333	2.216858
670	46.341714	3.855775	0.000000	59.933333	2.208614
671	46.350378	3.907344	0.000000	59.933333	2.210112
672	46.356785	3.883162	0.000000	59.933333	2.209022
673	46.366137	3.876121	0.000000	59.933333	2.297213
674	46.370056	3.922945	0.000000	59.933333	2.296934
675	46.374315	3.891927	0.000000	59.933333	2.199341
676	46.375448	3.894436	0.000000	59.933333	2.214352
677	46.378124	3.862009	0.000000	59.933333	2.211964
678	46.385598	3.875898	0.000000	59.933333	2.381598
679	46.383265	3.903307	0.000000	59.933333	2.213135
680	46.387571	3.930843	0.000000	59.933333	2.208278
681	46.386126	3.891326	0.000000	59.933333	2.214478
682	46.387780	3.936319	0.000000	59.933333	2.204613
683	46.398097	3.890540	0.000000	59.933333	2.205532
684	46.400130	3.869714	0.000000	59.933333	2.212316
685	46.399724	3.883481	0.000000	59.933333	2.306346
686	46.395230	3.906621	0.000000	59.933333	2.377777
687	46.389711	3.876677	0.000000	59.933333	2.303522
688	46.390307	3.911849	0.000000	59.933333	2.223954
689	46.391910	3.902857	0.000000	59.933333	2.235059
690	46.392101	3.908632	0.000000	59.933333	2.228354
691	46.402407	3.914325	0.000000	59.933333	2.401790
692	46.398073	3.925648	0.000000	59.933333	2.307035
693	46.401584	3.894347	0.000000	59.933333	2.380608
694	46.395504	3.859714	0.000000	59.933333	2.327438
695	46.400976	3.913263	0.000000	59.933333	2.294093
696	46.390477	3.897661	0.000000	59.933333	2.204073
697	46.395296	3.899289	0.000000	59.933333	2.298753
698	46.397361	3.915397	0.000000	59.933333	2.391032
699	46.395296	3.949316	0.000000	59.933333	2.480242
700	46.397808	3.966564	0.000000	59.933333	2.233326
701	46.396619	3.920149	0.000000	59.933333	2.217299
702	46.395028	3.897106	0.000000	59.933333	2.208051
703	46.393159	3.893127	0.000000	59.933333	2.208291
704	46.400797	3.879754	0.000000	59.933333	2.203315
705	46.397746	3.830763	0.000000	59.933333	2.298333
706	46.400881	3.830692	0.000000	59.933333	2.294038
707	46.397221	3.834461	0.000000	59.933333	2.300710
708	46.395934	3.882205	0.000000	59.933333	2.213607
709	46.398801	3.891289	0.000000	59.933333	2.210114
710	46.390909	3.874436	0.000000	59.933333	2.209568
711	46.389669	3.862826	0.000000	59.933333	2.214124
712	46.398777	3.880015	0.000000	59.933333	2.380342
713	46.402580	3.897906	0.000000	59.933333	2.277395
714	46.402335	3.865360	0.000000	59.933333	2.236296
715	46.395645	3.901235	0.000000	59.933333	2.221970
716	46.396151	3.888379	0.000000	59.933333	2.211193
717	46.395850	3.905385	0.000000	59.933333	2.205981
718	46.400255	3.888412	0.000000	59.933333	2.205940
719	46.401089	3.845802	0.000000	59.933333	2.302776
720	46.396959	3.900459	0.000000	59.933333	2.299812
721	46.399584	3.882190	0.000000	59.933333	2.303683
722	46.396935	3.865610	0.000000	59.933333	2.202672
723	46.396327	3.888617	0.000000	59.933333	2.212068
724	46.401548	3.897520	0.000000	59.933333	2.214976
725	46.403643	3.916614	0.000000	59.933333	2.310755
726	46.405652	3.878286	0.000000	59.933333	2.303471
727	46.405220	3.905584	0.000000	59.933333	2.310511
728	46.403396	3.916117	0.000000	59.933333	2.196971
729	46.402663	3.890162	0.000000	59.933333	2.220937
730	46.410000	3.940078	0.000000	59.933333	2.220385
731	46.402591	3.888631	0.000000	59.933333	2.227496
732	46.406299	3.867875	0.000000	59.933333	2.230705
733	46.405023	3.888297	0.000000	59.933333	2.209156
734	46.400857	3.920318	0.000000	59.933333	2.213051
735	46.407950	3.904877	0.000000	59.933333	2.309882
736	46.402451	3.888159	0.000000	59.933333	2.214344
737	46.409291	3.855351	0.000000	59.933333	2.413176
738	46.404946	3.893838	0.000000	59.933333	2.280689
739	46.408913	3.909588	0.000000	59.933333	2.234834
740	46.410623	3.916692	0.000000	59.933333	2.210721
741	46.402282	3.930185	0.000000	59.933333	2.207481
742	46.409696	3.921324	0.000000	59.933333	2.220174
743	46.406925	3.890978	0.000000	59.933333	2.209120
744	46.403080	3.875981	0.000000	59.933333	2.200086
745	46.404439	3.858917	0.000000	59.933333	2.285271
746	46.407354	3.850096	0.000000	59.933333	2.311890
747	46.407700	3.840965	0.000000	59.933333	2.192774
748	46.409816	3.831617	0.000000	59.933333	2.200944
749	46.409559	3.873455	0.000000	59.933333	2.209792
750	46.409196	3.840538	0.000000	59.933333	2.204358
751	46.410966	3.813494	0.000000	59.933333	2.212987
752	46.409357	3.835540	0.000000	59.933333	2.207744
753	46.412215	3.893813	0.000000	59.933333	2.292603
754	46.412688	3.897663	0.000000	59.933333	2.204851
755	46.409297	3.837798	0.000000	59.933333	2.296643
756	46.404231	3.852089	0.000000	59.933333	2.211733
757	46.413970	3.866262	0.000000	59.933333	2.400517
758	46.414089	3.845428	0.000000	59.933333	2.295758
759	46.412534	3.836683	0.000000	59.933333	2.300205
760	46.410823	3.865278	0.000000	59.933333	2.220378
761	46.419972	3.846363	0.000000	59.933333	2.215913
762	46.421236	3.844223	0.000000	59.933333	2.209564
763	46.423942	3.882432	0.000000	59.933333	2.210462
764	46.419179	3.833706	0.000000	59.933333	2.204393
765	46.422407	3.834456	0.000000	59.933333	2.213430
766	46.420902	3.873396	0.000000	59.933333	2.211117
767	46.414495	3.860065	0.000000	59.933333	2.200138
768	46.414754	3.886976	0.000000	59.933333	2.193404
769	46.412790	3.835813	0.000000	59.933333	2.203478
770	46.416292	3.864304	0.000000	59.933333	2.204219
771	46.417105	3.864405	0.000000	59.933333	2.309227
772	46.417552	3.883432	0.000000	59.933333	2.218252
773	46.421453	3.879638	0.000000	59.933333	2.320773
774	46.413115	3.894698	0.000000	59.933333	2.219338
775	46.418971	3.898273	0.000000	59.933333	2.229847
776	46.425050	3.891763	0.000000	59.933333	2.226490
777	46.423069	3.896206	0.000000	59.933333	2.223741
778	46.418747	3.904298	0.000000	59.933333	2.220783
779	46.414688	3.937408	0.000000	59.933333	2.201570
780	46.416387	3.889917	0.000000	59.933333	2.298218
781	46.415162	3.872613	0.000000	59.933333	2.299137
782	46.414152	3.840726	0.000000	59.933333	2.215249
783	46.417221	3.854699	0.000000	59.933333	2.320838
784	46.413463	3.861397	0.000000	59.933333	2.306742
785	46.418554	3.906117	0.000000	59.933333	2.190988
786	46.420568	3.904653	0.000000	59.933333	2.208350
787	46.422541	3.898454	0.000000	59.933333	2.195453
788	46.425423	3.912707	0.000000	59.933333	2.214142
789	46.420568	3.946803	0.000000	59.933333	2.213208
790	46.419036	3.897496	0.000000	59.933333	2.203909
791	46.421510	3.909561	0.000000	59.933333	2.385354
792	46.426475	3.957509	0.000000	59.933333	2.296531
793	46.424770	3.938396	0.000000	59.933333	2.301419
794	46.427447	3.943347	0.000000	59.933333	2.311295
795	46.422386	3.869016	0.000000	59.933333	2.197792
796	46.424520	3.896861	0.000000	59.933333	2.216791
797	46.420926	3.991134	0.000000	59.933333	2.222740
798	46.421853	3.928569	0.000000	59.933333	2.211693
799	46.417785	3.955377	0.000000	59.933333	2.295745
800	46.417314	3.949003	0.000000	59.933333	2.213671
801	46.417066	3.969507	0.000000	59.933333	2.214465
802	46.421719	3.946062	0.000000	59.933333	2.203352
803	46.424103	3.960401	0.000000	59.933333	2.292015
804	46.422154	3.942322	0.000000	59.933333	2.205065
805	46.422029	3.896630	0.000000	59.933333	2.292664
806	46.420848	3.935307	0.000000	59.933333	2.224666
807	46.424678	3.963682	0.000000	59.933333	2.311336
808	46.415114	3.958233	0.000000	59.933333	2.208237
809	46.421504	3.888172	0.000000	59.933333	2.302819
810	46.418262	3.929246	0.000000	59.933333	2.305686
811	46.420103	3.933317	0.000000	59.933333	2.199441
812	46.418869	3.908070	0.000000	59.933333	2.209512
813	46.416879	3.938672	0.000000	59.933333	2.318687
814	46.420157	3.974697	0.000000	59.933333	2.218055
815	46.421123	3.953802	0.000000	59.933333	2.218149
816	46.419728	3.916698	0.000000	59.933333	2.211470
817	46.422905	3.896234	0.000000	59.933333	2.210701
818	46.425352	3.880974	0.000000	59.933333	2.294777
819	46.424454	3.900993	0.000000	59.933333	2.303383
820	46.425211	3.883865	0.000000	59.933333	2.212135
821	46.430784	3.865888	0.000000	59.933333	2.225470
822	46.433261	3.890848	0.000000	59.933333	2.511862
823	46.423048	3.886701	0.000000	59.933333	2.221885
824	46.425241	3.949285	0.000000	59.933333	2.210808
825	46.423489	3.943842	0.000000	59.933333	2.301964
826	46.423841	3.898455	0.000000	59.933333	2.311623
827	46.426314	3.944305	0.000000	59.933333	2.216845
828	46.417502	3.868640	0.000000	59.933333	2.207370
829	46.420199	3.894088	0.000000	59.933333	2.307581
830	46.424830	3.903164	0.000000	59.933333	2.308974
831	46.424866	3.887597	0.000000	59.933333	2.201284
832	46.423823	3.878731	0.000000	59.933333	2.302259
833	46.419239	3.924637	0.000000	59.933333	2.202538
834	46.420676	3.944479	0.000000	59.933333	2.215861
835	46.418592	3.933149	0.000000	59.933333	2.209515
836	46.427131	3.945868	0.000000	59.933333	2.195762
837	46.420813	3.919049	0.000000	59.933333	2.201956
838	46.417725	3.940782	0.000000	59.933333	2.204999
839	46.419305	3.944803	0.000000	59.933333	2.209600
840	46.421576	3.935392	0.000000	59.933333	2.205061
841	46.426100	3.953036	0.000000	59.933333	2.198832
842	46.424723	3.917664	0.000000	59.933333	2.306126
843	46.420386	3.925147	0.000000	59.933333	2.299251
844	46.422216	3.937442	0.000000	59.933333	2.204843
845	46.423757	3.927093	0.000000	59.933333	2.320519
846	46.424508	3.948819	0.000000	59.933333	2.395398
847	46.427315	3.967350	0.000000	59.933333	2.206589
848	46.423677	3.949381	0.000000	59.933333	2.213777
849	46.420839	3.928086	0.000000	59.933333	2.214912
850	46.420243	3.945090	0.000000	59.933333	2.306299
851	46.418643	3.941545	0.000000	59.933333	2.299670
852	46.420383	3.969122	0.000000	59.933333	2.301926
853	46.422070	3.949539	0.000000	59.933333	2.205460
854	46.417862	3.944798	0.000000	59.933333	2.215526
855	46.420264	3.959040	0.000000	59.933333	2.305353
856	46.423399	3.960773	0.000000	59.933333	2.298089
857	46.422386	3.944549	0.000000	59.933333	2.215142
858	46.425539	3.958305	0.000000	59.933333	2.291386
859	46.424106	3.950453	0.000000	59.933333	2.220603
860	46.420464	3.940975	0.000000	59.933333	2.215649
861	46.425000	3.985459	0.000000	59.933333	2.225750
862	46.419692	3.962086	0.000000	59.933333	2.222652
863	46.416551	3.955417	0.000000	59.933333	2.424014
864	46.413606	3.954364	0.000000	59.933333	2.213032
865	46.417275	3.958094	0.000000	59.933333	2.218297
866	46.420437	3.926209	0.000000	59.933333	2.213852
867	46.422270	3.919141	0.000000	59.933333	2.221678
868	46.424013	3.940031	0.000000	59.933333	2.219728
869	46.425939	3.971703	0.000000	59.933333	2.212160
870	46.425670	3.899117	0.000000	59.933333	2.200411
871	46.423894	3.894889	0.000000	59.933333	2.307727
872	46.420407	3.903261	0.000000	59.933333	2.384233
873	46.423769	3.912410	0.000000	59.933333	1.972351
874	46.454558	3.939549	0.000000	59.933333	2.009792
875	46.456587	3.936455	0.000000	59.933333	2.000114
876	46.456671	3.940258	0.000000	59.933333	2.087665
877	46.456406	3.941507	0.000000	59.933333	2.000633
878	46.456218	3.944361	0.000000	59.933333	2.009610
879	46.455890	3.945118	0.000000	59.933333	2.010987
880	46.455938	3.944707	0.000000	59.933333	2.002543
881	46.456102	3.943717	0.000000	59.933333	2.008442
882	46.456045	3.943224	0.000000	59.933333	2.006055
883	46.456039	3.943017	0.000000	59.933333	2.003726
884	46.456060	3.943029	0.000000	59.933333	2.084218
885	46.456033	3.942961	0.000000	59.933333	2.016607
886	46.455956	3.942593	0.000000	59.933333	2.005309
887	46.455935	3.942843	0.000000	59.933333	2.004788
888	46.455902	3.943017	0.000000	59.933333	2.012921
889	46.455902	3.943017	0.000000	59.933333	2.107973
890	46.455902	3.943017	0.000000	59.933333	2.005261
891	46.455902	3.943017	0.000000	59.933333	2.002667
892	46.455902	3.943017	0.000000	59.933333	2.118500
893	46.455902	3.943017	0.000000	59.933333	2.089927
894	46.455902	3.943017	0.000000	59.933333	2.004227
895	46.455902	3.943017	0.000000	59.933333	2.001763
896	46.455902	3.943017	0.000000	59.933333	2.001873
897	46.455902	3.943017	0.000000	59.933333	2.010489
898	46.455902	3.943017	0.000000	59.933333	2.004572
899	46.455902	3.943017	0.000000	59.933333	2.009111
900	46.455902	3.943017	0.000000	59.933333	2.002445
901	46.455902	3.943017	0.000000	59.933333	2.008427
902	46.455902	3.943017	0.000000	59.933333	2.007421
903	46.455902	3.943017	0.000000	59.933333	2.007420
904	46.455902	3.943017	0.000000	59.933333	1.998387
905	46.455902	3.943017	0.000000	59.933333	2.004905
906	46.455902	3.943017	0.000000	59.933333	2.008109
907	46.455902	3.943017	0.000000	59.933333	2.011806
908	46.455902	3.943017	0.000000	59.933333	2.097409
909	46.455902	3.943017	0.000000	59.933333	1.998991
910	46.455902	3.943017	0.000000	59.933333	2.002470
911	46.455902	3.943017	0.000000	59.933333	2.106021
912	46.455902	3.943017	0.000000	59.933333	2.014019
913	46.455902	3.943017	0.000000	59.933333	2.010181
914	46.455902	3.943017	0.000000	59.933333	1.998736
915	46.455902	3.943017	0.000000	59.933333	2.102907
916	46.455902	3.943017	0.000000	59.933333	2.008854
917	46.455902	3.943017	0.000000	59.933333	2.030563
918	46.455902	3.943017	0.000000	59.933333	1.987204
919	46.455902	3.943017	0.000000	59.933333	2.095803
920	46.455902	3.943017	0.000000	59.933333	2.009233
921	46.455902	3.943017	0.000000	59.933333	2.006840
922	46.455902	3.943017	0.000000	59.933333	2.006585
923	46.455902	3.943017	0.000000	59.933333	1.999380
924	46.455902	3.943017	0.000000	59.933333	2.004110
925	46.455902	3.943017	0.000000	59.933333	2.004299
