1	27.957183	3.046224	0.111235	59.933333	2.164386
2	34.735247	4.204561	0.000000	59.933333	2.159703
3	38.209295	4.680888	0.000000	59.933333	2.150836
4	40.048838	5.125333	0.000000	59.933333	2.161424
5	41.167206	5.361008	0.000000	59.933333	2.165564
6	41.911048	5.549152	0.000000	59.933333	2.156693
7	42.472571	5.654632	0.000000	59.933333	2.166408
8	42.838755	5.860115	0.000000	59.933333	2.159964
9	43.158847	5.885377	0.000000	59.933333	2.158698
10	43.420315	5.972857	0.000000	59.933333	2.164011
11	43.632406	6.046468	0.000000	59.933333	2.160273
12	43.807584	6.065404	0.000000	59.933333	2.161811
13	43.948287	6.137025	0.000000	59.933333	2.165235
14	44.063765	6.249136	0.111235	59.933333	2.168242
15	44.167489	6.312651	0.111235	59.933333	2.158858
16	44.234923	6.341362	0.111235	59.933333	2.173980
17	44.311872	6.483370	0.111235	59.933333	2.157372
18	44.384819	6.539977	0.222469	59.933333	2.168975
19	44.426745	6.617571	0.111235	59.933333	2.167307
20	44.484615	6.680155	0.111235	59.933333	2.161970
21	44.523335	6.752721	0.222469	59.933333	2.160262
22	44.580764	6.931366	0.000000	59.933333	2.164747
23	44.633138	6.909538	0.000000	59.933333	2.161523
24	44.665122	6.936395	0.000000	59.933333	2.166185
25	44.703978	6.994790	0.000000	59.933333	2.165725
26	44.719911	7.003125	0.000000	59.933333	2.168130
27	44.726235	7.172765	0.000000	59.933333	2.157213
28	44.752455	7.255937	0.000000	59.933333	2.169556
29	44.779867	7.286412	0.000000	59.933333	2.160741
30	44.801101	7.313207	0.000000	59.933333	2.170973
31	44.825482	7.367804	0.000000	59.933333	2.179119
32	44.837528	7.407925	0.000000	59.933333	2.174464
33	44.834611	7.459717	0.000000	59.933333	2.357376
34	44.854110	7.414059	0.000000	59.933333	2.204440
35	44.883767	7.472300	0.000000	59.933333	2.197597
36	44.894704	7.436791	0.111235	59.933333	2.194807
37	44.919291	7.409814	0.111235	59.933333	2.182886
38	44.925213	7.491537	0.000000	59.933333	2.184989
39	44.937968	7.437163	0.000000	59.933333	2.188832
40	44.943044	7.418721	0.111235	59.933333	2.190696
41	44.979078	7.492059	0.111235	59.933333	2.200511
42	44.975427	7.477984	0.111235	59.933333	2.203490
43	44.974983	7.497061	0.000000	59.933333	2.200271
44	44.993198	7.503086	0.000000	59.933333	2.197778
45	44.986022	7.511355	0.000000	59.933333	2.199294
46	44.995087	7.510161	0.111235	59.933333	2.200773
47	45.015508	7.531436	0.111235	59.933333	2.190214
48	45.013645	7.589379	0.111235	59.933333	2.184932
49	45.027113	7.556334	0.111235	59.933333	2.194821
50	45.041043	7.607830	0.222469	59.933333	2.191844
51	45.047835	7.536679	0.222469	59.933333	2.191333
52	45.044142	7.500600	0.000000	59.933333	2.208324
53	45.072430	7.572760	0.000000	59.933333	2.206335
54	45.059672	7.663609	0.000000	59.933333	2.371877
55	45.065856	7.712999	0.111235	59.933333	2.201095
56	45.066613	7.692154	0.111235	59.933333	2.298826
57	45.074654	7.680042	0.111235	59.933333	2.303925
58	45.084554	7.596135	0.111235	59.933333	2.285270
59	45.069778	7.571640	0.000000	59.933333	2.293900
60	45.080972	7.578398	0.111235	59.933333	2.292284
61	45.076451	7.600461	0.000000	59.933333	2.200118
62	45.084012	7.528819	0.000000	59.933333	2.187043
63	45.106882	7.517963	0.000000	59.933333	2.205391
64	45.104295	7.530649	0.000000	59.933333	2.200960
65	45.120555	7.644604	0.000000	59.933333	2.203299
66	45.128417	7.624660	0.000000	59.933333	2.190903
67	45.139748	7.549276	0.111235	59.933333	2.285623
68	45.146084	7.684835	0.000000	59.933333	2.185879
69	45.141605	7.722686	0.000000	59.933333	2.196741
70	45.157078	7.686758	0.111235	59.933333	2.288001
71	45.158193	7.719353	0.000000	59.933333	2.197662
72	45.159376	7.740620	0.000000	59.933333	2.298829
73	45.167699	7.727388	0.000000	59.933333	2.316870
74	45.171148	7.730024	0.000000	59.933333	2.202708
75	45.174766	7.711359	0.000000	59.933333	2.209126
76	45.173714	7.629173	0.222469	59.933333	2.198942
77	45.183319	7.741290	0.111235	59.933333	2.216819
78	45.171869	7.727798	0.111235	59.933333	2.219023
79	45.181978	7.752273	0.222469	59.933333	2.222725
80	45.188883	7.736620	0.222469	59.933333	2.193074
81	45.199698	7.743470	0.111235	59.933333	2.284494
82	45.205930	7.780885	0.000000	59.933333	2.200728
83	45.198876	7.696157	0.000000	59.933333	2.184676
84	45.211568	7.715773	0.000000	59.933333	2.191280
85	45.210719	7.718077	0.000000	59.933333	2.207254
86	45.231658	7.764274	0.000000	59.933333	2.285741
87	45.229602	7.892563	0.111235	59.933333	2.307404
88	45.235825	7.850123	0.000000	59.933333	2.290088
89	45.215201	7.844428	0.000000	59.933333	2.196239
90	45.228654	7.894942	0.000000	59.933333	2.199911
91	45.225880	7.867244	0.000000	59.933333	2.211347
92	45.241970	7.905880	0.000000	59.933333	2.209208
93	45.252925	7.913651	0.000000	59.933333	2.201832
94	45.238543	7.951571	0.000000	59.933333	2.197008
95	45.233661	7.931641	0.000000	59.933333	2.206019
96	45.256406	7.914474	0.111235	59.933333	2.209115
97	45.266628	7.936608	0.000000	59.933333	2.213629
98	45.255935	7.917349	0.111235	59.933333	2.213594
99	45.259893	7.920945	0.000000	59.933333	2.201252
100	45.274490	7.980529	0.000000	59.933333	2.193738
101	45.265085	7.982013	0.111235	59.933333	2.211882
102	45.256579	8.000067	0.000000	59.933333	2.211369
103	45.259511	8.047658	0.000000	59.933333	2.205195
104	45.257822	7.979341	0.000000	59.933333	2.201126
105	45.255816	8.050834	0.000000	59.933333	2.193686
106	45.261091	8.086046	0.000000	59.933333	2.278323
107	45.259154	7.995592	0.000000	59.933333	2.189541
108	45.247322	7.994024	0.111235	59.933333	2.191736
109	45.242804	8.052367	0.111235	59.933333	2.308342
110	45.255032	8.044144	0.000000	59.933333	2.293551
111	45.266545	8.115839	0.111235	59.933333	2.283337
112	45.276254	8.008975	0.000000	59.933333	2.199334
113	45.263880	7.937916	0.000000	59.933333	2.202903
114	45.259273	7.998839	0.000000	59.933333	2.214520
115	45.262772	7.972664	0.111235	59.933333	2.217933
116	45.264667	7.908512	0.000000	59.933333	2.200706
117	45.278788	7.948697	0.111235	59.933333	2.204952
118	45.281062	7.915841	0.000000	59.933333	2.206385
119	45.269164	7.929077	0.111235	59.933333	2.207888
120	45.276234	8.005254	0.000000	59.933333	2.210093
121	45.273119	8.075642	0.000000	59.933333	2.213480
122	45.276272	7.998870	0.111235	59.933333	2.202639
123	45.289022	8.049749	0.111235	59.933333	2.291245
124	45.287448	8.088517	0.000000	59.933333	2.206270
125	45.291796	8.116205	0.111235	59.933333	2.211207
126	45.279288	8.057295	0.222469	59.933333	2.193071
127	45.275351	8.089701	0.222469	59.933333	2.286608
128	45.263970	8.114513	0.111235	59.933333	2.292365
129	45.262378	8.116453	0.111235	59.933333	2.379848
130	45.266917	8.094517	0.000000	59.933333	2.187371
131	45.271313	8.109462	0.000000	59.933333	2.216182
132	45.262450	8.126386	0.222469	59.933333	2.208888
133	45.264888	8.107898	0.222469	59.933333	2.197863
134	45.261937	8.129109	0.222469	59.933333	2.282131
135	45.252031	8.186231	0.222469	59.933333	2.200124
136	45.254236	8.097952	0.111235	59.933333	2.202589
137	45.256969	8.104541	0.111235	59.933333	2.214379
138	45.246273	8.194379	0.111235	59.933333	2.218624
139	45.260340	8.184766	0.222469	59.933333	2.293452
140	45.259121	8.224679	0.111235	59.933333	2.215772
141	45.256618	8.248762	0.222469	59.933333	2.205617
142	45.272338	8.182821	0.222469	59.933333	2.207112
143	45.264328	8.115156	0.222469	59.933333	2.211526
144	45.251310	8.082760	0.222469	59.933333	2.301286
145	45.268378	8.150870	0.222469	59.933333	2.386202
146	45.266545	8.259964	0.222469	59.933333	2.315143
147	45.269543	8.233129	0.222469	59.933333	2.305402
148	45.265728	8.189472	0.222469	59.933333	2.391039
149	45.265824	8.256939	0.111235	59.933333	2.300565
150	45.260817	8.256599	0.111235	59.933333	2.290218
151	45.255625	8.147653	0.111235	59.933333	2.200767
152	45.242047	8.161976	0.111235	59.933333	2.197766
153	45.257074	8.146729	0.111235	59.933333	2.204432
154	45.272529	8.271440	0.111235	59.933333	2.202943
155	45.285097	8.155634	0.111235	59.933333	2.192024
156	45.270145	8.228949	0.111235	59.933333	2.375849
157	45.271486	8.216360	0.111235	59.933333	2.203127
158	45.282978	8.263632	0.222469	59.933333	2.217455
159	45.267060	8.297280	0.222469	59.933333	2.211093
160	45.278198	8.288367	0.222469	59.933333	2.294148
161	45.287579	8.270620	0.222469	59.933333	2.367723
162	45.288146	8.332120	0.222469	59.933333	2.195235
163	45.296699	8.320033	0.222469	59.933333	2.295007
164	45.297083	8.346772	0.111235	59.933333	2.202246
165	45.289424	8.289540	0.222469	59.933333	2.204191
166	45.289344	8.359540	0.222469	59.933333	2.199717
167	45.290095	8.278117	0.222469	59.933333	2.189644
168	45.297918	8.316596	0.222469	59.933333	2.196409
169	45.288897	8.274531	0.222469	59.933333	2.216831
170	45.284301	8.294462	0.222469	59.933333	2.215965
171	45.291662	8.334581	0.222469	59.933333	2.210642
172	45.294020	8.363112	0.222469	59.933333	2.199683
173	45.310602	8.313326	0.111235	59.933333	2.192647
174	45.304829	8.318369	0.222469	59.933333	2.294344
175	45.309302	8.237820	0.222469	59.933333	2.213443
176	45.316952	8.290698	0.222469	59.933333	2.200136
177	45.325473	8.255135	0.111235	59.933333	2.205543
178	45.329610	8.302748	0.111235	59.933333	2.203843
179	45.330185	8.297767	0.111235	59.933333	2.297243
180	45.327646	8.337822	0.111235	59.933333	2.216309
181	45.332810	8.339701	0.111235	59.933333	2.216215
182	45.322067	8.394963	0.222469	59.933333	2.209723
183	45.328122	8.438622	0.222469	59.933333	2.305251
184	45.342028	8.388624	0.222469	59.933333	2.199811
185	45.323420	8.313415	0.111235	59.933333	2.201427
186	45.340091	8.318030	0.222469	59.933333	2.197290
187	45.331308	8.276230	0.222469	59.933333	2.314215
188	45.337310	8.327312	0.222469	59.933333	2.183475
189	45.341456	8.346497	0.222469	59.933333	2.257761
190	45.355508	8.415039	0.222469	59.933333	2.227107
191	45.360669	8.469486	0.111235	59.933333	2.302478
192	45.344430	8.419194	0.222469	59.933333	2.286372
193	45.357496	8.487498	0.222469	59.933333	2.211344
194	45.344892	8.445777	0.111235	59.933333	2.294594
195	45.351797	8.496292	0.222469	59.933333	2.291667
196	45.334888	8.486352	0.222469	59.933333	2.204791
197	45.354193	8.432781	0.222469	59.933333	2.199652
198	45.346111	8.435651	0.222469	59.933333	2.297410
199	45.361441	8.313703	0.222469	59.933333	2.214989
200	45.360798	8.326860	0.222469	59.933333	2.198468
201	45.364261	8.400592	0.222469	59.933333	2.206084
202	45.350438	8.465271	0.222469	59.933333	2.303349
203	45.364541	8.461590	0.222469	59.933333	2.281608
204	45.380861	8.485664	0.222469	59.933333	2.216501
205	45.377734	8.448604	0.111235	59.933333	2.217099
206	45.373318	8.473787	0.000000	59.933333	2.382550
207	45.369744	8.397006	0.111235	59.933333	2.390950
208	45.362398	8.459910	0.111235	59.933333	2.192704
209	45.364493	8.501179	0.222469	59.933333	2.205775
210	45.369214	8.489821	0.222469	59.933333	2.206654
211	45.361859	8.508223	0.222469	59.933333	2.198631
212	45.361352	8.492577	0.222469	59.933333	2.288814
213	45.357543	8.447811	0.222469	59.933333	2.198982
214	45.358616	8.425349	0.222469	59.933333	2.290712
215	45.353055	8.381893	0.222469	59.933333	2.197506
216	45.368528	8.282804	0.222469	59.933333	2.378246
217	45.365077	8.405297	0.111235	59.933333	2.187130
218	45.378503	8.343003	0.111235	59.933333	2.290527
219	45.378172	8.409339	0.111235	59.933333	2.318012
220	45.395744	8.403070	0.111235	59.933333	2.275544
221	45.408028	8.480699	0.111235	59.933333	2.213186
222	45.398417	8.515378	0.222469	59.933333	2.204509
223	45.399961	8.540913	0.222469	59.933333	2.210857
224	45.410895	8.458354	0.111235	59.933333	2.289887
225	45.408678	8.530229	0.000000	59.933333	2.233438
226	45.375603	8.606522	0.000000	59.933333	2.211869
227	45.397168	8.604009	0.111235	59.933333	2.198184
228	45.405680	8.565609	0.111235	59.933333	2.284658
229	45.406091	8.622651	0.111235	59.933333	2.296414
230	45.415437	8.543328	0.111235	59.933333	2.304961
231	45.411241	8.461183	0.111235	59.933333	2.274148
232	45.401102	8.502172	0.111235	59.933333	2.197160
233	45.409018	8.415127	0.222469	59.933333	2.201648
234	45.427048	8.551705	0.000000	59.933333	2.280696
235	45.409811	8.511155	0.000000	59.933333	2.306656
236	45.398062	8.595570	0.111235	59.933333	2.289370
237	45.427537	8.497841	0.111235	59.933333	2.376114
238	45.434821	8.492940	0.000000	59.933333	2.398781
239	45.427346	8.427873	0.111235	59.933333	2.479917
240	45.425743	8.403461	0.111235	59.933333	2.191483
241	45.428097	8.400650	0.111235	59.933333	2.315667
242	45.416939	8.393651	0.111235	59.933333	2.479595
243	45.426151	8.420546	0.111235	59.933333	2.207676
244	45.426720	8.445802	0.111235	59.933333	2.206250
245	45.444381	8.480106	0.111235	59.933333	2.211792
246	45.426226	8.540683	0.111235	59.933333	2.203421
247	45.445353	8.511984	0.222469	59.933333	2.193275
248	45.445135	8.445517	0.111235	59.933333	2.204289
249	45.440233	8.387742	0.111235	59.933333	2.206843
250	45.451188	8.481439	0.000000	59.933333	2.207186
251	45.442602	8.357120	0.111235	59.933333	2.208872
252	45.444429	8.487065	0.111235	59.933333	2.207266
253	45.439786	8.548524	0.111235	59.933333	2.298072
254	45.444995	8.443768	0.111235	59.933333	2.198799
255	45.436430	8.493875	0.111235	59.933333	2.204624
256	45.440927	8.525163	0.111235	59.933333	2.299698
257	45.462394	8.504081	0.111235	59.933333	2.211494
258	45.443001	8.432482	0.111235	59.933333	2.185216
259	45.440394	8.365024	0.111235	59.933333	2.299088
260	45.435512	8.396056	0.111235	59.933333	2.192583
261	45.439464	8.428215	0.111235	59.933333	2.290853
262	45.440507	8.506735	0.111235	59.933333	2.304994
263	45.434684	8.504782	0.111235	59.933333	2.296285
264	45.439917	8.526387	0.111235	59.933333	2.215108
265	45.435712	8.461971	0.222469	59.933333	2.204206
266	45.431489	8.421842	0.111235	59.933333	2.302498
267	45.441920	8.366367	0.111235	59.933333	2.304060
268	45.447594	8.437517	0.111235	59.933333	2.303258
269	45.442304	8.400275	0.111235	59.933333	2.211275
270	45.457929	8.328890	0.111235	59.933333	2.210504
271	45.450228	8.416468	0.000000	59.933333	2.308397
272	45.446765	8.393035	0.000000	59.933333	2.194861
273	45.445329	8.434224	0.111235	59.933333	2.193866
274	45.454204	8.437227	0.111235	59.933333	2.191676
275	45.466268	8.438420	0.222469	59.933333	2.280391
276	45.454243	8.462134	0.111235	59.933333	2.206175
277	45.466796	8.470966	0.111235	59.933333	2.208540
278	45.478120	8.435541	0.111235	59.933333	2.221996
279	45.473367	8.458958	0.111235	59.933333	2.206795
280	45.463675	8.431605	0.111235	59.933333	2.208514
281	45.451835	8.426449	0.111235	59.933333	2.304368
282	45.455098	8.405490	0.111235	59.933333	2.210936
283	45.467871	8.485375	0.111235	59.933333	2.208683
284	45.455515	8.480984	0.111235	59.933333	2.201838
285	45.462370	8.472774	0.111235	59.933333	2.290022
286	45.484573	8.473847	0.111235	59.933333	2.201486
287	45.474845	8.492055	0.111235	59.933333	2.214700
288	45.476067	8.531024	0.111235	59.933333	2.224579
289	45.480758	8.469149	0.111235	59.933333	2.310174
290	45.474556	8.468234	0.111235	59.933333	2.283438
291	45.478168	8.479551	0.111235	59.933333	2.194775
292	45.482683	8.450247	0.111235	59.933333	2.218201
293	45.482421	8.434969	0.111235	59.933333	2.217530
294	45.476913	8.422747	0.111235	59.933333	2.212231
295	45.473421	8.447117	0.111235	59.933333	2.289816
296	45.485020	8.374694	0.111235	59.933333	2.213698
297	45.481318	8.348914	0.000000	59.933333	2.208680
298	45.498908	8.333638	0.000000	59.933333	2.203444
299	45.488292	8.411016	0.111235	59.933333	2.304202
300	45.473951	8.414004	0.222469	59.933333	2.298446
301	45.472175	8.433205	0.000000	59.933333	2.223707
302	45.475712	8.459736	0.000000	59.933333	2.210392
303	45.487654	8.389663	0.000000	59.933333	2.201832
304	45.480555	8.349781	0.000000	59.933333	2.289519
305	45.478958	8.394559	0.000000	59.933333	2.204824
306	45.484650	8.368114	0.000000	59.933333	2.200950
307	45.480043	8.396068	0.000000	59.933333	2.208460
308	45.504537	8.328211	0.000000	59.933333	2.306083
309	45.478910	8.332058	0.000000	59.933333	2.281053
310	45.479292	8.256269	0.000000	59.933333	2.198136
311	45.480692	8.305624	0.111235	59.933333	2.193468
312	45.481107	8.358779	0.000000	59.933333	2.199156
313	45.485261	8.382154	0.000000	59.933333	2.191091
314	45.477387	8.446556	0.000000	59.933333	2.195339
315	45.468903	8.462934	0.000000	59.933333	2.303824
316	45.484412	8.499343	0.000000	59.933333	2.196194
317	45.484453	8.513446	0.000000	59.933333	2.300937
318	45.478025	8.439081	0.000000	59.933333	2.199222
319	45.482859	8.483260	0.000000	59.933333	2.288363
320	45.477790	8.416805	0.000000	59.933333	2.195159
321	45.484394	8.482698	0.000000	59.933333	2.297260
322	45.465243	8.490011	0.000000	59.933333	2.294585
323	45.472294	8.423359	0.000000	59.933333	2.186466
324	45.474443	8.362705	0.000000	59.933333	2.382881
325	45.475763	8.363928	0.000000	59.933333	2.220402
326	45.481336	8.443988	0.000000	59.933333	2.202089
327	45.487189	8.340838	0.000000	59.933333	2.206246
328	45.480084	8.280908	0.000000	59.933333	2.299951
329	45.482284	8.312106	0.000000	59.933333	2.299640
330	45.475498	8.405455	0.000000	59.933333	2.209425
331	45.472479	8.404288	0.000000	59.933333	2.199743
332	45.479736	8.363866	0.111235	59.933333	2.292067
333	45.477045	8.366063	0.222469	59.933333	2.307084
334	45.472366	8.377666	0.222469	59.933333	2.373151
335	45.486701	8.338334	0.000000	59.933333	2.282235
336	45.487306	8.319761	0.000000	59.933333	2.191816
337	45.486537	8.352524	0.000000	59.933333	2.205923
338	45.485556	8.282440	0.000000	59.933333	2.200698
339	45.479554	8.291295	0.000000	59.933333	2.214245
340	45.484737	8.340524	0.000000	59.933333	2.195867
341	45.499700	8.323423	0.000000	59.933333	2.204035
342	45.481902	8.213342	0.000000	59.933333	2.195138
343	45.496130	8.232797	0.000000	59.933333	2.205647
344	45.512384	8.353916	0.111235	59.933333	2.208974
345	45.500451	8.209962	0.000000	59.933333	2.214266
346	45.493340	8.296905	0.111235	59.933333	2.202087
347	45.499349	8.193269	0.000000	59.933333	2.206567
348	45.491120	8.193596	0.000000	59.933333	2.383111
349	45.491612	8.324699	0.111235	59.933333	2.227680
350	45.503378	8.288845	0.111235	59.933333	2.208434
351	45.497125	8.310614	0.111235	59.933333	2.195590
352	45.491010	8.276130	0.111235	59.933333	2.305983
353	45.489973	8.361097	0.000000	59.933333	2.212706
354	45.483372	8.426673	0.000000	59.933333	2.197544
355	45.474309	8.313334	0.111235	59.933333	2.206316
356	45.477197	8.294455	0.111235	59.933333	2.294622
357	45.504627	8.415273	0.111235	59.933333	2.192081
358	45.510176	8.282662	0.111235	59.933333	2.189726
359	45.512795	8.392427	0.111235	59.933333	2.208896
360	45.500749	8.298587	0.111235	59.933333	2.289231
361	45.515901	8.206992	0.111235	59.933333	2.304249
362	45.507294	8.238805	0.111235	59.933333	2.203063
363	45.494857	8.290472	0.111235	59.933333	2.212998
364	45.484406	8.285788	0.111235	59.933333	2.200793
365	45.495951	8.240973	0.111235	59.933333	2.192549
366	45.497590	8.318527	0.111235	59.933333	2.282838
367	45.495141	8.286460	0.111235	59.933333	2.200668
368	45.498735	8.297572	0.111235	59.933333	2.212942
369	45.499337	8.334003	0.111235	59.933333	2.206718
370	45.488638	8.308919	0.111235	59.933333	2.216468
371	45.480028	8.391899	0.000000	59.933333	2.205288
372	45.476115	8.331152	0.000000	59.933333	2.194879
373	45.499277	8.322641	0.000000	59.933333	2.299397
374	45.489916	8.344800	0.111235	59.933333	2.298127
375	45.492268	8.296698	0.111235	59.933333	2.224720
376	45.479506	8.257342	0.111235	59.933333	2.203094
377	45.486444	8.247829	0.111235	59.933333	2.203724
378	45.476219	8.279747	0.111235	59.933333	2.202490
379	45.492899	8.364563	0.111235	59.933333	2.215876
380	45.500338	8.414565	0.111235	59.933333	2.202101
381	45.486617	8.397154	0.111235	59.933333	2.208364
382	45.490879	8.385281	0.111235	59.933333	2.198386
383	45.496905	8.373530	0.111235	59.933333	2.207626
384	45.485005	8.388354	0.111235	59.933333	2.212863
385	45.495027	8.287620	0.111235	59.933333	2.203297
386	45.490915	8.239281	0.000000	59.933333	2.203029
387	45.488304	8.266920	0.111235	59.933333	2.302336
388	45.491982	8.317340	0.111235	59.933333	2.211331
389	45.471698	8.358816	0.111235	59.933333	2.219780
390	45.488217	8.374048	0.000000	59.933333	2.208237
391	45.496112	8.428628	0.111235	59.933333	2.298852
392	45.481294	8.336912	0.111235	59.933333	2.381338
393	45.475227	8.460653	0.000000	59.933333	2.295036
394	45.485866	8.437246	0.000000	59.933333	2.214863
395	45.504317	8.477768	0.000000	59.933333	2.285522
396	45.490140	8.484323	0.111235	59.933333	2.203512
397	45.477581	8.415682	0.111235	59.933333	2.202378
398	45.482343	8.386844	0.111235	59.933333	2.207659
399	45.460910	8.359000	0.111235	59.933333	2.204651
400	45.483884	8.280595	0.111235	59.933333	2.391429
401	45.496607	8.381936	0.000000	59.933333	2.287268
402	45.499438	8.433437	0.111235	59.933333	2.289682
403	45.488203	8.442653	0.000000	59.933333	2.284952
404	45.478097	8.334648	0.000000	59.933333	2.206083
405	45.486221	8.295301	0.000000	59.933333	2.206555
406	45.485377	8.319797	0.000000	59.933333	2.217170
407	45.487511	8.418104	0.000000	59.933333	2.472295
408	45.486397	8.328864	0.000000	59.933333	2.325845
409	45.490634	8.400906	0.000000	59.933333	2.267535
410	45.484656	8.403412	0.111235	59.933333	2.192111
411	45.492274	8.435819	0.111235	59.933333	2.205162
412	45.482135	8.432669	0.111235	59.933333	2.201627
413	45.657313	8.441076	0.222469	59.933333	2.212649
414	45.700043	8.453030	0.000000	59.933333	2.200496
415	45.717657	8.474575	0.111235	59.933333	2.204521
416	45.749575	8.420711	0.111235	59.933333	2.203428
417	45.768321	8.406952	0.000000	59.933333	2.200719
418	45.769930	8.451139	0.000000	59.933333	2.201157
419	45.773500	8.398932	0.000000	59.933333	2.380550
420	45.783371	8.389923	0.222469	59.933333	2.305227
421	45.778137	8.429498	0.111235	59.933333	2.394519
422	45.803642	8.358945	0.222469	59.933333	2.210752
423	45.806015	8.358937	0.222469	59.933333	2.288539
424	45.809174	8.351496	0.111235	59.933333	2.199456
425	45.818323	8.390790	0.111235	59.933333	2.207451
426	45.823953	8.469804	0.111235	59.933333	2.214569
427	45.814967	8.527981	0.111235	59.933333	2.209802
428	45.807755	8.497584	0.111235	59.933333	2.196314
429	45.836526	8.452016	0.111235	59.933333	2.285669
430	45.832831	8.440529	0.111235	59.933333	2.189649
431	45.824370	8.377714	0.111235	59.933333	2.212653
432	45.814759	8.406161	0.222469	59.933333	2.207730
433	45.831108	8.417397	0.222469	59.933333	2.291385
434	45.831960	8.376460	0.111235	59.933333	2.212161
435	45.832992	8.380061	0.111235	59.933333	2.211574
436	45.830661	8.264787	0.111235	59.933333	2.202072
437	45.825160	8.267020	0.111235	59.933333	2.199757
438	45.828009	8.274473	0.111235	59.933333	2.201263
439	45.833617	8.347433	0.111235	59.933333	2.207244
440	45.850769	8.471260	0.000000	59.933333	2.202981
441	45.839190	8.437389	0.000000	59.933333	2.209559
442	45.858049	8.455719	0.000000	59.933333	2.376519
443	45.851731	8.379886	0.000000	59.933333	2.298120
444	45.838302	8.320806	0.111235	59.933333	2.376491
445	45.861149	8.308613	0.111235	59.933333	2.383143
446	45.869917	8.404761	0.000000	59.933333	2.303870
447	45.867306	8.353475	0.000000	59.933333	2.306846
448	45.877889	8.353448	0.000000	59.933333	2.500576
449	45.861962	8.321958	0.000000	59.933333	2.277949
450	45.855713	8.421160	0.111235	59.933333	2.218315
451	45.859510	8.421048	0.111235	59.933333	2.206491
452	45.861101	8.307999	0.111235	59.933333	2.205690
453	45.860365	8.384832	0.111235	59.933333	2.194719
454	45.851406	8.346711	0.111235	59.933333	2.211784
455	45.852679	8.378007	0.111235	59.933333	2.213231
456	45.853359	8.394038	0.111235	59.933333	2.295310
457	45.856172	8.399806	0.111235	59.933333	2.205212
458	45.864615	8.399133	0.111235	59.933333	2.202250
459	45.860028	8.423213	0.111235	59.933333	2.219510
460	45.863533	8.359626	0.111235	59.933333	2.214039
461	45.866346	8.310604	0.111235	59.933333	2.302514
462	45.863026	8.316464	0.111235	59.933333	2.296227
463	45.855123	8.344130	0.111235	59.933333	2.211796
464	45.858914	8.415193	0.111235	59.933333	2.212999
465	45.858914	8.389681	0.111235	59.933333	2.200129
466	45.874673	8.436309	0.111235	59.933333	2.191269
467	45.876628	8.497623	0.111235	59.933333	2.203843
468	45.873120	8.431987	0.111235	59.933333	2.220463
469	45.880747	8.372540	0.111235	59.933333	2.213709
470	45.863885	8.404851	0.111235	59.933333	2.205645
471	45.874459	8.409405	0.111235	59.933333	2.299370
472	45.872182	8.401049	0.111235	59.933333	2.369902
473	45.859826	8.392785	0.111235	59.933333	2.209142
474	45.843881	8.387430	0.111235	59.933333	2.207445
475	45.849371	8.367838	0.111235	59.933333	2.219729
476	45.850670	8.320528	0.111235	59.933333	2.217290
477	45.869052	8.310149	0.111235	59.933333	2.195229
478	45.877814	8.289125	0.111235	59.933333	2.196339
479	45.891720	8.351027	0.111235	59.933333	2.298192
480	45.871103	8.410333	0.111235	59.933333	2.191941
481	45.884830	8.333055	0.111235	59.933333	2.215078
482	45.875606	8.376655	0.000000	59.933333	2.220517
483	45.874104	8.373193	0.000000	59.933333	2.214800
484	45.872128	8.381470	0.111235	59.933333	2.215528
485	45.874906	8.442246	0.111235	59.933333	2.200765
486	45.872876	8.483577	0.111235	59.933333	2.194048
487	45.883760	8.505863	0.111235	59.933333	2.304905
488	45.877755	8.440247	0.111235	59.933333	2.211179
489	45.884597	8.414616	0.111235	59.933333	2.196184
490	45.872623	8.331492	0.111235	59.933333	2.214927
491	45.878172	8.417805	0.111235	59.933333	2.219273
492	45.870784	8.378580	0.111235	59.933333	2.207722
493	45.879692	8.399057	0.111235	59.933333	2.207275
494	45.884401	8.354578	0.111235	59.933333	2.300349
495	45.881596	8.417996	0.111235	59.933333	2.206385
496	45.876801	8.373250	0.000000	59.933333	2.202546
497	45.879674	8.424462	0.000000	59.933333	2.201880
498	45.875502	8.458258	0.000000	59.933333	2.301110
499	45.877737	8.492789	0.111235	59.933333	2.196309
500	45.875430	8.465211	0.000000	59.933333	2.301103
501	45.865718	8.442215	0.000000	59.933333	2.208823
502	45.875481	8.389302	0.000000	59.933333	2.226035
503	45.879084	8.401045	0.111235	59.933333	2.224536
504	45.881641	8.386555	0.111235	59.933333	2.208695
505	45.888850	8.480783	0.111235	59.933333	2.204983
506	45.879203	8.492777	0.000000	59.933333	2.212161
507	45.879352	8.426814	0.000000	59.933333	2.192476
508	45.896074	8.529829	0.111235	59.933333	2.289316
509	45.891336	8.436527	0.111235	59.933333	2.206383
510	45.889008	8.417404	0.111235	59.933333	2.209498
511	45.890048	8.454444	0.111235	59.933333	2.209161
512	45.886236	8.403845	0.111235	59.933333	2.217965
513	45.885921	8.423794	0.111235	59.933333	2.384657
514	45.884740	8.383567	0.000000	59.933333	2.311088
515	45.884812	8.446103	0.000000	59.933333	2.303829
516	45.882273	8.449271	0.111235	59.933333	2.215317
517	45.868737	8.333770	0.111235	59.933333	2.208771
518	45.880353	8.451177	0.222469	59.933333	2.310341
519	45.878118	8.391147	0.111235	59.933333	2.213958
520	45.873243	8.361641	0.222469	59.933333	2.222076
521	45.879573	8.344123	0.111235	59.933333	2.208094
522	45.884848	8.349380	0.111235	59.933333	2.382411
523	45.893002	8.365938	0.111235	59.933333	2.308555
524	45.884317	8.395838	0.111235	59.933333	2.291728
525	45.882246	8.403733	0.111235	59.933333	2.297231
526	45.886430	8.396140	0.111235	59.933333	2.299266
527	45.888811	8.367016	0.111235	59.933333	2.283986
528	45.887601	8.366876	0.111235	59.933333	2.299795
529	45.873711	8.415455	0.111235	59.933333	2.200757
530	45.868832	8.352656	0.000000	59.933333	2.219033
531	45.879674	8.370381	0.000000	59.933333	2.243631
532	45.882723	8.442741	0.000000	59.933333	2.220029
533	45.874667	8.462181	0.111235	59.933333	2.210162
534	45.873138	8.391268	0.000000	59.933333	2.202295
535	45.868075	8.357849	0.000000	59.933333	2.290992
536	45.886379	8.441735	0.111235	59.933333	2.205239
537	45.882842	8.420134	0.111235	59.933333	2.213250
538	45.876479	8.452918	0.111235	59.933333	2.209222
539	45.881402	8.470207	0.222469	59.933333	2.201709
540	45.864654	8.516719	0.111235	59.933333	2.205386
541	45.876461	8.541389	0.111235	59.933333	2.290082
542	45.865715	8.530921	0.000000	59.933333	2.207563
543	45.878264	8.514600	0.000000	59.933333	2.213289
544	45.887125	8.522627	0.111235	59.933333	2.302902
545	45.883822	8.512588	0.000000	59.933333	2.202871
546	45.872241	8.487282	0.111235	59.933333	2.193275
547	45.871148	8.440982	0.111235	59.933333	2.205364
548	45.871508	8.452953	0.000000	59.933333	2.312019
549	45.886663	8.400674	0.000000	59.933333	2.211820
550	45.875615	8.444078	0.111235	59.933333	2.239975
551	45.884475	8.472422	0.000000	59.933333	2.392995
552	45.865053	8.432836	0.000000	59.933333	2.208092
553	45.879114	8.399433	0.111235	59.933333	2.311347
554	45.876020	8.457921	0.000000	59.933333	2.491882
555	45.872271	8.457858	0.000000	59.933333	2.215125
556	45.865297	8.488020	0.000000	59.933333	2.407568
557	45.863497	8.487895	0.000000	59.933333	2.372571
558	45.859125	8.458299	0.000000	59.933333	2.316211
559	45.861322	8.463440	0.000000	59.933333	2.293556
560	46.020299	8.462777	0.000000	59.933333	2.401383
561	46.062809	8.434620	0.111235	59.933333	2.217758
562	46.085465	8.469373	0.111235	59.933333	2.501000
563	46.089479	8.472004	0.000000	59.933333	2.230182
564	46.101904	8.509163	0.000000	59.933333	2.372999
565	46.112788	8.429980	0.111235	59.933333	2.232067
566	46.125990	8.471674	0.111235	59.933333	2.324803
567	46.131608	8.462557	0.000000	59.933333	2.475282
568	46.131313	8.483439	0.111235	59.933333	2.221027
569	46.137589	8.485389	0.111235	59.933333	2.211046
570	46.147260	8.484545	0.111235	59.933333	2.212859
571	46.142817	8.469383	0.111235	59.933333	2.212813
572	46.144697	8.451862	0.111235	59.933333	2.297523
573	46.146008	8.489832	0.111235	59.933333	2.297270
574	46.143627	8.534996	0.111235	59.933333	2.205739
575	46.147501	8.523886	0.111235	59.933333	2.204402
576	46.152425	8.528113	0.111235	59.933333	2.208965
577	46.166784	8.497238	0.111235	59.933333	2.207198
578	46.151340	8.479727	0.111235	59.933333	2.207471
579	46.153712	8.489530	0.111235	59.933333	2.198580
580	46.146071	8.474601	0.000000	59.933333	2.208142
581	46.154869	8.463200	0.111235	59.933333	2.306827
582	46.162644	8.429891	0.000000	59.933333	2.314380
583	46.158051	8.459284	0.000000	59.933333	2.204035
584	46.144700	8.457704	0.000000	59.933333	2.209807
585	46.142805	8.441254	0.000000	59.933333	2.196589
586	46.155685	8.477821	0.000000	59.933333	2.202560
587	46.156597	8.439380	0.000000	59.933333	2.206698
588	46.148998	8.392005	0.000000	59.933333	2.202467
589	46.164140	8.486670	0.000000	59.933333	2.207925
590	46.159571	8.482207	0.000000	59.933333	2.209545
591	46.161136	8.417017	0.111235	59.933333	2.210156
592	46.175039	8.478086	0.000000	59.933333	2.202439
593	46.155953	8.502548	0.000000	59.933333	2.192370
594	46.160892	8.471832	0.111235	59.933333	2.198033
595	46.162632	8.512172	0.111235	59.933333	2.296023
596	46.158087	8.551587	0.111235	59.933333	2.299375
597	46.163982	8.547047	0.111235	59.933333	2.221212
598	46.171486	8.472095	0.000000	59.933333	2.303424
599	46.160948	8.499713	0.000000	59.933333	2.210960
600	46.160102	8.529781	0.000000	59.933333	2.312546
601	46.175390	8.538508	0.000000	59.933333	2.487339
602	46.171016	8.552581	0.111235	59.933333	2.316331
603	46.188554	8.504039	0.000000	59.933333	2.218030
604	46.178967	8.536808	0.111235	59.933333	2.387187
605	46.171203	8.518572	0.111235	59.933333	2.305699
606	46.170506	8.578901	0.111235	59.933333	2.396201
607	46.176916	8.523714	0.111235	59.933333	2.309633
608	46.173933	8.523965	0.000000	59.933333	2.310352
609	46.187592	8.521059	0.000000	59.933333	2.220225
610	46.192431	8.517111	0.000000	59.933333	2.201456
611	46.182889	8.540872	0.000000	59.933333	2.198754
612	46.176893	8.546124	0.111235	59.933333	2.216993
613	46.185142	8.524848	0.111235	59.933333	2.216253
614	46.179938	8.561275	0.111235	59.933333	2.296142
615	46.191454	8.569756	0.111235	59.933333	2.311479
616	46.182054	8.526099	0.111235	59.933333	2.290629
617	46.178836	8.576271	0.000000	59.933333	2.306491
618	46.175778	8.550029	0.111235	59.933333	2.198276
619	46.165952	8.505780	0.000000	59.933333	2.210748
620	46.169895	8.495346	0.111235	59.933333	2.217650
621	46.174285	8.497308	0.111235	59.933333	2.296074
622	46.171224	8.565104	0.111235	59.933333	2.202179
623	46.174842	8.534755	0.111235	59.933333	2.215492
624	46.172047	8.479507	0.000000	59.933333	2.223990
625	46.173882	8.465774	0.000000	59.933333	2.204149
626	46.174067	8.447082	0.000000	59.933333	2.289188
627	46.173060	8.497091	0.000000	59.933333	2.214956
628	46.190256	8.502332	0.000000	59.933333	2.211084
629	46.184915	8.467377	0.000000	59.933333	2.210057
630	46.195328	8.407771	0.000000	59.933333	2.205634
631	46.192592	8.486549	0.000000	59.933333	2.295577
632	46.180612	8.486505	0.111235	59.933333	2.201545
633	46.183071	8.511056	0.111235	59.933333	2.303696
634	46.183920	8.505293	0.111235	59.933333	2.209461
635	46.182799	8.518049	0.111235	59.933333	2.305043
636	46.191347	8.526165	0.000000	59.933333	2.198738
637	46.190611	8.448865	0.000000	59.933333	2.200425
638	46.183276	8.463639	0.000000	59.933333	2.206324
639	46.176079	8.451005	0.111235	59.933333	2.225221
640	46.184260	8.478939	0.111235	59.933333	2.204253
641	46.187827	8.490606	0.111235	59.933333	2.216120
642	46.186244	8.509643	0.111235	59.933333	2.476573
643	46.187463	8.467862	0.111235	59.933333	2.391304
644	46.187651	8.473936	0.111235	59.933333	2.226537
645	46.198359	8.528631	0.000000	59.933333	2.226775
646	46.196911	8.459567	0.111235	59.933333	2.207168
647	46.185350	8.464272	0.111235	59.933333	2.211097
648	46.186677	8.493020	0.000000	59.933333	2.205175
649	46.190792	8.479104	0.000000	59.933333	2.290692
650	46.185690	8.428530	0.111235	59.933333	2.200193
651	46.182594	8.465729	0.111235	59.933333	2.296057
652	46.186495	8.437876	0.111235	59.933333	2.297134
653	46.182746	8.385817	0.111235	59.933333	2.206648
654	46.174598	8.450209	0.000000	59.933333	2.221921
655	46.171752	8.546794	0.111235	59.933333	2.212413
656	46.170503	8.454680	0.111235	59.933333	2.304748
657	46.181864	8.434514	0.111235	59.933333	2.298915
658	46.179193	8.486252	0.111235	59.933333	2.211725
659	46.168923	8.429556	0.111235	59.933333	2.212493
660	46.177992	8.538509	0.111235	59.933333	2.308320
661	46.164328	8.545219	0.111235	59.933333	2.214783
662	46.173531	8.488985	0.000000	59.933333	2.196675
663	46.162128	8.495712	0.000000	59.933333	2.287476
664	46.162450	8.444548	0.000000	59.933333	2.203240
665	46.168661	8.470045	0.000000	59.933333	2.205611
666	46.169546	8.390562	0.111235	59.933333	2.220619
667	46.173096	8.508530	0.000000	59.933333	2.394003
668	46.178180	8.484321	0.111235	59.933333	2.211644
669	46.170473	8.431861	0.111235	59.933333	2.482523
670	46.165043	8.474126	0.111235	59.933333	2.319049
671	46.176195	8.503258	0.111235	59.933333	2.292439
672	46.164608	8.610478	0.111235	59.933333	2.315201
673	46.161562	8.604106	0.111235	59.933333	2.231790
674	46.164590	8.603129	0.111235	59.933333	2.212973
675	46.171400	8.604575	0.111235	59.933333	2.209293
676	46.168786	8.609448	0.111235	59.933333	2.203325
677	46.172538	8.564077	0.111235	59.933333	2.199160
678	46.171111	8.564953	0.111235	59.933333	2.282681
679	46.173257	8.599087	0.111235	59.933333	2.304622
680	46.175623	8.634878	0.111235	59.933333	2.209548
681	46.170813	8.556185	0.111235	59.933333	2.212590
682	46.162310	8.627432	0.111235	59.933333	2.210047
683	46.170354	8.598907	0.111235	59.933333	2.309512
684	46.177286	8.633667	0.111235	59.933333	2.305518
685	46.170747	8.608231	0.111235	59.933333	2.377786
686	46.169004	8.548394	0.111235	59.933333	2.306109
687	46.171165	8.567209	0.111235	59.933333	2.395322
688	46.187434	8.665825	0.111235	59.933333	2.292491
689	46.187878	8.632578	0.111235	59.933333	2.211337
690	46.179551	8.654815	0.111235	59.933333	2.205238
691	46.168935	8.615555	0.000000	59.933333	2.219171
692	46.184546	8.607656	0.111235	59.933333	2.229512
693	46.178007	8.663301	0.111235	59.933333	2.219220
694	46.184772	8.593910	0.111235	59.933333	2.300740
695	46.178734	8.611111	0.111235	59.933333	2.300801
696	46.184814	8.627233	0.111235	59.933333	2.219516
697	46.339959	8.615761	0.111235	59.933333	2.216224
698	46.362847	8.622494	0.111235	59.933333	2.205220
699	46.375623	8.652178	0.111235	59.933333	2.384285
700	46.377045	8.612827	0.111235	59.933333	2.225556
701	46.380675	8.614380	0.111235	59.933333	2.312454
702	46.382254	8.661085	0.111235	59.933333	2.296984
703	46.384710	8.660865	0.111235	59.933333	2.203798
704	46.387267	8.617374	0.111235	59.933333	2.209852
705	46.391952	8.625164	0.111235	59.933333	2.211350
706	46.385595	8.577887	0.111235	59.933333	2.204695
707	46.389049	8.643129	0.111235	59.933333	2.202927
708	46.391326	8.646848	0.111235	59.933333	2.205603
709	46.392280	8.660118	0.111235	59.933333	2.204877
710	46.393782	8.630925	0.111235	59.933333	2.206381
711	46.391195	8.632812	0.111235	59.933333	2.211957
712	46.386406	8.647742	0.111235	59.933333	2.202247
713	46.397766	8.665847	0.111235	59.933333	2.303992
714	46.396282	8.623842	0.111235	59.933333	2.208194
715	46.399805	8.616327	0.111235	59.933333	2.208394
716	46.397629	8.596615	0.111235	59.933333	2.202290
717	46.398214	8.603002	0.111235	59.933333	2.375222
718	46.397692	8.623434	0.111235	59.933333	2.211998
719	46.395725	8.611770	0.111235	59.933333	2.219763
720	46.393269	8.633702	0.111235	59.933333	2.211792
721	46.403551	8.653292	0.111235	59.933333	2.376415
722	46.400338	8.635513	0.111235	59.933333	2.232826
723	46.402717	8.622455	0.111235	59.933333	2.322291
724	46.403360	8.638062	0.111235	59.933333	2.479298
725	46.399438	8.634900	0.111235	59.933333	2.206166
726	46.399957	8.642819	0.111235	59.933333	2.323197
727	46.400395	8.610835	0.111235	59.933333	2.293568
728	46.401587	8.643665	0.111235	59.933333	2.299016
729	46.407157	8.653060	0.111235	59.933333	2.205985
730	46.403563	8.649144	0.111235	59.933333	2.213062
731	46.404701	8.642147	0.111235	59.933333	2.302245
732	46.408892	8.617863	0.111235	59.933333	2.203837
733	46.403855	8.653475	0.111235	59.933333	2.302562
734	46.406990	8.675334	0.111235	59.933333	2.206391
735	46.403688	8.648708	0.111235	59.933333	2.298193
736	46.404332	8.659166	0.111235	59.933333	2.214314
737	46.405083	8.662432	0.111235	59.933333	2.213326
738	46.405613	8.615875	0.111235	59.933333	2.409883
739	46.410632	8.632624	0.111235	59.933333	2.206206
740	46.405095	8.661232	0.111235	59.933333	2.213077
741	46.411520	8.646688	0.111235	59.933333	2.203220
742	46.403947	8.597204	0.111235	59.933333	2.310813
743	46.408525	8.616645	0.111235	59.933333	2.215703
744	46.405882	8.637103	0.111235	59.933333	2.215100
745	46.409398	8.628075	0.111235	59.933333	2.198114
746	46.406144	8.669500	0.111235	59.933333	2.311506
747	46.408767	8.686774	0.111235	59.933333	2.300681
748	46.411765	8.648237	0.111235	59.933333	2.307379
749	46.409446	8.619831	0.111235	59.933333	2.215814
750	46.412271	8.632178	0.111235	59.933333	2.205014
751	46.407145	8.686836	0.111235	59.933333	2.208110
752	46.407467	8.646367	0.111235	59.933333	2.497574
753	46.406877	8.628971	0.000000	59.933333	2.218047
754	46.406609	8.666151	0.111235	59.933333	2.226662
755	46.404248	8.643959	0.000000	59.933333	2.287460
756	46.408486	8.634815	0.000000	59.933333	2.193481
757	46.402496	8.616298	0.111235	59.933333	2.201166
758	46.407562	8.657337	0.111235	59.933333	2.298670
759	46.412387	8.654398	0.111235	59.933333	2.202343
760	46.415010	8.668237	0.111235	59.933333	2.291126
761	46.410239	8.667852	0.000000	59.933333	2.310185
762	46.415633	8.661663	0.000000	59.933333	2.203829
763	46.416518	8.664458	0.111235	59.933333	2.213438
764	46.412969	8.721229	0.000000	59.933333	2.213655
765	46.413359	8.694748	0.000000	59.933333	2.420876
766	46.411884	8.670808	0.111235	59.933333	2.195574
767	46.414867	8.684243	0.000000	59.933333	2.401096
768	46.411297	8.740311	0.000000	59.933333	2.311465
769	46.407473	8.711954	0.000000	59.933333	2.206727
770	46.409935	8.688027	0.111235	59.933333	2.199364
771	46.412307	8.717195	0.000000	59.933333	2.299095
772	46.412420	8.743017	0.000000	59.933333	2.218915
773	46.417052	8.732386	0.000000	59.933333	2.203372
774	46.419975	8.732751	0.000000	59.933333	2.202686
775	46.421120	8.679837	0.000000	59.933333	2.295469
776	46.424121	8.664143	0.000000	59.933333	2.207096
777	46.417654	8.660924	0.000000	59.933333	2.215333
778	46.414918	8.642987	0.000000	59.933333	2.212665
779	46.415019	8.609553	0.111235	59.933333	2.311701
780	46.414721	8.588153	0.000000	59.933333	2.488762
781	46.417212	8.602279	0.111235	59.933333	2.216488
782	46.412706	8.636535	0.111235	59.933333	2.308687
783	46.415579	8.670630	0.000000	59.933333	2.501150
784	46.416357	8.634408	0.000000	59.933333	2.204964
785	46.418732	8.656008	0.111235	59.933333	2.307222
786	46.415356	8.665349	0.000000	59.933333	2.305990
787	46.412995	8.676574	0.111235	59.933333	2.201049
788	46.419236	8.684711	0.111235	59.933333	2.213900
789	46.413979	8.696900	0.111235	59.933333	2.202257
790	46.417022	8.691768	0.111235	59.933333	2.205792
791	46.417251	8.665340	0.111235	59.933333	2.208910
792	46.422166	8.706059	0.000000	59.933333	2.202478
793	46.421790	8.693334	0.111235	59.933333	2.207627
794	46.418998	8.725754	0.111235	59.933333	2.203200
795	46.420005	8.688367	0.111235	59.933333	2.204818
796	46.420991	8.670738	0.000000	59.933333	2.207546
797	46.418855	8.676554	0.000000	59.933333	2.322638
798	46.411186	8.664346	0.111235	59.933333	2.310399
799	46.417618	8.649460	0.111235	59.933333	2.215834
800	46.417949	8.671843	0.111235	59.933333	2.195594
801	46.420515	8.688542	0.111235	59.933333	2.287590
802	46.414271	8.657767	0.111235	59.933333	2.196006
803	46.418643	8.681148	0.000000	59.933333	2.215732
804	46.419224	8.606090	0.222469	59.933333	2.205293
805	46.415484	8.629540	0.111235	59.933333	2.209940
806	46.419591	8.642765	0.000000	59.933333	2.412382
807	46.413338	8.643524	0.111235	59.933333	2.381771
808	46.420348	8.646945	0.000000	59.933333	2.213425
809	46.416324	8.678978	0.000000	59.933333	2.312548
810	46.411484	8.684125	0.000000	59.933333	2.501156
811	46.415174	8.681229	0.000000	59.933333	2.212091
812	46.417436	8.709857	0.111235	59.933333	2.321673
813	46.420991	8.729847	0.111235	59.933333	2.316462
814	46.416277	8.710153	0.000000	59.933333	2.214405
815	46.421242	8.715950	0.000000	59.933333	2.219351
816	46.419409	8.724268	0.111235	59.933333	2.223023
817	46.423700	8.700679	0.111235	59.933333	2.220653
818	46.427542	8.688145	0.000000	59.933333	2.319687
819	46.421778	8.706389	0.000000	59.933333	2.308701
820	46.420720	8.746503	0.000000	59.933333	2.297788
821	46.423727	8.749128	0.000000	59.933333	2.215384
822	46.422309	8.689907	0.111235	59.933333	2.207252
823	46.420699	8.748590	0.000000	59.933333	2.207491
824	46.420166	8.727746	0.000000	59.933333	2.426068
825	46.426040	8.728974	0.111235	59.933333	2.295280
826	46.422446	8.733686	0.111235	59.933333	2.205357
827	46.425861	8.693270	0.111235	59.933333	2.302230
828	46.422571	8.695134	0.111235	59.933333	2.202777
829	46.427703	8.706899	0.111235	59.933333	2.211666
830	46.421182	8.684012	0.111235	59.933333	2.218399
831	46.421733	8.701143	0.111235	59.933333	2.202199
832	46.422502	8.702856	0.111235	59.933333	2.207128
833	46.421391	8.728323	0.111235	59.933333	2.207988
834	46.417454	8.733515	0.000000	59.933333	2.210510
835	46.420312	8.774668	0.000000	59.933333	2.208575
836	46.420872	8.748973	0.000000	59.933333	2.212553
837	46.425879	8.772296	0.000000	59.933333	2.234161
838	46.429193	8.761231	0.000000	59.933333	2.231432
839	46.425515	8.776981	0.000000	59.933333	2.221782
840	46.432886	8.757522	0.000000	59.933333	2.210099
841	46.432608	8.732253	0.111235	59.933333	2.301522
842	46.433493	8.752212	0.000000	59.933333	2.301552
843	46.426034	8.727635	0.000000	59.933333	2.209748
844	46.428221	8.704522	0.111235	59.933333	2.204568
845	46.426725	8.719219	0.000000	59.933333	2.291461
846	46.427715	8.732925	0.000000	59.933333	2.317525
847	46.430343	8.684635	0.000000	59.933333	2.202923
848	46.429631	8.682728	0.000000	59.933333	2.294188
849	46.426320	8.701797	0.111235	59.933333	2.210428
850	46.428657	8.724702	0.000000	59.933333	2.203913
851	46.429914	8.724887	0.000000	59.933333	2.309000
852	46.432459	8.753259	0.000000	59.933333	2.214485
853	46.431354	8.748153	0.000000	59.933333	2.205458
854	46.431518	8.740366	0.000000	59.933333	2.196177
855	46.426016	8.738370	0.000000	59.933333	2.195841
856	46.431613	8.756998	0.000000	59.933333	2.220410
857	46.431670	8.704591	0.000000	59.933333	2.224642
858	46.427444	8.719135	0.000000	59.933333	2.204021
859	46.428192	8.703055	0.000000	59.933333	2.201703
860	46.427584	8.711494	0.000000	59.933333	2.206365
861	46.426415	8.691994	0.000000	59.933333	2.205401
862	46.423143	8.707087	0.000000	59.933333	2.196394
863	46.420896	8.718943	0.111235	59.933333	2.202391
864	46.426994	8.754693	0.111235	59.933333	2.206830
865	46.426666	8.720884	0.111235	59.933333	2.313466
866	46.424627	8.712051	0.111235	59.933333	2.202210
867	46.424532	8.732170	0.111235	59.933333	2.298332
868	46.424073	8.715058	0.111235	59.933333	2.377016
869	46.428531	8.702357	0.111235	59.933333	2.301757
870	46.428853	8.643782	0.111235	59.933333	2.203493
871	46.423948	8.665519	0.111235	59.933333	2.207014
872	46.431768	8.688838	0.111235	59.933333	2.303841
873	46.425623	8.680987	0.111235	59.933333	2.213110
874	46.427172	8.720845	0.000000	59.933333	2.213157
875	46.421361	8.697460	0.111235	59.933333	2.224320
876	46.422851	8.726118	0.111235	59.933333	2.210407
877	46.424937	8.754595	0.111235	59.933333	2.387362
878	46.427831	8.744681	0.111235	59.933333	2.209193
879	46.423662	8.708825	0.111235	59.933333	2.213885
880	46.425015	8.737381	0.111235	59.933333	2.216946
881	46.425974	8.708570	0.111235	59.933333	2.299988
882	46.421352	8.712659	0.111235	59.933333	2.309370
883	46.422666	8.718533	0.111235	59.933333	2.213144
884	46.419740	8.745307	0.111235	59.933333	2.210526
885	46.423000	8.730927	0.111235	59.933333	2.202062
886	46.423259	8.743283	0.111235	59.933333	2.204972
887	46.425802	8.755459	0.111235	59.933333	2.296826
888	46.425879	8.763824	0.111235	59.933333	2.202719
889	46.431738	8.761794	0.111235	59.933333	2.217875
890	46.434045	8.761780	0.111235	59.933333	2.210042
891	46.433365	8.762256	0.111235	59.933333	2.400791
892	46.433419	8.775300	0.111235	59.933333	2.301512
893	46.436325	8.714965	0.111235	59.933333	2.306147
894	46.429244	8.765954	0.111235	59.933333	2.295235
895	46.428239	8.762895	0.111235	59.933333	2.210305
896	46.431297	8.778212	0.111235	59.933333	2.209016
897	46.435821	8.781731	0.111235	59.933333	2.295861
898	46.441680	8.761433	0.111235	59.933333	2.199673
899	46.442658	8.749030	0.111235	59.933333	2.197891
900	46.436095	8.747473	0.111235	59.933333	2.314057
901	46.438482	8.736453	0.111235	59.933333	2.298082
902	46.435255	8.752903	0.111235	59.933333	2.212203
903	46.440548	8.754284	0.111235	59.933333	2.212123
904	46.434861	8.710934	0.111235	59.933333	2.221662
905	46.438724	8.673513	0.111235	59.933333	2.212413
906	46.434349	8.701363	0.111235	59.933333	2.211407
907	46.437967	8.718516	0.111235	59.933333	2.206796
908	46.438470	8.719153	0.111235	59.933333	2.196899
909	46.442038	8.691493	0.111235	59.933333	2.288042
910	46.445760	8.742925	0.111235	59.933333	2.203159
911	46.444327	8.722608	0.000000	59.933333	2.200415
912	46.442065	8.718612	0.000000	59.933333	2.217683
913	46.441418	8.739760	0.111235	59.933333	2.212409
914	46.437827	8.729793	0.111235	59.933333	2.212584
915	46.433628	8.710082	0.111235	59.933333	2.400154
916	46.440589	8.718181	0.111235	59.933333	2.311529
917	46.444887	8.746846	0.111235	59.933333	2.302538
918	46.443766	8.763353	0.111235	59.933333	2.206503
919	46.442395	8.738683	0.111235	59.933333	2.201870
920	46.444729	8.745334	0.111235	59.933333	2.314459
921	46.445036	8.739097	0.111235	59.933333	2.214101
922	46.434224	8.763098	0.111235	59.933333	2.200060
923	46.438047	8.744172	0.111235	59.933333	2.195620
924	46.437275	8.783871	0.111235	59.933333	2.286854
925	46.440813	8.770771	0.111235	59.933333	2.289398
926	46.447602	8.791623	0.111235	59.933333	2.219911
927	46.445543	8.780006	0.111235	59.933333	2.219406
928	46.440065	8.761561	0.111235	59.933333	2.215487
929	46.437457	8.731345	0.111235	59.933333	2.315679
930	46.435934	8.759733	0.111235	59.933333	2.297501
931	46.442950	8.748396	0.000000	59.933333	2.202627
932	46.445990	8.750211	0.111235	59.933333	2.213146
933	46.446061	8.763442	0.000000	59.933333	2.294465
934	46.445057	8.770499	0.111235	59.933333	2.290231
935	46.443927	8.755579	0.111235	59.933333	2.203590
936	46.445674	8.766235	0.111235	59.933333	2.205028
937	46.443179	8.730587	0.111235	59.933333	2.220294
938	46.444631	8.677028	0.000000	59.933333	2.215393
939	46.443579	8.690848	0.000000	59.933333	2.210798
940	46.444124	8.729325	0.111235	59.933333	2.201804
941	46.443650	8.752475	0.111235	59.933333	2.206872
942	46.442884	8.761878	0.111235	59.933333	2.306195
943	46.442032	8.767065	0.000000	59.933333	2.209082
944	46.444142	8.762423	0.000000	59.933333	2.205085
945	46.442652	8.787910	0.111235	59.933333	2.192020
946	46.442011	8.780018	0.111235	59.933333	2.307104
947	46.443865	8.783832	0.000000	59.933333	2.298832
948	46.447027	8.798079	0.111235	59.933333	2.286412
949	46.445826	8.829703	0.111235	59.933333	2.307555
950	46.443480	8.836566	0.111235	59.933333	2.227511
951	46.445316	8.818916	0.111235	59.933333	2.220843
952	46.444809	8.827841	0.111235	59.933333	2.218748
953	46.447501	8.794079	0.111235	59.933333	2.308428
954	46.441975	8.784186	0.000000	59.933333	2.218229
955	46.444938	8.815571	0.000000	59.933333	2.240150
956	46.442485	8.812659	0.000000	59.933333	2.222807
957	46.444923	8.799059	0.000000	59.933333	2.208625
958	46.443254	8.765228	0.000000	59.933333	2.200206
959	46.439096	8.747010	0.000000	59.933333	2.208271
960	46.444306	8.784873	0.000000	59.933333	2.227365
961	46.437791	8.801821	0.000000	59.933333	2.206252
962	46.442586	8.754438	0.000000	59.933333	2.304789
963	46.442193	8.760091	0.000000	59.933333	2.212567
964	46.436781	8.770365	0.000000	59.933333	2.209517
965	46.437120	8.783243	0.000000	59.933333	2.205291
966	46.438932	8.775963	0.000000	59.933333	2.199996
967	46.441898	8.734525	0.000000	59.933333	2.203427
968	46.442649	8.773176	0.000000	59.933333	2.307969
969	46.434644	8.731513	0.000000	59.933333	2.291018
970	46.438709	8.792811	0.111235	59.933333	2.207483
971	46.438855	8.748691	0.111235	59.933333	2.214963
972	46.447572	8.793531	0.000000	59.933333	2.209622
973	46.441096	8.817113	0.111235	59.933333	2.300458
974	46.434951	8.794512	0.111235	59.933333	2.286321
975	46.437153	8.819669	0.111235	59.933333	2.212271
976	46.435297	8.828931	0.111235	59.933333	2.212616
977	46.434587	8.786078	0.111235	59.933333	2.078252
978	46.473080	8.777582	0.111235	59.933333	2.005849
979	46.475375	8.778335	0.111235	59.933333	2.005154
980	46.475387	8.779857	0.111235	59.933333	2.010642
981	46.475810	8.782082	0.111235	59.933333	2.000441
982	46.475679	8.782964	0.111235	59.933333	2.004736
983	46.475640	8.783218	0.111235	59.933333	2.005610
984	46.475643	8.782813	0.111235	59.933333	1.996848
985	46.475652	8.783389	0.111235	59.933333	2.078722
986	46.475652	8.783389	0.111235	59.933333	2.101794
987	46.475652	8.783389	0.111235	59.933333	2.152016
988	46.475652	8.783389	0.111235	59.933333	2.016388
989	46.475652	8.783389	0.111235	59.933333	2.005131
990	46.475652	8.783389	0.111235	59.933333	2.012346
991	46.475652	8.783389	0.111235	59.933333	1.992023
992	46.475652	8.783389	0.111235	59.933333	2.006058
993	46.475652	8.783389	0.111235	59.933333	1.981980
994	46.475652	8.783389	0.111235	59.933333	1.995508
995	46.475652	8.783389	0.111235	59.933333	2.086684
996	46.475652	8.783389	0.111235	59.933333	2.108266
997	46.475652	8.783389	0.111235	59.933333	1.997986
998	46.475652	8.783389	0.111235	59.933333	2.004502
999	46.475652	8.783389	0.111235	59.933333	1.986472
1000	46.475652	8.783389	0.111235	59.933333	1.997498
1001	46.475652	8.783389	0.111235	59.933333	1.989141
1002	46.475652	8.783389	0.111235	59.933333	2.112171
1003	46.475652	8.783389	0.111235	59.933333	2.093418
1004	46.475652	8.783389	0.111235	59.933333	1.989431
1005	46.475652	8.783389	0.111235	59.933333	2.012901
1006	46.475652	8.783389	0.111235	59.933333	2.009312
1007	46.475652	8.783389	0.111235	59.933333	2.090144
1008	46.475652	8.783389	0.111235	59.933333	2.109302
1009	46.475652	8.783389	0.111235	59.933333	2.012892
1010	46.475652	8.783389	0.111235	59.933333	2.005668
1011	46.475652	8.783389	0.111235	59.933333	2.001238
1012	46.475652	8.783389	0.111235	59.933333	2.004292
1013	46.475652	8.783389	0.111235	59.933333	2.005056
1014	46.475652	8.783389	0.111235	59.933333	2.003652
1015	46.475652	8.783389	0.111235	59.933333	2.010895
1016	46.475652	8.783389	0.111235	59.933333	1.999297
1017	46.475652	8.783389	0.111235	59.933333	2.010715
1018	46.475652	8.783389	0.111235	59.933333	1.996685
1019	46.475652	8.783389	0.111235	59.933333	1.993229
1020	46.475652	8.783389	0.111235	59.933333	2.090513
1021	46.475652	8.783389	0.111235	59.933333	1.986422
1022	46.475652	8.783389	0.111235	59.933333	2.008209
1023	46.475652	8.783389	0.111235	59.933333	2.086164
1024	46.475652	8.783389	0.111235	59.933333	2.095124
1025	46.475652	8.783389	0.111235	59.933333	2.102464
1026	46.475652	8.783389	0.111235	59.933333	1.999044
1027	46.475652	8.783389	0.111235	59.933333	1.988652
1028	46.475652	8.783389	0.111235	59.933333	1.989938
1029	46.475652	8.783389	0.111235	59.933333	1.995175
1030	46.475652	8.783389	0.111235	59.933333	2.009512
1031	46.475652	8.783389	0.111235	59.933333	2.001381
